<?xml version="1.0" encoding="UTF-8"?>
<testsuite name="net.corda.samples.reissuance.IssueDemoAppTokensTest" tests="2" skipped="0" failures="0" errors="0" timestamp="2020-10-07T10:44:41" hostname="19DUB-MAC01.local" time="6.926">
  <properties/>
  <testcase name="Issued tokens are in holder's vault" classname="net.corda.samples.reissuance.IssueDemoAppTokensTest" time="3.675"/>
  <testcase name="Initially there are no tokens in holder's vault" classname="net.corda.samples.reissuance.IssueDemoAppTokensTest" time="3.251"/>
  <system-out><![CDATA[?[37m[INFO] 11:44:41,991 [Test worker] persistence.CordaPersistence. - Closing HikariDataSource (HikariPool-50)
?[m?[37m[INFO] 11:44:41,991 [Test worker] hikari.HikariDataSource. - HikariPool-50 - Shutdown initiated...
?[m?[37m[INFO] 11:44:41,991 [Test worker] hikari.HikariDataSource. - HikariPool-50 - Shutdown completed.
?[m?[37m[INFO] 11:44:42,042 [Test worker] cordapp.JarScanningCordappLoader. - Looking for CorDapps in [build/mock-network/20201007-104441.993/nodes/0/cordapps]
?[m?[37m[INFO] 11:44:42,043 [Test worker] cordapp.JarScanningCordappLoader. - Loading CorDapps from RestrictedURL(url=file:/Users/agnieszkaszczepanska/workspace/reissue-sample-cordapp/workflows/build/mock-network/20201007-104441.993/nodes/0/cordapps/accounts-contracts-1.0.jar, rootPackageName=null), RestrictedURL(url=file:/Users/agnieszkaszczepanska/workspace/reissue-sample-cordapp/workflows/build/mock-network/20201007-104441.993/nodes/0/cordapps/accounts-workflows-1.0.jar, rootPackageName=null), RestrictedURL(url=file:/Users/agnieszkaszczepanska/workspace/reissue-sample-cordapp/workflows/build/mock-network/20201007-104441.993/nodes/0/cordapps/reissuance-cordapp-contracts-1.0-SNAPSHOT.jar, rootPackageName=null), RestrictedURL(url=file:/Users/agnieszkaszczepanska/workspace/reissue-sample-cordapp/workflows/build/mock-network/20201007-104441.993/nodes/0/cordapps/workflows.jar, rootPackageName=null), RestrictedURL(url=file:/Users/agnieszkaszczepanska/workspace/reissue-sample-cordapp/workflows/build/mock-network/20201007-104441.993/nodes/0/cordapps/reissuance-cordapp-workflows-1.0-SNAPSHOT.jar, rootPackageName=null), RestrictedURL(url=file:/Users/agnieszkaszczepanska/workspace/reissue-sample-cordapp/workflows/build/mock-network/20201007-104441.993/nodes/0/cordapps/ci-workflows-1.0.jar, rootPackageName=null), RestrictedURL(url=file:/Users/agnieszkaszczepanska/workspace/reissue-sample-cordapp/workflows/build/mock-network/20201007-104441.993/nodes/0/cordapps/tokens-contracts-1.2.jar, rootPackageName=null), RestrictedURL(url=file:/Users/agnieszkaszczepanska/workspace/reissue-sample-cordapp/workflows/build/mock-network/20201007-104441.993/nodes/0/cordapps/tokens-workflows-1.2.jar, rootPackageName=null), RestrictedURL(url=file:/Users/agnieszkaszczepanska/workspace/reissue-sample-cordapp/workflows/build/mock-network/20201007-104441.993/nodes/0/cordapps/ledger-graph-1.2-SNAPSHOT.jar, rootPackageName=null)
?[m?[37m[INFO] 11:44:42,043 [Test worker] cordapp.JarScanningCordappLoader. - Scanning CorDapp in file:/Users/agnieszkaszczepanska/workspace/reissue-sample-cordapp/workflows/build/mock-network/20201007-104441.993/nodes/0/cordapps/accounts-contracts-1.0.jar
?[m?[37m[INFO] 11:44:42,048 [Test worker] cordapp.JarScanningCordappLoader. - Scanning CorDapp in file:/Users/agnieszkaszczepanska/workspace/reissue-sample-cordapp/workflows/build/mock-network/20201007-104441.993/nodes/0/cordapps/accounts-workflows-1.0.jar
?[m?[37m[INFO] 11:44:42,053 [Test worker] cordapp.JarScanningCordappLoader. - Scanning CorDapp in file:/Users/agnieszkaszczepanska/workspace/reissue-sample-cordapp/workflows/build/mock-network/20201007-104441.993/nodes/0/cordapps/reissuance-cordapp-contracts-1.0-SNAPSHOT.jar
?[m?[37m[INFO] 11:44:42,058 [Test worker] cordapp.JarScanningCordappLoader. - Scanning CorDapp in file:/Users/agnieszkaszczepanska/workspace/reissue-sample-cordapp/workflows/build/mock-network/20201007-104441.993/nodes/0/cordapps/workflows.jar
?[m?[37m[INFO] 11:44:42,061 [Test worker] cordapp.JarScanningCordappLoader. - Scanning CorDapp in file:/Users/agnieszkaszczepanska/workspace/reissue-sample-cordapp/workflows/build/mock-network/20201007-104441.993/nodes/0/cordapps/reissuance-cordapp-workflows-1.0-SNAPSHOT.jar
?[m?[37m[INFO] 11:44:42,066 [Test worker] cordapp.JarScanningCordappLoader. - Scanning CorDapp in file:/Users/agnieszkaszczepanska/workspace/reissue-sample-cordapp/workflows/build/mock-network/20201007-104441.993/nodes/0/cordapps/ci-workflows-1.0.jar
?[m?[37m[INFO] 11:44:42,069 [Test worker] cordapp.JarScanningCordappLoader. - Scanning CorDapp in file:/Users/agnieszkaszczepanska/workspace/reissue-sample-cordapp/workflows/build/mock-network/20201007-104441.993/nodes/0/cordapps/tokens-contracts-1.2.jar
?[m?[37m[INFO] 11:44:42,073 [Test worker] cordapp.JarScanningCordappLoader. - Scanning CorDapp in file:/Users/agnieszkaszczepanska/workspace/reissue-sample-cordapp/workflows/build/mock-network/20201007-104441.993/nodes/0/cordapps/tokens-workflows-1.2.jar
?[m?[37m[INFO] 11:44:42,086 [Test worker] cordapp.JarScanningCordappLoader. - Scanning CorDapp in file:/Users/agnieszkaszczepanska/workspace/reissue-sample-cordapp/workflows/build/mock-network/20201007-104441.993/nodes/0/cordapps/ledger-graph-1.2-SNAPSHOT.jar
?[m?[37m[INFO] 11:44:42,114 [Test worker] internal.InternalMockNetwork$MockNode. - MessagingService active change to: false
?[m?[37m[INFO] 11:44:42,116 [Test worker] internal.InternalMockNetwork$MockNode. - Flow external operation executor has a max of 2 threads
?[m?[37m[INFO] 11:44:42,117 [Test worker] internal.InternalMockNetwork$MockNode. - Node starting up ...
?[m?[37m[INFO] 11:44:42,120 [Test worker] internal.NodeFlowManager. - Registered com.r3.corda.lib.accounts.workflows.flows.ShareStateAndSyncAccounts to initiate com.r3.corda.lib.accounts.workflows.flows.ReceiveStateAndSyncAccounts (version 1)
?[m?[37m[INFO] 11:44:42,120 [Test worker] internal.NodeFlowManager. - Registered com.r3.corda.lib.accounts.workflows.flows.ShareStateWithAccount to initiate com.r3.corda.lib.accounts.workflows.flows.ReceiveStateForAccount (version 1)
?[m?[37m[INFO] 11:44:42,120 [Test worker] internal.NodeFlowManager. - Registered com.r3.corda.lib.accounts.workflows.flows.RequestAccountInfo to initiate com.r3.corda.lib.accounts.workflows.flows.RequestAccountInfoHandler (version 1)
?[m?[37m[INFO] 11:44:42,120 [Test worker] internal.NodeFlowManager. - Registered com.r3.corda.lib.accounts.workflows.flows.RequestKeyForAccount to initiate com.r3.corda.lib.accounts.workflows.flows.SendKeyForAccount (version 1)
?[m?[37m[INFO] 11:44:42,120 [Test worker] internal.NodeFlowManager. - Registered com.r3.corda.lib.accounts.workflows.flows.ShareAccountInfo to initiate com.r3.corda.lib.accounts.workflows.flows.ShareAccountInfoHandler (version 1)
?[m?[37m[INFO] 11:44:42,120 [Test worker] internal.NodeFlowManager. - Registered net.corda.samples.reissuance.IssueDemoAppTokens to initiate net.corda.samples.reissuance.IssueDemoAppTokensResponder (version 1)
?[m?[37m[INFO] 11:44:42,120 [Test worker] internal.NodeFlowManager. - Registered net.corda.samples.reissuance.MoveDemoAppTokens to initiate net.corda.samples.reissuance.MoveDemoAppTokensResponder (version 1)
?[m?[37m[INFO] 11:44:42,120 [Test worker] internal.NodeFlowManager. - Registered net.corda.samples.reissuance.RedeemDemoAppTokens to initiate net.corda.samples.reissuance.RedeemDemoAppTokensResponder (version 1)
?[m?[37m[INFO] 11:44:42,120 [Test worker] internal.NodeFlowManager. - Registered com.r3.corda.lib.reissuance.flows.DeleteReIssuedStatesAndLock to initiate com.r3.corda.lib.reissuance.flows.DeleteReIssuedStatesAndLockResponder (version 1)
?[m?[37m[INFO] 11:44:42,120 [Test worker] internal.NodeFlowManager. - Registered com.r3.corda.lib.reissuance.flows.ReIssueStates to initiate com.r3.corda.lib.reissuance.flows.ReIssueStatesResponder (version 1)
?[m?[37m[INFO] 11:44:42,120 [Test worker] internal.NodeFlowManager. - Registered com.r3.corda.lib.reissuance.flows.RequestReIssuanceAndShareRequiredTransactions to initiate com.r3.corda.lib.reissuance.flows.ReceiveSignedTransaction (version 1)
?[m?[37m[INFO] 11:44:42,120 [Test worker] internal.NodeFlowManager. - Registered com.r3.corda.lib.reissuance.flows.RejectReIssuanceRequest to initiate com.r3.corda.lib.reissuance.flows.RejectReIssuanceRequestResponder (version 1)
?[m?[37m[INFO] 11:44:42,120 [Test worker] internal.NodeFlowManager. - Registered com.r3.corda.lib.reissuance.flows.RequestReIssuance to initiate com.r3.corda.lib.reissuance.flows.RequestReIssuanceResponder (version 1)
?[m?[37m[INFO] 11:44:42,120 [Test worker] internal.NodeFlowManager. - Registered com.r3.corda.lib.reissuance.flows.UnlockReIssuedStates to initiate com.r3.corda.lib.reissuance.flows.UnlockReIssuedStatesResponder (version 1)
?[m?[37m[INFO] 11:44:42,120 [Test worker] internal.NodeFlowManager. - Registered com.r3.corda.lib.reissuance.flows.example.dummyStateRequiringAcceptance.CreateDummyStateRequiringAcceptance to initiate com.r3.corda.lib.reissuance.flows.example.dummyStateRequiringAcceptance.CreateDummyStateRequiringAcceptanceResponder (version 1)
?[m?[37m[INFO] 11:44:42,120 [Test worker] internal.NodeFlowManager. - Registered com.r3.corda.lib.reissuance.flows.example.dummyStateRequiringAcceptance.DeleteDummyStateRequiringAcceptance to initiate com.r3.corda.lib.reissuance.flows.example.dummyStateRequiringAcceptance.DeleteDummyStateRequiringAcceptanceResponder (version 1)
?[m?[37m[INFO] 11:44:42,120 [Test worker] internal.NodeFlowManager. - Registered com.r3.corda.lib.reissuance.flows.example.dummyStateRequiringAcceptance.UpdateDummyStateRequiringAcceptance to initiate com.r3.corda.lib.reissuance.flows.example.dummyStateRequiringAcceptance.UpdateDummyStateRequiringAcceptanceResponder (version 1)
?[m?[37m[INFO] 11:44:42,120 [Test worker] internal.NodeFlowManager. - Registered com.r3.corda.lib.reissuance.flows.example.dummyStateRequiringAllParticipantsSignatures.CreateDummyStateRequiringAllParticipantsSignatures to initiate com.r3.corda.lib.reissuance.flows.example.dummyStateRequiringAllParticipantsSignatures.CreateDummyStateRequiringAllParticipantsSignaturesResponder (version 1)
?[m?[37m[INFO] 11:44:42,120 [Test worker] internal.NodeFlowManager. - Registered com.r3.corda.lib.reissuance.flows.example.dummyStateRequiringAllParticipantsSignatures.DeleteDummyStateRequiringAllParticipantsSignatures to initiate com.r3.corda.lib.reissuance.flows.example.dummyStateRequiringAllParticipantsSignatures.DeleteDummyStateRequiringAllParticipantsSignaturesResponder (version 1)
?[m?[37m[INFO] 11:44:42,120 [Test worker] internal.NodeFlowManager. - Registered com.r3.corda.lib.reissuance.flows.example.dummyStateRequiringAllParticipantsSignatures.UpdateDummyStateRequiringAllParticipantsSignatures to initiate com.r3.corda.lib.reissuance.flows.example.dummyStateRequiringAllParticipantsSignatures.UpdateDummyStateRequiringAllParticipantsSignaturesResponder (version 1)
?[m?[37m[INFO] 11:44:42,120 [Test worker] internal.NodeFlowManager. - Registered com.r3.corda.lib.reissuance.flows.example.dummyStateWithInvalidEqualsMethod.CreateDummyStateWithInvalidEqualsMethod to initiate com.r3.corda.lib.reissuance.flows.example.dummyStateWithInvalidEqualsMethod.CreateDummyStateRequiringAllParticipantsSignaturesResponder (version 1)
?[m?[37m[INFO] 11:44:42,120 [Test worker] internal.NodeFlowManager. - Registered com.r3.corda.lib.reissuance.flows.example.dummyStateWithInvalidEqualsMethod.DeleteDummyStateWithInvalidEqualsMethod to initiate com.r3.corda.lib.reissuance.flows.example.dummyStateWithInvalidEqualsMethod.DeleteDummyStateRequiringAllParticipantsSignaturesResponder (version 1)
?[m?[37m[INFO] 11:44:42,120 [Test worker] internal.NodeFlowManager. - Registered com.r3.corda.lib.reissuance.flows.example.dummyStateWithInvalidEqualsMethod.UpdateDummyStateWithInvalidEqualsMethod to initiate com.r3.corda.lib.reissuance.flows.example.dummyStateWithInvalidEqualsMethod.UpdateDummyStateWithInvalidEqualsMethodResponder (version 1)
?[m?[37m[INFO] 11:44:42,120 [Test worker] internal.NodeFlowManager. - Registered com.r3.corda.lib.reissuance.flows.example.simpleDummyState.CreateSimpleDummyStateForAccount to initiate com.r3.corda.lib.reissuance.flows.example.simpleDummyState.CreateSimpleDummyStateForAccountResponder (version 1)
?[m?[37m[INFO] 11:44:42,120 [Test worker] internal.NodeFlowManager. - Registered com.r3.corda.lib.reissuance.flows.example.simpleDummyState.CreateSimpleDummyState to initiate com.r3.corda.lib.reissuance.flows.example.simpleDummyState.CreateSimpleDummyStateResponder (version 1)
?[m?[37m[INFO] 11:44:42,120 [Test worker] internal.NodeFlowManager. - Registered com.r3.corda.lib.reissuance.flows.example.simpleDummyState.DeleteSimpleDummyStateForAccount to initiate com.r3.corda.lib.reissuance.flows.example.simpleDummyState.DeleteSimpleDummyStateForAccountResponder (version 1)
?[m?[37m[INFO] 11:44:42,120 [Test worker] internal.NodeFlowManager. - Registered com.r3.corda.lib.reissuance.flows.example.simpleDummyState.DeleteSimpleDummyState to initiate com.r3.corda.lib.reissuance.flows.example.simpleDummyState.DeleteSimpleDummyStateResponder (version 1)
?[m?[37m[INFO] 11:44:42,120 [Test worker] internal.NodeFlowManager. - Registered com.r3.corda.lib.reissuance.flows.example.simpleDummyState.UpdateSimpleDummyState to initiate com.r3.corda.lib.reissuance.flows.example.simpleDummyState.SimpleDummyStateResponder (version 1)
?[m?[37m[INFO] 11:44:42,120 [Test worker] internal.NodeFlowManager. - Registered com.r3.corda.lib.reissuance.flows.example.simpleDummyState.UpdateSimpleDummyStateForAccount to initiate com.r3.corda.lib.reissuance.flows.example.simpleDummyState.UpdateSimpleDummyStateForAccountResponder (version 1)
?[m?[37m[INFO] 11:44:42,120 [Test worker] internal.NodeFlowManager. - Registered com.r3.corda.lib.reissuance.flows.example.tokens.IssueTokens to initiate com.r3.corda.lib.reissuance.flows.example.tokens.IssueTokensResponder (version 1)
?[m?[37m[INFO] 11:44:42,120 [Test worker] internal.NodeFlowManager. - Registered com.r3.corda.lib.reissuance.flows.example.tokens.RedeemTokens to initiate com.r3.corda.lib.reissuance.flows.example.tokens.RedeemTokensResponder (version 1)
?[m?[37m[INFO] 11:44:42,120 [Test worker] internal.NodeFlowManager. - Registered com.r3.corda.lib.reissuance.flows.example.tokens.TransferTokens to initiate com.r3.corda.lib.reissuance.flows.example.tokens.TransferTokensResponder (version 1)
?[m?[37m[INFO] 11:44:42,120 [Test worker] internal.NodeFlowManager. - Registered com.r3.corda.lib.ci.workflows.RequestKeyForUUIDInitiator to initiate com.r3.corda.lib.ci.workflows.RequestKeyForUUIDResponder (version 1)
?[m?[37m[INFO] 11:44:42,120 [Test worker] internal.NodeFlowManager. - Registered com.r3.corda.lib.ci.workflows.RequestKey to initiate com.r3.corda.lib.ci.workflows.RequestKeyResponder (version 1)
?[m?[37m[INFO] 11:44:42,120 [Test worker] internal.NodeFlowManager. - Registered com.r3.corda.lib.ci.workflows.SyncKeyMappingInitiator to initiate com.r3.corda.lib.ci.workflows.SyncKeyMappingResponder (version 1)
?[m?[37m[INFO] 11:44:42,120 [Test worker] internal.NodeFlowManager. - Registered com.r3.corda.lib.ci.workflows.VerifyAndAddKey to initiate com.r3.corda.lib.ci.workflows.VerifyAndAddKeyResponder (version 1)
?[m?[37m[INFO] 11:44:42,120 [Test worker] internal.NodeFlowManager. - Registered com.r3.corda.lib.tokens.workflows.flows.rpc.ConfidentialIssueTokens to initiate com.r3.corda.lib.tokens.workflows.flows.rpc.ConfidentialIssueTokensHandler (version 1)
?[m?[37m[INFO] 11:44:42,120 [Test worker] internal.NodeFlowManager. - Registered com.r3.corda.lib.tokens.workflows.flows.rpc.ConfidentialMoveFungibleTokens to initiate com.r3.corda.lib.tokens.workflows.flows.rpc.ConfidentialMoveFungibleTokensHandler (version 1)
?[m?[37m[INFO] 11:44:42,121 [Test worker] internal.NodeFlowManager. - Registered com.r3.corda.lib.tokens.workflows.flows.rpc.ConfidentialMoveNonFungibleTokens to initiate com.r3.corda.lib.tokens.workflows.flows.rpc.ConfidentialMoveNonFungibleTokensHandler (version 1)
?[m?[37m[INFO] 11:44:42,121 [Test worker] internal.NodeFlowManager. - Registered com.r3.corda.lib.tokens.workflows.flows.rpc.ConfidentialRedeemFungibleTokens to initiate com.r3.corda.lib.tokens.workflows.flows.rpc.ConfidentialRedeemFungibleTokensHandler (version 1)
?[m?[37m[INFO] 11:44:42,121 [Test worker] internal.NodeFlowManager. - Registered com.r3.corda.lib.tokens.workflows.flows.rpc.CreateEvolvableTokens to initiate com.r3.corda.lib.tokens.workflows.flows.rpc.CreateEvolvableTokensHandler (version 1)
?[m?[37m[INFO] 11:44:42,121 [Test worker] internal.NodeFlowManager. - Registered com.r3.corda.lib.tokens.workflows.flows.rpc.IssueTokens to initiate com.r3.corda.lib.tokens.workflows.flows.rpc.IssueTokensHandler (version 1)
?[m?[37m[INFO] 11:44:42,121 [Test worker] internal.NodeFlowManager. - Registered com.r3.corda.lib.tokens.workflows.flows.rpc.MoveFungibleTokens to initiate com.r3.corda.lib.tokens.workflows.flows.rpc.MoveFungibleTokensHandler (version 1)
?[m?[37m[INFO] 11:44:42,121 [Test worker] internal.NodeFlowManager. - Registered com.r3.corda.lib.tokens.workflows.flows.rpc.MoveNonFungibleTokens to initiate com.r3.corda.lib.tokens.workflows.flows.rpc.MoveNonFungibleTokensHandler (version 1)
?[m?[37m[INFO] 11:44:42,121 [Test worker] internal.NodeFlowManager. - Registered com.r3.corda.lib.tokens.workflows.flows.rpc.RedeemFungibleTokens to initiate com.r3.corda.lib.tokens.workflows.flows.rpc.RedeemFungibleTokensHandler (version 1)
?[m?[37m[INFO] 11:44:42,121 [Test worker] internal.NodeFlowManager. - Registered com.r3.corda.lib.tokens.workflows.flows.rpc.RedeemNonFungibleTokens to initiate com.r3.corda.lib.tokens.workflows.flows.rpc.RedeemNonFungibleTokensHandler (version 1)
?[m?[37m[INFO] 11:44:42,121 [Test worker] internal.NodeFlowManager. - Registered com.r3.corda.lib.tokens.workflows.flows.rpc.UpdateEvolvableToken to initiate com.r3.corda.lib.tokens.workflows.flows.rpc.UpdateEvolvableTokenHandler (version 1)
?[m?[37m[INFO] 11:44:42,121 [Test worker] internal.NodeFlowManager. - Registered com.r3.corda.lib.tokens.workflows.internal.flows.distribution.RequestAdditionToDistributionList$Initiator to initiate com.r3.corda.lib.tokens.workflows.internal.flows.distribution.RequestAdditionToDistributionList$Responder (version 1)
?[m?[37m[INFO] 11:44:42,121 [Test worker] internal.NodeFlowManager. - Registered com.r3.corda.lib.tokens.workflows.internal.flows.distribution.UpdateDistributionListFlow to initiate com.r3.corda.lib.tokens.workflows.internal.flows.distribution.UpdateDistributionListFlowHandler (version 1)
?[m?[37m[INFO] 11:44:42,121 [Test worker] internal.NodeFlowManager. - Registered com.r3.corda.lib.tokens.workflows.internal.testflows.DvPFlow to initiate com.r3.corda.lib.tokens.workflows.internal.testflows.DvPFlowHandler (version 1)
?[m?[37m[INFO] 11:44:42,126 [Test worker] internal.InternalMockNetwork$MockNode. - Loaded network parameters: NetworkParameters {
      minimumPlatformVersion=4
      notaries=[NotaryInfo(identity=O=Notary Service, L=Zurich, C=CH, validating=false)]
      maxMessageSize=10485760
      maxTransactionSize=524288000
      whitelistedContractImplementations {
        
      }
      eventHorizon=PT720H
      packageOwnership {
        
      }
      modifiedTime=2020-10-07T10:44:41.993Z
      epoch=1
  }
?[m?[37m[INFO] 11:44:42,127 [Test worker] hikari.HikariDataSource. - HikariPool-51 - Starting...
?[m?[37m[INFO] 11:44:42,130 [Test worker] hikari.HikariDataSource. - HikariPool-51 - Start completed.
?[m?[37m[INFO] 11:44:42,329 [Test worker] changelog.StandardChangeLogHistoryService. - Creating database history table with name: PUBLIC.DATABASECHANGELOG
?[m?[37m[INFO] 11:44:42,330 [Test worker] jvm.JdbcExecutor. - CREATE TABLE PUBLIC.DATABASECHANGELOG (ID VARCHAR(255) NOT NULL, AUTHOR VARCHAR(255) NOT NULL, FILENAME VARCHAR(255) NOT NULL, DATEEXECUTED TIMESTAMP NOT NULL, ORDEREXECUTED INT NOT NULL, EXECTYPE VARCHAR(10) NOT NULL, MD5SUM VARCHAR(35), DESCRIPTION VARCHAR(255), COMMENTS VARCHAR(255), TAG VARCHAR(255), LIQUIBASE VARCHAR(20), CONTEXTS VARCHAR(255), LABELS VARCHAR(255), DEPLOYMENT_ID VARCHAR(10))
?[m?[37m[INFO] 11:44:42,330 [Test worker] jvm.JdbcExecutor. - SELECT COUNT(*) FROM PUBLIC.DATABASECHANGELOG
?[m?[37m[INFO] 11:44:42,330 [Test worker] changelog.StandardChangeLogHistoryService. - Reading from PUBLIC.DATABASECHANGELOG
?[m?[37m[INFO] 11:44:42,330 [Test worker] jvm.JdbcExecutor. - SELECT * FROM PUBLIC.DATABASECHANGELOG ORDER BY DATEEXECUTED ASC, ORDEREXECUTED ASC
?[m?[37m[INFO] 11:44:42,330 [Test worker] jvm.JdbcExecutor. - SELECT COUNT(*) FROM PUBLIC.DATABASECHANGELOGLOCK
?[m?[37m[INFO] 11:44:42,330 [Test worker] jvm.JdbcExecutor. - CREATE TABLE PUBLIC.DATABASECHANGELOGLOCK (ID INT NOT NULL, LOCKED BOOLEAN NOT NULL, LOCKGRANTED TIMESTAMP, LOCKEDBY VARCHAR(255), CONSTRAINT PK_DATABASECHANGELOGLOCK PRIMARY KEY (ID))
?[m?[37m[INFO] 11:44:42,330 [Test worker] jvm.JdbcExecutor. - SELECT COUNT(*) FROM PUBLIC.DATABASECHANGELOGLOCK
?[m?[37m[INFO] 11:44:42,330 [Test worker] jvm.JdbcExecutor. - DELETE FROM PUBLIC.DATABASECHANGELOGLOCK
?[m?[37m[INFO] 11:44:42,330 [Test worker] jvm.JdbcExecutor. - INSERT INTO PUBLIC.DATABASECHANGELOGLOCK (ID, LOCKED) VALUES (1, FALSE)
?[m?[37m[INFO] 11:44:42,335 [Test worker] visitor.ValidatingVisitor. - Skipping change set migration/vault-schema.changelog-pkey.xml::non-clustered_pk-11::R3.Corda due to validation error(s): clustered is not allowed on h2 {changeSet=migration/vault-schema.changelog-pkey.xml::non-clustered_pk-11::R3.Corda, databaseChangeLog=master.changelog.json}
?[m?[37m[INFO] 11:44:42,336 [Test worker] visitor.ValidatingVisitor. - Skipping change set migration/vault-schema.changelog-pkey.xml::non-clustered_pk-12::R3.Corda due to validation error(s): clustered is not allowed on h2 {changeSet=migration/vault-schema.changelog-pkey.xml::non-clustered_pk-12::R3.Corda, databaseChangeLog=master.changelog.json}
?[m?[37m[INFO] 11:44:42,336 [Test worker] visitor.ValidatingVisitor. - Skipping change set migration/vault-schema.changelog-pkey.xml::non-clustered_pk-13::R3.Corda due to validation error(s): clustered is not allowed on h2 {changeSet=migration/vault-schema.changelog-pkey.xml::non-clustered_pk-13::R3.Corda, databaseChangeLog=master.changelog.json}
?[m?[37m[INFO] 11:44:42,345 [Test worker] visitor.ValidatingVisitor. - Skipping change set migration/node-core.changelog-pkey.xml::non-clustered_pk-1::R3.Corda due to validation error(s): clustered is not allowed on h2 {changeSet=migration/node-core.changelog-pkey.xml::non-clustered_pk-1::R3.Corda, databaseChangeLog=master.changelog.json}
?[m?[37m[INFO] 11:44:42,345 [Test worker] visitor.ValidatingVisitor. - Skipping change set migration/node-core.changelog-pkey.xml::non-clustered_pk-2::R3.Corda due to validation error(s): clustered is not allowed on h2 {changeSet=migration/node-core.changelog-pkey.xml::non-clustered_pk-2::R3.Corda, databaseChangeLog=master.changelog.json}
?[m?[37m[INFO] 11:44:42,346 [Test worker] visitor.ValidatingVisitor. - Skipping change set migration/node-core.changelog-pkey.xml::non-clustered_pk-3::R3.Corda due to validation error(s): clustered is not allowed on h2 {changeSet=migration/node-core.changelog-pkey.xml::non-clustered_pk-3::R3.Corda, databaseChangeLog=master.changelog.json}
?[m?[37m[INFO] 11:44:42,346 [Test worker] visitor.ValidatingVisitor. - Skipping change set migration/node-core.changelog-pkey.xml::non-clustered_pk-4::R3.Corda due to validation error(s): clustered is not allowed on h2 {changeSet=migration/node-core.changelog-pkey.xml::non-clustered_pk-4::R3.Corda, databaseChangeLog=master.changelog.json}
?[m?[37m[INFO] 11:44:42,346 [Test worker] visitor.ValidatingVisitor. - Skipping change set migration/node-core.changelog-pkey.xml::non-clustered_pk-5::R3.Corda due to validation error(s): clustered is not allowed on h2 {changeSet=migration/node-core.changelog-pkey.xml::non-clustered_pk-5::R3.Corda, databaseChangeLog=master.changelog.json}
?[m?[37m[INFO] 11:44:42,346 [Test worker] visitor.ValidatingVisitor. - Skipping change set migration/node-core.changelog-pkey.xml::non-clustered_pk-6::R3.Corda due to validation error(s): clustered is not allowed on h2 {changeSet=migration/node-core.changelog-pkey.xml::non-clustered_pk-6::R3.Corda, databaseChangeLog=master.changelog.json}
?[m?[37m[INFO] 11:44:42,346 [Test worker] visitor.ValidatingVisitor. - Skipping change set migration/node-core.changelog-pkey.xml::non-clustered_pk-7::R3.Corda due to validation error(s): clustered is not allowed on h2 {changeSet=migration/node-core.changelog-pkey.xml::non-clustered_pk-7::R3.Corda, databaseChangeLog=master.changelog.json}
?[m?[37m[INFO] 11:44:42,352 [Test worker] visitor.ValidatingVisitor. - Skipping change set migration/node-notary.changelog-pkey.xml::non-clustered_pk-notary_state::R3.Corda due to validation error(s): clustered is not allowed on h2 {changeSet=migration/node-notary.changelog-pkey.xml::non-clustered_pk-notary_state::R3.Corda, databaseChangeLog=master.changelog.json}
?[m?[37m[INFO] 11:44:42,353 [Test worker] jvm.JdbcExecutor. - SELECT COUNT(*) FROM PUBLIC.DATABASECHANGELOGLOCK
?[m?[37m[INFO] 11:44:42,353 [Test worker] jvm.JdbcExecutor. - SELECT LOCKED FROM PUBLIC.DATABASECHANGELOGLOCK WHERE ID=1
?[m?[37m[INFO] 11:44:42,353 [Test worker] lockservice.StandardLockService. - Successfully acquired change log lock
?[m?[37m[INFO] 11:44:42,356 [Test worker] visitor.ValidatingVisitor. - Skipping change set migration/vault-schema.changelog-pkey.xml::non-clustered_pk-11::R3.Corda due to validation error(s): clustered is not allowed on h2 {changeSet=migration/vault-schema.changelog-pkey.xml::non-clustered_pk-11::R3.Corda, databaseChangeLog=master.changelog.json}
?[m?[37m[INFO] 11:44:42,357 [Test worker] visitor.ValidatingVisitor. - Skipping change set migration/vault-schema.changelog-pkey.xml::non-clustered_pk-12::R3.Corda due to validation error(s): clustered is not allowed on h2 {changeSet=migration/vault-schema.changelog-pkey.xml::non-clustered_pk-12::R3.Corda, databaseChangeLog=master.changelog.json}
?[m?[37m[INFO] 11:44:42,357 [Test worker] visitor.ValidatingVisitor. - Skipping change set migration/vault-schema.changelog-pkey.xml::non-clustered_pk-13::R3.Corda due to validation error(s): clustered is not allowed on h2 {changeSet=migration/vault-schema.changelog-pkey.xml::non-clustered_pk-13::R3.Corda, databaseChangeLog=master.changelog.json}
?[m?[37m[INFO] 11:44:42,362 [Test worker] visitor.ValidatingVisitor. - Skipping change set migration/node-core.changelog-pkey.xml::non-clustered_pk-1::R3.Corda due to validation error(s): clustered is not allowed on h2 {changeSet=migration/node-core.changelog-pkey.xml::non-clustered_pk-1::R3.Corda, databaseChangeLog=master.changelog.json}
?[m?[37m[INFO] 11:44:42,362 [Test worker] visitor.ValidatingVisitor. - Skipping change set migration/node-core.changelog-pkey.xml::non-clustered_pk-2::R3.Corda due to validation error(s): clustered is not allowed on h2 {changeSet=migration/node-core.changelog-pkey.xml::non-clustered_pk-2::R3.Corda, databaseChangeLog=master.changelog.json}
?[m?[37m[INFO] 11:44:42,362 [Test worker] visitor.ValidatingVisitor. - Skipping change set migration/node-core.changelog-pkey.xml::non-clustered_pk-3::R3.Corda due to validation error(s): clustered is not allowed on h2 {changeSet=migration/node-core.changelog-pkey.xml::non-clustered_pk-3::R3.Corda, databaseChangeLog=master.changelog.json}
?[m?[37m[INFO] 11:44:42,362 [Test worker] visitor.ValidatingVisitor. - Skipping change set migration/node-core.changelog-pkey.xml::non-clustered_pk-4::R3.Corda due to validation error(s): clustered is not allowed on h2 {changeSet=migration/node-core.changelog-pkey.xml::non-clustered_pk-4::R3.Corda, databaseChangeLog=master.changelog.json}
?[m?[37m[INFO] 11:44:42,362 [Test worker] visitor.ValidatingVisitor. - Skipping change set migration/node-core.changelog-pkey.xml::non-clustered_pk-5::R3.Corda due to validation error(s): clustered is not allowed on h2 {changeSet=migration/node-core.changelog-pkey.xml::non-clustered_pk-5::R3.Corda, databaseChangeLog=master.changelog.json}
?[m?[37m[INFO] 11:44:42,362 [Test worker] visitor.ValidatingVisitor. - Skipping change set migration/node-core.changelog-pkey.xml::non-clustered_pk-6::R3.Corda due to validation error(s): clustered is not allowed on h2 {changeSet=migration/node-core.changelog-pkey.xml::non-clustered_pk-6::R3.Corda, databaseChangeLog=master.changelog.json}
?[m?[37m[INFO] 11:44:42,362 [Test worker] visitor.ValidatingVisitor. - Skipping change set migration/node-core.changelog-pkey.xml::non-clustered_pk-7::R3.Corda due to validation error(s): clustered is not allowed on h2 {changeSet=migration/node-core.changelog-pkey.xml::non-clustered_pk-7::R3.Corda, databaseChangeLog=master.changelog.json}
?[m?[37m[INFO] 11:44:42,365 [Test worker] visitor.ValidatingVisitor. - Skipping change set migration/node-notary.changelog-pkey.xml::non-clustered_pk-notary_state::R3.Corda due to validation error(s): clustered is not allowed on h2 {changeSet=migration/node-notary.changelog-pkey.xml::non-clustered_pk-notary_state::R3.Corda, databaseChangeLog=master.changelog.json}
?[m?[37m[INFO] 11:44:42,365 [Test worker] jvm.JdbcExecutor. - SELECT SEQUENCE_NAME FROM INFORMATION_SCHEMA.SEQUENCES WHERE SEQUENCE_SCHEMA = 'null' AND IS_GENERATED=FALSE {changeSet=migration/common.changelog-init.xml::1511451595465-1.1::R3.Corda, databaseChangeLog=master.changelog.json}
?[m?[37m[INFO] 11:44:42,366 [Test worker] jvm.JdbcExecutor. - SELECT SEQUENCE_NAME FROM INFORMATION_SCHEMA.SEQUENCES WHERE SEQUENCE_SCHEMA = 'PUBLIC' AND IS_GENERATED=FALSE {changeSet=migration/common.changelog-init.xml::1511451595465-1.1::R3.Corda, databaseChangeLog=master.changelog.json}
?[m?[37m[INFO] 11:44:42,366 [Test worker] jvm.JdbcExecutor. - CREATE SEQUENCE PUBLIC.hibernate_sequence {changeSet=migration/common.changelog-init.xml::1511451595465-1.1::R3.Corda, databaseChangeLog=master.changelog.json}
?[m?[37m[INFO] 11:44:42,366 [Test worker] changelog.ChangeSet. - Sequence hibernate_sequence created {changeSet=migration/common.changelog-init.xml::1511451595465-1.1::R3.Corda, databaseChangeLog=master.changelog.json}
?[m?[37m[INFO] 11:44:42,366 [Test worker] changelog.ChangeSet. - ChangeSet migration/common.changelog-init.xml::1511451595465-1.1::R3.Corda ran successfully in 1ms {changeSet=migration/common.changelog-init.xml::1511451595465-1.1::R3.Corda, databaseChangeLog=master.changelog.json}
?[m?[37m[INFO] 11:44:42,366 [Test worker] jvm.JdbcExecutor. - SELECT MAX(ORDEREXECUTED) FROM PUBLIC.DATABASECHANGELOG {changeSet=migration/common.changelog-init.xml::1511451595465-1.1::R3.Corda, databaseChangeLog=master.changelog.json}
?[m?[37m[INFO] 11:44:42,366 [Test worker] jvm.JdbcExecutor. - INSERT INTO PUBLIC.DATABASECHANGELOG (ID, AUTHOR, FILENAME, DATEEXECUTED, ORDEREXECUTED, MD5SUM, DESCRIPTION, COMMENTS, EXECTYPE, CONTEXTS, LABELS, LIQUIBASE, DEPLOYMENT_ID) VALUES ('1511451595465-1.1', 'R3.Corda', 'migration/common.changelog-init.xml', NOW(), 1, '8:9df4ee4464a4a10dfcf2717c73a52620', 'createSequence sequenceName=hibernate_sequence', '', 'EXECUTED', NULL, NULL, '3.6.3', '2067482353') {changeSet=migration/common.changelog-init.xml::1511451595465-1.1::R3.Corda, databaseChangeLog=master.changelog.json}
?[m?[37m[INFO] 11:44:42,367 [Test worker] jvm.JdbcExecutor. - CREATE TABLE PUBLIC.vault_fungible_states (output_index INT NOT NULL, transaction_id NVARCHAR(64) NOT NULL, issuer_name NVARCHAR(255), issuer_ref VARBINARY(512), owner_name NVARCHAR(255), quantity BIGINT) {changeSet=migration/vault-schema.changelog-init.xml::1511451595465-22::R3.Corda, databaseChangeLog=master.changelog.json}
?[m?[37m[INFO] 11:44:42,367 [Test worker] changelog.ChangeSet. - Table vault_fungible_states created {changeSet=migration/vault-schema.changelog-init.xml::1511451595465-22::R3.Corda, databaseChangeLog=master.changelog.json}
?[m?[37m[INFO] 11:44:42,367 [Test worker] changelog.ChangeSet. - ChangeSet migration/vault-schema.changelog-init.xml::1511451595465-22::R3.Corda ran successfully in 1ms {changeSet=migration/vault-schema.changelog-init.xml::1511451595465-22::R3.Corda, databaseChangeLog=master.changelog.json}
?[m?[37m[INFO] 11:44:42,368 [Test worker] jvm.JdbcExecutor. - INSERT INTO PUBLIC.DATABASECHANGELOG (ID, AUTHOR, FILENAME, DATEEXECUTED, ORDEREXECUTED, MD5SUM, DESCRIPTION, COMMENTS, EXECTYPE, CONTEXTS, LABELS, LIQUIBASE, DEPLOYMENT_ID) VALUES ('1511451595465-22', 'R3.Corda', 'migration/vault-schema.changelog-init.xml', NOW(), 2, '8:4ae481f11ac84744a4392bbfd533fa75', 'createTable tableName=vault_fungible_states', '', 'EXECUTED', NULL, NULL, '3.6.3', '2067482353') {changeSet=migration/vault-schema.changelog-init.xml::1511451595465-22::R3.Corda, databaseChangeLog=master.changelog.json}
?[m?[37m[INFO] 11:44:42,368 [Test worker] jvm.JdbcExecutor. - CREATE TABLE PUBLIC.vault_fungible_states_parts (output_index INT NOT NULL, transaction_id NVARCHAR(64) NOT NULL, participants NVARCHAR(255)) {changeSet=migration/vault-schema.changelog-init.xml::1511451595465-23::R3.Corda, databaseChangeLog=master.changelog.json}
?[m?[37m[INFO] 11:44:42,369 [Test worker] changelog.ChangeSet. - Table vault_fungible_states_parts created {changeSet=migration/vault-schema.changelog-init.xml::1511451595465-23::R3.Corda, databaseChangeLog=master.changelog.json}
?[m?[37m[INFO] 11:44:42,369 [Test worker] changelog.ChangeSet. - ChangeSet migration/vault-schema.changelog-init.xml::1511451595465-23::R3.Corda ran successfully in 1ms {changeSet=migration/vault-schema.changelog-init.xml::1511451595465-23::R3.Corda, databaseChangeLog=master.changelog.json}
?[m?[37m[INFO] 11:44:42,370 [Test worker] jvm.JdbcExecutor. - INSERT INTO PUBLIC.DATABASECHANGELOG (ID, AUTHOR, FILENAME, DATEEXECUTED, ORDEREXECUTED, MD5SUM, DESCRIPTION, COMMENTS, EXECTYPE, CONTEXTS, LABELS, LIQUIBASE, DEPLOYMENT_ID) VALUES ('1511451595465-23', 'R3.Corda', 'migration/vault-schema.changelog-init.xml', NOW(), 3, '8:3222255d3b2e04b9dfad42d9acab103e', 'createTable tableName=vault_fungible_states_parts', '', 'EXECUTED', NULL, NULL, '3.6.3', '2067482353') {changeSet=migration/vault-schema.changelog-init.xml::1511451595465-23::R3.Corda, databaseChangeLog=master.changelog.json}
?[m?[37m[INFO] 11:44:42,371 [Test worker] jvm.JdbcExecutor. - CREATE TABLE PUBLIC.vault_linear_states (output_index INT NOT NULL, transaction_id NVARCHAR(64) NOT NULL, external_id NVARCHAR(255), uuid VARCHAR(255) NOT NULL) {changeSet=migration/vault-schema.changelog-init.xml::1511451595465-24::R3.Corda, databaseChangeLog=master.changelog.json}
?[m?[37m[INFO] 11:44:42,371 [Test worker] changelog.ChangeSet. - Table vault_linear_states created {changeSet=migration/vault-schema.changelog-init.xml::1511451595465-24::R3.Corda, databaseChangeLog=master.changelog.json}
?[m?[37m[INFO] 11:44:42,371 [Test worker] changelog.ChangeSet. - ChangeSet migration/vault-schema.changelog-init.xml::1511451595465-24::R3.Corda ran successfully in 0ms {changeSet=migration/vault-schema.changelog-init.xml::1511451595465-24::R3.Corda, databaseChangeLog=master.changelog.json}
?[m?[37m[INFO] 11:44:42,372 [Test worker] jvm.JdbcExecutor. - INSERT INTO PUBLIC.DATABASECHANGELOG (ID, AUTHOR, FILENAME, DATEEXECUTED, ORDEREXECUTED, MD5SUM, DESCRIPTION, COMMENTS, EXECTYPE, CONTEXTS, LABELS, LIQUIBASE, DEPLOYMENT_ID) VALUES ('1511451595465-24', 'R3.Corda', 'migration/vault-schema.changelog-init.xml', NOW(), 4, '8:fb2c5b52213239424320d137dc22059b', 'createTable tableName=vault_linear_states', '', 'EXECUTED', NULL, NULL, '3.6.3', '2067482353') {changeSet=migration/vault-schema.changelog-init.xml::1511451595465-24::R3.Corda, databaseChangeLog=master.changelog.json}
?[m?[37m[INFO] 11:44:42,373 [Test worker] jvm.JdbcExecutor. - CREATE TABLE PUBLIC.vault_linear_states_parts (output_index INT NOT NULL, transaction_id NVARCHAR(64) NOT NULL, participants NVARCHAR(255)) {changeSet=migration/vault-schema.changelog-init.xml::1511451595465-25::R3.Corda, databaseChangeLog=master.changelog.json}
?[m?[37m[INFO] 11:44:42,373 [Test worker] changelog.ChangeSet. - Table vault_linear_states_parts created {changeSet=migration/vault-schema.changelog-init.xml::1511451595465-25::R3.Corda, databaseChangeLog=master.changelog.json}
?[m?[37m[INFO] 11:44:42,373 [Test worker] changelog.ChangeSet. - ChangeSet migration/vault-schema.changelog-init.xml::1511451595465-25::R3.Corda ran successfully in 0ms {changeSet=migration/vault-schema.changelog-init.xml::1511451595465-25::R3.Corda, databaseChangeLog=master.changelog.json}
?[m?[37m[INFO] 11:44:42,374 [Test worker] jvm.JdbcExecutor. - INSERT INTO PUBLIC.DATABASECHANGELOG (ID, AUTHOR, FILENAME, DATEEXECUTED, ORDEREXECUTED, MD5SUM, DESCRIPTION, COMMENTS, EXECTYPE, CONTEXTS, LABELS, LIQUIBASE, DEPLOYMENT_ID) VALUES ('1511451595465-25', 'R3.Corda', 'migration/vault-schema.changelog-init.xml', NOW(), 5, '8:ccb2ca1b37c0eeb2ac12506f17bc8ee0', 'createTable tableName=vault_linear_states_parts', '', 'EXECUTED', NULL, NULL, '3.6.3', '2067482353') {changeSet=migration/vault-schema.changelog-init.xml::1511451595465-25::R3.Corda, databaseChangeLog=master.changelog.json}
?[m?[37m[INFO] 11:44:42,375 [Test worker] jvm.JdbcExecutor. - CREATE TABLE PUBLIC.vault_states (output_index INT NOT NULL, transaction_id NVARCHAR(64) NOT NULL, consumed_timestamp TIMESTAMP, contract_state_class_name NVARCHAR(255), lock_id NVARCHAR(255), lock_timestamp TIMESTAMP, notary_name NVARCHAR(255), recorded_timestamp TIMESTAMP, state_status INT) {changeSet=migration/vault-schema.changelog-init.xml::1511451595465-26::R3.Corda, databaseChangeLog=master.changelog.json}
?[m?[37m[INFO] 11:44:42,375 [Test worker] changelog.ChangeSet. - Table vault_states created {changeSet=migration/vault-schema.changelog-init.xml::1511451595465-26::R3.Corda, databaseChangeLog=master.changelog.json}
?[m?[37m[INFO] 11:44:42,375 [Test worker] changelog.ChangeSet. - ChangeSet migration/vault-schema.changelog-init.xml::1511451595465-26::R3.Corda ran successfully in 1ms {changeSet=migration/vault-schema.changelog-init.xml::1511451595465-26::R3.Corda, databaseChangeLog=master.changelog.json}
?[m?[37m[INFO] 11:44:42,375 [Test worker] jvm.JdbcExecutor. - INSERT INTO PUBLIC.DATABASECHANGELOG (ID, AUTHOR, FILENAME, DATEEXECUTED, ORDEREXECUTED, MD5SUM, DESCRIPTION, COMMENTS, EXECTYPE, CONTEXTS, LABELS, LIQUIBASE, DEPLOYMENT_ID) VALUES ('1511451595465-26', 'R3.Corda', 'migration/vault-schema.changelog-init.xml', NOW(), 6, '8:971edadc2af9e847ed490f418530d40b', 'createTable tableName=vault_states', '', 'EXECUTED', NULL, NULL, '3.6.3', '2067482353') {changeSet=migration/vault-schema.changelog-init.xml::1511451595465-26::R3.Corda, databaseChangeLog=master.changelog.json}
?[m?[37m[INFO] 11:44:42,375 [Test worker] jvm.JdbcExecutor. - CREATE TABLE PUBLIC.vault_transaction_notes (seq_no INT NOT NULL, note NVARCHAR(255), transaction_id NVARCHAR(64)) {changeSet=migration/vault-schema.changelog-init.xml::1511451595465-27::R3.Corda, databaseChangeLog=master.changelog.json}
?[m?[37m[INFO] 11:44:42,375 [Test worker] changelog.ChangeSet. - Table vault_transaction_notes created {changeSet=migration/vault-schema.changelog-init.xml::1511451595465-27::R3.Corda, databaseChangeLog=master.changelog.json}
?[m?[37m[INFO] 11:44:42,375 [Test worker] changelog.ChangeSet. - ChangeSet migration/vault-schema.changelog-init.xml::1511451595465-27::R3.Corda ran successfully in 0ms {changeSet=migration/vault-schema.changelog-init.xml::1511451595465-27::R3.Corda, databaseChangeLog=master.changelog.json}
?[m?[37m[INFO] 11:44:42,376 [Test worker] jvm.JdbcExecutor. - INSERT INTO PUBLIC.DATABASECHANGELOG (ID, AUTHOR, FILENAME, DATEEXECUTED, ORDEREXECUTED, MD5SUM, DESCRIPTION, COMMENTS, EXECTYPE, CONTEXTS, LABELS, LIQUIBASE, DEPLOYMENT_ID) VALUES ('1511451595465-27', 'R3.Corda', 'migration/vault-schema.changelog-init.xml', NOW(), 7, '8:7a8064e58d100a02ed56e538122296e4', 'createTable tableName=vault_transaction_notes', '', 'EXECUTED', NULL, NULL, '3.6.3', '2067482353') {changeSet=migration/vault-schema.changelog-init.xml::1511451595465-27::R3.Corda, databaseChangeLog=master.changelog.json}
?[m?[37m[INFO] 11:44:42,376 [Test worker] jvm.JdbcExecutor. - ALTER TABLE PUBLIC.vault_fungible_states ADD CONSTRAINT vault_fungible_states_pkey PRIMARY KEY (output_index, transaction_id) {changeSet=migration/vault-schema.changelog-init.xml::1511451595465-47::R3.Corda, databaseChangeLog=master.changelog.json}
?[m?[37m[INFO] 11:44:42,376 [Test worker] changelog.ChangeSet. - Primary key added to vault_fungible_states (output_index, transaction_id) {changeSet=migration/vault-schema.changelog-init.xml::1511451595465-47::R3.Corda, databaseChangeLog=master.changelog.json}
?[m?[37m[INFO] 11:44:42,376 [Test worker] changelog.ChangeSet. - ChangeSet migration/vault-schema.changelog-init.xml::1511451595465-47::R3.Corda ran successfully in 0ms {changeSet=migration/vault-schema.changelog-init.xml::1511451595465-47::R3.Corda, databaseChangeLog=master.changelog.json}
?[m?[37m[INFO] 11:44:42,376 [Test worker] jvm.JdbcExecutor. - INSERT INTO PUBLIC.DATABASECHANGELOG (ID, AUTHOR, FILENAME, DATEEXECUTED, ORDEREXECUTED, MD5SUM, DESCRIPTION, COMMENTS, EXECTYPE, CONTEXTS, LABELS, LIQUIBASE, DEPLOYMENT_ID) VALUES ('1511451595465-47', 'R3.Corda', 'migration/vault-schema.changelog-init.xml', NOW(), 8, '8:4eddd48de14b69bdd265a4b0c438f070', 'addPrimaryKey constraintName=vault_fungible_states_pkey, tableName=vault_fungible_states', '', 'EXECUTED', NULL, NULL, '3.6.3', '2067482353') {changeSet=migration/vault-schema.changelog-init.xml::1511451595465-47::R3.Corda, databaseChangeLog=master.changelog.json}
?[m?[37m[INFO] 11:44:42,377 [Test worker] jvm.JdbcExecutor. - ALTER TABLE PUBLIC.vault_linear_states ADD CONSTRAINT vault_linear_states_pkey PRIMARY KEY (output_index, transaction_id) {changeSet=migration/vault-schema.changelog-init.xml::1511451595465-48::R3.Corda, databaseChangeLog=master.changelog.json}
?[m?[37m[INFO] 11:44:42,377 [Test worker] changelog.ChangeSet. - Primary key added to vault_linear_states (output_index, transaction_id) {changeSet=migration/vault-schema.changelog-init.xml::1511451595465-48::R3.Corda, databaseChangeLog=master.changelog.json}
?[m?[37m[INFO] 11:44:42,377 [Test worker] changelog.ChangeSet. - ChangeSet migration/vault-schema.changelog-init.xml::1511451595465-48::R3.Corda ran successfully in 0ms {changeSet=migration/vault-schema.changelog-init.xml::1511451595465-48::R3.Corda, databaseChangeLog=master.changelog.json}
?[m?[37m[INFO] 11:44:42,378 [Test worker] jvm.JdbcExecutor. - INSERT INTO PUBLIC.DATABASECHANGELOG (ID, AUTHOR, FILENAME, DATEEXECUTED, ORDEREXECUTED, MD5SUM, DESCRIPTION, COMMENTS, EXECTYPE, CONTEXTS, LABELS, LIQUIBASE, DEPLOYMENT_ID) VALUES ('1511451595465-48', 'R3.Corda', 'migration/vault-schema.changelog-init.xml', NOW(), 9, '8:3695c44ddebef2dde359dec253a5969a', 'addPrimaryKey constraintName=vault_linear_states_pkey, tableName=vault_linear_states', '', 'EXECUTED', NULL, NULL, '3.6.3', '2067482353') {changeSet=migration/vault-schema.changelog-init.xml::1511451595465-48::R3.Corda, databaseChangeLog=master.changelog.json}
?[m?[37m[INFO] 11:44:42,378 [Test worker] jvm.JdbcExecutor. - ALTER TABLE PUBLIC.vault_states ADD CONSTRAINT vault_states_pkey PRIMARY KEY (output_index, transaction_id) {changeSet=migration/vault-schema.changelog-init.xml::1511451595465-49::R3.Corda, databaseChangeLog=master.changelog.json}
?[m?[37m[INFO] 11:44:42,378 [Test worker] changelog.ChangeSet. - Primary key added to vault_states (output_index, transaction_id) {changeSet=migration/vault-schema.changelog-init.xml::1511451595465-49::R3.Corda, databaseChangeLog=master.changelog.json}
?[m?[37m[INFO] 11:44:42,378 [Test worker] changelog.ChangeSet. - ChangeSet migration/vault-schema.changelog-init.xml::1511451595465-49::R3.Corda ran successfully in 0ms {changeSet=migration/vault-schema.changelog-init.xml::1511451595465-49::R3.Corda, databaseChangeLog=master.changelog.json}
?[m?[37m[INFO] 11:44:42,379 [Test worker] jvm.JdbcExecutor. - INSERT INTO PUBLIC.DATABASECHANGELOG (ID, AUTHOR, FILENAME, DATEEXECUTED, ORDEREXECUTED, MD5SUM, DESCRIPTION, COMMENTS, EXECTYPE, CONTEXTS, LABELS, LIQUIBASE, DEPLOYMENT_ID) VALUES ('1511451595465-49', 'R3.Corda', 'migration/vault-schema.changelog-init.xml', NOW(), 10, '8:5d21dc3c09051ea30475250d25178892', 'addPrimaryKey constraintName=vault_states_pkey, tableName=vault_states', '', 'EXECUTED', NULL, NULL, '3.6.3', '2067482353') {changeSet=migration/vault-schema.changelog-init.xml::1511451595465-49::R3.Corda, databaseChangeLog=master.changelog.json}
?[m?[37m[INFO] 11:44:42,380 [Test worker] jvm.JdbcExecutor. - ALTER TABLE PUBLIC.vault_transaction_notes ADD CONSTRAINT vault_transaction_notes_pkey PRIMARY KEY (seq_no) {changeSet=migration/vault-schema.changelog-init.xml::1511451595465-50::R3.Corda, databaseChangeLog=master.changelog.json}
?[m?[37m[INFO] 11:44:42,380 [Test worker] changelog.ChangeSet. - Primary key added to vault_transaction_notes (seq_no) {changeSet=migration/vault-schema.changelog-init.xml::1511451595465-50::R3.Corda, databaseChangeLog=master.changelog.json}
?[m?[37m[INFO] 11:44:42,380 [Test worker] changelog.ChangeSet. - ChangeSet migration/vault-schema.changelog-init.xml::1511451595465-50::R3.Corda ran successfully in 0ms {changeSet=migration/vault-schema.changelog-init.xml::1511451595465-50::R3.Corda, databaseChangeLog=master.changelog.json}
?[m?[37m[INFO] 11:44:42,382 [Test worker] jvm.JdbcExecutor. - INSERT INTO PUBLIC.DATABASECHANGELOG (ID, AUTHOR, FILENAME, DATEEXECUTED, ORDEREXECUTED, MD5SUM, DESCRIPTION, COMMENTS, EXECTYPE, CONTEXTS, LABELS, LIQUIBASE, DEPLOYMENT_ID) VALUES ('1511451595465-50', 'R3.Corda', 'migration/vault-schema.changelog-init.xml', NOW(), 11, '8:2bf545e5d7593a3456708426c3686ebb', 'addPrimaryKey constraintName=vault_transaction_notes_pkey, tableName=vault_transaction_notes', '', 'EXECUTED', NULL, NULL, '3.6.3', '2067482353') {changeSet=migration/vault-schema.changelog-init.xml::1511451595465-50::R3.Corda, databaseChangeLog=master.changelog.json}
?[m?[37m[INFO] 11:44:42,383 [Test worker] jvm.JdbcExecutor. - CREATE INDEX PUBLIC.external_id_index ON PUBLIC.vault_linear_states(external_id) {changeSet=migration/vault-schema.changelog-init.xml::1511451595465-53::R3.Corda, databaseChangeLog=master.changelog.json}
?[m?[37m[INFO] 11:44:42,383 [Test worker] changelog.ChangeSet. - Index external_id_index created {changeSet=migration/vault-schema.changelog-init.xml::1511451595465-53::R3.Corda, databaseChangeLog=master.changelog.json}
?[m?[37m[INFO] 11:44:42,383 [Test worker] changelog.ChangeSet. - ChangeSet migration/vault-schema.changelog-init.xml::1511451595465-53::R3.Corda ran successfully in 1ms {changeSet=migration/vault-schema.changelog-init.xml::1511451595465-53::R3.Corda, databaseChangeLog=master.changelog.json}
?[m?[37m[INFO] 11:44:42,384 [Test worker] jvm.JdbcExecutor. - INSERT INTO PUBLIC.DATABASECHANGELOG (ID, AUTHOR, FILENAME, DATEEXECUTED, ORDEREXECUTED, MD5SUM, DESCRIPTION, COMMENTS, EXECTYPE, CONTEXTS, LABELS, LIQUIBASE, DEPLOYMENT_ID) VALUES ('1511451595465-53', 'R3.Corda', 'migration/vault-schema.changelog-init.xml', NOW(), 12, '8:b1272090dcd2325b0382f829ce13a1ff', 'createIndex indexName=external_id_index, tableName=vault_linear_states', '', 'EXECUTED', NULL, NULL, '3.6.3', '2067482353') {changeSet=migration/vault-schema.changelog-init.xml::1511451595465-53::R3.Corda, databaseChangeLog=master.changelog.json}
?[m?[37m[INFO] 11:44:42,384 [Test worker] jvm.JdbcExecutor. - CREATE INDEX PUBLIC.lock_id_idx ON PUBLIC.vault_states(lock_id, state_status) {changeSet=migration/vault-schema.changelog-init.xml::1511451595465-55::R3.Corda, databaseChangeLog=master.changelog.json}
?[m?[37m[INFO] 11:44:42,384 [Test worker] changelog.ChangeSet. - Index lock_id_idx created {changeSet=migration/vault-schema.changelog-init.xml::1511451595465-55::R3.Corda, databaseChangeLog=master.changelog.json}
?[m?[37m[INFO] 11:44:42,384 [Test worker] changelog.ChangeSet. - ChangeSet migration/vault-schema.changelog-init.xml::1511451595465-55::R3.Corda ran successfully in 0ms {changeSet=migration/vault-schema.changelog-init.xml::1511451595465-55::R3.Corda, databaseChangeLog=master.changelog.json}
?[m?[37m[INFO] 11:44:42,385 [Test worker] jvm.JdbcExecutor. - INSERT INTO PUBLIC.DATABASECHANGELOG (ID, AUTHOR, FILENAME, DATEEXECUTED, ORDEREXECUTED, MD5SUM, DESCRIPTION, COMMENTS, EXECTYPE, CONTEXTS, LABELS, LIQUIBASE, DEPLOYMENT_ID) VALUES ('1511451595465-55', 'R3.Corda', 'migration/vault-schema.changelog-init.xml', NOW(), 13, '8:0b77fbedaccc2eed4b8efd6fddf6581b', 'createIndex indexName=lock_id_idx, tableName=vault_states', '', 'EXECUTED', NULL, NULL, '3.6.3', '2067482353') {changeSet=migration/vault-schema.changelog-init.xml::1511451595465-55::R3.Corda, databaseChangeLog=master.changelog.json}
?[m?[37m[INFO] 11:44:42,385 [Test worker] jvm.JdbcExecutor. - CREATE INDEX PUBLIC.state_status_idx ON PUBLIC.vault_states(state_status) {changeSet=migration/vault-schema.changelog-init.xml::1511451595465-58::R3.Corda, databaseChangeLog=master.changelog.json}
?[m?[37m[INFO] 11:44:42,385 [Test worker] changelog.ChangeSet. - Index state_status_idx created {changeSet=migration/vault-schema.changelog-init.xml::1511451595465-58::R3.Corda, databaseChangeLog=master.changelog.json}
?[m?[37m[INFO] 11:44:42,385 [Test worker] changelog.ChangeSet. - ChangeSet migration/vault-schema.changelog-init.xml::1511451595465-58::R3.Corda ran successfully in 0ms {changeSet=migration/vault-schema.changelog-init.xml::1511451595465-58::R3.Corda, databaseChangeLog=master.changelog.json}
?[m?[37m[INFO] 11:44:42,385 [Test worker] jvm.JdbcExecutor. - INSERT INTO PUBLIC.DATABASECHANGELOG (ID, AUTHOR, FILENAME, DATEEXECUTED, ORDEREXECUTED, MD5SUM, DESCRIPTION, COMMENTS, EXECTYPE, CONTEXTS, LABELS, LIQUIBASE, DEPLOYMENT_ID) VALUES ('1511451595465-58', 'R3.Corda', 'migration/vault-schema.changelog-init.xml', NOW(), 14, '8:7a1bbb20835907728df143e4cc1bfc04', 'createIndex indexName=state_status_idx, tableName=vault_states', '', 'EXECUTED', NULL, NULL, '3.6.3', '2067482353') {changeSet=migration/vault-schema.changelog-init.xml::1511451595465-58::R3.Corda, databaseChangeLog=master.changelog.json}
?[m?[37m[INFO] 11:44:42,386 [Test worker] jvm.JdbcExecutor. - CREATE INDEX PUBLIC.transaction_id_index ON PUBLIC.vault_transaction_notes(transaction_id) {changeSet=migration/vault-schema.changelog-init.xml::1511451595465-59::R3.Corda, databaseChangeLog=master.changelog.json}
?[m?[37m[INFO] 11:44:42,386 [Test worker] changelog.ChangeSet. - Index transaction_id_index created {changeSet=migration/vault-schema.changelog-init.xml::1511451595465-59::R3.Corda, databaseChangeLog=master.changelog.json}
?[m?[37m[INFO] 11:44:42,386 [Test worker] changelog.ChangeSet. - ChangeSet migration/vault-schema.changelog-init.xml::1511451595465-59::R3.Corda ran successfully in 0ms {changeSet=migration/vault-schema.changelog-init.xml::1511451595465-59::R3.Corda, databaseChangeLog=master.changelog.json}
?[m?[37m[INFO] 11:44:42,386 [Test worker] jvm.JdbcExecutor. - INSERT INTO PUBLIC.DATABASECHANGELOG (ID, AUTHOR, FILENAME, DATEEXECUTED, ORDEREXECUTED, MD5SUM, DESCRIPTION, COMMENTS, EXECTYPE, CONTEXTS, LABELS, LIQUIBASE, DEPLOYMENT_ID) VALUES ('1511451595465-59', 'R3.Corda', 'migration/vault-schema.changelog-init.xml', NOW(), 15, '8:2bfe64cedfc8120dc219d42dc19d49f6', 'createIndex indexName=transaction_id_index, tableName=vault_transaction_notes', '', 'EXECUTED', NULL, NULL, '3.6.3', '2067482353') {changeSet=migration/vault-schema.changelog-init.xml::1511451595465-59::R3.Corda, databaseChangeLog=master.changelog.json}
?[m?[37m[INFO] 11:44:42,387 [Test worker] jvm.JdbcExecutor. - CREATE INDEX PUBLIC.uuid_index ON PUBLIC.vault_linear_states(uuid) {changeSet=migration/vault-schema.changelog-init.xml::1511451595465-60::R3.Corda, databaseChangeLog=master.changelog.json}
?[m?[37m[INFO] 11:44:42,387 [Test worker] changelog.ChangeSet. - Index uuid_index created {changeSet=migration/vault-schema.changelog-init.xml::1511451595465-60::R3.Corda, databaseChangeLog=master.changelog.json}
?[m?[37m[INFO] 11:44:42,387 [Test worker] changelog.ChangeSet. - ChangeSet migration/vault-schema.changelog-init.xml::1511451595465-60::R3.Corda ran successfully in 0ms {changeSet=migration/vault-schema.changelog-init.xml::1511451595465-60::R3.Corda, databaseChangeLog=master.changelog.json}
?[m?[37m[INFO] 11:44:42,387 [Test worker] jvm.JdbcExecutor. - INSERT INTO PUBLIC.DATABASECHANGELOG (ID, AUTHOR, FILENAME, DATEEXECUTED, ORDEREXECUTED, MD5SUM, DESCRIPTION, COMMENTS, EXECTYPE, CONTEXTS, LABELS, LIQUIBASE, DEPLOYMENT_ID) VALUES ('1511451595465-60', 'R3.Corda', 'migration/vault-schema.changelog-init.xml', NOW(), 16, '8:4cffb289ce33d922274cc829175a2a55', 'createIndex indexName=uuid_index, tableName=vault_linear_states', '', 'EXECUTED', NULL, NULL, '3.6.3', '2067482353') {changeSet=migration/vault-schema.changelog-init.xml::1511451595465-60::R3.Corda, databaseChangeLog=master.changelog.json}
?[m?[37m[INFO] 11:44:42,388 [Test worker] jvm.JdbcExecutor. - ALTER TABLE PUBLIC.vault_fungible_states_parts ADD CONSTRAINT FK__fung_st_parts__fung_st FOREIGN KEY (output_index, transaction_id) REFERENCES PUBLIC.vault_fungible_states (output_index, transaction_id) {changeSet=migration/vault-schema.changelog-init.xml::1511451595465-64::R3.Corda, databaseChangeLog=master.changelog.json}
?[m?[37m[INFO] 11:44:42,389 [Test worker] changelog.ChangeSet. - Foreign key constraint added to vault_fungible_states_parts (output_index,transaction_id) {changeSet=migration/vault-schema.changelog-init.xml::1511451595465-64::R3.Corda, databaseChangeLog=master.changelog.json}
?[m?[37m[INFO] 11:44:42,389 [Test worker] changelog.ChangeSet. - ChangeSet migration/vault-schema.changelog-init.xml::1511451595465-64::R3.Corda ran successfully in 1ms {changeSet=migration/vault-schema.changelog-init.xml::1511451595465-64::R3.Corda, databaseChangeLog=master.changelog.json}
?[m?[37m[INFO] 11:44:42,390 [Test worker] jvm.JdbcExecutor. - INSERT INTO PUBLIC.DATABASECHANGELOG (ID, AUTHOR, FILENAME, DATEEXECUTED, ORDEREXECUTED, MD5SUM, DESCRIPTION, COMMENTS, EXECTYPE, CONTEXTS, LABELS, LIQUIBASE, DEPLOYMENT_ID) VALUES ('1511451595465-64', 'R3.Corda', 'migration/vault-schema.changelog-init.xml', NOW(), 17, '8:1bde72346badbbe52e74b189ce1d079c', 'addForeignKeyConstraint baseTableName=vault_fungible_states_parts, constraintName=FK__fung_st_parts__fung_st, referencedTableName=vault_fungible_states', '', 'EXECUTED', NULL, NULL, '3.6.3', '2067482353') {changeSet=migration/vault-schema.changelog-init.xml::1511451595465-64::R3.Corda, databaseChangeLog=master.changelog.json}
?[m?[37m[INFO] 11:44:42,390 [Test worker] jvm.JdbcExecutor. - ALTER TABLE PUBLIC.vault_linear_states_parts ADD CONSTRAINT FK__lin_stat_parts__lin_stat FOREIGN KEY (output_index, transaction_id) REFERENCES PUBLIC.vault_linear_states (output_index, transaction_id) {changeSet=migration/vault-schema.changelog-init.xml::1511451595465-65::R3.Corda, databaseChangeLog=master.changelog.json}
?[m?[37m[INFO] 11:44:42,391 [Test worker] changelog.ChangeSet. - Foreign key constraint added to vault_linear_states_parts (output_index,transaction_id) {changeSet=migration/vault-schema.changelog-init.xml::1511451595465-65::R3.Corda, databaseChangeLog=master.changelog.json}
?[m?[37m[INFO] 11:44:42,391 [Test worker] changelog.ChangeSet. - ChangeSet migration/vault-schema.changelog-init.xml::1511451595465-65::R3.Corda ran successfully in 1ms {changeSet=migration/vault-schema.changelog-init.xml::1511451595465-65::R3.Corda, databaseChangeLog=master.changelog.json}
?[m?[37m[INFO] 11:44:42,392 [Test worker] jvm.JdbcExecutor. - INSERT INTO PUBLIC.DATABASECHANGELOG (ID, AUTHOR, FILENAME, DATEEXECUTED, ORDEREXECUTED, MD5SUM, DESCRIPTION, COMMENTS, EXECTYPE, CONTEXTS, LABELS, LIQUIBASE, DEPLOYMENT_ID) VALUES ('1511451595465-65', 'R3.Corda', 'migration/vault-schema.changelog-init.xml', NOW(), 18, '8:9a5d0106c45f631cb60a3e2f9542d2c2', 'addForeignKeyConstraint baseTableName=vault_linear_states_parts, constraintName=FK__lin_stat_parts__lin_stat, referencedTableName=vault_linear_states', '', 'EXECUTED', NULL, NULL, '3.6.3', '2067482353') {changeSet=migration/vault-schema.changelog-init.xml::1511451595465-65::R3.Corda, databaseChangeLog=master.changelog.json}
?[m?[37m[INFO] 11:44:42,392 [Test worker] jvm.JdbcExecutor. - DELETE FROM PUBLIC.vault_fungible_states_parts {changeSet=migration/vault-schema.changelog-v3.xml::clean_vault::R3.Corda, databaseChangeLog=master.changelog.json}
?[m?[37m[INFO] 11:44:42,392 [Test worker] changelog.ChangeSet. - Data deleted from vault_fungible_states_parts {changeSet=migration/vault-schema.changelog-v3.xml::clean_vault::R3.Corda, databaseChangeLog=master.changelog.json}
?[m?[37m[INFO] 11:44:42,392 [Test worker] jvm.JdbcExecutor. - DELETE FROM PUBLIC.vault_fungible_states {changeSet=migration/vault-schema.changelog-v3.xml::clean_vault::R3.Corda, databaseChangeLog=master.changelog.json}
?[m?[37m[INFO] 11:44:42,392 [Test worker] changelog.ChangeSet. - Data deleted from vault_fungible_states {changeSet=migration/vault-schema.changelog-v3.xml::clean_vault::R3.Corda, databaseChangeLog=master.changelog.json}
?[m?[37m[INFO] 11:44:42,392 [Test worker] jvm.JdbcExecutor. - DELETE FROM PUBLIC.vault_linear_states_parts {changeSet=migration/vault-schema.changelog-v3.xml::clean_vault::R3.Corda, databaseChangeLog=master.changelog.json}
?[m?[37m[INFO] 11:44:42,392 [Test worker] changelog.ChangeSet. - Data deleted from vault_linear_states_parts {changeSet=migration/vault-schema.changelog-v3.xml::clean_vault::R3.Corda, databaseChangeLog=master.changelog.json}
?[m?[37m[INFO] 11:44:42,392 [Test worker] jvm.JdbcExecutor. - DELETE FROM PUBLIC.vault_linear_states {changeSet=migration/vault-schema.changelog-v3.xml::clean_vault::R3.Corda, databaseChangeLog=master.changelog.json}
?[m?[37m[INFO] 11:44:42,392 [Test worker] changelog.ChangeSet. - Data deleted from vault_linear_states {changeSet=migration/vault-schema.changelog-v3.xml::clean_vault::R3.Corda, databaseChangeLog=master.changelog.json}
?[m?[37m[INFO] 11:44:42,392 [Test worker] jvm.JdbcExecutor. - DELETE FROM PUBLIC.vault_states {changeSet=migration/vault-schema.changelog-v3.xml::clean_vault::R3.Corda, databaseChangeLog=master.changelog.json}
?[m?[37m[INFO] 11:44:42,392 [Test worker] changelog.ChangeSet. - Data deleted from vault_states {changeSet=migration/vault-schema.changelog-v3.xml::clean_vault::R3.Corda, databaseChangeLog=master.changelog.json}
?[m?[37m[INFO] 11:44:42,392 [Test worker] jvm.JdbcExecutor. - DELETE FROM PUBLIC.vault_transaction_notes {changeSet=migration/vault-schema.changelog-v3.xml::clean_vault::R3.Corda, databaseChangeLog=master.changelog.json}
?[m?[37m[INFO] 11:44:42,392 [Test worker] changelog.ChangeSet. - Data deleted from vault_transaction_notes {changeSet=migration/vault-schema.changelog-v3.xml::clean_vault::R3.Corda, databaseChangeLog=master.changelog.json}
?[m?[37m[INFO] 11:44:42,392 [Test worker] changelog.ChangeSet. - ChangeSet migration/vault-schema.changelog-v3.xml::clean_vault::R3.Corda ran successfully in 0ms {changeSet=migration/vault-schema.changelog-v3.xml::clean_vault::R3.Corda, databaseChangeLog=master.changelog.json}
?[m?[37m[INFO] 11:44:42,393 [Test worker] jvm.JdbcExecutor. - INSERT INTO PUBLIC.DATABASECHANGELOG (ID, AUTHOR, FILENAME, DATEEXECUTED, ORDEREXECUTED, MD5SUM, DESCRIPTION, COMMENTS, EXECTYPE, CONTEXTS, LABELS, LIQUIBASE, DEPLOYMENT_ID) VALUES ('clean_vault', 'R3.Corda', 'migration/vault-schema.changelog-v3.xml', NOW(), 19, '8:0701d37bf9b322ada2323cea6db9393c', 'delete tableName=vault_fungible_states_parts; delete tableName=vault_fungible_states; delete tableName=vault_linear_states_parts; delete tableName=vault_linear_states; delete tableName=vault_states; delete tableName=vault_transaction_notes', '', 'EXECUTED', NULL, NULL, '3.6.3', '2067482353') {changeSet=migration/vault-schema.changelog-v3.xml::clean_vault::R3.Corda, databaseChangeLog=master.changelog.json}
?[m?[37m[INFO] 11:44:42,393 [Test worker] jvm.JdbcExecutor. - ALTER TABLE PUBLIC.vault_fungible_states ALTER COLUMN quantity SET NOT NULL {changeSet=migration/vault-schema.changelog-v4.xml::nullability::R3.Corda, databaseChangeLog=master.changelog.json}
?[m?[37m[INFO] 11:44:42,393 [Test worker] changelog.ChangeSet. - NOT NULL constraint has been added to vault_fungible_states.quantity {changeSet=migration/vault-schema.changelog-v4.xml::nullability::R3.Corda, databaseChangeLog=master.changelog.json}
?[m?[37m[INFO] 11:44:42,393 [Test worker] jvm.JdbcExecutor. - ALTER TABLE PUBLIC.vault_states ALTER COLUMN contract_state_class_name SET NOT NULL {changeSet=migration/vault-schema.changelog-v4.xml::nullability::R3.Corda, databaseChangeLog=master.changelog.json}
?[m?[37m[INFO] 11:44:42,393 [Test worker] changelog.ChangeSet. - NOT NULL constraint has been added to vault_states.contract_state_class_name {changeSet=migration/vault-schema.changelog-v4.xml::nullability::R3.Corda, databaseChangeLog=master.changelog.json}
?[m?[37m[INFO] 11:44:42,393 [Test worker] jvm.JdbcExecutor. - ALTER TABLE PUBLIC.vault_states ALTER COLUMN notary_name SET NOT NULL {changeSet=migration/vault-schema.changelog-v4.xml::nullability::R3.Corda, databaseChangeLog=master.changelog.json}
?[m?[37m[INFO] 11:44:42,393 [Test worker] changelog.ChangeSet. - NOT NULL constraint has been added to vault_states.notary_name {changeSet=migration/vault-schema.changelog-v4.xml::nullability::R3.Corda, databaseChangeLog=master.changelog.json}
?[m?[37m[INFO] 11:44:42,393 [Test worker] jvm.JdbcExecutor. - ALTER TABLE PUBLIC.vault_states ALTER COLUMN recorded_timestamp SET NOT NULL {changeSet=migration/vault-schema.changelog-v4.xml::nullability::R3.Corda, databaseChangeLog=master.changelog.json}
?[m?[37m[INFO] 11:44:42,393 [Test worker] changelog.ChangeSet. - NOT NULL constraint has been added to vault_states.recorded_timestamp {changeSet=migration/vault-schema.changelog-v4.xml::nullability::R3.Corda, databaseChangeLog=master.changelog.json}
?[m?[37m[INFO] 11:44:42,394 [Test worker] jvm.JdbcExecutor. - DROP INDEX PUBLIC.state_status_idx {changeSet=migration/vault-schema.changelog-v4.xml::nullability::R3.Corda, databaseChangeLog=master.changelog.json}
?[m?[37m[INFO] 11:44:42,394 [Test worker] changelog.ChangeSet. - Index state_status_idx dropped from table vault_states {changeSet=migration/vault-schema.changelog-v4.xml::nullability::R3.Corda, databaseChangeLog=master.changelog.json}
?[m?[37m[INFO] 11:44:42,394 [Test worker] jvm.JdbcExecutor. - DROP INDEX PUBLIC.lock_id_idx {changeSet=migration/vault-schema.changelog-v4.xml::nullability::R3.Corda, databaseChangeLog=master.changelog.json}
?[m?[37m[INFO] 11:44:42,394 [Test worker] changelog.ChangeSet. - Index lock_id_idx dropped from table vault_states {changeSet=migration/vault-schema.changelog-v4.xml::nullability::R3.Corda, databaseChangeLog=master.changelog.json}
?[m?[37m[INFO] 11:44:42,394 [Test worker] jvm.JdbcExecutor. - ALTER TABLE PUBLIC.vault_states ALTER COLUMN state_status SET NOT NULL {changeSet=migration/vault-schema.changelog-v4.xml::nullability::R3.Corda, databaseChangeLog=master.changelog.json}
?[m?[37m[INFO] 11:44:42,394 [Test worker] changelog.ChangeSet. - NOT NULL constraint has been added to vault_states.state_status {changeSet=migration/vault-schema.changelog-v4.xml::nullability::R3.Corda, databaseChangeLog=master.changelog.json}
?[m?[37m[INFO] 11:44:42,394 [Test worker] jvm.JdbcExecutor. - CREATE INDEX PUBLIC.state_status_idx ON PUBLIC.vault_states(state_status) {changeSet=migration/vault-schema.changelog-v4.xml::nullability::R3.Corda, databaseChangeLog=master.changelog.json}
?[m?[37m[INFO] 11:44:42,395 [Test worker] changelog.ChangeSet. - Index state_status_idx created {changeSet=migration/vault-schema.changelog-v4.xml::nullability::R3.Corda, databaseChangeLog=master.changelog.json}
?[m?[37m[INFO] 11:44:42,395 [Test worker] jvm.JdbcExecutor. - CREATE INDEX PUBLIC.lock_id_idx ON PUBLIC.vault_states(lock_id, state_status) {changeSet=migration/vault-schema.changelog-v4.xml::nullability::R3.Corda, databaseChangeLog=master.changelog.json}
?[m?[37m[INFO] 11:44:42,395 [Test worker] changelog.ChangeSet. - Index lock_id_idx created {changeSet=migration/vault-schema.changelog-v4.xml::nullability::R3.Corda, databaseChangeLog=master.changelog.json}
?[m?[37m[INFO] 11:44:42,395 [Test worker] jvm.JdbcExecutor. - DROP INDEX PUBLIC.transaction_id_index {changeSet=migration/vault-schema.changelog-v4.xml::nullability::R3.Corda, databaseChangeLog=master.changelog.json}
?[m?[37m[INFO] 11:44:42,395 [Test worker] changelog.ChangeSet. - Index transaction_id_index dropped from table vault_transaction_notes {changeSet=migration/vault-schema.changelog-v4.xml::nullability::R3.Corda, databaseChangeLog=master.changelog.json}
?[m?[37m[INFO] 11:44:42,395 [Test worker] jvm.JdbcExecutor. - ALTER TABLE PUBLIC.vault_transaction_notes ALTER COLUMN note SET NOT NULL {changeSet=migration/vault-schema.changelog-v4.xml::nullability::R3.Corda, databaseChangeLog=master.changelog.json}
?[m?[37m[INFO] 11:44:42,395 [Test worker] changelog.ChangeSet. - NOT NULL constraint has been added to vault_transaction_notes.note {changeSet=migration/vault-schema.changelog-v4.xml::nullability::R3.Corda, databaseChangeLog=master.changelog.json}
?[m?[37m[INFO] 11:44:42,395 [Test worker] jvm.JdbcExecutor. - ALTER TABLE PUBLIC.vault_transaction_notes ALTER COLUMN transaction_id SET NOT NULL {changeSet=migration/vault-schema.changelog-v4.xml::nullability::R3.Corda, databaseChangeLog=master.changelog.json}
?[m?[37m[INFO] 11:44:42,395 [Test worker] changelog.ChangeSet. - NOT NULL constraint has been added to vault_transaction_notes.transaction_id {changeSet=migration/vault-schema.changelog-v4.xml::nullability::R3.Corda, databaseChangeLog=master.changelog.json}
?[m?[37m[INFO] 11:44:42,395 [Test worker] jvm.JdbcExecutor. - CREATE INDEX PUBLIC.transaction_id_index ON PUBLIC.vault_transaction_notes(transaction_id) {changeSet=migration/vault-schema.changelog-v4.xml::nullability::R3.Corda, databaseChangeLog=master.changelog.json}
?[m?[37m[INFO] 11:44:42,395 [Test worker] changelog.ChangeSet. - Index transaction_id_index created {changeSet=migration/vault-schema.changelog-v4.xml::nullability::R3.Corda, databaseChangeLog=master.changelog.json}
?[m?[37m[INFO] 11:44:42,395 [Test worker] changelog.ChangeSet. - ChangeSet migration/vault-schema.changelog-v4.xml::nullability::R3.Corda ran successfully in 2ms {changeSet=migration/vault-schema.changelog-v4.xml::nullability::R3.Corda, databaseChangeLog=master.changelog.json}
?[m?[37m[INFO] 11:44:42,397 [Test worker] jvm.JdbcExecutor. - INSERT INTO PUBLIC.DATABASECHANGELOG (ID, AUTHOR, FILENAME, DATEEXECUTED, ORDEREXECUTED, MD5SUM, DESCRIPTION, COMMENTS, EXECTYPE, CONTEXTS, LABELS, LIQUIBASE, DEPLOYMENT_ID) VALUES ('nullability', 'R3.Corda', 'migration/vault-schema.changelog-v4.xml', NOW(), 20, '8:853fd1e24b974ff22712322ebb2860bf', 'addNotNullConstraint columnName=quantity, tableName=vault_fungible_states; addNotNullConstraint columnName=contract_state_class_name, tableName=vault_states; addNotNullConstraint columnName=notary_name, tableName=vault_states; addNotNullConstraint...', '', 'EXECUTED', NULL, NULL, '3.6.3', '2067482353') {changeSet=migration/vault-schema.changelog-v4.xml::nullability::R3.Corda, databaseChangeLog=master.changelog.json}
?[m?[37m[INFO] 11:44:42,399 [Test worker] jvm.JdbcExecutor. - INSERT INTO PUBLIC.DATABASECHANGELOG (ID, AUTHOR, FILENAME, DATEEXECUTED, ORDEREXECUTED, MD5SUM, DESCRIPTION, COMMENTS, EXECTYPE, CONTEXTS, LABELS, LIQUIBASE, DEPLOYMENT_ID) VALUES ('non-clustered_pk-11', 'R3.Corda', 'migration/vault-schema.changelog-pkey.xml', NOW(), 21, '8:7fca5375330f0b3b62de65b84274dd6e', 'dropForeignKeyConstraint baseTableName=vault_fungible_states_parts, constraintName=FK__fung_st_parts__fung_st; dropPrimaryKey constraintName=vault_fungible_states_pkey, tableName=vault_fungible_states; addPrimaryKey constraintName=vault_fungible_s...', '', 'MARK_RAN', NULL, NULL, '3.6.3', '2067482353') {changeSet=migration/vault-schema.changelog-pkey.xml::non-clustered_pk-11::R3.Corda, databaseChangeLog=master.changelog.json}
?[m?[37m[INFO] 11:44:42,400 [Test worker] jvm.JdbcExecutor. - INSERT INTO PUBLIC.DATABASECHANGELOG (ID, AUTHOR, FILENAME, DATEEXECUTED, ORDEREXECUTED, MD5SUM, DESCRIPTION, COMMENTS, EXECTYPE, CONTEXTS, LABELS, LIQUIBASE, DEPLOYMENT_ID) VALUES ('non-clustered_pk-12', 'R3.Corda', 'migration/vault-schema.changelog-pkey.xml', NOW(), 22, '8:8469058af292b08d108fcf1b3eb8fca4', 'dropForeignKeyConstraint baseTableName=vault_linear_states_parts, constraintName=FK__lin_stat_parts__lin_stat; dropPrimaryKey constraintName=vault_linear_states_pkey, tableName=vault_linear_states; addPrimaryKey constraintName=vault_linear_states_...', '', 'MARK_RAN', NULL, NULL, '3.6.3', '2067482353') {changeSet=migration/vault-schema.changelog-pkey.xml::non-clustered_pk-12::R3.Corda, databaseChangeLog=master.changelog.json}
?[m?[37m[INFO] 11:44:42,402 [Test worker] jvm.JdbcExecutor. - INSERT INTO PUBLIC.DATABASECHANGELOG (ID, AUTHOR, FILENAME, DATEEXECUTED, ORDEREXECUTED, MD5SUM, DESCRIPTION, COMMENTS, EXECTYPE, CONTEXTS, LABELS, LIQUIBASE, DEPLOYMENT_ID) VALUES ('non-clustered_pk-13', 'R3.Corda', 'migration/vault-schema.changelog-pkey.xml', NOW(), 23, '8:e0ccce8941c28a45870d60f5bf54cd50', 'dropPrimaryKey constraintName=vault_states_pkey, tableName=vault_states; addPrimaryKey constraintName=vault_states_pkey, tableName=vault_states', '', 'MARK_RAN', NULL, NULL, '3.6.3', '2067482353') {changeSet=migration/vault-schema.changelog-pkey.xml::non-clustered_pk-13::R3.Corda, databaseChangeLog=master.changelog.json}
?[m?[37m[INFO] 11:44:42,403 [Test worker] jvm.JdbcExecutor. - ALTER TABLE PUBLIC.vault_states ADD relevancy_status INT {changeSet=migration/vault-schema.changelog-v5.xml::add_relevancy_status_column::R3.Corda, databaseChangeLog=master.changelog.json}
?[m?[37m[INFO] 11:44:42,404 [Test worker] changelog.ChangeSet. - Columns relevancy_status(INT) added to vault_states {changeSet=migration/vault-schema.changelog-v5.xml::add_relevancy_status_column::R3.Corda, databaseChangeLog=master.changelog.json}
?[m?[37m[INFO] 11:44:42,404 [Test worker] jvm.JdbcExecutor. - UPDATE PUBLIC.vault_states SET relevancy_status = 0 {changeSet=migration/vault-schema.changelog-v5.xml::add_relevancy_status_column::R3.Corda, databaseChangeLog=master.changelog.json}
?[m?[37m[INFO] 11:44:42,404 [Test worker] changelog.ChangeSet. - Data updated in vault_states {changeSet=migration/vault-schema.changelog-v5.xml::add_relevancy_status_column::R3.Corda, databaseChangeLog=master.changelog.json}
?[m?[37m[INFO] 11:44:42,404 [Test worker] jvm.JdbcExecutor. - ALTER TABLE PUBLIC.vault_states ALTER COLUMN relevancy_status SET NOT NULL {changeSet=migration/vault-schema.changelog-v5.xml::add_relevancy_status_column::R3.Corda, databaseChangeLog=master.changelog.json}
?[m?[37m[INFO] 11:44:42,404 [Test worker] changelog.ChangeSet. - NOT NULL constraint has been added to vault_states.relevancy_status {changeSet=migration/vault-schema.changelog-v5.xml::add_relevancy_status_column::R3.Corda, databaseChangeLog=master.changelog.json}
?[m?[37m[INFO] 11:44:42,404 [Test worker] changelog.ChangeSet. - ChangeSet migration/vault-schema.changelog-v5.xml::add_relevancy_status_column::R3.Corda ran successfully in 2ms {changeSet=migration/vault-schema.changelog-v5.xml::add_relevancy_status_column::R3.Corda, databaseChangeLog=master.changelog.json}
?[m?[37m[INFO] 11:44:42,405 [Test worker] jvm.JdbcExecutor. - INSERT INTO PUBLIC.DATABASECHANGELOG (ID, AUTHOR, FILENAME, DATEEXECUTED, ORDEREXECUTED, MD5SUM, DESCRIPTION, COMMENTS, EXECTYPE, CONTEXTS, LABELS, LIQUIBASE, DEPLOYMENT_ID) VALUES ('add_relevancy_status_column', 'R3.Corda', 'migration/vault-schema.changelog-v5.xml', NOW(), 24, '8:93c5dcaf00387d4d643def4355a54b56', 'addColumn tableName=vault_states; update tableName=vault_states; addNotNullConstraint columnName=relevancy_status, tableName=vault_states', '', 'EXECUTED', NULL, NULL, '3.6.3', '2067482353') {changeSet=migration/vault-schema.changelog-v5.xml::add_relevancy_status_column::R3.Corda, databaseChangeLog=master.changelog.json}
?[m?[37m[INFO] 11:44:42,405 [Test worker] jvm.JdbcExecutor. - ALTER TABLE PUBLIC.vault_states ADD constraint_type INT DEFAULT '0' NOT NULL {changeSet=migration/vault-schema.changelog-v6.xml::add_is_constraint_information_columns::R3.Corda, databaseChangeLog=master.changelog.json}
?[m?[37m[INFO] 11:44:42,407 [Test worker] changelog.ChangeSet. - Columns constraint_type(INT) added to vault_states {changeSet=migration/vault-schema.changelog-v6.xml::add_is_constraint_information_columns::R3.Corda, databaseChangeLog=master.changelog.json}
?[m?[37m[INFO] 11:44:42,407 [Test worker] jvm.JdbcExecutor. - ALTER TABLE PUBLIC.vault_states ADD constraint_data VARBINARY(563) {changeSet=migration/vault-schema.changelog-v6.xml::add_is_constraint_information_columns::R3.Corda, databaseChangeLog=master.changelog.json}
?[m?[37m[INFO] 11:44:42,409 [Test worker] changelog.ChangeSet. - Columns constraint_data(varbinary(563)) added to vault_states {changeSet=migration/vault-schema.changelog-v6.xml::add_is_constraint_information_columns::R3.Corda, databaseChangeLog=master.changelog.json}
?[m?[37m[INFO] 11:44:42,409 [Test worker] changelog.ChangeSet. - ChangeSet migration/vault-schema.changelog-v6.xml::add_is_constraint_information_columns::R3.Corda ran successfully in 4ms {changeSet=migration/vault-schema.changelog-v6.xml::add_is_constraint_information_columns::R3.Corda, databaseChangeLog=master.changelog.json}
?[m?[37m[INFO] 11:44:42,410 [Test worker] jvm.JdbcExecutor. - INSERT INTO PUBLIC.DATABASECHANGELOG (ID, AUTHOR, FILENAME, DATEEXECUTED, ORDEREXECUTED, MD5SUM, DESCRIPTION, COMMENTS, EXECTYPE, CONTEXTS, LABELS, LIQUIBASE, DEPLOYMENT_ID) VALUES ('add_is_constraint_information_columns', 'R3.Corda', 'migration/vault-schema.changelog-v6.xml', NOW(), 25, '8:acf60bd84f648e157d402de8f8e22f3a', 'addColumn tableName=vault_states; addColumn tableName=vault_states', '', 'EXECUTED', NULL, NULL, '3.6.3', '2067482353') {changeSet=migration/vault-schema.changelog-v6.xml::add_is_constraint_information_columns::R3.Corda, databaseChangeLog=master.changelog.json}
?[m?[37m[INFO] 11:44:42,410 [Test worker] jvm.JdbcExecutor. - ALTER TABLE PUBLIC.vault_fungible_states ALTER COLUMN issuer_ref SET NULL {changeSet=migration/vault-schema.changelog-v7.xml::make_issuer_ref_nullable::R3.Corda, databaseChangeLog=master.changelog.json}
?[m?[37m[INFO] 11:44:42,410 [Test worker] changelog.ChangeSet. - Null constraint dropped from vault_fungible_states.issuer_ref {changeSet=migration/vault-schema.changelog-v7.xml::make_issuer_ref_nullable::R3.Corda, databaseChangeLog=master.changelog.json}
?[m?[37m[INFO] 11:44:42,410 [Test worker] changelog.ChangeSet. - ChangeSet migration/vault-schema.changelog-v7.xml::make_issuer_ref_nullable::R3.Corda ran successfully in 0ms {changeSet=migration/vault-schema.changelog-v7.xml::make_issuer_ref_nullable::R3.Corda, databaseChangeLog=master.changelog.json}
?[m?[37m[INFO] 11:44:42,411 [Test worker] jvm.JdbcExecutor. - INSERT INTO PUBLIC.DATABASECHANGELOG (ID, AUTHOR, FILENAME, DATEEXECUTED, ORDEREXECUTED, MD5SUM, DESCRIPTION, COMMENTS, EXECTYPE, CONTEXTS, LABELS, LIQUIBASE, DEPLOYMENT_ID) VALUES ('make_issuer_ref_nullable', 'R3.Corda', 'migration/vault-schema.changelog-v7.xml', NOW(), 26, '8:58039722b4808e90a7711d3c82e5fc95', 'dropNotNullConstraint columnName=issuer_ref, tableName=vault_fungible_states', '', 'EXECUTED', NULL, NULL, '3.6.3', '2067482353') {changeSet=migration/vault-schema.changelog-v7.xml::make_issuer_ref_nullable::R3.Corda, databaseChangeLog=master.changelog.json}
?[m?[37m[INFO] 11:44:42,412 [Test worker] jvm.JdbcExecutor. - CREATE TABLE PUBLIC.state_party (output_index INT, transaction_id NVARCHAR(64), public_key_hash NVARCHAR(255) NOT NULL, x500_name NVARCHAR(255)) {changeSet=migration/vault-schema.changelog-v8.xml::create-external-id-to-state-party-view::R3.Corda, databaseChangeLog=master.changelog.json}
?[m?[37m[INFO] 11:44:42,412 [Test worker] changelog.ChangeSet. - Table state_party created {changeSet=migration/vault-schema.changelog-v8.xml::create-external-id-to-state-party-view::R3.Corda, databaseChangeLog=master.changelog.json}
?[m?[37m[INFO] 11:44:42,412 [Test worker] jvm.JdbcExecutor. - CREATE INDEX PUBLIC.state_pk_hash_idx ON PUBLIC.state_party(public_key_hash) {changeSet=migration/vault-schema.changelog-v8.xml::create-external-id-to-state-party-view::R3.Corda, databaseChangeLog=master.changelog.json}
?[m?[37m[INFO] 11:44:42,412 [Test worker] changelog.ChangeSet. - Index state_pk_hash_idx created {changeSet=migration/vault-schema.changelog-v8.xml::create-external-id-to-state-party-view::R3.Corda, databaseChangeLog=master.changelog.json}
?[m?[37m[INFO] 11:44:42,413 [Test worker] jvm.JdbcExecutor. - CREATE TABLE PUBLIC.pk_hash_to_ext_id_map (id BIGINT NOT NULL, external_id VARCHAR(255) NOT NULL, public_key_hash NVARCHAR(255) NOT NULL) {changeSet=migration/vault-schema.changelog-v8.xml::create-external-id-to-state-party-view::R3.Corda, databaseChangeLog=master.changelog.json}
?[m?[37m[INFO] 11:44:42,413 [Test worker] changelog.ChangeSet. - Table pk_hash_to_ext_id_map created {changeSet=migration/vault-schema.changelog-v8.xml::create-external-id-to-state-party-view::R3.Corda, databaseChangeLog=master.changelog.json}
?[m?[37m[INFO] 11:44:42,413 [Test worker] jvm.JdbcExecutor. - CREATE INDEX PUBLIC.pk_hash_to_xid_idx ON PUBLIC.pk_hash_to_ext_id_map(public_key_hash) {changeSet=migration/vault-schema.changelog-v8.xml::create-external-id-to-state-party-view::R3.Corda, databaseChangeLog=master.changelog.json}
?[m?[37m[INFO] 11:44:42,413 [Test worker] changelog.ChangeSet. - Index pk_hash_to_xid_idx created {changeSet=migration/vault-schema.changelog-v8.xml::create-external-id-to-state-party-view::R3.Corda, databaseChangeLog=master.changelog.json}
?[m?[37m[INFO] 11:44:42,414 [Test worker] jvm.JdbcExecutor. - CREATE VIEW PUBLIC.v_pkey_hash_ex_id_map AS select
                state_party.public_key_hash,
                state_party.transaction_id,
                state_party.output_index,
                pk_hash_to_ext_id_map.external_id
            from state_party
            join pk_hash_to_ext_id_map
            on state_party.public_key_hash = pk_hash_to_ext_id_map.public_key_hash {changeSet=migration/vault-schema.changelog-v8.xml::create-external-id-to-state-party-view::R3.Corda, databaseChangeLog=master.changelog.json}
?[m?[37m[INFO] 11:44:42,414 [Test worker] changelog.ChangeSet. - View v_pkey_hash_ex_id_map created {changeSet=migration/vault-schema.changelog-v8.xml::create-external-id-to-state-party-view::R3.Corda, databaseChangeLog=master.changelog.json}
?[m?[37m[INFO] 11:44:42,414 [Test worker] changelog.ChangeSet. - ChangeSet migration/vault-schema.changelog-v8.xml::create-external-id-to-state-party-view::R3.Corda ran successfully in 2ms {changeSet=migration/vault-schema.changelog-v8.xml::create-external-id-to-state-party-view::R3.Corda, databaseChangeLog=master.changelog.json}
?[m?[37m[INFO] 11:44:42,415 [Test worker] jvm.JdbcExecutor. - INSERT INTO PUBLIC.DATABASECHANGELOG (ID, AUTHOR, FILENAME, DATEEXECUTED, ORDEREXECUTED, MD5SUM, DESCRIPTION, COMMENTS, EXECTYPE, CONTEXTS, LABELS, LIQUIBASE, DEPLOYMENT_ID) VALUES ('create-external-id-to-state-party-view', 'R3.Corda', 'migration/vault-schema.changelog-v8.xml', NOW(), 27, '8:9a5b20f7b7367bb3b86f600bccaa423b', 'createTable tableName=state_party; createIndex indexName=state_pk_hash_idx, tableName=state_party; createTable tableName=pk_hash_to_ext_id_map; createIndex indexName=pk_hash_to_xid_idx, tableName=pk_hash_to_ext_id_map; createView viewName=v_pkey_h...', '', 'EXECUTED', NULL, NULL, '3.6.3', '2067482353') {changeSet=migration/vault-schema.changelog-v8.xml::create-external-id-to-state-party-view::R3.Corda, databaseChangeLog=master.changelog.json}
?[m?[37m[INFO] 11:44:42,416 [Test worker] jvm.JdbcExecutor. - ALTER TABLE PUBLIC.vault_states ALTER COLUMN constraint_data VARBINARY(20000) {changeSet=migration/vault-schema.changelog-v11.xml::expand_constraint_data_size::R3.Corda, databaseChangeLog=master.changelog.json}
?[m?[37m[INFO] 11:44:42,418 [Test worker] changelog.ChangeSet. - vault_states.constraint_data datatype was changed to varbinary(20000) {changeSet=migration/vault-schema.changelog-v11.xml::expand_constraint_data_size::R3.Corda, databaseChangeLog=master.changelog.json}
?[m?[37m[INFO] 11:44:42,418 [Test worker] changelog.ChangeSet. - ChangeSet migration/vault-schema.changelog-v11.xml::expand_constraint_data_size::R3.Corda ran successfully in 2ms {changeSet=migration/vault-schema.changelog-v11.xml::expand_constraint_data_size::R3.Corda, databaseChangeLog=master.changelog.json}
?[m?[37m[INFO] 11:44:42,419 [Test worker] jvm.JdbcExecutor. - INSERT INTO PUBLIC.DATABASECHANGELOG (ID, AUTHOR, FILENAME, DATEEXECUTED, ORDEREXECUTED, MD5SUM, DESCRIPTION, COMMENTS, EXECTYPE, CONTEXTS, LABELS, LIQUIBASE, DEPLOYMENT_ID) VALUES ('expand_constraint_data_size', 'R3.Corda', 'migration/vault-schema.changelog-v11.xml', NOW(), 28, '8:0bd51f3d930d4b03d7b1075454bb2d70', 'modifyDataType columnName=constraint_data, tableName=vault_states', '', 'EXECUTED', NULL, NULL, '3.6.3', '2067482353') {changeSet=migration/vault-schema.changelog-v11.xml::expand_constraint_data_size::R3.Corda, databaseChangeLog=master.changelog.json}
?[m?[37m[INFO] 11:44:42,420 [Test worker] jvm.JdbcExecutor. - CREATE TABLE PUBLIC.node_link_nodeinfo_party (node_info_id INT NOT NULL, party_name NVARCHAR(255) NOT NULL) {changeSet=migration/node-info.changelog-init.xml::1511451595465-4::R3.Corda, databaseChangeLog=master.changelog.json}
?[m?[37m[INFO] 11:44:42,420 [Test worker] changelog.ChangeSet. - Table node_link_nodeinfo_party created {changeSet=migration/node-info.changelog-init.xml::1511451595465-4::R3.Corda, databaseChangeLog=master.changelog.json}
?[m?[37m[INFO] 11:44:42,420 [Test worker] changelog.ChangeSet. - ChangeSet migration/node-info.changelog-init.xml::1511451595465-4::R3.Corda ran successfully in 0ms {changeSet=migration/node-info.changelog-init.xml::1511451595465-4::R3.Corda, databaseChangeLog=master.changelog.json}
?[m?[37m[INFO] 11:44:42,420 [Test worker] jvm.JdbcExecutor. - INSERT INTO PUBLIC.DATABASECHANGELOG (ID, AUTHOR, FILENAME, DATEEXECUTED, ORDEREXECUTED, MD5SUM, DESCRIPTION, COMMENTS, EXECTYPE, CONTEXTS, LABELS, LIQUIBASE, DEPLOYMENT_ID) VALUES ('1511451595465-4', 'R3.Corda', 'migration/node-info.changelog-init.xml', NOW(), 29, '8:cbf3edf78266c3bd22738eaf20c7c111', 'createTable tableName=node_link_nodeinfo_party', '', 'EXECUTED', NULL, NULL, '3.6.3', '2067482353') {changeSet=migration/node-info.changelog-init.xml::1511451595465-4::R3.Corda, databaseChangeLog=master.changelog.json}
?[m?[37m[INFO] 11:44:42,421 [Test worker] jvm.JdbcExecutor. - CREATE TABLE PUBLIC.node_info_hosts (host NVARCHAR(255) NOT NULL, port INT NOT NULL, node_info_id INT) {changeSet=migration/node-info.changelog-init.xml::1511451595465-10::R3.Corda, databaseChangeLog=master.changelog.json}
?[m?[37m[INFO] 11:44:42,421 [Test worker] changelog.ChangeSet. - Table node_info_hosts created {changeSet=migration/node-info.changelog-init.xml::1511451595465-10::R3.Corda, databaseChangeLog=master.changelog.json}
?[m?[37m[INFO] 11:44:42,421 [Test worker] changelog.ChangeSet. - ChangeSet migration/node-info.changelog-init.xml::1511451595465-10::R3.Corda ran successfully in 0ms {changeSet=migration/node-info.changelog-init.xml::1511451595465-10::R3.Corda, databaseChangeLog=master.changelog.json}
?[m?[37m[INFO] 11:44:42,422 [Test worker] jvm.JdbcExecutor. - INSERT INTO PUBLIC.DATABASECHANGELOG (ID, AUTHOR, FILENAME, DATEEXECUTED, ORDEREXECUTED, MD5SUM, DESCRIPTION, COMMENTS, EXECTYPE, CONTEXTS, LABELS, LIQUIBASE, DEPLOYMENT_ID) VALUES ('1511451595465-10', 'R3.Corda', 'migration/node-info.changelog-init.xml', NOW(), 30, '8:f0b2c5a77ffde6aaa3c417095fc220a9', 'createTable tableName=node_info_hosts', '', 'EXECUTED', NULL, NULL, '3.6.3', '2067482353') {changeSet=migration/node-info.changelog-init.xml::1511451595465-10::R3.Corda, databaseChangeLog=master.changelog.json}
?[m?[37m[INFO] 11:44:42,423 [Test worker] jvm.JdbcExecutor. - CREATE TABLE PUBLIC.node_info_party_cert (party_name NVARCHAR(255) NOT NULL, ismain BOOLEAN NOT NULL, owning_key_hash NVARCHAR(130), party_cert_binary BLOB) {changeSet=migration/node-info.changelog-init.xml::1511451595465-11::R3.Corda, databaseChangeLog=master.changelog.json}
?[m?[37m[INFO] 11:44:42,423 [Test worker] changelog.ChangeSet. - Table node_info_party_cert created {changeSet=migration/node-info.changelog-init.xml::1511451595465-11::R3.Corda, databaseChangeLog=master.changelog.json}
?[m?[37m[INFO] 11:44:42,423 [Test worker] changelog.ChangeSet. - ChangeSet migration/node-info.changelog-init.xml::1511451595465-11::R3.Corda ran successfully in 1ms {changeSet=migration/node-info.changelog-init.xml::1511451595465-11::R3.Corda, databaseChangeLog=master.changelog.json}
?[m?[37m[INFO] 11:44:42,424 [Test worker] jvm.JdbcExecutor. - INSERT INTO PUBLIC.DATABASECHANGELOG (ID, AUTHOR, FILENAME, DATEEXECUTED, ORDEREXECUTED, MD5SUM, DESCRIPTION, COMMENTS, EXECTYPE, CONTEXTS, LABELS, LIQUIBASE, DEPLOYMENT_ID) VALUES ('1511451595465-11', 'R3.Corda', 'migration/node-info.changelog-init.xml', NOW(), 31, '8:5eacbf7ce0d85376219f1903b55f5e18', 'createTable tableName=node_info_party_cert', '', 'EXECUTED', NULL, NULL, '3.6.3', '2067482353') {changeSet=migration/node-info.changelog-init.xml::1511451595465-11::R3.Corda, databaseChangeLog=master.changelog.json}
?[m?[37m[INFO] 11:44:42,425 [Test worker] jvm.JdbcExecutor. - CREATE TABLE PUBLIC.node_infos (node_info_id INT NOT NULL, node_info_hash NVARCHAR(64), platform_version INT, serial BIGINT) {changeSet=migration/node-info.changelog-init.xml::1511451595465-12::R3.Corda, databaseChangeLog=master.changelog.json}
?[m?[37m[INFO] 11:44:42,426 [Test worker] changelog.ChangeSet. - Table node_infos created {changeSet=migration/node-info.changelog-init.xml::1511451595465-12::R3.Corda, databaseChangeLog=master.changelog.json}
?[m?[37m[INFO] 11:44:42,426 [Test worker] changelog.ChangeSet. - ChangeSet migration/node-info.changelog-init.xml::1511451595465-12::R3.Corda ran successfully in 1ms {changeSet=migration/node-info.changelog-init.xml::1511451595465-12::R3.Corda, databaseChangeLog=master.changelog.json}
?[m?[37m[INFO] 11:44:42,427 [Test worker] jvm.JdbcExecutor. - INSERT INTO PUBLIC.DATABASECHANGELOG (ID, AUTHOR, FILENAME, DATEEXECUTED, ORDEREXECUTED, MD5SUM, DESCRIPTION, COMMENTS, EXECTYPE, CONTEXTS, LABELS, LIQUIBASE, DEPLOYMENT_ID) VALUES ('1511451595465-12', 'R3.Corda', 'migration/node-info.changelog-init.xml', NOW(), 32, '8:7e30f20cf268860d637ecfb8635f45a3', 'createTable tableName=node_infos', '', 'EXECUTED', NULL, NULL, '3.6.3', '2067482353') {changeSet=migration/node-info.changelog-init.xml::1511451595465-12::R3.Corda, databaseChangeLog=master.changelog.json}
?[m?[37m[INFO] 11:44:42,428 [Test worker] jvm.JdbcExecutor. - ALTER TABLE PUBLIC.node_info_hosts ADD CONSTRAINT node_info_hosts_pkey PRIMARY KEY (host, port) {changeSet=migration/node-info.changelog-init.xml::1511451595465-35::R3.Corda, databaseChangeLog=master.changelog.json}
?[m?[37m[INFO] 11:44:42,428 [Test worker] changelog.ChangeSet. - Primary key added to node_info_hosts (host, port) {changeSet=migration/node-info.changelog-init.xml::1511451595465-35::R3.Corda, databaseChangeLog=master.changelog.json}
?[m?[37m[INFO] 11:44:42,428 [Test worker] changelog.ChangeSet. - ChangeSet migration/node-info.changelog-init.xml::1511451595465-35::R3.Corda ran successfully in 0ms {changeSet=migration/node-info.changelog-init.xml::1511451595465-35::R3.Corda, databaseChangeLog=master.changelog.json}
?[m?[37m[INFO] 11:44:42,429 [Test worker] jvm.JdbcExecutor. - INSERT INTO PUBLIC.DATABASECHANGELOG (ID, AUTHOR, FILENAME, DATEEXECUTED, ORDEREXECUTED, MD5SUM, DESCRIPTION, COMMENTS, EXECTYPE, CONTEXTS, LABELS, LIQUIBASE, DEPLOYMENT_ID) VALUES ('1511451595465-35', 'R3.Corda', 'migration/node-info.changelog-init.xml', NOW(), 33, '8:0d1a734e7350a8278808f540d992fedf', 'addPrimaryKey constraintName=node_info_hosts_pkey, tableName=node_info_hosts', '', 'EXECUTED', NULL, NULL, '3.6.3', '2067482353') {changeSet=migration/node-info.changelog-init.xml::1511451595465-35::R3.Corda, databaseChangeLog=master.changelog.json}
?[m?[37m[INFO] 11:44:42,429 [Test worker] jvm.JdbcExecutor. - ALTER TABLE PUBLIC.node_info_party_cert ADD CONSTRAINT node_info_party_cert_pkey PRIMARY KEY (party_name) {changeSet=migration/node-info.changelog-init.xml::1511451595465-36::R3.Corda, databaseChangeLog=master.changelog.json}
?[m?[37m[INFO] 11:44:42,429 [Test worker] changelog.ChangeSet. - Primary key added to node_info_party_cert (party_name) {changeSet=migration/node-info.changelog-init.xml::1511451595465-36::R3.Corda, databaseChangeLog=master.changelog.json}
?[m?[37m[INFO] 11:44:42,429 [Test worker] changelog.ChangeSet. - ChangeSet migration/node-info.changelog-init.xml::1511451595465-36::R3.Corda ran successfully in 0ms {changeSet=migration/node-info.changelog-init.xml::1511451595465-36::R3.Corda, databaseChangeLog=master.changelog.json}
?[m?[37m[INFO] 11:44:42,430 [Test worker] jvm.JdbcExecutor. - INSERT INTO PUBLIC.DATABASECHANGELOG (ID, AUTHOR, FILENAME, DATEEXECUTED, ORDEREXECUTED, MD5SUM, DESCRIPTION, COMMENTS, EXECTYPE, CONTEXTS, LABELS, LIQUIBASE, DEPLOYMENT_ID) VALUES ('1511451595465-36', 'R3.Corda', 'migration/node-info.changelog-init.xml', NOW(), 34, '8:dc78ba227ce869f406d2645c2064e8dc', 'addPrimaryKey constraintName=node_info_party_cert_pkey, tableName=node_info_party_cert', '', 'EXECUTED', NULL, NULL, '3.6.3', '2067482353') {changeSet=migration/node-info.changelog-init.xml::1511451595465-36::R3.Corda, databaseChangeLog=master.changelog.json}
?[m?[37m[INFO] 11:44:42,430 [Test worker] jvm.JdbcExecutor. - ALTER TABLE PUBLIC.node_infos ADD CONSTRAINT node_infos_pkey PRIMARY KEY (node_info_id) {changeSet=migration/node-info.changelog-init.xml::1511451595465-37::R3.Corda, databaseChangeLog=master.changelog.json}
?[m?[37m[INFO] 11:44:42,430 [Test worker] changelog.ChangeSet. - Primary key added to node_infos (node_info_id) {changeSet=migration/node-info.changelog-init.xml::1511451595465-37::R3.Corda, databaseChangeLog=master.changelog.json}
?[m?[37m[INFO] 11:44:42,430 [Test worker] changelog.ChangeSet. - ChangeSet migration/node-info.changelog-init.xml::1511451595465-37::R3.Corda ran successfully in 0ms {changeSet=migration/node-info.changelog-init.xml::1511451595465-37::R3.Corda, databaseChangeLog=master.changelog.json}
?[m?[37m[INFO] 11:44:42,431 [Test worker] jvm.JdbcExecutor. - INSERT INTO PUBLIC.DATABASECHANGELOG (ID, AUTHOR, FILENAME, DATEEXECUTED, ORDEREXECUTED, MD5SUM, DESCRIPTION, COMMENTS, EXECTYPE, CONTEXTS, LABELS, LIQUIBASE, DEPLOYMENT_ID) VALUES ('1511451595465-37', 'R3.Corda', 'migration/node-info.changelog-init.xml', NOW(), 35, '8:c07cbda2d04c6d77539ac802c66df023', 'addPrimaryKey constraintName=node_infos_pkey, tableName=node_infos', '', 'EXECUTED', NULL, NULL, '3.6.3', '2067482353') {changeSet=migration/node-info.changelog-init.xml::1511451595465-37::R3.Corda, databaseChangeLog=master.changelog.json}
?[m?[37m[INFO] 11:44:42,431 [Test worker] jvm.JdbcExecutor. - ALTER TABLE PUBLIC.node_link_nodeinfo_party ADD CONSTRAINT FK__link_nodeinfo_party__infos FOREIGN KEY (node_info_id) REFERENCES PUBLIC.node_infos (node_info_id) {changeSet=migration/node-info.changelog-init.xml::1511451595465-62::R3.Corda, databaseChangeLog=master.changelog.json}
?[m?[37m[INFO] 11:44:42,432 [Test worker] changelog.ChangeSet. - Foreign key constraint added to node_link_nodeinfo_party (node_info_id) {changeSet=migration/node-info.changelog-init.xml::1511451595465-62::R3.Corda, databaseChangeLog=master.changelog.json}
?[m?[37m[INFO] 11:44:42,432 [Test worker] changelog.ChangeSet. - ChangeSet migration/node-info.changelog-init.xml::1511451595465-62::R3.Corda ran successfully in 1ms {changeSet=migration/node-info.changelog-init.xml::1511451595465-62::R3.Corda, databaseChangeLog=master.changelog.json}
?[m?[37m[INFO] 11:44:42,433 [Test worker] jvm.JdbcExecutor. - INSERT INTO PUBLIC.DATABASECHANGELOG (ID, AUTHOR, FILENAME, DATEEXECUTED, ORDEREXECUTED, MD5SUM, DESCRIPTION, COMMENTS, EXECTYPE, CONTEXTS, LABELS, LIQUIBASE, DEPLOYMENT_ID) VALUES ('1511451595465-62', 'R3.Corda', 'migration/node-info.changelog-init.xml', NOW(), 36, '8:073bbdb8865055a19cde67340a2063e2', 'addForeignKeyConstraint baseTableName=node_link_nodeinfo_party, constraintName=FK__link_nodeinfo_party__infos, referencedTableName=node_infos', '', 'EXECUTED', NULL, NULL, '3.6.3', '2067482353') {changeSet=migration/node-info.changelog-init.xml::1511451595465-62::R3.Corda, databaseChangeLog=master.changelog.json}
?[m?[37m[INFO] 11:44:42,433 [Test worker] jvm.JdbcExecutor. - ALTER TABLE PUBLIC.node_info_hosts ADD CONSTRAINT FK__info_hosts__infos FOREIGN KEY (node_info_id) REFERENCES PUBLIC.node_infos (node_info_id) {changeSet=migration/node-info.changelog-init.xml::1511451595465-63::R3.Corda, databaseChangeLog=master.changelog.json}
?[m?[37m[INFO] 11:44:42,434 [Test worker] changelog.ChangeSet. - Foreign key constraint added to node_info_hosts (node_info_id) {changeSet=migration/node-info.changelog-init.xml::1511451595465-63::R3.Corda, databaseChangeLog=master.changelog.json}
?[m?[37m[INFO] 11:44:42,434 [Test worker] changelog.ChangeSet. - ChangeSet migration/node-info.changelog-init.xml::1511451595465-63::R3.Corda ran successfully in 1ms {changeSet=migration/node-info.changelog-init.xml::1511451595465-63::R3.Corda, databaseChangeLog=master.changelog.json}
?[m?[37m[INFO] 11:44:42,436 [Test worker] jvm.JdbcExecutor. - INSERT INTO PUBLIC.DATABASECHANGELOG (ID, AUTHOR, FILENAME, DATEEXECUTED, ORDEREXECUTED, MD5SUM, DESCRIPTION, COMMENTS, EXECTYPE, CONTEXTS, LABELS, LIQUIBASE, DEPLOYMENT_ID) VALUES ('1511451595465-63', 'R3.Corda', 'migration/node-info.changelog-init.xml', NOW(), 37, '8:fa5ee007de41334ad2ac991b32969076', 'addForeignKeyConstraint baseTableName=node_info_hosts, constraintName=FK__info_hosts__infos, referencedTableName=node_infos', '', 'EXECUTED', NULL, NULL, '3.6.3', '2067482353') {changeSet=migration/node-info.changelog-init.xml::1511451595465-63::R3.Corda, databaseChangeLog=master.changelog.json}
?[m?[37m[INFO] 11:44:42,436 [Test worker] jvm.JdbcExecutor. - DELETE FROM PUBLIC.node_infos {changeSet=migration/node-info.changelog-init.xml::remove_host_port_pk::R3.Corda, databaseChangeLog=master.changelog.json}
?[m?[37m[INFO] 11:44:42,436 [Test worker] changelog.ChangeSet. - Data deleted from node_infos {changeSet=migration/node-info.changelog-init.xml::remove_host_port_pk::R3.Corda, databaseChangeLog=master.changelog.json}
?[m?[37m[INFO] 11:44:42,436 [Test worker] jvm.JdbcExecutor. - DELETE FROM PUBLIC.node_link_nodeinfo_party {changeSet=migration/node-info.changelog-init.xml::remove_host_port_pk::R3.Corda, databaseChangeLog=master.changelog.json}
?[m?[37m[INFO] 11:44:42,436 [Test worker] changelog.ChangeSet. - Data deleted from node_link_nodeinfo_party {changeSet=migration/node-info.changelog-init.xml::remove_host_port_pk::R3.Corda, databaseChangeLog=master.changelog.json}
?[m?[37m[INFO] 11:44:42,436 [Test worker] jvm.JdbcExecutor. - DELETE FROM PUBLIC.node_info_hosts {changeSet=migration/node-info.changelog-init.xml::remove_host_port_pk::R3.Corda, databaseChangeLog=master.changelog.json}
?[m?[37m[INFO] 11:44:42,436 [Test worker] changelog.ChangeSet. - Data deleted from node_info_hosts {changeSet=migration/node-info.changelog-init.xml::remove_host_port_pk::R3.Corda, databaseChangeLog=master.changelog.json}
?[m?[37m[INFO] 11:44:42,436 [Test worker] jvm.JdbcExecutor. - DELETE FROM PUBLIC.node_info_party_cert {changeSet=migration/node-info.changelog-init.xml::remove_host_port_pk::R3.Corda, databaseChangeLog=master.changelog.json}
?[m?[37m[INFO] 11:44:42,436 [Test worker] changelog.ChangeSet. - Data deleted from node_info_party_cert {changeSet=migration/node-info.changelog-init.xml::remove_host_port_pk::R3.Corda, databaseChangeLog=master.changelog.json}
?[m?[37m[INFO] 11:44:42,436 [Test worker] jvm.JdbcExecutor. - ALTER TABLE PUBLIC.node_info_hosts DROP PRIMARY KEY {changeSet=migration/node-info.changelog-init.xml::remove_host_port_pk::R3.Corda, databaseChangeLog=master.changelog.json}
?[m?[37m[INFO] 11:44:42,437 [Test worker] changelog.ChangeSet. - Primary key dropped from node_info_hosts {changeSet=migration/node-info.changelog-init.xml::remove_host_port_pk::R3.Corda, databaseChangeLog=master.changelog.json}
?[m?[37m[INFO] 11:44:42,437 [Test worker] jvm.JdbcExecutor. - ALTER TABLE PUBLIC.node_info_hosts ADD hosts_id INT NOT NULL {changeSet=migration/node-info.changelog-init.xml::remove_host_port_pk::R3.Corda, databaseChangeLog=master.changelog.json}
?[m?[37m[INFO] 11:44:42,437 [Test worker] changelog.ChangeSet. - Columns hosts_id(INT) added to node_info_hosts {changeSet=migration/node-info.changelog-init.xml::remove_host_port_pk::R3.Corda, databaseChangeLog=master.changelog.json}
?[m?[37m[INFO] 11:44:42,437 [Test worker] jvm.JdbcExecutor. - ALTER TABLE PUBLIC.node_info_hosts ADD CONSTRAINT node_info_hosts_pkey_id PRIMARY KEY (hosts_id) {changeSet=migration/node-info.changelog-init.xml::remove_host_port_pk::R3.Corda, databaseChangeLog=master.changelog.json}
?[m?[37m[INFO] 11:44:42,437 [Test worker] changelog.ChangeSet. - Primary key added to node_info_hosts (hosts_id) {changeSet=migration/node-info.changelog-init.xml::remove_host_port_pk::R3.Corda, databaseChangeLog=master.changelog.json}
?[m?[37m[INFO] 11:44:42,437 [Test worker] changelog.ChangeSet. - ChangeSet migration/node-info.changelog-init.xml::remove_host_port_pk::R3.Corda ran successfully in 1ms {changeSet=migration/node-info.changelog-init.xml::remove_host_port_pk::R3.Corda, databaseChangeLog=master.changelog.json}
?[m?[37m[INFO] 11:44:42,439 [Test worker] jvm.JdbcExecutor. - INSERT INTO PUBLIC.DATABASECHANGELOG (ID, AUTHOR, FILENAME, DATEEXECUTED, ORDEREXECUTED, MD5SUM, DESCRIPTION, COMMENTS, EXECTYPE, CONTEXTS, LABELS, LIQUIBASE, DEPLOYMENT_ID) VALUES ('remove_host_port_pk', 'R3.Corda', 'migration/node-info.changelog-init.xml', NOW(), 38, '8:50fa65c10fd9bb3d89e0ad75d29a0e4d', 'delete tableName=node_infos; delete tableName=node_link_nodeinfo_party; delete tableName=node_info_hosts; delete tableName=node_info_party_cert; dropPrimaryKey constraintName=node_info_hosts_pkey, tableName=node_info_hosts; addColumn tableName=nod...', '', 'EXECUTED', NULL, NULL, '3.6.3', '2067482353') {changeSet=migration/node-info.changelog-init.xml::remove_host_port_pk::R3.Corda, databaseChangeLog=master.changelog.json}
?[m?[37m[INFO] 11:44:42,440 [Test worker] jvm.JdbcExecutor. - CREATE TABLE PUBLIC.node_properties (property_key NVARCHAR(255) NOT NULL, property_value NVARCHAR(255)) {changeSet=migration/node-info.changelog-v1.xml::key/value node properties table::R3.Corda, databaseChangeLog=master.changelog.json}
?[m?[37m[INFO] 11:44:42,440 [Test worker] changelog.ChangeSet. - Table node_properties created {changeSet=migration/node-info.changelog-v1.xml::key/value node properties table::R3.Corda, databaseChangeLog=master.changelog.json}
?[m?[37m[INFO] 11:44:42,440 [Test worker] changelog.ChangeSet. - ChangeSet migration/node-info.changelog-v1.xml::key/value node properties table::R3.Corda ran successfully in 0ms {changeSet=migration/node-info.changelog-v1.xml::key/value node properties table::R3.Corda, databaseChangeLog=master.changelog.json}
?[m?[37m[INFO] 11:44:42,441 [Test worker] jvm.JdbcExecutor. - INSERT INTO PUBLIC.DATABASECHANGELOG (ID, AUTHOR, FILENAME, DATEEXECUTED, ORDEREXECUTED, MD5SUM, DESCRIPTION, COMMENTS, EXECTYPE, CONTEXTS, LABELS, LIQUIBASE, DEPLOYMENT_ID) VALUES ('key/value node properties table', 'R3.Corda', 'migration/node-info.changelog-v1.xml', NOW(), 39, '8:39e4c897aa5e893e79a0434af2948a91', 'createTable tableName=node_properties', '', 'EXECUTED', NULL, NULL, '3.6.3', '2067482353') {changeSet=migration/node-info.changelog-v1.xml::key/value node properties table::R3.Corda, databaseChangeLog=master.changelog.json}
?[m?[37m[INFO] 11:44:42,442 [Test worker] jvm.JdbcExecutor. - ALTER TABLE PUBLIC.node_infos ALTER COLUMN node_info_hash SET NOT NULL {changeSet=migration/node-info.changelog-v2.xml::1525962920::R3.Corda, databaseChangeLog=master.changelog.json}
?[m?[37m[INFO] 11:44:42,442 [Test worker] changelog.ChangeSet. - NOT NULL constraint has been added to node_infos.node_info_hash {changeSet=migration/node-info.changelog-v2.xml::1525962920::R3.Corda, databaseChangeLog=master.changelog.json}
?[m?[37m[INFO] 11:44:42,442 [Test worker] jvm.JdbcExecutor. - ALTER TABLE PUBLIC.node_infos ALTER COLUMN platform_version SET NOT NULL {changeSet=migration/node-info.changelog-v2.xml::1525962920::R3.Corda, databaseChangeLog=master.changelog.json}
?[m?[37m[INFO] 11:44:42,442 [Test worker] changelog.ChangeSet. - NOT NULL constraint has been added to node_infos.platform_version {changeSet=migration/node-info.changelog-v2.xml::1525962920::R3.Corda, databaseChangeLog=master.changelog.json}
?[m?[37m[INFO] 11:44:42,442 [Test worker] jvm.JdbcExecutor. - ALTER TABLE PUBLIC.node_infos ALTER COLUMN serial SET NOT NULL {changeSet=migration/node-info.changelog-v2.xml::1525962920::R3.Corda, databaseChangeLog=master.changelog.json}
?[m?[37m[INFO] 11:44:42,442 [Test worker] changelog.ChangeSet. - NOT NULL constraint has been added to node_infos.serial {changeSet=migration/node-info.changelog-v2.xml::1525962920::R3.Corda, databaseChangeLog=master.changelog.json}
?[m?[37m[INFO] 11:44:42,442 [Test worker] jvm.JdbcExecutor. - ALTER TABLE PUBLIC.node_info_hosts ALTER COLUMN host SET NULL {changeSet=migration/node-info.changelog-v2.xml::1525962920::R3.Corda, databaseChangeLog=master.changelog.json}
?[m?[37m[INFO] 11:44:42,442 [Test worker] changelog.ChangeSet. - Null constraint dropped from node_info_hosts.host {changeSet=migration/node-info.changelog-v2.xml::1525962920::R3.Corda, databaseChangeLog=master.changelog.json}
?[m?[37m[INFO] 11:44:42,442 [Test worker] jvm.JdbcExecutor. - ALTER TABLE PUBLIC.node_info_hosts ALTER COLUMN port SET NULL {changeSet=migration/node-info.changelog-v2.xml::1525962920::R3.Corda, databaseChangeLog=master.changelog.json}
?[m?[37m[INFO] 11:44:42,442 [Test worker] changelog.ChangeSet. - Null constraint dropped from node_info_hosts.port {changeSet=migration/node-info.changelog-v2.xml::1525962920::R3.Corda, databaseChangeLog=master.changelog.json}
?[m?[37m[INFO] 11:44:42,442 [Test worker] jvm.JdbcExecutor. - ALTER TABLE PUBLIC.node_info_party_cert ALTER COLUMN owning_key_hash SET NOT NULL {changeSet=migration/node-info.changelog-v2.xml::1525962920::R3.Corda, databaseChangeLog=master.changelog.json}
?[m?[37m[INFO] 11:44:42,442 [Test worker] changelog.ChangeSet. - NOT NULL constraint has been added to node_info_party_cert.owning_key_hash {changeSet=migration/node-info.changelog-v2.xml::1525962920::R3.Corda, databaseChangeLog=master.changelog.json}
?[m?[37m[INFO] 11:44:42,442 [Test worker] jvm.JdbcExecutor. - ALTER TABLE PUBLIC.node_info_party_cert ALTER COLUMN party_cert_binary SET NOT NULL {changeSet=migration/node-info.changelog-v2.xml::1525962920::R3.Corda, databaseChangeLog=master.changelog.json}
?[m?[37m[INFO] 11:44:42,443 [Test worker] changelog.ChangeSet. - NOT NULL constraint has been added to node_info_party_cert.party_cert_binary {changeSet=migration/node-info.changelog-v2.xml::1525962920::R3.Corda, databaseChangeLog=master.changelog.json}
?[m?[37m[INFO] 11:44:42,443 [Test worker] changelog.ChangeSet. - ChangeSet migration/node-info.changelog-v2.xml::1525962920::R3.Corda ran successfully in 1ms {changeSet=migration/node-info.changelog-v2.xml::1525962920::R3.Corda, databaseChangeLog=master.changelog.json}
?[m?[37m[INFO] 11:44:42,443 [Test worker] jvm.JdbcExecutor. - INSERT INTO PUBLIC.DATABASECHANGELOG (ID, AUTHOR, FILENAME, DATEEXECUTED, ORDEREXECUTED, MD5SUM, DESCRIPTION, COMMENTS, EXECTYPE, CONTEXTS, LABELS, LIQUIBASE, DEPLOYMENT_ID) VALUES ('1525962920', 'R3.Corda', 'migration/node-info.changelog-v2.xml', NOW(), 40, '8:cc835e848ed6cc1f4b2a2e8e31fa92f1', 'addNotNullConstraint columnName=node_info_hash, tableName=node_infos; addNotNullConstraint columnName=platform_version, tableName=node_infos; addNotNullConstraint columnName=serial, tableName=node_infos; dropNotNullConstraint columnName=host, tabl...', '', 'EXECUTED', NULL, NULL, '3.6.3', '2067482353') {changeSet=migration/node-info.changelog-v2.xml::1525962920::R3.Corda, databaseChangeLog=master.changelog.json}
?[m?[37m[INFO] 11:44:42,444 [Test worker] jvm.JdbcExecutor. - ALTER TABLE PUBLIC.node_info_hosts ALTER COLUMN host RENAME TO host_name {changeSet=migration/node-info.changelog-v3.xml::column_host_name::R3.Corda, databaseChangeLog=master.changelog.json}
?[m?[37m[INFO] 11:44:42,444 [Test worker] changelog.ChangeSet. - Column node_info_hosts.host renamed to host_name {changeSet=migration/node-info.changelog-v3.xml::column_host_name::R3.Corda, databaseChangeLog=master.changelog.json}
?[m?[37m[INFO] 11:44:42,444 [Test worker] changelog.ChangeSet. - ChangeSet migration/node-info.changelog-v3.xml::column_host_name::R3.Corda ran successfully in 0ms {changeSet=migration/node-info.changelog-v3.xml::column_host_name::R3.Corda, databaseChangeLog=master.changelog.json}
?[m?[37m[INFO] 11:44:42,444 [Test worker] jvm.JdbcExecutor. - INSERT INTO PUBLIC.DATABASECHANGELOG (ID, AUTHOR, FILENAME, DATEEXECUTED, ORDEREXECUTED, MD5SUM, DESCRIPTION, COMMENTS, EXECTYPE, CONTEXTS, LABELS, LIQUIBASE, DEPLOYMENT_ID) VALUES ('column_host_name', 'R3.Corda', 'migration/node-info.changelog-v3.xml', NOW(), 41, '8:e5fb9380221a91515f45ee44c9c30053', 'renameColumn newColumnName=host_name, oldColumnName=host, tableName=node_info_hosts', '', 'EXECUTED', NULL, NULL, '3.6.3', '2067482353') {changeSet=migration/node-info.changelog-v3.xml::column_host_name::R3.Corda, databaseChangeLog=master.changelog.json}
?[m?[37m[INFO] 11:44:42,445 [Test worker] jvm.JdbcExecutor. - CREATE TABLE PUBLIC.node_attachments (att_id NVARCHAR(255) NOT NULL, content BLOB, filename NVARCHAR(255), insertion_date TIMESTAMP NOT NULL, uploader NVARCHAR(255)) {changeSet=migration/node-services.changelog-init.xml::1511451595465-5::R3.Corda, databaseChangeLog=master.changelog.json}
?[m?[37m[INFO] 11:44:42,445 [Test worker] changelog.ChangeSet. - Table node_attachments created {changeSet=migration/node-services.changelog-init.xml::1511451595465-5::R3.Corda, databaseChangeLog=master.changelog.json}
?[m?[37m[INFO] 11:44:42,445 [Test worker] changelog.ChangeSet. - ChangeSet migration/node-services.changelog-init.xml::1511451595465-5::R3.Corda ran successfully in 0ms {changeSet=migration/node-services.changelog-init.xml::1511451595465-5::R3.Corda, databaseChangeLog=master.changelog.json}
?[m?[37m[INFO] 11:44:42,446 [Test worker] jvm.JdbcExecutor. - INSERT INTO PUBLIC.DATABASECHANGELOG (ID, AUTHOR, FILENAME, DATEEXECUTED, ORDEREXECUTED, MD5SUM, DESCRIPTION, COMMENTS, EXECTYPE, CONTEXTS, LABELS, LIQUIBASE, DEPLOYMENT_ID) VALUES ('1511451595465-5', 'R3.Corda', 'migration/node-services.changelog-init.xml', NOW(), 42, '8:380e64788d9896c1166e4c22336d01e4', 'createTable tableName=node_attachments', '', 'EXECUTED', NULL, NULL, '3.6.3', '2067482353') {changeSet=migration/node-services.changelog-init.xml::1511451595465-5::R3.Corda, databaseChangeLog=master.changelog.json}
?[m?[37m[INFO] 11:44:42,446 [Test worker] jvm.JdbcExecutor. - CREATE TABLE PUBLIC.node_checkpoints (checkpoint_id NVARCHAR(64) NOT NULL, checkpoint_value BLOB) {changeSet=migration/node-services.changelog-init.xml::1511451595465-7::R3.Corda, databaseChangeLog=master.changelog.json}
?[m?[37m[INFO] 11:44:42,446 [Test worker] changelog.ChangeSet. - Table node_checkpoints created {changeSet=migration/node-services.changelog-init.xml::1511451595465-7::R3.Corda, databaseChangeLog=master.changelog.json}
?[m?[37m[INFO] 11:44:42,446 [Test worker] changelog.ChangeSet. - ChangeSet migration/node-services.changelog-init.xml::1511451595465-7::R3.Corda ran successfully in 0ms {changeSet=migration/node-services.changelog-init.xml::1511451595465-7::R3.Corda, databaseChangeLog=master.changelog.json}
?[m?[37m[INFO] 11:44:42,448 [Test worker] jvm.JdbcExecutor. - INSERT INTO PUBLIC.DATABASECHANGELOG (ID, AUTHOR, FILENAME, DATEEXECUTED, ORDEREXECUTED, MD5SUM, DESCRIPTION, COMMENTS, EXECTYPE, CONTEXTS, LABELS, LIQUIBASE, DEPLOYMENT_ID) VALUES ('1511451595465-7', 'R3.Corda', 'migration/node-services.changelog-init.xml', NOW(), 43, '8:8aefa1967ed80f8f98b69247c70c9f24', 'createTable tableName=node_checkpoints', '', 'EXECUTED', NULL, NULL, '3.6.3', '2067482353') {changeSet=migration/node-services.changelog-init.xml::1511451595465-7::R3.Corda, databaseChangeLog=master.changelog.json}
?[m?[37m[INFO] 11:44:42,449 [Test worker] jvm.JdbcExecutor. - CREATE TABLE PUBLIC.node_contract_upgrades (state_ref NVARCHAR(96) NOT NULL, contract_class_name NVARCHAR(255)) {changeSet=migration/node-services.changelog-init.xml::1511451595465-8::R3.Corda, databaseChangeLog=master.changelog.json}
?[m?[37m[INFO] 11:44:42,449 [Test worker] changelog.ChangeSet. - Table node_contract_upgrades created {changeSet=migration/node-services.changelog-init.xml::1511451595465-8::R3.Corda, databaseChangeLog=master.changelog.json}
?[m?[37m[INFO] 11:44:42,449 [Test worker] changelog.ChangeSet. - ChangeSet migration/node-services.changelog-init.xml::1511451595465-8::R3.Corda ran successfully in 1ms {changeSet=migration/node-services.changelog-init.xml::1511451595465-8::R3.Corda, databaseChangeLog=master.changelog.json}
?[m?[37m[INFO] 11:44:42,450 [Test worker] jvm.JdbcExecutor. - INSERT INTO PUBLIC.DATABASECHANGELOG (ID, AUTHOR, FILENAME, DATEEXECUTED, ORDEREXECUTED, MD5SUM, DESCRIPTION, COMMENTS, EXECTYPE, CONTEXTS, LABELS, LIQUIBASE, DEPLOYMENT_ID) VALUES ('1511451595465-8', 'R3.Corda', 'migration/node-services.changelog-init.xml', NOW(), 44, '8:6b06fe4c0ef085967f4dbd00dca08533', 'createTable tableName=node_contract_upgrades', '', 'EXECUTED', NULL, NULL, '3.6.3', '2067482353') {changeSet=migration/node-services.changelog-init.xml::1511451595465-8::R3.Corda, databaseChangeLog=master.changelog.json}
?[m?[37m[INFO] 11:44:42,450 [Test worker] jvm.JdbcExecutor. - CREATE TABLE PUBLIC.node_identities (pk_hash NVARCHAR(130) NOT NULL, identity_value BLOB) {changeSet=migration/node-services.changelog-init.xml::1511451595465-9::R3.Corda, databaseChangeLog=master.changelog.json}
?[m?[37m[INFO] 11:44:42,450 [Test worker] changelog.ChangeSet. - Table node_identities created {changeSet=migration/node-services.changelog-init.xml::1511451595465-9::R3.Corda, databaseChangeLog=master.changelog.json}
?[m?[37m[INFO] 11:44:42,451 [Test worker] changelog.ChangeSet. - ChangeSet migration/node-services.changelog-init.xml::1511451595465-9::R3.Corda ran successfully in 1ms {changeSet=migration/node-services.changelog-init.xml::1511451595465-9::R3.Corda, databaseChangeLog=master.changelog.json}
?[m?[37m[INFO] 11:44:42,451 [Test worker] jvm.JdbcExecutor. - INSERT INTO PUBLIC.DATABASECHANGELOG (ID, AUTHOR, FILENAME, DATEEXECUTED, ORDEREXECUTED, MD5SUM, DESCRIPTION, COMMENTS, EXECTYPE, CONTEXTS, LABELS, LIQUIBASE, DEPLOYMENT_ID) VALUES ('1511451595465-9', 'R3.Corda', 'migration/node-services.changelog-init.xml', NOW(), 45, '8:293963c9989772e272e1397c8ae9dfb1', 'createTable tableName=node_identities', '', 'EXECUTED', NULL, NULL, '3.6.3', '2067482353') {changeSet=migration/node-services.changelog-init.xml::1511451595465-9::R3.Corda, databaseChangeLog=master.changelog.json}
?[m?[37m[INFO] 11:44:42,452 [Test worker] jvm.JdbcExecutor. - CREATE TABLE PUBLIC.node_message_ids (message_id NVARCHAR(64) NOT NULL, insertion_time TIMESTAMP) {changeSet=migration/node-services.changelog-init.xml::1511451595465-13::R3.Corda, databaseChangeLog=master.changelog.json}
?[m?[37m[INFO] 11:44:42,452 [Test worker] changelog.ChangeSet. - Table node_message_ids created {changeSet=migration/node-services.changelog-init.xml::1511451595465-13::R3.Corda, databaseChangeLog=master.changelog.json}
?[m?[37m[INFO] 11:44:42,452 [Test worker] changelog.ChangeSet. - ChangeSet migration/node-services.changelog-init.xml::1511451595465-13::R3.Corda ran successfully in 0ms {changeSet=migration/node-services.changelog-init.xml::1511451595465-13::R3.Corda, databaseChangeLog=master.changelog.json}
?[m?[37m[INFO] 11:44:42,453 [Test worker] jvm.JdbcExecutor. - INSERT INTO PUBLIC.DATABASECHANGELOG (ID, AUTHOR, FILENAME, DATEEXECUTED, ORDEREXECUTED, MD5SUM, DESCRIPTION, COMMENTS, EXECTYPE, CONTEXTS, LABELS, LIQUIBASE, DEPLOYMENT_ID) VALUES ('1511451595465-13', 'R3.Corda', 'migration/node-services.changelog-init.xml', NOW(), 46, '8:421bb9432660d6cdf67a18c6f0acdeb4', 'createTable tableName=node_message_ids', '', 'EXECUTED', NULL, NULL, '3.6.3', '2067482353') {changeSet=migration/node-services.changelog-init.xml::1511451595465-13::R3.Corda, databaseChangeLog=master.changelog.json}
?[m?[37m[INFO] 11:44:42,453 [Test worker] jvm.JdbcExecutor. - CREATE TABLE PUBLIC.node_message_retry (message_id BIGINT NOT NULL, message BLOB, recipients BLOB) {changeSet=migration/node-services.changelog-init.xml::1511451595465-14::R3.Corda, databaseChangeLog=master.changelog.json}
?[m?[37m[INFO] 11:44:42,453 [Test worker] changelog.ChangeSet. - Table node_message_retry created {changeSet=migration/node-services.changelog-init.xml::1511451595465-14::R3.Corda, databaseChangeLog=master.changelog.json}
?[m?[37m[INFO] 11:44:42,453 [Test worker] changelog.ChangeSet. - ChangeSet migration/node-services.changelog-init.xml::1511451595465-14::R3.Corda ran successfully in 0ms {changeSet=migration/node-services.changelog-init.xml::1511451595465-14::R3.Corda, databaseChangeLog=master.changelog.json}
?[m?[37m[INFO] 11:44:42,454 [Test worker] jvm.JdbcExecutor. - INSERT INTO PUBLIC.DATABASECHANGELOG (ID, AUTHOR, FILENAME, DATEEXECUTED, ORDEREXECUTED, MD5SUM, DESCRIPTION, COMMENTS, EXECTYPE, CONTEXTS, LABELS, LIQUIBASE, DEPLOYMENT_ID) VALUES ('1511451595465-14', 'R3.Corda', 'migration/node-services.changelog-init.xml', NOW(), 47, '8:ba7acbbe63086c3c9fb627ea948864b2', 'createTable tableName=node_message_retry', '', 'EXECUTED', NULL, NULL, '3.6.3', '2067482353') {changeSet=migration/node-services.changelog-init.xml::1511451595465-14::R3.Corda, databaseChangeLog=master.changelog.json}
?[m?[37m[INFO] 11:44:42,455 [Test worker] jvm.JdbcExecutor. - CREATE TABLE PUBLIC.node_named_identities (name NVARCHAR(128) NOT NULL, pk_hash NVARCHAR(130)) {changeSet=migration/node-services.changelog-init.xml::1511451595465-15::R3.Corda, databaseChangeLog=master.changelog.json}
?[m?[37m[INFO] 11:44:42,455 [Test worker] changelog.ChangeSet. - Table node_named_identities created {changeSet=migration/node-services.changelog-init.xml::1511451595465-15::R3.Corda, databaseChangeLog=master.changelog.json}
?[m?[37m[INFO] 11:44:42,455 [Test worker] changelog.ChangeSet. - ChangeSet migration/node-services.changelog-init.xml::1511451595465-15::R3.Corda ran successfully in 1ms {changeSet=migration/node-services.changelog-init.xml::1511451595465-15::R3.Corda, databaseChangeLog=master.changelog.json}
?[m?[37m[INFO] 11:44:42,456 [Test worker] jvm.JdbcExecutor. - INSERT INTO PUBLIC.DATABASECHANGELOG (ID, AUTHOR, FILENAME, DATEEXECUTED, ORDEREXECUTED, MD5SUM, DESCRIPTION, COMMENTS, EXECTYPE, CONTEXTS, LABELS, LIQUIBASE, DEPLOYMENT_ID) VALUES ('1511451595465-15', 'R3.Corda', 'migration/node-services.changelog-init.xml', NOW(), 48, '8:bf6ca4e45e140b225f6f934935dd2f34', 'createTable tableName=node_named_identities', '', 'EXECUTED', NULL, NULL, '3.6.3', '2067482353') {changeSet=migration/node-services.changelog-init.xml::1511451595465-15::R3.Corda, databaseChangeLog=master.changelog.json}
?[m?[37m[INFO] 11:44:42,457 [Test worker] jvm.JdbcExecutor. - CREATE TABLE PUBLIC.node_our_key_pairs (public_key_hash NVARCHAR(130) NOT NULL, private_key BLOB, public_key BLOB) {changeSet=migration/node-services.changelog-init.xml::1511451595465-17::R3.Corda, databaseChangeLog=master.changelog.json}
?[m?[37m[INFO] 11:44:42,457 [Test worker] changelog.ChangeSet. - Table node_our_key_pairs created {changeSet=migration/node-services.changelog-init.xml::1511451595465-17::R3.Corda, databaseChangeLog=master.changelog.json}
?[m?[37m[INFO] 11:44:42,457 [Test worker] changelog.ChangeSet. - ChangeSet migration/node-services.changelog-init.xml::1511451595465-17::R3.Corda ran successfully in 0ms {changeSet=migration/node-services.changelog-init.xml::1511451595465-17::R3.Corda, databaseChangeLog=master.changelog.json}
?[m?[37m[INFO] 11:44:42,459 [Test worker] jvm.JdbcExecutor. - INSERT INTO PUBLIC.DATABASECHANGELOG (ID, AUTHOR, FILENAME, DATEEXECUTED, ORDEREXECUTED, MD5SUM, DESCRIPTION, COMMENTS, EXECTYPE, CONTEXTS, LABELS, LIQUIBASE, DEPLOYMENT_ID) VALUES ('1511451595465-17', 'R3.Corda', 'migration/node-services.changelog-init.xml', NOW(), 49, '8:e91eb86cb57176d4605d948f694d8441', 'createTable tableName=node_our_key_pairs', '', 'EXECUTED', NULL, NULL, '3.6.3', '2067482353') {changeSet=migration/node-services.changelog-init.xml::1511451595465-17::R3.Corda, databaseChangeLog=master.changelog.json}
?[m?[37m[INFO] 11:44:42,459 [Test worker] jvm.JdbcExecutor. - CREATE TABLE PUBLIC.node_scheduled_states (output_index INT NOT NULL, transaction_id NVARCHAR(64) NOT NULL, scheduled_at TIMESTAMP NOT NULL) {changeSet=migration/node-services.changelog-init.xml::1511451595465-19::R3.Corda, databaseChangeLog=master.changelog.json}
?[m?[37m[INFO] 11:44:42,460 [Test worker] changelog.ChangeSet. - Table node_scheduled_states created {changeSet=migration/node-services.changelog-init.xml::1511451595465-19::R3.Corda, databaseChangeLog=master.changelog.json}
?[m?[37m[INFO] 11:44:42,460 [Test worker] changelog.ChangeSet. - ChangeSet migration/node-services.changelog-init.xml::1511451595465-19::R3.Corda ran successfully in 1ms {changeSet=migration/node-services.changelog-init.xml::1511451595465-19::R3.Corda, databaseChangeLog=master.changelog.json}
?[m?[37m[INFO] 11:44:42,460 [Test worker] jvm.JdbcExecutor. - INSERT INTO PUBLIC.DATABASECHANGELOG (ID, AUTHOR, FILENAME, DATEEXECUTED, ORDEREXECUTED, MD5SUM, DESCRIPTION, COMMENTS, EXECTYPE, CONTEXTS, LABELS, LIQUIBASE, DEPLOYMENT_ID) VALUES ('1511451595465-19', 'R3.Corda', 'migration/node-services.changelog-init.xml', NOW(), 50, '8:55282f9fbfc1cb8f7583a90173e3ff4c', 'createTable tableName=node_scheduled_states', '', 'EXECUTED', NULL, NULL, '3.6.3', '2067482353') {changeSet=migration/node-services.changelog-init.xml::1511451595465-19::R3.Corda, databaseChangeLog=master.changelog.json}
?[m?[37m[INFO] 11:44:42,461 [Test worker] jvm.JdbcExecutor. - CREATE TABLE PUBLIC.node_transaction_mappings (tx_id NVARCHAR(64) NOT NULL, state_machine_run_id NVARCHAR(36)) {changeSet=migration/node-services.changelog-init.xml::1511451595465-20::R3.Corda, databaseChangeLog=master.changelog.json}
?[m?[37m[INFO] 11:44:42,461 [Test worker] changelog.ChangeSet. - Table node_transaction_mappings created {changeSet=migration/node-services.changelog-init.xml::1511451595465-20::R3.Corda, databaseChangeLog=master.changelog.json}
?[m?[37m[INFO] 11:44:42,461 [Test worker] changelog.ChangeSet. - ChangeSet migration/node-services.changelog-init.xml::1511451595465-20::R3.Corda ran successfully in 0ms {changeSet=migration/node-services.changelog-init.xml::1511451595465-20::R3.Corda, databaseChangeLog=master.changelog.json}
?[m?[37m[INFO] 11:44:42,461 [Test worker] jvm.JdbcExecutor. - INSERT INTO PUBLIC.DATABASECHANGELOG (ID, AUTHOR, FILENAME, DATEEXECUTED, ORDEREXECUTED, MD5SUM, DESCRIPTION, COMMENTS, EXECTYPE, CONTEXTS, LABELS, LIQUIBASE, DEPLOYMENT_ID) VALUES ('1511451595465-20', 'R3.Corda', 'migration/node-services.changelog-init.xml', NOW(), 51, '8:cc085b3d33f3d53b75c8866522653f98', 'createTable tableName=node_transaction_mappings', '', 'EXECUTED', NULL, NULL, '3.6.3', '2067482353') {changeSet=migration/node-services.changelog-init.xml::1511451595465-20::R3.Corda, databaseChangeLog=master.changelog.json}
?[m?[37m[INFO] 11:44:42,462 [Test worker] jvm.JdbcExecutor. - CREATE TABLE PUBLIC.node_transactions (tx_id NVARCHAR(64) NOT NULL, transaction_value BLOB) {changeSet=migration/node-services.changelog-init.xml::1511451595465-21::R3.Corda, databaseChangeLog=master.changelog.json}
?[m?[37m[INFO] 11:44:42,462 [Test worker] changelog.ChangeSet. - Table node_transactions created {changeSet=migration/node-services.changelog-init.xml::1511451595465-21::R3.Corda, databaseChangeLog=master.changelog.json}
?[m?[37m[INFO] 11:44:42,462 [Test worker] changelog.ChangeSet. - ChangeSet migration/node-services.changelog-init.xml::1511451595465-21::R3.Corda ran successfully in 0ms {changeSet=migration/node-services.changelog-init.xml::1511451595465-21::R3.Corda, databaseChangeLog=master.changelog.json}
?[m?[37m[INFO] 11:44:42,462 [Test worker] jvm.JdbcExecutor. - INSERT INTO PUBLIC.DATABASECHANGELOG (ID, AUTHOR, FILENAME, DATEEXECUTED, ORDEREXECUTED, MD5SUM, DESCRIPTION, COMMENTS, EXECTYPE, CONTEXTS, LABELS, LIQUIBASE, DEPLOYMENT_ID) VALUES ('1511451595465-21', 'R3.Corda', 'migration/node-services.changelog-init.xml', NOW(), 52, '8:69feb7582f3b77828510a56cb111cfd8', 'createTable tableName=node_transactions', '', 'EXECUTED', NULL, NULL, '3.6.3', '2067482353') {changeSet=migration/node-services.changelog-init.xml::1511451595465-21::R3.Corda, databaseChangeLog=master.changelog.json}
?[m?[37m[INFO] 11:44:42,463 [Test worker] jvm.JdbcExecutor. - ALTER TABLE PUBLIC.node_attachments ADD CONSTRAINT node_attachments_pkey PRIMARY KEY (att_id) {changeSet=migration/node-services.changelog-init.xml::1511451595465-30::R3.Corda, databaseChangeLog=master.changelog.json}
?[m?[37m[INFO] 11:44:42,463 [Test worker] changelog.ChangeSet. - Primary key added to node_attachments (att_id) {changeSet=migration/node-services.changelog-init.xml::1511451595465-30::R3.Corda, databaseChangeLog=master.changelog.json}
?[m?[37m[INFO] 11:44:42,463 [Test worker] changelog.ChangeSet. - ChangeSet migration/node-services.changelog-init.xml::1511451595465-30::R3.Corda ran successfully in 0ms {changeSet=migration/node-services.changelog-init.xml::1511451595465-30::R3.Corda, databaseChangeLog=master.changelog.json}
?[m?[37m[INFO] 11:44:42,463 [Test worker] jvm.JdbcExecutor. - INSERT INTO PUBLIC.DATABASECHANGELOG (ID, AUTHOR, FILENAME, DATEEXECUTED, ORDEREXECUTED, MD5SUM, DESCRIPTION, COMMENTS, EXECTYPE, CONTEXTS, LABELS, LIQUIBASE, DEPLOYMENT_ID) VALUES ('1511451595465-30', 'R3.Corda', 'migration/node-services.changelog-init.xml', NOW(), 53, '8:97c42d4eac368e79f47df345a072b237', 'addPrimaryKey constraintName=node_attachments_pkey, tableName=node_attachments', '', 'EXECUTED', NULL, NULL, '3.6.3', '2067482353') {changeSet=migration/node-services.changelog-init.xml::1511451595465-30::R3.Corda, databaseChangeLog=master.changelog.json}
?[m?[37m[INFO] 11:44:42,464 [Test worker] jvm.JdbcExecutor. - ALTER TABLE PUBLIC.node_checkpoints ADD CONSTRAINT node_checkpoints_pkey PRIMARY KEY (checkpoint_id) {changeSet=migration/node-services.changelog-init.xml::1511451595465-32::R3.Corda, databaseChangeLog=master.changelog.json}
?[m?[37m[INFO] 11:44:42,464 [Test worker] changelog.ChangeSet. - Primary key added to node_checkpoints (checkpoint_id) {changeSet=migration/node-services.changelog-init.xml::1511451595465-32::R3.Corda, databaseChangeLog=master.changelog.json}
?[m?[37m[INFO] 11:44:42,464 [Test worker] changelog.ChangeSet. - ChangeSet migration/node-services.changelog-init.xml::1511451595465-32::R3.Corda ran successfully in 0ms {changeSet=migration/node-services.changelog-init.xml::1511451595465-32::R3.Corda, databaseChangeLog=master.changelog.json}
?[m?[37m[INFO] 11:44:42,464 [Test worker] jvm.JdbcExecutor. - INSERT INTO PUBLIC.DATABASECHANGELOG (ID, AUTHOR, FILENAME, DATEEXECUTED, ORDEREXECUTED, MD5SUM, DESCRIPTION, COMMENTS, EXECTYPE, CONTEXTS, LABELS, LIQUIBASE, DEPLOYMENT_ID) VALUES ('1511451595465-32', 'R3.Corda', 'migration/node-services.changelog-init.xml', NOW(), 54, '8:7224c32660081d3e820e52e2b70b365f', 'addPrimaryKey constraintName=node_checkpoints_pkey, tableName=node_checkpoints', '', 'EXECUTED', NULL, NULL, '3.6.3', '2067482353') {changeSet=migration/node-services.changelog-init.xml::1511451595465-32::R3.Corda, databaseChangeLog=master.changelog.json}
?[m?[37m[INFO] 11:44:42,464 [Test worker] jvm.JdbcExecutor. - ALTER TABLE PUBLIC.node_contract_upgrades ADD CONSTRAINT node_contract_upgrades_pkey PRIMARY KEY (state_ref) {changeSet=migration/node-services.changelog-init.xml::1511451595465-33::R3.Corda, databaseChangeLog=master.changelog.json}
?[m?[37m[INFO] 11:44:42,465 [Test worker] changelog.ChangeSet. - Primary key added to node_contract_upgrades (state_ref) {changeSet=migration/node-services.changelog-init.xml::1511451595465-33::R3.Corda, databaseChangeLog=master.changelog.json}
?[m?[37m[INFO] 11:44:42,465 [Test worker] changelog.ChangeSet. - ChangeSet migration/node-services.changelog-init.xml::1511451595465-33::R3.Corda ran successfully in 1ms {changeSet=migration/node-services.changelog-init.xml::1511451595465-33::R3.Corda, databaseChangeLog=master.changelog.json}
?[m?[37m[INFO] 11:44:42,465 [Test worker] jvm.JdbcExecutor. - INSERT INTO PUBLIC.DATABASECHANGELOG (ID, AUTHOR, FILENAME, DATEEXECUTED, ORDEREXECUTED, MD5SUM, DESCRIPTION, COMMENTS, EXECTYPE, CONTEXTS, LABELS, LIQUIBASE, DEPLOYMENT_ID) VALUES ('1511451595465-33', 'R3.Corda', 'migration/node-services.changelog-init.xml', NOW(), 55, '8:85bcae037a29317065e3b922e0563902', 'addPrimaryKey constraintName=node_contract_upgrades_pkey, tableName=node_contract_upgrades', '', 'EXECUTED', NULL, NULL, '3.6.3', '2067482353') {changeSet=migration/node-services.changelog-init.xml::1511451595465-33::R3.Corda, databaseChangeLog=master.changelog.json}
?[m?[37m[INFO] 11:44:42,466 [Test worker] jvm.JdbcExecutor. - ALTER TABLE PUBLIC.node_identities ADD CONSTRAINT node_identities_pkey PRIMARY KEY (pk_hash) {changeSet=migration/node-services.changelog-init.xml::1511451595465-34::R3.Corda, databaseChangeLog=master.changelog.json}
?[m?[37m[INFO] 11:44:42,466 [Test worker] changelog.ChangeSet. - Primary key added to node_identities (pk_hash) {changeSet=migration/node-services.changelog-init.xml::1511451595465-34::R3.Corda, databaseChangeLog=master.changelog.json}
?[m?[37m[INFO] 11:44:42,466 [Test worker] changelog.ChangeSet. - ChangeSet migration/node-services.changelog-init.xml::1511451595465-34::R3.Corda ran successfully in 0ms {changeSet=migration/node-services.changelog-init.xml::1511451595465-34::R3.Corda, databaseChangeLog=master.changelog.json}
?[m?[37m[INFO] 11:44:42,467 [Test worker] jvm.JdbcExecutor. - INSERT INTO PUBLIC.DATABASECHANGELOG (ID, AUTHOR, FILENAME, DATEEXECUTED, ORDEREXECUTED, MD5SUM, DESCRIPTION, COMMENTS, EXECTYPE, CONTEXTS, LABELS, LIQUIBASE, DEPLOYMENT_ID) VALUES ('1511451595465-34', 'R3.Corda', 'migration/node-services.changelog-init.xml', NOW(), 56, '8:308ffe9985df3029fc05bd41c60010a9', 'addPrimaryKey constraintName=node_identities_pkey, tableName=node_identities', '', 'EXECUTED', NULL, NULL, '3.6.3', '2067482353') {changeSet=migration/node-services.changelog-init.xml::1511451595465-34::R3.Corda, databaseChangeLog=master.changelog.json}
?[m?[37m[INFO] 11:44:42,467 [Test worker] jvm.JdbcExecutor. - ALTER TABLE PUBLIC.node_message_ids ADD CONSTRAINT node_message_ids_pkey PRIMARY KEY (message_id) {changeSet=migration/node-services.changelog-init.xml::1511451595465-38::R3.Corda, databaseChangeLog=master.changelog.json}
?[m?[37m[INFO] 11:44:42,467 [Test worker] changelog.ChangeSet. - Primary key added to node_message_ids (message_id) {changeSet=migration/node-services.changelog-init.xml::1511451595465-38::R3.Corda, databaseChangeLog=master.changelog.json}
?[m?[37m[INFO] 11:44:42,467 [Test worker] changelog.ChangeSet. - ChangeSet migration/node-services.changelog-init.xml::1511451595465-38::R3.Corda ran successfully in 0ms {changeSet=migration/node-services.changelog-init.xml::1511451595465-38::R3.Corda, databaseChangeLog=master.changelog.json}
?[m?[37m[INFO] 11:44:42,468 [Test worker] jvm.JdbcExecutor. - INSERT INTO PUBLIC.DATABASECHANGELOG (ID, AUTHOR, FILENAME, DATEEXECUTED, ORDEREXECUTED, MD5SUM, DESCRIPTION, COMMENTS, EXECTYPE, CONTEXTS, LABELS, LIQUIBASE, DEPLOYMENT_ID) VALUES ('1511451595465-38', 'R3.Corda', 'migration/node-services.changelog-init.xml', NOW(), 57, '8:18b1b83ce2a778af1a8a8c9c56bb9651', 'addPrimaryKey constraintName=node_message_ids_pkey, tableName=node_message_ids', '', 'EXECUTED', NULL, NULL, '3.6.3', '2067482353') {changeSet=migration/node-services.changelog-init.xml::1511451595465-38::R3.Corda, databaseChangeLog=master.changelog.json}
?[m?[37m[INFO] 11:44:42,468 [Test worker] jvm.JdbcExecutor. - ALTER TABLE PUBLIC.node_message_retry ADD CONSTRAINT node_message_retry_pkey PRIMARY KEY (message_id) {changeSet=migration/node-services.changelog-init.xml::1511451595465-39::R3.Corda, databaseChangeLog=master.changelog.json}
?[m?[37m[INFO] 11:44:42,468 [Test worker] changelog.ChangeSet. - Primary key added to node_message_retry (message_id) {changeSet=migration/node-services.changelog-init.xml::1511451595465-39::R3.Corda, databaseChangeLog=master.changelog.json}
?[m?[37m[INFO] 11:44:42,468 [Test worker] changelog.ChangeSet. - ChangeSet migration/node-services.changelog-init.xml::1511451595465-39::R3.Corda ran successfully in 0ms {changeSet=migration/node-services.changelog-init.xml::1511451595465-39::R3.Corda, databaseChangeLog=master.changelog.json}
?[m?[37m[INFO] 11:44:42,469 [Test worker] jvm.JdbcExecutor. - INSERT INTO PUBLIC.DATABASECHANGELOG (ID, AUTHOR, FILENAME, DATEEXECUTED, ORDEREXECUTED, MD5SUM, DESCRIPTION, COMMENTS, EXECTYPE, CONTEXTS, LABELS, LIQUIBASE, DEPLOYMENT_ID) VALUES ('1511451595465-39', 'R3.Corda', 'migration/node-services.changelog-init.xml', NOW(), 58, '8:0359c73c9db723c73ee0171620ff4ac6', 'addPrimaryKey constraintName=node_message_retry_pkey, tableName=node_message_retry', '', 'EXECUTED', NULL, NULL, '3.6.3', '2067482353') {changeSet=migration/node-services.changelog-init.xml::1511451595465-39::R3.Corda, databaseChangeLog=master.changelog.json}
?[m?[37m[INFO] 11:44:42,470 [Test worker] jvm.JdbcExecutor. - ALTER TABLE PUBLIC.node_named_identities ADD CONSTRAINT node_named_identities_pkey PRIMARY KEY (name) {changeSet=migration/node-services.changelog-init.xml::1511451595465-40::R3.Corda, databaseChangeLog=master.changelog.json}
?[m?[37m[INFO] 11:44:42,470 [Test worker] changelog.ChangeSet. - Primary key added to node_named_identities (name) {changeSet=migration/node-services.changelog-init.xml::1511451595465-40::R3.Corda, databaseChangeLog=master.changelog.json}
?[m?[37m[INFO] 11:44:42,470 [Test worker] changelog.ChangeSet. - ChangeSet migration/node-services.changelog-init.xml::1511451595465-40::R3.Corda ran successfully in 1ms {changeSet=migration/node-services.changelog-init.xml::1511451595465-40::R3.Corda, databaseChangeLog=master.changelog.json}
?[m?[37m[INFO] 11:44:42,471 [Test worker] jvm.JdbcExecutor. - INSERT INTO PUBLIC.DATABASECHANGELOG (ID, AUTHOR, FILENAME, DATEEXECUTED, ORDEREXECUTED, MD5SUM, DESCRIPTION, COMMENTS, EXECTYPE, CONTEXTS, LABELS, LIQUIBASE, DEPLOYMENT_ID) VALUES ('1511451595465-40', 'R3.Corda', 'migration/node-services.changelog-init.xml', NOW(), 59, '8:ef3ab101a3e4c5820f575d5adcb85c08', 'addPrimaryKey constraintName=node_named_identities_pkey, tableName=node_named_identities', '', 'EXECUTED', NULL, NULL, '3.6.3', '2067482353') {changeSet=migration/node-services.changelog-init.xml::1511451595465-40::R3.Corda, databaseChangeLog=master.changelog.json}
?[m?[37m[INFO] 11:44:42,472 [Test worker] jvm.JdbcExecutor. - ALTER TABLE PUBLIC.node_our_key_pairs ADD CONSTRAINT node_our_key_pairs_pkey PRIMARY KEY (public_key_hash) {changeSet=migration/node-services.changelog-init.xml::1511451595465-42::R3.Corda, databaseChangeLog=master.changelog.json}
?[m?[37m[INFO] 11:44:42,472 [Test worker] changelog.ChangeSet. - Primary key added to node_our_key_pairs (public_key_hash) {changeSet=migration/node-services.changelog-init.xml::1511451595465-42::R3.Corda, databaseChangeLog=master.changelog.json}
?[m?[37m[INFO] 11:44:42,472 [Test worker] changelog.ChangeSet. - ChangeSet migration/node-services.changelog-init.xml::1511451595465-42::R3.Corda ran successfully in 0ms {changeSet=migration/node-services.changelog-init.xml::1511451595465-42::R3.Corda, databaseChangeLog=master.changelog.json}
?[m?[37m[INFO] 11:44:42,473 [Test worker] jvm.JdbcExecutor. - INSERT INTO PUBLIC.DATABASECHANGELOG (ID, AUTHOR, FILENAME, DATEEXECUTED, ORDEREXECUTED, MD5SUM, DESCRIPTION, COMMENTS, EXECTYPE, CONTEXTS, LABELS, LIQUIBASE, DEPLOYMENT_ID) VALUES ('1511451595465-42', 'R3.Corda', 'migration/node-services.changelog-init.xml', NOW(), 60, '8:d742088fd258d00e0a1fbffcf2e27c61', 'addPrimaryKey constraintName=node_our_key_pairs_pkey, tableName=node_our_key_pairs', '', 'EXECUTED', NULL, NULL, '3.6.3', '2067482353') {changeSet=migration/node-services.changelog-init.xml::1511451595465-42::R3.Corda, databaseChangeLog=master.changelog.json}
?[m?[37m[INFO] 11:44:42,474 [Test worker] jvm.JdbcExecutor. - ALTER TABLE PUBLIC.node_scheduled_states ADD CONSTRAINT node_scheduled_states_pkey PRIMARY KEY (output_index, transaction_id) {changeSet=migration/node-services.changelog-init.xml::1511451595465-44::R3.Corda, databaseChangeLog=master.changelog.json}
?[m?[37m[INFO] 11:44:42,474 [Test worker] changelog.ChangeSet. - Primary key added to node_scheduled_states (output_index, transaction_id) {changeSet=migration/node-services.changelog-init.xml::1511451595465-44::R3.Corda, databaseChangeLog=master.changelog.json}
?[m?[37m[INFO] 11:44:42,474 [Test worker] changelog.ChangeSet. - ChangeSet migration/node-services.changelog-init.xml::1511451595465-44::R3.Corda ran successfully in 1ms {changeSet=migration/node-services.changelog-init.xml::1511451595465-44::R3.Corda, databaseChangeLog=master.changelog.json}
?[m?[37m[INFO] 11:44:42,474 [Test worker] jvm.JdbcExecutor. - INSERT INTO PUBLIC.DATABASECHANGELOG (ID, AUTHOR, FILENAME, DATEEXECUTED, ORDEREXECUTED, MD5SUM, DESCRIPTION, COMMENTS, EXECTYPE, CONTEXTS, LABELS, LIQUIBASE, DEPLOYMENT_ID) VALUES ('1511451595465-44', 'R3.Corda', 'migration/node-services.changelog-init.xml', NOW(), 61, '8:dc8b980de5154038877f6d2e43b97ad1', 'addPrimaryKey constraintName=node_scheduled_states_pkey, tableName=node_scheduled_states', '', 'EXECUTED', NULL, NULL, '3.6.3', '2067482353') {changeSet=migration/node-services.changelog-init.xml::1511451595465-44::R3.Corda, databaseChangeLog=master.changelog.json}
?[m?[37m[INFO] 11:44:42,475 [Test worker] jvm.JdbcExecutor. - ALTER TABLE PUBLIC.node_transaction_mappings ADD CONSTRAINT node_transaction_mappings_pkey PRIMARY KEY (tx_id) {changeSet=migration/node-services.changelog-init.xml::1511451595465-45::R3.Corda, databaseChangeLog=master.changelog.json}
?[m?[37m[INFO] 11:44:42,475 [Test worker] changelog.ChangeSet. - Primary key added to node_transaction_mappings (tx_id) {changeSet=migration/node-services.changelog-init.xml::1511451595465-45::R3.Corda, databaseChangeLog=master.changelog.json}
?[m?[37m[INFO] 11:44:42,475 [Test worker] changelog.ChangeSet. - ChangeSet migration/node-services.changelog-init.xml::1511451595465-45::R3.Corda ran successfully in 0ms {changeSet=migration/node-services.changelog-init.xml::1511451595465-45::R3.Corda, databaseChangeLog=master.changelog.json}
?[m?[37m[INFO] 11:44:42,476 [Test worker] jvm.JdbcExecutor. - INSERT INTO PUBLIC.DATABASECHANGELOG (ID, AUTHOR, FILENAME, DATEEXECUTED, ORDEREXECUTED, MD5SUM, DESCRIPTION, COMMENTS, EXECTYPE, CONTEXTS, LABELS, LIQUIBASE, DEPLOYMENT_ID) VALUES ('1511451595465-45', 'R3.Corda', 'migration/node-services.changelog-init.xml', NOW(), 62, '8:2ae0fa18530e20aa3bcd6109b7d95247', 'addPrimaryKey constraintName=node_transaction_mappings_pkey, tableName=node_transaction_mappings', '', 'EXECUTED', NULL, NULL, '3.6.3', '2067482353') {changeSet=migration/node-services.changelog-init.xml::1511451595465-45::R3.Corda, databaseChangeLog=master.changelog.json}
?[m?[37m[INFO] 11:44:42,476 [Test worker] jvm.JdbcExecutor. - ALTER TABLE PUBLIC.node_transactions ADD CONSTRAINT node_transactions_pkey PRIMARY KEY (tx_id) {changeSet=migration/node-services.changelog-init.xml::1511451595465-46::R3.Corda, databaseChangeLog=master.changelog.json}
?[m?[37m[INFO] 11:44:42,477 [Test worker] changelog.ChangeSet. - Primary key added to node_transactions (tx_id) {changeSet=migration/node-services.changelog-init.xml::1511451595465-46::R3.Corda, databaseChangeLog=master.changelog.json}
?[m?[37m[INFO] 11:44:42,477 [Test worker] changelog.ChangeSet. - ChangeSet migration/node-services.changelog-init.xml::1511451595465-46::R3.Corda ran successfully in 1ms {changeSet=migration/node-services.changelog-init.xml::1511451595465-46::R3.Corda, databaseChangeLog=master.changelog.json}
?[m?[37m[INFO] 11:44:42,478 [Test worker] jvm.JdbcExecutor. - INSERT INTO PUBLIC.DATABASECHANGELOG (ID, AUTHOR, FILENAME, DATEEXECUTED, ORDEREXECUTED, MD5SUM, DESCRIPTION, COMMENTS, EXECTYPE, CONTEXTS, LABELS, LIQUIBASE, DEPLOYMENT_ID) VALUES ('1511451595465-46', 'R3.Corda', 'migration/node-services.changelog-init.xml', NOW(), 63, '8:d5e4dd3dba8e89f77b6eeff0fc5b7a49', 'addPrimaryKey constraintName=node_transactions_pkey, tableName=node_transactions', '', 'EXECUTED', NULL, NULL, '3.6.3', '2067482353') {changeSet=migration/node-services.changelog-init.xml::1511451595465-46::R3.Corda, databaseChangeLog=master.changelog.json}
?[m?[37m[INFO] 11:44:42,478 [Test worker] jvm.JdbcExecutor. - ALTER TABLE PUBLIC.node_link_nodeinfo_party ADD CONSTRAINT FK__link_ni_p__info_p_cert FOREIGN KEY (party_name) REFERENCES PUBLIC.node_info_party_cert (party_name) {changeSet=migration/node-services.changelog-init.xml::1511451595465-61::R3.Corda, databaseChangeLog=master.changelog.json}
?[m?[37m[INFO] 11:44:42,479 [Test worker] changelog.ChangeSet. - Foreign key constraint added to node_link_nodeinfo_party (party_name) {changeSet=migration/node-services.changelog-init.xml::1511451595465-61::R3.Corda, databaseChangeLog=master.changelog.json}
?[m?[37m[INFO] 11:44:42,479 [Test worker] changelog.ChangeSet. - ChangeSet migration/node-services.changelog-init.xml::1511451595465-61::R3.Corda ran successfully in 1ms {changeSet=migration/node-services.changelog-init.xml::1511451595465-61::R3.Corda, databaseChangeLog=master.changelog.json}
?[m?[37m[INFO] 11:44:42,479 [Test worker] jvm.JdbcExecutor. - INSERT INTO PUBLIC.DATABASECHANGELOG (ID, AUTHOR, FILENAME, DATEEXECUTED, ORDEREXECUTED, MD5SUM, DESCRIPTION, COMMENTS, EXECTYPE, CONTEXTS, LABELS, LIQUIBASE, DEPLOYMENT_ID) VALUES ('1511451595465-61', 'R3.Corda', 'migration/node-services.changelog-init.xml', NOW(), 64, '8:1d4e406a8056aa782ccbd978771f1fb9', 'addForeignKeyConstraint baseTableName=node_link_nodeinfo_party, constraintName=FK__link_ni_p__info_p_cert, referencedTableName=node_info_party_cert', '', 'EXECUTED', NULL, NULL, '3.6.3', '2067482353') {changeSet=migration/node-services.changelog-init.xml::1511451595465-61::R3.Corda, databaseChangeLog=master.changelog.json}
?[m?[37m[INFO] 11:44:42,480 [Test worker] jvm.JdbcExecutor. - CREATE INDEX PUBLIC.att_id_idx ON PUBLIC.node_attachments(att_id) {changeSet=migration/node-services.changelog-init.xml::add index att_id::R3.Corda, databaseChangeLog=master.changelog.json}
?[m?[37m[INFO] 11:44:42,480 [Test worker] changelog.ChangeSet. - Index att_id_idx created {changeSet=migration/node-services.changelog-init.xml::add index att_id::R3.Corda, databaseChangeLog=master.changelog.json}
?[m?[37m[INFO] 11:44:42,480 [Test worker] changelog.ChangeSet. - ChangeSet migration/node-services.changelog-init.xml::add index att_id::R3.Corda ran successfully in 0ms {changeSet=migration/node-services.changelog-init.xml::add index att_id::R3.Corda, databaseChangeLog=master.changelog.json}
?[m?[37m[INFO] 11:44:42,480 [Test worker] jvm.JdbcExecutor. - INSERT INTO PUBLIC.DATABASECHANGELOG (ID, AUTHOR, FILENAME, DATEEXECUTED, ORDEREXECUTED, MD5SUM, DESCRIPTION, COMMENTS, EXECTYPE, CONTEXTS, LABELS, LIQUIBASE, DEPLOYMENT_ID) VALUES ('add index att_id', 'R3.Corda', 'migration/node-services.changelog-init.xml', NOW(), 65, '8:ccf9b08f32d685dc60d6e34a3013bffc', 'createIndex indexName=att_id_idx, tableName=node_attachments', '', 'EXECUTED', NULL, NULL, '3.6.3', '2067482353') {changeSet=migration/node-services.changelog-init.xml::add index att_id::R3.Corda, databaseChangeLog=master.changelog.json}
?[m?[37m[INFO] 11:44:42,480 [Test worker] jvm.JdbcExecutor. - CREATE TABLE PUBLIC.node_attchments_contracts (att_id NVARCHAR(255) NOT NULL, contract_class_name NVARCHAR(255)) {changeSet=migration/node-services.changelog-init.xml::add_contract_attachment::R3.Corda, databaseChangeLog=master.changelog.json}
?[m?[37m[INFO] 11:44:42,481 [Test worker] changelog.ChangeSet. - Table node_attchments_contracts created {changeSet=migration/node-services.changelog-init.xml::add_contract_attachment::R3.Corda, databaseChangeLog=master.changelog.json}
?[m?[37m[INFO] 11:44:42,481 [Test worker] jvm.JdbcExecutor. - ALTER TABLE PUBLIC.node_attchments_contracts ADD CONSTRAINT FK__ctr_class__attachments FOREIGN KEY (att_id) REFERENCES PUBLIC.node_attachments (att_id) {changeSet=migration/node-services.changelog-init.xml::add_contract_attachment::R3.Corda, databaseChangeLog=master.changelog.json}
?[m?[37m[INFO] 11:44:42,481 [Test worker] changelog.ChangeSet. - Foreign key constraint added to node_attchments_contracts (att_id) {changeSet=migration/node-services.changelog-init.xml::add_contract_attachment::R3.Corda, databaseChangeLog=master.changelog.json}
?[m?[37m[INFO] 11:44:42,481 [Test worker] jvm.JdbcExecutor. - DELETE FROM PUBLIC.node_attachments {changeSet=migration/node-services.changelog-init.xml::add_contract_attachment::R3.Corda, databaseChangeLog=master.changelog.json}
?[m?[37m[INFO] 11:44:42,481 [Test worker] changelog.ChangeSet. - Data deleted from node_attachments {changeSet=migration/node-services.changelog-init.xml::add_contract_attachment::R3.Corda, databaseChangeLog=master.changelog.json}
?[m?[37m[INFO] 11:44:42,481 [Test worker] changelog.ChangeSet. - ChangeSet migration/node-services.changelog-init.xml::add_contract_attachment::R3.Corda ran successfully in 1ms {changeSet=migration/node-services.changelog-init.xml::add_contract_attachment::R3.Corda, databaseChangeLog=master.changelog.json}
?[m?[37m[INFO] 11:44:42,481 [Test worker] jvm.JdbcExecutor. - INSERT INTO PUBLIC.DATABASECHANGELOG (ID, AUTHOR, FILENAME, DATEEXECUTED, ORDEREXECUTED, MD5SUM, DESCRIPTION, COMMENTS, EXECTYPE, CONTEXTS, LABELS, LIQUIBASE, DEPLOYMENT_ID) VALUES ('add_contract_attachment', 'R3.Corda', 'migration/node-services.changelog-init.xml', NOW(), 66, '8:8898557cf18644883f6f3b0c5e784c0b', 'createTable tableName=node_attchments_contracts; addForeignKeyConstraint baseTableName=node_attchments_contracts, constraintName=FK__ctr_class__attachments, referencedTableName=node_attachments; delete tableName=node_attachments', '', 'EXECUTED', NULL, NULL, '3.6.3', '2067482353') {changeSet=migration/node-services.changelog-init.xml::add_contract_attachment::R3.Corda, databaseChangeLog=master.changelog.json}
?[m?[37m[INFO] 11:44:42,482 [Test worker] jvm.JdbcExecutor. - ALTER TABLE PUBLIC.node_message_ids ADD sender NVARCHAR(64) {changeSet=migration/node-services.changelog-init.xml::add_dedup_columns::R3.Corda, databaseChangeLog=master.changelog.json}
?[m?[37m[INFO] 11:44:42,482 [Test worker] jvm.JdbcExecutor. - ALTER TABLE PUBLIC.node_message_ids ADD sequence_number BIGINT {changeSet=migration/node-services.changelog-init.xml::add_dedup_columns::R3.Corda, databaseChangeLog=master.changelog.json}
?[m?[37m[INFO] 11:44:42,483 [Test worker] changelog.ChangeSet. - Columns sender(NVARCHAR(64)),sequence_number(BIGINT) added to node_message_ids {changeSet=migration/node-services.changelog-init.xml::add_dedup_columns::R3.Corda, databaseChangeLog=master.changelog.json}
?[m?[37m[INFO] 11:44:42,483 [Test worker] changelog.ChangeSet. - ChangeSet migration/node-services.changelog-init.xml::add_dedup_columns::R3.Corda ran successfully in 1ms {changeSet=migration/node-services.changelog-init.xml::add_dedup_columns::R3.Corda, databaseChangeLog=master.changelog.json}
?[m?[37m[INFO] 11:44:42,483 [Test worker] jvm.JdbcExecutor. - INSERT INTO PUBLIC.DATABASECHANGELOG (ID, AUTHOR, FILENAME, DATEEXECUTED, ORDEREXECUTED, MD5SUM, DESCRIPTION, COMMENTS, EXECTYPE, CONTEXTS, LABELS, LIQUIBASE, DEPLOYMENT_ID) VALUES ('add_dedup_columns', 'R3.Corda', 'migration/node-services.changelog-init.xml', NOW(), 67, '8:5924ebdacff695e1f30aa3e0173eccdf', 'addColumn tableName=node_message_ids', '', 'EXECUTED', NULL, NULL, '3.6.3', '2067482353') {changeSet=migration/node-services.changelog-init.xml::add_dedup_columns::R3.Corda, databaseChangeLog=master.changelog.json}
?[m?[37m[INFO] 11:44:42,484 [Test worker] jvm.JdbcExecutor. - ALTER TABLE PUBLIC.node_attchments_contracts RENAME TO node_attachments_contracts {changeSet=migration/node-core.changelog-v4.xml::attchments_rename::R3.Corda, databaseChangeLog=master.changelog.json}
?[m?[37m[INFO] 11:44:42,484 [Test worker] changelog.ChangeSet. - Table node_attchments_contracts renamed to node_attachments_contracts {changeSet=migration/node-core.changelog-v4.xml::attchments_rename::R3.Corda, databaseChangeLog=master.changelog.json}
?[m?[37m[INFO] 11:44:42,484 [Test worker] changelog.ChangeSet. - ChangeSet migration/node-core.changelog-v4.xml::attchments_rename::R3.Corda ran successfully in 0ms {changeSet=migration/node-core.changelog-v4.xml::attchments_rename::R3.Corda, databaseChangeLog=master.changelog.json}
?[m?[37m[INFO] 11:44:42,484 [Test worker] jvm.JdbcExecutor. - INSERT INTO PUBLIC.DATABASECHANGELOG (ID, AUTHOR, FILENAME, DATEEXECUTED, ORDEREXECUTED, MD5SUM, DESCRIPTION, COMMENTS, EXECTYPE, CONTEXTS, LABELS, LIQUIBASE, DEPLOYMENT_ID) VALUES ('attchments_rename', 'R3.Corda', 'migration/node-core.changelog-v4.xml', NOW(), 68, '8:94816d7657264059f2b8da4e97d4b15d', 'renameTable newTableName=node_attachments_contracts, oldTableName=node_attchments_contracts', '', 'EXECUTED', NULL, NULL, '3.6.3', '2067482353') {changeSet=migration/node-core.changelog-v4.xml::attchments_rename::R3.Corda, databaseChangeLog=master.changelog.json}
?[m?[37m[INFO] 11:44:42,485 [Test worker] jvm.JdbcExecutor. - ALTER TABLE PUBLIC.node_identities ALTER COLUMN identity_value SET NOT NULL {changeSet=migration/node-core.changelog-v4.xml::nullability::R3.Corda, databaseChangeLog=master.changelog.json}
?[m?[37m[INFO] 11:44:42,485 [Test worker] changelog.ChangeSet. - NOT NULL constraint has been added to node_identities.identity_value {changeSet=migration/node-core.changelog-v4.xml::nullability::R3.Corda, databaseChangeLog=master.changelog.json}
?[m?[37m[INFO] 11:44:42,485 [Test worker] jvm.JdbcExecutor. - ALTER TABLE PUBLIC.node_attachments ALTER COLUMN content SET NOT NULL {changeSet=migration/node-core.changelog-v4.xml::nullability::R3.Corda, databaseChangeLog=master.changelog.json}
?[m?[37m[INFO] 11:44:42,485 [Test worker] changelog.ChangeSet. - NOT NULL constraint has been added to node_attachments.content {changeSet=migration/node-core.changelog-v4.xml::nullability::R3.Corda, databaseChangeLog=master.changelog.json}
?[m?[37m[INFO] 11:44:42,485 [Test worker] jvm.JdbcExecutor. - ALTER TABLE PUBLIC.node_attachments_contracts ALTER COLUMN contract_class_name SET NOT NULL {changeSet=migration/node-core.changelog-v4.xml::nullability::R3.Corda, databaseChangeLog=master.changelog.json}
?[m?[37m[INFO] 11:44:42,485 [Test worker] changelog.ChangeSet. - NOT NULL constraint has been added to node_attachments_contracts.contract_class_name {changeSet=migration/node-core.changelog-v4.xml::nullability::R3.Corda, databaseChangeLog=master.changelog.json}
?[m?[37m[INFO] 11:44:42,485 [Test worker] jvm.JdbcExecutor. - ALTER TABLE PUBLIC.node_checkpoints ALTER COLUMN checkpoint_value SET NOT NULL {changeSet=migration/node-core.changelog-v4.xml::nullability::R3.Corda, databaseChangeLog=master.changelog.json}
?[m?[37m[INFO] 11:44:42,485 [Test worker] changelog.ChangeSet. - NOT NULL constraint has been added to node_checkpoints.checkpoint_value {changeSet=migration/node-core.changelog-v4.xml::nullability::R3.Corda, databaseChangeLog=master.changelog.json}
?[m?[37m[INFO] 11:44:42,485 [Test worker] jvm.JdbcExecutor. - ALTER TABLE PUBLIC.node_contract_upgrades ALTER COLUMN contract_class_name SET NOT NULL {changeSet=migration/node-core.changelog-v4.xml::nullability::R3.Corda, databaseChangeLog=master.changelog.json}
?[m?[37m[INFO] 11:44:42,485 [Test worker] changelog.ChangeSet. - NOT NULL constraint has been added to node_contract_upgrades.contract_class_name {changeSet=migration/node-core.changelog-v4.xml::nullability::R3.Corda, databaseChangeLog=master.changelog.json}
?[m?[37m[INFO] 11:44:42,485 [Test worker] jvm.JdbcExecutor. - ALTER TABLE PUBLIC.node_message_ids ALTER COLUMN insertion_time SET NOT NULL {changeSet=migration/node-core.changelog-v4.xml::nullability::R3.Corda, databaseChangeLog=master.changelog.json}
?[m?[37m[INFO] 11:44:42,485 [Test worker] changelog.ChangeSet. - NOT NULL constraint has been added to node_message_ids.insertion_time {changeSet=migration/node-core.changelog-v4.xml::nullability::R3.Corda, databaseChangeLog=master.changelog.json}
?[m?[37m[INFO] 11:44:42,485 [Test worker] jvm.JdbcExecutor. - ALTER TABLE PUBLIC.node_message_retry ALTER COLUMN message SET NOT NULL {changeSet=migration/node-core.changelog-v4.xml::nullability::R3.Corda, databaseChangeLog=master.changelog.json}
?[m?[37m[INFO] 11:44:42,485 [Test worker] changelog.ChangeSet. - NOT NULL constraint has been added to node_message_retry.message {changeSet=migration/node-core.changelog-v4.xml::nullability::R3.Corda, databaseChangeLog=master.changelog.json}
?[m?[37m[INFO] 11:44:42,485 [Test worker] jvm.JdbcExecutor. - ALTER TABLE PUBLIC.node_message_retry ALTER COLUMN recipients SET NOT NULL {changeSet=migration/node-core.changelog-v4.xml::nullability::R3.Corda, databaseChangeLog=master.changelog.json}
?[m?[37m[INFO] 11:44:42,485 [Test worker] changelog.ChangeSet. - NOT NULL constraint has been added to node_message_retry.recipients {changeSet=migration/node-core.changelog-v4.xml::nullability::R3.Corda, databaseChangeLog=master.changelog.json}
?[m?[37m[INFO] 11:44:42,486 [Test worker] jvm.JdbcExecutor. - ALTER TABLE PUBLIC.node_named_identities ALTER COLUMN pk_hash SET NOT NULL {changeSet=migration/node-core.changelog-v4.xml::nullability::R3.Corda, databaseChangeLog=master.changelog.json}
?[m?[37m[INFO] 11:44:42,486 [Test worker] changelog.ChangeSet. - NOT NULL constraint has been added to node_named_identities.pk_hash {changeSet=migration/node-core.changelog-v4.xml::nullability::R3.Corda, databaseChangeLog=master.changelog.json}
?[m?[37m[INFO] 11:44:42,486 [Test worker] jvm.JdbcExecutor. - ALTER TABLE PUBLIC.node_our_key_pairs ALTER COLUMN private_key SET NOT NULL {changeSet=migration/node-core.changelog-v4.xml::nullability::R3.Corda, databaseChangeLog=master.changelog.json}
?[m?[37m[INFO] 11:44:42,486 [Test worker] changelog.ChangeSet. - NOT NULL constraint has been added to node_our_key_pairs.private_key {changeSet=migration/node-core.changelog-v4.xml::nullability::R3.Corda, databaseChangeLog=master.changelog.json}
?[m?[37m[INFO] 11:44:42,486 [Test worker] jvm.JdbcExecutor. - ALTER TABLE PUBLIC.node_our_key_pairs ALTER COLUMN public_key SET NOT NULL {changeSet=migration/node-core.changelog-v4.xml::nullability::R3.Corda, databaseChangeLog=master.changelog.json}
?[m?[37m[INFO] 11:44:42,486 [Test worker] changelog.ChangeSet. - NOT NULL constraint has been added to node_our_key_pairs.public_key {changeSet=migration/node-core.changelog-v4.xml::nullability::R3.Corda, databaseChangeLog=master.changelog.json}
?[m?[37m[INFO] 11:44:42,486 [Test worker] jvm.JdbcExecutor. - ALTER TABLE PUBLIC.node_transaction_mappings ALTER COLUMN state_machine_run_id SET NOT NULL {changeSet=migration/node-core.changelog-v4.xml::nullability::R3.Corda, databaseChangeLog=master.changelog.json}
?[m?[37m[INFO] 11:44:42,486 [Test worker] changelog.ChangeSet. - NOT NULL constraint has been added to node_transaction_mappings.state_machine_run_id {changeSet=migration/node-core.changelog-v4.xml::nullability::R3.Corda, databaseChangeLog=master.changelog.json}
?[m?[37m[INFO] 11:44:42,486 [Test worker] jvm.JdbcExecutor. - ALTER TABLE PUBLIC.node_transactions ALTER COLUMN transaction_value SET NOT NULL {changeSet=migration/node-core.changelog-v4.xml::nullability::R3.Corda, databaseChangeLog=master.changelog.json}
?[m?[37m[INFO] 11:44:42,486 [Test worker] changelog.ChangeSet. - NOT NULL constraint has been added to node_transactions.transaction_value {changeSet=migration/node-core.changelog-v4.xml::nullability::R3.Corda, databaseChangeLog=master.changelog.json}
?[m?[37m[INFO] 11:44:42,486 [Test worker] changelog.ChangeSet. - ChangeSet migration/node-core.changelog-v4.xml::nullability::R3.Corda ran successfully in 1ms {changeSet=migration/node-core.changelog-v4.xml::nullability::R3.Corda, databaseChangeLog=master.changelog.json}
?[m?[37m[INFO] 11:44:42,487 [Test worker] jvm.JdbcExecutor. - INSERT INTO PUBLIC.DATABASECHANGELOG (ID, AUTHOR, FILENAME, DATEEXECUTED, ORDEREXECUTED, MD5SUM, DESCRIPTION, COMMENTS, EXECTYPE, CONTEXTS, LABELS, LIQUIBASE, DEPLOYMENT_ID) VALUES ('nullability', 'R3.Corda', 'migration/node-core.changelog-v4.xml', NOW(), 69, '8:62ddcf64aece5dc383fa400ac8ccc392', 'addNotNullConstraint columnName=identity_value, tableName=node_identities; addNotNullConstraint columnName=content, tableName=node_attachments; addNotNullConstraint columnName=contract_class_name, tableName=node_attachments_contracts; addNotNullCo...', '', 'EXECUTED', NULL, NULL, '3.6.3', '2067482353') {changeSet=migration/node-core.changelog-v4.xml::nullability::R3.Corda, databaseChangeLog=master.changelog.json}
?[m?[37m[INFO] 11:44:42,487 [Test worker] jvm.JdbcExecutor. - DROP TABLE PUBLIC.node_message_retry {changeSet=migration/node-core.changelog-v5.xml::remove_unused_node_message_retry::R3.Corda, databaseChangeLog=master.changelog.json}
?[m?[37m[INFO] 11:44:42,488 [Test worker] changelog.ChangeSet. - Table node_message_retry dropped {changeSet=migration/node-core.changelog-v5.xml::remove_unused_node_message_retry::R3.Corda, databaseChangeLog=master.changelog.json}
?[m?[37m[INFO] 11:44:42,488 [Test worker] changelog.ChangeSet. - ChangeSet migration/node-core.changelog-v5.xml::remove_unused_node_message_retry::R3.Corda ran successfully in 1ms {changeSet=migration/node-core.changelog-v5.xml::remove_unused_node_message_retry::R3.Corda, databaseChangeLog=master.changelog.json}
?[m?[37m[INFO] 11:44:42,488 [Test worker] jvm.JdbcExecutor. - INSERT INTO PUBLIC.DATABASECHANGELOG (ID, AUTHOR, FILENAME, DATEEXECUTED, ORDEREXECUTED, MD5SUM, DESCRIPTION, COMMENTS, EXECTYPE, CONTEXTS, LABELS, LIQUIBASE, DEPLOYMENT_ID) VALUES ('remove_unused_node_message_retry', 'R3.Corda', 'migration/node-core.changelog-v5.xml', NOW(), 70, '8:7f43b1a30ed49119520e7d14de6b57bd', 'dropTable tableName=node_message_retry', '', 'EXECUTED', NULL, NULL, '3.6.3', '2067482353') {changeSet=migration/node-core.changelog-v5.xml::remove_unused_node_message_retry::R3.Corda, databaseChangeLog=master.changelog.json}
?[m?[37m[INFO] 11:44:42,488 [Test worker] jvm.JdbcExecutor. - INSERT INTO PUBLIC.DATABASECHANGELOG (ID, AUTHOR, FILENAME, DATEEXECUTED, ORDEREXECUTED, MD5SUM, DESCRIPTION, COMMENTS, EXECTYPE, CONTEXTS, LABELS, LIQUIBASE, DEPLOYMENT_ID) VALUES ('non-clustered_pk-1', 'R3.Corda', 'migration/node-core.changelog-pkey.xml', NOW(), 71, '8:fc341b0d5ff080f0093d8a528299de25', 'dropPrimaryKey constraintName=node_checkpoints_pkey, tableName=node_checkpoints; addPrimaryKey constraintName=node_checkpoints_pkey, tableName=node_checkpoints', '', 'MARK_RAN', NULL, NULL, '3.6.3', '2067482353') {changeSet=migration/node-core.changelog-pkey.xml::non-clustered_pk-1::R3.Corda, databaseChangeLog=master.changelog.json}
?[m?[37m[INFO] 11:44:42,489 [Test worker] jvm.JdbcExecutor. - INSERT INTO PUBLIC.DATABASECHANGELOG (ID, AUTHOR, FILENAME, DATEEXECUTED, ORDEREXECUTED, MD5SUM, DESCRIPTION, COMMENTS, EXECTYPE, CONTEXTS, LABELS, LIQUIBASE, DEPLOYMENT_ID) VALUES ('non-clustered_pk-2', 'R3.Corda', 'migration/node-core.changelog-pkey.xml', NOW(), 72, '8:438db96910ca09a1e8910e74fe31d943', 'dropPrimaryKey constraintName=node_identities_pkey, tableName=node_identities; addPrimaryKey constraintName=node_identities_pkey, tableName=node_identities', '', 'MARK_RAN', NULL, NULL, '3.6.3', '2067482353') {changeSet=migration/node-core.changelog-pkey.xml::non-clustered_pk-2::R3.Corda, databaseChangeLog=master.changelog.json}
?[m?[37m[INFO] 11:44:42,490 [Test worker] jvm.JdbcExecutor. - INSERT INTO PUBLIC.DATABASECHANGELOG (ID, AUTHOR, FILENAME, DATEEXECUTED, ORDEREXECUTED, MD5SUM, DESCRIPTION, COMMENTS, EXECTYPE, CONTEXTS, LABELS, LIQUIBASE, DEPLOYMENT_ID) VALUES ('non-clustered_pk-3', 'R3.Corda', 'migration/node-core.changelog-pkey.xml', NOW(), 73, '8:b02515ba3eb419e880a62ad581d57d9a', 'dropPrimaryKey constraintName=node_message_ids_pkey, tableName=node_message_ids; addPrimaryKey constraintName=node_message_ids_pkey, tableName=node_message_ids', '', 'MARK_RAN', NULL, NULL, '3.6.3', '2067482353') {changeSet=migration/node-core.changelog-pkey.xml::non-clustered_pk-3::R3.Corda, databaseChangeLog=master.changelog.json}
?[m?[37m[INFO] 11:44:42,490 [Test worker] jvm.JdbcExecutor. - INSERT INTO PUBLIC.DATABASECHANGELOG (ID, AUTHOR, FILENAME, DATEEXECUTED, ORDEREXECUTED, MD5SUM, DESCRIPTION, COMMENTS, EXECTYPE, CONTEXTS, LABELS, LIQUIBASE, DEPLOYMENT_ID) VALUES ('non-clustered_pk-4', 'R3.Corda', 'migration/node-core.changelog-pkey.xml', NOW(), 74, '8:9a733c73c5a8ca979384c41d59473644', 'dropPrimaryKey constraintName=node_named_identities_pkey, tableName=node_named_identities; addPrimaryKey constraintName=node_named_identities_pkey, tableName=node_named_identities', '', 'MARK_RAN', NULL, NULL, '3.6.3', '2067482353') {changeSet=migration/node-core.changelog-pkey.xml::non-clustered_pk-4::R3.Corda, databaseChangeLog=master.changelog.json}
?[m?[37m[INFO] 11:44:42,491 [Test worker] jvm.JdbcExecutor. - INSERT INTO PUBLIC.DATABASECHANGELOG (ID, AUTHOR, FILENAME, DATEEXECUTED, ORDEREXECUTED, MD5SUM, DESCRIPTION, COMMENTS, EXECTYPE, CONTEXTS, LABELS, LIQUIBASE, DEPLOYMENT_ID) VALUES ('non-clustered_pk-5', 'R3.Corda', 'migration/node-core.changelog-pkey.xml', NOW(), 75, '8:48cf4a4dad77b6a8f7c3c73c09cc3959', 'dropPrimaryKey constraintName=node_our_key_pairs_pkey, tableName=node_our_key_pairs; addPrimaryKey constraintName=node_our_key_pairs_pkey, tableName=node_our_key_pairs', '', 'MARK_RAN', NULL, NULL, '3.6.3', '2067482353') {changeSet=migration/node-core.changelog-pkey.xml::non-clustered_pk-5::R3.Corda, databaseChangeLog=master.changelog.json}
?[m?[37m[INFO] 11:44:42,491 [Test worker] jvm.JdbcExecutor. - INSERT INTO PUBLIC.DATABASECHANGELOG (ID, AUTHOR, FILENAME, DATEEXECUTED, ORDEREXECUTED, MD5SUM, DESCRIPTION, COMMENTS, EXECTYPE, CONTEXTS, LABELS, LIQUIBASE, DEPLOYMENT_ID) VALUES ('non-clustered_pk-6', 'R3.Corda', 'migration/node-core.changelog-pkey.xml', NOW(), 76, '8:25c5581ce04f688ea83704ffa44bab8e', 'dropPrimaryKey constraintName=node_transaction_mappings_pkey, tableName=node_transaction_mappings; addPrimaryKey constraintName=node_transaction_mappings_pkey, tableName=node_transaction_mappings', '', 'MARK_RAN', NULL, NULL, '3.6.3', '2067482353') {changeSet=migration/node-core.changelog-pkey.xml::non-clustered_pk-6::R3.Corda, databaseChangeLog=master.changelog.json}
?[m?[37m[INFO] 11:44:42,492 [Test worker] jvm.JdbcExecutor. - INSERT INTO PUBLIC.DATABASECHANGELOG (ID, AUTHOR, FILENAME, DATEEXECUTED, ORDEREXECUTED, MD5SUM, DESCRIPTION, COMMENTS, EXECTYPE, CONTEXTS, LABELS, LIQUIBASE, DEPLOYMENT_ID) VALUES ('non-clustered_pk-7', 'R3.Corda', 'migration/node-core.changelog-pkey.xml', NOW(), 77, '8:64773359f27e2f85fe6df6097823ce69', 'dropPrimaryKey constraintName=node_transactions_pkey, tableName=node_transactions; addPrimaryKey constraintName=node_transactions_pkey, tableName=node_transactions', '', 'MARK_RAN', NULL, NULL, '3.6.3', '2067482353') {changeSet=migration/node-core.changelog-pkey.xml::non-clustered_pk-7::R3.Corda, databaseChangeLog=master.changelog.json}
?[m?[37m[INFO] 11:44:42,495 [Test worker] changelog.ChangeSet. - Marking ChangeSet: migration/node-core.changelog-v8.xml::conditional_attchments_rename::R3.Corda ran despite precondition failure due to onFail='MARK_RAN': 
          master.changelog.json : Table PUBLIC.NODE_ATTCHMENTS_CONTRACTS does not exist
 {changeSet=migration/node-core.changelog-v8.xml::conditional_attchments_rename::R3.Corda, databaseChangeLog=master.changelog.json}
?[m?[37m[INFO] 11:44:42,496 [Test worker] jvm.JdbcExecutor. - INSERT INTO PUBLIC.DATABASECHANGELOG (ID, AUTHOR, FILENAME, DATEEXECUTED, ORDEREXECUTED, MD5SUM, DESCRIPTION, COMMENTS, EXECTYPE, CONTEXTS, LABELS, LIQUIBASE, DEPLOYMENT_ID) VALUES ('conditional_attchments_rename', 'R3.Corda', 'migration/node-core.changelog-v8.xml', NOW(), 78, '8:114fc6d1775676ecf274989170741a5b', 'renameTable newTableName=NODE_ATTACHMENTS_CONTRACTS, oldTableName=NODE_ATTCHMENTS_CONTRACTS', '', 'MARK_RAN', NULL, NULL, '3.6.3', '2067482353') {changeSet=migration/node-core.changelog-v8.xml::conditional_attchments_rename::R3.Corda, databaseChangeLog=master.changelog.json}
?[m?[37m[INFO] 11:44:42,499 [Test worker] changelog.ChangeSet. - Marking ChangeSet: migration/node-core.changelog-v8.xml::conditional_attchments_contracts::R3.Corda ran despite precondition failure due to onFail='MARK_RAN': 
          master.changelog.json : Table PUBLIC.NODE_ATTACHMENTS_CONTRACT_CLASS_NAME does not exist
 {changeSet=migration/node-core.changelog-v8.xml::conditional_attchments_contracts::R3.Corda, databaseChangeLog=master.changelog.json}
?[m?[37m[INFO] 11:44:42,499 [Test worker] jvm.JdbcExecutor. - INSERT INTO PUBLIC.DATABASECHANGELOG (ID, AUTHOR, FILENAME, DATEEXECUTED, ORDEREXECUTED, MD5SUM, DESCRIPTION, COMMENTS, EXECTYPE, CONTEXTS, LABELS, LIQUIBASE, DEPLOYMENT_ID) VALUES ('conditional_attchments_contracts', 'R3.Corda', 'migration/node-core.changelog-v8.xml', NOW(), 79, '8:c26d868db33a85bdd25570b094635db5', 'renameTable newTableName=NODE_ATTACHMENTS_CONTRACTS, oldTableName=NODE_ATTACHMENTS_CONTRACT_CLASS_NAME', '', 'MARK_RAN', NULL, NULL, '3.6.3', '2067482353') {changeSet=migration/node-core.changelog-v8.xml::conditional_attchments_contracts::R3.Corda, databaseChangeLog=master.changelog.json}
?[m?[37m[INFO] 11:44:42,500 [Test worker] jvm.JdbcExecutor. - CREATE TABLE PUBLIC.node_attachments_signers (att_id NVARCHAR(255) NOT NULL, signer NVARCHAR(1024)) {changeSet=migration/node-core.changelog-v8.xml::add_signers::R3.Corda, databaseChangeLog=master.changelog.json}
?[m?[37m[INFO] 11:44:42,500 [Test worker] changelog.ChangeSet. - Table node_attachments_signers created {changeSet=migration/node-core.changelog-v8.xml::add_signers::R3.Corda, databaseChangeLog=master.changelog.json}
?[m?[37m[INFO] 11:44:42,500 [Test worker] jvm.JdbcExecutor. - ALTER TABLE PUBLIC.node_attachments_signers ADD CONSTRAINT FK__signers__attachments FOREIGN KEY (att_id) REFERENCES PUBLIC.node_attachments (att_id) {changeSet=migration/node-core.changelog-v8.xml::add_signers::R3.Corda, databaseChangeLog=master.changelog.json}
?[m?[37m[INFO] 11:44:42,500 [Test worker] changelog.ChangeSet. - Foreign key constraint added to node_attachments_signers (att_id) {changeSet=migration/node-core.changelog-v8.xml::add_signers::R3.Corda, databaseChangeLog=master.changelog.json}
?[m?[37m[INFO] 11:44:42,500 [Test worker] changelog.ChangeSet. - ChangeSet migration/node-core.changelog-v8.xml::add_signers::R3.Corda ran successfully in 0ms {changeSet=migration/node-core.changelog-v8.xml::add_signers::R3.Corda, databaseChangeLog=master.changelog.json}
?[m?[37m[INFO] 11:44:42,500 [Test worker] jvm.JdbcExecutor. - INSERT INTO PUBLIC.DATABASECHANGELOG (ID, AUTHOR, FILENAME, DATEEXECUTED, ORDEREXECUTED, MD5SUM, DESCRIPTION, COMMENTS, EXECTYPE, CONTEXTS, LABELS, LIQUIBASE, DEPLOYMENT_ID) VALUES ('add_signers', 'R3.Corda', 'migration/node-core.changelog-v8.xml', NOW(), 80, '8:6a033a579a3a8e11a35846d455833835', 'createTable tableName=node_attachments_signers; addForeignKeyConstraint baseTableName=node_attachments_signers, constraintName=FK__signers__attachments, referencedTableName=node_attachments', '', 'EXECUTED', NULL, NULL, '3.6.3', '2067482353') {changeSet=migration/node-core.changelog-v8.xml::add_signers::R3.Corda, databaseChangeLog=master.changelog.json}
?[m?[37m[INFO] 11:44:42,501 [Test worker] jvm.JdbcExecutor. - ALTER TABLE PUBLIC.node_transactions ADD state_machine_run_id NVARCHAR(36) {changeSet=migration/node-core.changelog-tx-mapping.xml::add_tx_mapping_column::R3.Corda, databaseChangeLog=master.changelog.json}
?[m?[37m[INFO] 11:44:42,501 [Test worker] changelog.ChangeSet. - Columns state_machine_run_id(NVARCHAR(36)) added to node_transactions {changeSet=migration/node-core.changelog-tx-mapping.xml::add_tx_mapping_column::R3.Corda, databaseChangeLog=master.changelog.json}
?[m?[37m[INFO] 11:44:42,502 [Test worker] jvm.JdbcExecutor. - update node_transactions set state_machine_run_id=(select state_machine_run_id from
            node_transaction_mappings where node_transactions.tx_id = node_transaction_mappings.tx_id) {changeSet=migration/node-core.changelog-tx-mapping.xml::add_tx_mapping_column::R3.Corda, databaseChangeLog=master.changelog.json}
?[m?[37m[INFO] 11:44:42,502 [Test worker] changelog.ChangeSet. - Custom SQL executed {changeSet=migration/node-core.changelog-tx-mapping.xml::add_tx_mapping_column::R3.Corda, databaseChangeLog=master.changelog.json}
?[m?[37m[INFO] 11:44:42,502 [Test worker] jvm.JdbcExecutor. - DROP TABLE PUBLIC.node_transaction_mappings {changeSet=migration/node-core.changelog-tx-mapping.xml::add_tx_mapping_column::R3.Corda, databaseChangeLog=master.changelog.json}
?[m?[37m[INFO] 11:44:42,502 [Test worker] changelog.ChangeSet. - Table node_transaction_mappings dropped {changeSet=migration/node-core.changelog-tx-mapping.xml::add_tx_mapping_column::R3.Corda, databaseChangeLog=master.changelog.json}
?[m?[37m[INFO] 11:44:42,502 [Test worker] changelog.ChangeSet. - ChangeSet migration/node-core.changelog-tx-mapping.xml::add_tx_mapping_column::R3.Corda ran successfully in 1ms {changeSet=migration/node-core.changelog-tx-mapping.xml::add_tx_mapping_column::R3.Corda, databaseChangeLog=master.changelog.json}
?[m?[37m[INFO] 11:44:42,502 [Test worker] jvm.JdbcExecutor. - INSERT INTO PUBLIC.DATABASECHANGELOG (ID, AUTHOR, FILENAME, DATEEXECUTED, ORDEREXECUTED, MD5SUM, DESCRIPTION, COMMENTS, EXECTYPE, CONTEXTS, LABELS, LIQUIBASE, DEPLOYMENT_ID) VALUES ('add_tx_mapping_column', 'R3.Corda', 'migration/node-core.changelog-tx-mapping.xml', NOW(), 81, '8:6d9d8484a635e932dd8e8f45db1b3d7e', 'addColumn tableName=node_transactions; sql; dropTable tableName=node_transaction_mappings', '', 'EXECUTED', NULL, NULL, '3.6.3', '2067482353') {changeSet=migration/node-core.changelog-tx-mapping.xml::add_tx_mapping_column::R3.Corda, databaseChangeLog=master.changelog.json}
?[m?[37m[INFO] 11:44:42,503 [Test worker] jvm.JdbcExecutor. - CREATE TABLE PUBLIC.node_network_parameters (hash NVARCHAR(130) NOT NULL, epoch INT NOT NULL, parameters_bytes BLOB NOT NULL, signature_bytes BLOB NOT NULL, cert BLOB NOT NULL, parent_cert_path BLOB NOT NULL) {changeSet=migration/node-services.changelog-init.xml::add_network_parameters_storage::R3.Corda, databaseChangeLog=master.changelog.json}
?[m?[37m[INFO] 11:44:42,503 [Test worker] changelog.ChangeSet. - Table node_network_parameters created {changeSet=migration/node-services.changelog-init.xml::add_network_parameters_storage::R3.Corda, databaseChangeLog=master.changelog.json}
?[m?[37m[INFO] 11:44:42,503 [Test worker] changelog.ChangeSet. - ChangeSet migration/node-services.changelog-init.xml::add_network_parameters_storage::R3.Corda ran successfully in 0ms {changeSet=migration/node-services.changelog-init.xml::add_network_parameters_storage::R3.Corda, databaseChangeLog=master.changelog.json}
?[m?[37m[INFO] 11:44:42,504 [Test worker] jvm.JdbcExecutor. - INSERT INTO PUBLIC.DATABASECHANGELOG (ID, AUTHOR, FILENAME, DATEEXECUTED, ORDEREXECUTED, MD5SUM, DESCRIPTION, COMMENTS, EXECTYPE, CONTEXTS, LABELS, LIQUIBASE, DEPLOYMENT_ID) VALUES ('add_network_parameters_storage', 'R3.Corda', 'migration/node-services.changelog-init.xml', NOW(), 82, '8:b448755ba392674254c59e2b9489140f', 'createTable tableName=node_network_parameters', '', 'EXECUTED', NULL, NULL, '3.6.3', '2067482353') {changeSet=migration/node-services.changelog-init.xml::add_network_parameters_storage::R3.Corda, databaseChangeLog=master.changelog.json}
?[m?[37m[INFO] 11:44:42,504 [Test worker] jvm.JdbcExecutor. - ALTER TABLE PUBLIC.node_network_parameters ADD CONSTRAINT node_network_parameters_pkey PRIMARY KEY (hash) {changeSet=migration/node-services.changelog-init.xml::network_parameters_pk::R3.Corda, databaseChangeLog=master.changelog.json}
?[m?[37m[INFO] 11:44:42,504 [Test worker] changelog.ChangeSet. - Primary key added to node_network_parameters (hash) {changeSet=migration/node-services.changelog-init.xml::network_parameters_pk::R3.Corda, databaseChangeLog=master.changelog.json}
?[m?[37m[INFO] 11:44:42,504 [Test worker] changelog.ChangeSet. - ChangeSet migration/node-services.changelog-init.xml::network_parameters_pk::R3.Corda ran successfully in 0ms {changeSet=migration/node-services.changelog-init.xml::network_parameters_pk::R3.Corda, databaseChangeLog=master.changelog.json}
?[m?[37m[INFO] 11:44:42,505 [Test worker] jvm.JdbcExecutor. - INSERT INTO PUBLIC.DATABASECHANGELOG (ID, AUTHOR, FILENAME, DATEEXECUTED, ORDEREXECUTED, MD5SUM, DESCRIPTION, COMMENTS, EXECTYPE, CONTEXTS, LABELS, LIQUIBASE, DEPLOYMENT_ID) VALUES ('network_parameters_pk', 'R3.Corda', 'migration/node-services.changelog-init.xml', NOW(), 83, '8:fc0358b8cab487b52558cd68d6feaf9e', 'addPrimaryKey constraintName=node_network_parameters_pkey, tableName=node_network_parameters', '', 'EXECUTED', NULL, NULL, '3.6.3', '2067482353') {changeSet=migration/node-services.changelog-init.xml::network_parameters_pk::R3.Corda, databaseChangeLog=master.changelog.json}
?[m?[37m[INFO] 11:44:42,505 [Test worker] jvm.JdbcExecutor. - ALTER TABLE PUBLIC.node_attachments ADD version INT {changeSet=migration/node-services.changelog-init.xml::add_version_column::R3.Corda, databaseChangeLog=master.changelog.json}
?[m?[37m[INFO] 11:44:42,507 [Test worker] changelog.ChangeSet. - Columns version(INT) added to node_attachments {changeSet=migration/node-services.changelog-init.xml::add_version_column::R3.Corda, databaseChangeLog=master.changelog.json}
?[m?[37m[INFO] 11:44:42,508 [Test worker] jvm.JdbcExecutor. - update node_attachments set version = 1 {changeSet=migration/node-services.changelog-init.xml::add_version_column::R3.Corda, databaseChangeLog=master.changelog.json}
?[m?[37m[INFO] 11:44:42,508 [Test worker] changelog.ChangeSet. - Custom SQL executed {changeSet=migration/node-services.changelog-init.xml::add_version_column::R3.Corda, databaseChangeLog=master.changelog.json}
?[m?[37m[INFO] 11:44:42,508 [Test worker] jvm.JdbcExecutor. - ALTER TABLE PUBLIC.node_attachments ALTER COLUMN version SET NOT NULL {changeSet=migration/node-services.changelog-init.xml::add_version_column::R3.Corda, databaseChangeLog=master.changelog.json}
?[m?[37m[INFO] 11:44:42,508 [Test worker] changelog.ChangeSet. - NOT NULL constraint has been added to node_attachments.version {changeSet=migration/node-services.changelog-init.xml::add_version_column::R3.Corda, databaseChangeLog=master.changelog.json}
?[m?[37m[INFO] 11:44:42,508 [Test worker] changelog.ChangeSet. - ChangeSet migration/node-services.changelog-init.xml::add_version_column::R3.Corda ran successfully in 3ms {changeSet=migration/node-services.changelog-init.xml::add_version_column::R3.Corda, databaseChangeLog=master.changelog.json}
?[m?[37m[INFO] 11:44:42,508 [Test worker] jvm.JdbcExecutor. - INSERT INTO PUBLIC.DATABASECHANGELOG (ID, AUTHOR, FILENAME, DATEEXECUTED, ORDEREXECUTED, MD5SUM, DESCRIPTION, COMMENTS, EXECTYPE, CONTEXTS, LABELS, LIQUIBASE, DEPLOYMENT_ID) VALUES ('add_version_column', 'R3.Corda', 'migration/node-services.changelog-init.xml', NOW(), 84, '8:ab6a3101d1da88b0f174ccc06a62feef', 'addColumn tableName=node_attachments; sql; addNotNullConstraint columnName=version, tableName=node_attachments', '', 'EXECUTED', NULL, NULL, '3.6.3', '2067482353') {changeSet=migration/node-services.changelog-init.xml::add_version_column::R3.Corda, databaseChangeLog=master.changelog.json}
?[m?[37m[INFO] 11:44:42,509 [Test worker] persistence.AttachmentVersionNumberMigration. - Start executing... {changeSet=migration/node-services.changelog-init.xml::update-version-of-whitelisted-jars::R3.Corda, databaseChangeLog=master.changelog.json}
?[m?[37m[INFO] 11:44:42,509 [Test worker] persistence.AttachmentVersionNumberMigration. - Attachment version creation from whitelisted JARs using network parameters from build/mock-network/20201007-104441.993/nodes/0/network-parameters, whitelistedContractImplementations: {}. {changeSet=migration/node-services.changelog-init.xml::update-version-of-whitelisted-jars::R3.Corda, databaseChangeLog=master.changelog.json}
?[m?[37m[INFO] 11:44:42,509 [Test worker] persistence.AttachmentVersionNumberMigration. - Attachment version creation from whitelisted JARs skipped, no attachments not found. {changeSet=migration/node-services.changelog-init.xml::update-version-of-whitelisted-jars::R3.Corda, databaseChangeLog=master.changelog.json}
?[m?[37m[INFO] 11:44:42,509 [Test worker] changelog.ChangeSet. - null {changeSet=migration/node-services.changelog-init.xml::update-version-of-whitelisted-jars::R3.Corda, databaseChangeLog=master.changelog.json}
?[m?[37m[INFO] 11:44:42,509 [Test worker] changelog.ChangeSet. - ChangeSet migration/node-services.changelog-init.xml::update-version-of-whitelisted-jars::R3.Corda ran successfully in 1ms {changeSet=migration/node-services.changelog-init.xml::update-version-of-whitelisted-jars::R3.Corda, databaseChangeLog=master.changelog.json}
?[m?[37m[INFO] 11:44:42,509 [Test worker] jvm.JdbcExecutor. - INSERT INTO PUBLIC.DATABASECHANGELOG (ID, AUTHOR, FILENAME, DATEEXECUTED, ORDEREXECUTED, MD5SUM, DESCRIPTION, COMMENTS, EXECTYPE, CONTEXTS, LABELS, LIQUIBASE, DEPLOYMENT_ID) VALUES ('update-version-of-whitelisted-jars', 'R3.Corda', 'migration/node-services.changelog-init.xml', NOW(), 85, '8:1d4174a12a4902070f6bf2ba624b0e97', 'customChange', '', 'EXECUTED', NULL, NULL, '3.6.3', '2067482353') {changeSet=migration/node-services.changelog-init.xml::update-version-of-whitelisted-jars::R3.Corda, databaseChangeLog=master.changelog.json}
?[m?[37m[INFO] 11:44:42,510 [Test worker] jvm.JdbcExecutor. - CREATE TABLE PUBLIC.node_identities_no_cert (pk_hash NVARCHAR(130) NOT NULL, name NVARCHAR(128) NOT NULL) {changeSet=migration/node-services.changelog-init.xml::add-new-persistence-table::R3.Corda, databaseChangeLog=master.changelog.json}
?[m?[37m[INFO] 11:44:42,510 [Test worker] changelog.ChangeSet. - Table node_identities_no_cert created {changeSet=migration/node-services.changelog-init.xml::add-new-persistence-table::R3.Corda, databaseChangeLog=master.changelog.json}
?[m?[37m[INFO] 11:44:42,510 [Test worker] jvm.JdbcExecutor. - ALTER TABLE PUBLIC.node_identities_no_cert ADD CONSTRAINT node_identities_no_cert_pkey PRIMARY KEY (pk_hash) {changeSet=migration/node-services.changelog-init.xml::add-new-persistence-table::R3.Corda, databaseChangeLog=master.changelog.json}
?[m?[37m[INFO] 11:44:42,510 [Test worker] changelog.ChangeSet. - Primary key added to node_identities_no_cert (pk_hash) {changeSet=migration/node-services.changelog-init.xml::add-new-persistence-table::R3.Corda, databaseChangeLog=master.changelog.json}
?[m?[37m[INFO] 11:44:42,510 [Test worker] changelog.ChangeSet. - ChangeSet migration/node-services.changelog-init.xml::add-new-persistence-table::R3.Corda ran successfully in 1ms {changeSet=migration/node-services.changelog-init.xml::add-new-persistence-table::R3.Corda, databaseChangeLog=master.changelog.json}
?[m?[37m[INFO] 11:44:42,510 [Test worker] jvm.JdbcExecutor. - INSERT INTO PUBLIC.DATABASECHANGELOG (ID, AUTHOR, FILENAME, DATEEXECUTED, ORDEREXECUTED, MD5SUM, DESCRIPTION, COMMENTS, EXECTYPE, CONTEXTS, LABELS, LIQUIBASE, DEPLOYMENT_ID) VALUES ('add-new-persistence-table', 'R3.Corda', 'migration/node-services.changelog-init.xml', NOW(), 86, '8:cb3302a80bf346270e0d8f3509c64a9b', 'createTable tableName=node_identities_no_cert; addPrimaryKey constraintName=node_identities_no_cert_pkey, tableName=node_identities_no_cert', '', 'EXECUTED', NULL, NULL, '3.6.3', '2067482353') {changeSet=migration/node-services.changelog-init.xml::add-new-persistence-table::R3.Corda, databaseChangeLog=master.changelog.json}
?[m?[37m[INFO] 11:44:42,510 [Test worker] jvm.JdbcExecutor. - ALTER TABLE PUBLIC.pk_hash_to_ext_id_map DROP COLUMN id {changeSet=migration/node-services.changelog-init.xml::migrate_pk_hash_to_ext_id::R3.Corda, databaseChangeLog=master.changelog.json}
?[m?[37m[INFO] 11:44:42,511 [Test worker] changelog.ChangeSet. - Column pk_hash_to_ext_id_map.id dropped {changeSet=migration/node-services.changelog-init.xml::migrate_pk_hash_to_ext_id::R3.Corda, databaseChangeLog=master.changelog.json}
?[m?[37m[INFO] 11:44:42,511 [Test worker] jvm.JdbcExecutor. - DROP INDEX PUBLIC.pk_hash_to_xid_idx {changeSet=migration/node-services.changelog-init.xml::migrate_pk_hash_to_ext_id::R3.Corda, databaseChangeLog=master.changelog.json}
?[m?[37m[INFO] 11:44:42,511 [Test worker] changelog.ChangeSet. - Index pk_hash_to_xid_idx dropped from table pk_hash_to_ext_id_map {changeSet=migration/node-services.changelog-init.xml::migrate_pk_hash_to_ext_id::R3.Corda, databaseChangeLog=master.changelog.json}
?[m?[37m[INFO] 11:44:42,511 [Test worker] jvm.JdbcExecutor. - ALTER TABLE PUBLIC.pk_hash_to_ext_id_map ADD CONSTRAINT pubkey_hash_to_external_id_pk PRIMARY KEY (public_key_hash) {changeSet=migration/node-services.changelog-init.xml::migrate_pk_hash_to_ext_id::R3.Corda, databaseChangeLog=master.changelog.json}
?[m?[37m[INFO] 11:44:42,511 [Test worker] changelog.ChangeSet. - Primary key added to pk_hash_to_ext_id_map (public_key_hash) {changeSet=migration/node-services.changelog-init.xml::migrate_pk_hash_to_ext_id::R3.Corda, databaseChangeLog=master.changelog.json}
?[m?[37m[INFO] 11:44:42,511 [Test worker] jvm.JdbcExecutor. - CREATE INDEX PUBLIC.ext_id_idx ON PUBLIC.pk_hash_to_ext_id_map(external_id) {changeSet=migration/node-services.changelog-init.xml::migrate_pk_hash_to_ext_id::R3.Corda, databaseChangeLog=master.changelog.json}
?[m?[37m[INFO] 11:44:42,511 [Test worker] changelog.ChangeSet. - Index ext_id_idx created {changeSet=migration/node-services.changelog-init.xml::migrate_pk_hash_to_ext_id::R3.Corda, databaseChangeLog=master.changelog.json}
?[m?[37m[INFO] 11:44:42,511 [Test worker] changelog.ChangeSet. - ChangeSet migration/node-services.changelog-init.xml::migrate_pk_hash_to_ext_id::R3.Corda ran successfully in 1ms {changeSet=migration/node-services.changelog-init.xml::migrate_pk_hash_to_ext_id::R3.Corda, databaseChangeLog=master.changelog.json}
?[m?[37m[INFO] 11:44:42,512 [Test worker] jvm.JdbcExecutor. - INSERT INTO PUBLIC.DATABASECHANGELOG (ID, AUTHOR, FILENAME, DATEEXECUTED, ORDEREXECUTED, MD5SUM, DESCRIPTION, COMMENTS, EXECTYPE, CONTEXTS, LABELS, LIQUIBASE, DEPLOYMENT_ID) VALUES ('migrate_pk_hash_to_ext_id', 'R3.Corda', 'migration/node-services.changelog-init.xml', NOW(), 87, '8:daf9ba8b9522b5ed5e0c474f220a5ef9', 'dropColumn columnName=id, tableName=pk_hash_to_ext_id_map; dropIndex indexName=pk_hash_to_xid_idx, tableName=pk_hash_to_ext_id_map; addPrimaryKey constraintName=pubkey_hash_to_external_id_pk, tableName=pk_hash_to_ext_id_map; createIndex indexName=...', '', 'EXECUTED', NULL, NULL, '3.6.3', '2067482353') {changeSet=migration/node-services.changelog-init.xml::migrate_pk_hash_to_ext_id::R3.Corda, databaseChangeLog=master.changelog.json}
?[m?[37m[INFO] 11:44:42,512 [Test worker] changelog.ChangeSet. - null {changeSet=migration/node-services.changelog-init.xml::migrate_identity_service_to_use_publicKey.toShortString()::R3.Corda, databaseChangeLog=master.changelog.json}
?[m?[37m[INFO] 11:44:42,512 [Test worker] changelog.ChangeSet. - ChangeSet migration/node-services.changelog-init.xml::migrate_identity_service_to_use_publicKey.toShortString()::R3.Corda ran successfully in 0ms {changeSet=migration/node-services.changelog-init.xml::migrate_identity_service_to_use_publicKey.toShortString()::R3.Corda, databaseChangeLog=master.changelog.json}
?[m?[37m[INFO] 11:44:42,512 [Test worker] jvm.JdbcExecutor. - INSERT INTO PUBLIC.DATABASECHANGELOG (ID, AUTHOR, FILENAME, DATEEXECUTED, ORDEREXECUTED, MD5SUM, DESCRIPTION, COMMENTS, EXECTYPE, CONTEXTS, LABELS, LIQUIBASE, DEPLOYMENT_ID) VALUES ('migrate_identity_service_to_use_publicKey.toShortString()', 'R3.Corda', 'migration/node-services.changelog-init.xml', NOW(), 88, '8:51a17ecff2c7f17e1502992fdda4356d', 'customChange', '', 'EXECUTED', NULL, NULL, '3.6.3', '2067482353') {changeSet=migration/node-services.changelog-init.xml::migrate_identity_service_to_use_publicKey.toShortString()::R3.Corda, databaseChangeLog=master.changelog.json}
?[m?[37m[INFO] 11:44:42,513 [Test worker] jvm.JdbcExecutor. - ALTER TABLE PUBLIC.node_transactions ADD status NVARCHAR(1) DEFAULT 'V' NOT NULL {changeSet=migration/node-services.changelog-init.xml::add_status_column::R3.Corda, databaseChangeLog=master.changelog.json}
?[m?[37m[INFO] 11:44:42,513 [Test worker] changelog.ChangeSet. - Columns status(NVARCHAR(1)) added to node_transactions {changeSet=migration/node-services.changelog-init.xml::add_status_column::R3.Corda, databaseChangeLog=master.changelog.json}
?[m?[37m[INFO] 11:44:42,513 [Test worker] changelog.ChangeSet. - ChangeSet migration/node-services.changelog-init.xml::add_status_column::R3.Corda ran successfully in 0ms {changeSet=migration/node-services.changelog-init.xml::add_status_column::R3.Corda, databaseChangeLog=master.changelog.json}
?[m?[37m[INFO] 11:44:42,514 [Test worker] jvm.JdbcExecutor. - INSERT INTO PUBLIC.DATABASECHANGELOG (ID, AUTHOR, FILENAME, DATEEXECUTED, ORDEREXECUTED, MD5SUM, DESCRIPTION, COMMENTS, EXECTYPE, CONTEXTS, LABELS, LIQUIBASE, DEPLOYMENT_ID) VALUES ('add_status_column', 'R3.Corda', 'migration/node-services.changelog-init.xml', NOW(), 89, '8:163dc66ab97910470ce080cd4c4d33ef', 'addColumn tableName=node_transactions', '', 'EXECUTED', NULL, NULL, '3.6.3', '2067482353') {changeSet=migration/node-services.changelog-init.xml::add_status_column::R3.Corda, databaseChangeLog=master.changelog.json}
?[m?[37m[INFO] 11:44:42,514 [Test worker] jvm.JdbcExecutor. - CREATE TABLE PUBLIC.node_hash_to_key (pk_hash NVARCHAR(130) NOT NULL, public_key BLOB NOT NULL) {changeSet=migration/node-services.changelog-init.xml::add-new-pk-hash-to-pk-table::R3.Corda, databaseChangeLog=master.changelog.json}
?[m?[37m[INFO] 11:44:42,514 [Test worker] changelog.ChangeSet. - Table node_hash_to_key created {changeSet=migration/node-services.changelog-init.xml::add-new-pk-hash-to-pk-table::R3.Corda, databaseChangeLog=master.changelog.json}
?[m?[37m[INFO] 11:44:42,514 [Test worker] jvm.JdbcExecutor. - ALTER TABLE PUBLIC.node_hash_to_key ADD CONSTRAINT node_hash_to_key_pk_hash PRIMARY KEY (pk_hash) {changeSet=migration/node-services.changelog-init.xml::add-new-pk-hash-to-pk-table::R3.Corda, databaseChangeLog=master.changelog.json}
?[m?[37m[INFO] 11:44:42,514 [Test worker] changelog.ChangeSet. - Primary key added to node_hash_to_key (pk_hash) {changeSet=migration/node-services.changelog-init.xml::add-new-pk-hash-to-pk-table::R3.Corda, databaseChangeLog=master.changelog.json}
?[m?[37m[INFO] 11:44:42,514 [Test worker] changelog.ChangeSet. - ChangeSet migration/node-services.changelog-init.xml::add-new-pk-hash-to-pk-table::R3.Corda ran successfully in 0ms {changeSet=migration/node-services.changelog-init.xml::add-new-pk-hash-to-pk-table::R3.Corda, databaseChangeLog=master.changelog.json}
?[m?[37m[INFO] 11:44:42,514 [Test worker] jvm.JdbcExecutor. - INSERT INTO PUBLIC.DATABASECHANGELOG (ID, AUTHOR, FILENAME, DATEEXECUTED, ORDEREXECUTED, MD5SUM, DESCRIPTION, COMMENTS, EXECTYPE, CONTEXTS, LABELS, LIQUIBASE, DEPLOYMENT_ID) VALUES ('add-new-pk-hash-to-pk-table', 'R3.Corda', 'migration/node-services.changelog-init.xml', NOW(), 90, '8:90ed8145a19f497b5c95a5c9542917f0', 'createTable tableName=node_hash_to_key; addPrimaryKey constraintName=node_hash_to_key_pk_hash, tableName=node_hash_to_key', '', 'EXECUTED', NULL, NULL, '3.6.3', '2067482353') {changeSet=migration/node-services.changelog-init.xml::add-new-pk-hash-to-pk-table::R3.Corda, databaseChangeLog=master.changelog.json}
?[m?[37m[INFO] 11:44:42,515 [Test worker] jvm.JdbcExecutor. - ALTER TABLE PUBLIC.node_transactions ADD timestamp TIMESTAMP DEFAULT '2000-01-01 12:00:00' NOT NULL {changeSet=migration/node-services.changelog-init.xml::add_timestamp_column_to_node_transactions::R3.Corda, databaseChangeLog=master.changelog.json}
?[m?[37m[INFO] 11:44:42,515 [Test worker] changelog.ChangeSet. - Columns timestamp(TIMESTAMP) added to node_transactions {changeSet=migration/node-services.changelog-init.xml::add_timestamp_column_to_node_transactions::R3.Corda, databaseChangeLog=master.changelog.json}
?[m?[37m[INFO] 11:44:42,515 [Test worker] changelog.ChangeSet. - ChangeSet migration/node-services.changelog-init.xml::add_timestamp_column_to_node_transactions::R3.Corda ran successfully in 1ms {changeSet=migration/node-services.changelog-init.xml::add_timestamp_column_to_node_transactions::R3.Corda, databaseChangeLog=master.changelog.json}
?[m?[37m[INFO] 11:44:42,515 [Test worker] jvm.JdbcExecutor. - INSERT INTO PUBLIC.DATABASECHANGELOG (ID, AUTHOR, FILENAME, DATEEXECUTED, ORDEREXECUTED, MD5SUM, DESCRIPTION, COMMENTS, EXECTYPE, CONTEXTS, LABELS, LIQUIBASE, DEPLOYMENT_ID) VALUES ('add_timestamp_column_to_node_transactions', 'R3.Corda', 'migration/node-services.changelog-init.xml', NOW(), 91, '8:bc308c6c38c83b58a03f11f0943a944f', 'addColumn tableName=node_transactions', '', 'EXECUTED', NULL, NULL, '3.6.3', '2067482353') {changeSet=migration/node-services.changelog-init.xml::add_timestamp_column_to_node_transactions::R3.Corda, databaseChangeLog=master.changelog.json}
?[m?[37m[INFO] 11:44:42,516 [Test worker] migration.VaultStateMigration. - Migrating vault state data to V4 tables {changeSet=migration/vault-schema.changelog-v9.xml::update-vault-states::R3.Corda, databaseChangeLog=master.changelog.json}
?[m?[37m[INFO] 11:44:42,517 [Test worker] persistence.HibernateConfiguration. - Init HibernateConfiguration for schemas: [VaultMigrationSchemaV1(name=net.corda.node.migration.VaultMigrationSchema, version=1), VaultSchemaV1(name=net.corda.node.services.vault.VaultSchema, version=1)] {changeSet=migration/vault-schema.changelog-v9.xml::update-vault-states::R3.Corda, databaseChangeLog=master.changelog.json}
?[m?[37m[INFO] 11:44:42,517 [Test worker] factory.BaseSessionFactoryFactory. - Creating session factory for schemas: [VaultMigrationSchemaV1(name=net.corda.node.migration.VaultMigrationSchema, version=1), VaultSchemaV1(name=net.corda.node.services.vault.VaultSchema, version=1)] {changeSet=migration/vault-schema.changelog-v9.xml::update-vault-states::R3.Corda, databaseChangeLog=master.changelog.json}
?[m?[37m[INFO] 11:44:42,520 [Test worker] internal.ConnectionProviderInitiator. - HHH000130: Instantiating explicit connection provider: net.corda.nodeapi.internal.persistence.HibernateConfiguration$NodeDatabaseConnectionProvider {changeSet=migration/vault-schema.changelog-v9.xml::update-vault-states::R3.Corda, databaseChangeLog=master.changelog.json}
?[m?[37m[INFO] 11:44:42,521 [Test worker] dialect.Dialect. - HHH000400: Using dialect: org.hibernate.dialect.H2Dialect {changeSet=migration/vault-schema.changelog-v9.xml::update-vault-states::R3.Corda, databaseChangeLog=master.changelog.json}
?[m?[37m[INFO] 11:44:42,539 [Test worker] connections.access. - HHH10001501: Connection obtained from JdbcConnectionAccess [org.hibernate.engine.jdbc.env.internal.JdbcEnvironmentInitiator$ConnectionProviderJdbcConnectionAccess@788bfd09] for (non-JTA) DDL execution was not in auto-commit mode; the Connection 'local transaction' will be committed and the Connection will be set into auto-commit mode. {changeSet=migration/vault-schema.changelog-v9.xml::update-vault-states::R3.Corda, databaseChangeLog=master.changelog.json}
?[m?[37m[INFO] 11:44:42,555 [Test worker] internal.JtaPlatformInitiator. - HHH000490: Using JtaPlatform implementation: [org.hibernate.engine.transaction.jta.platform.internal.NoJtaPlatform] {changeSet=migration/vault-schema.changelog-v9.xml::update-vault-states::R3.Corda, databaseChangeLog=master.changelog.json}
?[m?[37m[INFO] 11:44:42,555 [Test worker] factory.BaseSessionFactoryFactory. - Created session factory for schemas: [VaultMigrationSchemaV1(name=net.corda.node.migration.VaultMigrationSchema, version=1), VaultSchemaV1(name=net.corda.node.services.vault.VaultSchema, version=1)] {changeSet=migration/vault-schema.changelog-v9.xml::update-vault-states::R3.Corda, databaseChangeLog=master.changelog.json}
?[m?[37m[INFO] 11:44:42,557 [Test worker] migration.VaultStateMigration. - Finished performing vault state data migration for 0 states {changeSet=migration/vault-schema.changelog-v9.xml::update-vault-states::R3.Corda, databaseChangeLog=master.changelog.json}
?[m?[37m[INFO] 11:44:42,557 [Test worker] changelog.ChangeSet. - null {changeSet=migration/vault-schema.changelog-v9.xml::update-vault-states::R3.Corda, databaseChangeLog=master.changelog.json}
?[m?[37m[INFO] 11:44:42,557 [Test worker] changelog.ChangeSet. - ChangeSet migration/vault-schema.changelog-v9.xml::update-vault-states::R3.Corda ran successfully in 42ms {changeSet=migration/vault-schema.changelog-v9.xml::update-vault-states::R3.Corda, databaseChangeLog=master.changelog.json}
?[m?[37m[INFO] 11:44:42,557 [Test worker] jvm.JdbcExecutor. - INSERT INTO PUBLIC.DATABASECHANGELOG (ID, AUTHOR, FILENAME, DATEEXECUTED, ORDEREXECUTED, MD5SUM, DESCRIPTION, COMMENTS, EXECTYPE, CONTEXTS, LABELS, LIQUIBASE, DEPLOYMENT_ID) VALUES ('update-vault-states', 'R3.Corda', 'migration/vault-schema.changelog-v9.xml', NOW(), 92, '8:f8f4c73846280164daf6855e1ecf3cc6', 'customChange', '', 'EXECUTED', NULL, NULL, '3.6.3', '2067482353') {changeSet=migration/vault-schema.changelog-v9.xml::update-vault-states::R3.Corda, databaseChangeLog=master.changelog.json}
?[m?[37m[INFO] 11:44:42,558 [Test worker] migration.PersistentIdentityMigrationNewTable. - Migrating persistent identities with certificates table into persistent table with no certificate data. {changeSet=migration/node-services.changelog-init.xml::transfer-to-new-persistence-table::R3.Corda, databaseChangeLog=master.changelog.json}
?[m?[37m[INFO] 11:44:42,558 [Test worker] persistence.HibernateConfiguration. - Init HibernateConfiguration for schemas: [MappedSchema(name=net.corda.node.migration.PersistentIdentitiesMigrationSchema, version=1)] {changeSet=migration/node-services.changelog-init.xml::transfer-to-new-persistence-table::R3.Corda, databaseChangeLog=master.changelog.json}
?[m?[37m[INFO] 11:44:42,559 [Test worker] factory.BaseSessionFactoryFactory. - Creating session factory for schemas: [MappedSchema(name=net.corda.node.migration.PersistentIdentitiesMigrationSchema, version=1)] {changeSet=migration/node-services.changelog-init.xml::transfer-to-new-persistence-table::R3.Corda, databaseChangeLog=master.changelog.json}
?[m?[37m[INFO] 11:44:42,562 [Test worker] internal.ConnectionProviderInitiator. - HHH000130: Instantiating explicit connection provider: net.corda.nodeapi.internal.persistence.HibernateConfiguration$NodeDatabaseConnectionProvider {changeSet=migration/node-services.changelog-init.xml::transfer-to-new-persistence-table::R3.Corda, databaseChangeLog=master.changelog.json}
?[m?[37m[INFO] 11:44:42,562 [Test worker] dialect.Dialect. - HHH000400: Using dialect: org.hibernate.dialect.H2Dialect {changeSet=migration/node-services.changelog-init.xml::transfer-to-new-persistence-table::R3.Corda, databaseChangeLog=master.changelog.json}
?[m?[37m[INFO] 11:44:42,571 [Test worker] connections.access. - HHH10001501: Connection obtained from JdbcConnectionAccess [org.hibernate.engine.jdbc.env.internal.JdbcEnvironmentInitiator$ConnectionProviderJdbcConnectionAccess@36671777] for (non-JTA) DDL execution was not in auto-commit mode; the Connection 'local transaction' will be committed and the Connection will be set into auto-commit mode. {changeSet=migration/node-services.changelog-init.xml::transfer-to-new-persistence-table::R3.Corda, databaseChangeLog=master.changelog.json}
?[m?[37m[INFO] 11:44:42,586 [Test worker] internal.JtaPlatformInitiator. - HHH000490: Using JtaPlatform implementation: [org.hibernate.engine.transaction.jta.platform.internal.NoJtaPlatform] {changeSet=migration/node-services.changelog-init.xml::transfer-to-new-persistence-table::R3.Corda, databaseChangeLog=master.changelog.json}
?[m?[37m[INFO] 11:44:42,586 [Test worker] factory.BaseSessionFactoryFactory. - Created session factory for schemas: [MappedSchema(name=net.corda.node.migration.PersistentIdentitiesMigrationSchema, version=1)] {changeSet=migration/node-services.changelog-init.xml::transfer-to-new-persistence-table::R3.Corda, databaseChangeLog=master.changelog.json}
?[m?[37m[INFO] 11:44:42,587 [Test worker] changelog.ChangeSet. - null {changeSet=migration/node-services.changelog-init.xml::transfer-to-new-persistence-table::R3.Corda, databaseChangeLog=master.changelog.json}
?[m?[37m[INFO] 11:44:42,587 [Test worker] changelog.ChangeSet. - ChangeSet migration/node-services.changelog-init.xml::transfer-to-new-persistence-table::R3.Corda ran successfully in 29ms {changeSet=migration/node-services.changelog-init.xml::transfer-to-new-persistence-table::R3.Corda, databaseChangeLog=master.changelog.json}
?[m?[37m[INFO] 11:44:42,587 [Test worker] jvm.JdbcExecutor. - INSERT INTO PUBLIC.DATABASECHANGELOG (ID, AUTHOR, FILENAME, DATEEXECUTED, ORDEREXECUTED, MD5SUM, DESCRIPTION, COMMENTS, EXECTYPE, CONTEXTS, LABELS, LIQUIBASE, DEPLOYMENT_ID) VALUES ('transfer-to-new-persistence-table', 'R3.Corda', 'migration/node-services.changelog-init.xml', NOW(), 93, '8:dc5c1913b593f4a2b95ddca810da11ba', 'customChange', '', 'EXECUTED', NULL, NULL, '3.6.3', '2067482353') {changeSet=migration/node-services.changelog-init.xml::transfer-to-new-persistence-table::R3.Corda, databaseChangeLog=master.changelog.json}
?[m?[37m[INFO] 11:44:42,588 [Test worker] jvm.JdbcExecutor. - CREATE TABLE PUBLIC.node_notary_committed_states (output_index INT NOT NULL, transaction_id NVARCHAR(64) NOT NULL, consuming_transaction_id NVARCHAR(64)) {changeSet=migration/node-services.changelog-init.xml::1511451595465-16::R3.Corda, databaseChangeLog=master.changelog.json}
?[m?[37m[INFO] 11:44:42,588 [Test worker] changelog.ChangeSet. - Table node_notary_committed_states created {changeSet=migration/node-services.changelog-init.xml::1511451595465-16::R3.Corda, databaseChangeLog=master.changelog.json}
?[m?[37m[INFO] 11:44:42,588 [Test worker] changelog.ChangeSet. - ChangeSet migration/node-services.changelog-init.xml::1511451595465-16::R3.Corda ran successfully in 1ms {changeSet=migration/node-services.changelog-init.xml::1511451595465-16::R3.Corda, databaseChangeLog=master.changelog.json}
?[m?[37m[INFO] 11:44:42,589 [Test worker] jvm.JdbcExecutor. - INSERT INTO PUBLIC.DATABASECHANGELOG (ID, AUTHOR, FILENAME, DATEEXECUTED, ORDEREXECUTED, MD5SUM, DESCRIPTION, COMMENTS, EXECTYPE, CONTEXTS, LABELS, LIQUIBASE, DEPLOYMENT_ID) VALUES ('1511451595465-16', 'R3.Corda', 'migration/node-services.changelog-init.xml', NOW(), 94, '8:202eb6144ca2ddf982810c5b333117b8', 'createTable tableName=node_notary_committed_states', '', 'EXECUTED', NULL, NULL, '3.6.3', '2067482353') {changeSet=migration/node-services.changelog-init.xml::1511451595465-16::R3.Corda, databaseChangeLog=master.changelog.json}
?[m?[37m[INFO] 11:44:42,590 [Test worker] jvm.JdbcExecutor. - CREATE TABLE PUBLIC.node_notary_request_log (id INT NOT NULL, consuming_transaction_id NVARCHAR(64) NOT NULL, requesting_party_name NVARCHAR(255) NOT NULL, request_timestamp TIMESTAMP NOT NULL, request_signature BLOB NOT NULL) {changeSet=migration/node-services.changelog-init.xml::1521131680317-17::R3.Corda, databaseChangeLog=master.changelog.json}
?[m?[37m[INFO] 11:44:42,590 [Test worker] changelog.ChangeSet. - Table node_notary_request_log created {changeSet=migration/node-services.changelog-init.xml::1521131680317-17::R3.Corda, databaseChangeLog=master.changelog.json}
?[m?[37m[INFO] 11:44:42,590 [Test worker] changelog.ChangeSet. - ChangeSet migration/node-services.changelog-init.xml::1521131680317-17::R3.Corda ran successfully in 1ms {changeSet=migration/node-services.changelog-init.xml::1521131680317-17::R3.Corda, databaseChangeLog=master.changelog.json}
?[m?[37m[INFO] 11:44:42,591 [Test worker] jvm.JdbcExecutor. - INSERT INTO PUBLIC.DATABASECHANGELOG (ID, AUTHOR, FILENAME, DATEEXECUTED, ORDEREXECUTED, MD5SUM, DESCRIPTION, COMMENTS, EXECTYPE, CONTEXTS, LABELS, LIQUIBASE, DEPLOYMENT_ID) VALUES ('1521131680317-17', 'R3.Corda', 'migration/node-services.changelog-init.xml', NOW(), 95, '8:da67caf796d1a61c253ac38815a6fa6b', 'createTable tableName=node_notary_request_log', '', 'EXECUTED', NULL, NULL, '3.6.3', '2067482353') {changeSet=migration/node-services.changelog-init.xml::1521131680317-17::R3.Corda, databaseChangeLog=master.changelog.json}
?[m?[37m[INFO] 11:44:42,591 [Test worker] jvm.JdbcExecutor. - ALTER TABLE PUBLIC.node_notary_committed_states ADD CONSTRAINT node_notary_states_pkey PRIMARY KEY (output_index, transaction_id) {changeSet=migration/node-services.changelog-init.xml::1511451595465-41::R3.Corda, databaseChangeLog=master.changelog.json}
?[m?[37m[INFO] 11:44:42,591 [Test worker] changelog.ChangeSet. - Primary key added to node_notary_committed_states (output_index, transaction_id) {changeSet=migration/node-services.changelog-init.xml::1511451595465-41::R3.Corda, databaseChangeLog=master.changelog.json}
?[m?[37m[INFO] 11:44:42,591 [Test worker] changelog.ChangeSet. - ChangeSet migration/node-services.changelog-init.xml::1511451595465-41::R3.Corda ran successfully in 0ms {changeSet=migration/node-services.changelog-init.xml::1511451595465-41::R3.Corda, databaseChangeLog=master.changelog.json}
?[m?[37m[INFO] 11:44:42,591 [Test worker] jvm.JdbcExecutor. - INSERT INTO PUBLIC.DATABASECHANGELOG (ID, AUTHOR, FILENAME, DATEEXECUTED, ORDEREXECUTED, MD5SUM, DESCRIPTION, COMMENTS, EXECTYPE, CONTEXTS, LABELS, LIQUIBASE, DEPLOYMENT_ID) VALUES ('1511451595465-41', 'R3.Corda', 'migration/node-services.changelog-init.xml', NOW(), 96, '8:73a5b14473602a38c02858208ef2af9d', 'addPrimaryKey constraintName=node_notary_states_pkey, tableName=node_notary_committed_states', '', 'EXECUTED', NULL, NULL, '3.6.3', '2067482353') {changeSet=migration/node-services.changelog-init.xml::1511451595465-41::R3.Corda, databaseChangeLog=master.changelog.json}
?[m?[37m[INFO] 11:44:42,592 [Test worker] jvm.JdbcExecutor. - ALTER TABLE PUBLIC.node_notary_request_log ADD CONSTRAINT node_notary_request_log_pkey PRIMARY KEY (id) {changeSet=migration/node-services.changelog-init.xml::1521131680317-48::R3.Corda, databaseChangeLog=master.changelog.json}
?[m?[37m[INFO] 11:44:42,592 [Test worker] changelog.ChangeSet. - Primary key added to node_notary_request_log (id) {changeSet=migration/node-services.changelog-init.xml::1521131680317-48::R3.Corda, databaseChangeLog=master.changelog.json}
?[m?[37m[INFO] 11:44:42,592 [Test worker] changelog.ChangeSet. - ChangeSet migration/node-services.changelog-init.xml::1521131680317-48::R3.Corda ran successfully in 0ms {changeSet=migration/node-services.changelog-init.xml::1521131680317-48::R3.Corda, databaseChangeLog=master.changelog.json}
?[m?[37m[INFO] 11:44:42,592 [Test worker] jvm.JdbcExecutor. - INSERT INTO PUBLIC.DATABASECHANGELOG (ID, AUTHOR, FILENAME, DATEEXECUTED, ORDEREXECUTED, MD5SUM, DESCRIPTION, COMMENTS, EXECTYPE, CONTEXTS, LABELS, LIQUIBASE, DEPLOYMENT_ID) VALUES ('1521131680317-48', 'R3.Corda', 'migration/node-services.changelog-init.xml', NOW(), 97, '8:7b2392b8e69fe748f22e678d1e8b1d3e', 'addPrimaryKey constraintName=node_notary_request_log_pkey, tableName=node_notary_request_log', '', 'EXECUTED', NULL, NULL, '3.6.3', '2067482353') {changeSet=migration/node-services.changelog-init.xml::1521131680317-48::R3.Corda, databaseChangeLog=master.changelog.json}
?[m?[37m[INFO] 11:44:42,593 [Test worker] jvm.JdbcExecutor. - ALTER TABLE PUBLIC.node_notary_committed_states ALTER COLUMN consuming_transaction_id SET NOT NULL {changeSet=migration/node-services.changelog-init.xml::nullability::R3.Corda, databaseChangeLog=master.changelog.json}
?[m?[37m[INFO] 11:44:42,593 [Test worker] changelog.ChangeSet. - NOT NULL constraint has been added to node_notary_committed_states.consuming_transaction_id {changeSet=migration/node-services.changelog-init.xml::nullability::R3.Corda, databaseChangeLog=master.changelog.json}
?[m?[37m[INFO] 11:44:42,593 [Test worker] changelog.ChangeSet. - ChangeSet migration/node-services.changelog-init.xml::nullability::R3.Corda ran successfully in 0ms {changeSet=migration/node-services.changelog-init.xml::nullability::R3.Corda, databaseChangeLog=master.changelog.json}
?[m?[37m[INFO] 11:44:42,594 [Test worker] jvm.JdbcExecutor. - INSERT INTO PUBLIC.DATABASECHANGELOG (ID, AUTHOR, FILENAME, DATEEXECUTED, ORDEREXECUTED, MD5SUM, DESCRIPTION, COMMENTS, EXECTYPE, CONTEXTS, LABELS, LIQUIBASE, DEPLOYMENT_ID) VALUES ('nullability', 'R3.Corda', 'migration/node-services.changelog-init.xml', NOW(), 98, '8:3a26bc5f7d8e2feba54946ed0460d0a6', 'addNotNullConstraint columnName=consuming_transaction_id, tableName=node_notary_committed_states', '', 'EXECUTED', NULL, NULL, '3.6.3', '2067482353') {changeSet=migration/node-services.changelog-init.xml::nullability::R3.Corda, databaseChangeLog=master.changelog.json}
?[m?[37m[INFO] 11:44:42,598 [Test worker] changelog.ChangeSet. - Marking ChangeSet: migration/node-notary.changelog-v2.xml::rename-table-notary-commit-log::R3.Corda ran despite precondition failure due to onFail='MARK_RAN': 
          master.changelog.json : Table PUBLIC.node_notary_commit_log does not exist
 {changeSet=migration/node-notary.changelog-v2.xml::rename-table-notary-commit-log::R3.Corda, databaseChangeLog=master.changelog.json}
?[m?[37m[INFO] 11:44:42,598 [Test worker] jvm.JdbcExecutor. - INSERT INTO PUBLIC.DATABASECHANGELOG (ID, AUTHOR, FILENAME, DATEEXECUTED, ORDEREXECUTED, MD5SUM, DESCRIPTION, COMMENTS, EXECTYPE, CONTEXTS, LABELS, LIQUIBASE, DEPLOYMENT_ID) VALUES ('rename-table-notary-commit-log', 'R3.Corda', 'migration/node-notary.changelog-v2.xml', NOW(), 99, '8:18c525e013adbd6f729983990933c4f4', 'renameTable newTableName=node_notary_committed_states, oldTableName=node_notary_commit_log', '', 'MARK_RAN', NULL, NULL, '3.6.3', '2067482353') {changeSet=migration/node-notary.changelog-v2.xml::rename-table-notary-commit-log::R3.Corda, databaseChangeLog=master.changelog.json}
?[m?[37m[INFO] 11:44:42,599 [Test worker] changelog.ChangeSet. - Marking ChangeSet: migration/node-notary.changelog-v2.xml::create-notary-request-log-table::R3.Corda ran despite precondition failure due to onFail='MARK_RAN': 
          master.changelog.json : Not precondition failed
 {changeSet=migration/node-notary.changelog-v2.xml::create-notary-request-log-table::R3.Corda, databaseChangeLog=master.changelog.json}
?[m?[37m[INFO] 11:44:42,600 [Test worker] jvm.JdbcExecutor. - INSERT INTO PUBLIC.DATABASECHANGELOG (ID, AUTHOR, FILENAME, DATEEXECUTED, ORDEREXECUTED, MD5SUM, DESCRIPTION, COMMENTS, EXECTYPE, CONTEXTS, LABELS, LIQUIBASE, DEPLOYMENT_ID) VALUES ('create-notary-request-log-table', 'R3.Corda', 'migration/node-notary.changelog-v2.xml', NOW(), 100, '8:d25c67b0275b7f205b89a85407bf51d0', 'createTable tableName=node_notary_request_log; addPrimaryKey constraintName=node_notary_request_log_pkey, tableName=node_notary_request_log', '', 'MARK_RAN', NULL, NULL, '3.6.3', '2067482353') {changeSet=migration/node-notary.changelog-v2.xml::create-notary-request-log-table::R3.Corda, databaseChangeLog=master.changelog.json}
?[m?[37m[INFO] 11:44:42,601 [Test worker] jvm.JdbcExecutor. - INSERT INTO PUBLIC.DATABASECHANGELOG (ID, AUTHOR, FILENAME, DATEEXECUTED, ORDEREXECUTED, MD5SUM, DESCRIPTION, COMMENTS, EXECTYPE, CONTEXTS, LABELS, LIQUIBASE, DEPLOYMENT_ID) VALUES ('non-clustered_pk-notary_state', 'R3.Corda', 'migration/node-notary.changelog-pkey.xml', NOW(), 101, '8:5b30922594a05dde8768e8af608451f5', 'dropPrimaryKey constraintName=node_notary_states_pkey, tableName=node_notary_committed_states; addPrimaryKey constraintName=node_notary_states_pkey, tableName=node_notary_committed_states', '', 'MARK_RAN', NULL, NULL, '3.6.3', '2067482353') {changeSet=migration/node-notary.changelog-pkey.xml::non-clustered_pk-notary_state::R3.Corda, databaseChangeLog=master.changelog.json}
?[m?[37m[INFO] 11:44:42,602 [Test worker] jvm.JdbcExecutor. - CREATE TABLE PUBLIC.node_notary_committed_txs (transaction_id NVARCHAR(64) NOT NULL) {changeSet=migration/node-notary.changelog-committed-transactions-table.xml::create-notary-committed-transactions-table::R3.Corda, databaseChangeLog=master.changelog.json}
?[m?[37m[INFO] 11:44:42,602 [Test worker] changelog.ChangeSet. - Table node_notary_committed_txs created {changeSet=migration/node-notary.changelog-committed-transactions-table.xml::create-notary-committed-transactions-table::R3.Corda, databaseChangeLog=master.changelog.json}
?[m?[37m[INFO] 11:44:42,602 [Test worker] jvm.JdbcExecutor. - ALTER TABLE PUBLIC.node_notary_committed_txs ADD CONSTRAINT node_notary_transactions_pkey PRIMARY KEY (transaction_id) {changeSet=migration/node-notary.changelog-committed-transactions-table.xml::create-notary-committed-transactions-table::R3.Corda, databaseChangeLog=master.changelog.json}
?[m?[37m[INFO] 11:44:42,602 [Test worker] changelog.ChangeSet. - Primary key added to node_notary_committed_txs (transaction_id) {changeSet=migration/node-notary.changelog-committed-transactions-table.xml::create-notary-committed-transactions-table::R3.Corda, databaseChangeLog=master.changelog.json}
?[m?[37m[INFO] 11:44:42,602 [Test worker] changelog.ChangeSet. - ChangeSet migration/node-notary.changelog-committed-transactions-table.xml::create-notary-committed-transactions-table::R3.Corda ran successfully in 0ms {changeSet=migration/node-notary.changelog-committed-transactions-table.xml::create-notary-committed-transactions-table::R3.Corda, databaseChangeLog=master.changelog.json}
?[m?[37m[INFO] 11:44:42,603 [Test worker] jvm.JdbcExecutor. - INSERT INTO PUBLIC.DATABASECHANGELOG (ID, AUTHOR, FILENAME, DATEEXECUTED, ORDEREXECUTED, MD5SUM, DESCRIPTION, COMMENTS, EXECTYPE, CONTEXTS, LABELS, LIQUIBASE, DEPLOYMENT_ID) VALUES ('create-notary-committed-transactions-table', 'R3.Corda', 'migration/node-notary.changelog-committed-transactions-table.xml', NOW(), 102, '8:ab59160cd3f0ceb591177364f90aa039', 'createTable tableName=node_notary_committed_txs; addPrimaryKey constraintName=node_notary_transactions_pkey, tableName=node_notary_committed_txs', '', 'EXECUTED', NULL, NULL, '3.6.3', '2067482353') {changeSet=migration/node-notary.changelog-committed-transactions-table.xml::create-notary-committed-transactions-table::R3.Corda, databaseChangeLog=master.changelog.json}
?[m?[37m[INFO] 11:44:42,603 [Test worker] lockservice.StandardLockService. - Successfully released change log lock
?[m?[37m[INFO] 11:44:42,603 [Test worker] internal.InternalMockNetwork$MockNode. - Connected to H2 database.
?[m?[37m[INFO] 11:44:42,612 [Test worker] persistence.HibernateConfiguration. - Init HibernateConfiguration for schemas: [CommonSchemaV1(name=net.corda.core.schemas.CommonSchema, version=1), VaultSchemaV1(name=net.corda.node.services.vault.VaultSchema, version=1), NodeInfoSchemaV1(name=net.corda.node.internal.schemas.NodeInfoSchema, version=1), NodeCoreV1(name=net.corda.node.services.schema.NodeSchemaService$NodeCore, version=1), AccountsContractsSchemaV1(name=com.r3.corda.lib.accounts.contracts.internal.schemas.AccountsContractsSchema, version=1), AccountsWorkflowsSchemaV1(name=com.r3.corda.lib.accounts.workflows.internal.schemas.AccountsWorkflowsSchema, version=1), FungibleTokenSchemaV1(name=com.r3.corda.lib.tokens.contracts.internal.schemas.FungibleTokenSchema, version=1), NonFungibleTokenSchemaV1(name=com.r3.corda.lib.tokens.contracts.internal.schemas.NonFungibleTokenSchema, version=1), TokenSchemaV1(name=com.r3.corda.lib.tokens.contracts.schemas.TokenSchema, version=1), DistributionRecordSchemaV1(name=com.r3.corda.lib.tokens.workflows.internal.schemas.DistributionRecordSchema, version=1), NodeNotarySchemaV1(name=net.corda.node.services.transactions.NodeNotarySchema, version=1)]
?[m?[37m[INFO] 11:44:42,612 [Test worker] factory.BaseSessionFactoryFactory. - Creating session factory for schemas: [CommonSchemaV1(name=net.corda.core.schemas.CommonSchema, version=1), VaultSchemaV1(name=net.corda.node.services.vault.VaultSchema, version=1), NodeInfoSchemaV1(name=net.corda.node.internal.schemas.NodeInfoSchema, version=1), NodeCoreV1(name=net.corda.node.services.schema.NodeSchemaService$NodeCore, version=1), AccountsContractsSchemaV1(name=com.r3.corda.lib.accounts.contracts.internal.schemas.AccountsContractsSchema, version=1), AccountsWorkflowsSchemaV1(name=com.r3.corda.lib.accounts.workflows.internal.schemas.AccountsWorkflowsSchema, version=1), FungibleTokenSchemaV1(name=com.r3.corda.lib.tokens.contracts.internal.schemas.FungibleTokenSchema, version=1), NonFungibleTokenSchemaV1(name=com.r3.corda.lib.tokens.contracts.internal.schemas.NonFungibleTokenSchema, version=1), TokenSchemaV1(name=com.r3.corda.lib.tokens.contracts.schemas.TokenSchema, version=1), DistributionRecordSchemaV1(name=com.r3.corda.lib.tokens.workflows.internal.schemas.DistributionRecordSchema, version=1), NodeNotarySchemaV1(name=net.corda.node.services.transactions.NodeNotarySchema, version=1)]
?[m?[37m[INFO] 11:44:42,619 [Test worker] internal.ConnectionProviderInitiator. - HHH000130: Instantiating explicit connection provider: net.corda.nodeapi.internal.persistence.HibernateConfiguration$NodeDatabaseConnectionProvider
?[m?[37m[INFO] 11:44:42,619 [Test worker] dialect.Dialect. - HHH000400: Using dialect: org.hibernate.dialect.H2Dialect
?[m?[37m[INFO] 11:44:42,677 [Test worker] connections.access. - HHH10001501: Connection obtained from JdbcConnectionAccess [org.hibernate.engine.jdbc.env.internal.JdbcEnvironmentInitiator$ConnectionProviderJdbcConnectionAccess@23049be2] for (non-JTA) DDL execution was not in auto-commit mode; the Connection 'local transaction' will be committed and the Connection will be set into auto-commit mode.
?[m?[37m[INFO] 11:44:42,711 [Test worker] internal.JtaPlatformInitiator. - HHH000490: Using JtaPlatform implementation: [org.hibernate.engine.transaction.jta.platform.internal.NoJtaPlatform]
?[m?[37m[INFO] 11:44:42,711 [Test worker] factory.BaseSessionFactoryFactory. - Created session factory for schemas: [CommonSchemaV1(name=net.corda.core.schemas.CommonSchema, version=1), VaultSchemaV1(name=net.corda.node.services.vault.VaultSchema, version=1), NodeInfoSchemaV1(name=net.corda.node.internal.schemas.NodeInfoSchema, version=1), NodeCoreV1(name=net.corda.node.services.schema.NodeSchemaService$NodeCore, version=1), AccountsContractsSchemaV1(name=com.r3.corda.lib.accounts.contracts.internal.schemas.AccountsContractsSchema, version=1), AccountsWorkflowsSchemaV1(name=com.r3.corda.lib.accounts.workflows.internal.schemas.AccountsWorkflowsSchema, version=1), FungibleTokenSchemaV1(name=com.r3.corda.lib.tokens.contracts.internal.schemas.FungibleTokenSchema, version=1), NonFungibleTokenSchemaV1(name=com.r3.corda.lib.tokens.contracts.internal.schemas.NonFungibleTokenSchema, version=1), TokenSchemaV1(name=com.r3.corda.lib.tokens.contracts.schemas.TokenSchema, version=1), DistributionRecordSchemaV1(name=com.r3.corda.lib.tokens.workflows.internal.schemas.DistributionRecordSchema, version=1), NodeNotarySchemaV1(name=net.corda.node.services.transactions.NodeNotarySchema, version=1)]
?[m?[37m[INFO] 11:44:42,713 [Test worker] internal.InternalMockNetwork$MockNode. - Node-info has changed so submitting update. Old node-info was null
?[m?[37m[INFO] 11:44:42,713 [Test worker] network.PersistentNetworkMapCache. - Adding node with info: NodeInfo(addresses=[mock.node:1000], legalIdentitiesAndCerts=[O=Notary Service, L=Zurich, C=CH], platformVersion=7, serial=1602067482713)
?[m?[37m[INFO] 11:44:42,714 [Test worker] network.PersistentNetworkMapCache. - No previous node found for O=Notary Service, L=Zurich, C=CH
?[m?[37m[INFO] 11:44:42,719 [Test worker] internal.InternalMockNetwork$MockNode. - New node-info: NodeInfo(addresses=[mock.node:1000], legalIdentitiesAndCerts=[O=Notary Service, L=Zurich, C=CH], platformVersion=7, serial=1602067482713)
?[m?[37m[INFO] 11:44:42,724 [Test worker] network.NetworkMapUpdater. - Auto-accept enabled for network parameter changes which modify only: [epoch, modifiedTime, packageOwnership, whitelistedContractImplementations]
?[m?[37m[INFO] 11:44:42,724 [Test worker] internal.MockNodeMessagingService. - Status change to true
?[m?[37m[INFO] 11:44:42,724 [Test worker] internal.InternalMockNetwork$MockNode. - MessagingService active change to: true
?[m?[37m[INFO] 11:44:42,725 [MockNode-51-2] network.PersistentNetworkMapCache. - Adding node with info: NodeInfo(addresses=[mock.node:1000], legalIdentitiesAndCerts=[O=Notary Service, L=Zurich, C=CH], platformVersion=7, serial=1602067482713)
?[m?[37m[INFO] 11:44:42,726 [MockNode-51-2] network.PersistentNetworkMapCache. - Previous node was identical to incoming one - doing nothing
?[m?[37m[INFO] 11:44:42,737 [Test worker] ClassloaderUtils. - Contracts loading for '/var/folders/25/rhm4m5t16xjclwm998ppz_b40000gp/T/attachment458039328099667309.jar' took 2 msec
?[m?[37m[INFO] 11:44:42,743 [Test worker] persistence.NodeAttachmentService. - Stored new attachment: id=D370FD972C7E07CE73F4F9B7886D226807F6B16C4EE287398B9C69384109DC14 uploader=app filename=Accounts SDK - States and Contracts
?[m?[37m[INFO] 11:44:42,746 [Test worker] ClassloaderUtils. - Contracts loading for '/var/folders/25/rhm4m5t16xjclwm998ppz_b40000gp/T/attachment6106264850895010060.jar' took 2 msec
?[m?[37m[INFO] 11:44:42,759 [Test worker] persistence.NodeAttachmentService. - Stored new attachment: id=A836B59D71384FC77EEE038AD03646FE8D1634D6C63B09FF03D29AA107D55B81 uploader=app filename=re-issuance - contracts
?[m?[37m[INFO] 11:44:42,763 [Test worker] ClassloaderUtils. - Contracts loading for '/var/folders/25/rhm4m5t16xjclwm998ppz_b40000gp/T/attachment650891804026886000.jar' took 2 msec
?[m?[37m[INFO] 11:44:42,776 [Test worker] persistence.NodeAttachmentService. - Stored new attachment: id=34705DC9A2C8599998BBDBA7C3D13609AF04D8B3A772F7134D685ECC926D8320 uploader=app filename=Token SDK Contracts
?[m?[37m[INFO] 11:44:42,777 [Test worker] internal.InternalMockNetwork$MockNode. - Installed com.r3.corda.lib.accounts.workflows.services.KeyManagementBackedAccountService Corda service
?[m?[37m[INFO] 11:44:42,777 [Test worker] internal.InternalMockNetwork$MockNode. - Installed com.r3.corda.lib.tokens.selection.memory.services.VaultMigratorService Corda service
?[m?[37m[INFO] 11:44:42,777 [Test worker] cordapp.CordappConfigFileProvider. - Found config for cordapp tokens-workflows-1.2 in build/mock-network/20201007-104441.993/nodes/0/cordapps/config/tokens-workflows-1.2.conf
?[m?[31m[WARN] 11:44:42,777 [Test worker] inMemoryConfigSelectionLogger. - Did not detect a configuration for InMemory selection - enabling memory usage for token indexing. Please set stateSelection.inMemory.enabled to "false" to disable this
?[m?[31m[WARN] 11:44:42,778 [Test worker] inMemoryConfigSelectionLogger. - No indexing method specified. Indexes will be created at run-time for each invocation of selectTokens
?[m?[37m[INFO] 11:44:42,778 [Test worker] inMemoryConfigSelectionLogger. - Found in memory token selection configuration with values indexing strategy: [], cacheSize: 1024
?[m?[31m[WARN] 11:44:42,778 [Test worker] vault.NodeVaultService. - trackBy is called with an already existing, open DB transaction. As a result, there might be states missing from both the snapshot and observable, included in the returned data feed, because of race conditions.
?[m?[31m[WARN] 11:44:42,779 [Test worker] inMemoryConfigSelectionLogger. - Did not detect a configuration for InMemory selection - enabling memory usage for token indexing. Please set stateSelection.inMemory.enabled to "false" to disable this
?[m?[31m[WARN] 11:44:42,780 [Test worker] inMemoryConfigSelectionLogger. - No indexing method specified. Indexes will be created at run-time for each invocation of selectTokens
?[m?[37m[INFO] 11:44:42,780 [Test worker] inMemoryConfigSelectionLogger. - Found in memory token selection configuration with values indexing strategy: [], cacheSize: 1024
?[m?[37m[INFO] 11:44:42,780 [Test worker] services.VaultWatcherService. - Starting async token loading from vault
?[m?[37m[INFO] 11:44:42,780 [Test worker] internal.InternalMockNetwork$MockNode. - Installed com.r3.corda.lib.tokens.selection.memory.services.VaultWatcherService Corda service
?[m?[37m[INFO] 11:44:42,780 [Test worker] internal.InternalMockNetwork$MockNode. - Installed com.r3.dr.ledgergraph.attachment.AttachmentReaderService Corda service
?[m?[37m[INFO] 11:44:42,780 [Test worker] internal.InternalMockNetwork$MockNode. - Installed com.r3.dr.ledgergraph.networkparameters.NetworkParametersReaderService Corda service
?[m?[37m[INFO] 11:44:42,780 [Test worker] internal.InternalMockNetwork$MockNode. - Installed com.r3.dr.ledgergraph.services.ConfigurationService Corda service
?[m?[37m[INFO] 11:44:42,780 [Test worker] internal.InternalMockNetwork$MockNode. - Installed com.r3.dr.ledgergraph.services.LedgerGraphJMXService Corda service
?[m?[37m[INFO] 11:44:42,780 [Test worker] internal.InternalMockNetwork$MockNode. - Installed com.r3.dr.ledgergraph.services.LedgerGraphService Corda service
?[m?[37m[INFO] 11:44:42,780 [Test worker] internal.InternalMockNetwork$MockNode. - Installed com.r3.dr.ledgergraph.transaction.TransactionReaderService Corda service
?[m?[37m[INFO] 11:44:42,780 [Test worker] utilities.NotaryLoader. - Starting notary service: class net.corda.node.services.transactions.SimpleNotaryService
?[m?[37m[INFO] 11:44:42,780 [Test worker] notary.SinglePartyNotaryService. - Starting notary in non-validating mode
?[m?[37m[INFO] 11:44:42,781 [pool-10-thread-1] services.VaultWatcherService. - publishing 0 to async state loading callback
?[m?[37m[INFO] 11:44:42,781 [pool-10-thread-1] services.VaultWatcherService. - received token vault update with 0 consumed states and: 0 produced states
?[m?[37m[INFO] 11:44:42,781 [pool-10-thread-1] services.VaultWatcherService. - finished token loading
?[m?[37m[INFO] 11:44:42,782 [Test worker] statemachine.SingleThreadedStateMachineManager. - Node ready, info: NodeInfo(addresses=[mock.node:1000], legalIdentitiesAndCerts=[O=Notary Service, L=Zurich, C=CH], platformVersion=7, serial=1602067482713)
?[m?[37m[INFO] 11:44:42,784 [Test worker] network.PersistentNetworkMapCache. - Adding node with info: NodeInfo(addresses=[mock.node:1000], legalIdentitiesAndCerts=[O=Notary Service, L=Zurich, C=CH], platformVersion=7, serial=1602067482713)
?[m?[37m[INFO] 11:44:42,784 [Test worker] network.PersistentNetworkMapCache. - Previous node was identical to incoming one - doing nothing
?[m?[37m[INFO] 11:44:42,784 [Test worker] network.PersistentNetworkMapCache. - Adding node with info: NodeInfo(addresses=[mock.node:1000], legalIdentitiesAndCerts=[O=Notary Service, L=Zurich, C=CH], platformVersion=7, serial=1602067482713)
?[m?[37m[INFO] 11:44:42,784 [Test worker] network.PersistentNetworkMapCache. - Previous node was identical to incoming one - doing nothing
?[m?[37m[INFO] 11:44:42,784 [Thread-245] cordapp.CordappConfigFileProvider. - Found config for cordapp ledger-graph-1.2-SNAPSHOT in build/mock-network/20201007-104441.993/nodes/0/cordapps/config/ledger-graph-1.2-SNAPSHOT.conf
?[m?[37m[INFO] 11:44:42,784 [Thread-245] services.LedgerGraphService. - Configured transaction iterator page size: 100.
?[m?[37m[INFO] 11:44:42,784 [Thread-245] services.LedgerGraphService. - Configured transaction iterator pool size: 10.
?[m?[37m[INFO] 11:44:42,785 [Thread-245] services.LedgerGraphService. - Getting database transaction count...
?[m?[37m[INFO] 11:44:42,786 [Thread-245] services.LedgerGraphService. - Loading 0 transactions from database...
?[m?[37m[INFO] 11:44:42,786 [Thread-245] services.LedgerGraphService. - Done loading transactions from database after 0s.
?[m?[37m[INFO] 11:44:42,787 [Thread-245] services.LedgerGraphService. - The LedgerGraph service has now successfully been initialized.
?[m?[37m[INFO] 11:44:42,796 [Test worker] cordapp.JarScanningCordappLoader. - Looking for CorDapps in [build/mock-network/20201007-104441.993/nodes/1/cordapps]
?[m?[37m[INFO] 11:44:42,796 [Test worker] cordapp.JarScanningCordappLoader. - Loading CorDapps from RestrictedURL(url=file:/Users/agnieszkaszczepanska/workspace/reissue-sample-cordapp/workflows/build/mock-network/20201007-104441.993/nodes/1/cordapps/accounts-contracts-1.0.jar, rootPackageName=null), RestrictedURL(url=file:/Users/agnieszkaszczepanska/workspace/reissue-sample-cordapp/workflows/build/mock-network/20201007-104441.993/nodes/1/cordapps/accounts-workflows-1.0.jar, rootPackageName=null), RestrictedURL(url=file:/Users/agnieszkaszczepanska/workspace/reissue-sample-cordapp/workflows/build/mock-network/20201007-104441.993/nodes/1/cordapps/reissuance-cordapp-contracts-1.0-SNAPSHOT.jar, rootPackageName=null), RestrictedURL(url=file:/Users/agnieszkaszczepanska/workspace/reissue-sample-cordapp/workflows/build/mock-network/20201007-104441.993/nodes/1/cordapps/workflows.jar, rootPackageName=null), RestrictedURL(url=file:/Users/agnieszkaszczepanska/workspace/reissue-sample-cordapp/workflows/build/mock-network/20201007-104441.993/nodes/1/cordapps/reissuance-cordapp-workflows-1.0-SNAPSHOT.jar, rootPackageName=null), RestrictedURL(url=file:/Users/agnieszkaszczepanska/workspace/reissue-sample-cordapp/workflows/build/mock-network/20201007-104441.993/nodes/1/cordapps/ci-workflows-1.0.jar, rootPackageName=null), RestrictedURL(url=file:/Users/agnieszkaszczepanska/workspace/reissue-sample-cordapp/workflows/build/mock-network/20201007-104441.993/nodes/1/cordapps/tokens-contracts-1.2.jar, rootPackageName=null), RestrictedURL(url=file:/Users/agnieszkaszczepanska/workspace/reissue-sample-cordapp/workflows/build/mock-network/20201007-104441.993/nodes/1/cordapps/tokens-workflows-1.2.jar, rootPackageName=null), RestrictedURL(url=file:/Users/agnieszkaszczepanska/workspace/reissue-sample-cordapp/workflows/build/mock-network/20201007-104441.993/nodes/1/cordapps/ledger-graph-1.2-SNAPSHOT.jar, rootPackageName=null)
?[m?[37m[INFO] 11:44:42,797 [Test worker] cordapp.JarScanningCordappLoader. - Scanning CorDapp in file:/Users/agnieszkaszczepanska/workspace/reissue-sample-cordapp/workflows/build/mock-network/20201007-104441.993/nodes/1/cordapps/accounts-contracts-1.0.jar
?[m?[37m[INFO] 11:44:42,805 [Test worker] cordapp.JarScanningCordappLoader. - Scanning CorDapp in file:/Users/agnieszkaszczepanska/workspace/reissue-sample-cordapp/workflows/build/mock-network/20201007-104441.993/nodes/1/cordapps/accounts-workflows-1.0.jar
?[m?[37m[INFO] 11:44:42,815 [Test worker] cordapp.JarScanningCordappLoader. - Scanning CorDapp in file:/Users/agnieszkaszczepanska/workspace/reissue-sample-cordapp/workflows/build/mock-network/20201007-104441.993/nodes/1/cordapps/reissuance-cordapp-contracts-1.0-SNAPSHOT.jar
?[m?[37m[INFO] 11:44:42,823 [Test worker] cordapp.JarScanningCordappLoader. - Scanning CorDapp in file:/Users/agnieszkaszczepanska/workspace/reissue-sample-cordapp/workflows/build/mock-network/20201007-104441.993/nodes/1/cordapps/workflows.jar
?[m?[37m[INFO] 11:44:42,827 [Test worker] cordapp.JarScanningCordappLoader. - Scanning CorDapp in file:/Users/agnieszkaszczepanska/workspace/reissue-sample-cordapp/workflows/build/mock-network/20201007-104441.993/nodes/1/cordapps/reissuance-cordapp-workflows-1.0-SNAPSHOT.jar
?[m?[37m[INFO] 11:44:42,837 [Test worker] cordapp.JarScanningCordappLoader. - Scanning CorDapp in file:/Users/agnieszkaszczepanska/workspace/reissue-sample-cordapp/workflows/build/mock-network/20201007-104441.993/nodes/1/cordapps/ci-workflows-1.0.jar
?[m?[37m[INFO] 11:44:42,843 [Test worker] cordapp.JarScanningCordappLoader. - Scanning CorDapp in file:/Users/agnieszkaszczepanska/workspace/reissue-sample-cordapp/workflows/build/mock-network/20201007-104441.993/nodes/1/cordapps/tokens-contracts-1.2.jar
?[m?[37m[INFO] 11:44:42,851 [Test worker] cordapp.JarScanningCordappLoader. - Scanning CorDapp in file:/Users/agnieszkaszczepanska/workspace/reissue-sample-cordapp/workflows/build/mock-network/20201007-104441.993/nodes/1/cordapps/tokens-workflows-1.2.jar
?[m?[37m[INFO] 11:44:42,866 [Test worker] cordapp.JarScanningCordappLoader. - Scanning CorDapp in file:/Users/agnieszkaszczepanska/workspace/reissue-sample-cordapp/workflows/build/mock-network/20201007-104441.993/nodes/1/cordapps/ledger-graph-1.2-SNAPSHOT.jar
?[m?[37m[INFO] 11:44:42,897 [Test worker] internal.InternalMockNetwork$MockNode. - MessagingService active change to: false
?[m?[37m[INFO] 11:44:42,897 [Test worker] internal.InternalMockNetwork$MockNode. - Flow external operation executor has a max of 2 threads
?[m?[37m[INFO] 11:44:42,898 [Test worker] internal.InternalMockNetwork$MockNode. - Node starting up ...
?[m?[37m[INFO] 11:44:42,919 [Test worker] internal.NodeFlowManager. - Registered com.r3.corda.lib.accounts.workflows.flows.ShareStateAndSyncAccounts to initiate com.r3.corda.lib.accounts.workflows.flows.ReceiveStateAndSyncAccounts (version 1)
?[m?[37m[INFO] 11:44:42,919 [Test worker] internal.NodeFlowManager. - Registered com.r3.corda.lib.accounts.workflows.flows.ShareStateWithAccount to initiate com.r3.corda.lib.accounts.workflows.flows.ReceiveStateForAccount (version 1)
?[m?[37m[INFO] 11:44:42,919 [Test worker] internal.NodeFlowManager. - Registered com.r3.corda.lib.accounts.workflows.flows.RequestAccountInfo to initiate com.r3.corda.lib.accounts.workflows.flows.RequestAccountInfoHandler (version 1)
?[m?[37m[INFO] 11:44:42,919 [Test worker] internal.NodeFlowManager. - Registered com.r3.corda.lib.accounts.workflows.flows.RequestKeyForAccount to initiate com.r3.corda.lib.accounts.workflows.flows.SendKeyForAccount (version 1)
?[m?[37m[INFO] 11:44:42,919 [Test worker] internal.NodeFlowManager. - Registered com.r3.corda.lib.accounts.workflows.flows.ShareAccountInfo to initiate com.r3.corda.lib.accounts.workflows.flows.ShareAccountInfoHandler (version 1)
?[m?[37m[INFO] 11:44:42,919 [Test worker] internal.NodeFlowManager. - Registered net.corda.samples.reissuance.IssueDemoAppTokens to initiate net.corda.samples.reissuance.IssueDemoAppTokensResponder (version 1)
?[m?[37m[INFO] 11:44:42,919 [Test worker] internal.NodeFlowManager. - Registered net.corda.samples.reissuance.MoveDemoAppTokens to initiate net.corda.samples.reissuance.MoveDemoAppTokensResponder (version 1)
?[m?[37m[INFO] 11:44:42,919 [Test worker] internal.NodeFlowManager. - Registered net.corda.samples.reissuance.RedeemDemoAppTokens to initiate net.corda.samples.reissuance.RedeemDemoAppTokensResponder (version 1)
?[m?[37m[INFO] 11:44:42,920 [Test worker] internal.NodeFlowManager. - Registered com.r3.corda.lib.reissuance.flows.DeleteReIssuedStatesAndLock to initiate com.r3.corda.lib.reissuance.flows.DeleteReIssuedStatesAndLockResponder (version 1)
?[m?[37m[INFO] 11:44:42,920 [Test worker] internal.NodeFlowManager. - Registered com.r3.corda.lib.reissuance.flows.ReIssueStates to initiate com.r3.corda.lib.reissuance.flows.ReIssueStatesResponder (version 1)
?[m?[37m[INFO] 11:44:42,920 [Test worker] internal.NodeFlowManager. - Registered com.r3.corda.lib.reissuance.flows.RequestReIssuanceAndShareRequiredTransactions to initiate com.r3.corda.lib.reissuance.flows.ReceiveSignedTransaction (version 1)
?[m?[37m[INFO] 11:44:42,920 [Test worker] internal.NodeFlowManager. - Registered com.r3.corda.lib.reissuance.flows.RejectReIssuanceRequest to initiate com.r3.corda.lib.reissuance.flows.RejectReIssuanceRequestResponder (version 1)
?[m?[37m[INFO] 11:44:42,920 [Test worker] internal.NodeFlowManager. - Registered com.r3.corda.lib.reissuance.flows.RequestReIssuance to initiate com.r3.corda.lib.reissuance.flows.RequestReIssuanceResponder (version 1)
?[m?[37m[INFO] 11:44:42,920 [Test worker] internal.NodeFlowManager. - Registered com.r3.corda.lib.reissuance.flows.UnlockReIssuedStates to initiate com.r3.corda.lib.reissuance.flows.UnlockReIssuedStatesResponder (version 1)
?[m?[37m[INFO] 11:44:42,920 [Test worker] internal.NodeFlowManager. - Registered com.r3.corda.lib.reissuance.flows.example.dummyStateRequiringAcceptance.CreateDummyStateRequiringAcceptance to initiate com.r3.corda.lib.reissuance.flows.example.dummyStateRequiringAcceptance.CreateDummyStateRequiringAcceptanceResponder (version 1)
?[m?[37m[INFO] 11:44:42,920 [Test worker] internal.NodeFlowManager. - Registered com.r3.corda.lib.reissuance.flows.example.dummyStateRequiringAcceptance.DeleteDummyStateRequiringAcceptance to initiate com.r3.corda.lib.reissuance.flows.example.dummyStateRequiringAcceptance.DeleteDummyStateRequiringAcceptanceResponder (version 1)
?[m?[37m[INFO] 11:44:42,920 [Test worker] internal.NodeFlowManager. - Registered com.r3.corda.lib.reissuance.flows.example.dummyStateRequiringAcceptance.UpdateDummyStateRequiringAcceptance to initiate com.r3.corda.lib.reissuance.flows.example.dummyStateRequiringAcceptance.UpdateDummyStateRequiringAcceptanceResponder (version 1)
?[m?[37m[INFO] 11:44:42,920 [Test worker] internal.NodeFlowManager. - Registered com.r3.corda.lib.reissuance.flows.example.dummyStateRequiringAllParticipantsSignatures.CreateDummyStateRequiringAllParticipantsSignatures to initiate com.r3.corda.lib.reissuance.flows.example.dummyStateRequiringAllParticipantsSignatures.CreateDummyStateRequiringAllParticipantsSignaturesResponder (version 1)
?[m?[37m[INFO] 11:44:42,920 [Test worker] internal.NodeFlowManager. - Registered com.r3.corda.lib.reissuance.flows.example.dummyStateRequiringAllParticipantsSignatures.DeleteDummyStateRequiringAllParticipantsSignatures to initiate com.r3.corda.lib.reissuance.flows.example.dummyStateRequiringAllParticipantsSignatures.DeleteDummyStateRequiringAllParticipantsSignaturesResponder (version 1)
?[m?[37m[INFO] 11:44:42,920 [Test worker] internal.NodeFlowManager. - Registered com.r3.corda.lib.reissuance.flows.example.dummyStateRequiringAllParticipantsSignatures.UpdateDummyStateRequiringAllParticipantsSignatures to initiate com.r3.corda.lib.reissuance.flows.example.dummyStateRequiringAllParticipantsSignatures.UpdateDummyStateRequiringAllParticipantsSignaturesResponder (version 1)
?[m?[37m[INFO] 11:44:42,920 [Test worker] internal.NodeFlowManager. - Registered com.r3.corda.lib.reissuance.flows.example.dummyStateWithInvalidEqualsMethod.CreateDummyStateWithInvalidEqualsMethod to initiate com.r3.corda.lib.reissuance.flows.example.dummyStateWithInvalidEqualsMethod.CreateDummyStateRequiringAllParticipantsSignaturesResponder (version 1)
?[m?[37m[INFO] 11:44:42,920 [Test worker] internal.NodeFlowManager. - Registered com.r3.corda.lib.reissuance.flows.example.dummyStateWithInvalidEqualsMethod.DeleteDummyStateWithInvalidEqualsMethod to initiate com.r3.corda.lib.reissuance.flows.example.dummyStateWithInvalidEqualsMethod.DeleteDummyStateRequiringAllParticipantsSignaturesResponder (version 1)
?[m?[37m[INFO] 11:44:42,920 [Test worker] internal.NodeFlowManager. - Registered com.r3.corda.lib.reissuance.flows.example.dummyStateWithInvalidEqualsMethod.UpdateDummyStateWithInvalidEqualsMethod to initiate com.r3.corda.lib.reissuance.flows.example.dummyStateWithInvalidEqualsMethod.UpdateDummyStateWithInvalidEqualsMethodResponder (version 1)
?[m?[37m[INFO] 11:44:42,920 [Test worker] internal.NodeFlowManager. - Registered com.r3.corda.lib.reissuance.flows.example.simpleDummyState.CreateSimpleDummyStateForAccount to initiate com.r3.corda.lib.reissuance.flows.example.simpleDummyState.CreateSimpleDummyStateForAccountResponder (version 1)
?[m?[37m[INFO] 11:44:42,920 [Test worker] internal.NodeFlowManager. - Registered com.r3.corda.lib.reissuance.flows.example.simpleDummyState.CreateSimpleDummyState to initiate com.r3.corda.lib.reissuance.flows.example.simpleDummyState.CreateSimpleDummyStateResponder (version 1)
?[m?[37m[INFO] 11:44:42,920 [Test worker] internal.NodeFlowManager. - Registered com.r3.corda.lib.reissuance.flows.example.simpleDummyState.DeleteSimpleDummyStateForAccount to initiate com.r3.corda.lib.reissuance.flows.example.simpleDummyState.DeleteSimpleDummyStateForAccountResponder (version 1)
?[m?[37m[INFO] 11:44:42,920 [Test worker] internal.NodeFlowManager. - Registered com.r3.corda.lib.reissuance.flows.example.simpleDummyState.DeleteSimpleDummyState to initiate com.r3.corda.lib.reissuance.flows.example.simpleDummyState.DeleteSimpleDummyStateResponder (version 1)
?[m?[37m[INFO] 11:44:42,920 [Test worker] internal.NodeFlowManager. - Registered com.r3.corda.lib.reissuance.flows.example.simpleDummyState.UpdateSimpleDummyState to initiate com.r3.corda.lib.reissuance.flows.example.simpleDummyState.SimpleDummyStateResponder (version 1)
?[m?[37m[INFO] 11:44:42,920 [Test worker] internal.NodeFlowManager. - Registered com.r3.corda.lib.reissuance.flows.example.simpleDummyState.UpdateSimpleDummyStateForAccount to initiate com.r3.corda.lib.reissuance.flows.example.simpleDummyState.UpdateSimpleDummyStateForAccountResponder (version 1)
?[m?[37m[INFO] 11:44:42,920 [Test worker] internal.NodeFlowManager. - Registered com.r3.corda.lib.reissuance.flows.example.tokens.IssueTokens to initiate com.r3.corda.lib.reissuance.flows.example.tokens.IssueTokensResponder (version 1)
?[m?[37m[INFO] 11:44:42,920 [Test worker] internal.NodeFlowManager. - Registered com.r3.corda.lib.reissuance.flows.example.tokens.RedeemTokens to initiate com.r3.corda.lib.reissuance.flows.example.tokens.RedeemTokensResponder (version 1)
?[m?[37m[INFO] 11:44:42,920 [Test worker] internal.NodeFlowManager. - Registered com.r3.corda.lib.reissuance.flows.example.tokens.TransferTokens to initiate com.r3.corda.lib.reissuance.flows.example.tokens.TransferTokensResponder (version 1)
?[m?[37m[INFO] 11:44:42,920 [Test worker] internal.NodeFlowManager. - Registered com.r3.corda.lib.ci.workflows.RequestKeyForUUIDInitiator to initiate com.r3.corda.lib.ci.workflows.RequestKeyForUUIDResponder (version 1)
?[m?[37m[INFO] 11:44:42,920 [Test worker] internal.NodeFlowManager. - Registered com.r3.corda.lib.ci.workflows.RequestKey to initiate com.r3.corda.lib.ci.workflows.RequestKeyResponder (version 1)
?[m?[37m[INFO] 11:44:42,920 [Test worker] internal.NodeFlowManager. - Registered com.r3.corda.lib.ci.workflows.SyncKeyMappingInitiator to initiate com.r3.corda.lib.ci.workflows.SyncKeyMappingResponder (version 1)
?[m?[37m[INFO] 11:44:42,920 [Test worker] internal.NodeFlowManager. - Registered com.r3.corda.lib.ci.workflows.VerifyAndAddKey to initiate com.r3.corda.lib.ci.workflows.VerifyAndAddKeyResponder (version 1)
?[m?[37m[INFO] 11:44:42,920 [Test worker] internal.NodeFlowManager. - Registered com.r3.corda.lib.tokens.workflows.flows.rpc.ConfidentialIssueTokens to initiate com.r3.corda.lib.tokens.workflows.flows.rpc.ConfidentialIssueTokensHandler (version 1)
?[m?[37m[INFO] 11:44:42,920 [Test worker] internal.NodeFlowManager. - Registered com.r3.corda.lib.tokens.workflows.flows.rpc.ConfidentialMoveFungibleTokens to initiate com.r3.corda.lib.tokens.workflows.flows.rpc.ConfidentialMoveFungibleTokensHandler (version 1)
?[m?[37m[INFO] 11:44:42,920 [Test worker] internal.NodeFlowManager. - Registered com.r3.corda.lib.tokens.workflows.flows.rpc.ConfidentialMoveNonFungibleTokens to initiate com.r3.corda.lib.tokens.workflows.flows.rpc.ConfidentialMoveNonFungibleTokensHandler (version 1)
?[m?[37m[INFO] 11:44:42,920 [Test worker] internal.NodeFlowManager. - Registered com.r3.corda.lib.tokens.workflows.flows.rpc.ConfidentialRedeemFungibleTokens to initiate com.r3.corda.lib.tokens.workflows.flows.rpc.ConfidentialRedeemFungibleTokensHandler (version 1)
?[m?[37m[INFO] 11:44:42,920 [Test worker] internal.NodeFlowManager. - Registered com.r3.corda.lib.tokens.workflows.flows.rpc.CreateEvolvableTokens to initiate com.r3.corda.lib.tokens.workflows.flows.rpc.CreateEvolvableTokensHandler (version 1)
?[m?[37m[INFO] 11:44:42,920 [Test worker] internal.NodeFlowManager. - Registered com.r3.corda.lib.tokens.workflows.flows.rpc.IssueTokens to initiate com.r3.corda.lib.tokens.workflows.flows.rpc.IssueTokensHandler (version 1)
?[m?[37m[INFO] 11:44:42,920 [Test worker] internal.NodeFlowManager. - Registered com.r3.corda.lib.tokens.workflows.flows.rpc.MoveFungibleTokens to initiate com.r3.corda.lib.tokens.workflows.flows.rpc.MoveFungibleTokensHandler (version 1)
?[m?[37m[INFO] 11:44:42,920 [Test worker] internal.NodeFlowManager. - Registered com.r3.corda.lib.tokens.workflows.flows.rpc.MoveNonFungibleTokens to initiate com.r3.corda.lib.tokens.workflows.flows.rpc.MoveNonFungibleTokensHandler (version 1)
?[m?[37m[INFO] 11:44:42,920 [Test worker] internal.NodeFlowManager. - Registered com.r3.corda.lib.tokens.workflows.flows.rpc.RedeemFungibleTokens to initiate com.r3.corda.lib.tokens.workflows.flows.rpc.RedeemFungibleTokensHandler (version 1)
?[m?[37m[INFO] 11:44:42,920 [Test worker] internal.NodeFlowManager. - Registered com.r3.corda.lib.tokens.workflows.flows.rpc.RedeemNonFungibleTokens to initiate com.r3.corda.lib.tokens.workflows.flows.rpc.RedeemNonFungibleTokensHandler (version 1)
?[m?[37m[INFO] 11:44:42,920 [Test worker] internal.NodeFlowManager. - Registered com.r3.corda.lib.tokens.workflows.flows.rpc.UpdateEvolvableToken to initiate com.r3.corda.lib.tokens.workflows.flows.rpc.UpdateEvolvableTokenHandler (version 1)
?[m?[37m[INFO] 11:44:42,920 [Test worker] internal.NodeFlowManager. - Registered com.r3.corda.lib.tokens.workflows.internal.flows.distribution.RequestAdditionToDistributionList$Initiator to initiate com.r3.corda.lib.tokens.workflows.internal.flows.distribution.RequestAdditionToDistributionList$Responder (version 1)
?[m?[37m[INFO] 11:44:42,920 [Test worker] internal.NodeFlowManager. - Registered com.r3.corda.lib.tokens.workflows.internal.flows.distribution.UpdateDistributionListFlow to initiate com.r3.corda.lib.tokens.workflows.internal.flows.distribution.UpdateDistributionListFlowHandler (version 1)
?[m?[37m[INFO] 11:44:42,920 [Test worker] internal.NodeFlowManager. - Registered com.r3.corda.lib.tokens.workflows.internal.testflows.DvPFlow to initiate com.r3.corda.lib.tokens.workflows.internal.testflows.DvPFlowHandler (version 1)
?[m?[37m[INFO] 11:44:42,922 [Test worker] internal.InternalMockNetwork$MockNode. - Loaded network parameters: NetworkParameters {
      minimumPlatformVersion=4
      notaries=[NotaryInfo(identity=O=Notary Service, L=Zurich, C=CH, validating=false)]
      maxMessageSize=10485760
      maxTransactionSize=524288000
      whitelistedContractImplementations {
        
      }
      eventHorizon=PT720H
      packageOwnership {
        
      }
      modifiedTime=2020-10-07T10:44:41.993Z
      epoch=1
  }
?[m?[37m[INFO] 11:44:42,922 [Test worker] hikari.HikariDataSource. - HikariPool-52 - Starting...
?[m?[37m[INFO] 11:44:42,923 [Test worker] hikari.HikariDataSource. - HikariPool-52 - Start completed.
?[m?[37m[INFO] 11:44:43,038 [Test worker] changelog.StandardChangeLogHistoryService. - Creating database history table with name: PUBLIC.DATABASECHANGELOG
?[m?[37m[INFO] 11:44:43,039 [Test worker] jvm.JdbcExecutor. - CREATE TABLE PUBLIC.DATABASECHANGELOG (ID VARCHAR(255) NOT NULL, AUTHOR VARCHAR(255) NOT NULL, FILENAME VARCHAR(255) NOT NULL, DATEEXECUTED TIMESTAMP NOT NULL, ORDEREXECUTED INT NOT NULL, EXECTYPE VARCHAR(10) NOT NULL, MD5SUM VARCHAR(35), DESCRIPTION VARCHAR(255), COMMENTS VARCHAR(255), TAG VARCHAR(255), LIQUIBASE VARCHAR(20), CONTEXTS VARCHAR(255), LABELS VARCHAR(255), DEPLOYMENT_ID VARCHAR(10))
?[m?[37m[INFO] 11:44:43,039 [Test worker] jvm.JdbcExecutor. - SELECT COUNT(*) FROM PUBLIC.DATABASECHANGELOG
?[m?[37m[INFO] 11:44:43,039 [Test worker] changelog.StandardChangeLogHistoryService. - Reading from PUBLIC.DATABASECHANGELOG
?[m?[37m[INFO] 11:44:43,039 [Test worker] jvm.JdbcExecutor. - SELECT * FROM PUBLIC.DATABASECHANGELOG ORDER BY DATEEXECUTED ASC, ORDEREXECUTED ASC
?[m?[37m[INFO] 11:44:43,039 [Test worker] jvm.JdbcExecutor. - SELECT COUNT(*) FROM PUBLIC.DATABASECHANGELOGLOCK
?[m?[37m[INFO] 11:44:43,040 [Test worker] jvm.JdbcExecutor. - CREATE TABLE PUBLIC.DATABASECHANGELOGLOCK (ID INT NOT NULL, LOCKED BOOLEAN NOT NULL, LOCKGRANTED TIMESTAMP, LOCKEDBY VARCHAR(255), CONSTRAINT PK_DATABASECHANGELOGLOCK PRIMARY KEY (ID))
?[m?[37m[INFO] 11:44:43,041 [Test worker] jvm.JdbcExecutor. - SELECT COUNT(*) FROM PUBLIC.DATABASECHANGELOGLOCK
?[m?[37m[INFO] 11:44:43,041 [Test worker] jvm.JdbcExecutor. - DELETE FROM PUBLIC.DATABASECHANGELOGLOCK
?[m?[37m[INFO] 11:44:43,041 [Test worker] jvm.JdbcExecutor. - INSERT INTO PUBLIC.DATABASECHANGELOGLOCK (ID, LOCKED) VALUES (1, FALSE)
?[m?[37m[INFO] 11:44:43,047 [Test worker] visitor.ValidatingVisitor. - Skipping change set migration/vault-schema.changelog-pkey.xml::non-clustered_pk-11::R3.Corda due to validation error(s): clustered is not allowed on h2 {changeSet=migration/vault-schema.changelog-pkey.xml::non-clustered_pk-11::R3.Corda, databaseChangeLog=master.changelog.json}
?[m?[37m[INFO] 11:44:43,047 [Test worker] visitor.ValidatingVisitor. - Skipping change set migration/vault-schema.changelog-pkey.xml::non-clustered_pk-12::R3.Corda due to validation error(s): clustered is not allowed on h2 {changeSet=migration/vault-schema.changelog-pkey.xml::non-clustered_pk-12::R3.Corda, databaseChangeLog=master.changelog.json}
?[m?[37m[INFO] 11:44:43,047 [Test worker] visitor.ValidatingVisitor. - Skipping change set migration/vault-schema.changelog-pkey.xml::non-clustered_pk-13::R3.Corda due to validation error(s): clustered is not allowed on h2 {changeSet=migration/vault-schema.changelog-pkey.xml::non-clustered_pk-13::R3.Corda, databaseChangeLog=master.changelog.json}
?[m?[37m[INFO] 11:44:43,057 [Test worker] visitor.ValidatingVisitor. - Skipping change set migration/node-core.changelog-pkey.xml::non-clustered_pk-1::R3.Corda due to validation error(s): clustered is not allowed on h2 {changeSet=migration/node-core.changelog-pkey.xml::non-clustered_pk-1::R3.Corda, databaseChangeLog=master.changelog.json}
?[m?[37m[INFO] 11:44:43,057 [Test worker] visitor.ValidatingVisitor. - Skipping change set migration/node-core.changelog-pkey.xml::non-clustered_pk-2::R3.Corda due to validation error(s): clustered is not allowed on h2 {changeSet=migration/node-core.changelog-pkey.xml::non-clustered_pk-2::R3.Corda, databaseChangeLog=master.changelog.json}
?[m?[37m[INFO] 11:44:43,057 [Test worker] visitor.ValidatingVisitor. - Skipping change set migration/node-core.changelog-pkey.xml::non-clustered_pk-3::R3.Corda due to validation error(s): clustered is not allowed on h2 {changeSet=migration/node-core.changelog-pkey.xml::non-clustered_pk-3::R3.Corda, databaseChangeLog=master.changelog.json}
?[m?[37m[INFO] 11:44:43,057 [Test worker] visitor.ValidatingVisitor. - Skipping change set migration/node-core.changelog-pkey.xml::non-clustered_pk-4::R3.Corda due to validation error(s): clustered is not allowed on h2 {changeSet=migration/node-core.changelog-pkey.xml::non-clustered_pk-4::R3.Corda, databaseChangeLog=master.changelog.json}
?[m?[37m[INFO] 11:44:43,057 [Test worker] visitor.ValidatingVisitor. - Skipping change set migration/node-core.changelog-pkey.xml::non-clustered_pk-5::R3.Corda due to validation error(s): clustered is not allowed on h2 {changeSet=migration/node-core.changelog-pkey.xml::non-clustered_pk-5::R3.Corda, databaseChangeLog=master.changelog.json}
?[m?[37m[INFO] 11:44:43,058 [Test worker] visitor.ValidatingVisitor. - Skipping change set migration/node-core.changelog-pkey.xml::non-clustered_pk-6::R3.Corda due to validation error(s): clustered is not allowed on h2 {changeSet=migration/node-core.changelog-pkey.xml::non-clustered_pk-6::R3.Corda, databaseChangeLog=master.changelog.json}
?[m?[37m[INFO] 11:44:43,058 [Test worker] visitor.ValidatingVisitor. - Skipping change set migration/node-core.changelog-pkey.xml::non-clustered_pk-7::R3.Corda due to validation error(s): clustered is not allowed on h2 {changeSet=migration/node-core.changelog-pkey.xml::non-clustered_pk-7::R3.Corda, databaseChangeLog=master.changelog.json}
?[m?[37m[INFO] 11:44:43,061 [Test worker] jvm.JdbcExecutor. - SELECT COUNT(*) FROM PUBLIC.DATABASECHANGELOGLOCK
?[m?[37m[INFO] 11:44:43,061 [Test worker] jvm.JdbcExecutor. - SELECT LOCKED FROM PUBLIC.DATABASECHANGELOGLOCK WHERE ID=1
?[m?[37m[INFO] 11:44:43,061 [Test worker] lockservice.StandardLockService. - Successfully acquired change log lock
?[m?[37m[INFO] 11:44:43,063 [Test worker] visitor.ValidatingVisitor. - Skipping change set migration/vault-schema.changelog-pkey.xml::non-clustered_pk-11::R3.Corda due to validation error(s): clustered is not allowed on h2 {changeSet=migration/vault-schema.changelog-pkey.xml::non-clustered_pk-11::R3.Corda, databaseChangeLog=master.changelog.json}
?[m?[37m[INFO] 11:44:43,063 [Test worker] visitor.ValidatingVisitor. - Skipping change set migration/vault-schema.changelog-pkey.xml::non-clustered_pk-12::R3.Corda due to validation error(s): clustered is not allowed on h2 {changeSet=migration/vault-schema.changelog-pkey.xml::non-clustered_pk-12::R3.Corda, databaseChangeLog=master.changelog.json}
?[m?[37m[INFO] 11:44:43,063 [Test worker] visitor.ValidatingVisitor. - Skipping change set migration/vault-schema.changelog-pkey.xml::non-clustered_pk-13::R3.Corda due to validation error(s): clustered is not allowed on h2 {changeSet=migration/vault-schema.changelog-pkey.xml::non-clustered_pk-13::R3.Corda, databaseChangeLog=master.changelog.json}
?[m?[37m[INFO] 11:44:43,080 [Test worker] visitor.ValidatingVisitor. - Skipping change set migration/node-core.changelog-pkey.xml::non-clustered_pk-1::R3.Corda due to validation error(s): clustered is not allowed on h2 {changeSet=migration/node-core.changelog-pkey.xml::non-clustered_pk-1::R3.Corda, databaseChangeLog=master.changelog.json}
?[m?[37m[INFO] 11:44:43,080 [Test worker] visitor.ValidatingVisitor. - Skipping change set migration/node-core.changelog-pkey.xml::non-clustered_pk-2::R3.Corda due to validation error(s): clustered is not allowed on h2 {changeSet=migration/node-core.changelog-pkey.xml::non-clustered_pk-2::R3.Corda, databaseChangeLog=master.changelog.json}
?[m?[37m[INFO] 11:44:43,080 [Test worker] visitor.ValidatingVisitor. - Skipping change set migration/node-core.changelog-pkey.xml::non-clustered_pk-3::R3.Corda due to validation error(s): clustered is not allowed on h2 {changeSet=migration/node-core.changelog-pkey.xml::non-clustered_pk-3::R3.Corda, databaseChangeLog=master.changelog.json}
?[m?[37m[INFO] 11:44:43,080 [Test worker] visitor.ValidatingVisitor. - Skipping change set migration/node-core.changelog-pkey.xml::non-clustered_pk-4::R3.Corda due to validation error(s): clustered is not allowed on h2 {changeSet=migration/node-core.changelog-pkey.xml::non-clustered_pk-4::R3.Corda, databaseChangeLog=master.changelog.json}
?[m?[37m[INFO] 11:44:43,080 [Test worker] visitor.ValidatingVisitor. - Skipping change set migration/node-core.changelog-pkey.xml::non-clustered_pk-5::R3.Corda due to validation error(s): clustered is not allowed on h2 {changeSet=migration/node-core.changelog-pkey.xml::non-clustered_pk-5::R3.Corda, databaseChangeLog=master.changelog.json}
?[m?[37m[INFO] 11:44:43,080 [Test worker] visitor.ValidatingVisitor. - Skipping change set migration/node-core.changelog-pkey.xml::non-clustered_pk-6::R3.Corda due to validation error(s): clustered is not allowed on h2 {changeSet=migration/node-core.changelog-pkey.xml::non-clustered_pk-6::R3.Corda, databaseChangeLog=master.changelog.json}
?[m?[37m[INFO] 11:44:43,080 [Test worker] visitor.ValidatingVisitor. - Skipping change set migration/node-core.changelog-pkey.xml::non-clustered_pk-7::R3.Corda due to validation error(s): clustered is not allowed on h2 {changeSet=migration/node-core.changelog-pkey.xml::non-clustered_pk-7::R3.Corda, databaseChangeLog=master.changelog.json}
?[m?[37m[INFO] 11:44:43,082 [Test worker] jvm.JdbcExecutor. - SELECT SEQUENCE_NAME FROM INFORMATION_SCHEMA.SEQUENCES WHERE SEQUENCE_SCHEMA = 'null' AND IS_GENERATED=FALSE {changeSet=migration/common.changelog-init.xml::1511451595465-1.1::R3.Corda, databaseChangeLog=master.changelog.json}
?[m?[37m[INFO] 11:44:43,082 [Test worker] jvm.JdbcExecutor. - SELECT SEQUENCE_NAME FROM INFORMATION_SCHEMA.SEQUENCES WHERE SEQUENCE_SCHEMA = 'PUBLIC' AND IS_GENERATED=FALSE {changeSet=migration/common.changelog-init.xml::1511451595465-1.1::R3.Corda, databaseChangeLog=master.changelog.json}
?[m?[37m[INFO] 11:44:43,082 [Test worker] jvm.JdbcExecutor. - CREATE SEQUENCE PUBLIC.hibernate_sequence {changeSet=migration/common.changelog-init.xml::1511451595465-1.1::R3.Corda, databaseChangeLog=master.changelog.json}
?[m?[37m[INFO] 11:44:43,082 [Test worker] changelog.ChangeSet. - Sequence hibernate_sequence created {changeSet=migration/common.changelog-init.xml::1511451595465-1.1::R3.Corda, databaseChangeLog=master.changelog.json}
?[m?[37m[INFO] 11:44:43,082 [Test worker] changelog.ChangeSet. - ChangeSet migration/common.changelog-init.xml::1511451595465-1.1::R3.Corda ran successfully in 0ms {changeSet=migration/common.changelog-init.xml::1511451595465-1.1::R3.Corda, databaseChangeLog=master.changelog.json}
?[m?[37m[INFO] 11:44:43,082 [Test worker] jvm.JdbcExecutor. - SELECT MAX(ORDEREXECUTED) FROM PUBLIC.DATABASECHANGELOG {changeSet=migration/common.changelog-init.xml::1511451595465-1.1::R3.Corda, databaseChangeLog=master.changelog.json}
?[m?[37m[INFO] 11:44:43,083 [Test worker] jvm.JdbcExecutor. - INSERT INTO PUBLIC.DATABASECHANGELOG (ID, AUTHOR, FILENAME, DATEEXECUTED, ORDEREXECUTED, MD5SUM, DESCRIPTION, COMMENTS, EXECTYPE, CONTEXTS, LABELS, LIQUIBASE, DEPLOYMENT_ID) VALUES ('1511451595465-1.1', 'R3.Corda', 'migration/common.changelog-init.xml', NOW(), 1, '8:9df4ee4464a4a10dfcf2717c73a52620', 'createSequence sequenceName=hibernate_sequence', '', 'EXECUTED', NULL, NULL, '3.6.3', '2067483061') {changeSet=migration/common.changelog-init.xml::1511451595465-1.1::R3.Corda, databaseChangeLog=master.changelog.json}
?[m?[37m[INFO] 11:44:43,083 [Test worker] jvm.JdbcExecutor. - CREATE TABLE PUBLIC.vault_fungible_states (output_index INT NOT NULL, transaction_id NVARCHAR(64) NOT NULL, issuer_name NVARCHAR(255), issuer_ref VARBINARY(512), owner_name NVARCHAR(255), quantity BIGINT) {changeSet=migration/vault-schema.changelog-init.xml::1511451595465-22::R3.Corda, databaseChangeLog=master.changelog.json}
?[m?[37m[INFO] 11:44:43,083 [Test worker] changelog.ChangeSet. - Table vault_fungible_states created {changeSet=migration/vault-schema.changelog-init.xml::1511451595465-22::R3.Corda, databaseChangeLog=master.changelog.json}
?[m?[37m[INFO] 11:44:43,083 [Test worker] changelog.ChangeSet. - ChangeSet migration/vault-schema.changelog-init.xml::1511451595465-22::R3.Corda ran successfully in 0ms {changeSet=migration/vault-schema.changelog-init.xml::1511451595465-22::R3.Corda, databaseChangeLog=master.changelog.json}
?[m?[37m[INFO] 11:44:43,084 [Test worker] jvm.JdbcExecutor. - INSERT INTO PUBLIC.DATABASECHANGELOG (ID, AUTHOR, FILENAME, DATEEXECUTED, ORDEREXECUTED, MD5SUM, DESCRIPTION, COMMENTS, EXECTYPE, CONTEXTS, LABELS, LIQUIBASE, DEPLOYMENT_ID) VALUES ('1511451595465-22', 'R3.Corda', 'migration/vault-schema.changelog-init.xml', NOW(), 2, '8:4ae481f11ac84744a4392bbfd533fa75', 'createTable tableName=vault_fungible_states', '', 'EXECUTED', NULL, NULL, '3.6.3', '2067483061') {changeSet=migration/vault-schema.changelog-init.xml::1511451595465-22::R3.Corda, databaseChangeLog=master.changelog.json}
?[m?[37m[INFO] 11:44:43,084 [Test worker] jvm.JdbcExecutor. - CREATE TABLE PUBLIC.vault_fungible_states_parts (output_index INT NOT NULL, transaction_id NVARCHAR(64) NOT NULL, participants NVARCHAR(255)) {changeSet=migration/vault-schema.changelog-init.xml::1511451595465-23::R3.Corda, databaseChangeLog=master.changelog.json}
?[m?[37m[INFO] 11:44:43,084 [Test worker] changelog.ChangeSet. - Table vault_fungible_states_parts created {changeSet=migration/vault-schema.changelog-init.xml::1511451595465-23::R3.Corda, databaseChangeLog=master.changelog.json}
?[m?[37m[INFO] 11:44:43,084 [Test worker] changelog.ChangeSet. - ChangeSet migration/vault-schema.changelog-init.xml::1511451595465-23::R3.Corda ran successfully in 0ms {changeSet=migration/vault-schema.changelog-init.xml::1511451595465-23::R3.Corda, databaseChangeLog=master.changelog.json}
?[m?[37m[INFO] 11:44:43,084 [Test worker] jvm.JdbcExecutor. - INSERT INTO PUBLIC.DATABASECHANGELOG (ID, AUTHOR, FILENAME, DATEEXECUTED, ORDEREXECUTED, MD5SUM, DESCRIPTION, COMMENTS, EXECTYPE, CONTEXTS, LABELS, LIQUIBASE, DEPLOYMENT_ID) VALUES ('1511451595465-23', 'R3.Corda', 'migration/vault-schema.changelog-init.xml', NOW(), 3, '8:3222255d3b2e04b9dfad42d9acab103e', 'createTable tableName=vault_fungible_states_parts', '', 'EXECUTED', NULL, NULL, '3.6.3', '2067483061') {changeSet=migration/vault-schema.changelog-init.xml::1511451595465-23::R3.Corda, databaseChangeLog=master.changelog.json}
?[m?[37m[INFO] 11:44:43,085 [Test worker] jvm.JdbcExecutor. - CREATE TABLE PUBLIC.vault_linear_states (output_index INT NOT NULL, transaction_id NVARCHAR(64) NOT NULL, external_id NVARCHAR(255), uuid VARCHAR(255) NOT NULL) {changeSet=migration/vault-schema.changelog-init.xml::1511451595465-24::R3.Corda, databaseChangeLog=master.changelog.json}
?[m?[37m[INFO] 11:44:43,085 [Test worker] changelog.ChangeSet. - Table vault_linear_states created {changeSet=migration/vault-schema.changelog-init.xml::1511451595465-24::R3.Corda, databaseChangeLog=master.changelog.json}
?[m?[37m[INFO] 11:44:43,085 [Test worker] changelog.ChangeSet. - ChangeSet migration/vault-schema.changelog-init.xml::1511451595465-24::R3.Corda ran successfully in 1ms {changeSet=migration/vault-schema.changelog-init.xml::1511451595465-24::R3.Corda, databaseChangeLog=master.changelog.json}
?[m?[37m[INFO] 11:44:43,085 [Test worker] jvm.JdbcExecutor. - INSERT INTO PUBLIC.DATABASECHANGELOG (ID, AUTHOR, FILENAME, DATEEXECUTED, ORDEREXECUTED, MD5SUM, DESCRIPTION, COMMENTS, EXECTYPE, CONTEXTS, LABELS, LIQUIBASE, DEPLOYMENT_ID) VALUES ('1511451595465-24', 'R3.Corda', 'migration/vault-schema.changelog-init.xml', NOW(), 4, '8:fb2c5b52213239424320d137dc22059b', 'createTable tableName=vault_linear_states', '', 'EXECUTED', NULL, NULL, '3.6.3', '2067483061') {changeSet=migration/vault-schema.changelog-init.xml::1511451595465-24::R3.Corda, databaseChangeLog=master.changelog.json}
?[m?[37m[INFO] 11:44:43,086 [Test worker] jvm.JdbcExecutor. - CREATE TABLE PUBLIC.vault_linear_states_parts (output_index INT NOT NULL, transaction_id NVARCHAR(64) NOT NULL, participants NVARCHAR(255)) {changeSet=migration/vault-schema.changelog-init.xml::1511451595465-25::R3.Corda, databaseChangeLog=master.changelog.json}
?[m?[37m[INFO] 11:44:43,086 [Test worker] changelog.ChangeSet. - Table vault_linear_states_parts created {changeSet=migration/vault-schema.changelog-init.xml::1511451595465-25::R3.Corda, databaseChangeLog=master.changelog.json}
?[m?[37m[INFO] 11:44:43,086 [Test worker] changelog.ChangeSet. - ChangeSet migration/vault-schema.changelog-init.xml::1511451595465-25::R3.Corda ran successfully in 1ms {changeSet=migration/vault-schema.changelog-init.xml::1511451595465-25::R3.Corda, databaseChangeLog=master.changelog.json}
?[m?[37m[INFO] 11:44:43,086 [Test worker] jvm.JdbcExecutor. - INSERT INTO PUBLIC.DATABASECHANGELOG (ID, AUTHOR, FILENAME, DATEEXECUTED, ORDEREXECUTED, MD5SUM, DESCRIPTION, COMMENTS, EXECTYPE, CONTEXTS, LABELS, LIQUIBASE, DEPLOYMENT_ID) VALUES ('1511451595465-25', 'R3.Corda', 'migration/vault-schema.changelog-init.xml', NOW(), 5, '8:ccb2ca1b37c0eeb2ac12506f17bc8ee0', 'createTable tableName=vault_linear_states_parts', '', 'EXECUTED', NULL, NULL, '3.6.3', '2067483061') {changeSet=migration/vault-schema.changelog-init.xml::1511451595465-25::R3.Corda, databaseChangeLog=master.changelog.json}
?[m?[37m[INFO] 11:44:43,086 [Test worker] jvm.JdbcExecutor. - CREATE TABLE PUBLIC.vault_states (output_index INT NOT NULL, transaction_id NVARCHAR(64) NOT NULL, consumed_timestamp TIMESTAMP, contract_state_class_name NVARCHAR(255), lock_id NVARCHAR(255), lock_timestamp TIMESTAMP, notary_name NVARCHAR(255), recorded_timestamp TIMESTAMP, state_status INT) {changeSet=migration/vault-schema.changelog-init.xml::1511451595465-26::R3.Corda, databaseChangeLog=master.changelog.json}
?[m?[37m[INFO] 11:44:43,087 [Test worker] changelog.ChangeSet. - Table vault_states created {changeSet=migration/vault-schema.changelog-init.xml::1511451595465-26::R3.Corda, databaseChangeLog=master.changelog.json}
?[m?[37m[INFO] 11:44:43,087 [Test worker] changelog.ChangeSet. - ChangeSet migration/vault-schema.changelog-init.xml::1511451595465-26::R3.Corda ran successfully in 1ms {changeSet=migration/vault-schema.changelog-init.xml::1511451595465-26::R3.Corda, databaseChangeLog=master.changelog.json}
?[m?[37m[INFO] 11:44:43,087 [Test worker] jvm.JdbcExecutor. - INSERT INTO PUBLIC.DATABASECHANGELOG (ID, AUTHOR, FILENAME, DATEEXECUTED, ORDEREXECUTED, MD5SUM, DESCRIPTION, COMMENTS, EXECTYPE, CONTEXTS, LABELS, LIQUIBASE, DEPLOYMENT_ID) VALUES ('1511451595465-26', 'R3.Corda', 'migration/vault-schema.changelog-init.xml', NOW(), 6, '8:971edadc2af9e847ed490f418530d40b', 'createTable tableName=vault_states', '', 'EXECUTED', NULL, NULL, '3.6.3', '2067483061') {changeSet=migration/vault-schema.changelog-init.xml::1511451595465-26::R3.Corda, databaseChangeLog=master.changelog.json}
?[m?[37m[INFO] 11:44:43,088 [Test worker] jvm.JdbcExecutor. - CREATE TABLE PUBLIC.vault_transaction_notes (seq_no INT NOT NULL, note NVARCHAR(255), transaction_id NVARCHAR(64)) {changeSet=migration/vault-schema.changelog-init.xml::1511451595465-27::R3.Corda, databaseChangeLog=master.changelog.json}
?[m?[37m[INFO] 11:44:43,088 [Test worker] changelog.ChangeSet. - Table vault_transaction_notes created {changeSet=migration/vault-schema.changelog-init.xml::1511451595465-27::R3.Corda, databaseChangeLog=master.changelog.json}
?[m?[37m[INFO] 11:44:43,088 [Test worker] changelog.ChangeSet. - ChangeSet migration/vault-schema.changelog-init.xml::1511451595465-27::R3.Corda ran successfully in 0ms {changeSet=migration/vault-schema.changelog-init.xml::1511451595465-27::R3.Corda, databaseChangeLog=master.changelog.json}
?[m?[37m[INFO] 11:44:43,089 [Test worker] jvm.JdbcExecutor. - INSERT INTO PUBLIC.DATABASECHANGELOG (ID, AUTHOR, FILENAME, DATEEXECUTED, ORDEREXECUTED, MD5SUM, DESCRIPTION, COMMENTS, EXECTYPE, CONTEXTS, LABELS, LIQUIBASE, DEPLOYMENT_ID) VALUES ('1511451595465-27', 'R3.Corda', 'migration/vault-schema.changelog-init.xml', NOW(), 7, '8:7a8064e58d100a02ed56e538122296e4', 'createTable tableName=vault_transaction_notes', '', 'EXECUTED', NULL, NULL, '3.6.3', '2067483061') {changeSet=migration/vault-schema.changelog-init.xml::1511451595465-27::R3.Corda, databaseChangeLog=master.changelog.json}
?[m?[37m[INFO] 11:44:43,089 [Test worker] jvm.JdbcExecutor. - ALTER TABLE PUBLIC.vault_fungible_states ADD CONSTRAINT vault_fungible_states_pkey PRIMARY KEY (output_index, transaction_id) {changeSet=migration/vault-schema.changelog-init.xml::1511451595465-47::R3.Corda, databaseChangeLog=master.changelog.json}
?[m?[37m[INFO] 11:44:43,089 [Test worker] changelog.ChangeSet. - Primary key added to vault_fungible_states (output_index, transaction_id) {changeSet=migration/vault-schema.changelog-init.xml::1511451595465-47::R3.Corda, databaseChangeLog=master.changelog.json}
?[m?[37m[INFO] 11:44:43,089 [Test worker] changelog.ChangeSet. - ChangeSet migration/vault-schema.changelog-init.xml::1511451595465-47::R3.Corda ran successfully in 0ms {changeSet=migration/vault-schema.changelog-init.xml::1511451595465-47::R3.Corda, databaseChangeLog=master.changelog.json}
?[m?[37m[INFO] 11:44:43,090 [Test worker] jvm.JdbcExecutor. - INSERT INTO PUBLIC.DATABASECHANGELOG (ID, AUTHOR, FILENAME, DATEEXECUTED, ORDEREXECUTED, MD5SUM, DESCRIPTION, COMMENTS, EXECTYPE, CONTEXTS, LABELS, LIQUIBASE, DEPLOYMENT_ID) VALUES ('1511451595465-47', 'R3.Corda', 'migration/vault-schema.changelog-init.xml', NOW(), 8, '8:4eddd48de14b69bdd265a4b0c438f070', 'addPrimaryKey constraintName=vault_fungible_states_pkey, tableName=vault_fungible_states', '', 'EXECUTED', NULL, NULL, '3.6.3', '2067483061') {changeSet=migration/vault-schema.changelog-init.xml::1511451595465-47::R3.Corda, databaseChangeLog=master.changelog.json}
?[m?[37m[INFO] 11:44:43,090 [Test worker] jvm.JdbcExecutor. - ALTER TABLE PUBLIC.vault_linear_states ADD CONSTRAINT vault_linear_states_pkey PRIMARY KEY (output_index, transaction_id) {changeSet=migration/vault-schema.changelog-init.xml::1511451595465-48::R3.Corda, databaseChangeLog=master.changelog.json}
?[m?[37m[INFO] 11:44:43,090 [Test worker] changelog.ChangeSet. - Primary key added to vault_linear_states (output_index, transaction_id) {changeSet=migration/vault-schema.changelog-init.xml::1511451595465-48::R3.Corda, databaseChangeLog=master.changelog.json}
?[m?[37m[INFO] 11:44:43,090 [Test worker] changelog.ChangeSet. - ChangeSet migration/vault-schema.changelog-init.xml::1511451595465-48::R3.Corda ran successfully in 0ms {changeSet=migration/vault-schema.changelog-init.xml::1511451595465-48::R3.Corda, databaseChangeLog=master.changelog.json}
?[m?[37m[INFO] 11:44:43,090 [Test worker] jvm.JdbcExecutor. - INSERT INTO PUBLIC.DATABASECHANGELOG (ID, AUTHOR, FILENAME, DATEEXECUTED, ORDEREXECUTED, MD5SUM, DESCRIPTION, COMMENTS, EXECTYPE, CONTEXTS, LABELS, LIQUIBASE, DEPLOYMENT_ID) VALUES ('1511451595465-48', 'R3.Corda', 'migration/vault-schema.changelog-init.xml', NOW(), 9, '8:3695c44ddebef2dde359dec253a5969a', 'addPrimaryKey constraintName=vault_linear_states_pkey, tableName=vault_linear_states', '', 'EXECUTED', NULL, NULL, '3.6.3', '2067483061') {changeSet=migration/vault-schema.changelog-init.xml::1511451595465-48::R3.Corda, databaseChangeLog=master.changelog.json}
?[m?[37m[INFO] 11:44:43,090 [Test worker] jvm.JdbcExecutor. - ALTER TABLE PUBLIC.vault_states ADD CONSTRAINT vault_states_pkey PRIMARY KEY (output_index, transaction_id) {changeSet=migration/vault-schema.changelog-init.xml::1511451595465-49::R3.Corda, databaseChangeLog=master.changelog.json}
?[m?[37m[INFO] 11:44:43,090 [Test worker] changelog.ChangeSet. - Primary key added to vault_states (output_index, transaction_id) {changeSet=migration/vault-schema.changelog-init.xml::1511451595465-49::R3.Corda, databaseChangeLog=master.changelog.json}
?[m?[37m[INFO] 11:44:43,091 [Test worker] changelog.ChangeSet. - ChangeSet migration/vault-schema.changelog-init.xml::1511451595465-49::R3.Corda ran successfully in 0ms {changeSet=migration/vault-schema.changelog-init.xml::1511451595465-49::R3.Corda, databaseChangeLog=master.changelog.json}
?[m?[37m[INFO] 11:44:43,091 [Test worker] jvm.JdbcExecutor. - INSERT INTO PUBLIC.DATABASECHANGELOG (ID, AUTHOR, FILENAME, DATEEXECUTED, ORDEREXECUTED, MD5SUM, DESCRIPTION, COMMENTS, EXECTYPE, CONTEXTS, LABELS, LIQUIBASE, DEPLOYMENT_ID) VALUES ('1511451595465-49', 'R3.Corda', 'migration/vault-schema.changelog-init.xml', NOW(), 10, '8:5d21dc3c09051ea30475250d25178892', 'addPrimaryKey constraintName=vault_states_pkey, tableName=vault_states', '', 'EXECUTED', NULL, NULL, '3.6.3', '2067483061') {changeSet=migration/vault-schema.changelog-init.xml::1511451595465-49::R3.Corda, databaseChangeLog=master.changelog.json}
?[m?[37m[INFO] 11:44:43,091 [Test worker] jvm.JdbcExecutor. - ALTER TABLE PUBLIC.vault_transaction_notes ADD CONSTRAINT vault_transaction_notes_pkey PRIMARY KEY (seq_no) {changeSet=migration/vault-schema.changelog-init.xml::1511451595465-50::R3.Corda, databaseChangeLog=master.changelog.json}
?[m?[37m[INFO] 11:44:43,091 [Test worker] changelog.ChangeSet. - Primary key added to vault_transaction_notes (seq_no) {changeSet=migration/vault-schema.changelog-init.xml::1511451595465-50::R3.Corda, databaseChangeLog=master.changelog.json}
?[m?[37m[INFO] 11:44:43,091 [Test worker] changelog.ChangeSet. - ChangeSet migration/vault-schema.changelog-init.xml::1511451595465-50::R3.Corda ran successfully in 0ms {changeSet=migration/vault-schema.changelog-init.xml::1511451595465-50::R3.Corda, databaseChangeLog=master.changelog.json}
?[m?[37m[INFO] 11:44:43,092 [Test worker] jvm.JdbcExecutor. - INSERT INTO PUBLIC.DATABASECHANGELOG (ID, AUTHOR, FILENAME, DATEEXECUTED, ORDEREXECUTED, MD5SUM, DESCRIPTION, COMMENTS, EXECTYPE, CONTEXTS, LABELS, LIQUIBASE, DEPLOYMENT_ID) VALUES ('1511451595465-50', 'R3.Corda', 'migration/vault-schema.changelog-init.xml', NOW(), 11, '8:2bf545e5d7593a3456708426c3686ebb', 'addPrimaryKey constraintName=vault_transaction_notes_pkey, tableName=vault_transaction_notes', '', 'EXECUTED', NULL, NULL, '3.6.3', '2067483061') {changeSet=migration/vault-schema.changelog-init.xml::1511451595465-50::R3.Corda, databaseChangeLog=master.changelog.json}
?[m?[37m[INFO] 11:44:43,093 [Test worker] jvm.JdbcExecutor. - CREATE INDEX PUBLIC.external_id_index ON PUBLIC.vault_linear_states(external_id) {changeSet=migration/vault-schema.changelog-init.xml::1511451595465-53::R3.Corda, databaseChangeLog=master.changelog.json}
?[m?[37m[INFO] 11:44:43,093 [Test worker] changelog.ChangeSet. - Index external_id_index created {changeSet=migration/vault-schema.changelog-init.xml::1511451595465-53::R3.Corda, databaseChangeLog=master.changelog.json}
?[m?[37m[INFO] 11:44:43,093 [Test worker] changelog.ChangeSet. - ChangeSet migration/vault-schema.changelog-init.xml::1511451595465-53::R3.Corda ran successfully in 1ms {changeSet=migration/vault-schema.changelog-init.xml::1511451595465-53::R3.Corda, databaseChangeLog=master.changelog.json}
?[m?[37m[INFO] 11:44:43,094 [Test worker] jvm.JdbcExecutor. - INSERT INTO PUBLIC.DATABASECHANGELOG (ID, AUTHOR, FILENAME, DATEEXECUTED, ORDEREXECUTED, MD5SUM, DESCRIPTION, COMMENTS, EXECTYPE, CONTEXTS, LABELS, LIQUIBASE, DEPLOYMENT_ID) VALUES ('1511451595465-53', 'R3.Corda', 'migration/vault-schema.changelog-init.xml', NOW(), 12, '8:b1272090dcd2325b0382f829ce13a1ff', 'createIndex indexName=external_id_index, tableName=vault_linear_states', '', 'EXECUTED', NULL, NULL, '3.6.3', '2067483061') {changeSet=migration/vault-schema.changelog-init.xml::1511451595465-53::R3.Corda, databaseChangeLog=master.changelog.json}
?[m?[37m[INFO] 11:44:43,095 [Test worker] jvm.JdbcExecutor. - CREATE INDEX PUBLIC.lock_id_idx ON PUBLIC.vault_states(lock_id, state_status) {changeSet=migration/vault-schema.changelog-init.xml::1511451595465-55::R3.Corda, databaseChangeLog=master.changelog.json}
?[m?[37m[INFO] 11:44:43,095 [Test worker] changelog.ChangeSet. - Index lock_id_idx created {changeSet=migration/vault-schema.changelog-init.xml::1511451595465-55::R3.Corda, databaseChangeLog=master.changelog.json}
?[m?[37m[INFO] 11:44:43,095 [Test worker] changelog.ChangeSet. - ChangeSet migration/vault-schema.changelog-init.xml::1511451595465-55::R3.Corda ran successfully in 1ms {changeSet=migration/vault-schema.changelog-init.xml::1511451595465-55::R3.Corda, databaseChangeLog=master.changelog.json}
?[m?[37m[INFO] 11:44:43,096 [Test worker] jvm.JdbcExecutor. - INSERT INTO PUBLIC.DATABASECHANGELOG (ID, AUTHOR, FILENAME, DATEEXECUTED, ORDEREXECUTED, MD5SUM, DESCRIPTION, COMMENTS, EXECTYPE, CONTEXTS, LABELS, LIQUIBASE, DEPLOYMENT_ID) VALUES ('1511451595465-55', 'R3.Corda', 'migration/vault-schema.changelog-init.xml', NOW(), 13, '8:0b77fbedaccc2eed4b8efd6fddf6581b', 'createIndex indexName=lock_id_idx, tableName=vault_states', '', 'EXECUTED', NULL, NULL, '3.6.3', '2067483061') {changeSet=migration/vault-schema.changelog-init.xml::1511451595465-55::R3.Corda, databaseChangeLog=master.changelog.json}
?[m?[37m[INFO] 11:44:43,097 [Test worker] jvm.JdbcExecutor. - CREATE INDEX PUBLIC.state_status_idx ON PUBLIC.vault_states(state_status) {changeSet=migration/vault-schema.changelog-init.xml::1511451595465-58::R3.Corda, databaseChangeLog=master.changelog.json}
?[m?[37m[INFO] 11:44:43,097 [Test worker] changelog.ChangeSet. - Index state_status_idx created {changeSet=migration/vault-schema.changelog-init.xml::1511451595465-58::R3.Corda, databaseChangeLog=master.changelog.json}
?[m?[37m[INFO] 11:44:43,097 [Test worker] changelog.ChangeSet. - ChangeSet migration/vault-schema.changelog-init.xml::1511451595465-58::R3.Corda ran successfully in 1ms {changeSet=migration/vault-schema.changelog-init.xml::1511451595465-58::R3.Corda, databaseChangeLog=master.changelog.json}
?[m?[37m[INFO] 11:44:43,097 [Test worker] jvm.JdbcExecutor. - INSERT INTO PUBLIC.DATABASECHANGELOG (ID, AUTHOR, FILENAME, DATEEXECUTED, ORDEREXECUTED, MD5SUM, DESCRIPTION, COMMENTS, EXECTYPE, CONTEXTS, LABELS, LIQUIBASE, DEPLOYMENT_ID) VALUES ('1511451595465-58', 'R3.Corda', 'migration/vault-schema.changelog-init.xml', NOW(), 14, '8:7a1bbb20835907728df143e4cc1bfc04', 'createIndex indexName=state_status_idx, tableName=vault_states', '', 'EXECUTED', NULL, NULL, '3.6.3', '2067483061') {changeSet=migration/vault-schema.changelog-init.xml::1511451595465-58::R3.Corda, databaseChangeLog=master.changelog.json}
?[m?[37m[INFO] 11:44:43,098 [Test worker] jvm.JdbcExecutor. - CREATE INDEX PUBLIC.transaction_id_index ON PUBLIC.vault_transaction_notes(transaction_id) {changeSet=migration/vault-schema.changelog-init.xml::1511451595465-59::R3.Corda, databaseChangeLog=master.changelog.json}
?[m?[37m[INFO] 11:44:43,098 [Test worker] changelog.ChangeSet. - Index transaction_id_index created {changeSet=migration/vault-schema.changelog-init.xml::1511451595465-59::R3.Corda, databaseChangeLog=master.changelog.json}
?[m?[37m[INFO] 11:44:43,098 [Test worker] changelog.ChangeSet. - ChangeSet migration/vault-schema.changelog-init.xml::1511451595465-59::R3.Corda ran successfully in 1ms {changeSet=migration/vault-schema.changelog-init.xml::1511451595465-59::R3.Corda, databaseChangeLog=master.changelog.json}
?[m?[37m[INFO] 11:44:43,098 [Test worker] jvm.JdbcExecutor. - INSERT INTO PUBLIC.DATABASECHANGELOG (ID, AUTHOR, FILENAME, DATEEXECUTED, ORDEREXECUTED, MD5SUM, DESCRIPTION, COMMENTS, EXECTYPE, CONTEXTS, LABELS, LIQUIBASE, DEPLOYMENT_ID) VALUES ('1511451595465-59', 'R3.Corda', 'migration/vault-schema.changelog-init.xml', NOW(), 15, '8:2bfe64cedfc8120dc219d42dc19d49f6', 'createIndex indexName=transaction_id_index, tableName=vault_transaction_notes', '', 'EXECUTED', NULL, NULL, '3.6.3', '2067483061') {changeSet=migration/vault-schema.changelog-init.xml::1511451595465-59::R3.Corda, databaseChangeLog=master.changelog.json}
?[m?[37m[INFO] 11:44:43,098 [Test worker] jvm.JdbcExecutor. - CREATE INDEX PUBLIC.uuid_index ON PUBLIC.vault_linear_states(uuid) {changeSet=migration/vault-schema.changelog-init.xml::1511451595465-60::R3.Corda, databaseChangeLog=master.changelog.json}
?[m?[37m[INFO] 11:44:43,098 [Test worker] changelog.ChangeSet. - Index uuid_index created {changeSet=migration/vault-schema.changelog-init.xml::1511451595465-60::R3.Corda, databaseChangeLog=master.changelog.json}
?[m?[37m[INFO] 11:44:43,098 [Test worker] changelog.ChangeSet. - ChangeSet migration/vault-schema.changelog-init.xml::1511451595465-60::R3.Corda ran successfully in 0ms {changeSet=migration/vault-schema.changelog-init.xml::1511451595465-60::R3.Corda, databaseChangeLog=master.changelog.json}
?[m?[37m[INFO] 11:44:43,099 [Test worker] jvm.JdbcExecutor. - INSERT INTO PUBLIC.DATABASECHANGELOG (ID, AUTHOR, FILENAME, DATEEXECUTED, ORDEREXECUTED, MD5SUM, DESCRIPTION, COMMENTS, EXECTYPE, CONTEXTS, LABELS, LIQUIBASE, DEPLOYMENT_ID) VALUES ('1511451595465-60', 'R3.Corda', 'migration/vault-schema.changelog-init.xml', NOW(), 16, '8:4cffb289ce33d922274cc829175a2a55', 'createIndex indexName=uuid_index, tableName=vault_linear_states', '', 'EXECUTED', NULL, NULL, '3.6.3', '2067483061') {changeSet=migration/vault-schema.changelog-init.xml::1511451595465-60::R3.Corda, databaseChangeLog=master.changelog.json}
?[m?[37m[INFO] 11:44:43,100 [Test worker] jvm.JdbcExecutor. - ALTER TABLE PUBLIC.vault_fungible_states_parts ADD CONSTRAINT FK__fung_st_parts__fung_st FOREIGN KEY (output_index, transaction_id) REFERENCES PUBLIC.vault_fungible_states (output_index, transaction_id) {changeSet=migration/vault-schema.changelog-init.xml::1511451595465-64::R3.Corda, databaseChangeLog=master.changelog.json}
?[m?[37m[INFO] 11:44:43,100 [Test worker] changelog.ChangeSet. - Foreign key constraint added to vault_fungible_states_parts (output_index,transaction_id) {changeSet=migration/vault-schema.changelog-init.xml::1511451595465-64::R3.Corda, databaseChangeLog=master.changelog.json}
?[m?[37m[INFO] 11:44:43,100 [Test worker] changelog.ChangeSet. - ChangeSet migration/vault-schema.changelog-init.xml::1511451595465-64::R3.Corda ran successfully in 1ms {changeSet=migration/vault-schema.changelog-init.xml::1511451595465-64::R3.Corda, databaseChangeLog=master.changelog.json}
?[m?[37m[INFO] 11:44:43,102 [Test worker] jvm.JdbcExecutor. - INSERT INTO PUBLIC.DATABASECHANGELOG (ID, AUTHOR, FILENAME, DATEEXECUTED, ORDEREXECUTED, MD5SUM, DESCRIPTION, COMMENTS, EXECTYPE, CONTEXTS, LABELS, LIQUIBASE, DEPLOYMENT_ID) VALUES ('1511451595465-64', 'R3.Corda', 'migration/vault-schema.changelog-init.xml', NOW(), 17, '8:1bde72346badbbe52e74b189ce1d079c', 'addForeignKeyConstraint baseTableName=vault_fungible_states_parts, constraintName=FK__fung_st_parts__fung_st, referencedTableName=vault_fungible_states', '', 'EXECUTED', NULL, NULL, '3.6.3', '2067483061') {changeSet=migration/vault-schema.changelog-init.xml::1511451595465-64::R3.Corda, databaseChangeLog=master.changelog.json}
?[m?[37m[INFO] 11:44:43,102 [Test worker] jvm.JdbcExecutor. - ALTER TABLE PUBLIC.vault_linear_states_parts ADD CONSTRAINT FK__lin_stat_parts__lin_stat FOREIGN KEY (output_index, transaction_id) REFERENCES PUBLIC.vault_linear_states (output_index, transaction_id) {changeSet=migration/vault-schema.changelog-init.xml::1511451595465-65::R3.Corda, databaseChangeLog=master.changelog.json}
?[m?[37m[INFO] 11:44:43,103 [Test worker] changelog.ChangeSet. - Foreign key constraint added to vault_linear_states_parts (output_index,transaction_id) {changeSet=migration/vault-schema.changelog-init.xml::1511451595465-65::R3.Corda, databaseChangeLog=master.changelog.json}
?[m?[37m[INFO] 11:44:43,103 [Test worker] changelog.ChangeSet. - ChangeSet migration/vault-schema.changelog-init.xml::1511451595465-65::R3.Corda ran successfully in 1ms {changeSet=migration/vault-schema.changelog-init.xml::1511451595465-65::R3.Corda, databaseChangeLog=master.changelog.json}
?[m?[37m[INFO] 11:44:43,103 [Test worker] jvm.JdbcExecutor. - INSERT INTO PUBLIC.DATABASECHANGELOG (ID, AUTHOR, FILENAME, DATEEXECUTED, ORDEREXECUTED, MD5SUM, DESCRIPTION, COMMENTS, EXECTYPE, CONTEXTS, LABELS, LIQUIBASE, DEPLOYMENT_ID) VALUES ('1511451595465-65', 'R3.Corda', 'migration/vault-schema.changelog-init.xml', NOW(), 18, '8:9a5d0106c45f631cb60a3e2f9542d2c2', 'addForeignKeyConstraint baseTableName=vault_linear_states_parts, constraintName=FK__lin_stat_parts__lin_stat, referencedTableName=vault_linear_states', '', 'EXECUTED', NULL, NULL, '3.6.3', '2067483061') {changeSet=migration/vault-schema.changelog-init.xml::1511451595465-65::R3.Corda, databaseChangeLog=master.changelog.json}
?[m?[37m[INFO] 11:44:43,103 [Test worker] jvm.JdbcExecutor. - DELETE FROM PUBLIC.vault_fungible_states_parts {changeSet=migration/vault-schema.changelog-v3.xml::clean_vault::R3.Corda, databaseChangeLog=master.changelog.json}
?[m?[37m[INFO] 11:44:43,103 [Test worker] changelog.ChangeSet. - Data deleted from vault_fungible_states_parts {changeSet=migration/vault-schema.changelog-v3.xml::clean_vault::R3.Corda, databaseChangeLog=master.changelog.json}
?[m?[37m[INFO] 11:44:43,103 [Test worker] jvm.JdbcExecutor. - DELETE FROM PUBLIC.vault_fungible_states {changeSet=migration/vault-schema.changelog-v3.xml::clean_vault::R3.Corda, databaseChangeLog=master.changelog.json}
?[m?[37m[INFO] 11:44:43,104 [Test worker] changelog.ChangeSet. - Data deleted from vault_fungible_states {changeSet=migration/vault-schema.changelog-v3.xml::clean_vault::R3.Corda, databaseChangeLog=master.changelog.json}
?[m?[37m[INFO] 11:44:43,104 [Test worker] jvm.JdbcExecutor. - DELETE FROM PUBLIC.vault_linear_states_parts {changeSet=migration/vault-schema.changelog-v3.xml::clean_vault::R3.Corda, databaseChangeLog=master.changelog.json}
?[m?[37m[INFO] 11:44:43,104 [Test worker] changelog.ChangeSet. - Data deleted from vault_linear_states_parts {changeSet=migration/vault-schema.changelog-v3.xml::clean_vault::R3.Corda, databaseChangeLog=master.changelog.json}
?[m?[37m[INFO] 11:44:43,104 [Test worker] jvm.JdbcExecutor. - DELETE FROM PUBLIC.vault_linear_states {changeSet=migration/vault-schema.changelog-v3.xml::clean_vault::R3.Corda, databaseChangeLog=master.changelog.json}
?[m?[37m[INFO] 11:44:43,104 [Test worker] changelog.ChangeSet. - Data deleted from vault_linear_states {changeSet=migration/vault-schema.changelog-v3.xml::clean_vault::R3.Corda, databaseChangeLog=master.changelog.json}
?[m?[37m[INFO] 11:44:43,104 [Test worker] jvm.JdbcExecutor. - DELETE FROM PUBLIC.vault_states {changeSet=migration/vault-schema.changelog-v3.xml::clean_vault::R3.Corda, databaseChangeLog=master.changelog.json}
?[m?[37m[INFO] 11:44:43,104 [Test worker] changelog.ChangeSet. - Data deleted from vault_states {changeSet=migration/vault-schema.changelog-v3.xml::clean_vault::R3.Corda, databaseChangeLog=master.changelog.json}
?[m?[37m[INFO] 11:44:43,104 [Test worker] jvm.JdbcExecutor. - DELETE FROM PUBLIC.vault_transaction_notes {changeSet=migration/vault-schema.changelog-v3.xml::clean_vault::R3.Corda, databaseChangeLog=master.changelog.json}
?[m?[37m[INFO] 11:44:43,104 [Test worker] changelog.ChangeSet. - Data deleted from vault_transaction_notes {changeSet=migration/vault-schema.changelog-v3.xml::clean_vault::R3.Corda, databaseChangeLog=master.changelog.json}
?[m?[37m[INFO] 11:44:43,104 [Test worker] changelog.ChangeSet. - ChangeSet migration/vault-schema.changelog-v3.xml::clean_vault::R3.Corda ran successfully in 1ms {changeSet=migration/vault-schema.changelog-v3.xml::clean_vault::R3.Corda, databaseChangeLog=master.changelog.json}
?[m?[37m[INFO] 11:44:43,104 [Test worker] jvm.JdbcExecutor. - INSERT INTO PUBLIC.DATABASECHANGELOG (ID, AUTHOR, FILENAME, DATEEXECUTED, ORDEREXECUTED, MD5SUM, DESCRIPTION, COMMENTS, EXECTYPE, CONTEXTS, LABELS, LIQUIBASE, DEPLOYMENT_ID) VALUES ('clean_vault', 'R3.Corda', 'migration/vault-schema.changelog-v3.xml', NOW(), 19, '8:0701d37bf9b322ada2323cea6db9393c', 'delete tableName=vault_fungible_states_parts; delete tableName=vault_fungible_states; delete tableName=vault_linear_states_parts; delete tableName=vault_linear_states; delete tableName=vault_states; delete tableName=vault_transaction_notes', '', 'EXECUTED', NULL, NULL, '3.6.3', '2067483061') {changeSet=migration/vault-schema.changelog-v3.xml::clean_vault::R3.Corda, databaseChangeLog=master.changelog.json}
?[m?[37m[INFO] 11:44:43,105 [Test worker] jvm.JdbcExecutor. - ALTER TABLE PUBLIC.vault_fungible_states ALTER COLUMN quantity SET NOT NULL {changeSet=migration/vault-schema.changelog-v4.xml::nullability::R3.Corda, databaseChangeLog=master.changelog.json}
?[m?[37m[INFO] 11:44:43,105 [Test worker] changelog.ChangeSet. - NOT NULL constraint has been added to vault_fungible_states.quantity {changeSet=migration/vault-schema.changelog-v4.xml::nullability::R3.Corda, databaseChangeLog=master.changelog.json}
?[m?[37m[INFO] 11:44:43,105 [Test worker] jvm.JdbcExecutor. - ALTER TABLE PUBLIC.vault_states ALTER COLUMN contract_state_class_name SET NOT NULL {changeSet=migration/vault-schema.changelog-v4.xml::nullability::R3.Corda, databaseChangeLog=master.changelog.json}
?[m?[37m[INFO] 11:44:43,105 [Test worker] changelog.ChangeSet. - NOT NULL constraint has been added to vault_states.contract_state_class_name {changeSet=migration/vault-schema.changelog-v4.xml::nullability::R3.Corda, databaseChangeLog=master.changelog.json}
?[m?[37m[INFO] 11:44:43,105 [Test worker] jvm.JdbcExecutor. - ALTER TABLE PUBLIC.vault_states ALTER COLUMN notary_name SET NOT NULL {changeSet=migration/vault-schema.changelog-v4.xml::nullability::R3.Corda, databaseChangeLog=master.changelog.json}
?[m?[37m[INFO] 11:44:43,106 [Test worker] changelog.ChangeSet. - NOT NULL constraint has been added to vault_states.notary_name {changeSet=migration/vault-schema.changelog-v4.xml::nullability::R3.Corda, databaseChangeLog=master.changelog.json}
?[m?[37m[INFO] 11:44:43,106 [Test worker] jvm.JdbcExecutor. - ALTER TABLE PUBLIC.vault_states ALTER COLUMN recorded_timestamp SET NOT NULL {changeSet=migration/vault-schema.changelog-v4.xml::nullability::R3.Corda, databaseChangeLog=master.changelog.json}
?[m?[37m[INFO] 11:44:43,106 [Test worker] changelog.ChangeSet. - NOT NULL constraint has been added to vault_states.recorded_timestamp {changeSet=migration/vault-schema.changelog-v4.xml::nullability::R3.Corda, databaseChangeLog=master.changelog.json}
?[m?[37m[INFO] 11:44:43,106 [Test worker] jvm.JdbcExecutor. - DROP INDEX PUBLIC.state_status_idx {changeSet=migration/vault-schema.changelog-v4.xml::nullability::R3.Corda, databaseChangeLog=master.changelog.json}
?[m?[37m[INFO] 11:44:43,106 [Test worker] changelog.ChangeSet. - Index state_status_idx dropped from table vault_states {changeSet=migration/vault-schema.changelog-v4.xml::nullability::R3.Corda, databaseChangeLog=master.changelog.json}
?[m?[37m[INFO] 11:44:43,106 [Test worker] jvm.JdbcExecutor. - DROP INDEX PUBLIC.lock_id_idx {changeSet=migration/vault-schema.changelog-v4.xml::nullability::R3.Corda, databaseChangeLog=master.changelog.json}
?[m?[37m[INFO] 11:44:43,106 [Test worker] changelog.ChangeSet. - Index lock_id_idx dropped from table vault_states {changeSet=migration/vault-schema.changelog-v4.xml::nullability::R3.Corda, databaseChangeLog=master.changelog.json}
?[m?[37m[INFO] 11:44:43,106 [Test worker] jvm.JdbcExecutor. - ALTER TABLE PUBLIC.vault_states ALTER COLUMN state_status SET NOT NULL {changeSet=migration/vault-schema.changelog-v4.xml::nullability::R3.Corda, databaseChangeLog=master.changelog.json}
?[m?[37m[INFO] 11:44:43,106 [Test worker] changelog.ChangeSet. - NOT NULL constraint has been added to vault_states.state_status {changeSet=migration/vault-schema.changelog-v4.xml::nullability::R3.Corda, databaseChangeLog=master.changelog.json}
?[m?[37m[INFO] 11:44:43,106 [Test worker] jvm.JdbcExecutor. - CREATE INDEX PUBLIC.state_status_idx ON PUBLIC.vault_states(state_status) {changeSet=migration/vault-schema.changelog-v4.xml::nullability::R3.Corda, databaseChangeLog=master.changelog.json}
?[m?[37m[INFO] 11:44:43,106 [Test worker] changelog.ChangeSet. - Index state_status_idx created {changeSet=migration/vault-schema.changelog-v4.xml::nullability::R3.Corda, databaseChangeLog=master.changelog.json}
?[m?[37m[INFO] 11:44:43,106 [Test worker] jvm.JdbcExecutor. - CREATE INDEX PUBLIC.lock_id_idx ON PUBLIC.vault_states(lock_id, state_status) {changeSet=migration/vault-schema.changelog-v4.xml::nullability::R3.Corda, databaseChangeLog=master.changelog.json}
?[m?[37m[INFO] 11:44:43,107 [Test worker] changelog.ChangeSet. - Index lock_id_idx created {changeSet=migration/vault-schema.changelog-v4.xml::nullability::R3.Corda, databaseChangeLog=master.changelog.json}
?[m?[37m[INFO] 11:44:43,107 [Test worker] jvm.JdbcExecutor. - DROP INDEX PUBLIC.transaction_id_index {changeSet=migration/vault-schema.changelog-v4.xml::nullability::R3.Corda, databaseChangeLog=master.changelog.json}
?[m?[37m[INFO] 11:44:43,107 [Test worker] changelog.ChangeSet. - Index transaction_id_index dropped from table vault_transaction_notes {changeSet=migration/vault-schema.changelog-v4.xml::nullability::R3.Corda, databaseChangeLog=master.changelog.json}
?[m?[37m[INFO] 11:44:43,107 [Test worker] jvm.JdbcExecutor. - ALTER TABLE PUBLIC.vault_transaction_notes ALTER COLUMN note SET NOT NULL {changeSet=migration/vault-schema.changelog-v4.xml::nullability::R3.Corda, databaseChangeLog=master.changelog.json}
?[m?[37m[INFO] 11:44:43,107 [Test worker] changelog.ChangeSet. - NOT NULL constraint has been added to vault_transaction_notes.note {changeSet=migration/vault-schema.changelog-v4.xml::nullability::R3.Corda, databaseChangeLog=master.changelog.json}
?[m?[37m[INFO] 11:44:43,108 [Test worker] jvm.JdbcExecutor. - ALTER TABLE PUBLIC.vault_transaction_notes ALTER COLUMN transaction_id SET NOT NULL {changeSet=migration/vault-schema.changelog-v4.xml::nullability::R3.Corda, databaseChangeLog=master.changelog.json}
?[m?[37m[INFO] 11:44:43,108 [Test worker] changelog.ChangeSet. - NOT NULL constraint has been added to vault_transaction_notes.transaction_id {changeSet=migration/vault-schema.changelog-v4.xml::nullability::R3.Corda, databaseChangeLog=master.changelog.json}
?[m?[37m[INFO] 11:44:43,108 [Test worker] jvm.JdbcExecutor. - CREATE INDEX PUBLIC.transaction_id_index ON PUBLIC.vault_transaction_notes(transaction_id) {changeSet=migration/vault-schema.changelog-v4.xml::nullability::R3.Corda, databaseChangeLog=master.changelog.json}
?[m?[37m[INFO] 11:44:43,108 [Test worker] changelog.ChangeSet. - Index transaction_id_index created {changeSet=migration/vault-schema.changelog-v4.xml::nullability::R3.Corda, databaseChangeLog=master.changelog.json}
?[m?[37m[INFO] 11:44:43,108 [Test worker] changelog.ChangeSet. - ChangeSet migration/vault-schema.changelog-v4.xml::nullability::R3.Corda ran successfully in 3ms {changeSet=migration/vault-schema.changelog-v4.xml::nullability::R3.Corda, databaseChangeLog=master.changelog.json}
?[m?[37m[INFO] 11:44:43,109 [Test worker] jvm.JdbcExecutor. - INSERT INTO PUBLIC.DATABASECHANGELOG (ID, AUTHOR, FILENAME, DATEEXECUTED, ORDEREXECUTED, MD5SUM, DESCRIPTION, COMMENTS, EXECTYPE, CONTEXTS, LABELS, LIQUIBASE, DEPLOYMENT_ID) VALUES ('nullability', 'R3.Corda', 'migration/vault-schema.changelog-v4.xml', NOW(), 20, '8:853fd1e24b974ff22712322ebb2860bf', 'addNotNullConstraint columnName=quantity, tableName=vault_fungible_states; addNotNullConstraint columnName=contract_state_class_name, tableName=vault_states; addNotNullConstraint columnName=notary_name, tableName=vault_states; addNotNullConstraint...', '', 'EXECUTED', NULL, NULL, '3.6.3', '2067483061') {changeSet=migration/vault-schema.changelog-v4.xml::nullability::R3.Corda, databaseChangeLog=master.changelog.json}
?[m?[37m[INFO] 11:44:43,111 [Test worker] jvm.JdbcExecutor. - INSERT INTO PUBLIC.DATABASECHANGELOG (ID, AUTHOR, FILENAME, DATEEXECUTED, ORDEREXECUTED, MD5SUM, DESCRIPTION, COMMENTS, EXECTYPE, CONTEXTS, LABELS, LIQUIBASE, DEPLOYMENT_ID) VALUES ('non-clustered_pk-11', 'R3.Corda', 'migration/vault-schema.changelog-pkey.xml', NOW(), 21, '8:7fca5375330f0b3b62de65b84274dd6e', 'dropForeignKeyConstraint baseTableName=vault_fungible_states_parts, constraintName=FK__fung_st_parts__fung_st; dropPrimaryKey constraintName=vault_fungible_states_pkey, tableName=vault_fungible_states; addPrimaryKey constraintName=vault_fungible_s...', '', 'MARK_RAN', NULL, NULL, '3.6.3', '2067483061') {changeSet=migration/vault-schema.changelog-pkey.xml::non-clustered_pk-11::R3.Corda, databaseChangeLog=master.changelog.json}
?[m?[37m[INFO] 11:44:43,112 [Test worker] jvm.JdbcExecutor. - INSERT INTO PUBLIC.DATABASECHANGELOG (ID, AUTHOR, FILENAME, DATEEXECUTED, ORDEREXECUTED, MD5SUM, DESCRIPTION, COMMENTS, EXECTYPE, CONTEXTS, LABELS, LIQUIBASE, DEPLOYMENT_ID) VALUES ('non-clustered_pk-12', 'R3.Corda', 'migration/vault-schema.changelog-pkey.xml', NOW(), 22, '8:8469058af292b08d108fcf1b3eb8fca4', 'dropForeignKeyConstraint baseTableName=vault_linear_states_parts, constraintName=FK__lin_stat_parts__lin_stat; dropPrimaryKey constraintName=vault_linear_states_pkey, tableName=vault_linear_states; addPrimaryKey constraintName=vault_linear_states_...', '', 'MARK_RAN', NULL, NULL, '3.6.3', '2067483061') {changeSet=migration/vault-schema.changelog-pkey.xml::non-clustered_pk-12::R3.Corda, databaseChangeLog=master.changelog.json}
?[m?[37m[INFO] 11:44:43,113 [Test worker] jvm.JdbcExecutor. - INSERT INTO PUBLIC.DATABASECHANGELOG (ID, AUTHOR, FILENAME, DATEEXECUTED, ORDEREXECUTED, MD5SUM, DESCRIPTION, COMMENTS, EXECTYPE, CONTEXTS, LABELS, LIQUIBASE, DEPLOYMENT_ID) VALUES ('non-clustered_pk-13', 'R3.Corda', 'migration/vault-schema.changelog-pkey.xml', NOW(), 23, '8:e0ccce8941c28a45870d60f5bf54cd50', 'dropPrimaryKey constraintName=vault_states_pkey, tableName=vault_states; addPrimaryKey constraintName=vault_states_pkey, tableName=vault_states', '', 'MARK_RAN', NULL, NULL, '3.6.3', '2067483061') {changeSet=migration/vault-schema.changelog-pkey.xml::non-clustered_pk-13::R3.Corda, databaseChangeLog=master.changelog.json}
?[m?[37m[INFO] 11:44:43,114 [Test worker] jvm.JdbcExecutor. - ALTER TABLE PUBLIC.vault_states ADD relevancy_status INT {changeSet=migration/vault-schema.changelog-v5.xml::add_relevancy_status_column::R3.Corda, databaseChangeLog=master.changelog.json}
?[m?[37m[INFO] 11:44:43,116 [Test worker] changelog.ChangeSet. - Columns relevancy_status(INT) added to vault_states {changeSet=migration/vault-schema.changelog-v5.xml::add_relevancy_status_column::R3.Corda, databaseChangeLog=master.changelog.json}
?[m?[37m[INFO] 11:44:43,116 [Test worker] jvm.JdbcExecutor. - UPDATE PUBLIC.vault_states SET relevancy_status = 0 {changeSet=migration/vault-schema.changelog-v5.xml::add_relevancy_status_column::R3.Corda, databaseChangeLog=master.changelog.json}
?[m?[37m[INFO] 11:44:43,116 [Test worker] changelog.ChangeSet. - Data updated in vault_states {changeSet=migration/vault-schema.changelog-v5.xml::add_relevancy_status_column::R3.Corda, databaseChangeLog=master.changelog.json}
?[m?[37m[INFO] 11:44:43,116 [Test worker] jvm.JdbcExecutor. - ALTER TABLE PUBLIC.vault_states ALTER COLUMN relevancy_status SET NOT NULL {changeSet=migration/vault-schema.changelog-v5.xml::add_relevancy_status_column::R3.Corda, databaseChangeLog=master.changelog.json}
?[m?[37m[INFO] 11:44:43,116 [Test worker] changelog.ChangeSet. - NOT NULL constraint has been added to vault_states.relevancy_status {changeSet=migration/vault-schema.changelog-v5.xml::add_relevancy_status_column::R3.Corda, databaseChangeLog=master.changelog.json}
?[m?[37m[INFO] 11:44:43,116 [Test worker] changelog.ChangeSet. - ChangeSet migration/vault-schema.changelog-v5.xml::add_relevancy_status_column::R3.Corda ran successfully in 3ms {changeSet=migration/vault-schema.changelog-v5.xml::add_relevancy_status_column::R3.Corda, databaseChangeLog=master.changelog.json}
?[m?[37m[INFO] 11:44:43,118 [Test worker] jvm.JdbcExecutor. - INSERT INTO PUBLIC.DATABASECHANGELOG (ID, AUTHOR, FILENAME, DATEEXECUTED, ORDEREXECUTED, MD5SUM, DESCRIPTION, COMMENTS, EXECTYPE, CONTEXTS, LABELS, LIQUIBASE, DEPLOYMENT_ID) VALUES ('add_relevancy_status_column', 'R3.Corda', 'migration/vault-schema.changelog-v5.xml', NOW(), 24, '8:93c5dcaf00387d4d643def4355a54b56', 'addColumn tableName=vault_states; update tableName=vault_states; addNotNullConstraint columnName=relevancy_status, tableName=vault_states', '', 'EXECUTED', NULL, NULL, '3.6.3', '2067483061') {changeSet=migration/vault-schema.changelog-v5.xml::add_relevancy_status_column::R3.Corda, databaseChangeLog=master.changelog.json}
?[m?[37m[INFO] 11:44:43,118 [Test worker] jvm.JdbcExecutor. - ALTER TABLE PUBLIC.vault_states ADD constraint_type INT DEFAULT '0' NOT NULL {changeSet=migration/vault-schema.changelog-v6.xml::add_is_constraint_information_columns::R3.Corda, databaseChangeLog=master.changelog.json}
?[m?[37m[INFO] 11:44:43,119 [Test worker] changelog.ChangeSet. - Columns constraint_type(INT) added to vault_states {changeSet=migration/vault-schema.changelog-v6.xml::add_is_constraint_information_columns::R3.Corda, databaseChangeLog=master.changelog.json}
?[m?[37m[INFO] 11:44:43,119 [Test worker] jvm.JdbcExecutor. - ALTER TABLE PUBLIC.vault_states ADD constraint_data VARBINARY(563) {changeSet=migration/vault-schema.changelog-v6.xml::add_is_constraint_information_columns::R3.Corda, databaseChangeLog=master.changelog.json}
?[m?[37m[INFO] 11:44:43,120 [Test worker] changelog.ChangeSet. - Columns constraint_data(varbinary(563)) added to vault_states {changeSet=migration/vault-schema.changelog-v6.xml::add_is_constraint_information_columns::R3.Corda, databaseChangeLog=master.changelog.json}
?[m?[37m[INFO] 11:44:43,120 [Test worker] changelog.ChangeSet. - ChangeSet migration/vault-schema.changelog-v6.xml::add_is_constraint_information_columns::R3.Corda ran successfully in 2ms {changeSet=migration/vault-schema.changelog-v6.xml::add_is_constraint_information_columns::R3.Corda, databaseChangeLog=master.changelog.json}
?[m?[37m[INFO] 11:44:43,121 [Test worker] jvm.JdbcExecutor. - INSERT INTO PUBLIC.DATABASECHANGELOG (ID, AUTHOR, FILENAME, DATEEXECUTED, ORDEREXECUTED, MD5SUM, DESCRIPTION, COMMENTS, EXECTYPE, CONTEXTS, LABELS, LIQUIBASE, DEPLOYMENT_ID) VALUES ('add_is_constraint_information_columns', 'R3.Corda', 'migration/vault-schema.changelog-v6.xml', NOW(), 25, '8:acf60bd84f648e157d402de8f8e22f3a', 'addColumn tableName=vault_states; addColumn tableName=vault_states', '', 'EXECUTED', NULL, NULL, '3.6.3', '2067483061') {changeSet=migration/vault-schema.changelog-v6.xml::add_is_constraint_information_columns::R3.Corda, databaseChangeLog=master.changelog.json}
?[m?[37m[INFO] 11:44:43,122 [Test worker] jvm.JdbcExecutor. - ALTER TABLE PUBLIC.vault_fungible_states ALTER COLUMN issuer_ref SET NULL {changeSet=migration/vault-schema.changelog-v7.xml::make_issuer_ref_nullable::R3.Corda, databaseChangeLog=master.changelog.json}
?[m?[37m[INFO] 11:44:43,122 [Test worker] changelog.ChangeSet. - Null constraint dropped from vault_fungible_states.issuer_ref {changeSet=migration/vault-schema.changelog-v7.xml::make_issuer_ref_nullable::R3.Corda, databaseChangeLog=master.changelog.json}
?[m?[37m[INFO] 11:44:43,122 [Test worker] changelog.ChangeSet. - ChangeSet migration/vault-schema.changelog-v7.xml::make_issuer_ref_nullable::R3.Corda ran successfully in 1ms {changeSet=migration/vault-schema.changelog-v7.xml::make_issuer_ref_nullable::R3.Corda, databaseChangeLog=master.changelog.json}
?[m?[37m[INFO] 11:44:43,123 [Test worker] jvm.JdbcExecutor. - INSERT INTO PUBLIC.DATABASECHANGELOG (ID, AUTHOR, FILENAME, DATEEXECUTED, ORDEREXECUTED, MD5SUM, DESCRIPTION, COMMENTS, EXECTYPE, CONTEXTS, LABELS, LIQUIBASE, DEPLOYMENT_ID) VALUES ('make_issuer_ref_nullable', 'R3.Corda', 'migration/vault-schema.changelog-v7.xml', NOW(), 26, '8:58039722b4808e90a7711d3c82e5fc95', 'dropNotNullConstraint columnName=issuer_ref, tableName=vault_fungible_states', '', 'EXECUTED', NULL, NULL, '3.6.3', '2067483061') {changeSet=migration/vault-schema.changelog-v7.xml::make_issuer_ref_nullable::R3.Corda, databaseChangeLog=master.changelog.json}
?[m?[37m[INFO] 11:44:43,123 [Test worker] jvm.JdbcExecutor. - CREATE TABLE PUBLIC.state_party (output_index INT, transaction_id NVARCHAR(64), public_key_hash NVARCHAR(255) NOT NULL, x500_name NVARCHAR(255)) {changeSet=migration/vault-schema.changelog-v8.xml::create-external-id-to-state-party-view::R3.Corda, databaseChangeLog=master.changelog.json}
?[m?[37m[INFO] 11:44:43,124 [Test worker] changelog.ChangeSet. - Table state_party created {changeSet=migration/vault-schema.changelog-v8.xml::create-external-id-to-state-party-view::R3.Corda, databaseChangeLog=master.changelog.json}
?[m?[37m[INFO] 11:44:43,124 [Test worker] jvm.JdbcExecutor. - CREATE INDEX PUBLIC.state_pk_hash_idx ON PUBLIC.state_party(public_key_hash) {changeSet=migration/vault-schema.changelog-v8.xml::create-external-id-to-state-party-view::R3.Corda, databaseChangeLog=master.changelog.json}
?[m?[37m[INFO] 11:44:43,124 [Test worker] changelog.ChangeSet. - Index state_pk_hash_idx created {changeSet=migration/vault-schema.changelog-v8.xml::create-external-id-to-state-party-view::R3.Corda, databaseChangeLog=master.changelog.json}
?[m?[37m[INFO] 11:44:43,124 [Test worker] jvm.JdbcExecutor. - CREATE TABLE PUBLIC.pk_hash_to_ext_id_map (id BIGINT NOT NULL, external_id VARCHAR(255) NOT NULL, public_key_hash NVARCHAR(255) NOT NULL) {changeSet=migration/vault-schema.changelog-v8.xml::create-external-id-to-state-party-view::R3.Corda, databaseChangeLog=master.changelog.json}
?[m?[37m[INFO] 11:44:43,124 [Test worker] changelog.ChangeSet. - Table pk_hash_to_ext_id_map created {changeSet=migration/vault-schema.changelog-v8.xml::create-external-id-to-state-party-view::R3.Corda, databaseChangeLog=master.changelog.json}
?[m?[37m[INFO] 11:44:43,124 [Test worker] jvm.JdbcExecutor. - CREATE INDEX PUBLIC.pk_hash_to_xid_idx ON PUBLIC.pk_hash_to_ext_id_map(public_key_hash) {changeSet=migration/vault-schema.changelog-v8.xml::create-external-id-to-state-party-view::R3.Corda, databaseChangeLog=master.changelog.json}
?[m?[37m[INFO] 11:44:43,125 [Test worker] changelog.ChangeSet. - Index pk_hash_to_xid_idx created {changeSet=migration/vault-schema.changelog-v8.xml::create-external-id-to-state-party-view::R3.Corda, databaseChangeLog=master.changelog.json}
?[m?[37m[INFO] 11:44:43,126 [Test worker] jvm.JdbcExecutor. - CREATE VIEW PUBLIC.v_pkey_hash_ex_id_map AS select
                state_party.public_key_hash,
                state_party.transaction_id,
                state_party.output_index,
                pk_hash_to_ext_id_map.external_id
            from state_party
            join pk_hash_to_ext_id_map
            on state_party.public_key_hash = pk_hash_to_ext_id_map.public_key_hash {changeSet=migration/vault-schema.changelog-v8.xml::create-external-id-to-state-party-view::R3.Corda, databaseChangeLog=master.changelog.json}
?[m?[37m[INFO] 11:44:43,126 [Test worker] changelog.ChangeSet. - View v_pkey_hash_ex_id_map created {changeSet=migration/vault-schema.changelog-v8.xml::create-external-id-to-state-party-view::R3.Corda, databaseChangeLog=master.changelog.json}
?[m?[37m[INFO] 11:44:43,126 [Test worker] changelog.ChangeSet. - ChangeSet migration/vault-schema.changelog-v8.xml::create-external-id-to-state-party-view::R3.Corda ran successfully in 3ms {changeSet=migration/vault-schema.changelog-v8.xml::create-external-id-to-state-party-view::R3.Corda, databaseChangeLog=master.changelog.json}
?[m?[37m[INFO] 11:44:43,127 [Test worker] jvm.JdbcExecutor. - INSERT INTO PUBLIC.DATABASECHANGELOG (ID, AUTHOR, FILENAME, DATEEXECUTED, ORDEREXECUTED, MD5SUM, DESCRIPTION, COMMENTS, EXECTYPE, CONTEXTS, LABELS, LIQUIBASE, DEPLOYMENT_ID) VALUES ('create-external-id-to-state-party-view', 'R3.Corda', 'migration/vault-schema.changelog-v8.xml', NOW(), 27, '8:9a5b20f7b7367bb3b86f600bccaa423b', 'createTable tableName=state_party; createIndex indexName=state_pk_hash_idx, tableName=state_party; createTable tableName=pk_hash_to_ext_id_map; createIndex indexName=pk_hash_to_xid_idx, tableName=pk_hash_to_ext_id_map; createView viewName=v_pkey_h...', '', 'EXECUTED', NULL, NULL, '3.6.3', '2067483061') {changeSet=migration/vault-schema.changelog-v8.xml::create-external-id-to-state-party-view::R3.Corda, databaseChangeLog=master.changelog.json}
?[m?[37m[INFO] 11:44:43,127 [Test worker] jvm.JdbcExecutor. - ALTER TABLE PUBLIC.vault_states ALTER COLUMN constraint_data VARBINARY(20000) {changeSet=migration/vault-schema.changelog-v11.xml::expand_constraint_data_size::R3.Corda, databaseChangeLog=master.changelog.json}
?[m?[37m[INFO] 11:44:43,128 [Test worker] changelog.ChangeSet. - vault_states.constraint_data datatype was changed to varbinary(20000) {changeSet=migration/vault-schema.changelog-v11.xml::expand_constraint_data_size::R3.Corda, databaseChangeLog=master.changelog.json}
?[m?[37m[INFO] 11:44:43,128 [Test worker] changelog.ChangeSet. - ChangeSet migration/vault-schema.changelog-v11.xml::expand_constraint_data_size::R3.Corda ran successfully in 1ms {changeSet=migration/vault-schema.changelog-v11.xml::expand_constraint_data_size::R3.Corda, databaseChangeLog=master.changelog.json}
?[m?[37m[INFO] 11:44:43,130 [Test worker] jvm.JdbcExecutor. - INSERT INTO PUBLIC.DATABASECHANGELOG (ID, AUTHOR, FILENAME, DATEEXECUTED, ORDEREXECUTED, MD5SUM, DESCRIPTION, COMMENTS, EXECTYPE, CONTEXTS, LABELS, LIQUIBASE, DEPLOYMENT_ID) VALUES ('expand_constraint_data_size', 'R3.Corda', 'migration/vault-schema.changelog-v11.xml', NOW(), 28, '8:0bd51f3d930d4b03d7b1075454bb2d70', 'modifyDataType columnName=constraint_data, tableName=vault_states', '', 'EXECUTED', NULL, NULL, '3.6.3', '2067483061') {changeSet=migration/vault-schema.changelog-v11.xml::expand_constraint_data_size::R3.Corda, databaseChangeLog=master.changelog.json}
?[m?[37m[INFO] 11:44:43,130 [Test worker] jvm.JdbcExecutor. - CREATE TABLE PUBLIC.node_link_nodeinfo_party (node_info_id INT NOT NULL, party_name NVARCHAR(255) NOT NULL) {changeSet=migration/node-info.changelog-init.xml::1511451595465-4::R3.Corda, databaseChangeLog=master.changelog.json}
?[m?[37m[INFO] 11:44:43,130 [Test worker] changelog.ChangeSet. - Table node_link_nodeinfo_party created {changeSet=migration/node-info.changelog-init.xml::1511451595465-4::R3.Corda, databaseChangeLog=master.changelog.json}
?[m?[37m[INFO] 11:44:43,131 [Test worker] changelog.ChangeSet. - ChangeSet migration/node-info.changelog-init.xml::1511451595465-4::R3.Corda ran successfully in 1ms {changeSet=migration/node-info.changelog-init.xml::1511451595465-4::R3.Corda, databaseChangeLog=master.changelog.json}
?[m?[37m[INFO] 11:44:43,132 [Test worker] jvm.JdbcExecutor. - INSERT INTO PUBLIC.DATABASECHANGELOG (ID, AUTHOR, FILENAME, DATEEXECUTED, ORDEREXECUTED, MD5SUM, DESCRIPTION, COMMENTS, EXECTYPE, CONTEXTS, LABELS, LIQUIBASE, DEPLOYMENT_ID) VALUES ('1511451595465-4', 'R3.Corda', 'migration/node-info.changelog-init.xml', NOW(), 29, '8:cbf3edf78266c3bd22738eaf20c7c111', 'createTable tableName=node_link_nodeinfo_party', '', 'EXECUTED', NULL, NULL, '3.6.3', '2067483061') {changeSet=migration/node-info.changelog-init.xml::1511451595465-4::R3.Corda, databaseChangeLog=master.changelog.json}
?[m?[37m[INFO] 11:44:43,133 [Test worker] jvm.JdbcExecutor. - CREATE TABLE PUBLIC.node_info_hosts (host NVARCHAR(255) NOT NULL, port INT NOT NULL, node_info_id INT) {changeSet=migration/node-info.changelog-init.xml::1511451595465-10::R3.Corda, databaseChangeLog=master.changelog.json}
?[m?[37m[INFO] 11:44:43,133 [Test worker] changelog.ChangeSet. - Table node_info_hosts created {changeSet=migration/node-info.changelog-init.xml::1511451595465-10::R3.Corda, databaseChangeLog=master.changelog.json}
?[m?[37m[INFO] 11:44:43,133 [Test worker] changelog.ChangeSet. - ChangeSet migration/node-info.changelog-init.xml::1511451595465-10::R3.Corda ran successfully in 1ms {changeSet=migration/node-info.changelog-init.xml::1511451595465-10::R3.Corda, databaseChangeLog=master.changelog.json}
?[m?[37m[INFO] 11:44:43,134 [Test worker] jvm.JdbcExecutor. - INSERT INTO PUBLIC.DATABASECHANGELOG (ID, AUTHOR, FILENAME, DATEEXECUTED, ORDEREXECUTED, MD5SUM, DESCRIPTION, COMMENTS, EXECTYPE, CONTEXTS, LABELS, LIQUIBASE, DEPLOYMENT_ID) VALUES ('1511451595465-10', 'R3.Corda', 'migration/node-info.changelog-init.xml', NOW(), 30, '8:f0b2c5a77ffde6aaa3c417095fc220a9', 'createTable tableName=node_info_hosts', '', 'EXECUTED', NULL, NULL, '3.6.3', '2067483061') {changeSet=migration/node-info.changelog-init.xml::1511451595465-10::R3.Corda, databaseChangeLog=master.changelog.json}
?[m?[37m[INFO] 11:44:43,135 [Test worker] jvm.JdbcExecutor. - CREATE TABLE PUBLIC.node_info_party_cert (party_name NVARCHAR(255) NOT NULL, ismain BOOLEAN NOT NULL, owning_key_hash NVARCHAR(130), party_cert_binary BLOB) {changeSet=migration/node-info.changelog-init.xml::1511451595465-11::R3.Corda, databaseChangeLog=master.changelog.json}
?[m?[37m[INFO] 11:44:43,135 [Test worker] changelog.ChangeSet. - Table node_info_party_cert created {changeSet=migration/node-info.changelog-init.xml::1511451595465-11::R3.Corda, databaseChangeLog=master.changelog.json}
?[m?[37m[INFO] 11:44:43,135 [Test worker] changelog.ChangeSet. - ChangeSet migration/node-info.changelog-init.xml::1511451595465-11::R3.Corda ran successfully in 1ms {changeSet=migration/node-info.changelog-init.xml::1511451595465-11::R3.Corda, databaseChangeLog=master.changelog.json}
?[m?[37m[INFO] 11:44:43,136 [Test worker] jvm.JdbcExecutor. - INSERT INTO PUBLIC.DATABASECHANGELOG (ID, AUTHOR, FILENAME, DATEEXECUTED, ORDEREXECUTED, MD5SUM, DESCRIPTION, COMMENTS, EXECTYPE, CONTEXTS, LABELS, LIQUIBASE, DEPLOYMENT_ID) VALUES ('1511451595465-11', 'R3.Corda', 'migration/node-info.changelog-init.xml', NOW(), 31, '8:5eacbf7ce0d85376219f1903b55f5e18', 'createTable tableName=node_info_party_cert', '', 'EXECUTED', NULL, NULL, '3.6.3', '2067483061') {changeSet=migration/node-info.changelog-init.xml::1511451595465-11::R3.Corda, databaseChangeLog=master.changelog.json}
?[m?[37m[INFO] 11:44:43,136 [Test worker] jvm.JdbcExecutor. - CREATE TABLE PUBLIC.node_infos (node_info_id INT NOT NULL, node_info_hash NVARCHAR(64), platform_version INT, serial BIGINT) {changeSet=migration/node-info.changelog-init.xml::1511451595465-12::R3.Corda, databaseChangeLog=master.changelog.json}
?[m?[37m[INFO] 11:44:43,136 [Test worker] changelog.ChangeSet. - Table node_infos created {changeSet=migration/node-info.changelog-init.xml::1511451595465-12::R3.Corda, databaseChangeLog=master.changelog.json}
?[m?[37m[INFO] 11:44:43,136 [Test worker] changelog.ChangeSet. - ChangeSet migration/node-info.changelog-init.xml::1511451595465-12::R3.Corda ran successfully in 0ms {changeSet=migration/node-info.changelog-init.xml::1511451595465-12::R3.Corda, databaseChangeLog=master.changelog.json}
?[m?[37m[INFO] 11:44:43,137 [Test worker] jvm.JdbcExecutor. - INSERT INTO PUBLIC.DATABASECHANGELOG (ID, AUTHOR, FILENAME, DATEEXECUTED, ORDEREXECUTED, MD5SUM, DESCRIPTION, COMMENTS, EXECTYPE, CONTEXTS, LABELS, LIQUIBASE, DEPLOYMENT_ID) VALUES ('1511451595465-12', 'R3.Corda', 'migration/node-info.changelog-init.xml', NOW(), 32, '8:7e30f20cf268860d637ecfb8635f45a3', 'createTable tableName=node_infos', '', 'EXECUTED', NULL, NULL, '3.6.3', '2067483061') {changeSet=migration/node-info.changelog-init.xml::1511451595465-12::R3.Corda, databaseChangeLog=master.changelog.json}
?[m?[37m[INFO] 11:44:43,137 [Test worker] jvm.JdbcExecutor. - ALTER TABLE PUBLIC.node_info_hosts ADD CONSTRAINT node_info_hosts_pkey PRIMARY KEY (host, port) {changeSet=migration/node-info.changelog-init.xml::1511451595465-35::R3.Corda, databaseChangeLog=master.changelog.json}
?[m?[37m[INFO] 11:44:43,137 [Test worker] changelog.ChangeSet. - Primary key added to node_info_hosts (host, port) {changeSet=migration/node-info.changelog-init.xml::1511451595465-35::R3.Corda, databaseChangeLog=master.changelog.json}
?[m?[37m[INFO] 11:44:43,137 [Test worker] changelog.ChangeSet. - ChangeSet migration/node-info.changelog-init.xml::1511451595465-35::R3.Corda ran successfully in 0ms {changeSet=migration/node-info.changelog-init.xml::1511451595465-35::R3.Corda, databaseChangeLog=master.changelog.json}
?[m?[37m[INFO] 11:44:43,138 [Test worker] jvm.JdbcExecutor. - INSERT INTO PUBLIC.DATABASECHANGELOG (ID, AUTHOR, FILENAME, DATEEXECUTED, ORDEREXECUTED, MD5SUM, DESCRIPTION, COMMENTS, EXECTYPE, CONTEXTS, LABELS, LIQUIBASE, DEPLOYMENT_ID) VALUES ('1511451595465-35', 'R3.Corda', 'migration/node-info.changelog-init.xml', NOW(), 33, '8:0d1a734e7350a8278808f540d992fedf', 'addPrimaryKey constraintName=node_info_hosts_pkey, tableName=node_info_hosts', '', 'EXECUTED', NULL, NULL, '3.6.3', '2067483061') {changeSet=migration/node-info.changelog-init.xml::1511451595465-35::R3.Corda, databaseChangeLog=master.changelog.json}
?[m?[37m[INFO] 11:44:43,139 [Test worker] jvm.JdbcExecutor. - ALTER TABLE PUBLIC.node_info_party_cert ADD CONSTRAINT node_info_party_cert_pkey PRIMARY KEY (party_name) {changeSet=migration/node-info.changelog-init.xml::1511451595465-36::R3.Corda, databaseChangeLog=master.changelog.json}
?[m?[37m[INFO] 11:44:43,139 [Test worker] changelog.ChangeSet. - Primary key added to node_info_party_cert (party_name) {changeSet=migration/node-info.changelog-init.xml::1511451595465-36::R3.Corda, databaseChangeLog=master.changelog.json}
?[m?[37m[INFO] 11:44:43,139 [Test worker] changelog.ChangeSet. - ChangeSet migration/node-info.changelog-init.xml::1511451595465-36::R3.Corda ran successfully in 0ms {changeSet=migration/node-info.changelog-init.xml::1511451595465-36::R3.Corda, databaseChangeLog=master.changelog.json}
?[m?[37m[INFO] 11:44:43,141 [Test worker] jvm.JdbcExecutor. - INSERT INTO PUBLIC.DATABASECHANGELOG (ID, AUTHOR, FILENAME, DATEEXECUTED, ORDEREXECUTED, MD5SUM, DESCRIPTION, COMMENTS, EXECTYPE, CONTEXTS, LABELS, LIQUIBASE, DEPLOYMENT_ID) VALUES ('1511451595465-36', 'R3.Corda', 'migration/node-info.changelog-init.xml', NOW(), 34, '8:dc78ba227ce869f406d2645c2064e8dc', 'addPrimaryKey constraintName=node_info_party_cert_pkey, tableName=node_info_party_cert', '', 'EXECUTED', NULL, NULL, '3.6.3', '2067483061') {changeSet=migration/node-info.changelog-init.xml::1511451595465-36::R3.Corda, databaseChangeLog=master.changelog.json}
?[m?[37m[INFO] 11:44:43,142 [Test worker] jvm.JdbcExecutor. - ALTER TABLE PUBLIC.node_infos ADD CONSTRAINT node_infos_pkey PRIMARY KEY (node_info_id) {changeSet=migration/node-info.changelog-init.xml::1511451595465-37::R3.Corda, databaseChangeLog=master.changelog.json}
?[m?[37m[INFO] 11:44:43,142 [Test worker] changelog.ChangeSet. - Primary key added to node_infos (node_info_id) {changeSet=migration/node-info.changelog-init.xml::1511451595465-37::R3.Corda, databaseChangeLog=master.changelog.json}
?[m?[37m[INFO] 11:44:43,142 [Test worker] changelog.ChangeSet. - ChangeSet migration/node-info.changelog-init.xml::1511451595465-37::R3.Corda ran successfully in 0ms {changeSet=migration/node-info.changelog-init.xml::1511451595465-37::R3.Corda, databaseChangeLog=master.changelog.json}
?[m?[37m[INFO] 11:44:43,143 [Test worker] jvm.JdbcExecutor. - INSERT INTO PUBLIC.DATABASECHANGELOG (ID, AUTHOR, FILENAME, DATEEXECUTED, ORDEREXECUTED, MD5SUM, DESCRIPTION, COMMENTS, EXECTYPE, CONTEXTS, LABELS, LIQUIBASE, DEPLOYMENT_ID) VALUES ('1511451595465-37', 'R3.Corda', 'migration/node-info.changelog-init.xml', NOW(), 35, '8:c07cbda2d04c6d77539ac802c66df023', 'addPrimaryKey constraintName=node_infos_pkey, tableName=node_infos', '', 'EXECUTED', NULL, NULL, '3.6.3', '2067483061') {changeSet=migration/node-info.changelog-init.xml::1511451595465-37::R3.Corda, databaseChangeLog=master.changelog.json}
?[m?[37m[INFO] 11:44:43,143 [Test worker] jvm.JdbcExecutor. - ALTER TABLE PUBLIC.node_link_nodeinfo_party ADD CONSTRAINT FK__link_nodeinfo_party__infos FOREIGN KEY (node_info_id) REFERENCES PUBLIC.node_infos (node_info_id) {changeSet=migration/node-info.changelog-init.xml::1511451595465-62::R3.Corda, databaseChangeLog=master.changelog.json}
?[m?[37m[INFO] 11:44:43,144 [Test worker] changelog.ChangeSet. - Foreign key constraint added to node_link_nodeinfo_party (node_info_id) {changeSet=migration/node-info.changelog-init.xml::1511451595465-62::R3.Corda, databaseChangeLog=master.changelog.json}
?[m?[37m[INFO] 11:44:43,144 [Test worker] changelog.ChangeSet. - ChangeSet migration/node-info.changelog-init.xml::1511451595465-62::R3.Corda ran successfully in 1ms {changeSet=migration/node-info.changelog-init.xml::1511451595465-62::R3.Corda, databaseChangeLog=master.changelog.json}
?[m?[37m[INFO] 11:44:43,144 [Test worker] jvm.JdbcExecutor. - INSERT INTO PUBLIC.DATABASECHANGELOG (ID, AUTHOR, FILENAME, DATEEXECUTED, ORDEREXECUTED, MD5SUM, DESCRIPTION, COMMENTS, EXECTYPE, CONTEXTS, LABELS, LIQUIBASE, DEPLOYMENT_ID) VALUES ('1511451595465-62', 'R3.Corda', 'migration/node-info.changelog-init.xml', NOW(), 36, '8:073bbdb8865055a19cde67340a2063e2', 'addForeignKeyConstraint baseTableName=node_link_nodeinfo_party, constraintName=FK__link_nodeinfo_party__infos, referencedTableName=node_infos', '', 'EXECUTED', NULL, NULL, '3.6.3', '2067483061') {changeSet=migration/node-info.changelog-init.xml::1511451595465-62::R3.Corda, databaseChangeLog=master.changelog.json}
?[m?[37m[INFO] 11:44:43,145 [Test worker] jvm.JdbcExecutor. - ALTER TABLE PUBLIC.node_info_hosts ADD CONSTRAINT FK__info_hosts__infos FOREIGN KEY (node_info_id) REFERENCES PUBLIC.node_infos (node_info_id) {changeSet=migration/node-info.changelog-init.xml::1511451595465-63::R3.Corda, databaseChangeLog=master.changelog.json}
?[m?[37m[INFO] 11:44:43,146 [Test worker] changelog.ChangeSet. - Foreign key constraint added to node_info_hosts (node_info_id) {changeSet=migration/node-info.changelog-init.xml::1511451595465-63::R3.Corda, databaseChangeLog=master.changelog.json}
?[m?[37m[INFO] 11:44:43,146 [Test worker] changelog.ChangeSet. - ChangeSet migration/node-info.changelog-init.xml::1511451595465-63::R3.Corda ran successfully in 1ms {changeSet=migration/node-info.changelog-init.xml::1511451595465-63::R3.Corda, databaseChangeLog=master.changelog.json}
?[m?[37m[INFO] 11:44:43,147 [Test worker] jvm.JdbcExecutor. - INSERT INTO PUBLIC.DATABASECHANGELOG (ID, AUTHOR, FILENAME, DATEEXECUTED, ORDEREXECUTED, MD5SUM, DESCRIPTION, COMMENTS, EXECTYPE, CONTEXTS, LABELS, LIQUIBASE, DEPLOYMENT_ID) VALUES ('1511451595465-63', 'R3.Corda', 'migration/node-info.changelog-init.xml', NOW(), 37, '8:fa5ee007de41334ad2ac991b32969076', 'addForeignKeyConstraint baseTableName=node_info_hosts, constraintName=FK__info_hosts__infos, referencedTableName=node_infos', '', 'EXECUTED', NULL, NULL, '3.6.3', '2067483061') {changeSet=migration/node-info.changelog-init.xml::1511451595465-63::R3.Corda, databaseChangeLog=master.changelog.json}
?[m?[37m[INFO] 11:44:43,148 [Test worker] jvm.JdbcExecutor. - DELETE FROM PUBLIC.node_infos {changeSet=migration/node-info.changelog-init.xml::remove_host_port_pk::R3.Corda, databaseChangeLog=master.changelog.json}
?[m?[37m[INFO] 11:44:43,148 [Test worker] changelog.ChangeSet. - Data deleted from node_infos {changeSet=migration/node-info.changelog-init.xml::remove_host_port_pk::R3.Corda, databaseChangeLog=master.changelog.json}
?[m?[37m[INFO] 11:44:43,148 [Test worker] jvm.JdbcExecutor. - DELETE FROM PUBLIC.node_link_nodeinfo_party {changeSet=migration/node-info.changelog-init.xml::remove_host_port_pk::R3.Corda, databaseChangeLog=master.changelog.json}
?[m?[37m[INFO] 11:44:43,149 [Test worker] changelog.ChangeSet. - Data deleted from node_link_nodeinfo_party {changeSet=migration/node-info.changelog-init.xml::remove_host_port_pk::R3.Corda, databaseChangeLog=master.changelog.json}
?[m?[37m[INFO] 11:44:43,149 [Test worker] jvm.JdbcExecutor. - DELETE FROM PUBLIC.node_info_hosts {changeSet=migration/node-info.changelog-init.xml::remove_host_port_pk::R3.Corda, databaseChangeLog=master.changelog.json}
?[m?[37m[INFO] 11:44:43,149 [Test worker] changelog.ChangeSet. - Data deleted from node_info_hosts {changeSet=migration/node-info.changelog-init.xml::remove_host_port_pk::R3.Corda, databaseChangeLog=master.changelog.json}
?[m?[37m[INFO] 11:44:43,149 [Test worker] jvm.JdbcExecutor. - DELETE FROM PUBLIC.node_info_party_cert {changeSet=migration/node-info.changelog-init.xml::remove_host_port_pk::R3.Corda, databaseChangeLog=master.changelog.json}
?[m?[37m[INFO] 11:44:43,149 [Test worker] changelog.ChangeSet. - Data deleted from node_info_party_cert {changeSet=migration/node-info.changelog-init.xml::remove_host_port_pk::R3.Corda, databaseChangeLog=master.changelog.json}
?[m?[37m[INFO] 11:44:43,149 [Test worker] jvm.JdbcExecutor. - ALTER TABLE PUBLIC.node_info_hosts DROP PRIMARY KEY {changeSet=migration/node-info.changelog-init.xml::remove_host_port_pk::R3.Corda, databaseChangeLog=master.changelog.json}
?[m?[37m[INFO] 11:44:43,149 [Test worker] changelog.ChangeSet. - Primary key dropped from node_info_hosts {changeSet=migration/node-info.changelog-init.xml::remove_host_port_pk::R3.Corda, databaseChangeLog=master.changelog.json}
?[m?[37m[INFO] 11:44:43,149 [Test worker] jvm.JdbcExecutor. - ALTER TABLE PUBLIC.node_info_hosts ADD hosts_id INT NOT NULL {changeSet=migration/node-info.changelog-init.xml::remove_host_port_pk::R3.Corda, databaseChangeLog=master.changelog.json}
?[m?[37m[INFO] 11:44:43,150 [Test worker] changelog.ChangeSet. - Columns hosts_id(INT) added to node_info_hosts {changeSet=migration/node-info.changelog-init.xml::remove_host_port_pk::R3.Corda, databaseChangeLog=master.changelog.json}
?[m?[37m[INFO] 11:44:43,150 [Test worker] jvm.JdbcExecutor. - ALTER TABLE PUBLIC.node_info_hosts ADD CONSTRAINT node_info_hosts_pkey_id PRIMARY KEY (hosts_id) {changeSet=migration/node-info.changelog-init.xml::remove_host_port_pk::R3.Corda, databaseChangeLog=master.changelog.json}
?[m?[37m[INFO] 11:44:43,150 [Test worker] changelog.ChangeSet. - Primary key added to node_info_hosts (hosts_id) {changeSet=migration/node-info.changelog-init.xml::remove_host_port_pk::R3.Corda, databaseChangeLog=master.changelog.json}
?[m?[37m[INFO] 11:44:43,151 [Test worker] changelog.ChangeSet. - ChangeSet migration/node-info.changelog-init.xml::remove_host_port_pk::R3.Corda ran successfully in 3ms {changeSet=migration/node-info.changelog-init.xml::remove_host_port_pk::R3.Corda, databaseChangeLog=master.changelog.json}
?[m?[37m[INFO] 11:44:43,152 [Test worker] jvm.JdbcExecutor. - INSERT INTO PUBLIC.DATABASECHANGELOG (ID, AUTHOR, FILENAME, DATEEXECUTED, ORDEREXECUTED, MD5SUM, DESCRIPTION, COMMENTS, EXECTYPE, CONTEXTS, LABELS, LIQUIBASE, DEPLOYMENT_ID) VALUES ('remove_host_port_pk', 'R3.Corda', 'migration/node-info.changelog-init.xml', NOW(), 38, '8:50fa65c10fd9bb3d89e0ad75d29a0e4d', 'delete tableName=node_infos; delete tableName=node_link_nodeinfo_party; delete tableName=node_info_hosts; delete tableName=node_info_party_cert; dropPrimaryKey constraintName=node_info_hosts_pkey, tableName=node_info_hosts; addColumn tableName=nod...', '', 'EXECUTED', NULL, NULL, '3.6.3', '2067483061') {changeSet=migration/node-info.changelog-init.xml::remove_host_port_pk::R3.Corda, databaseChangeLog=master.changelog.json}
?[m?[37m[INFO] 11:44:43,152 [Test worker] jvm.JdbcExecutor. - CREATE TABLE PUBLIC.node_properties (property_key NVARCHAR(255) NOT NULL, property_value NVARCHAR(255)) {changeSet=migration/node-info.changelog-v1.xml::key/value node properties table::R3.Corda, databaseChangeLog=master.changelog.json}
?[m?[37m[INFO] 11:44:43,153 [Test worker] changelog.ChangeSet. - Table node_properties created {changeSet=migration/node-info.changelog-v1.xml::key/value node properties table::R3.Corda, databaseChangeLog=master.changelog.json}
?[m?[37m[INFO] 11:44:43,153 [Test worker] changelog.ChangeSet. - ChangeSet migration/node-info.changelog-v1.xml::key/value node properties table::R3.Corda ran successfully in 1ms {changeSet=migration/node-info.changelog-v1.xml::key/value node properties table::R3.Corda, databaseChangeLog=master.changelog.json}
?[m?[37m[INFO] 11:44:43,153 [Test worker] jvm.JdbcExecutor. - INSERT INTO PUBLIC.DATABASECHANGELOG (ID, AUTHOR, FILENAME, DATEEXECUTED, ORDEREXECUTED, MD5SUM, DESCRIPTION, COMMENTS, EXECTYPE, CONTEXTS, LABELS, LIQUIBASE, DEPLOYMENT_ID) VALUES ('key/value node properties table', 'R3.Corda', 'migration/node-info.changelog-v1.xml', NOW(), 39, '8:39e4c897aa5e893e79a0434af2948a91', 'createTable tableName=node_properties', '', 'EXECUTED', NULL, NULL, '3.6.3', '2067483061') {changeSet=migration/node-info.changelog-v1.xml::key/value node properties table::R3.Corda, databaseChangeLog=master.changelog.json}
?[m?[37m[INFO] 11:44:43,153 [Test worker] jvm.JdbcExecutor. - ALTER TABLE PUBLIC.node_infos ALTER COLUMN node_info_hash SET NOT NULL {changeSet=migration/node-info.changelog-v2.xml::1525962920::R3.Corda, databaseChangeLog=master.changelog.json}
?[m?[37m[INFO] 11:44:43,154 [Test worker] changelog.ChangeSet. - NOT NULL constraint has been added to node_infos.node_info_hash {changeSet=migration/node-info.changelog-v2.xml::1525962920::R3.Corda, databaseChangeLog=master.changelog.json}
?[m?[37m[INFO] 11:44:43,154 [Test worker] jvm.JdbcExecutor. - ALTER TABLE PUBLIC.node_infos ALTER COLUMN platform_version SET NOT NULL {changeSet=migration/node-info.changelog-v2.xml::1525962920::R3.Corda, databaseChangeLog=master.changelog.json}
?[m?[37m[INFO] 11:44:43,154 [Test worker] changelog.ChangeSet. - NOT NULL constraint has been added to node_infos.platform_version {changeSet=migration/node-info.changelog-v2.xml::1525962920::R3.Corda, databaseChangeLog=master.changelog.json}
?[m?[37m[INFO] 11:44:43,154 [Test worker] jvm.JdbcExecutor. - ALTER TABLE PUBLIC.node_infos ALTER COLUMN serial SET NOT NULL {changeSet=migration/node-info.changelog-v2.xml::1525962920::R3.Corda, databaseChangeLog=master.changelog.json}
?[m?[37m[INFO] 11:44:43,154 [Test worker] changelog.ChangeSet. - NOT NULL constraint has been added to node_infos.serial {changeSet=migration/node-info.changelog-v2.xml::1525962920::R3.Corda, databaseChangeLog=master.changelog.json}
?[m?[37m[INFO] 11:44:43,154 [Test worker] jvm.JdbcExecutor. - ALTER TABLE PUBLIC.node_info_hosts ALTER COLUMN host SET NULL {changeSet=migration/node-info.changelog-v2.xml::1525962920::R3.Corda, databaseChangeLog=master.changelog.json}
?[m?[37m[INFO] 11:44:43,154 [Test worker] changelog.ChangeSet. - Null constraint dropped from node_info_hosts.host {changeSet=migration/node-info.changelog-v2.xml::1525962920::R3.Corda, databaseChangeLog=master.changelog.json}
?[m?[37m[INFO] 11:44:43,154 [Test worker] jvm.JdbcExecutor. - ALTER TABLE PUBLIC.node_info_hosts ALTER COLUMN port SET NULL {changeSet=migration/node-info.changelog-v2.xml::1525962920::R3.Corda, databaseChangeLog=master.changelog.json}
?[m?[37m[INFO] 11:44:43,154 [Test worker] changelog.ChangeSet. - Null constraint dropped from node_info_hosts.port {changeSet=migration/node-info.changelog-v2.xml::1525962920::R3.Corda, databaseChangeLog=master.changelog.json}
?[m?[37m[INFO] 11:44:43,154 [Test worker] jvm.JdbcExecutor. - ALTER TABLE PUBLIC.node_info_party_cert ALTER COLUMN owning_key_hash SET NOT NULL {changeSet=migration/node-info.changelog-v2.xml::1525962920::R3.Corda, databaseChangeLog=master.changelog.json}
?[m?[37m[INFO] 11:44:43,154 [Test worker] changelog.ChangeSet. - NOT NULL constraint has been added to node_info_party_cert.owning_key_hash {changeSet=migration/node-info.changelog-v2.xml::1525962920::R3.Corda, databaseChangeLog=master.changelog.json}
?[m?[37m[INFO] 11:44:43,154 [Test worker] jvm.JdbcExecutor. - ALTER TABLE PUBLIC.node_info_party_cert ALTER COLUMN party_cert_binary SET NOT NULL {changeSet=migration/node-info.changelog-v2.xml::1525962920::R3.Corda, databaseChangeLog=master.changelog.json}
?[m?[37m[INFO] 11:44:43,155 [Test worker] changelog.ChangeSet. - NOT NULL constraint has been added to node_info_party_cert.party_cert_binary {changeSet=migration/node-info.changelog-v2.xml::1525962920::R3.Corda, databaseChangeLog=master.changelog.json}
?[m?[37m[INFO] 11:44:43,155 [Test worker] changelog.ChangeSet. - ChangeSet migration/node-info.changelog-v2.xml::1525962920::R3.Corda ran successfully in 2ms {changeSet=migration/node-info.changelog-v2.xml::1525962920::R3.Corda, databaseChangeLog=master.changelog.json}
?[m?[37m[INFO] 11:44:43,156 [Test worker] jvm.JdbcExecutor. - INSERT INTO PUBLIC.DATABASECHANGELOG (ID, AUTHOR, FILENAME, DATEEXECUTED, ORDEREXECUTED, MD5SUM, DESCRIPTION, COMMENTS, EXECTYPE, CONTEXTS, LABELS, LIQUIBASE, DEPLOYMENT_ID) VALUES ('1525962920', 'R3.Corda', 'migration/node-info.changelog-v2.xml', NOW(), 40, '8:cc835e848ed6cc1f4b2a2e8e31fa92f1', 'addNotNullConstraint columnName=node_info_hash, tableName=node_infos; addNotNullConstraint columnName=platform_version, tableName=node_infos; addNotNullConstraint columnName=serial, tableName=node_infos; dropNotNullConstraint columnName=host, tabl...', '', 'EXECUTED', NULL, NULL, '3.6.3', '2067483061') {changeSet=migration/node-info.changelog-v2.xml::1525962920::R3.Corda, databaseChangeLog=master.changelog.json}
?[m?[37m[INFO] 11:44:43,157 [Test worker] jvm.JdbcExecutor. - ALTER TABLE PUBLIC.node_info_hosts ALTER COLUMN host RENAME TO host_name {changeSet=migration/node-info.changelog-v3.xml::column_host_name::R3.Corda, databaseChangeLog=master.changelog.json}
?[m?[37m[INFO] 11:44:43,157 [Test worker] changelog.ChangeSet. - Column node_info_hosts.host renamed to host_name {changeSet=migration/node-info.changelog-v3.xml::column_host_name::R3.Corda, databaseChangeLog=master.changelog.json}
?[m?[37m[INFO] 11:44:43,157 [Test worker] changelog.ChangeSet. - ChangeSet migration/node-info.changelog-v3.xml::column_host_name::R3.Corda ran successfully in 0ms {changeSet=migration/node-info.changelog-v3.xml::column_host_name::R3.Corda, databaseChangeLog=master.changelog.json}
?[m?[37m[INFO] 11:44:43,159 [Test worker] jvm.JdbcExecutor. - INSERT INTO PUBLIC.DATABASECHANGELOG (ID, AUTHOR, FILENAME, DATEEXECUTED, ORDEREXECUTED, MD5SUM, DESCRIPTION, COMMENTS, EXECTYPE, CONTEXTS, LABELS, LIQUIBASE, DEPLOYMENT_ID) VALUES ('column_host_name', 'R3.Corda', 'migration/node-info.changelog-v3.xml', NOW(), 41, '8:e5fb9380221a91515f45ee44c9c30053', 'renameColumn newColumnName=host_name, oldColumnName=host, tableName=node_info_hosts', '', 'EXECUTED', NULL, NULL, '3.6.3', '2067483061') {changeSet=migration/node-info.changelog-v3.xml::column_host_name::R3.Corda, databaseChangeLog=master.changelog.json}
?[m?[37m[INFO] 11:44:43,160 [Test worker] jvm.JdbcExecutor. - CREATE TABLE PUBLIC.node_attachments (att_id NVARCHAR(255) NOT NULL, content BLOB, filename NVARCHAR(255), insertion_date TIMESTAMP NOT NULL, uploader NVARCHAR(255)) {changeSet=migration/node-services.changelog-init.xml::1511451595465-5::R3.Corda, databaseChangeLog=master.changelog.json}
?[m?[37m[INFO] 11:44:43,160 [Test worker] changelog.ChangeSet. - Table node_attachments created {changeSet=migration/node-services.changelog-init.xml::1511451595465-5::R3.Corda, databaseChangeLog=master.changelog.json}
?[m?[37m[INFO] 11:44:43,160 [Test worker] changelog.ChangeSet. - ChangeSet migration/node-services.changelog-init.xml::1511451595465-5::R3.Corda ran successfully in 1ms {changeSet=migration/node-services.changelog-init.xml::1511451595465-5::R3.Corda, databaseChangeLog=master.changelog.json}
?[m?[37m[INFO] 11:44:43,161 [Test worker] jvm.JdbcExecutor. - INSERT INTO PUBLIC.DATABASECHANGELOG (ID, AUTHOR, FILENAME, DATEEXECUTED, ORDEREXECUTED, MD5SUM, DESCRIPTION, COMMENTS, EXECTYPE, CONTEXTS, LABELS, LIQUIBASE, DEPLOYMENT_ID) VALUES ('1511451595465-5', 'R3.Corda', 'migration/node-services.changelog-init.xml', NOW(), 42, '8:380e64788d9896c1166e4c22336d01e4', 'createTable tableName=node_attachments', '', 'EXECUTED', NULL, NULL, '3.6.3', '2067483061') {changeSet=migration/node-services.changelog-init.xml::1511451595465-5::R3.Corda, databaseChangeLog=master.changelog.json}
?[m?[37m[INFO] 11:44:43,162 [Test worker] jvm.JdbcExecutor. - CREATE TABLE PUBLIC.node_checkpoints (checkpoint_id NVARCHAR(64) NOT NULL, checkpoint_value BLOB) {changeSet=migration/node-services.changelog-init.xml::1511451595465-7::R3.Corda, databaseChangeLog=master.changelog.json}
?[m?[37m[INFO] 11:44:43,162 [Test worker] changelog.ChangeSet. - Table node_checkpoints created {changeSet=migration/node-services.changelog-init.xml::1511451595465-7::R3.Corda, databaseChangeLog=master.changelog.json}
?[m?[37m[INFO] 11:44:43,162 [Test worker] changelog.ChangeSet. - ChangeSet migration/node-services.changelog-init.xml::1511451595465-7::R3.Corda ran successfully in 0ms {changeSet=migration/node-services.changelog-init.xml::1511451595465-7::R3.Corda, databaseChangeLog=master.changelog.json}
?[m?[37m[INFO] 11:44:43,163 [Test worker] jvm.JdbcExecutor. - INSERT INTO PUBLIC.DATABASECHANGELOG (ID, AUTHOR, FILENAME, DATEEXECUTED, ORDEREXECUTED, MD5SUM, DESCRIPTION, COMMENTS, EXECTYPE, CONTEXTS, LABELS, LIQUIBASE, DEPLOYMENT_ID) VALUES ('1511451595465-7', 'R3.Corda', 'migration/node-services.changelog-init.xml', NOW(), 43, '8:8aefa1967ed80f8f98b69247c70c9f24', 'createTable tableName=node_checkpoints', '', 'EXECUTED', NULL, NULL, '3.6.3', '2067483061') {changeSet=migration/node-services.changelog-init.xml::1511451595465-7::R3.Corda, databaseChangeLog=master.changelog.json}
?[m?[37m[INFO] 11:44:43,163 [Test worker] jvm.JdbcExecutor. - CREATE TABLE PUBLIC.node_contract_upgrades (state_ref NVARCHAR(96) NOT NULL, contract_class_name NVARCHAR(255)) {changeSet=migration/node-services.changelog-init.xml::1511451595465-8::R3.Corda, databaseChangeLog=master.changelog.json}
?[m?[37m[INFO] 11:44:43,164 [Test worker] changelog.ChangeSet. - Table node_contract_upgrades created {changeSet=migration/node-services.changelog-init.xml::1511451595465-8::R3.Corda, databaseChangeLog=master.changelog.json}
?[m?[37m[INFO] 11:44:43,164 [Test worker] changelog.ChangeSet. - ChangeSet migration/node-services.changelog-init.xml::1511451595465-8::R3.Corda ran successfully in 1ms {changeSet=migration/node-services.changelog-init.xml::1511451595465-8::R3.Corda, databaseChangeLog=master.changelog.json}
?[m?[37m[INFO] 11:44:43,164 [Test worker] jvm.JdbcExecutor. - INSERT INTO PUBLIC.DATABASECHANGELOG (ID, AUTHOR, FILENAME, DATEEXECUTED, ORDEREXECUTED, MD5SUM, DESCRIPTION, COMMENTS, EXECTYPE, CONTEXTS, LABELS, LIQUIBASE, DEPLOYMENT_ID) VALUES ('1511451595465-8', 'R3.Corda', 'migration/node-services.changelog-init.xml', NOW(), 44, '8:6b06fe4c0ef085967f4dbd00dca08533', 'createTable tableName=node_contract_upgrades', '', 'EXECUTED', NULL, NULL, '3.6.3', '2067483061') {changeSet=migration/node-services.changelog-init.xml::1511451595465-8::R3.Corda, databaseChangeLog=master.changelog.json}
?[m?[37m[INFO] 11:44:43,165 [Test worker] jvm.JdbcExecutor. - CREATE TABLE PUBLIC.node_identities (pk_hash NVARCHAR(130) NOT NULL, identity_value BLOB) {changeSet=migration/node-services.changelog-init.xml::1511451595465-9::R3.Corda, databaseChangeLog=master.changelog.json}
?[m?[37m[INFO] 11:44:43,165 [Test worker] changelog.ChangeSet. - Table node_identities created {changeSet=migration/node-services.changelog-init.xml::1511451595465-9::R3.Corda, databaseChangeLog=master.changelog.json}
?[m?[37m[INFO] 11:44:43,165 [Test worker] changelog.ChangeSet. - ChangeSet migration/node-services.changelog-init.xml::1511451595465-9::R3.Corda ran successfully in 0ms {changeSet=migration/node-services.changelog-init.xml::1511451595465-9::R3.Corda, databaseChangeLog=master.changelog.json}
?[m?[37m[INFO] 11:44:43,166 [Test worker] jvm.JdbcExecutor. - INSERT INTO PUBLIC.DATABASECHANGELOG (ID, AUTHOR, FILENAME, DATEEXECUTED, ORDEREXECUTED, MD5SUM, DESCRIPTION, COMMENTS, EXECTYPE, CONTEXTS, LABELS, LIQUIBASE, DEPLOYMENT_ID) VALUES ('1511451595465-9', 'R3.Corda', 'migration/node-services.changelog-init.xml', NOW(), 45, '8:293963c9989772e272e1397c8ae9dfb1', 'createTable tableName=node_identities', '', 'EXECUTED', NULL, NULL, '3.6.3', '2067483061') {changeSet=migration/node-services.changelog-init.xml::1511451595465-9::R3.Corda, databaseChangeLog=master.changelog.json}
?[m?[37m[INFO] 11:44:43,168 [Test worker] jvm.JdbcExecutor. - CREATE TABLE PUBLIC.node_message_ids (message_id NVARCHAR(64) NOT NULL, insertion_time TIMESTAMP) {changeSet=migration/node-services.changelog-init.xml::1511451595465-13::R3.Corda, databaseChangeLog=master.changelog.json}
?[m?[37m[INFO] 11:44:43,168 [Test worker] changelog.ChangeSet. - Table node_message_ids created {changeSet=migration/node-services.changelog-init.xml::1511451595465-13::R3.Corda, databaseChangeLog=master.changelog.json}
?[m?[37m[INFO] 11:44:43,168 [Test worker] changelog.ChangeSet. - ChangeSet migration/node-services.changelog-init.xml::1511451595465-13::R3.Corda ran successfully in 1ms {changeSet=migration/node-services.changelog-init.xml::1511451595465-13::R3.Corda, databaseChangeLog=master.changelog.json}
?[m?[37m[INFO] 11:44:43,169 [Test worker] jvm.JdbcExecutor. - INSERT INTO PUBLIC.DATABASECHANGELOG (ID, AUTHOR, FILENAME, DATEEXECUTED, ORDEREXECUTED, MD5SUM, DESCRIPTION, COMMENTS, EXECTYPE, CONTEXTS, LABELS, LIQUIBASE, DEPLOYMENT_ID) VALUES ('1511451595465-13', 'R3.Corda', 'migration/node-services.changelog-init.xml', NOW(), 46, '8:421bb9432660d6cdf67a18c6f0acdeb4', 'createTable tableName=node_message_ids', '', 'EXECUTED', NULL, NULL, '3.6.3', '2067483061') {changeSet=migration/node-services.changelog-init.xml::1511451595465-13::R3.Corda, databaseChangeLog=master.changelog.json}
?[m?[37m[INFO] 11:44:43,169 [Test worker] jvm.JdbcExecutor. - CREATE TABLE PUBLIC.node_message_retry (message_id BIGINT NOT NULL, message BLOB, recipients BLOB) {changeSet=migration/node-services.changelog-init.xml::1511451595465-14::R3.Corda, databaseChangeLog=master.changelog.json}
?[m?[37m[INFO] 11:44:43,169 [Test worker] changelog.ChangeSet. - Table node_message_retry created {changeSet=migration/node-services.changelog-init.xml::1511451595465-14::R3.Corda, databaseChangeLog=master.changelog.json}
?[m?[37m[INFO] 11:44:43,169 [Test worker] changelog.ChangeSet. - ChangeSet migration/node-services.changelog-init.xml::1511451595465-14::R3.Corda ran successfully in 0ms {changeSet=migration/node-services.changelog-init.xml::1511451595465-14::R3.Corda, databaseChangeLog=master.changelog.json}
?[m?[37m[INFO] 11:44:43,170 [Test worker] jvm.JdbcExecutor. - INSERT INTO PUBLIC.DATABASECHANGELOG (ID, AUTHOR, FILENAME, DATEEXECUTED, ORDEREXECUTED, MD5SUM, DESCRIPTION, COMMENTS, EXECTYPE, CONTEXTS, LABELS, LIQUIBASE, DEPLOYMENT_ID) VALUES ('1511451595465-14', 'R3.Corda', 'migration/node-services.changelog-init.xml', NOW(), 47, '8:ba7acbbe63086c3c9fb627ea948864b2', 'createTable tableName=node_message_retry', '', 'EXECUTED', NULL, NULL, '3.6.3', '2067483061') {changeSet=migration/node-services.changelog-init.xml::1511451595465-14::R3.Corda, databaseChangeLog=master.changelog.json}
?[m?[37m[INFO] 11:44:43,171 [Test worker] jvm.JdbcExecutor. - CREATE TABLE PUBLIC.node_named_identities (name NVARCHAR(128) NOT NULL, pk_hash NVARCHAR(130)) {changeSet=migration/node-services.changelog-init.xml::1511451595465-15::R3.Corda, databaseChangeLog=master.changelog.json}
?[m?[37m[INFO] 11:44:43,171 [Test worker] changelog.ChangeSet. - Table node_named_identities created {changeSet=migration/node-services.changelog-init.xml::1511451595465-15::R3.Corda, databaseChangeLog=master.changelog.json}
?[m?[37m[INFO] 11:44:43,171 [Test worker] changelog.ChangeSet. - ChangeSet migration/node-services.changelog-init.xml::1511451595465-15::R3.Corda ran successfully in 1ms {changeSet=migration/node-services.changelog-init.xml::1511451595465-15::R3.Corda, databaseChangeLog=master.changelog.json}
?[m?[37m[INFO] 11:44:43,172 [Test worker] jvm.JdbcExecutor. - INSERT INTO PUBLIC.DATABASECHANGELOG (ID, AUTHOR, FILENAME, DATEEXECUTED, ORDEREXECUTED, MD5SUM, DESCRIPTION, COMMENTS, EXECTYPE, CONTEXTS, LABELS, LIQUIBASE, DEPLOYMENT_ID) VALUES ('1511451595465-15', 'R3.Corda', 'migration/node-services.changelog-init.xml', NOW(), 48, '8:bf6ca4e45e140b225f6f934935dd2f34', 'createTable tableName=node_named_identities', '', 'EXECUTED', NULL, NULL, '3.6.3', '2067483061') {changeSet=migration/node-services.changelog-init.xml::1511451595465-15::R3.Corda, databaseChangeLog=master.changelog.json}
?[m?[37m[INFO] 11:44:43,173 [Test worker] jvm.JdbcExecutor. - CREATE TABLE PUBLIC.node_our_key_pairs (public_key_hash NVARCHAR(130) NOT NULL, private_key BLOB, public_key BLOB) {changeSet=migration/node-services.changelog-init.xml::1511451595465-17::R3.Corda, databaseChangeLog=master.changelog.json}
?[m?[37m[INFO] 11:44:43,173 [Test worker] changelog.ChangeSet. - Table node_our_key_pairs created {changeSet=migration/node-services.changelog-init.xml::1511451595465-17::R3.Corda, databaseChangeLog=master.changelog.json}
?[m?[37m[INFO] 11:44:43,173 [Test worker] changelog.ChangeSet. - ChangeSet migration/node-services.changelog-init.xml::1511451595465-17::R3.Corda ran successfully in 1ms {changeSet=migration/node-services.changelog-init.xml::1511451595465-17::R3.Corda, databaseChangeLog=master.changelog.json}
?[m?[37m[INFO] 11:44:43,174 [Test worker] jvm.JdbcExecutor. - INSERT INTO PUBLIC.DATABASECHANGELOG (ID, AUTHOR, FILENAME, DATEEXECUTED, ORDEREXECUTED, MD5SUM, DESCRIPTION, COMMENTS, EXECTYPE, CONTEXTS, LABELS, LIQUIBASE, DEPLOYMENT_ID) VALUES ('1511451595465-17', 'R3.Corda', 'migration/node-services.changelog-init.xml', NOW(), 49, '8:e91eb86cb57176d4605d948f694d8441', 'createTable tableName=node_our_key_pairs', '', 'EXECUTED', NULL, NULL, '3.6.3', '2067483061') {changeSet=migration/node-services.changelog-init.xml::1511451595465-17::R3.Corda, databaseChangeLog=master.changelog.json}
?[m?[37m[INFO] 11:44:43,175 [Test worker] jvm.JdbcExecutor. - CREATE TABLE PUBLIC.node_scheduled_states (output_index INT NOT NULL, transaction_id NVARCHAR(64) NOT NULL, scheduled_at TIMESTAMP NOT NULL) {changeSet=migration/node-services.changelog-init.xml::1511451595465-19::R3.Corda, databaseChangeLog=master.changelog.json}
?[m?[37m[INFO] 11:44:43,175 [Test worker] changelog.ChangeSet. - Table node_scheduled_states created {changeSet=migration/node-services.changelog-init.xml::1511451595465-19::R3.Corda, databaseChangeLog=master.changelog.json}
?[m?[37m[INFO] 11:44:43,175 [Test worker] changelog.ChangeSet. - ChangeSet migration/node-services.changelog-init.xml::1511451595465-19::R3.Corda ran successfully in 0ms {changeSet=migration/node-services.changelog-init.xml::1511451595465-19::R3.Corda, databaseChangeLog=master.changelog.json}
?[m?[37m[INFO] 11:44:43,177 [Test worker] jvm.JdbcExecutor. - INSERT INTO PUBLIC.DATABASECHANGELOG (ID, AUTHOR, FILENAME, DATEEXECUTED, ORDEREXECUTED, MD5SUM, DESCRIPTION, COMMENTS, EXECTYPE, CONTEXTS, LABELS, LIQUIBASE, DEPLOYMENT_ID) VALUES ('1511451595465-19', 'R3.Corda', 'migration/node-services.changelog-init.xml', NOW(), 50, '8:55282f9fbfc1cb8f7583a90173e3ff4c', 'createTable tableName=node_scheduled_states', '', 'EXECUTED', NULL, NULL, '3.6.3', '2067483061') {changeSet=migration/node-services.changelog-init.xml::1511451595465-19::R3.Corda, databaseChangeLog=master.changelog.json}
?[m?[37m[INFO] 11:44:43,177 [Test worker] jvm.JdbcExecutor. - CREATE TABLE PUBLIC.node_transaction_mappings (tx_id NVARCHAR(64) NOT NULL, state_machine_run_id NVARCHAR(36)) {changeSet=migration/node-services.changelog-init.xml::1511451595465-20::R3.Corda, databaseChangeLog=master.changelog.json}
?[m?[37m[INFO] 11:44:43,177 [Test worker] changelog.ChangeSet. - Table node_transaction_mappings created {changeSet=migration/node-services.changelog-init.xml::1511451595465-20::R3.Corda, databaseChangeLog=master.changelog.json}
?[m?[37m[INFO] 11:44:43,177 [Test worker] changelog.ChangeSet. - ChangeSet migration/node-services.changelog-init.xml::1511451595465-20::R3.Corda ran successfully in 0ms {changeSet=migration/node-services.changelog-init.xml::1511451595465-20::R3.Corda, databaseChangeLog=master.changelog.json}
?[m?[37m[INFO] 11:44:43,178 [Test worker] jvm.JdbcExecutor. - INSERT INTO PUBLIC.DATABASECHANGELOG (ID, AUTHOR, FILENAME, DATEEXECUTED, ORDEREXECUTED, MD5SUM, DESCRIPTION, COMMENTS, EXECTYPE, CONTEXTS, LABELS, LIQUIBASE, DEPLOYMENT_ID) VALUES ('1511451595465-20', 'R3.Corda', 'migration/node-services.changelog-init.xml', NOW(), 51, '8:cc085b3d33f3d53b75c8866522653f98', 'createTable tableName=node_transaction_mappings', '', 'EXECUTED', NULL, NULL, '3.6.3', '2067483061') {changeSet=migration/node-services.changelog-init.xml::1511451595465-20::R3.Corda, databaseChangeLog=master.changelog.json}
?[m?[37m[INFO] 11:44:43,178 [Test worker] jvm.JdbcExecutor. - CREATE TABLE PUBLIC.node_transactions (tx_id NVARCHAR(64) NOT NULL, transaction_value BLOB) {changeSet=migration/node-services.changelog-init.xml::1511451595465-21::R3.Corda, databaseChangeLog=master.changelog.json}
?[m?[37m[INFO] 11:44:43,178 [Test worker] changelog.ChangeSet. - Table node_transactions created {changeSet=migration/node-services.changelog-init.xml::1511451595465-21::R3.Corda, databaseChangeLog=master.changelog.json}
?[m?[37m[INFO] 11:44:43,178 [Test worker] changelog.ChangeSet. - ChangeSet migration/node-services.changelog-init.xml::1511451595465-21::R3.Corda ran successfully in 0ms {changeSet=migration/node-services.changelog-init.xml::1511451595465-21::R3.Corda, databaseChangeLog=master.changelog.json}
?[m?[37m[INFO] 11:44:43,179 [Test worker] jvm.JdbcExecutor. - INSERT INTO PUBLIC.DATABASECHANGELOG (ID, AUTHOR, FILENAME, DATEEXECUTED, ORDEREXECUTED, MD5SUM, DESCRIPTION, COMMENTS, EXECTYPE, CONTEXTS, LABELS, LIQUIBASE, DEPLOYMENT_ID) VALUES ('1511451595465-21', 'R3.Corda', 'migration/node-services.changelog-init.xml', NOW(), 52, '8:69feb7582f3b77828510a56cb111cfd8', 'createTable tableName=node_transactions', '', 'EXECUTED', NULL, NULL, '3.6.3', '2067483061') {changeSet=migration/node-services.changelog-init.xml::1511451595465-21::R3.Corda, databaseChangeLog=master.changelog.json}
?[m?[37m[INFO] 11:44:43,179 [Test worker] jvm.JdbcExecutor. - ALTER TABLE PUBLIC.node_attachments ADD CONSTRAINT node_attachments_pkey PRIMARY KEY (att_id) {changeSet=migration/node-services.changelog-init.xml::1511451595465-30::R3.Corda, databaseChangeLog=master.changelog.json}
?[m?[37m[INFO] 11:44:43,179 [Test worker] changelog.ChangeSet. - Primary key added to node_attachments (att_id) {changeSet=migration/node-services.changelog-init.xml::1511451595465-30::R3.Corda, databaseChangeLog=master.changelog.json}
?[m?[37m[INFO] 11:44:43,179 [Test worker] changelog.ChangeSet. - ChangeSet migration/node-services.changelog-init.xml::1511451595465-30::R3.Corda ran successfully in 0ms {changeSet=migration/node-services.changelog-init.xml::1511451595465-30::R3.Corda, databaseChangeLog=master.changelog.json}
?[m?[37m[INFO] 11:44:43,180 [Test worker] jvm.JdbcExecutor. - INSERT INTO PUBLIC.DATABASECHANGELOG (ID, AUTHOR, FILENAME, DATEEXECUTED, ORDEREXECUTED, MD5SUM, DESCRIPTION, COMMENTS, EXECTYPE, CONTEXTS, LABELS, LIQUIBASE, DEPLOYMENT_ID) VALUES ('1511451595465-30', 'R3.Corda', 'migration/node-services.changelog-init.xml', NOW(), 53, '8:97c42d4eac368e79f47df345a072b237', 'addPrimaryKey constraintName=node_attachments_pkey, tableName=node_attachments', '', 'EXECUTED', NULL, NULL, '3.6.3', '2067483061') {changeSet=migration/node-services.changelog-init.xml::1511451595465-30::R3.Corda, databaseChangeLog=master.changelog.json}
?[m?[37m[INFO] 11:44:43,181 [Test worker] jvm.JdbcExecutor. - ALTER TABLE PUBLIC.node_checkpoints ADD CONSTRAINT node_checkpoints_pkey PRIMARY KEY (checkpoint_id) {changeSet=migration/node-services.changelog-init.xml::1511451595465-32::R3.Corda, databaseChangeLog=master.changelog.json}
?[m?[37m[INFO] 11:44:43,181 [Test worker] changelog.ChangeSet. - Primary key added to node_checkpoints (checkpoint_id) {changeSet=migration/node-services.changelog-init.xml::1511451595465-32::R3.Corda, databaseChangeLog=master.changelog.json}
?[m?[37m[INFO] 11:44:43,181 [Test worker] changelog.ChangeSet. - ChangeSet migration/node-services.changelog-init.xml::1511451595465-32::R3.Corda ran successfully in 0ms {changeSet=migration/node-services.changelog-init.xml::1511451595465-32::R3.Corda, databaseChangeLog=master.changelog.json}
?[m?[37m[INFO] 11:44:43,182 [Test worker] jvm.JdbcExecutor. - INSERT INTO PUBLIC.DATABASECHANGELOG (ID, AUTHOR, FILENAME, DATEEXECUTED, ORDEREXECUTED, MD5SUM, DESCRIPTION, COMMENTS, EXECTYPE, CONTEXTS, LABELS, LIQUIBASE, DEPLOYMENT_ID) VALUES ('1511451595465-32', 'R3.Corda', 'migration/node-services.changelog-init.xml', NOW(), 54, '8:7224c32660081d3e820e52e2b70b365f', 'addPrimaryKey constraintName=node_checkpoints_pkey, tableName=node_checkpoints', '', 'EXECUTED', NULL, NULL, '3.6.3', '2067483061') {changeSet=migration/node-services.changelog-init.xml::1511451595465-32::R3.Corda, databaseChangeLog=master.changelog.json}
?[m?[37m[INFO] 11:44:43,183 [Test worker] jvm.JdbcExecutor. - ALTER TABLE PUBLIC.node_contract_upgrades ADD CONSTRAINT node_contract_upgrades_pkey PRIMARY KEY (state_ref) {changeSet=migration/node-services.changelog-init.xml::1511451595465-33::R3.Corda, databaseChangeLog=master.changelog.json}
?[m?[37m[INFO] 11:44:43,183 [Test worker] changelog.ChangeSet. - Primary key added to node_contract_upgrades (state_ref) {changeSet=migration/node-services.changelog-init.xml::1511451595465-33::R3.Corda, databaseChangeLog=master.changelog.json}
?[m?[37m[INFO] 11:44:43,183 [Test worker] changelog.ChangeSet. - ChangeSet migration/node-services.changelog-init.xml::1511451595465-33::R3.Corda ran successfully in 0ms {changeSet=migration/node-services.changelog-init.xml::1511451595465-33::R3.Corda, databaseChangeLog=master.changelog.json}
?[m?[37m[INFO] 11:44:43,185 [Test worker] jvm.JdbcExecutor. - INSERT INTO PUBLIC.DATABASECHANGELOG (ID, AUTHOR, FILENAME, DATEEXECUTED, ORDEREXECUTED, MD5SUM, DESCRIPTION, COMMENTS, EXECTYPE, CONTEXTS, LABELS, LIQUIBASE, DEPLOYMENT_ID) VALUES ('1511451595465-33', 'R3.Corda', 'migration/node-services.changelog-init.xml', NOW(), 55, '8:85bcae037a29317065e3b922e0563902', 'addPrimaryKey constraintName=node_contract_upgrades_pkey, tableName=node_contract_upgrades', '', 'EXECUTED', NULL, NULL, '3.6.3', '2067483061') {changeSet=migration/node-services.changelog-init.xml::1511451595465-33::R3.Corda, databaseChangeLog=master.changelog.json}
?[m?[37m[INFO] 11:44:43,186 [Test worker] jvm.JdbcExecutor. - ALTER TABLE PUBLIC.node_identities ADD CONSTRAINT node_identities_pkey PRIMARY KEY (pk_hash) {changeSet=migration/node-services.changelog-init.xml::1511451595465-34::R3.Corda, databaseChangeLog=master.changelog.json}
?[m?[37m[INFO] 11:44:43,186 [Test worker] changelog.ChangeSet. - Primary key added to node_identities (pk_hash) {changeSet=migration/node-services.changelog-init.xml::1511451595465-34::R3.Corda, databaseChangeLog=master.changelog.json}
?[m?[37m[INFO] 11:44:43,186 [Test worker] changelog.ChangeSet. - ChangeSet migration/node-services.changelog-init.xml::1511451595465-34::R3.Corda ran successfully in 1ms {changeSet=migration/node-services.changelog-init.xml::1511451595465-34::R3.Corda, databaseChangeLog=master.changelog.json}
?[m?[37m[INFO] 11:44:43,187 [Test worker] jvm.JdbcExecutor. - INSERT INTO PUBLIC.DATABASECHANGELOG (ID, AUTHOR, FILENAME, DATEEXECUTED, ORDEREXECUTED, MD5SUM, DESCRIPTION, COMMENTS, EXECTYPE, CONTEXTS, LABELS, LIQUIBASE, DEPLOYMENT_ID) VALUES ('1511451595465-34', 'R3.Corda', 'migration/node-services.changelog-init.xml', NOW(), 56, '8:308ffe9985df3029fc05bd41c60010a9', 'addPrimaryKey constraintName=node_identities_pkey, tableName=node_identities', '', 'EXECUTED', NULL, NULL, '3.6.3', '2067483061') {changeSet=migration/node-services.changelog-init.xml::1511451595465-34::R3.Corda, databaseChangeLog=master.changelog.json}
?[m?[37m[INFO] 11:44:43,188 [Test worker] jvm.JdbcExecutor. - ALTER TABLE PUBLIC.node_message_ids ADD CONSTRAINT node_message_ids_pkey PRIMARY KEY (message_id) {changeSet=migration/node-services.changelog-init.xml::1511451595465-38::R3.Corda, databaseChangeLog=master.changelog.json}
?[m?[37m[INFO] 11:44:43,188 [Test worker] changelog.ChangeSet. - Primary key added to node_message_ids (message_id) {changeSet=migration/node-services.changelog-init.xml::1511451595465-38::R3.Corda, databaseChangeLog=master.changelog.json}
?[m?[37m[INFO] 11:44:43,188 [Test worker] changelog.ChangeSet. - ChangeSet migration/node-services.changelog-init.xml::1511451595465-38::R3.Corda ran successfully in 0ms {changeSet=migration/node-services.changelog-init.xml::1511451595465-38::R3.Corda, databaseChangeLog=master.changelog.json}
?[m?[37m[INFO] 11:44:43,189 [Test worker] jvm.JdbcExecutor. - INSERT INTO PUBLIC.DATABASECHANGELOG (ID, AUTHOR, FILENAME, DATEEXECUTED, ORDEREXECUTED, MD5SUM, DESCRIPTION, COMMENTS, EXECTYPE, CONTEXTS, LABELS, LIQUIBASE, DEPLOYMENT_ID) VALUES ('1511451595465-38', 'R3.Corda', 'migration/node-services.changelog-init.xml', NOW(), 57, '8:18b1b83ce2a778af1a8a8c9c56bb9651', 'addPrimaryKey constraintName=node_message_ids_pkey, tableName=node_message_ids', '', 'EXECUTED', NULL, NULL, '3.6.3', '2067483061') {changeSet=migration/node-services.changelog-init.xml::1511451595465-38::R3.Corda, databaseChangeLog=master.changelog.json}
?[m?[37m[INFO] 11:44:43,190 [Test worker] jvm.JdbcExecutor. - ALTER TABLE PUBLIC.node_message_retry ADD CONSTRAINT node_message_retry_pkey PRIMARY KEY (message_id) {changeSet=migration/node-services.changelog-init.xml::1511451595465-39::R3.Corda, databaseChangeLog=master.changelog.json}
?[m?[37m[INFO] 11:44:43,190 [Test worker] changelog.ChangeSet. - Primary key added to node_message_retry (message_id) {changeSet=migration/node-services.changelog-init.xml::1511451595465-39::R3.Corda, databaseChangeLog=master.changelog.json}
?[m?[37m[INFO] 11:44:43,191 [Test worker] changelog.ChangeSet. - ChangeSet migration/node-services.changelog-init.xml::1511451595465-39::R3.Corda ran successfully in 1ms {changeSet=migration/node-services.changelog-init.xml::1511451595465-39::R3.Corda, databaseChangeLog=master.changelog.json}
?[m?[37m[INFO] 11:44:43,191 [Test worker] jvm.JdbcExecutor. - INSERT INTO PUBLIC.DATABASECHANGELOG (ID, AUTHOR, FILENAME, DATEEXECUTED, ORDEREXECUTED, MD5SUM, DESCRIPTION, COMMENTS, EXECTYPE, CONTEXTS, LABELS, LIQUIBASE, DEPLOYMENT_ID) VALUES ('1511451595465-39', 'R3.Corda', 'migration/node-services.changelog-init.xml', NOW(), 58, '8:0359c73c9db723c73ee0171620ff4ac6', 'addPrimaryKey constraintName=node_message_retry_pkey, tableName=node_message_retry', '', 'EXECUTED', NULL, NULL, '3.6.3', '2067483061') {changeSet=migration/node-services.changelog-init.xml::1511451595465-39::R3.Corda, databaseChangeLog=master.changelog.json}
?[m?[37m[INFO] 11:44:43,192 [Test worker] jvm.JdbcExecutor. - ALTER TABLE PUBLIC.node_named_identities ADD CONSTRAINT node_named_identities_pkey PRIMARY KEY (name) {changeSet=migration/node-services.changelog-init.xml::1511451595465-40::R3.Corda, databaseChangeLog=master.changelog.json}
?[m?[37m[INFO] 11:44:43,192 [Test worker] changelog.ChangeSet. - Primary key added to node_named_identities (name) {changeSet=migration/node-services.changelog-init.xml::1511451595465-40::R3.Corda, databaseChangeLog=master.changelog.json}
?[m?[37m[INFO] 11:44:43,192 [Test worker] changelog.ChangeSet. - ChangeSet migration/node-services.changelog-init.xml::1511451595465-40::R3.Corda ran successfully in 0ms {changeSet=migration/node-services.changelog-init.xml::1511451595465-40::R3.Corda, databaseChangeLog=master.changelog.json}
?[m?[37m[INFO] 11:44:43,193 [Test worker] jvm.JdbcExecutor. - INSERT INTO PUBLIC.DATABASECHANGELOG (ID, AUTHOR, FILENAME, DATEEXECUTED, ORDEREXECUTED, MD5SUM, DESCRIPTION, COMMENTS, EXECTYPE, CONTEXTS, LABELS, LIQUIBASE, DEPLOYMENT_ID) VALUES ('1511451595465-40', 'R3.Corda', 'migration/node-services.changelog-init.xml', NOW(), 59, '8:ef3ab101a3e4c5820f575d5adcb85c08', 'addPrimaryKey constraintName=node_named_identities_pkey, tableName=node_named_identities', '', 'EXECUTED', NULL, NULL, '3.6.3', '2067483061') {changeSet=migration/node-services.changelog-init.xml::1511451595465-40::R3.Corda, databaseChangeLog=master.changelog.json}
?[m?[37m[INFO] 11:44:43,193 [Test worker] jvm.JdbcExecutor. - ALTER TABLE PUBLIC.node_our_key_pairs ADD CONSTRAINT node_our_key_pairs_pkey PRIMARY KEY (public_key_hash) {changeSet=migration/node-services.changelog-init.xml::1511451595465-42::R3.Corda, databaseChangeLog=master.changelog.json}
?[m?[37m[INFO] 11:44:43,193 [Test worker] changelog.ChangeSet. - Primary key added to node_our_key_pairs (public_key_hash) {changeSet=migration/node-services.changelog-init.xml::1511451595465-42::R3.Corda, databaseChangeLog=master.changelog.json}
?[m?[37m[INFO] 11:44:43,193 [Test worker] changelog.ChangeSet. - ChangeSet migration/node-services.changelog-init.xml::1511451595465-42::R3.Corda ran successfully in 0ms {changeSet=migration/node-services.changelog-init.xml::1511451595465-42::R3.Corda, databaseChangeLog=master.changelog.json}
?[m?[37m[INFO] 11:44:43,194 [Test worker] jvm.JdbcExecutor. - INSERT INTO PUBLIC.DATABASECHANGELOG (ID, AUTHOR, FILENAME, DATEEXECUTED, ORDEREXECUTED, MD5SUM, DESCRIPTION, COMMENTS, EXECTYPE, CONTEXTS, LABELS, LIQUIBASE, DEPLOYMENT_ID) VALUES ('1511451595465-42', 'R3.Corda', 'migration/node-services.changelog-init.xml', NOW(), 60, '8:d742088fd258d00e0a1fbffcf2e27c61', 'addPrimaryKey constraintName=node_our_key_pairs_pkey, tableName=node_our_key_pairs', '', 'EXECUTED', NULL, NULL, '3.6.3', '2067483061') {changeSet=migration/node-services.changelog-init.xml::1511451595465-42::R3.Corda, databaseChangeLog=master.changelog.json}
?[m?[37m[INFO] 11:44:43,195 [Test worker] jvm.JdbcExecutor. - ALTER TABLE PUBLIC.node_scheduled_states ADD CONSTRAINT node_scheduled_states_pkey PRIMARY KEY (output_index, transaction_id) {changeSet=migration/node-services.changelog-init.xml::1511451595465-44::R3.Corda, databaseChangeLog=master.changelog.json}
?[m?[37m[INFO] 11:44:43,195 [Test worker] changelog.ChangeSet. - Primary key added to node_scheduled_states (output_index, transaction_id) {changeSet=migration/node-services.changelog-init.xml::1511451595465-44::R3.Corda, databaseChangeLog=master.changelog.json}
?[m?[37m[INFO] 11:44:43,195 [Test worker] changelog.ChangeSet. - ChangeSet migration/node-services.changelog-init.xml::1511451595465-44::R3.Corda ran successfully in 0ms {changeSet=migration/node-services.changelog-init.xml::1511451595465-44::R3.Corda, databaseChangeLog=master.changelog.json}
?[m?[37m[INFO] 11:44:43,197 [Test worker] jvm.JdbcExecutor. - INSERT INTO PUBLIC.DATABASECHANGELOG (ID, AUTHOR, FILENAME, DATEEXECUTED, ORDEREXECUTED, MD5SUM, DESCRIPTION, COMMENTS, EXECTYPE, CONTEXTS, LABELS, LIQUIBASE, DEPLOYMENT_ID) VALUES ('1511451595465-44', 'R3.Corda', 'migration/node-services.changelog-init.xml', NOW(), 61, '8:dc8b980de5154038877f6d2e43b97ad1', 'addPrimaryKey constraintName=node_scheduled_states_pkey, tableName=node_scheduled_states', '', 'EXECUTED', NULL, NULL, '3.6.3', '2067483061') {changeSet=migration/node-services.changelog-init.xml::1511451595465-44::R3.Corda, databaseChangeLog=master.changelog.json}
?[m?[37m[INFO] 11:44:43,198 [Test worker] jvm.JdbcExecutor. - ALTER TABLE PUBLIC.node_transaction_mappings ADD CONSTRAINT node_transaction_mappings_pkey PRIMARY KEY (tx_id) {changeSet=migration/node-services.changelog-init.xml::1511451595465-45::R3.Corda, databaseChangeLog=master.changelog.json}
?[m?[37m[INFO] 11:44:43,198 [Test worker] changelog.ChangeSet. - Primary key added to node_transaction_mappings (tx_id) {changeSet=migration/node-services.changelog-init.xml::1511451595465-45::R3.Corda, databaseChangeLog=master.changelog.json}
?[m?[37m[INFO] 11:44:43,198 [Test worker] changelog.ChangeSet. - ChangeSet migration/node-services.changelog-init.xml::1511451595465-45::R3.Corda ran successfully in 0ms {changeSet=migration/node-services.changelog-init.xml::1511451595465-45::R3.Corda, databaseChangeLog=master.changelog.json}
?[m?[37m[INFO] 11:44:43,199 [Test worker] jvm.JdbcExecutor. - INSERT INTO PUBLIC.DATABASECHANGELOG (ID, AUTHOR, FILENAME, DATEEXECUTED, ORDEREXECUTED, MD5SUM, DESCRIPTION, COMMENTS, EXECTYPE, CONTEXTS, LABELS, LIQUIBASE, DEPLOYMENT_ID) VALUES ('1511451595465-45', 'R3.Corda', 'migration/node-services.changelog-init.xml', NOW(), 62, '8:2ae0fa18530e20aa3bcd6109b7d95247', 'addPrimaryKey constraintName=node_transaction_mappings_pkey, tableName=node_transaction_mappings', '', 'EXECUTED', NULL, NULL, '3.6.3', '2067483061') {changeSet=migration/node-services.changelog-init.xml::1511451595465-45::R3.Corda, databaseChangeLog=master.changelog.json}
?[m?[37m[INFO] 11:44:43,200 [Test worker] jvm.JdbcExecutor. - ALTER TABLE PUBLIC.node_transactions ADD CONSTRAINT node_transactions_pkey PRIMARY KEY (tx_id) {changeSet=migration/node-services.changelog-init.xml::1511451595465-46::R3.Corda, databaseChangeLog=master.changelog.json}
?[m?[37m[INFO] 11:44:43,201 [Test worker] changelog.ChangeSet. - Primary key added to node_transactions (tx_id) {changeSet=migration/node-services.changelog-init.xml::1511451595465-46::R3.Corda, databaseChangeLog=master.changelog.json}
?[m?[37m[INFO] 11:44:43,201 [Test worker] changelog.ChangeSet. - ChangeSet migration/node-services.changelog-init.xml::1511451595465-46::R3.Corda ran successfully in 1ms {changeSet=migration/node-services.changelog-init.xml::1511451595465-46::R3.Corda, databaseChangeLog=master.changelog.json}
?[m?[37m[INFO] 11:44:43,202 [Test worker] jvm.JdbcExecutor. - INSERT INTO PUBLIC.DATABASECHANGELOG (ID, AUTHOR, FILENAME, DATEEXECUTED, ORDEREXECUTED, MD5SUM, DESCRIPTION, COMMENTS, EXECTYPE, CONTEXTS, LABELS, LIQUIBASE, DEPLOYMENT_ID) VALUES ('1511451595465-46', 'R3.Corda', 'migration/node-services.changelog-init.xml', NOW(), 63, '8:d5e4dd3dba8e89f77b6eeff0fc5b7a49', 'addPrimaryKey constraintName=node_transactions_pkey, tableName=node_transactions', '', 'EXECUTED', NULL, NULL, '3.6.3', '2067483061') {changeSet=migration/node-services.changelog-init.xml::1511451595465-46::R3.Corda, databaseChangeLog=master.changelog.json}
?[m?[37m[INFO] 11:44:43,203 [Test worker] jvm.JdbcExecutor. - ALTER TABLE PUBLIC.node_link_nodeinfo_party ADD CONSTRAINT FK__link_ni_p__info_p_cert FOREIGN KEY (party_name) REFERENCES PUBLIC.node_info_party_cert (party_name) {changeSet=migration/node-services.changelog-init.xml::1511451595465-61::R3.Corda, databaseChangeLog=master.changelog.json}
?[m?[37m[INFO] 11:44:43,204 [Test worker] changelog.ChangeSet. - Foreign key constraint added to node_link_nodeinfo_party (party_name) {changeSet=migration/node-services.changelog-init.xml::1511451595465-61::R3.Corda, databaseChangeLog=master.changelog.json}
?[m?[37m[INFO] 11:44:43,204 [Test worker] changelog.ChangeSet. - ChangeSet migration/node-services.changelog-init.xml::1511451595465-61::R3.Corda ran successfully in 1ms {changeSet=migration/node-services.changelog-init.xml::1511451595465-61::R3.Corda, databaseChangeLog=master.changelog.json}
?[m?[37m[INFO] 11:44:43,205 [Test worker] jvm.JdbcExecutor. - INSERT INTO PUBLIC.DATABASECHANGELOG (ID, AUTHOR, FILENAME, DATEEXECUTED, ORDEREXECUTED, MD5SUM, DESCRIPTION, COMMENTS, EXECTYPE, CONTEXTS, LABELS, LIQUIBASE, DEPLOYMENT_ID) VALUES ('1511451595465-61', 'R3.Corda', 'migration/node-services.changelog-init.xml', NOW(), 64, '8:1d4e406a8056aa782ccbd978771f1fb9', 'addForeignKeyConstraint baseTableName=node_link_nodeinfo_party, constraintName=FK__link_ni_p__info_p_cert, referencedTableName=node_info_party_cert', '', 'EXECUTED', NULL, NULL, '3.6.3', '2067483061') {changeSet=migration/node-services.changelog-init.xml::1511451595465-61::R3.Corda, databaseChangeLog=master.changelog.json}
?[m?[37m[INFO] 11:44:43,206 [Test worker] jvm.JdbcExecutor. - CREATE INDEX PUBLIC.att_id_idx ON PUBLIC.node_attachments(att_id) {changeSet=migration/node-services.changelog-init.xml::add index att_id::R3.Corda, databaseChangeLog=master.changelog.json}
?[m?[37m[INFO] 11:44:43,207 [Test worker] changelog.ChangeSet. - Index att_id_idx created {changeSet=migration/node-services.changelog-init.xml::add index att_id::R3.Corda, databaseChangeLog=master.changelog.json}
?[m?[37m[INFO] 11:44:43,207 [Test worker] changelog.ChangeSet. - ChangeSet migration/node-services.changelog-init.xml::add index att_id::R3.Corda ran successfully in 1ms {changeSet=migration/node-services.changelog-init.xml::add index att_id::R3.Corda, databaseChangeLog=master.changelog.json}
?[m?[37m[INFO] 11:44:43,208 [Test worker] jvm.JdbcExecutor. - INSERT INTO PUBLIC.DATABASECHANGELOG (ID, AUTHOR, FILENAME, DATEEXECUTED, ORDEREXECUTED, MD5SUM, DESCRIPTION, COMMENTS, EXECTYPE, CONTEXTS, LABELS, LIQUIBASE, DEPLOYMENT_ID) VALUES ('add index att_id', 'R3.Corda', 'migration/node-services.changelog-init.xml', NOW(), 65, '8:ccf9b08f32d685dc60d6e34a3013bffc', 'createIndex indexName=att_id_idx, tableName=node_attachments', '', 'EXECUTED', NULL, NULL, '3.6.3', '2067483061') {changeSet=migration/node-services.changelog-init.xml::add index att_id::R3.Corda, databaseChangeLog=master.changelog.json}
?[m?[37m[INFO] 11:44:43,208 [Test worker] jvm.JdbcExecutor. - CREATE TABLE PUBLIC.node_attchments_contracts (att_id NVARCHAR(255) NOT NULL, contract_class_name NVARCHAR(255)) {changeSet=migration/node-services.changelog-init.xml::add_contract_attachment::R3.Corda, databaseChangeLog=master.changelog.json}
?[m?[37m[INFO] 11:44:43,209 [Test worker] changelog.ChangeSet. - Table node_attchments_contracts created {changeSet=migration/node-services.changelog-init.xml::add_contract_attachment::R3.Corda, databaseChangeLog=master.changelog.json}
?[m?[37m[INFO] 11:44:43,209 [Test worker] jvm.JdbcExecutor. - ALTER TABLE PUBLIC.node_attchments_contracts ADD CONSTRAINT FK__ctr_class__attachments FOREIGN KEY (att_id) REFERENCES PUBLIC.node_attachments (att_id) {changeSet=migration/node-services.changelog-init.xml::add_contract_attachment::R3.Corda, databaseChangeLog=master.changelog.json}
?[m?[37m[INFO] 11:44:43,210 [Test worker] changelog.ChangeSet. - Foreign key constraint added to node_attchments_contracts (att_id) {changeSet=migration/node-services.changelog-init.xml::add_contract_attachment::R3.Corda, databaseChangeLog=master.changelog.json}
?[m?[37m[INFO] 11:44:43,210 [Test worker] jvm.JdbcExecutor. - DELETE FROM PUBLIC.node_attachments {changeSet=migration/node-services.changelog-init.xml::add_contract_attachment::R3.Corda, databaseChangeLog=master.changelog.json}
?[m?[37m[INFO] 11:44:43,210 [Test worker] changelog.ChangeSet. - Data deleted from node_attachments {changeSet=migration/node-services.changelog-init.xml::add_contract_attachment::R3.Corda, databaseChangeLog=master.changelog.json}
?[m?[37m[INFO] 11:44:43,210 [Test worker] changelog.ChangeSet. - ChangeSet migration/node-services.changelog-init.xml::add_contract_attachment::R3.Corda ran successfully in 2ms {changeSet=migration/node-services.changelog-init.xml::add_contract_attachment::R3.Corda, databaseChangeLog=master.changelog.json}
?[m?[37m[INFO] 11:44:43,211 [Test worker] jvm.JdbcExecutor. - INSERT INTO PUBLIC.DATABASECHANGELOG (ID, AUTHOR, FILENAME, DATEEXECUTED, ORDEREXECUTED, MD5SUM, DESCRIPTION, COMMENTS, EXECTYPE, CONTEXTS, LABELS, LIQUIBASE, DEPLOYMENT_ID) VALUES ('add_contract_attachment', 'R3.Corda', 'migration/node-services.changelog-init.xml', NOW(), 66, '8:8898557cf18644883f6f3b0c5e784c0b', 'createTable tableName=node_attchments_contracts; addForeignKeyConstraint baseTableName=node_attchments_contracts, constraintName=FK__ctr_class__attachments, referencedTableName=node_attachments; delete tableName=node_attachments', '', 'EXECUTED', NULL, NULL, '3.6.3', '2067483061') {changeSet=migration/node-services.changelog-init.xml::add_contract_attachment::R3.Corda, databaseChangeLog=master.changelog.json}
?[m?[37m[INFO] 11:44:43,211 [Test worker] jvm.JdbcExecutor. - ALTER TABLE PUBLIC.node_message_ids ADD sender NVARCHAR(64) {changeSet=migration/node-services.changelog-init.xml::add_dedup_columns::R3.Corda, databaseChangeLog=master.changelog.json}
?[m?[37m[INFO] 11:44:43,212 [Test worker] jvm.JdbcExecutor. - ALTER TABLE PUBLIC.node_message_ids ADD sequence_number BIGINT {changeSet=migration/node-services.changelog-init.xml::add_dedup_columns::R3.Corda, databaseChangeLog=master.changelog.json}
?[m?[37m[INFO] 11:44:43,213 [Test worker] changelog.ChangeSet. - Columns sender(NVARCHAR(64)),sequence_number(BIGINT) added to node_message_ids {changeSet=migration/node-services.changelog-init.xml::add_dedup_columns::R3.Corda, databaseChangeLog=master.changelog.json}
?[m?[37m[INFO] 11:44:43,213 [Test worker] changelog.ChangeSet. - ChangeSet migration/node-services.changelog-init.xml::add_dedup_columns::R3.Corda ran successfully in 2ms {changeSet=migration/node-services.changelog-init.xml::add_dedup_columns::R3.Corda, databaseChangeLog=master.changelog.json}
?[m?[37m[INFO] 11:44:43,215 [Test worker] jvm.JdbcExecutor. - INSERT INTO PUBLIC.DATABASECHANGELOG (ID, AUTHOR, FILENAME, DATEEXECUTED, ORDEREXECUTED, MD5SUM, DESCRIPTION, COMMENTS, EXECTYPE, CONTEXTS, LABELS, LIQUIBASE, DEPLOYMENT_ID) VALUES ('add_dedup_columns', 'R3.Corda', 'migration/node-services.changelog-init.xml', NOW(), 67, '8:5924ebdacff695e1f30aa3e0173eccdf', 'addColumn tableName=node_message_ids', '', 'EXECUTED', NULL, NULL, '3.6.3', '2067483061') {changeSet=migration/node-services.changelog-init.xml::add_dedup_columns::R3.Corda, databaseChangeLog=master.changelog.json}
?[m?[37m[INFO] 11:44:43,216 [Test worker] jvm.JdbcExecutor. - ALTER TABLE PUBLIC.node_attchments_contracts RENAME TO node_attachments_contracts {changeSet=migration/node-core.changelog-v4.xml::attchments_rename::R3.Corda, databaseChangeLog=master.changelog.json}
?[m?[37m[INFO] 11:44:43,216 [Test worker] changelog.ChangeSet. - Table node_attchments_contracts renamed to node_attachments_contracts {changeSet=migration/node-core.changelog-v4.xml::attchments_rename::R3.Corda, databaseChangeLog=master.changelog.json}
?[m?[37m[INFO] 11:44:43,216 [Test worker] changelog.ChangeSet. - ChangeSet migration/node-core.changelog-v4.xml::attchments_rename::R3.Corda ran successfully in 1ms {changeSet=migration/node-core.changelog-v4.xml::attchments_rename::R3.Corda, databaseChangeLog=master.changelog.json}
?[m?[37m[INFO] 11:44:43,218 [Test worker] jvm.JdbcExecutor. - INSERT INTO PUBLIC.DATABASECHANGELOG (ID, AUTHOR, FILENAME, DATEEXECUTED, ORDEREXECUTED, MD5SUM, DESCRIPTION, COMMENTS, EXECTYPE, CONTEXTS, LABELS, LIQUIBASE, DEPLOYMENT_ID) VALUES ('attchments_rename', 'R3.Corda', 'migration/node-core.changelog-v4.xml', NOW(), 68, '8:94816d7657264059f2b8da4e97d4b15d', 'renameTable newTableName=node_attachments_contracts, oldTableName=node_attchments_contracts', '', 'EXECUTED', NULL, NULL, '3.6.3', '2067483061') {changeSet=migration/node-core.changelog-v4.xml::attchments_rename::R3.Corda, databaseChangeLog=master.changelog.json}
?[m?[37m[INFO] 11:44:43,219 [Test worker] jvm.JdbcExecutor. - ALTER TABLE PUBLIC.node_identities ALTER COLUMN identity_value SET NOT NULL {changeSet=migration/node-core.changelog-v4.xml::nullability::R3.Corda, databaseChangeLog=master.changelog.json}
?[m?[37m[INFO] 11:44:43,219 [Test worker] changelog.ChangeSet. - NOT NULL constraint has been added to node_identities.identity_value {changeSet=migration/node-core.changelog-v4.xml::nullability::R3.Corda, databaseChangeLog=master.changelog.json}
?[m?[37m[INFO] 11:44:43,219 [Test worker] jvm.JdbcExecutor. - ALTER TABLE PUBLIC.node_attachments ALTER COLUMN content SET NOT NULL {changeSet=migration/node-core.changelog-v4.xml::nullability::R3.Corda, databaseChangeLog=master.changelog.json}
?[m?[37m[INFO] 11:44:43,219 [Test worker] changelog.ChangeSet. - NOT NULL constraint has been added to node_attachments.content {changeSet=migration/node-core.changelog-v4.xml::nullability::R3.Corda, databaseChangeLog=master.changelog.json}
?[m?[37m[INFO] 11:44:43,220 [Test worker] jvm.JdbcExecutor. - ALTER TABLE PUBLIC.node_attachments_contracts ALTER COLUMN contract_class_name SET NOT NULL {changeSet=migration/node-core.changelog-v4.xml::nullability::R3.Corda, databaseChangeLog=master.changelog.json}
?[m?[37m[INFO] 11:44:43,220 [Test worker] changelog.ChangeSet. - NOT NULL constraint has been added to node_attachments_contracts.contract_class_name {changeSet=migration/node-core.changelog-v4.xml::nullability::R3.Corda, databaseChangeLog=master.changelog.json}
?[m?[37m[INFO] 11:44:43,220 [Test worker] jvm.JdbcExecutor. - ALTER TABLE PUBLIC.node_checkpoints ALTER COLUMN checkpoint_value SET NOT NULL {changeSet=migration/node-core.changelog-v4.xml::nullability::R3.Corda, databaseChangeLog=master.changelog.json}
?[m?[37m[INFO] 11:44:43,220 [Test worker] changelog.ChangeSet. - NOT NULL constraint has been added to node_checkpoints.checkpoint_value {changeSet=migration/node-core.changelog-v4.xml::nullability::R3.Corda, databaseChangeLog=master.changelog.json}
?[m?[37m[INFO] 11:44:43,220 [Test worker] jvm.JdbcExecutor. - ALTER TABLE PUBLIC.node_contract_upgrades ALTER COLUMN contract_class_name SET NOT NULL {changeSet=migration/node-core.changelog-v4.xml::nullability::R3.Corda, databaseChangeLog=master.changelog.json}
?[m?[37m[INFO] 11:44:43,220 [Test worker] changelog.ChangeSet. - NOT NULL constraint has been added to node_contract_upgrades.contract_class_name {changeSet=migration/node-core.changelog-v4.xml::nullability::R3.Corda, databaseChangeLog=master.changelog.json}
?[m?[37m[INFO] 11:44:43,220 [Test worker] jvm.JdbcExecutor. - ALTER TABLE PUBLIC.node_message_ids ALTER COLUMN insertion_time SET NOT NULL {changeSet=migration/node-core.changelog-v4.xml::nullability::R3.Corda, databaseChangeLog=master.changelog.json}
?[m?[37m[INFO] 11:44:43,220 [Test worker] changelog.ChangeSet. - NOT NULL constraint has been added to node_message_ids.insertion_time {changeSet=migration/node-core.changelog-v4.xml::nullability::R3.Corda, databaseChangeLog=master.changelog.json}
?[m?[37m[INFO] 11:44:43,220 [Test worker] jvm.JdbcExecutor. - ALTER TABLE PUBLIC.node_message_retry ALTER COLUMN message SET NOT NULL {changeSet=migration/node-core.changelog-v4.xml::nullability::R3.Corda, databaseChangeLog=master.changelog.json}
?[m?[37m[INFO] 11:44:43,220 [Test worker] changelog.ChangeSet. - NOT NULL constraint has been added to node_message_retry.message {changeSet=migration/node-core.changelog-v4.xml::nullability::R3.Corda, databaseChangeLog=master.changelog.json}
?[m?[37m[INFO] 11:44:43,221 [Test worker] jvm.JdbcExecutor. - ALTER TABLE PUBLIC.node_message_retry ALTER COLUMN recipients SET NOT NULL {changeSet=migration/node-core.changelog-v4.xml::nullability::R3.Corda, databaseChangeLog=master.changelog.json}
?[m?[37m[INFO] 11:44:43,221 [Test worker] changelog.ChangeSet. - NOT NULL constraint has been added to node_message_retry.recipients {changeSet=migration/node-core.changelog-v4.xml::nullability::R3.Corda, databaseChangeLog=master.changelog.json}
?[m?[37m[INFO] 11:44:43,221 [Test worker] jvm.JdbcExecutor. - ALTER TABLE PUBLIC.node_named_identities ALTER COLUMN pk_hash SET NOT NULL {changeSet=migration/node-core.changelog-v4.xml::nullability::R3.Corda, databaseChangeLog=master.changelog.json}
?[m?[37m[INFO] 11:44:43,221 [Test worker] changelog.ChangeSet. - NOT NULL constraint has been added to node_named_identities.pk_hash {changeSet=migration/node-core.changelog-v4.xml::nullability::R3.Corda, databaseChangeLog=master.changelog.json}
?[m?[37m[INFO] 11:44:43,221 [Test worker] jvm.JdbcExecutor. - ALTER TABLE PUBLIC.node_our_key_pairs ALTER COLUMN private_key SET NOT NULL {changeSet=migration/node-core.changelog-v4.xml::nullability::R3.Corda, databaseChangeLog=master.changelog.json}
?[m?[37m[INFO] 11:44:43,221 [Test worker] changelog.ChangeSet. - NOT NULL constraint has been added to node_our_key_pairs.private_key {changeSet=migration/node-core.changelog-v4.xml::nullability::R3.Corda, databaseChangeLog=master.changelog.json}
?[m?[37m[INFO] 11:44:43,221 [Test worker] jvm.JdbcExecutor. - ALTER TABLE PUBLIC.node_our_key_pairs ALTER COLUMN public_key SET NOT NULL {changeSet=migration/node-core.changelog-v4.xml::nullability::R3.Corda, databaseChangeLog=master.changelog.json}
?[m?[37m[INFO] 11:44:43,221 [Test worker] changelog.ChangeSet. - NOT NULL constraint has been added to node_our_key_pairs.public_key {changeSet=migration/node-core.changelog-v4.xml::nullability::R3.Corda, databaseChangeLog=master.changelog.json}
?[m?[37m[INFO] 11:44:43,221 [Test worker] jvm.JdbcExecutor. - ALTER TABLE PUBLIC.node_transaction_mappings ALTER COLUMN state_machine_run_id SET NOT NULL {changeSet=migration/node-core.changelog-v4.xml::nullability::R3.Corda, databaseChangeLog=master.changelog.json}
?[m?[37m[INFO] 11:44:43,221 [Test worker] changelog.ChangeSet. - NOT NULL constraint has been added to node_transaction_mappings.state_machine_run_id {changeSet=migration/node-core.changelog-v4.xml::nullability::R3.Corda, databaseChangeLog=master.changelog.json}
?[m?[37m[INFO] 11:44:43,221 [Test worker] jvm.JdbcExecutor. - ALTER TABLE PUBLIC.node_transactions ALTER COLUMN transaction_value SET NOT NULL {changeSet=migration/node-core.changelog-v4.xml::nullability::R3.Corda, databaseChangeLog=master.changelog.json}
?[m?[37m[INFO] 11:44:43,221 [Test worker] changelog.ChangeSet. - NOT NULL constraint has been added to node_transactions.transaction_value {changeSet=migration/node-core.changelog-v4.xml::nullability::R3.Corda, databaseChangeLog=master.changelog.json}
?[m?[37m[INFO] 11:44:43,221 [Test worker] changelog.ChangeSet. - ChangeSet migration/node-core.changelog-v4.xml::nullability::R3.Corda ran successfully in 2ms {changeSet=migration/node-core.changelog-v4.xml::nullability::R3.Corda, databaseChangeLog=master.changelog.json}
?[m?[37m[INFO] 11:44:43,222 [Test worker] jvm.JdbcExecutor. - INSERT INTO PUBLIC.DATABASECHANGELOG (ID, AUTHOR, FILENAME, DATEEXECUTED, ORDEREXECUTED, MD5SUM, DESCRIPTION, COMMENTS, EXECTYPE, CONTEXTS, LABELS, LIQUIBASE, DEPLOYMENT_ID) VALUES ('nullability', 'R3.Corda', 'migration/node-core.changelog-v4.xml', NOW(), 69, '8:62ddcf64aece5dc383fa400ac8ccc392', 'addNotNullConstraint columnName=identity_value, tableName=node_identities; addNotNullConstraint columnName=content, tableName=node_attachments; addNotNullConstraint columnName=contract_class_name, tableName=node_attachments_contracts; addNotNullCo...', '', 'EXECUTED', NULL, NULL, '3.6.3', '2067483061') {changeSet=migration/node-core.changelog-v4.xml::nullability::R3.Corda, databaseChangeLog=master.changelog.json}
?[m?[37m[INFO] 11:44:43,223 [Test worker] jvm.JdbcExecutor. - DROP TABLE PUBLIC.node_message_retry {changeSet=migration/node-core.changelog-v5.xml::remove_unused_node_message_retry::R3.Corda, databaseChangeLog=master.changelog.json}
?[m?[37m[INFO] 11:44:43,223 [Test worker] changelog.ChangeSet. - Table node_message_retry dropped {changeSet=migration/node-core.changelog-v5.xml::remove_unused_node_message_retry::R3.Corda, databaseChangeLog=master.changelog.json}
?[m?[37m[INFO] 11:44:43,223 [Test worker] changelog.ChangeSet. - ChangeSet migration/node-core.changelog-v5.xml::remove_unused_node_message_retry::R3.Corda ran successfully in 0ms {changeSet=migration/node-core.changelog-v5.xml::remove_unused_node_message_retry::R3.Corda, databaseChangeLog=master.changelog.json}
?[m?[37m[INFO] 11:44:43,224 [Test worker] jvm.JdbcExecutor. - INSERT INTO PUBLIC.DATABASECHANGELOG (ID, AUTHOR, FILENAME, DATEEXECUTED, ORDEREXECUTED, MD5SUM, DESCRIPTION, COMMENTS, EXECTYPE, CONTEXTS, LABELS, LIQUIBASE, DEPLOYMENT_ID) VALUES ('remove_unused_node_message_retry', 'R3.Corda', 'migration/node-core.changelog-v5.xml', NOW(), 70, '8:7f43b1a30ed49119520e7d14de6b57bd', 'dropTable tableName=node_message_retry', '', 'EXECUTED', NULL, NULL, '3.6.3', '2067483061') {changeSet=migration/node-core.changelog-v5.xml::remove_unused_node_message_retry::R3.Corda, databaseChangeLog=master.changelog.json}
?[m?[37m[INFO] 11:44:43,225 [Test worker] jvm.JdbcExecutor. - INSERT INTO PUBLIC.DATABASECHANGELOG (ID, AUTHOR, FILENAME, DATEEXECUTED, ORDEREXECUTED, MD5SUM, DESCRIPTION, COMMENTS, EXECTYPE, CONTEXTS, LABELS, LIQUIBASE, DEPLOYMENT_ID) VALUES ('non-clustered_pk-1', 'R3.Corda', 'migration/node-core.changelog-pkey.xml', NOW(), 71, '8:fc341b0d5ff080f0093d8a528299de25', 'dropPrimaryKey constraintName=node_checkpoints_pkey, tableName=node_checkpoints; addPrimaryKey constraintName=node_checkpoints_pkey, tableName=node_checkpoints', '', 'MARK_RAN', NULL, NULL, '3.6.3', '2067483061') {changeSet=migration/node-core.changelog-pkey.xml::non-clustered_pk-1::R3.Corda, databaseChangeLog=master.changelog.json}
?[m?[37m[INFO] 11:44:43,227 [Test worker] jvm.JdbcExecutor. - INSERT INTO PUBLIC.DATABASECHANGELOG (ID, AUTHOR, FILENAME, DATEEXECUTED, ORDEREXECUTED, MD5SUM, DESCRIPTION, COMMENTS, EXECTYPE, CONTEXTS, LABELS, LIQUIBASE, DEPLOYMENT_ID) VALUES ('non-clustered_pk-2', 'R3.Corda', 'migration/node-core.changelog-pkey.xml', NOW(), 72, '8:438db96910ca09a1e8910e74fe31d943', 'dropPrimaryKey constraintName=node_identities_pkey, tableName=node_identities; addPrimaryKey constraintName=node_identities_pkey, tableName=node_identities', '', 'MARK_RAN', NULL, NULL, '3.6.3', '2067483061') {changeSet=migration/node-core.changelog-pkey.xml::non-clustered_pk-2::R3.Corda, databaseChangeLog=master.changelog.json}
?[m?[37m[INFO] 11:44:43,229 [Test worker] jvm.JdbcExecutor. - INSERT INTO PUBLIC.DATABASECHANGELOG (ID, AUTHOR, FILENAME, DATEEXECUTED, ORDEREXECUTED, MD5SUM, DESCRIPTION, COMMENTS, EXECTYPE, CONTEXTS, LABELS, LIQUIBASE, DEPLOYMENT_ID) VALUES ('non-clustered_pk-3', 'R3.Corda', 'migration/node-core.changelog-pkey.xml', NOW(), 73, '8:b02515ba3eb419e880a62ad581d57d9a', 'dropPrimaryKey constraintName=node_message_ids_pkey, tableName=node_message_ids; addPrimaryKey constraintName=node_message_ids_pkey, tableName=node_message_ids', '', 'MARK_RAN', NULL, NULL, '3.6.3', '2067483061') {changeSet=migration/node-core.changelog-pkey.xml::non-clustered_pk-3::R3.Corda, databaseChangeLog=master.changelog.json}
?[m?[37m[INFO] 11:44:43,230 [Test worker] jvm.JdbcExecutor. - INSERT INTO PUBLIC.DATABASECHANGELOG (ID, AUTHOR, FILENAME, DATEEXECUTED, ORDEREXECUTED, MD5SUM, DESCRIPTION, COMMENTS, EXECTYPE, CONTEXTS, LABELS, LIQUIBASE, DEPLOYMENT_ID) VALUES ('non-clustered_pk-4', 'R3.Corda', 'migration/node-core.changelog-pkey.xml', NOW(), 74, '8:9a733c73c5a8ca979384c41d59473644', 'dropPrimaryKey constraintName=node_named_identities_pkey, tableName=node_named_identities; addPrimaryKey constraintName=node_named_identities_pkey, tableName=node_named_identities', '', 'MARK_RAN', NULL, NULL, '3.6.3', '2067483061') {changeSet=migration/node-core.changelog-pkey.xml::non-clustered_pk-4::R3.Corda, databaseChangeLog=master.changelog.json}
?[m?[37m[INFO] 11:44:43,232 [Test worker] jvm.JdbcExecutor. - INSERT INTO PUBLIC.DATABASECHANGELOG (ID, AUTHOR, FILENAME, DATEEXECUTED, ORDEREXECUTED, MD5SUM, DESCRIPTION, COMMENTS, EXECTYPE, CONTEXTS, LABELS, LIQUIBASE, DEPLOYMENT_ID) VALUES ('non-clustered_pk-5', 'R3.Corda', 'migration/node-core.changelog-pkey.xml', NOW(), 75, '8:48cf4a4dad77b6a8f7c3c73c09cc3959', 'dropPrimaryKey constraintName=node_our_key_pairs_pkey, tableName=node_our_key_pairs; addPrimaryKey constraintName=node_our_key_pairs_pkey, tableName=node_our_key_pairs', '', 'MARK_RAN', NULL, NULL, '3.6.3', '2067483061') {changeSet=migration/node-core.changelog-pkey.xml::non-clustered_pk-5::R3.Corda, databaseChangeLog=master.changelog.json}
?[m?[37m[INFO] 11:44:43,233 [Test worker] jvm.JdbcExecutor. - INSERT INTO PUBLIC.DATABASECHANGELOG (ID, AUTHOR, FILENAME, DATEEXECUTED, ORDEREXECUTED, MD5SUM, DESCRIPTION, COMMENTS, EXECTYPE, CONTEXTS, LABELS, LIQUIBASE, DEPLOYMENT_ID) VALUES ('non-clustered_pk-6', 'R3.Corda', 'migration/node-core.changelog-pkey.xml', NOW(), 76, '8:25c5581ce04f688ea83704ffa44bab8e', 'dropPrimaryKey constraintName=node_transaction_mappings_pkey, tableName=node_transaction_mappings; addPrimaryKey constraintName=node_transaction_mappings_pkey, tableName=node_transaction_mappings', '', 'MARK_RAN', NULL, NULL, '3.6.3', '2067483061') {changeSet=migration/node-core.changelog-pkey.xml::non-clustered_pk-6::R3.Corda, databaseChangeLog=master.changelog.json}
?[m?[37m[INFO] 11:44:43,234 [Test worker] jvm.JdbcExecutor. - INSERT INTO PUBLIC.DATABASECHANGELOG (ID, AUTHOR, FILENAME, DATEEXECUTED, ORDEREXECUTED, MD5SUM, DESCRIPTION, COMMENTS, EXECTYPE, CONTEXTS, LABELS, LIQUIBASE, DEPLOYMENT_ID) VALUES ('non-clustered_pk-7', 'R3.Corda', 'migration/node-core.changelog-pkey.xml', NOW(), 77, '8:64773359f27e2f85fe6df6097823ce69', 'dropPrimaryKey constraintName=node_transactions_pkey, tableName=node_transactions; addPrimaryKey constraintName=node_transactions_pkey, tableName=node_transactions', '', 'MARK_RAN', NULL, NULL, '3.6.3', '2067483061') {changeSet=migration/node-core.changelog-pkey.xml::non-clustered_pk-7::R3.Corda, databaseChangeLog=master.changelog.json}
?[m?[37m[INFO] 11:44:43,237 [Test worker] changelog.ChangeSet. - Marking ChangeSet: migration/node-core.changelog-v8.xml::conditional_attchments_rename::R3.Corda ran despite precondition failure due to onFail='MARK_RAN': 
          master.changelog.json : Table PUBLIC.NODE_ATTCHMENTS_CONTRACTS does not exist
 {changeSet=migration/node-core.changelog-v8.xml::conditional_attchments_rename::R3.Corda, databaseChangeLog=master.changelog.json}
?[m?[37m[INFO] 11:44:43,238 [Test worker] jvm.JdbcExecutor. - INSERT INTO PUBLIC.DATABASECHANGELOG (ID, AUTHOR, FILENAME, DATEEXECUTED, ORDEREXECUTED, MD5SUM, DESCRIPTION, COMMENTS, EXECTYPE, CONTEXTS, LABELS, LIQUIBASE, DEPLOYMENT_ID) VALUES ('conditional_attchments_rename', 'R3.Corda', 'migration/node-core.changelog-v8.xml', NOW(), 78, '8:114fc6d1775676ecf274989170741a5b', 'renameTable newTableName=NODE_ATTACHMENTS_CONTRACTS, oldTableName=NODE_ATTCHMENTS_CONTRACTS', '', 'MARK_RAN', NULL, NULL, '3.6.3', '2067483061') {changeSet=migration/node-core.changelog-v8.xml::conditional_attchments_rename::R3.Corda, databaseChangeLog=master.changelog.json}
?[m?[37m[INFO] 11:44:43,242 [Test worker] changelog.ChangeSet. - Marking ChangeSet: migration/node-core.changelog-v8.xml::conditional_attchments_contracts::R3.Corda ran despite precondition failure due to onFail='MARK_RAN': 
          master.changelog.json : Table PUBLIC.NODE_ATTACHMENTS_CONTRACT_CLASS_NAME does not exist
 {changeSet=migration/node-core.changelog-v8.xml::conditional_attchments_contracts::R3.Corda, databaseChangeLog=master.changelog.json}
?[m?[37m[INFO] 11:44:43,243 [Test worker] jvm.JdbcExecutor. - INSERT INTO PUBLIC.DATABASECHANGELOG (ID, AUTHOR, FILENAME, DATEEXECUTED, ORDEREXECUTED, MD5SUM, DESCRIPTION, COMMENTS, EXECTYPE, CONTEXTS, LABELS, LIQUIBASE, DEPLOYMENT_ID) VALUES ('conditional_attchments_contracts', 'R3.Corda', 'migration/node-core.changelog-v8.xml', NOW(), 79, '8:c26d868db33a85bdd25570b094635db5', 'renameTable newTableName=NODE_ATTACHMENTS_CONTRACTS, oldTableName=NODE_ATTACHMENTS_CONTRACT_CLASS_NAME', '', 'MARK_RAN', NULL, NULL, '3.6.3', '2067483061') {changeSet=migration/node-core.changelog-v8.xml::conditional_attchments_contracts::R3.Corda, databaseChangeLog=master.changelog.json}
?[m?[37m[INFO] 11:44:43,243 [Test worker] jvm.JdbcExecutor. - CREATE TABLE PUBLIC.node_attachments_signers (att_id NVARCHAR(255) NOT NULL, signer NVARCHAR(1024)) {changeSet=migration/node-core.changelog-v8.xml::add_signers::R3.Corda, databaseChangeLog=master.changelog.json}
?[m?[37m[INFO] 11:44:43,244 [Test worker] changelog.ChangeSet. - Table node_attachments_signers created {changeSet=migration/node-core.changelog-v8.xml::add_signers::R3.Corda, databaseChangeLog=master.changelog.json}
?[m?[37m[INFO] 11:44:43,244 [Test worker] jvm.JdbcExecutor. - ALTER TABLE PUBLIC.node_attachments_signers ADD CONSTRAINT FK__signers__attachments FOREIGN KEY (att_id) REFERENCES PUBLIC.node_attachments (att_id) {changeSet=migration/node-core.changelog-v8.xml::add_signers::R3.Corda, databaseChangeLog=master.changelog.json}
?[m?[37m[INFO] 11:44:43,244 [Test worker] changelog.ChangeSet. - Foreign key constraint added to node_attachments_signers (att_id) {changeSet=migration/node-core.changelog-v8.xml::add_signers::R3.Corda, databaseChangeLog=master.changelog.json}
?[m?[37m[INFO] 11:44:43,244 [Test worker] changelog.ChangeSet. - ChangeSet migration/node-core.changelog-v8.xml::add_signers::R3.Corda ran successfully in 1ms {changeSet=migration/node-core.changelog-v8.xml::add_signers::R3.Corda, databaseChangeLog=master.changelog.json}
?[m?[37m[INFO] 11:44:43,245 [Test worker] jvm.JdbcExecutor. - INSERT INTO PUBLIC.DATABASECHANGELOG (ID, AUTHOR, FILENAME, DATEEXECUTED, ORDEREXECUTED, MD5SUM, DESCRIPTION, COMMENTS, EXECTYPE, CONTEXTS, LABELS, LIQUIBASE, DEPLOYMENT_ID) VALUES ('add_signers', 'R3.Corda', 'migration/node-core.changelog-v8.xml', NOW(), 80, '8:6a033a579a3a8e11a35846d455833835', 'createTable tableName=node_attachments_signers; addForeignKeyConstraint baseTableName=node_attachments_signers, constraintName=FK__signers__attachments, referencedTableName=node_attachments', '', 'EXECUTED', NULL, NULL, '3.6.3', '2067483061') {changeSet=migration/node-core.changelog-v8.xml::add_signers::R3.Corda, databaseChangeLog=master.changelog.json}
?[m?[37m[INFO] 11:44:43,247 [Test worker] jvm.JdbcExecutor. - ALTER TABLE PUBLIC.node_transactions ADD state_machine_run_id NVARCHAR(36) {changeSet=migration/node-core.changelog-tx-mapping.xml::add_tx_mapping_column::R3.Corda, databaseChangeLog=master.changelog.json}
?[m?[37m[INFO] 11:44:43,248 [Test worker] changelog.ChangeSet. - Columns state_machine_run_id(NVARCHAR(36)) added to node_transactions {changeSet=migration/node-core.changelog-tx-mapping.xml::add_tx_mapping_column::R3.Corda, databaseChangeLog=master.changelog.json}
?[m?[37m[INFO] 11:44:43,249 [Test worker] jvm.JdbcExecutor. - update node_transactions set state_machine_run_id=(select state_machine_run_id from
            node_transaction_mappings where node_transactions.tx_id = node_transaction_mappings.tx_id) {changeSet=migration/node-core.changelog-tx-mapping.xml::add_tx_mapping_column::R3.Corda, databaseChangeLog=master.changelog.json}
?[m?[37m[INFO] 11:44:43,249 [Test worker] changelog.ChangeSet. - Custom SQL executed {changeSet=migration/node-core.changelog-tx-mapping.xml::add_tx_mapping_column::R3.Corda, databaseChangeLog=master.changelog.json}
?[m?[37m[INFO] 11:44:43,249 [Test worker] jvm.JdbcExecutor. - DROP TABLE PUBLIC.node_transaction_mappings {changeSet=migration/node-core.changelog-tx-mapping.xml::add_tx_mapping_column::R3.Corda, databaseChangeLog=master.changelog.json}
?[m?[37m[INFO] 11:44:43,249 [Test worker] changelog.ChangeSet. - Table node_transaction_mappings dropped {changeSet=migration/node-core.changelog-tx-mapping.xml::add_tx_mapping_column::R3.Corda, databaseChangeLog=master.changelog.json}
?[m?[37m[INFO] 11:44:43,249 [Test worker] changelog.ChangeSet. - ChangeSet migration/node-core.changelog-tx-mapping.xml::add_tx_mapping_column::R3.Corda ran successfully in 3ms {changeSet=migration/node-core.changelog-tx-mapping.xml::add_tx_mapping_column::R3.Corda, databaseChangeLog=master.changelog.json}
?[m?[37m[INFO] 11:44:43,250 [Test worker] jvm.JdbcExecutor. - INSERT INTO PUBLIC.DATABASECHANGELOG (ID, AUTHOR, FILENAME, DATEEXECUTED, ORDEREXECUTED, MD5SUM, DESCRIPTION, COMMENTS, EXECTYPE, CONTEXTS, LABELS, LIQUIBASE, DEPLOYMENT_ID) VALUES ('add_tx_mapping_column', 'R3.Corda', 'migration/node-core.changelog-tx-mapping.xml', NOW(), 81, '8:6d9d8484a635e932dd8e8f45db1b3d7e', 'addColumn tableName=node_transactions; sql; dropTable tableName=node_transaction_mappings', '', 'EXECUTED', NULL, NULL, '3.6.3', '2067483061') {changeSet=migration/node-core.changelog-tx-mapping.xml::add_tx_mapping_column::R3.Corda, databaseChangeLog=master.changelog.json}
?[m?[37m[INFO] 11:44:43,251 [Test worker] jvm.JdbcExecutor. - CREATE TABLE PUBLIC.node_network_parameters (hash NVARCHAR(130) NOT NULL, epoch INT NOT NULL, parameters_bytes BLOB NOT NULL, signature_bytes BLOB NOT NULL, cert BLOB NOT NULL, parent_cert_path BLOB NOT NULL) {changeSet=migration/node-services.changelog-init.xml::add_network_parameters_storage::R3.Corda, databaseChangeLog=master.changelog.json}
?[m?[37m[INFO] 11:44:43,252 [Test worker] changelog.ChangeSet. - Table node_network_parameters created {changeSet=migration/node-services.changelog-init.xml::add_network_parameters_storage::R3.Corda, databaseChangeLog=master.changelog.json}
?[m?[37m[INFO] 11:44:43,252 [Test worker] changelog.ChangeSet. - ChangeSet migration/node-services.changelog-init.xml::add_network_parameters_storage::R3.Corda ran successfully in 1ms {changeSet=migration/node-services.changelog-init.xml::add_network_parameters_storage::R3.Corda, databaseChangeLog=master.changelog.json}
?[m?[37m[INFO] 11:44:43,254 [Test worker] jvm.JdbcExecutor. - INSERT INTO PUBLIC.DATABASECHANGELOG (ID, AUTHOR, FILENAME, DATEEXECUTED, ORDEREXECUTED, MD5SUM, DESCRIPTION, COMMENTS, EXECTYPE, CONTEXTS, LABELS, LIQUIBASE, DEPLOYMENT_ID) VALUES ('add_network_parameters_storage', 'R3.Corda', 'migration/node-services.changelog-init.xml', NOW(), 82, '8:b448755ba392674254c59e2b9489140f', 'createTable tableName=node_network_parameters', '', 'EXECUTED', NULL, NULL, '3.6.3', '2067483061') {changeSet=migration/node-services.changelog-init.xml::add_network_parameters_storage::R3.Corda, databaseChangeLog=master.changelog.json}
?[m?[37m[INFO] 11:44:43,254 [Test worker] jvm.JdbcExecutor. - ALTER TABLE PUBLIC.node_network_parameters ADD CONSTRAINT node_network_parameters_pkey PRIMARY KEY (hash) {changeSet=migration/node-services.changelog-init.xml::network_parameters_pk::R3.Corda, databaseChangeLog=master.changelog.json}
?[m?[37m[INFO] 11:44:43,254 [Test worker] changelog.ChangeSet. - Primary key added to node_network_parameters (hash) {changeSet=migration/node-services.changelog-init.xml::network_parameters_pk::R3.Corda, databaseChangeLog=master.changelog.json}
?[m?[37m[INFO] 11:44:43,254 [Test worker] changelog.ChangeSet. - ChangeSet migration/node-services.changelog-init.xml::network_parameters_pk::R3.Corda ran successfully in 0ms {changeSet=migration/node-services.changelog-init.xml::network_parameters_pk::R3.Corda, databaseChangeLog=master.changelog.json}
?[m?[37m[INFO] 11:44:43,255 [Test worker] jvm.JdbcExecutor. - INSERT INTO PUBLIC.DATABASECHANGELOG (ID, AUTHOR, FILENAME, DATEEXECUTED, ORDEREXECUTED, MD5SUM, DESCRIPTION, COMMENTS, EXECTYPE, CONTEXTS, LABELS, LIQUIBASE, DEPLOYMENT_ID) VALUES ('network_parameters_pk', 'R3.Corda', 'migration/node-services.changelog-init.xml', NOW(), 83, '8:fc0358b8cab487b52558cd68d6feaf9e', 'addPrimaryKey constraintName=node_network_parameters_pkey, tableName=node_network_parameters', '', 'EXECUTED', NULL, NULL, '3.6.3', '2067483061') {changeSet=migration/node-services.changelog-init.xml::network_parameters_pk::R3.Corda, databaseChangeLog=master.changelog.json}
?[m?[37m[INFO] 11:44:43,257 [Test worker] jvm.JdbcExecutor. - ALTER TABLE PUBLIC.node_attachments ADD version INT {changeSet=migration/node-services.changelog-init.xml::add_version_column::R3.Corda, databaseChangeLog=master.changelog.json}
?[m?[37m[INFO] 11:44:43,259 [Test worker] changelog.ChangeSet. - Columns version(INT) added to node_attachments {changeSet=migration/node-services.changelog-init.xml::add_version_column::R3.Corda, databaseChangeLog=master.changelog.json}
?[m?[37m[INFO] 11:44:43,260 [Test worker] jvm.JdbcExecutor. - update node_attachments set version = 1 {changeSet=migration/node-services.changelog-init.xml::add_version_column::R3.Corda, databaseChangeLog=master.changelog.json}
?[m?[37m[INFO] 11:44:43,260 [Test worker] changelog.ChangeSet. - Custom SQL executed {changeSet=migration/node-services.changelog-init.xml::add_version_column::R3.Corda, databaseChangeLog=master.changelog.json}
?[m?[37m[INFO] 11:44:43,260 [Test worker] jvm.JdbcExecutor. - ALTER TABLE PUBLIC.node_attachments ALTER COLUMN version SET NOT NULL {changeSet=migration/node-services.changelog-init.xml::add_version_column::R3.Corda, databaseChangeLog=master.changelog.json}
?[m?[37m[INFO] 11:44:43,260 [Test worker] changelog.ChangeSet. - NOT NULL constraint has been added to node_attachments.version {changeSet=migration/node-services.changelog-init.xml::add_version_column::R3.Corda, databaseChangeLog=master.changelog.json}
?[m?[37m[INFO] 11:44:43,260 [Test worker] changelog.ChangeSet. - ChangeSet migration/node-services.changelog-init.xml::add_version_column::R3.Corda ran successfully in 4ms {changeSet=migration/node-services.changelog-init.xml::add_version_column::R3.Corda, databaseChangeLog=master.changelog.json}
?[m?[37m[INFO] 11:44:43,262 [Test worker] jvm.JdbcExecutor. - INSERT INTO PUBLIC.DATABASECHANGELOG (ID, AUTHOR, FILENAME, DATEEXECUTED, ORDEREXECUTED, MD5SUM, DESCRIPTION, COMMENTS, EXECTYPE, CONTEXTS, LABELS, LIQUIBASE, DEPLOYMENT_ID) VALUES ('add_version_column', 'R3.Corda', 'migration/node-services.changelog-init.xml', NOW(), 84, '8:ab6a3101d1da88b0f174ccc06a62feef', 'addColumn tableName=node_attachments; sql; addNotNullConstraint columnName=version, tableName=node_attachments', '', 'EXECUTED', NULL, NULL, '3.6.3', '2067483061') {changeSet=migration/node-services.changelog-init.xml::add_version_column::R3.Corda, databaseChangeLog=master.changelog.json}
?[m?[37m[INFO] 11:44:43,263 [Test worker] persistence.AttachmentVersionNumberMigration. - Start executing... {changeSet=migration/node-services.changelog-init.xml::update-version-of-whitelisted-jars::R3.Corda, databaseChangeLog=master.changelog.json}
?[m?[37m[INFO] 11:44:43,264 [Test worker] persistence.AttachmentVersionNumberMigration. - Attachment version creation from whitelisted JARs using network parameters from build/mock-network/20201007-104441.993/nodes/1/network-parameters, whitelistedContractImplementations: {}. {changeSet=migration/node-services.changelog-init.xml::update-version-of-whitelisted-jars::R3.Corda, databaseChangeLog=master.changelog.json}
?[m?[37m[INFO] 11:44:43,264 [Test worker] persistence.AttachmentVersionNumberMigration. - Attachment version creation from whitelisted JARs skipped, no attachments not found. {changeSet=migration/node-services.changelog-init.xml::update-version-of-whitelisted-jars::R3.Corda, databaseChangeLog=master.changelog.json}
?[m?[37m[INFO] 11:44:43,264 [Test worker] changelog.ChangeSet. - null {changeSet=migration/node-services.changelog-init.xml::update-version-of-whitelisted-jars::R3.Corda, databaseChangeLog=master.changelog.json}
?[m?[37m[INFO] 11:44:43,264 [Test worker] changelog.ChangeSet. - ChangeSet migration/node-services.changelog-init.xml::update-version-of-whitelisted-jars::R3.Corda ran successfully in 1ms {changeSet=migration/node-services.changelog-init.xml::update-version-of-whitelisted-jars::R3.Corda, databaseChangeLog=master.changelog.json}
?[m?[37m[INFO] 11:44:43,265 [Test worker] jvm.JdbcExecutor. - INSERT INTO PUBLIC.DATABASECHANGELOG (ID, AUTHOR, FILENAME, DATEEXECUTED, ORDEREXECUTED, MD5SUM, DESCRIPTION, COMMENTS, EXECTYPE, CONTEXTS, LABELS, LIQUIBASE, DEPLOYMENT_ID) VALUES ('update-version-of-whitelisted-jars', 'R3.Corda', 'migration/node-services.changelog-init.xml', NOW(), 85, '8:1d4174a12a4902070f6bf2ba624b0e97', 'customChange', '', 'EXECUTED', NULL, NULL, '3.6.3', '2067483061') {changeSet=migration/node-services.changelog-init.xml::update-version-of-whitelisted-jars::R3.Corda, databaseChangeLog=master.changelog.json}
?[m?[37m[INFO] 11:44:43,266 [Test worker] jvm.JdbcExecutor. - CREATE TABLE PUBLIC.node_identities_no_cert (pk_hash NVARCHAR(130) NOT NULL, name NVARCHAR(128) NOT NULL) {changeSet=migration/node-services.changelog-init.xml::add-new-persistence-table::R3.Corda, databaseChangeLog=master.changelog.json}
?[m?[37m[INFO] 11:44:43,267 [Test worker] changelog.ChangeSet. - Table node_identities_no_cert created {changeSet=migration/node-services.changelog-init.xml::add-new-persistence-table::R3.Corda, databaseChangeLog=master.changelog.json}
?[m?[37m[INFO] 11:44:43,267 [Test worker] jvm.JdbcExecutor. - ALTER TABLE PUBLIC.node_identities_no_cert ADD CONSTRAINT node_identities_no_cert_pkey PRIMARY KEY (pk_hash) {changeSet=migration/node-services.changelog-init.xml::add-new-persistence-table::R3.Corda, databaseChangeLog=master.changelog.json}
?[m?[37m[INFO] 11:44:43,267 [Test worker] changelog.ChangeSet. - Primary key added to node_identities_no_cert (pk_hash) {changeSet=migration/node-services.changelog-init.xml::add-new-persistence-table::R3.Corda, databaseChangeLog=master.changelog.json}
?[m?[37m[INFO] 11:44:43,267 [Test worker] changelog.ChangeSet. - ChangeSet migration/node-services.changelog-init.xml::add-new-persistence-table::R3.Corda ran successfully in 1ms {changeSet=migration/node-services.changelog-init.xml::add-new-persistence-table::R3.Corda, databaseChangeLog=master.changelog.json}
?[m?[37m[INFO] 11:44:43,268 [Test worker] jvm.JdbcExecutor. - INSERT INTO PUBLIC.DATABASECHANGELOG (ID, AUTHOR, FILENAME, DATEEXECUTED, ORDEREXECUTED, MD5SUM, DESCRIPTION, COMMENTS, EXECTYPE, CONTEXTS, LABELS, LIQUIBASE, DEPLOYMENT_ID) VALUES ('add-new-persistence-table', 'R3.Corda', 'migration/node-services.changelog-init.xml', NOW(), 86, '8:cb3302a80bf346270e0d8f3509c64a9b', 'createTable tableName=node_identities_no_cert; addPrimaryKey constraintName=node_identities_no_cert_pkey, tableName=node_identities_no_cert', '', 'EXECUTED', NULL, NULL, '3.6.3', '2067483061') {changeSet=migration/node-services.changelog-init.xml::add-new-persistence-table::R3.Corda, databaseChangeLog=master.changelog.json}
?[m?[37m[INFO] 11:44:43,270 [Test worker] jvm.JdbcExecutor. - ALTER TABLE PUBLIC.pk_hash_to_ext_id_map DROP COLUMN id {changeSet=migration/node-services.changelog-init.xml::migrate_pk_hash_to_ext_id::R3.Corda, databaseChangeLog=master.changelog.json}
?[m?[37m[INFO] 11:44:43,271 [Test worker] changelog.ChangeSet. - Column pk_hash_to_ext_id_map.id dropped {changeSet=migration/node-services.changelog-init.xml::migrate_pk_hash_to_ext_id::R3.Corda, databaseChangeLog=master.changelog.json}
?[m?[37m[INFO] 11:44:43,271 [Test worker] jvm.JdbcExecutor. - DROP INDEX PUBLIC.pk_hash_to_xid_idx {changeSet=migration/node-services.changelog-init.xml::migrate_pk_hash_to_ext_id::R3.Corda, databaseChangeLog=master.changelog.json}
?[m?[37m[INFO] 11:44:43,272 [Test worker] changelog.ChangeSet. - Index pk_hash_to_xid_idx dropped from table pk_hash_to_ext_id_map {changeSet=migration/node-services.changelog-init.xml::migrate_pk_hash_to_ext_id::R3.Corda, databaseChangeLog=master.changelog.json}
?[m?[37m[INFO] 11:44:43,272 [Test worker] jvm.JdbcExecutor. - ALTER TABLE PUBLIC.pk_hash_to_ext_id_map ADD CONSTRAINT pubkey_hash_to_external_id_pk PRIMARY KEY (public_key_hash) {changeSet=migration/node-services.changelog-init.xml::migrate_pk_hash_to_ext_id::R3.Corda, databaseChangeLog=master.changelog.json}
?[m?[37m[INFO] 11:44:43,272 [Test worker] changelog.ChangeSet. - Primary key added to pk_hash_to_ext_id_map (public_key_hash) {changeSet=migration/node-services.changelog-init.xml::migrate_pk_hash_to_ext_id::R3.Corda, databaseChangeLog=master.changelog.json}
?[m?[37m[INFO] 11:44:43,272 [Test worker] jvm.JdbcExecutor. - CREATE INDEX PUBLIC.ext_id_idx ON PUBLIC.pk_hash_to_ext_id_map(external_id) {changeSet=migration/node-services.changelog-init.xml::migrate_pk_hash_to_ext_id::R3.Corda, databaseChangeLog=master.changelog.json}
?[m?[37m[INFO] 11:44:43,272 [Test worker] changelog.ChangeSet. - Index ext_id_idx created {changeSet=migration/node-services.changelog-init.xml::migrate_pk_hash_to_ext_id::R3.Corda, databaseChangeLog=master.changelog.json}
?[m?[37m[INFO] 11:44:43,272 [Test worker] changelog.ChangeSet. - ChangeSet migration/node-services.changelog-init.xml::migrate_pk_hash_to_ext_id::R3.Corda ran successfully in 3ms {changeSet=migration/node-services.changelog-init.xml::migrate_pk_hash_to_ext_id::R3.Corda, databaseChangeLog=master.changelog.json}
?[m?[37m[INFO] 11:44:43,274 [Test worker] jvm.JdbcExecutor. - INSERT INTO PUBLIC.DATABASECHANGELOG (ID, AUTHOR, FILENAME, DATEEXECUTED, ORDEREXECUTED, MD5SUM, DESCRIPTION, COMMENTS, EXECTYPE, CONTEXTS, LABELS, LIQUIBASE, DEPLOYMENT_ID) VALUES ('migrate_pk_hash_to_ext_id', 'R3.Corda', 'migration/node-services.changelog-init.xml', NOW(), 87, '8:daf9ba8b9522b5ed5e0c474f220a5ef9', 'dropColumn columnName=id, tableName=pk_hash_to_ext_id_map; dropIndex indexName=pk_hash_to_xid_idx, tableName=pk_hash_to_ext_id_map; addPrimaryKey constraintName=pubkey_hash_to_external_id_pk, tableName=pk_hash_to_ext_id_map; createIndex indexName=...', '', 'EXECUTED', NULL, NULL, '3.6.3', '2067483061') {changeSet=migration/node-services.changelog-init.xml::migrate_pk_hash_to_ext_id::R3.Corda, databaseChangeLog=master.changelog.json}
?[m?[37m[INFO] 11:44:43,275 [Test worker] changelog.ChangeSet. - null {changeSet=migration/node-services.changelog-init.xml::migrate_identity_service_to_use_publicKey.toShortString()::R3.Corda, databaseChangeLog=master.changelog.json}
?[m?[37m[INFO] 11:44:43,275 [Test worker] changelog.ChangeSet. - ChangeSet migration/node-services.changelog-init.xml::migrate_identity_service_to_use_publicKey.toShortString()::R3.Corda ran successfully in 0ms {changeSet=migration/node-services.changelog-init.xml::migrate_identity_service_to_use_publicKey.toShortString()::R3.Corda, databaseChangeLog=master.changelog.json}
?[m?[37m[INFO] 11:44:43,276 [Test worker] jvm.JdbcExecutor. - INSERT INTO PUBLIC.DATABASECHANGELOG (ID, AUTHOR, FILENAME, DATEEXECUTED, ORDEREXECUTED, MD5SUM, DESCRIPTION, COMMENTS, EXECTYPE, CONTEXTS, LABELS, LIQUIBASE, DEPLOYMENT_ID) VALUES ('migrate_identity_service_to_use_publicKey.toShortString()', 'R3.Corda', 'migration/node-services.changelog-init.xml', NOW(), 88, '8:51a17ecff2c7f17e1502992fdda4356d', 'customChange', '', 'EXECUTED', NULL, NULL, '3.6.3', '2067483061') {changeSet=migration/node-services.changelog-init.xml::migrate_identity_service_to_use_publicKey.toShortString()::R3.Corda, databaseChangeLog=master.changelog.json}
?[m?[37m[INFO] 11:44:43,276 [Test worker] jvm.JdbcExecutor. - ALTER TABLE PUBLIC.node_transactions ADD status NVARCHAR(1) DEFAULT 'V' NOT NULL {changeSet=migration/node-services.changelog-init.xml::add_status_column::R3.Corda, databaseChangeLog=master.changelog.json}
?[m?[37m[INFO] 11:44:43,278 [Test worker] changelog.ChangeSet. - Columns status(NVARCHAR(1)) added to node_transactions {changeSet=migration/node-services.changelog-init.xml::add_status_column::R3.Corda, databaseChangeLog=master.changelog.json}
?[m?[37m[INFO] 11:44:43,278 [Test worker] changelog.ChangeSet. - ChangeSet migration/node-services.changelog-init.xml::add_status_column::R3.Corda ran successfully in 2ms {changeSet=migration/node-services.changelog-init.xml::add_status_column::R3.Corda, databaseChangeLog=master.changelog.json}
?[m?[37m[INFO] 11:44:43,280 [Test worker] jvm.JdbcExecutor. - INSERT INTO PUBLIC.DATABASECHANGELOG (ID, AUTHOR, FILENAME, DATEEXECUTED, ORDEREXECUTED, MD5SUM, DESCRIPTION, COMMENTS, EXECTYPE, CONTEXTS, LABELS, LIQUIBASE, DEPLOYMENT_ID) VALUES ('add_status_column', 'R3.Corda', 'migration/node-services.changelog-init.xml', NOW(), 89, '8:163dc66ab97910470ce080cd4c4d33ef', 'addColumn tableName=node_transactions', '', 'EXECUTED', NULL, NULL, '3.6.3', '2067483061') {changeSet=migration/node-services.changelog-init.xml::add_status_column::R3.Corda, databaseChangeLog=master.changelog.json}
?[m?[37m[INFO] 11:44:43,281 [Test worker] jvm.JdbcExecutor. - CREATE TABLE PUBLIC.node_hash_to_key (pk_hash NVARCHAR(130) NOT NULL, public_key BLOB NOT NULL) {changeSet=migration/node-services.changelog-init.xml::add-new-pk-hash-to-pk-table::R3.Corda, databaseChangeLog=master.changelog.json}
?[m?[37m[INFO] 11:44:43,281 [Test worker] changelog.ChangeSet. - Table node_hash_to_key created {changeSet=migration/node-services.changelog-init.xml::add-new-pk-hash-to-pk-table::R3.Corda, databaseChangeLog=master.changelog.json}
?[m?[37m[INFO] 11:44:43,281 [Test worker] jvm.JdbcExecutor. - ALTER TABLE PUBLIC.node_hash_to_key ADD CONSTRAINT node_hash_to_key_pk_hash PRIMARY KEY (pk_hash) {changeSet=migration/node-services.changelog-init.xml::add-new-pk-hash-to-pk-table::R3.Corda, databaseChangeLog=master.changelog.json}
?[m?[37m[INFO] 11:44:43,282 [Test worker] changelog.ChangeSet. - Primary key added to node_hash_to_key (pk_hash) {changeSet=migration/node-services.changelog-init.xml::add-new-pk-hash-to-pk-table::R3.Corda, databaseChangeLog=master.changelog.json}
?[m?[37m[INFO] 11:44:43,282 [Test worker] changelog.ChangeSet. - ChangeSet migration/node-services.changelog-init.xml::add-new-pk-hash-to-pk-table::R3.Corda ran successfully in 2ms {changeSet=migration/node-services.changelog-init.xml::add-new-pk-hash-to-pk-table::R3.Corda, databaseChangeLog=master.changelog.json}
?[m?[37m[INFO] 11:44:43,284 [Test worker] jvm.JdbcExecutor. - INSERT INTO PUBLIC.DATABASECHANGELOG (ID, AUTHOR, FILENAME, DATEEXECUTED, ORDEREXECUTED, MD5SUM, DESCRIPTION, COMMENTS, EXECTYPE, CONTEXTS, LABELS, LIQUIBASE, DEPLOYMENT_ID) VALUES ('add-new-pk-hash-to-pk-table', 'R3.Corda', 'migration/node-services.changelog-init.xml', NOW(), 90, '8:90ed8145a19f497b5c95a5c9542917f0', 'createTable tableName=node_hash_to_key; addPrimaryKey constraintName=node_hash_to_key_pk_hash, tableName=node_hash_to_key', '', 'EXECUTED', NULL, NULL, '3.6.3', '2067483061') {changeSet=migration/node-services.changelog-init.xml::add-new-pk-hash-to-pk-table::R3.Corda, databaseChangeLog=master.changelog.json}
?[m?[37m[INFO] 11:44:43,284 [Test worker] jvm.JdbcExecutor. - ALTER TABLE PUBLIC.node_transactions ADD timestamp TIMESTAMP DEFAULT '2000-01-01 12:00:00' NOT NULL {changeSet=migration/node-services.changelog-init.xml::add_timestamp_column_to_node_transactions::R3.Corda, databaseChangeLog=master.changelog.json}
?[m?[37m[INFO] 11:44:43,286 [Test worker] changelog.ChangeSet. - Columns timestamp(TIMESTAMP) added to node_transactions {changeSet=migration/node-services.changelog-init.xml::add_timestamp_column_to_node_transactions::R3.Corda, databaseChangeLog=master.changelog.json}
?[m?[37m[INFO] 11:44:43,286 [Test worker] changelog.ChangeSet. - ChangeSet migration/node-services.changelog-init.xml::add_timestamp_column_to_node_transactions::R3.Corda ran successfully in 2ms {changeSet=migration/node-services.changelog-init.xml::add_timestamp_column_to_node_transactions::R3.Corda, databaseChangeLog=master.changelog.json}
?[m?[37m[INFO] 11:44:43,287 [Test worker] jvm.JdbcExecutor. - INSERT INTO PUBLIC.DATABASECHANGELOG (ID, AUTHOR, FILENAME, DATEEXECUTED, ORDEREXECUTED, MD5SUM, DESCRIPTION, COMMENTS, EXECTYPE, CONTEXTS, LABELS, LIQUIBASE, DEPLOYMENT_ID) VALUES ('add_timestamp_column_to_node_transactions', 'R3.Corda', 'migration/node-services.changelog-init.xml', NOW(), 91, '8:bc308c6c38c83b58a03f11f0943a944f', 'addColumn tableName=node_transactions', '', 'EXECUTED', NULL, NULL, '3.6.3', '2067483061') {changeSet=migration/node-services.changelog-init.xml::add_timestamp_column_to_node_transactions::R3.Corda, databaseChangeLog=master.changelog.json}
?[m?[37m[INFO] 11:44:43,288 [Test worker] migration.VaultStateMigration. - Migrating vault state data to V4 tables {changeSet=migration/vault-schema.changelog-v9.xml::update-vault-states::R3.Corda, databaseChangeLog=master.changelog.json}
?[m?[37m[INFO] 11:44:43,290 [Test worker] persistence.HibernateConfiguration. - Init HibernateConfiguration for schemas: [VaultMigrationSchemaV1(name=net.corda.node.migration.VaultMigrationSchema, version=1), VaultSchemaV1(name=net.corda.node.services.vault.VaultSchema, version=1)] {changeSet=migration/vault-schema.changelog-v9.xml::update-vault-states::R3.Corda, databaseChangeLog=master.changelog.json}
?[m?[37m[INFO] 11:44:43,290 [Test worker] factory.BaseSessionFactoryFactory. - Creating session factory for schemas: [VaultMigrationSchemaV1(name=net.corda.node.migration.VaultMigrationSchema, version=1), VaultSchemaV1(name=net.corda.node.services.vault.VaultSchema, version=1)] {changeSet=migration/vault-schema.changelog-v9.xml::update-vault-states::R3.Corda, databaseChangeLog=master.changelog.json}
?[m?[37m[INFO] 11:44:43,303 [Test worker] internal.ConnectionProviderInitiator. - HHH000130: Instantiating explicit connection provider: net.corda.nodeapi.internal.persistence.HibernateConfiguration$NodeDatabaseConnectionProvider {changeSet=migration/vault-schema.changelog-v9.xml::update-vault-states::R3.Corda, databaseChangeLog=master.changelog.json}
?[m?[37m[INFO] 11:44:43,303 [Test worker] dialect.Dialect. - HHH000400: Using dialect: org.hibernate.dialect.H2Dialect {changeSet=migration/vault-schema.changelog-v9.xml::update-vault-states::R3.Corda, databaseChangeLog=master.changelog.json}
?[m?[37m[INFO] 11:44:43,344 [Test worker] connections.access. - HHH10001501: Connection obtained from JdbcConnectionAccess [org.hibernate.engine.jdbc.env.internal.JdbcEnvironmentInitiator$ConnectionProviderJdbcConnectionAccess@23964e64] for (non-JTA) DDL execution was not in auto-commit mode; the Connection 'local transaction' will be committed and the Connection will be set into auto-commit mode. {changeSet=migration/vault-schema.changelog-v9.xml::update-vault-states::R3.Corda, databaseChangeLog=master.changelog.json}
?[m?[37m[INFO] 11:44:43,359 [Test worker] internal.JtaPlatformInitiator. - HHH000490: Using JtaPlatform implementation: [org.hibernate.engine.transaction.jta.platform.internal.NoJtaPlatform] {changeSet=migration/vault-schema.changelog-v9.xml::update-vault-states::R3.Corda, databaseChangeLog=master.changelog.json}
?[m?[37m[INFO] 11:44:43,359 [Test worker] factory.BaseSessionFactoryFactory. - Created session factory for schemas: [VaultMigrationSchemaV1(name=net.corda.node.migration.VaultMigrationSchema, version=1), VaultSchemaV1(name=net.corda.node.services.vault.VaultSchema, version=1)] {changeSet=migration/vault-schema.changelog-v9.xml::update-vault-states::R3.Corda, databaseChangeLog=master.changelog.json}
?[m?[37m[INFO] 11:44:43,361 [Test worker] migration.VaultStateMigration. - Finished performing vault state data migration for 0 states {changeSet=migration/vault-schema.changelog-v9.xml::update-vault-states::R3.Corda, databaseChangeLog=master.changelog.json}
?[m?[37m[INFO] 11:44:43,361 [Test worker] changelog.ChangeSet. - null {changeSet=migration/vault-schema.changelog-v9.xml::update-vault-states::R3.Corda, databaseChangeLog=master.changelog.json}
?[m?[37m[INFO] 11:44:43,361 [Test worker] changelog.ChangeSet. - ChangeSet migration/vault-schema.changelog-v9.xml::update-vault-states::R3.Corda ran successfully in 73ms {changeSet=migration/vault-schema.changelog-v9.xml::update-vault-states::R3.Corda, databaseChangeLog=master.changelog.json}
?[m?[37m[INFO] 11:44:43,362 [Test worker] jvm.JdbcExecutor. - INSERT INTO PUBLIC.DATABASECHANGELOG (ID, AUTHOR, FILENAME, DATEEXECUTED, ORDEREXECUTED, MD5SUM, DESCRIPTION, COMMENTS, EXECTYPE, CONTEXTS, LABELS, LIQUIBASE, DEPLOYMENT_ID) VALUES ('update-vault-states', 'R3.Corda', 'migration/vault-schema.changelog-v9.xml', NOW(), 92, '8:f8f4c73846280164daf6855e1ecf3cc6', 'customChange', '', 'EXECUTED', NULL, NULL, '3.6.3', '2067483061') {changeSet=migration/vault-schema.changelog-v9.xml::update-vault-states::R3.Corda, databaseChangeLog=master.changelog.json}
?[m?[37m[INFO] 11:44:43,362 [Test worker] migration.PersistentIdentityMigrationNewTable. - Migrating persistent identities with certificates table into persistent table with no certificate data. {changeSet=migration/node-services.changelog-init.xml::transfer-to-new-persistence-table::R3.Corda, databaseChangeLog=master.changelog.json}
?[m?[37m[INFO] 11:44:43,363 [Test worker] persistence.HibernateConfiguration. - Init HibernateConfiguration for schemas: [MappedSchema(name=net.corda.node.migration.PersistentIdentitiesMigrationSchema, version=1)] {changeSet=migration/node-services.changelog-init.xml::transfer-to-new-persistence-table::R3.Corda, databaseChangeLog=master.changelog.json}
?[m?[37m[INFO] 11:44:43,363 [Test worker] factory.BaseSessionFactoryFactory. - Creating session factory for schemas: [MappedSchema(name=net.corda.node.migration.PersistentIdentitiesMigrationSchema, version=1)] {changeSet=migration/node-services.changelog-init.xml::transfer-to-new-persistence-table::R3.Corda, databaseChangeLog=master.changelog.json}
?[m?[37m[INFO] 11:44:43,366 [Test worker] internal.ConnectionProviderInitiator. - HHH000130: Instantiating explicit connection provider: net.corda.nodeapi.internal.persistence.HibernateConfiguration$NodeDatabaseConnectionProvider {changeSet=migration/node-services.changelog-init.xml::transfer-to-new-persistence-table::R3.Corda, databaseChangeLog=master.changelog.json}
?[m?[37m[INFO] 11:44:43,366 [Test worker] dialect.Dialect. - HHH000400: Using dialect: org.hibernate.dialect.H2Dialect {changeSet=migration/node-services.changelog-init.xml::transfer-to-new-persistence-table::R3.Corda, databaseChangeLog=master.changelog.json}
?[m?[37m[INFO] 11:44:43,377 [Test worker] connections.access. - HHH10001501: Connection obtained from JdbcConnectionAccess [org.hibernate.engine.jdbc.env.internal.JdbcEnvironmentInitiator$ConnectionProviderJdbcConnectionAccess@2a2e3978] for (non-JTA) DDL execution was not in auto-commit mode; the Connection 'local transaction' will be committed and the Connection will be set into auto-commit mode. {changeSet=migration/node-services.changelog-init.xml::transfer-to-new-persistence-table::R3.Corda, databaseChangeLog=master.changelog.json}
?[m?[37m[INFO] 11:44:43,390 [Test worker] internal.JtaPlatformInitiator. - HHH000490: Using JtaPlatform implementation: [org.hibernate.engine.transaction.jta.platform.internal.NoJtaPlatform] {changeSet=migration/node-services.changelog-init.xml::transfer-to-new-persistence-table::R3.Corda, databaseChangeLog=master.changelog.json}
?[m?[37m[INFO] 11:44:43,390 [Test worker] factory.BaseSessionFactoryFactory. - Created session factory for schemas: [MappedSchema(name=net.corda.node.migration.PersistentIdentitiesMigrationSchema, version=1)] {changeSet=migration/node-services.changelog-init.xml::transfer-to-new-persistence-table::R3.Corda, databaseChangeLog=master.changelog.json}
?[m?[37m[INFO] 11:44:43,391 [Test worker] changelog.ChangeSet. - null {changeSet=migration/node-services.changelog-init.xml::transfer-to-new-persistence-table::R3.Corda, databaseChangeLog=master.changelog.json}
?[m?[37m[INFO] 11:44:43,391 [Test worker] changelog.ChangeSet. - ChangeSet migration/node-services.changelog-init.xml::transfer-to-new-persistence-table::R3.Corda ran successfully in 29ms {changeSet=migration/node-services.changelog-init.xml::transfer-to-new-persistence-table::R3.Corda, databaseChangeLog=master.changelog.json}
?[m?[37m[INFO] 11:44:43,392 [Test worker] jvm.JdbcExecutor. - INSERT INTO PUBLIC.DATABASECHANGELOG (ID, AUTHOR, FILENAME, DATEEXECUTED, ORDEREXECUTED, MD5SUM, DESCRIPTION, COMMENTS, EXECTYPE, CONTEXTS, LABELS, LIQUIBASE, DEPLOYMENT_ID) VALUES ('transfer-to-new-persistence-table', 'R3.Corda', 'migration/node-services.changelog-init.xml', NOW(), 93, '8:dc5c1913b593f4a2b95ddca810da11ba', 'customChange', '', 'EXECUTED', NULL, NULL, '3.6.3', '2067483061') {changeSet=migration/node-services.changelog-init.xml::transfer-to-new-persistence-table::R3.Corda, databaseChangeLog=master.changelog.json}
?[m?[37m[INFO] 11:44:43,392 [Test worker] lockservice.StandardLockService. - Successfully released change log lock
?[m?[37m[INFO] 11:44:43,392 [Test worker] internal.InternalMockNetwork$MockNode. - Connected to H2 database.
?[m?[37m[INFO] 11:44:43,394 [Test worker] persistence.HibernateConfiguration. - Init HibernateConfiguration for schemas: [CommonSchemaV1(name=net.corda.core.schemas.CommonSchema, version=1), VaultSchemaV1(name=net.corda.node.services.vault.VaultSchema, version=1), NodeInfoSchemaV1(name=net.corda.node.internal.schemas.NodeInfoSchema, version=1), NodeCoreV1(name=net.corda.node.services.schema.NodeSchemaService$NodeCore, version=1), AccountsContractsSchemaV1(name=com.r3.corda.lib.accounts.contracts.internal.schemas.AccountsContractsSchema, version=1), AccountsWorkflowsSchemaV1(name=com.r3.corda.lib.accounts.workflows.internal.schemas.AccountsWorkflowsSchema, version=1), FungibleTokenSchemaV1(name=com.r3.corda.lib.tokens.contracts.internal.schemas.FungibleTokenSchema, version=1), NonFungibleTokenSchemaV1(name=com.r3.corda.lib.tokens.contracts.internal.schemas.NonFungibleTokenSchema, version=1), TokenSchemaV1(name=com.r3.corda.lib.tokens.contracts.schemas.TokenSchema, version=1), DistributionRecordSchemaV1(name=com.r3.corda.lib.tokens.workflows.internal.schemas.DistributionRecordSchema, version=1)]
?[m?[37m[INFO] 11:44:43,394 [Test worker] factory.BaseSessionFactoryFactory. - Creating session factory for schemas: [CommonSchemaV1(name=net.corda.core.schemas.CommonSchema, version=1), VaultSchemaV1(name=net.corda.node.services.vault.VaultSchema, version=1), NodeInfoSchemaV1(name=net.corda.node.internal.schemas.NodeInfoSchema, version=1), NodeCoreV1(name=net.corda.node.services.schema.NodeSchemaService$NodeCore, version=1), AccountsContractsSchemaV1(name=com.r3.corda.lib.accounts.contracts.internal.schemas.AccountsContractsSchema, version=1), AccountsWorkflowsSchemaV1(name=com.r3.corda.lib.accounts.workflows.internal.schemas.AccountsWorkflowsSchema, version=1), FungibleTokenSchemaV1(name=com.r3.corda.lib.tokens.contracts.internal.schemas.FungibleTokenSchema, version=1), NonFungibleTokenSchemaV1(name=com.r3.corda.lib.tokens.contracts.internal.schemas.NonFungibleTokenSchema, version=1), TokenSchemaV1(name=com.r3.corda.lib.tokens.contracts.schemas.TokenSchema, version=1), DistributionRecordSchemaV1(name=com.r3.corda.lib.tokens.workflows.internal.schemas.DistributionRecordSchema, version=1)]
?[m?[37m[INFO] 11:44:43,400 [Test worker] internal.ConnectionProviderInitiator. - HHH000130: Instantiating explicit connection provider: net.corda.nodeapi.internal.persistence.HibernateConfiguration$NodeDatabaseConnectionProvider
?[m?[37m[INFO] 11:44:43,400 [Test worker] dialect.Dialect. - HHH000400: Using dialect: org.hibernate.dialect.H2Dialect
?[m?[37m[INFO] 11:44:43,447 [Test worker] connections.access. - HHH10001501: Connection obtained from JdbcConnectionAccess [org.hibernate.engine.jdbc.env.internal.JdbcEnvironmentInitiator$ConnectionProviderJdbcConnectionAccess@122338cf] for (non-JTA) DDL execution was not in auto-commit mode; the Connection 'local transaction' will be committed and the Connection will be set into auto-commit mode.
?[m?[37m[INFO] 11:44:43,486 [Test worker] internal.JtaPlatformInitiator. - HHH000490: Using JtaPlatform implementation: [org.hibernate.engine.transaction.jta.platform.internal.NoJtaPlatform]
?[m?[37m[INFO] 11:44:43,486 [Test worker] factory.BaseSessionFactoryFactory. - Created session factory for schemas: [CommonSchemaV1(name=net.corda.core.schemas.CommonSchema, version=1), VaultSchemaV1(name=net.corda.node.services.vault.VaultSchema, version=1), NodeInfoSchemaV1(name=net.corda.node.internal.schemas.NodeInfoSchema, version=1), NodeCoreV1(name=net.corda.node.services.schema.NodeSchemaService$NodeCore, version=1), AccountsContractsSchemaV1(name=com.r3.corda.lib.accounts.contracts.internal.schemas.AccountsContractsSchema, version=1), AccountsWorkflowsSchemaV1(name=com.r3.corda.lib.accounts.workflows.internal.schemas.AccountsWorkflowsSchema, version=1), FungibleTokenSchemaV1(name=com.r3.corda.lib.tokens.contracts.internal.schemas.FungibleTokenSchema, version=1), NonFungibleTokenSchemaV1(name=com.r3.corda.lib.tokens.contracts.internal.schemas.NonFungibleTokenSchema, version=1), TokenSchemaV1(name=com.r3.corda.lib.tokens.contracts.schemas.TokenSchema, version=1), DistributionRecordSchemaV1(name=com.r3.corda.lib.tokens.workflows.internal.schemas.DistributionRecordSchema, version=1)]
?[m?[37m[INFO] 11:44:43,488 [Test worker] internal.InternalMockNetwork$MockNode. - identity-private-key not found in key store, generating fresh key!
?[m?[37m[INFO] 11:44:43,504 [Test worker] internal.InternalMockNetwork$MockNode. - Node-info has changed so submitting update. Old node-info was null
?[m?[37m[INFO] 11:44:43,504 [Test worker] network.PersistentNetworkMapCache. - Adding node with info: NodeInfo(addresses=[mock.node:1000], legalIdentitiesAndCerts=[O=ISSUER, L=London, C=GB], platformVersion=7, serial=1602067483504)
?[m?[37m[INFO] 11:44:43,504 [Test worker] network.PersistentNetworkMapCache. - No previous node found for O=ISSUER, L=London, C=GB
?[m?[37m[INFO] 11:44:43,507 [Test worker] internal.InternalMockNetwork$MockNode. - New node-info: NodeInfo(addresses=[mock.node:1000], legalIdentitiesAndCerts=[O=ISSUER, L=London, C=GB], platformVersion=7, serial=1602067483504)
?[m?[37m[INFO] 11:44:43,510 [Test worker] network.NetworkMapUpdater. - Auto-accept enabled for network parameter changes which modify only: [epoch, modifiedTime, packageOwnership, whitelistedContractImplementations]
?[m?[37m[INFO] 11:44:43,510 [Test worker] internal.MockNodeMessagingService. - Status change to true
?[m?[37m[INFO] 11:44:43,510 [Test worker] internal.InternalMockNetwork$MockNode. - MessagingService active change to: true
?[m?[37m[INFO] 11:44:43,511 [MockNode-52-2] network.PersistentNetworkMapCache. - Adding node with info: NodeInfo(addresses=[mock.node:1000], legalIdentitiesAndCerts=[O=ISSUER, L=London, C=GB], platformVersion=7, serial=1602067483504)
?[m?[37m[INFO] 11:44:43,512 [MockNode-52-2] network.PersistentNetworkMapCache. - Previous node was identical to incoming one - doing nothing
?[m?[37m[INFO] 11:44:43,522 [Test worker] ClassloaderUtils. - Contracts loading for '/var/folders/25/rhm4m5t16xjclwm998ppz_b40000gp/T/attachment40045357153692695.jar' took 2 msec
?[m?[37m[INFO] 11:44:43,529 [Test worker] persistence.NodeAttachmentService. - Stored new attachment: id=D370FD972C7E07CE73F4F9B7886D226807F6B16C4EE287398B9C69384109DC14 uploader=app filename=Accounts SDK - States and Contracts
?[m?[37m[INFO] 11:44:43,532 [Test worker] ClassloaderUtils. - Contracts loading for '/var/folders/25/rhm4m5t16xjclwm998ppz_b40000gp/T/attachment7071295609653055372.jar' took 2 msec
?[m?[37m[INFO] 11:44:43,546 [Test worker] persistence.NodeAttachmentService. - Stored new attachment: id=A836B59D71384FC77EEE038AD03646FE8D1634D6C63B09FF03D29AA107D55B81 uploader=app filename=re-issuance - contracts
?[m?[37m[INFO] 11:44:43,549 [Test worker] ClassloaderUtils. - Contracts loading for '/var/folders/25/rhm4m5t16xjclwm998ppz_b40000gp/T/attachment3061373773097932863.jar' took 2 msec
?[m?[37m[INFO] 11:44:43,561 [Test worker] persistence.NodeAttachmentService. - Stored new attachment: id=34705DC9A2C8599998BBDBA7C3D13609AF04D8B3A772F7134D685ECC926D8320 uploader=app filename=Token SDK Contracts
?[m?[37m[INFO] 11:44:43,562 [Test worker] internal.InternalMockNetwork$MockNode. - Installed com.r3.corda.lib.accounts.workflows.services.KeyManagementBackedAccountService Corda service
?[m?[37m[INFO] 11:44:43,562 [Test worker] internal.InternalMockNetwork$MockNode. - Installed com.r3.corda.lib.tokens.selection.memory.services.VaultMigratorService Corda service
?[m?[37m[INFO] 11:44:43,562 [Test worker] cordapp.CordappConfigFileProvider. - Found config for cordapp tokens-workflows-1.2 in build/mock-network/20201007-104441.993/nodes/1/cordapps/config/tokens-workflows-1.2.conf
?[m?[31m[WARN] 11:44:43,563 [Test worker] inMemoryConfigSelectionLogger. - Did not detect a configuration for InMemory selection - enabling memory usage for token indexing. Please set stateSelection.inMemory.enabled to "false" to disable this
?[m?[31m[WARN] 11:44:43,563 [Test worker] inMemoryConfigSelectionLogger. - No indexing method specified. Indexes will be created at run-time for each invocation of selectTokens
?[m?[37m[INFO] 11:44:43,563 [Test worker] inMemoryConfigSelectionLogger. - Found in memory token selection configuration with values indexing strategy: [], cacheSize: 1024
?[m?[31m[WARN] 11:44:43,563 [Test worker] vault.NodeVaultService. - trackBy is called with an already existing, open DB transaction. As a result, there might be states missing from both the snapshot and observable, included in the returned data feed, because of race conditions.
?[m?[31m[WARN] 11:44:43,564 [Test worker] inMemoryConfigSelectionLogger. - Did not detect a configuration for InMemory selection - enabling memory usage for token indexing. Please set stateSelection.inMemory.enabled to "false" to disable this
?[m?[31m[WARN] 11:44:43,564 [Test worker] inMemoryConfigSelectionLogger. - No indexing method specified. Indexes will be created at run-time for each invocation of selectTokens
?[m?[37m[INFO] 11:44:43,564 [Test worker] inMemoryConfigSelectionLogger. - Found in memory token selection configuration with values indexing strategy: [], cacheSize: 1024
?[m?[37m[INFO] 11:44:43,564 [Test worker] services.VaultWatcherService. - Starting async token loading from vault
?[m?[37m[INFO] 11:44:43,564 [Test worker] internal.InternalMockNetwork$MockNode. - Installed com.r3.corda.lib.tokens.selection.memory.services.VaultWatcherService Corda service
?[m?[37m[INFO] 11:44:43,564 [Test worker] internal.InternalMockNetwork$MockNode. - Installed com.r3.dr.ledgergraph.attachment.AttachmentReaderService Corda service
?[m?[37m[INFO] 11:44:43,564 [Test worker] internal.InternalMockNetwork$MockNode. - Installed com.r3.dr.ledgergraph.networkparameters.NetworkParametersReaderService Corda service
?[m?[37m[INFO] 11:44:43,564 [Test worker] internal.InternalMockNetwork$MockNode. - Installed com.r3.dr.ledgergraph.services.ConfigurationService Corda service
?[m?[37m[INFO] 11:44:43,564 [Test worker] internal.InternalMockNetwork$MockNode. - Installed com.r3.dr.ledgergraph.services.LedgerGraphJMXService Corda service
?[m?[37m[INFO] 11:44:43,564 [Test worker] internal.InternalMockNetwork$MockNode. - Installed com.r3.dr.ledgergraph.services.LedgerGraphService Corda service
?[m?[37m[INFO] 11:44:43,564 [Test worker] internal.InternalMockNetwork$MockNode. - Installed com.r3.dr.ledgergraph.transaction.TransactionReaderService Corda service
?[m?[37m[INFO] 11:44:43,565 [pool-10-thread-1] services.VaultWatcherService. - publishing 0 to async state loading callback
?[m?[37m[INFO] 11:44:43,565 [pool-10-thread-1] services.VaultWatcherService. - received token vault update with 0 consumed states and: 0 produced states
?[m?[37m[INFO] 11:44:43,565 [pool-10-thread-1] services.VaultWatcherService. - finished token loading
?[m?[37m[INFO] 11:44:43,566 [Test worker] statemachine.SingleThreadedStateMachineManager. - Node ready, info: NodeInfo(addresses=[mock.node:1000], legalIdentitiesAndCerts=[O=ISSUER, L=London, C=GB], platformVersion=7, serial=1602067483504)
?[m?[37m[INFO] 11:44:43,568 [Test worker] network.PersistentNetworkMapCache. - Adding node with info: NodeInfo(addresses=[mock.node:1000], legalIdentitiesAndCerts=[O=Notary Service, L=Zurich, C=CH], platformVersion=7, serial=1602067482713)
?[m?[37m[INFO] 11:44:43,568 [Test worker] network.PersistentNetworkMapCache. - No previous node found for O=Notary Service, L=Zurich, C=CH
?[m?[37m[INFO] 11:44:43,569 [Thread-250] cordapp.CordappConfigFileProvider. - Found config for cordapp ledger-graph-1.2-SNAPSHOT in build/mock-network/20201007-104441.993/nodes/1/cordapps/config/ledger-graph-1.2-SNAPSHOT.conf
?[m?[37m[INFO] 11:44:43,569 [Thread-250] services.LedgerGraphService. - Configured transaction iterator page size: 100.
?[m?[37m[INFO] 11:44:43,569 [Thread-250] services.LedgerGraphService. - Configured transaction iterator pool size: 10.
?[m?[37m[INFO] 11:44:43,569 [Thread-250] services.LedgerGraphService. - Getting database transaction count...
?[m?[37m[INFO] 11:44:43,570 [Thread-250] services.LedgerGraphService. - Loading 0 transactions from database...
?[m?[37m[INFO] 11:44:43,571 [Test worker] network.PersistentNetworkMapCache. - Adding node with info: NodeInfo(addresses=[mock.node:1000], legalIdentitiesAndCerts=[O=ISSUER, L=London, C=GB], platformVersion=7, serial=1602067483504)
?[m?[37m[INFO] 11:44:43,571 [Thread-250] services.LedgerGraphService. - Done loading transactions from database after 0s.
?[m?[37m[INFO] 11:44:43,571 [Thread-250] services.LedgerGraphService. - The LedgerGraph service has now successfully been initialized.
?[m?[37m[INFO] 11:44:43,571 [Test worker] network.PersistentNetworkMapCache. - No previous node found for O=ISSUER, L=London, C=GB
?[m?[37m[INFO] 11:44:43,573 [Test worker] network.PersistentNetworkMapCache. - Adding node with info: NodeInfo(addresses=[mock.node:1000], legalIdentitiesAndCerts=[O=ISSUER, L=London, C=GB], platformVersion=7, serial=1602067483504)
?[m?[37m[INFO] 11:44:43,573 [Test worker] network.PersistentNetworkMapCache. - Previous node was identical to incoming one - doing nothing
?[m?[37m[INFO] 11:44:43,573 [Test worker] network.PersistentNetworkMapCache. - Adding node with info: NodeInfo(addresses=[mock.node:1000], legalIdentitiesAndCerts=[O=ISSUER, L=London, C=GB], platformVersion=7, serial=1602067483504)
?[m?[37m[INFO] 11:44:43,573 [Test worker] network.PersistentNetworkMapCache. - Previous node was identical to incoming one - doing nothing
?[m?[37m[INFO] 11:44:43,583 [Test worker] cordapp.JarScanningCordappLoader. - Looking for CorDapps in [build/mock-network/20201007-104441.993/nodes/2/cordapps]
?[m?[37m[INFO] 11:44:43,583 [Test worker] cordapp.JarScanningCordappLoader. - Loading CorDapps from RestrictedURL(url=file:/Users/agnieszkaszczepanska/workspace/reissue-sample-cordapp/workflows/build/mock-network/20201007-104441.993/nodes/2/cordapps/accounts-contracts-1.0.jar, rootPackageName=null), RestrictedURL(url=file:/Users/agnieszkaszczepanska/workspace/reissue-sample-cordapp/workflows/build/mock-network/20201007-104441.993/nodes/2/cordapps/accounts-workflows-1.0.jar, rootPackageName=null), RestrictedURL(url=file:/Users/agnieszkaszczepanska/workspace/reissue-sample-cordapp/workflows/build/mock-network/20201007-104441.993/nodes/2/cordapps/reissuance-cordapp-contracts-1.0-SNAPSHOT.jar, rootPackageName=null), RestrictedURL(url=file:/Users/agnieszkaszczepanska/workspace/reissue-sample-cordapp/workflows/build/mock-network/20201007-104441.993/nodes/2/cordapps/workflows.jar, rootPackageName=null), RestrictedURL(url=file:/Users/agnieszkaszczepanska/workspace/reissue-sample-cordapp/workflows/build/mock-network/20201007-104441.993/nodes/2/cordapps/reissuance-cordapp-workflows-1.0-SNAPSHOT.jar, rootPackageName=null), RestrictedURL(url=file:/Users/agnieszkaszczepanska/workspace/reissue-sample-cordapp/workflows/build/mock-network/20201007-104441.993/nodes/2/cordapps/ci-workflows-1.0.jar, rootPackageName=null), RestrictedURL(url=file:/Users/agnieszkaszczepanska/workspace/reissue-sample-cordapp/workflows/build/mock-network/20201007-104441.993/nodes/2/cordapps/tokens-contracts-1.2.jar, rootPackageName=null), RestrictedURL(url=file:/Users/agnieszkaszczepanska/workspace/reissue-sample-cordapp/workflows/build/mock-network/20201007-104441.993/nodes/2/cordapps/tokens-workflows-1.2.jar, rootPackageName=null), RestrictedURL(url=file:/Users/agnieszkaszczepanska/workspace/reissue-sample-cordapp/workflows/build/mock-network/20201007-104441.993/nodes/2/cordapps/ledger-graph-1.2-SNAPSHOT.jar, rootPackageName=null)
?[m?[37m[INFO] 11:44:43,583 [Test worker] cordapp.JarScanningCordappLoader. - Scanning CorDapp in file:/Users/agnieszkaszczepanska/workspace/reissue-sample-cordapp/workflows/build/mock-network/20201007-104441.993/nodes/2/cordapps/accounts-contracts-1.0.jar
?[m?[37m[INFO] 11:44:43,590 [Test worker] cordapp.JarScanningCordappLoader. - Scanning CorDapp in file:/Users/agnieszkaszczepanska/workspace/reissue-sample-cordapp/workflows/build/mock-network/20201007-104441.993/nodes/2/cordapps/accounts-workflows-1.0.jar
?[m?[37m[INFO] 11:44:43,599 [Test worker] cordapp.JarScanningCordappLoader. - Scanning CorDapp in file:/Users/agnieszkaszczepanska/workspace/reissue-sample-cordapp/workflows/build/mock-network/20201007-104441.993/nodes/2/cordapps/reissuance-cordapp-contracts-1.0-SNAPSHOT.jar
?[m?[37m[INFO] 11:44:43,607 [Test worker] cordapp.JarScanningCordappLoader. - Scanning CorDapp in file:/Users/agnieszkaszczepanska/workspace/reissue-sample-cordapp/workflows/build/mock-network/20201007-104441.993/nodes/2/cordapps/workflows.jar
?[m?[37m[INFO] 11:44:43,613 [Test worker] cordapp.JarScanningCordappLoader. - Scanning CorDapp in file:/Users/agnieszkaszczepanska/workspace/reissue-sample-cordapp/workflows/build/mock-network/20201007-104441.993/nodes/2/cordapps/reissuance-cordapp-workflows-1.0-SNAPSHOT.jar
?[m?[37m[INFO] 11:44:43,623 [Test worker] cordapp.JarScanningCordappLoader. - Scanning CorDapp in file:/Users/agnieszkaszczepanska/workspace/reissue-sample-cordapp/workflows/build/mock-network/20201007-104441.993/nodes/2/cordapps/ci-workflows-1.0.jar
?[m?[37m[INFO] 11:44:43,630 [Test worker] cordapp.JarScanningCordappLoader. - Scanning CorDapp in file:/Users/agnieszkaszczepanska/workspace/reissue-sample-cordapp/workflows/build/mock-network/20201007-104441.993/nodes/2/cordapps/tokens-contracts-1.2.jar
?[m?[37m[INFO] 11:44:43,637 [Test worker] cordapp.JarScanningCordappLoader. - Scanning CorDapp in file:/Users/agnieszkaszczepanska/workspace/reissue-sample-cordapp/workflows/build/mock-network/20201007-104441.993/nodes/2/cordapps/tokens-workflows-1.2.jar
?[m?[37m[INFO] 11:44:43,653 [Test worker] cordapp.JarScanningCordappLoader. - Scanning CorDapp in file:/Users/agnieszkaszczepanska/workspace/reissue-sample-cordapp/workflows/build/mock-network/20201007-104441.993/nodes/2/cordapps/ledger-graph-1.2-SNAPSHOT.jar
?[m?[37m[INFO] 11:44:43,680 [Test worker] internal.InternalMockNetwork$MockNode. - MessagingService active change to: false
?[m?[37m[INFO] 11:44:43,682 [Test worker] internal.InternalMockNetwork$MockNode. - Flow external operation executor has a max of 2 threads
?[m?[37m[INFO] 11:44:43,684 [Test worker] internal.InternalMockNetwork$MockNode. - Node starting up ...
?[m?[37m[INFO] 11:44:43,706 [Test worker] internal.NodeFlowManager. - Registered com.r3.corda.lib.accounts.workflows.flows.ShareStateAndSyncAccounts to initiate com.r3.corda.lib.accounts.workflows.flows.ReceiveStateAndSyncAccounts (version 1)
?[m?[37m[INFO] 11:44:43,707 [Test worker] internal.NodeFlowManager. - Registered com.r3.corda.lib.accounts.workflows.flows.ShareStateWithAccount to initiate com.r3.corda.lib.accounts.workflows.flows.ReceiveStateForAccount (version 1)
?[m?[37m[INFO] 11:44:43,707 [Test worker] internal.NodeFlowManager. - Registered com.r3.corda.lib.accounts.workflows.flows.RequestAccountInfo to initiate com.r3.corda.lib.accounts.workflows.flows.RequestAccountInfoHandler (version 1)
?[m?[37m[INFO] 11:44:43,707 [Test worker] internal.NodeFlowManager. - Registered com.r3.corda.lib.accounts.workflows.flows.RequestKeyForAccount to initiate com.r3.corda.lib.accounts.workflows.flows.SendKeyForAccount (version 1)
?[m?[37m[INFO] 11:44:43,707 [Test worker] internal.NodeFlowManager. - Registered com.r3.corda.lib.accounts.workflows.flows.ShareAccountInfo to initiate com.r3.corda.lib.accounts.workflows.flows.ShareAccountInfoHandler (version 1)
?[m?[37m[INFO] 11:44:43,707 [Test worker] internal.NodeFlowManager. - Registered net.corda.samples.reissuance.IssueDemoAppTokens to initiate net.corda.samples.reissuance.IssueDemoAppTokensResponder (version 1)
?[m?[37m[INFO] 11:44:43,707 [Test worker] internal.NodeFlowManager. - Registered net.corda.samples.reissuance.MoveDemoAppTokens to initiate net.corda.samples.reissuance.MoveDemoAppTokensResponder (version 1)
?[m?[37m[INFO] 11:44:43,707 [Test worker] internal.NodeFlowManager. - Registered net.corda.samples.reissuance.RedeemDemoAppTokens to initiate net.corda.samples.reissuance.RedeemDemoAppTokensResponder (version 1)
?[m?[37m[INFO] 11:44:43,707 [Test worker] internal.NodeFlowManager. - Registered com.r3.corda.lib.reissuance.flows.DeleteReIssuedStatesAndLock to initiate com.r3.corda.lib.reissuance.flows.DeleteReIssuedStatesAndLockResponder (version 1)
?[m?[37m[INFO] 11:44:43,707 [Test worker] internal.NodeFlowManager. - Registered com.r3.corda.lib.reissuance.flows.ReIssueStates to initiate com.r3.corda.lib.reissuance.flows.ReIssueStatesResponder (version 1)
?[m?[37m[INFO] 11:44:43,707 [Test worker] internal.NodeFlowManager. - Registered com.r3.corda.lib.reissuance.flows.RequestReIssuanceAndShareRequiredTransactions to initiate com.r3.corda.lib.reissuance.flows.ReceiveSignedTransaction (version 1)
?[m?[37m[INFO] 11:44:43,707 [Test worker] internal.NodeFlowManager. - Registered com.r3.corda.lib.reissuance.flows.RejectReIssuanceRequest to initiate com.r3.corda.lib.reissuance.flows.RejectReIssuanceRequestResponder (version 1)
?[m?[37m[INFO] 11:44:43,707 [Test worker] internal.NodeFlowManager. - Registered com.r3.corda.lib.reissuance.flows.RequestReIssuance to initiate com.r3.corda.lib.reissuance.flows.RequestReIssuanceResponder (version 1)
?[m?[37m[INFO] 11:44:43,707 [Test worker] internal.NodeFlowManager. - Registered com.r3.corda.lib.reissuance.flows.UnlockReIssuedStates to initiate com.r3.corda.lib.reissuance.flows.UnlockReIssuedStatesResponder (version 1)
?[m?[37m[INFO] 11:44:43,707 [Test worker] internal.NodeFlowManager. - Registered com.r3.corda.lib.reissuance.flows.example.dummyStateRequiringAcceptance.CreateDummyStateRequiringAcceptance to initiate com.r3.corda.lib.reissuance.flows.example.dummyStateRequiringAcceptance.CreateDummyStateRequiringAcceptanceResponder (version 1)
?[m?[37m[INFO] 11:44:43,707 [Test worker] internal.NodeFlowManager. - Registered com.r3.corda.lib.reissuance.flows.example.dummyStateRequiringAcceptance.DeleteDummyStateRequiringAcceptance to initiate com.r3.corda.lib.reissuance.flows.example.dummyStateRequiringAcceptance.DeleteDummyStateRequiringAcceptanceResponder (version 1)
?[m?[37m[INFO] 11:44:43,707 [Test worker] internal.NodeFlowManager. - Registered com.r3.corda.lib.reissuance.flows.example.dummyStateRequiringAcceptance.UpdateDummyStateRequiringAcceptance to initiate com.r3.corda.lib.reissuance.flows.example.dummyStateRequiringAcceptance.UpdateDummyStateRequiringAcceptanceResponder (version 1)
?[m?[37m[INFO] 11:44:43,707 [Test worker] internal.NodeFlowManager. - Registered com.r3.corda.lib.reissuance.flows.example.dummyStateRequiringAllParticipantsSignatures.CreateDummyStateRequiringAllParticipantsSignatures to initiate com.r3.corda.lib.reissuance.flows.example.dummyStateRequiringAllParticipantsSignatures.CreateDummyStateRequiringAllParticipantsSignaturesResponder (version 1)
?[m?[37m[INFO] 11:44:43,707 [Test worker] internal.NodeFlowManager. - Registered com.r3.corda.lib.reissuance.flows.example.dummyStateRequiringAllParticipantsSignatures.DeleteDummyStateRequiringAllParticipantsSignatures to initiate com.r3.corda.lib.reissuance.flows.example.dummyStateRequiringAllParticipantsSignatures.DeleteDummyStateRequiringAllParticipantsSignaturesResponder (version 1)
?[m?[37m[INFO] 11:44:43,707 [Test worker] internal.NodeFlowManager. - Registered com.r3.corda.lib.reissuance.flows.example.dummyStateRequiringAllParticipantsSignatures.UpdateDummyStateRequiringAllParticipantsSignatures to initiate com.r3.corda.lib.reissuance.flows.example.dummyStateRequiringAllParticipantsSignatures.UpdateDummyStateRequiringAllParticipantsSignaturesResponder (version 1)
?[m?[37m[INFO] 11:44:43,707 [Test worker] internal.NodeFlowManager. - Registered com.r3.corda.lib.reissuance.flows.example.dummyStateWithInvalidEqualsMethod.CreateDummyStateWithInvalidEqualsMethod to initiate com.r3.corda.lib.reissuance.flows.example.dummyStateWithInvalidEqualsMethod.CreateDummyStateRequiringAllParticipantsSignaturesResponder (version 1)
?[m?[37m[INFO] 11:44:43,707 [Test worker] internal.NodeFlowManager. - Registered com.r3.corda.lib.reissuance.flows.example.dummyStateWithInvalidEqualsMethod.DeleteDummyStateWithInvalidEqualsMethod to initiate com.r3.corda.lib.reissuance.flows.example.dummyStateWithInvalidEqualsMethod.DeleteDummyStateRequiringAllParticipantsSignaturesResponder (version 1)
?[m?[37m[INFO] 11:44:43,707 [Test worker] internal.NodeFlowManager. - Registered com.r3.corda.lib.reissuance.flows.example.dummyStateWithInvalidEqualsMethod.UpdateDummyStateWithInvalidEqualsMethod to initiate com.r3.corda.lib.reissuance.flows.example.dummyStateWithInvalidEqualsMethod.UpdateDummyStateWithInvalidEqualsMethodResponder (version 1)
?[m?[37m[INFO] 11:44:43,707 [Test worker] internal.NodeFlowManager. - Registered com.r3.corda.lib.reissuance.flows.example.simpleDummyState.CreateSimpleDummyStateForAccount to initiate com.r3.corda.lib.reissuance.flows.example.simpleDummyState.CreateSimpleDummyStateForAccountResponder (version 1)
?[m?[37m[INFO] 11:44:43,707 [Test worker] internal.NodeFlowManager. - Registered com.r3.corda.lib.reissuance.flows.example.simpleDummyState.CreateSimpleDummyState to initiate com.r3.corda.lib.reissuance.flows.example.simpleDummyState.CreateSimpleDummyStateResponder (version 1)
?[m?[37m[INFO] 11:44:43,707 [Test worker] internal.NodeFlowManager. - Registered com.r3.corda.lib.reissuance.flows.example.simpleDummyState.DeleteSimpleDummyStateForAccount to initiate com.r3.corda.lib.reissuance.flows.example.simpleDummyState.DeleteSimpleDummyStateForAccountResponder (version 1)
?[m?[37m[INFO] 11:44:43,707 [Test worker] internal.NodeFlowManager. - Registered com.r3.corda.lib.reissuance.flows.example.simpleDummyState.DeleteSimpleDummyState to initiate com.r3.corda.lib.reissuance.flows.example.simpleDummyState.DeleteSimpleDummyStateResponder (version 1)
?[m?[37m[INFO] 11:44:43,708 [Test worker] internal.NodeFlowManager. - Registered com.r3.corda.lib.reissuance.flows.example.simpleDummyState.UpdateSimpleDummyState to initiate com.r3.corda.lib.reissuance.flows.example.simpleDummyState.SimpleDummyStateResponder (version 1)
?[m?[37m[INFO] 11:44:43,708 [Test worker] internal.NodeFlowManager. - Registered com.r3.corda.lib.reissuance.flows.example.simpleDummyState.UpdateSimpleDummyStateForAccount to initiate com.r3.corda.lib.reissuance.flows.example.simpleDummyState.UpdateSimpleDummyStateForAccountResponder (version 1)
?[m?[37m[INFO] 11:44:43,708 [Test worker] internal.NodeFlowManager. - Registered com.r3.corda.lib.reissuance.flows.example.tokens.IssueTokens to initiate com.r3.corda.lib.reissuance.flows.example.tokens.IssueTokensResponder (version 1)
?[m?[37m[INFO] 11:44:43,708 [Test worker] internal.NodeFlowManager. - Registered com.r3.corda.lib.reissuance.flows.example.tokens.RedeemTokens to initiate com.r3.corda.lib.reissuance.flows.example.tokens.RedeemTokensResponder (version 1)
?[m?[37m[INFO] 11:44:43,708 [Test worker] internal.NodeFlowManager. - Registered com.r3.corda.lib.reissuance.flows.example.tokens.TransferTokens to initiate com.r3.corda.lib.reissuance.flows.example.tokens.TransferTokensResponder (version 1)
?[m?[37m[INFO] 11:44:43,708 [Test worker] internal.NodeFlowManager. - Registered com.r3.corda.lib.ci.workflows.RequestKeyForUUIDInitiator to initiate com.r3.corda.lib.ci.workflows.RequestKeyForUUIDResponder (version 1)
?[m?[37m[INFO] 11:44:43,708 [Test worker] internal.NodeFlowManager. - Registered com.r3.corda.lib.ci.workflows.RequestKey to initiate com.r3.corda.lib.ci.workflows.RequestKeyResponder (version 1)
?[m?[37m[INFO] 11:44:43,708 [Test worker] internal.NodeFlowManager. - Registered com.r3.corda.lib.ci.workflows.SyncKeyMappingInitiator to initiate com.r3.corda.lib.ci.workflows.SyncKeyMappingResponder (version 1)
?[m?[37m[INFO] 11:44:43,708 [Test worker] internal.NodeFlowManager. - Registered com.r3.corda.lib.ci.workflows.VerifyAndAddKey to initiate com.r3.corda.lib.ci.workflows.VerifyAndAddKeyResponder (version 1)
?[m?[37m[INFO] 11:44:43,708 [Test worker] internal.NodeFlowManager. - Registered com.r3.corda.lib.tokens.workflows.flows.rpc.ConfidentialIssueTokens to initiate com.r3.corda.lib.tokens.workflows.flows.rpc.ConfidentialIssueTokensHandler (version 1)
?[m?[37m[INFO] 11:44:43,708 [Test worker] internal.NodeFlowManager. - Registered com.r3.corda.lib.tokens.workflows.flows.rpc.ConfidentialMoveFungibleTokens to initiate com.r3.corda.lib.tokens.workflows.flows.rpc.ConfidentialMoveFungibleTokensHandler (version 1)
?[m?[37m[INFO] 11:44:43,708 [Test worker] internal.NodeFlowManager. - Registered com.r3.corda.lib.tokens.workflows.flows.rpc.ConfidentialMoveNonFungibleTokens to initiate com.r3.corda.lib.tokens.workflows.flows.rpc.ConfidentialMoveNonFungibleTokensHandler (version 1)
?[m?[37m[INFO] 11:44:43,708 [Test worker] internal.NodeFlowManager. - Registered com.r3.corda.lib.tokens.workflows.flows.rpc.ConfidentialRedeemFungibleTokens to initiate com.r3.corda.lib.tokens.workflows.flows.rpc.ConfidentialRedeemFungibleTokensHandler (version 1)
?[m?[37m[INFO] 11:44:43,708 [Test worker] internal.NodeFlowManager. - Registered com.r3.corda.lib.tokens.workflows.flows.rpc.CreateEvolvableTokens to initiate com.r3.corda.lib.tokens.workflows.flows.rpc.CreateEvolvableTokensHandler (version 1)
?[m?[37m[INFO] 11:44:43,708 [Test worker] internal.NodeFlowManager. - Registered com.r3.corda.lib.tokens.workflows.flows.rpc.IssueTokens to initiate com.r3.corda.lib.tokens.workflows.flows.rpc.IssueTokensHandler (version 1)
?[m?[37m[INFO] 11:44:43,708 [Test worker] internal.NodeFlowManager. - Registered com.r3.corda.lib.tokens.workflows.flows.rpc.MoveFungibleTokens to initiate com.r3.corda.lib.tokens.workflows.flows.rpc.MoveFungibleTokensHandler (version 1)
?[m?[37m[INFO] 11:44:43,708 [Test worker] internal.NodeFlowManager. - Registered com.r3.corda.lib.tokens.workflows.flows.rpc.MoveNonFungibleTokens to initiate com.r3.corda.lib.tokens.workflows.flows.rpc.MoveNonFungibleTokensHandler (version 1)
?[m?[37m[INFO] 11:44:43,708 [Test worker] internal.NodeFlowManager. - Registered com.r3.corda.lib.tokens.workflows.flows.rpc.RedeemFungibleTokens to initiate com.r3.corda.lib.tokens.workflows.flows.rpc.RedeemFungibleTokensHandler (version 1)
?[m?[37m[INFO] 11:44:43,708 [Test worker] internal.NodeFlowManager. - Registered com.r3.corda.lib.tokens.workflows.flows.rpc.RedeemNonFungibleTokens to initiate com.r3.corda.lib.tokens.workflows.flows.rpc.RedeemNonFungibleTokensHandler (version 1)
?[m?[37m[INFO] 11:44:43,708 [Test worker] internal.NodeFlowManager. - Registered com.r3.corda.lib.tokens.workflows.flows.rpc.UpdateEvolvableToken to initiate com.r3.corda.lib.tokens.workflows.flows.rpc.UpdateEvolvableTokenHandler (version 1)
?[m?[37m[INFO] 11:44:43,708 [Test worker] internal.NodeFlowManager. - Registered com.r3.corda.lib.tokens.workflows.internal.flows.distribution.RequestAdditionToDistributionList$Initiator to initiate com.r3.corda.lib.tokens.workflows.internal.flows.distribution.RequestAdditionToDistributionList$Responder (version 1)
?[m?[37m[INFO] 11:44:43,708 [Test worker] internal.NodeFlowManager. - Registered com.r3.corda.lib.tokens.workflows.internal.flows.distribution.UpdateDistributionListFlow to initiate com.r3.corda.lib.tokens.workflows.internal.flows.distribution.UpdateDistributionListFlowHandler (version 1)
?[m?[37m[INFO] 11:44:43,708 [Test worker] internal.NodeFlowManager. - Registered com.r3.corda.lib.tokens.workflows.internal.testflows.DvPFlow to initiate com.r3.corda.lib.tokens.workflows.internal.testflows.DvPFlowHandler (version 1)
?[m?[37m[INFO] 11:44:43,711 [Test worker] internal.InternalMockNetwork$MockNode. - Loaded network parameters: NetworkParameters {
      minimumPlatformVersion=4
      notaries=[NotaryInfo(identity=O=Notary Service, L=Zurich, C=CH, validating=false)]
      maxMessageSize=10485760
      maxTransactionSize=524288000
      whitelistedContractImplementations {
        
      }
      eventHorizon=PT720H
      packageOwnership {
        
      }
      modifiedTime=2020-10-07T10:44:41.993Z
      epoch=1
  }
?[m?[37m[INFO] 11:44:43,712 [Test worker] hikari.HikariDataSource. - HikariPool-53 - Starting...
?[m?[37m[INFO] 11:44:43,713 [Test worker] hikari.HikariDataSource. - HikariPool-53 - Start completed.
?[m?[37m[INFO] 11:44:43,830 [Test worker] changelog.StandardChangeLogHistoryService. - Creating database history table with name: PUBLIC.DATABASECHANGELOG
?[m?[37m[INFO] 11:44:43,831 [Test worker] jvm.JdbcExecutor. - CREATE TABLE PUBLIC.DATABASECHANGELOG (ID VARCHAR(255) NOT NULL, AUTHOR VARCHAR(255) NOT NULL, FILENAME VARCHAR(255) NOT NULL, DATEEXECUTED TIMESTAMP NOT NULL, ORDEREXECUTED INT NOT NULL, EXECTYPE VARCHAR(10) NOT NULL, MD5SUM VARCHAR(35), DESCRIPTION VARCHAR(255), COMMENTS VARCHAR(255), TAG VARCHAR(255), LIQUIBASE VARCHAR(20), CONTEXTS VARCHAR(255), LABELS VARCHAR(255), DEPLOYMENT_ID VARCHAR(10))
?[m?[37m[INFO] 11:44:43,831 [Test worker] jvm.JdbcExecutor. - SELECT COUNT(*) FROM PUBLIC.DATABASECHANGELOG
?[m?[37m[INFO] 11:44:43,831 [Test worker] changelog.StandardChangeLogHistoryService. - Reading from PUBLIC.DATABASECHANGELOG
?[m?[37m[INFO] 11:44:43,831 [Test worker] jvm.JdbcExecutor. - SELECT * FROM PUBLIC.DATABASECHANGELOG ORDER BY DATEEXECUTED ASC, ORDEREXECUTED ASC
?[m?[37m[INFO] 11:44:43,831 [Test worker] jvm.JdbcExecutor. - SELECT COUNT(*) FROM PUBLIC.DATABASECHANGELOGLOCK
?[m?[37m[INFO] 11:44:43,831 [Test worker] jvm.JdbcExecutor. - CREATE TABLE PUBLIC.DATABASECHANGELOGLOCK (ID INT NOT NULL, LOCKED BOOLEAN NOT NULL, LOCKGRANTED TIMESTAMP, LOCKEDBY VARCHAR(255), CONSTRAINT PK_DATABASECHANGELOGLOCK PRIMARY KEY (ID))
?[m?[37m[INFO] 11:44:43,831 [Test worker] jvm.JdbcExecutor. - SELECT COUNT(*) FROM PUBLIC.DATABASECHANGELOGLOCK
?[m?[37m[INFO] 11:44:43,831 [Test worker] jvm.JdbcExecutor. - DELETE FROM PUBLIC.DATABASECHANGELOGLOCK
?[m?[37m[INFO] 11:44:43,831 [Test worker] jvm.JdbcExecutor. - INSERT INTO PUBLIC.DATABASECHANGELOGLOCK (ID, LOCKED) VALUES (1, FALSE)
?[m?[37m[INFO] 11:44:43,836 [Test worker] visitor.ValidatingVisitor. - Skipping change set migration/vault-schema.changelog-pkey.xml::non-clustered_pk-11::R3.Corda due to validation error(s): clustered is not allowed on h2 {changeSet=migration/vault-schema.changelog-pkey.xml::non-clustered_pk-11::R3.Corda, databaseChangeLog=master.changelog.json}
?[m?[37m[INFO] 11:44:43,836 [Test worker] visitor.ValidatingVisitor. - Skipping change set migration/vault-schema.changelog-pkey.xml::non-clustered_pk-12::R3.Corda due to validation error(s): clustered is not allowed on h2 {changeSet=migration/vault-schema.changelog-pkey.xml::non-clustered_pk-12::R3.Corda, databaseChangeLog=master.changelog.json}
?[m?[37m[INFO] 11:44:43,836 [Test worker] visitor.ValidatingVisitor. - Skipping change set migration/vault-schema.changelog-pkey.xml::non-clustered_pk-13::R3.Corda due to validation error(s): clustered is not allowed on h2 {changeSet=migration/vault-schema.changelog-pkey.xml::non-clustered_pk-13::R3.Corda, databaseChangeLog=master.changelog.json}
?[m?[37m[INFO] 11:44:43,843 [Test worker] visitor.ValidatingVisitor. - Skipping change set migration/node-core.changelog-pkey.xml::non-clustered_pk-1::R3.Corda due to validation error(s): clustered is not allowed on h2 {changeSet=migration/node-core.changelog-pkey.xml::non-clustered_pk-1::R3.Corda, databaseChangeLog=master.changelog.json}
?[m?[37m[INFO] 11:44:43,844 [Test worker] visitor.ValidatingVisitor. - Skipping change set migration/node-core.changelog-pkey.xml::non-clustered_pk-2::R3.Corda due to validation error(s): clustered is not allowed on h2 {changeSet=migration/node-core.changelog-pkey.xml::non-clustered_pk-2::R3.Corda, databaseChangeLog=master.changelog.json}
?[m?[37m[INFO] 11:44:43,844 [Test worker] visitor.ValidatingVisitor. - Skipping change set migration/node-core.changelog-pkey.xml::non-clustered_pk-3::R3.Corda due to validation error(s): clustered is not allowed on h2 {changeSet=migration/node-core.changelog-pkey.xml::non-clustered_pk-3::R3.Corda, databaseChangeLog=master.changelog.json}
?[m?[37m[INFO] 11:44:43,844 [Test worker] visitor.ValidatingVisitor. - Skipping change set migration/node-core.changelog-pkey.xml::non-clustered_pk-4::R3.Corda due to validation error(s): clustered is not allowed on h2 {changeSet=migration/node-core.changelog-pkey.xml::non-clustered_pk-4::R3.Corda, databaseChangeLog=master.changelog.json}
?[m?[37m[INFO] 11:44:43,844 [Test worker] visitor.ValidatingVisitor. - Skipping change set migration/node-core.changelog-pkey.xml::non-clustered_pk-5::R3.Corda due to validation error(s): clustered is not allowed on h2 {changeSet=migration/node-core.changelog-pkey.xml::non-clustered_pk-5::R3.Corda, databaseChangeLog=master.changelog.json}
?[m?[37m[INFO] 11:44:43,844 [Test worker] visitor.ValidatingVisitor. - Skipping change set migration/node-core.changelog-pkey.xml::non-clustered_pk-6::R3.Corda due to validation error(s): clustered is not allowed on h2 {changeSet=migration/node-core.changelog-pkey.xml::non-clustered_pk-6::R3.Corda, databaseChangeLog=master.changelog.json}
?[m?[37m[INFO] 11:44:43,844 [Test worker] visitor.ValidatingVisitor. - Skipping change set migration/node-core.changelog-pkey.xml::non-clustered_pk-7::R3.Corda due to validation error(s): clustered is not allowed on h2 {changeSet=migration/node-core.changelog-pkey.xml::non-clustered_pk-7::R3.Corda, databaseChangeLog=master.changelog.json}
?[m?[37m[INFO] 11:44:43,847 [Test worker] jvm.JdbcExecutor. - SELECT COUNT(*) FROM PUBLIC.DATABASECHANGELOGLOCK
?[m?[37m[INFO] 11:44:43,847 [Test worker] jvm.JdbcExecutor. - SELECT LOCKED FROM PUBLIC.DATABASECHANGELOGLOCK WHERE ID=1
?[m?[37m[INFO] 11:44:43,847 [Test worker] lockservice.StandardLockService. - Successfully acquired change log lock
?[m?[37m[INFO] 11:44:43,848 [Test worker] visitor.ValidatingVisitor. - Skipping change set migration/vault-schema.changelog-pkey.xml::non-clustered_pk-11::R3.Corda due to validation error(s): clustered is not allowed on h2 {changeSet=migration/vault-schema.changelog-pkey.xml::non-clustered_pk-11::R3.Corda, databaseChangeLog=master.changelog.json}
?[m?[37m[INFO] 11:44:43,849 [Test worker] visitor.ValidatingVisitor. - Skipping change set migration/vault-schema.changelog-pkey.xml::non-clustered_pk-12::R3.Corda due to validation error(s): clustered is not allowed on h2 {changeSet=migration/vault-schema.changelog-pkey.xml::non-clustered_pk-12::R3.Corda, databaseChangeLog=master.changelog.json}
?[m?[37m[INFO] 11:44:43,849 [Test worker] visitor.ValidatingVisitor. - Skipping change set migration/vault-schema.changelog-pkey.xml::non-clustered_pk-13::R3.Corda due to validation error(s): clustered is not allowed on h2 {changeSet=migration/vault-schema.changelog-pkey.xml::non-clustered_pk-13::R3.Corda, databaseChangeLog=master.changelog.json}
?[m?[37m[INFO] 11:44:43,851 [Test worker] visitor.ValidatingVisitor. - Skipping change set migration/node-core.changelog-pkey.xml::non-clustered_pk-1::R3.Corda due to validation error(s): clustered is not allowed on h2 {changeSet=migration/node-core.changelog-pkey.xml::non-clustered_pk-1::R3.Corda, databaseChangeLog=master.changelog.json}
?[m?[37m[INFO] 11:44:43,851 [Test worker] visitor.ValidatingVisitor. - Skipping change set migration/node-core.changelog-pkey.xml::non-clustered_pk-2::R3.Corda due to validation error(s): clustered is not allowed on h2 {changeSet=migration/node-core.changelog-pkey.xml::non-clustered_pk-2::R3.Corda, databaseChangeLog=master.changelog.json}
?[m?[37m[INFO] 11:44:43,851 [Test worker] visitor.ValidatingVisitor. - Skipping change set migration/node-core.changelog-pkey.xml::non-clustered_pk-3::R3.Corda due to validation error(s): clustered is not allowed on h2 {changeSet=migration/node-core.changelog-pkey.xml::non-clustered_pk-3::R3.Corda, databaseChangeLog=master.changelog.json}
?[m?[37m[INFO] 11:44:43,851 [Test worker] visitor.ValidatingVisitor. - Skipping change set migration/node-core.changelog-pkey.xml::non-clustered_pk-4::R3.Corda due to validation error(s): clustered is not allowed on h2 {changeSet=migration/node-core.changelog-pkey.xml::non-clustered_pk-4::R3.Corda, databaseChangeLog=master.changelog.json}
?[m?[37m[INFO] 11:44:43,851 [Test worker] visitor.ValidatingVisitor. - Skipping change set migration/node-core.changelog-pkey.xml::non-clustered_pk-5::R3.Corda due to validation error(s): clustered is not allowed on h2 {changeSet=migration/node-core.changelog-pkey.xml::non-clustered_pk-5::R3.Corda, databaseChangeLog=master.changelog.json}
?[m?[37m[INFO] 11:44:43,851 [Test worker] visitor.ValidatingVisitor. - Skipping change set migration/node-core.changelog-pkey.xml::non-clustered_pk-6::R3.Corda due to validation error(s): clustered is not allowed on h2 {changeSet=migration/node-core.changelog-pkey.xml::non-clustered_pk-6::R3.Corda, databaseChangeLog=master.changelog.json}
?[m?[37m[INFO] 11:44:43,851 [Test worker] visitor.ValidatingVisitor. - Skipping change set migration/node-core.changelog-pkey.xml::non-clustered_pk-7::R3.Corda due to validation error(s): clustered is not allowed on h2 {changeSet=migration/node-core.changelog-pkey.xml::non-clustered_pk-7::R3.Corda, databaseChangeLog=master.changelog.json}
?[m?[37m[INFO] 11:44:43,852 [Test worker] jvm.JdbcExecutor. - SELECT SEQUENCE_NAME FROM INFORMATION_SCHEMA.SEQUENCES WHERE SEQUENCE_SCHEMA = 'null' AND IS_GENERATED=FALSE {changeSet=migration/common.changelog-init.xml::1511451595465-1.1::R3.Corda, databaseChangeLog=master.changelog.json}
?[m?[37m[INFO] 11:44:43,852 [Test worker] jvm.JdbcExecutor. - SELECT SEQUENCE_NAME FROM INFORMATION_SCHEMA.SEQUENCES WHERE SEQUENCE_SCHEMA = 'PUBLIC' AND IS_GENERATED=FALSE {changeSet=migration/common.changelog-init.xml::1511451595465-1.1::R3.Corda, databaseChangeLog=master.changelog.json}
?[m?[37m[INFO] 11:44:43,852 [Test worker] jvm.JdbcExecutor. - CREATE SEQUENCE PUBLIC.hibernate_sequence {changeSet=migration/common.changelog-init.xml::1511451595465-1.1::R3.Corda, databaseChangeLog=master.changelog.json}
?[m?[37m[INFO] 11:44:43,852 [Test worker] changelog.ChangeSet. - Sequence hibernate_sequence created {changeSet=migration/common.changelog-init.xml::1511451595465-1.1::R3.Corda, databaseChangeLog=master.changelog.json}
?[m?[37m[INFO] 11:44:43,852 [Test worker] changelog.ChangeSet. - ChangeSet migration/common.changelog-init.xml::1511451595465-1.1::R3.Corda ran successfully in 0ms {changeSet=migration/common.changelog-init.xml::1511451595465-1.1::R3.Corda, databaseChangeLog=master.changelog.json}
?[m?[37m[INFO] 11:44:43,852 [Test worker] jvm.JdbcExecutor. - SELECT MAX(ORDEREXECUTED) FROM PUBLIC.DATABASECHANGELOG {changeSet=migration/common.changelog-init.xml::1511451595465-1.1::R3.Corda, databaseChangeLog=master.changelog.json}
?[m?[37m[INFO] 11:44:43,853 [Test worker] jvm.JdbcExecutor. - INSERT INTO PUBLIC.DATABASECHANGELOG (ID, AUTHOR, FILENAME, DATEEXECUTED, ORDEREXECUTED, MD5SUM, DESCRIPTION, COMMENTS, EXECTYPE, CONTEXTS, LABELS, LIQUIBASE, DEPLOYMENT_ID) VALUES ('1511451595465-1.1', 'R3.Corda', 'migration/common.changelog-init.xml', NOW(), 1, '8:9df4ee4464a4a10dfcf2717c73a52620', 'createSequence sequenceName=hibernate_sequence', '', 'EXECUTED', NULL, NULL, '3.6.3', '2067483847') {changeSet=migration/common.changelog-init.xml::1511451595465-1.1::R3.Corda, databaseChangeLog=master.changelog.json}
?[m?[37m[INFO] 11:44:43,853 [Test worker] jvm.JdbcExecutor. - CREATE TABLE PUBLIC.vault_fungible_states (output_index INT NOT NULL, transaction_id NVARCHAR(64) NOT NULL, issuer_name NVARCHAR(255), issuer_ref VARBINARY(512), owner_name NVARCHAR(255), quantity BIGINT) {changeSet=migration/vault-schema.changelog-init.xml::1511451595465-22::R3.Corda, databaseChangeLog=master.changelog.json}
?[m?[37m[INFO] 11:44:43,853 [Test worker] changelog.ChangeSet. - Table vault_fungible_states created {changeSet=migration/vault-schema.changelog-init.xml::1511451595465-22::R3.Corda, databaseChangeLog=master.changelog.json}
?[m?[37m[INFO] 11:44:43,853 [Test worker] changelog.ChangeSet. - ChangeSet migration/vault-schema.changelog-init.xml::1511451595465-22::R3.Corda ran successfully in 0ms {changeSet=migration/vault-schema.changelog-init.xml::1511451595465-22::R3.Corda, databaseChangeLog=master.changelog.json}
?[m?[37m[INFO] 11:44:43,853 [Test worker] jvm.JdbcExecutor. - INSERT INTO PUBLIC.DATABASECHANGELOG (ID, AUTHOR, FILENAME, DATEEXECUTED, ORDEREXECUTED, MD5SUM, DESCRIPTION, COMMENTS, EXECTYPE, CONTEXTS, LABELS, LIQUIBASE, DEPLOYMENT_ID) VALUES ('1511451595465-22', 'R3.Corda', 'migration/vault-schema.changelog-init.xml', NOW(), 2, '8:4ae481f11ac84744a4392bbfd533fa75', 'createTable tableName=vault_fungible_states', '', 'EXECUTED', NULL, NULL, '3.6.3', '2067483847') {changeSet=migration/vault-schema.changelog-init.xml::1511451595465-22::R3.Corda, databaseChangeLog=master.changelog.json}
?[m?[37m[INFO] 11:44:43,854 [Test worker] jvm.JdbcExecutor. - CREATE TABLE PUBLIC.vault_fungible_states_parts (output_index INT NOT NULL, transaction_id NVARCHAR(64) NOT NULL, participants NVARCHAR(255)) {changeSet=migration/vault-schema.changelog-init.xml::1511451595465-23::R3.Corda, databaseChangeLog=master.changelog.json}
?[m?[37m[INFO] 11:44:43,854 [Test worker] changelog.ChangeSet. - Table vault_fungible_states_parts created {changeSet=migration/vault-schema.changelog-init.xml::1511451595465-23::R3.Corda, databaseChangeLog=master.changelog.json}
?[m?[37m[INFO] 11:44:43,854 [Test worker] changelog.ChangeSet. - ChangeSet migration/vault-schema.changelog-init.xml::1511451595465-23::R3.Corda ran successfully in 0ms {changeSet=migration/vault-schema.changelog-init.xml::1511451595465-23::R3.Corda, databaseChangeLog=master.changelog.json}
?[m?[37m[INFO] 11:44:43,854 [Test worker] jvm.JdbcExecutor. - INSERT INTO PUBLIC.DATABASECHANGELOG (ID, AUTHOR, FILENAME, DATEEXECUTED, ORDEREXECUTED, MD5SUM, DESCRIPTION, COMMENTS, EXECTYPE, CONTEXTS, LABELS, LIQUIBASE, DEPLOYMENT_ID) VALUES ('1511451595465-23', 'R3.Corda', 'migration/vault-schema.changelog-init.xml', NOW(), 3, '8:3222255d3b2e04b9dfad42d9acab103e', 'createTable tableName=vault_fungible_states_parts', '', 'EXECUTED', NULL, NULL, '3.6.3', '2067483847') {changeSet=migration/vault-schema.changelog-init.xml::1511451595465-23::R3.Corda, databaseChangeLog=master.changelog.json}
?[m?[37m[INFO] 11:44:43,854 [Test worker] jvm.JdbcExecutor. - CREATE TABLE PUBLIC.vault_linear_states (output_index INT NOT NULL, transaction_id NVARCHAR(64) NOT NULL, external_id NVARCHAR(255), uuid VARCHAR(255) NOT NULL) {changeSet=migration/vault-schema.changelog-init.xml::1511451595465-24::R3.Corda, databaseChangeLog=master.changelog.json}
?[m?[37m[INFO] 11:44:43,854 [Test worker] changelog.ChangeSet. - Table vault_linear_states created {changeSet=migration/vault-schema.changelog-init.xml::1511451595465-24::R3.Corda, databaseChangeLog=master.changelog.json}
?[m?[37m[INFO] 11:44:43,854 [Test worker] changelog.ChangeSet. - ChangeSet migration/vault-schema.changelog-init.xml::1511451595465-24::R3.Corda ran successfully in 0ms {changeSet=migration/vault-schema.changelog-init.xml::1511451595465-24::R3.Corda, databaseChangeLog=master.changelog.json}
?[m?[37m[INFO] 11:44:43,854 [Test worker] jvm.JdbcExecutor. - INSERT INTO PUBLIC.DATABASECHANGELOG (ID, AUTHOR, FILENAME, DATEEXECUTED, ORDEREXECUTED, MD5SUM, DESCRIPTION, COMMENTS, EXECTYPE, CONTEXTS, LABELS, LIQUIBASE, DEPLOYMENT_ID) VALUES ('1511451595465-24', 'R3.Corda', 'migration/vault-schema.changelog-init.xml', NOW(), 4, '8:fb2c5b52213239424320d137dc22059b', 'createTable tableName=vault_linear_states', '', 'EXECUTED', NULL, NULL, '3.6.3', '2067483847') {changeSet=migration/vault-schema.changelog-init.xml::1511451595465-24::R3.Corda, databaseChangeLog=master.changelog.json}
?[m?[37m[INFO] 11:44:43,854 [Test worker] jvm.JdbcExecutor. - CREATE TABLE PUBLIC.vault_linear_states_parts (output_index INT NOT NULL, transaction_id NVARCHAR(64) NOT NULL, participants NVARCHAR(255)) {changeSet=migration/vault-schema.changelog-init.xml::1511451595465-25::R3.Corda, databaseChangeLog=master.changelog.json}
?[m?[37m[INFO] 11:44:43,855 [Test worker] changelog.ChangeSet. - Table vault_linear_states_parts created {changeSet=migration/vault-schema.changelog-init.xml::1511451595465-25::R3.Corda, databaseChangeLog=master.changelog.json}
?[m?[37m[INFO] 11:44:43,855 [Test worker] changelog.ChangeSet. - ChangeSet migration/vault-schema.changelog-init.xml::1511451595465-25::R3.Corda ran successfully in 1ms {changeSet=migration/vault-schema.changelog-init.xml::1511451595465-25::R3.Corda, databaseChangeLog=master.changelog.json}
?[m?[37m[INFO] 11:44:43,855 [Test worker] jvm.JdbcExecutor. - INSERT INTO PUBLIC.DATABASECHANGELOG (ID, AUTHOR, FILENAME, DATEEXECUTED, ORDEREXECUTED, MD5SUM, DESCRIPTION, COMMENTS, EXECTYPE, CONTEXTS, LABELS, LIQUIBASE, DEPLOYMENT_ID) VALUES ('1511451595465-25', 'R3.Corda', 'migration/vault-schema.changelog-init.xml', NOW(), 5, '8:ccb2ca1b37c0eeb2ac12506f17bc8ee0', 'createTable tableName=vault_linear_states_parts', '', 'EXECUTED', NULL, NULL, '3.6.3', '2067483847') {changeSet=migration/vault-schema.changelog-init.xml::1511451595465-25::R3.Corda, databaseChangeLog=master.changelog.json}
?[m?[37m[INFO] 11:44:43,855 [Test worker] jvm.JdbcExecutor. - CREATE TABLE PUBLIC.vault_states (output_index INT NOT NULL, transaction_id NVARCHAR(64) NOT NULL, consumed_timestamp TIMESTAMP, contract_state_class_name NVARCHAR(255), lock_id NVARCHAR(255), lock_timestamp TIMESTAMP, notary_name NVARCHAR(255), recorded_timestamp TIMESTAMP, state_status INT) {changeSet=migration/vault-schema.changelog-init.xml::1511451595465-26::R3.Corda, databaseChangeLog=master.changelog.json}
?[m?[37m[INFO] 11:44:43,855 [Test worker] changelog.ChangeSet. - Table vault_states created {changeSet=migration/vault-schema.changelog-init.xml::1511451595465-26::R3.Corda, databaseChangeLog=master.changelog.json}
?[m?[37m[INFO] 11:44:43,855 [Test worker] changelog.ChangeSet. - ChangeSet migration/vault-schema.changelog-init.xml::1511451595465-26::R3.Corda ran successfully in 0ms {changeSet=migration/vault-schema.changelog-init.xml::1511451595465-26::R3.Corda, databaseChangeLog=master.changelog.json}
?[m?[37m[INFO] 11:44:43,855 [Test worker] jvm.JdbcExecutor. - INSERT INTO PUBLIC.DATABASECHANGELOG (ID, AUTHOR, FILENAME, DATEEXECUTED, ORDEREXECUTED, MD5SUM, DESCRIPTION, COMMENTS, EXECTYPE, CONTEXTS, LABELS, LIQUIBASE, DEPLOYMENT_ID) VALUES ('1511451595465-26', 'R3.Corda', 'migration/vault-schema.changelog-init.xml', NOW(), 6, '8:971edadc2af9e847ed490f418530d40b', 'createTable tableName=vault_states', '', 'EXECUTED', NULL, NULL, '3.6.3', '2067483847') {changeSet=migration/vault-schema.changelog-init.xml::1511451595465-26::R3.Corda, databaseChangeLog=master.changelog.json}
?[m?[37m[INFO] 11:44:43,855 [Test worker] jvm.JdbcExecutor. - CREATE TABLE PUBLIC.vault_transaction_notes (seq_no INT NOT NULL, note NVARCHAR(255), transaction_id NVARCHAR(64)) {changeSet=migration/vault-schema.changelog-init.xml::1511451595465-27::R3.Corda, databaseChangeLog=master.changelog.json}
?[m?[37m[INFO] 11:44:43,855 [Test worker] changelog.ChangeSet. - Table vault_transaction_notes created {changeSet=migration/vault-schema.changelog-init.xml::1511451595465-27::R3.Corda, databaseChangeLog=master.changelog.json}
?[m?[37m[INFO] 11:44:43,855 [Test worker] changelog.ChangeSet. - ChangeSet migration/vault-schema.changelog-init.xml::1511451595465-27::R3.Corda ran successfully in 0ms {changeSet=migration/vault-schema.changelog-init.xml::1511451595465-27::R3.Corda, databaseChangeLog=master.changelog.json}
?[m?[37m[INFO] 11:44:43,856 [Test worker] jvm.JdbcExecutor. - INSERT INTO PUBLIC.DATABASECHANGELOG (ID, AUTHOR, FILENAME, DATEEXECUTED, ORDEREXECUTED, MD5SUM, DESCRIPTION, COMMENTS, EXECTYPE, CONTEXTS, LABELS, LIQUIBASE, DEPLOYMENT_ID) VALUES ('1511451595465-27', 'R3.Corda', 'migration/vault-schema.changelog-init.xml', NOW(), 7, '8:7a8064e58d100a02ed56e538122296e4', 'createTable tableName=vault_transaction_notes', '', 'EXECUTED', NULL, NULL, '3.6.3', '2067483847') {changeSet=migration/vault-schema.changelog-init.xml::1511451595465-27::R3.Corda, databaseChangeLog=master.changelog.json}
?[m?[37m[INFO] 11:44:43,856 [Test worker] jvm.JdbcExecutor. - ALTER TABLE PUBLIC.vault_fungible_states ADD CONSTRAINT vault_fungible_states_pkey PRIMARY KEY (output_index, transaction_id) {changeSet=migration/vault-schema.changelog-init.xml::1511451595465-47::R3.Corda, databaseChangeLog=master.changelog.json}
?[m?[37m[INFO] 11:44:43,856 [Test worker] changelog.ChangeSet. - Primary key added to vault_fungible_states (output_index, transaction_id) {changeSet=migration/vault-schema.changelog-init.xml::1511451595465-47::R3.Corda, databaseChangeLog=master.changelog.json}
?[m?[37m[INFO] 11:44:43,856 [Test worker] changelog.ChangeSet. - ChangeSet migration/vault-schema.changelog-init.xml::1511451595465-47::R3.Corda ran successfully in 0ms {changeSet=migration/vault-schema.changelog-init.xml::1511451595465-47::R3.Corda, databaseChangeLog=master.changelog.json}
?[m?[37m[INFO] 11:44:43,856 [Test worker] jvm.JdbcExecutor. - INSERT INTO PUBLIC.DATABASECHANGELOG (ID, AUTHOR, FILENAME, DATEEXECUTED, ORDEREXECUTED, MD5SUM, DESCRIPTION, COMMENTS, EXECTYPE, CONTEXTS, LABELS, LIQUIBASE, DEPLOYMENT_ID) VALUES ('1511451595465-47', 'R3.Corda', 'migration/vault-schema.changelog-init.xml', NOW(), 8, '8:4eddd48de14b69bdd265a4b0c438f070', 'addPrimaryKey constraintName=vault_fungible_states_pkey, tableName=vault_fungible_states', '', 'EXECUTED', NULL, NULL, '3.6.3', '2067483847') {changeSet=migration/vault-schema.changelog-init.xml::1511451595465-47::R3.Corda, databaseChangeLog=master.changelog.json}
?[m?[37m[INFO] 11:44:43,856 [Test worker] jvm.JdbcExecutor. - ALTER TABLE PUBLIC.vault_linear_states ADD CONSTRAINT vault_linear_states_pkey PRIMARY KEY (output_index, transaction_id) {changeSet=migration/vault-schema.changelog-init.xml::1511451595465-48::R3.Corda, databaseChangeLog=master.changelog.json}
?[m?[37m[INFO] 11:44:43,856 [Test worker] changelog.ChangeSet. - Primary key added to vault_linear_states (output_index, transaction_id) {changeSet=migration/vault-schema.changelog-init.xml::1511451595465-48::R3.Corda, databaseChangeLog=master.changelog.json}
?[m?[37m[INFO] 11:44:43,856 [Test worker] changelog.ChangeSet. - ChangeSet migration/vault-schema.changelog-init.xml::1511451595465-48::R3.Corda ran successfully in 0ms {changeSet=migration/vault-schema.changelog-init.xml::1511451595465-48::R3.Corda, databaseChangeLog=master.changelog.json}
?[m?[37m[INFO] 11:44:43,856 [Test worker] jvm.JdbcExecutor. - INSERT INTO PUBLIC.DATABASECHANGELOG (ID, AUTHOR, FILENAME, DATEEXECUTED, ORDEREXECUTED, MD5SUM, DESCRIPTION, COMMENTS, EXECTYPE, CONTEXTS, LABELS, LIQUIBASE, DEPLOYMENT_ID) VALUES ('1511451595465-48', 'R3.Corda', 'migration/vault-schema.changelog-init.xml', NOW(), 9, '8:3695c44ddebef2dde359dec253a5969a', 'addPrimaryKey constraintName=vault_linear_states_pkey, tableName=vault_linear_states', '', 'EXECUTED', NULL, NULL, '3.6.3', '2067483847') {changeSet=migration/vault-schema.changelog-init.xml::1511451595465-48::R3.Corda, databaseChangeLog=master.changelog.json}
?[m?[37m[INFO] 11:44:43,856 [Test worker] jvm.JdbcExecutor. - ALTER TABLE PUBLIC.vault_states ADD CONSTRAINT vault_states_pkey PRIMARY KEY (output_index, transaction_id) {changeSet=migration/vault-schema.changelog-init.xml::1511451595465-49::R3.Corda, databaseChangeLog=master.changelog.json}
?[m?[37m[INFO] 11:44:43,856 [Test worker] changelog.ChangeSet. - Primary key added to vault_states (output_index, transaction_id) {changeSet=migration/vault-schema.changelog-init.xml::1511451595465-49::R3.Corda, databaseChangeLog=master.changelog.json}
?[m?[37m[INFO] 11:44:43,856 [Test worker] changelog.ChangeSet. - ChangeSet migration/vault-schema.changelog-init.xml::1511451595465-49::R3.Corda ran successfully in 0ms {changeSet=migration/vault-schema.changelog-init.xml::1511451595465-49::R3.Corda, databaseChangeLog=master.changelog.json}
?[m?[37m[INFO] 11:44:43,857 [Test worker] jvm.JdbcExecutor. - INSERT INTO PUBLIC.DATABASECHANGELOG (ID, AUTHOR, FILENAME, DATEEXECUTED, ORDEREXECUTED, MD5SUM, DESCRIPTION, COMMENTS, EXECTYPE, CONTEXTS, LABELS, LIQUIBASE, DEPLOYMENT_ID) VALUES ('1511451595465-49', 'R3.Corda', 'migration/vault-schema.changelog-init.xml', NOW(), 10, '8:5d21dc3c09051ea30475250d25178892', 'addPrimaryKey constraintName=vault_states_pkey, tableName=vault_states', '', 'EXECUTED', NULL, NULL, '3.6.3', '2067483847') {changeSet=migration/vault-schema.changelog-init.xml::1511451595465-49::R3.Corda, databaseChangeLog=master.changelog.json}
?[m?[37m[INFO] 11:44:43,857 [Test worker] jvm.JdbcExecutor. - ALTER TABLE PUBLIC.vault_transaction_notes ADD CONSTRAINT vault_transaction_notes_pkey PRIMARY KEY (seq_no) {changeSet=migration/vault-schema.changelog-init.xml::1511451595465-50::R3.Corda, databaseChangeLog=master.changelog.json}
?[m?[37m[INFO] 11:44:43,857 [Test worker] changelog.ChangeSet. - Primary key added to vault_transaction_notes (seq_no) {changeSet=migration/vault-schema.changelog-init.xml::1511451595465-50::R3.Corda, databaseChangeLog=master.changelog.json}
?[m?[37m[INFO] 11:44:43,857 [Test worker] changelog.ChangeSet. - ChangeSet migration/vault-schema.changelog-init.xml::1511451595465-50::R3.Corda ran successfully in 0ms {changeSet=migration/vault-schema.changelog-init.xml::1511451595465-50::R3.Corda, databaseChangeLog=master.changelog.json}
?[m?[37m[INFO] 11:44:43,857 [Test worker] jvm.JdbcExecutor. - INSERT INTO PUBLIC.DATABASECHANGELOG (ID, AUTHOR, FILENAME, DATEEXECUTED, ORDEREXECUTED, MD5SUM, DESCRIPTION, COMMENTS, EXECTYPE, CONTEXTS, LABELS, LIQUIBASE, DEPLOYMENT_ID) VALUES ('1511451595465-50', 'R3.Corda', 'migration/vault-schema.changelog-init.xml', NOW(), 11, '8:2bf545e5d7593a3456708426c3686ebb', 'addPrimaryKey constraintName=vault_transaction_notes_pkey, tableName=vault_transaction_notes', '', 'EXECUTED', NULL, NULL, '3.6.3', '2067483847') {changeSet=migration/vault-schema.changelog-init.xml::1511451595465-50::R3.Corda, databaseChangeLog=master.changelog.json}
?[m?[37m[INFO] 11:44:43,857 [Test worker] jvm.JdbcExecutor. - CREATE INDEX PUBLIC.external_id_index ON PUBLIC.vault_linear_states(external_id) {changeSet=migration/vault-schema.changelog-init.xml::1511451595465-53::R3.Corda, databaseChangeLog=master.changelog.json}
?[m?[37m[INFO] 11:44:43,857 [Test worker] changelog.ChangeSet. - Index external_id_index created {changeSet=migration/vault-schema.changelog-init.xml::1511451595465-53::R3.Corda, databaseChangeLog=master.changelog.json}
?[m?[37m[INFO] 11:44:43,857 [Test worker] changelog.ChangeSet. - ChangeSet migration/vault-schema.changelog-init.xml::1511451595465-53::R3.Corda ran successfully in 0ms {changeSet=migration/vault-schema.changelog-init.xml::1511451595465-53::R3.Corda, databaseChangeLog=master.changelog.json}
?[m?[37m[INFO] 11:44:43,857 [Test worker] jvm.JdbcExecutor. - INSERT INTO PUBLIC.DATABASECHANGELOG (ID, AUTHOR, FILENAME, DATEEXECUTED, ORDEREXECUTED, MD5SUM, DESCRIPTION, COMMENTS, EXECTYPE, CONTEXTS, LABELS, LIQUIBASE, DEPLOYMENT_ID) VALUES ('1511451595465-53', 'R3.Corda', 'migration/vault-schema.changelog-init.xml', NOW(), 12, '8:b1272090dcd2325b0382f829ce13a1ff', 'createIndex indexName=external_id_index, tableName=vault_linear_states', '', 'EXECUTED', NULL, NULL, '3.6.3', '2067483847') {changeSet=migration/vault-schema.changelog-init.xml::1511451595465-53::R3.Corda, databaseChangeLog=master.changelog.json}
?[m?[37m[INFO] 11:44:43,857 [Test worker] jvm.JdbcExecutor. - CREATE INDEX PUBLIC.lock_id_idx ON PUBLIC.vault_states(lock_id, state_status) {changeSet=migration/vault-schema.changelog-init.xml::1511451595465-55::R3.Corda, databaseChangeLog=master.changelog.json}
?[m?[37m[INFO] 11:44:43,857 [Test worker] changelog.ChangeSet. - Index lock_id_idx created {changeSet=migration/vault-schema.changelog-init.xml::1511451595465-55::R3.Corda, databaseChangeLog=master.changelog.json}
?[m?[37m[INFO] 11:44:43,857 [Test worker] changelog.ChangeSet. - ChangeSet migration/vault-schema.changelog-init.xml::1511451595465-55::R3.Corda ran successfully in 0ms {changeSet=migration/vault-schema.changelog-init.xml::1511451595465-55::R3.Corda, databaseChangeLog=master.changelog.json}
?[m?[37m[INFO] 11:44:43,858 [Test worker] jvm.JdbcExecutor. - INSERT INTO PUBLIC.DATABASECHANGELOG (ID, AUTHOR, FILENAME, DATEEXECUTED, ORDEREXECUTED, MD5SUM, DESCRIPTION, COMMENTS, EXECTYPE, CONTEXTS, LABELS, LIQUIBASE, DEPLOYMENT_ID) VALUES ('1511451595465-55', 'R3.Corda', 'migration/vault-schema.changelog-init.xml', NOW(), 13, '8:0b77fbedaccc2eed4b8efd6fddf6581b', 'createIndex indexName=lock_id_idx, tableName=vault_states', '', 'EXECUTED', NULL, NULL, '3.6.3', '2067483847') {changeSet=migration/vault-schema.changelog-init.xml::1511451595465-55::R3.Corda, databaseChangeLog=master.changelog.json}
?[m?[37m[INFO] 11:44:43,858 [Test worker] jvm.JdbcExecutor. - CREATE INDEX PUBLIC.state_status_idx ON PUBLIC.vault_states(state_status) {changeSet=migration/vault-schema.changelog-init.xml::1511451595465-58::R3.Corda, databaseChangeLog=master.changelog.json}
?[m?[37m[INFO] 11:44:43,858 [Test worker] changelog.ChangeSet. - Index state_status_idx created {changeSet=migration/vault-schema.changelog-init.xml::1511451595465-58::R3.Corda, databaseChangeLog=master.changelog.json}
?[m?[37m[INFO] 11:44:43,858 [Test worker] changelog.ChangeSet. - ChangeSet migration/vault-schema.changelog-init.xml::1511451595465-58::R3.Corda ran successfully in 0ms {changeSet=migration/vault-schema.changelog-init.xml::1511451595465-58::R3.Corda, databaseChangeLog=master.changelog.json}
?[m?[37m[INFO] 11:44:43,858 [Test worker] jvm.JdbcExecutor. - INSERT INTO PUBLIC.DATABASECHANGELOG (ID, AUTHOR, FILENAME, DATEEXECUTED, ORDEREXECUTED, MD5SUM, DESCRIPTION, COMMENTS, EXECTYPE, CONTEXTS, LABELS, LIQUIBASE, DEPLOYMENT_ID) VALUES ('1511451595465-58', 'R3.Corda', 'migration/vault-schema.changelog-init.xml', NOW(), 14, '8:7a1bbb20835907728df143e4cc1bfc04', 'createIndex indexName=state_status_idx, tableName=vault_states', '', 'EXECUTED', NULL, NULL, '3.6.3', '2067483847') {changeSet=migration/vault-schema.changelog-init.xml::1511451595465-58::R3.Corda, databaseChangeLog=master.changelog.json}
?[m?[37m[INFO] 11:44:43,858 [Test worker] jvm.JdbcExecutor. - CREATE INDEX PUBLIC.transaction_id_index ON PUBLIC.vault_transaction_notes(transaction_id) {changeSet=migration/vault-schema.changelog-init.xml::1511451595465-59::R3.Corda, databaseChangeLog=master.changelog.json}
?[m?[37m[INFO] 11:44:43,858 [Test worker] changelog.ChangeSet. - Index transaction_id_index created {changeSet=migration/vault-schema.changelog-init.xml::1511451595465-59::R3.Corda, databaseChangeLog=master.changelog.json}
?[m?[37m[INFO] 11:44:43,858 [Test worker] changelog.ChangeSet. - ChangeSet migration/vault-schema.changelog-init.xml::1511451595465-59::R3.Corda ran successfully in 0ms {changeSet=migration/vault-schema.changelog-init.xml::1511451595465-59::R3.Corda, databaseChangeLog=master.changelog.json}
?[m?[37m[INFO] 11:44:43,858 [Test worker] jvm.JdbcExecutor. - INSERT INTO PUBLIC.DATABASECHANGELOG (ID, AUTHOR, FILENAME, DATEEXECUTED, ORDEREXECUTED, MD5SUM, DESCRIPTION, COMMENTS, EXECTYPE, CONTEXTS, LABELS, LIQUIBASE, DEPLOYMENT_ID) VALUES ('1511451595465-59', 'R3.Corda', 'migration/vault-schema.changelog-init.xml', NOW(), 15, '8:2bfe64cedfc8120dc219d42dc19d49f6', 'createIndex indexName=transaction_id_index, tableName=vault_transaction_notes', '', 'EXECUTED', NULL, NULL, '3.6.3', '2067483847') {changeSet=migration/vault-schema.changelog-init.xml::1511451595465-59::R3.Corda, databaseChangeLog=master.changelog.json}
?[m?[37m[INFO] 11:44:43,858 [Test worker] jvm.JdbcExecutor. - CREATE INDEX PUBLIC.uuid_index ON PUBLIC.vault_linear_states(uuid) {changeSet=migration/vault-schema.changelog-init.xml::1511451595465-60::R3.Corda, databaseChangeLog=master.changelog.json}
?[m?[37m[INFO] 11:44:43,858 [Test worker] changelog.ChangeSet. - Index uuid_index created {changeSet=migration/vault-schema.changelog-init.xml::1511451595465-60::R3.Corda, databaseChangeLog=master.changelog.json}
?[m?[37m[INFO] 11:44:43,858 [Test worker] changelog.ChangeSet. - ChangeSet migration/vault-schema.changelog-init.xml::1511451595465-60::R3.Corda ran successfully in 0ms {changeSet=migration/vault-schema.changelog-init.xml::1511451595465-60::R3.Corda, databaseChangeLog=master.changelog.json}
?[m?[37m[INFO] 11:44:43,858 [Test worker] jvm.JdbcExecutor. - INSERT INTO PUBLIC.DATABASECHANGELOG (ID, AUTHOR, FILENAME, DATEEXECUTED, ORDEREXECUTED, MD5SUM, DESCRIPTION, COMMENTS, EXECTYPE, CONTEXTS, LABELS, LIQUIBASE, DEPLOYMENT_ID) VALUES ('1511451595465-60', 'R3.Corda', 'migration/vault-schema.changelog-init.xml', NOW(), 16, '8:4cffb289ce33d922274cc829175a2a55', 'createIndex indexName=uuid_index, tableName=vault_linear_states', '', 'EXECUTED', NULL, NULL, '3.6.3', '2067483847') {changeSet=migration/vault-schema.changelog-init.xml::1511451595465-60::R3.Corda, databaseChangeLog=master.changelog.json}
?[m?[37m[INFO] 11:44:43,859 [Test worker] jvm.JdbcExecutor. - ALTER TABLE PUBLIC.vault_fungible_states_parts ADD CONSTRAINT FK__fung_st_parts__fung_st FOREIGN KEY (output_index, transaction_id) REFERENCES PUBLIC.vault_fungible_states (output_index, transaction_id) {changeSet=migration/vault-schema.changelog-init.xml::1511451595465-64::R3.Corda, databaseChangeLog=master.changelog.json}
?[m?[37m[INFO] 11:44:43,859 [Test worker] changelog.ChangeSet. - Foreign key constraint added to vault_fungible_states_parts (output_index,transaction_id) {changeSet=migration/vault-schema.changelog-init.xml::1511451595465-64::R3.Corda, databaseChangeLog=master.changelog.json}
?[m?[37m[INFO] 11:44:43,859 [Test worker] changelog.ChangeSet. - ChangeSet migration/vault-schema.changelog-init.xml::1511451595465-64::R3.Corda ran successfully in 0ms {changeSet=migration/vault-schema.changelog-init.xml::1511451595465-64::R3.Corda, databaseChangeLog=master.changelog.json}
?[m?[37m[INFO] 11:44:43,859 [Test worker] jvm.JdbcExecutor. - INSERT INTO PUBLIC.DATABASECHANGELOG (ID, AUTHOR, FILENAME, DATEEXECUTED, ORDEREXECUTED, MD5SUM, DESCRIPTION, COMMENTS, EXECTYPE, CONTEXTS, LABELS, LIQUIBASE, DEPLOYMENT_ID) VALUES ('1511451595465-64', 'R3.Corda', 'migration/vault-schema.changelog-init.xml', NOW(), 17, '8:1bde72346badbbe52e74b189ce1d079c', 'addForeignKeyConstraint baseTableName=vault_fungible_states_parts, constraintName=FK__fung_st_parts__fung_st, referencedTableName=vault_fungible_states', '', 'EXECUTED', NULL, NULL, '3.6.3', '2067483847') {changeSet=migration/vault-schema.changelog-init.xml::1511451595465-64::R3.Corda, databaseChangeLog=master.changelog.json}
?[m?[37m[INFO] 11:44:43,859 [Test worker] jvm.JdbcExecutor. - ALTER TABLE PUBLIC.vault_linear_states_parts ADD CONSTRAINT FK__lin_stat_parts__lin_stat FOREIGN KEY (output_index, transaction_id) REFERENCES PUBLIC.vault_linear_states (output_index, transaction_id) {changeSet=migration/vault-schema.changelog-init.xml::1511451595465-65::R3.Corda, databaseChangeLog=master.changelog.json}
?[m?[37m[INFO] 11:44:43,859 [Test worker] changelog.ChangeSet. - Foreign key constraint added to vault_linear_states_parts (output_index,transaction_id) {changeSet=migration/vault-schema.changelog-init.xml::1511451595465-65::R3.Corda, databaseChangeLog=master.changelog.json}
?[m?[37m[INFO] 11:44:43,859 [Test worker] changelog.ChangeSet. - ChangeSet migration/vault-schema.changelog-init.xml::1511451595465-65::R3.Corda ran successfully in 0ms {changeSet=migration/vault-schema.changelog-init.xml::1511451595465-65::R3.Corda, databaseChangeLog=master.changelog.json}
?[m?[37m[INFO] 11:44:43,860 [Test worker] jvm.JdbcExecutor. - INSERT INTO PUBLIC.DATABASECHANGELOG (ID, AUTHOR, FILENAME, DATEEXECUTED, ORDEREXECUTED, MD5SUM, DESCRIPTION, COMMENTS, EXECTYPE, CONTEXTS, LABELS, LIQUIBASE, DEPLOYMENT_ID) VALUES ('1511451595465-65', 'R3.Corda', 'migration/vault-schema.changelog-init.xml', NOW(), 18, '8:9a5d0106c45f631cb60a3e2f9542d2c2', 'addForeignKeyConstraint baseTableName=vault_linear_states_parts, constraintName=FK__lin_stat_parts__lin_stat, referencedTableName=vault_linear_states', '', 'EXECUTED', NULL, NULL, '3.6.3', '2067483847') {changeSet=migration/vault-schema.changelog-init.xml::1511451595465-65::R3.Corda, databaseChangeLog=master.changelog.json}
?[m?[37m[INFO] 11:44:43,860 [Test worker] jvm.JdbcExecutor. - DELETE FROM PUBLIC.vault_fungible_states_parts {changeSet=migration/vault-schema.changelog-v3.xml::clean_vault::R3.Corda, databaseChangeLog=master.changelog.json}
?[m?[37m[INFO] 11:44:43,860 [Test worker] changelog.ChangeSet. - Data deleted from vault_fungible_states_parts {changeSet=migration/vault-schema.changelog-v3.xml::clean_vault::R3.Corda, databaseChangeLog=master.changelog.json}
?[m?[37m[INFO] 11:44:43,860 [Test worker] jvm.JdbcExecutor. - DELETE FROM PUBLIC.vault_fungible_states {changeSet=migration/vault-schema.changelog-v3.xml::clean_vault::R3.Corda, databaseChangeLog=master.changelog.json}
?[m?[37m[INFO] 11:44:43,860 [Test worker] changelog.ChangeSet. - Data deleted from vault_fungible_states {changeSet=migration/vault-schema.changelog-v3.xml::clean_vault::R3.Corda, databaseChangeLog=master.changelog.json}
?[m?[37m[INFO] 11:44:43,860 [Test worker] jvm.JdbcExecutor. - DELETE FROM PUBLIC.vault_linear_states_parts {changeSet=migration/vault-schema.changelog-v3.xml::clean_vault::R3.Corda, databaseChangeLog=master.changelog.json}
?[m?[37m[INFO] 11:44:43,860 [Test worker] changelog.ChangeSet. - Data deleted from vault_linear_states_parts {changeSet=migration/vault-schema.changelog-v3.xml::clean_vault::R3.Corda, databaseChangeLog=master.changelog.json}
?[m?[37m[INFO] 11:44:43,860 [Test worker] jvm.JdbcExecutor. - DELETE FROM PUBLIC.vault_linear_states {changeSet=migration/vault-schema.changelog-v3.xml::clean_vault::R3.Corda, databaseChangeLog=master.changelog.json}
?[m?[37m[INFO] 11:44:43,860 [Test worker] changelog.ChangeSet. - Data deleted from vault_linear_states {changeSet=migration/vault-schema.changelog-v3.xml::clean_vault::R3.Corda, databaseChangeLog=master.changelog.json}
?[m?[37m[INFO] 11:44:43,860 [Test worker] jvm.JdbcExecutor. - DELETE FROM PUBLIC.vault_states {changeSet=migration/vault-schema.changelog-v3.xml::clean_vault::R3.Corda, databaseChangeLog=master.changelog.json}
?[m?[37m[INFO] 11:44:43,860 [Test worker] changelog.ChangeSet. - Data deleted from vault_states {changeSet=migration/vault-schema.changelog-v3.xml::clean_vault::R3.Corda, databaseChangeLog=master.changelog.json}
?[m?[37m[INFO] 11:44:43,860 [Test worker] jvm.JdbcExecutor. - DELETE FROM PUBLIC.vault_transaction_notes {changeSet=migration/vault-schema.changelog-v3.xml::clean_vault::R3.Corda, databaseChangeLog=master.changelog.json}
?[m?[37m[INFO] 11:44:43,860 [Test worker] changelog.ChangeSet. - Data deleted from vault_transaction_notes {changeSet=migration/vault-schema.changelog-v3.xml::clean_vault::R3.Corda, databaseChangeLog=master.changelog.json}
?[m?[37m[INFO] 11:44:43,860 [Test worker] changelog.ChangeSet. - ChangeSet migration/vault-schema.changelog-v3.xml::clean_vault::R3.Corda ran successfully in 0ms {changeSet=migration/vault-schema.changelog-v3.xml::clean_vault::R3.Corda, databaseChangeLog=master.changelog.json}
?[m?[37m[INFO] 11:44:43,860 [Test worker] jvm.JdbcExecutor. - INSERT INTO PUBLIC.DATABASECHANGELOG (ID, AUTHOR, FILENAME, DATEEXECUTED, ORDEREXECUTED, MD5SUM, DESCRIPTION, COMMENTS, EXECTYPE, CONTEXTS, LABELS, LIQUIBASE, DEPLOYMENT_ID) VALUES ('clean_vault', 'R3.Corda', 'migration/vault-schema.changelog-v3.xml', NOW(), 19, '8:0701d37bf9b322ada2323cea6db9393c', 'delete tableName=vault_fungible_states_parts; delete tableName=vault_fungible_states; delete tableName=vault_linear_states_parts; delete tableName=vault_linear_states; delete tableName=vault_states; delete tableName=vault_transaction_notes', '', 'EXECUTED', NULL, NULL, '3.6.3', '2067483847') {changeSet=migration/vault-schema.changelog-v3.xml::clean_vault::R3.Corda, databaseChangeLog=master.changelog.json}
?[m?[37m[INFO] 11:44:43,860 [Test worker] jvm.JdbcExecutor. - ALTER TABLE PUBLIC.vault_fungible_states ALTER COLUMN quantity SET NOT NULL {changeSet=migration/vault-schema.changelog-v4.xml::nullability::R3.Corda, databaseChangeLog=master.changelog.json}
?[m?[37m[INFO] 11:44:43,860 [Test worker] changelog.ChangeSet. - NOT NULL constraint has been added to vault_fungible_states.quantity {changeSet=migration/vault-schema.changelog-v4.xml::nullability::R3.Corda, databaseChangeLog=master.changelog.json}
?[m?[37m[INFO] 11:44:43,860 [Test worker] jvm.JdbcExecutor. - ALTER TABLE PUBLIC.vault_states ALTER COLUMN contract_state_class_name SET NOT NULL {changeSet=migration/vault-schema.changelog-v4.xml::nullability::R3.Corda, databaseChangeLog=master.changelog.json}
?[m?[37m[INFO] 11:44:43,860 [Test worker] changelog.ChangeSet. - NOT NULL constraint has been added to vault_states.contract_state_class_name {changeSet=migration/vault-schema.changelog-v4.xml::nullability::R3.Corda, databaseChangeLog=master.changelog.json}
?[m?[37m[INFO] 11:44:43,860 [Test worker] jvm.JdbcExecutor. - ALTER TABLE PUBLIC.vault_states ALTER COLUMN notary_name SET NOT NULL {changeSet=migration/vault-schema.changelog-v4.xml::nullability::R3.Corda, databaseChangeLog=master.changelog.json}
?[m?[37m[INFO] 11:44:43,860 [Test worker] changelog.ChangeSet. - NOT NULL constraint has been added to vault_states.notary_name {changeSet=migration/vault-schema.changelog-v4.xml::nullability::R3.Corda, databaseChangeLog=master.changelog.json}
?[m?[37m[INFO] 11:44:43,860 [Test worker] jvm.JdbcExecutor. - ALTER TABLE PUBLIC.vault_states ALTER COLUMN recorded_timestamp SET NOT NULL {changeSet=migration/vault-schema.changelog-v4.xml::nullability::R3.Corda, databaseChangeLog=master.changelog.json}
?[m?[37m[INFO] 11:44:43,860 [Test worker] changelog.ChangeSet. - NOT NULL constraint has been added to vault_states.recorded_timestamp {changeSet=migration/vault-schema.changelog-v4.xml::nullability::R3.Corda, databaseChangeLog=master.changelog.json}
?[m?[37m[INFO] 11:44:43,860 [Test worker] jvm.JdbcExecutor. - DROP INDEX PUBLIC.state_status_idx {changeSet=migration/vault-schema.changelog-v4.xml::nullability::R3.Corda, databaseChangeLog=master.changelog.json}
?[m?[37m[INFO] 11:44:43,860 [Test worker] changelog.ChangeSet. - Index state_status_idx dropped from table vault_states {changeSet=migration/vault-schema.changelog-v4.xml::nullability::R3.Corda, databaseChangeLog=master.changelog.json}
?[m?[37m[INFO] 11:44:43,860 [Test worker] jvm.JdbcExecutor. - DROP INDEX PUBLIC.lock_id_idx {changeSet=migration/vault-schema.changelog-v4.xml::nullability::R3.Corda, databaseChangeLog=master.changelog.json}
?[m?[37m[INFO] 11:44:43,861 [Test worker] changelog.ChangeSet. - Index lock_id_idx dropped from table vault_states {changeSet=migration/vault-schema.changelog-v4.xml::nullability::R3.Corda, databaseChangeLog=master.changelog.json}
?[m?[37m[INFO] 11:44:43,861 [Test worker] jvm.JdbcExecutor. - ALTER TABLE PUBLIC.vault_states ALTER COLUMN state_status SET NOT NULL {changeSet=migration/vault-schema.changelog-v4.xml::nullability::R3.Corda, databaseChangeLog=master.changelog.json}
?[m?[37m[INFO] 11:44:43,861 [Test worker] changelog.ChangeSet. - NOT NULL constraint has been added to vault_states.state_status {changeSet=migration/vault-schema.changelog-v4.xml::nullability::R3.Corda, databaseChangeLog=master.changelog.json}
?[m?[37m[INFO] 11:44:43,861 [Test worker] jvm.JdbcExecutor. - CREATE INDEX PUBLIC.state_status_idx ON PUBLIC.vault_states(state_status) {changeSet=migration/vault-schema.changelog-v4.xml::nullability::R3.Corda, databaseChangeLog=master.changelog.json}
?[m?[37m[INFO] 11:44:43,861 [Test worker] changelog.ChangeSet. - Index state_status_idx created {changeSet=migration/vault-schema.changelog-v4.xml::nullability::R3.Corda, databaseChangeLog=master.changelog.json}
?[m?[37m[INFO] 11:44:43,861 [Test worker] jvm.JdbcExecutor. - CREATE INDEX PUBLIC.lock_id_idx ON PUBLIC.vault_states(lock_id, state_status) {changeSet=migration/vault-schema.changelog-v4.xml::nullability::R3.Corda, databaseChangeLog=master.changelog.json}
?[m?[37m[INFO] 11:44:43,861 [Test worker] changelog.ChangeSet. - Index lock_id_idx created {changeSet=migration/vault-schema.changelog-v4.xml::nullability::R3.Corda, databaseChangeLog=master.changelog.json}
?[m?[37m[INFO] 11:44:43,861 [Test worker] jvm.JdbcExecutor. - DROP INDEX PUBLIC.transaction_id_index {changeSet=migration/vault-schema.changelog-v4.xml::nullability::R3.Corda, databaseChangeLog=master.changelog.json}
?[m?[37m[INFO] 11:44:43,861 [Test worker] changelog.ChangeSet. - Index transaction_id_index dropped from table vault_transaction_notes {changeSet=migration/vault-schema.changelog-v4.xml::nullability::R3.Corda, databaseChangeLog=master.changelog.json}
?[m?[37m[INFO] 11:44:43,861 [Test worker] jvm.JdbcExecutor. - ALTER TABLE PUBLIC.vault_transaction_notes ALTER COLUMN note SET NOT NULL {changeSet=migration/vault-schema.changelog-v4.xml::nullability::R3.Corda, databaseChangeLog=master.changelog.json}
?[m?[37m[INFO] 11:44:43,861 [Test worker] changelog.ChangeSet. - NOT NULL constraint has been added to vault_transaction_notes.note {changeSet=migration/vault-schema.changelog-v4.xml::nullability::R3.Corda, databaseChangeLog=master.changelog.json}
?[m?[37m[INFO] 11:44:43,861 [Test worker] jvm.JdbcExecutor. - ALTER TABLE PUBLIC.vault_transaction_notes ALTER COLUMN transaction_id SET NOT NULL {changeSet=migration/vault-schema.changelog-v4.xml::nullability::R3.Corda, databaseChangeLog=master.changelog.json}
?[m?[37m[INFO] 11:44:43,861 [Test worker] changelog.ChangeSet. - NOT NULL constraint has been added to vault_transaction_notes.transaction_id {changeSet=migration/vault-schema.changelog-v4.xml::nullability::R3.Corda, databaseChangeLog=master.changelog.json}
?[m?[37m[INFO] 11:44:43,861 [Test worker] jvm.JdbcExecutor. - CREATE INDEX PUBLIC.transaction_id_index ON PUBLIC.vault_transaction_notes(transaction_id) {changeSet=migration/vault-schema.changelog-v4.xml::nullability::R3.Corda, databaseChangeLog=master.changelog.json}
?[m?[37m[INFO] 11:44:43,861 [Test worker] changelog.ChangeSet. - Index transaction_id_index created {changeSet=migration/vault-schema.changelog-v4.xml::nullability::R3.Corda, databaseChangeLog=master.changelog.json}
?[m?[37m[INFO] 11:44:43,861 [Test worker] changelog.ChangeSet. - ChangeSet migration/vault-schema.changelog-v4.xml::nullability::R3.Corda ran successfully in 1ms {changeSet=migration/vault-schema.changelog-v4.xml::nullability::R3.Corda, databaseChangeLog=master.changelog.json}
?[m?[37m[INFO] 11:44:43,861 [Test worker] jvm.JdbcExecutor. - INSERT INTO PUBLIC.DATABASECHANGELOG (ID, AUTHOR, FILENAME, DATEEXECUTED, ORDEREXECUTED, MD5SUM, DESCRIPTION, COMMENTS, EXECTYPE, CONTEXTS, LABELS, LIQUIBASE, DEPLOYMENT_ID) VALUES ('nullability', 'R3.Corda', 'migration/vault-schema.changelog-v4.xml', NOW(), 20, '8:853fd1e24b974ff22712322ebb2860bf', 'addNotNullConstraint columnName=quantity, tableName=vault_fungible_states; addNotNullConstraint columnName=contract_state_class_name, tableName=vault_states; addNotNullConstraint columnName=notary_name, tableName=vault_states; addNotNullConstraint...', '', 'EXECUTED', NULL, NULL, '3.6.3', '2067483847') {changeSet=migration/vault-schema.changelog-v4.xml::nullability::R3.Corda, databaseChangeLog=master.changelog.json}
?[m?[37m[INFO] 11:44:43,862 [Test worker] jvm.JdbcExecutor. - INSERT INTO PUBLIC.DATABASECHANGELOG (ID, AUTHOR, FILENAME, DATEEXECUTED, ORDEREXECUTED, MD5SUM, DESCRIPTION, COMMENTS, EXECTYPE, CONTEXTS, LABELS, LIQUIBASE, DEPLOYMENT_ID) VALUES ('non-clustered_pk-11', 'R3.Corda', 'migration/vault-schema.changelog-pkey.xml', NOW(), 21, '8:7fca5375330f0b3b62de65b84274dd6e', 'dropForeignKeyConstraint baseTableName=vault_fungible_states_parts, constraintName=FK__fung_st_parts__fung_st; dropPrimaryKey constraintName=vault_fungible_states_pkey, tableName=vault_fungible_states; addPrimaryKey constraintName=vault_fungible_s...', '', 'MARK_RAN', NULL, NULL, '3.6.3', '2067483847') {changeSet=migration/vault-schema.changelog-pkey.xml::non-clustered_pk-11::R3.Corda, databaseChangeLog=master.changelog.json}
?[m?[37m[INFO] 11:44:43,862 [Test worker] jvm.JdbcExecutor. - INSERT INTO PUBLIC.DATABASECHANGELOG (ID, AUTHOR, FILENAME, DATEEXECUTED, ORDEREXECUTED, MD5SUM, DESCRIPTION, COMMENTS, EXECTYPE, CONTEXTS, LABELS, LIQUIBASE, DEPLOYMENT_ID) VALUES ('non-clustered_pk-12', 'R3.Corda', 'migration/vault-schema.changelog-pkey.xml', NOW(), 22, '8:8469058af292b08d108fcf1b3eb8fca4', 'dropForeignKeyConstraint baseTableName=vault_linear_states_parts, constraintName=FK__lin_stat_parts__lin_stat; dropPrimaryKey constraintName=vault_linear_states_pkey, tableName=vault_linear_states; addPrimaryKey constraintName=vault_linear_states_...', '', 'MARK_RAN', NULL, NULL, '3.6.3', '2067483847') {changeSet=migration/vault-schema.changelog-pkey.xml::non-clustered_pk-12::R3.Corda, databaseChangeLog=master.changelog.json}
?[m?[37m[INFO] 11:44:43,862 [Test worker] jvm.JdbcExecutor. - INSERT INTO PUBLIC.DATABASECHANGELOG (ID, AUTHOR, FILENAME, DATEEXECUTED, ORDEREXECUTED, MD5SUM, DESCRIPTION, COMMENTS, EXECTYPE, CONTEXTS, LABELS, LIQUIBASE, DEPLOYMENT_ID) VALUES ('non-clustered_pk-13', 'R3.Corda', 'migration/vault-schema.changelog-pkey.xml', NOW(), 23, '8:e0ccce8941c28a45870d60f5bf54cd50', 'dropPrimaryKey constraintName=vault_states_pkey, tableName=vault_states; addPrimaryKey constraintName=vault_states_pkey, tableName=vault_states', '', 'MARK_RAN', NULL, NULL, '3.6.3', '2067483847') {changeSet=migration/vault-schema.changelog-pkey.xml::non-clustered_pk-13::R3.Corda, databaseChangeLog=master.changelog.json}
?[m?[37m[INFO] 11:44:43,863 [Test worker] jvm.JdbcExecutor. - ALTER TABLE PUBLIC.vault_states ADD relevancy_status INT {changeSet=migration/vault-schema.changelog-v5.xml::add_relevancy_status_column::R3.Corda, databaseChangeLog=master.changelog.json}
?[m?[37m[INFO] 11:44:43,863 [Test worker] changelog.ChangeSet. - Columns relevancy_status(INT) added to vault_states {changeSet=migration/vault-schema.changelog-v5.xml::add_relevancy_status_column::R3.Corda, databaseChangeLog=master.changelog.json}
?[m?[37m[INFO] 11:44:43,863 [Test worker] jvm.JdbcExecutor. - UPDATE PUBLIC.vault_states SET relevancy_status = 0 {changeSet=migration/vault-schema.changelog-v5.xml::add_relevancy_status_column::R3.Corda, databaseChangeLog=master.changelog.json}
?[m?[37m[INFO] 11:44:43,863 [Test worker] changelog.ChangeSet. - Data updated in vault_states {changeSet=migration/vault-schema.changelog-v5.xml::add_relevancy_status_column::R3.Corda, databaseChangeLog=master.changelog.json}
?[m?[37m[INFO] 11:44:43,863 [Test worker] jvm.JdbcExecutor. - ALTER TABLE PUBLIC.vault_states ALTER COLUMN relevancy_status SET NOT NULL {changeSet=migration/vault-schema.changelog-v5.xml::add_relevancy_status_column::R3.Corda, databaseChangeLog=master.changelog.json}
?[m?[37m[INFO] 11:44:43,863 [Test worker] changelog.ChangeSet. - NOT NULL constraint has been added to vault_states.relevancy_status {changeSet=migration/vault-schema.changelog-v5.xml::add_relevancy_status_column::R3.Corda, databaseChangeLog=master.changelog.json}
?[m?[37m[INFO] 11:44:43,863 [Test worker] changelog.ChangeSet. - ChangeSet migration/vault-schema.changelog-v5.xml::add_relevancy_status_column::R3.Corda ran successfully in 1ms {changeSet=migration/vault-schema.changelog-v5.xml::add_relevancy_status_column::R3.Corda, databaseChangeLog=master.changelog.json}
?[m?[37m[INFO] 11:44:43,864 [Test worker] jvm.JdbcExecutor. - INSERT INTO PUBLIC.DATABASECHANGELOG (ID, AUTHOR, FILENAME, DATEEXECUTED, ORDEREXECUTED, MD5SUM, DESCRIPTION, COMMENTS, EXECTYPE, CONTEXTS, LABELS, LIQUIBASE, DEPLOYMENT_ID) VALUES ('add_relevancy_status_column', 'R3.Corda', 'migration/vault-schema.changelog-v5.xml', NOW(), 24, '8:93c5dcaf00387d4d643def4355a54b56', 'addColumn tableName=vault_states; update tableName=vault_states; addNotNullConstraint columnName=relevancy_status, tableName=vault_states', '', 'EXECUTED', NULL, NULL, '3.6.3', '2067483847') {changeSet=migration/vault-schema.changelog-v5.xml::add_relevancy_status_column::R3.Corda, databaseChangeLog=master.changelog.json}
?[m?[37m[INFO] 11:44:43,864 [Test worker] jvm.JdbcExecutor. - ALTER TABLE PUBLIC.vault_states ADD constraint_type INT DEFAULT '0' NOT NULL {changeSet=migration/vault-schema.changelog-v6.xml::add_is_constraint_information_columns::R3.Corda, databaseChangeLog=master.changelog.json}
?[m?[37m[INFO] 11:44:43,864 [Test worker] changelog.ChangeSet. - Columns constraint_type(INT) added to vault_states {changeSet=migration/vault-schema.changelog-v6.xml::add_is_constraint_information_columns::R3.Corda, databaseChangeLog=master.changelog.json}
?[m?[37m[INFO] 11:44:43,864 [Test worker] jvm.JdbcExecutor. - ALTER TABLE PUBLIC.vault_states ADD constraint_data VARBINARY(563) {changeSet=migration/vault-schema.changelog-v6.xml::add_is_constraint_information_columns::R3.Corda, databaseChangeLog=master.changelog.json}
?[m?[37m[INFO] 11:44:43,865 [Test worker] changelog.ChangeSet. - Columns constraint_data(varbinary(563)) added to vault_states {changeSet=migration/vault-schema.changelog-v6.xml::add_is_constraint_information_columns::R3.Corda, databaseChangeLog=master.changelog.json}
?[m?[37m[INFO] 11:44:43,865 [Test worker] changelog.ChangeSet. - ChangeSet migration/vault-schema.changelog-v6.xml::add_is_constraint_information_columns::R3.Corda ran successfully in 1ms {changeSet=migration/vault-schema.changelog-v6.xml::add_is_constraint_information_columns::R3.Corda, databaseChangeLog=master.changelog.json}
?[m?[37m[INFO] 11:44:43,865 [Test worker] jvm.JdbcExecutor. - INSERT INTO PUBLIC.DATABASECHANGELOG (ID, AUTHOR, FILENAME, DATEEXECUTED, ORDEREXECUTED, MD5SUM, DESCRIPTION, COMMENTS, EXECTYPE, CONTEXTS, LABELS, LIQUIBASE, DEPLOYMENT_ID) VALUES ('add_is_constraint_information_columns', 'R3.Corda', 'migration/vault-schema.changelog-v6.xml', NOW(), 25, '8:acf60bd84f648e157d402de8f8e22f3a', 'addColumn tableName=vault_states; addColumn tableName=vault_states', '', 'EXECUTED', NULL, NULL, '3.6.3', '2067483847') {changeSet=migration/vault-schema.changelog-v6.xml::add_is_constraint_information_columns::R3.Corda, databaseChangeLog=master.changelog.json}
?[m?[37m[INFO] 11:44:43,865 [Test worker] jvm.JdbcExecutor. - ALTER TABLE PUBLIC.vault_fungible_states ALTER COLUMN issuer_ref SET NULL {changeSet=migration/vault-schema.changelog-v7.xml::make_issuer_ref_nullable::R3.Corda, databaseChangeLog=master.changelog.json}
?[m?[37m[INFO] 11:44:43,865 [Test worker] changelog.ChangeSet. - Null constraint dropped from vault_fungible_states.issuer_ref {changeSet=migration/vault-schema.changelog-v7.xml::make_issuer_ref_nullable::R3.Corda, databaseChangeLog=master.changelog.json}
?[m?[37m[INFO] 11:44:43,865 [Test worker] changelog.ChangeSet. - ChangeSet migration/vault-schema.changelog-v7.xml::make_issuer_ref_nullable::R3.Corda ran successfully in 0ms {changeSet=migration/vault-schema.changelog-v7.xml::make_issuer_ref_nullable::R3.Corda, databaseChangeLog=master.changelog.json}
?[m?[37m[INFO] 11:44:43,865 [Test worker] jvm.JdbcExecutor. - INSERT INTO PUBLIC.DATABASECHANGELOG (ID, AUTHOR, FILENAME, DATEEXECUTED, ORDEREXECUTED, MD5SUM, DESCRIPTION, COMMENTS, EXECTYPE, CONTEXTS, LABELS, LIQUIBASE, DEPLOYMENT_ID) VALUES ('make_issuer_ref_nullable', 'R3.Corda', 'migration/vault-schema.changelog-v7.xml', NOW(), 26, '8:58039722b4808e90a7711d3c82e5fc95', 'dropNotNullConstraint columnName=issuer_ref, tableName=vault_fungible_states', '', 'EXECUTED', NULL, NULL, '3.6.3', '2067483847') {changeSet=migration/vault-schema.changelog-v7.xml::make_issuer_ref_nullable::R3.Corda, databaseChangeLog=master.changelog.json}
?[m?[37m[INFO] 11:44:43,866 [Test worker] jvm.JdbcExecutor. - CREATE TABLE PUBLIC.state_party (output_index INT, transaction_id NVARCHAR(64), public_key_hash NVARCHAR(255) NOT NULL, x500_name NVARCHAR(255)) {changeSet=migration/vault-schema.changelog-v8.xml::create-external-id-to-state-party-view::R3.Corda, databaseChangeLog=master.changelog.json}
?[m?[37m[INFO] 11:44:43,866 [Test worker] changelog.ChangeSet. - Table state_party created {changeSet=migration/vault-schema.changelog-v8.xml::create-external-id-to-state-party-view::R3.Corda, databaseChangeLog=master.changelog.json}
?[m?[37m[INFO] 11:44:43,866 [Test worker] jvm.JdbcExecutor. - CREATE INDEX PUBLIC.state_pk_hash_idx ON PUBLIC.state_party(public_key_hash) {changeSet=migration/vault-schema.changelog-v8.xml::create-external-id-to-state-party-view::R3.Corda, databaseChangeLog=master.changelog.json}
?[m?[37m[INFO] 11:44:43,866 [Test worker] changelog.ChangeSet. - Index state_pk_hash_idx created {changeSet=migration/vault-schema.changelog-v8.xml::create-external-id-to-state-party-view::R3.Corda, databaseChangeLog=master.changelog.json}
?[m?[37m[INFO] 11:44:43,866 [Test worker] jvm.JdbcExecutor. - CREATE TABLE PUBLIC.pk_hash_to_ext_id_map (id BIGINT NOT NULL, external_id VARCHAR(255) NOT NULL, public_key_hash NVARCHAR(255) NOT NULL) {changeSet=migration/vault-schema.changelog-v8.xml::create-external-id-to-state-party-view::R3.Corda, databaseChangeLog=master.changelog.json}
?[m?[37m[INFO] 11:44:43,866 [Test worker] changelog.ChangeSet. - Table pk_hash_to_ext_id_map created {changeSet=migration/vault-schema.changelog-v8.xml::create-external-id-to-state-party-view::R3.Corda, databaseChangeLog=master.changelog.json}
?[m?[37m[INFO] 11:44:43,866 [Test worker] jvm.JdbcExecutor. - CREATE INDEX PUBLIC.pk_hash_to_xid_idx ON PUBLIC.pk_hash_to_ext_id_map(public_key_hash) {changeSet=migration/vault-schema.changelog-v8.xml::create-external-id-to-state-party-view::R3.Corda, databaseChangeLog=master.changelog.json}
?[m?[37m[INFO] 11:44:43,866 [Test worker] changelog.ChangeSet. - Index pk_hash_to_xid_idx created {changeSet=migration/vault-schema.changelog-v8.xml::create-external-id-to-state-party-view::R3.Corda, databaseChangeLog=master.changelog.json}
?[m?[37m[INFO] 11:44:43,866 [Test worker] jvm.JdbcExecutor. - CREATE VIEW PUBLIC.v_pkey_hash_ex_id_map AS select
                state_party.public_key_hash,
                state_party.transaction_id,
                state_party.output_index,
                pk_hash_to_ext_id_map.external_id
            from state_party
            join pk_hash_to_ext_id_map
            on state_party.public_key_hash = pk_hash_to_ext_id_map.public_key_hash {changeSet=migration/vault-schema.changelog-v8.xml::create-external-id-to-state-party-view::R3.Corda, databaseChangeLog=master.changelog.json}
?[m?[37m[INFO] 11:44:43,866 [Test worker] changelog.ChangeSet. - View v_pkey_hash_ex_id_map created {changeSet=migration/vault-schema.changelog-v8.xml::create-external-id-to-state-party-view::R3.Corda, databaseChangeLog=master.changelog.json}
?[m?[37m[INFO] 11:44:43,866 [Test worker] changelog.ChangeSet. - ChangeSet migration/vault-schema.changelog-v8.xml::create-external-id-to-state-party-view::R3.Corda ran successfully in 1ms {changeSet=migration/vault-schema.changelog-v8.xml::create-external-id-to-state-party-view::R3.Corda, databaseChangeLog=master.changelog.json}
?[m?[37m[INFO] 11:44:43,866 [Test worker] jvm.JdbcExecutor. - INSERT INTO PUBLIC.DATABASECHANGELOG (ID, AUTHOR, FILENAME, DATEEXECUTED, ORDEREXECUTED, MD5SUM, DESCRIPTION, COMMENTS, EXECTYPE, CONTEXTS, LABELS, LIQUIBASE, DEPLOYMENT_ID) VALUES ('create-external-id-to-state-party-view', 'R3.Corda', 'migration/vault-schema.changelog-v8.xml', NOW(), 27, '8:9a5b20f7b7367bb3b86f600bccaa423b', 'createTable tableName=state_party; createIndex indexName=state_pk_hash_idx, tableName=state_party; createTable tableName=pk_hash_to_ext_id_map; createIndex indexName=pk_hash_to_xid_idx, tableName=pk_hash_to_ext_id_map; createView viewName=v_pkey_h...', '', 'EXECUTED', NULL, NULL, '3.6.3', '2067483847') {changeSet=migration/vault-schema.changelog-v8.xml::create-external-id-to-state-party-view::R3.Corda, databaseChangeLog=master.changelog.json}
?[m?[37m[INFO] 11:44:43,867 [Test worker] jvm.JdbcExecutor. - ALTER TABLE PUBLIC.vault_states ALTER COLUMN constraint_data VARBINARY(20000) {changeSet=migration/vault-schema.changelog-v11.xml::expand_constraint_data_size::R3.Corda, databaseChangeLog=master.changelog.json}
?[m?[37m[INFO] 11:44:43,867 [Test worker] changelog.ChangeSet. - vault_states.constraint_data datatype was changed to varbinary(20000) {changeSet=migration/vault-schema.changelog-v11.xml::expand_constraint_data_size::R3.Corda, databaseChangeLog=master.changelog.json}
?[m?[37m[INFO] 11:44:43,867 [Test worker] changelog.ChangeSet. - ChangeSet migration/vault-schema.changelog-v11.xml::expand_constraint_data_size::R3.Corda ran successfully in 0ms {changeSet=migration/vault-schema.changelog-v11.xml::expand_constraint_data_size::R3.Corda, databaseChangeLog=master.changelog.json}
?[m?[37m[INFO] 11:44:43,867 [Test worker] jvm.JdbcExecutor. - INSERT INTO PUBLIC.DATABASECHANGELOG (ID, AUTHOR, FILENAME, DATEEXECUTED, ORDEREXECUTED, MD5SUM, DESCRIPTION, COMMENTS, EXECTYPE, CONTEXTS, LABELS, LIQUIBASE, DEPLOYMENT_ID) VALUES ('expand_constraint_data_size', 'R3.Corda', 'migration/vault-schema.changelog-v11.xml', NOW(), 28, '8:0bd51f3d930d4b03d7b1075454bb2d70', 'modifyDataType columnName=constraint_data, tableName=vault_states', '', 'EXECUTED', NULL, NULL, '3.6.3', '2067483847') {changeSet=migration/vault-schema.changelog-v11.xml::expand_constraint_data_size::R3.Corda, databaseChangeLog=master.changelog.json}
?[m?[37m[INFO] 11:44:43,867 [Test worker] jvm.JdbcExecutor. - CREATE TABLE PUBLIC.node_link_nodeinfo_party (node_info_id INT NOT NULL, party_name NVARCHAR(255) NOT NULL) {changeSet=migration/node-info.changelog-init.xml::1511451595465-4::R3.Corda, databaseChangeLog=master.changelog.json}
?[m?[37m[INFO] 11:44:43,868 [Test worker] changelog.ChangeSet. - Table node_link_nodeinfo_party created {changeSet=migration/node-info.changelog-init.xml::1511451595465-4::R3.Corda, databaseChangeLog=master.changelog.json}
?[m?[37m[INFO] 11:44:43,868 [Test worker] changelog.ChangeSet. - ChangeSet migration/node-info.changelog-init.xml::1511451595465-4::R3.Corda ran successfully in 1ms {changeSet=migration/node-info.changelog-init.xml::1511451595465-4::R3.Corda, databaseChangeLog=master.changelog.json}
?[m?[37m[INFO] 11:44:43,868 [Test worker] jvm.JdbcExecutor. - INSERT INTO PUBLIC.DATABASECHANGELOG (ID, AUTHOR, FILENAME, DATEEXECUTED, ORDEREXECUTED, MD5SUM, DESCRIPTION, COMMENTS, EXECTYPE, CONTEXTS, LABELS, LIQUIBASE, DEPLOYMENT_ID) VALUES ('1511451595465-4', 'R3.Corda', 'migration/node-info.changelog-init.xml', NOW(), 29, '8:cbf3edf78266c3bd22738eaf20c7c111', 'createTable tableName=node_link_nodeinfo_party', '', 'EXECUTED', NULL, NULL, '3.6.3', '2067483847') {changeSet=migration/node-info.changelog-init.xml::1511451595465-4::R3.Corda, databaseChangeLog=master.changelog.json}
?[m?[37m[INFO] 11:44:43,868 [Test worker] jvm.JdbcExecutor. - CREATE TABLE PUBLIC.node_info_hosts (host NVARCHAR(255) NOT NULL, port INT NOT NULL, node_info_id INT) {changeSet=migration/node-info.changelog-init.xml::1511451595465-10::R3.Corda, databaseChangeLog=master.changelog.json}
?[m?[37m[INFO] 11:44:43,868 [Test worker] changelog.ChangeSet. - Table node_info_hosts created {changeSet=migration/node-info.changelog-init.xml::1511451595465-10::R3.Corda, databaseChangeLog=master.changelog.json}
?[m?[37m[INFO] 11:44:43,868 [Test worker] changelog.ChangeSet. - ChangeSet migration/node-info.changelog-init.xml::1511451595465-10::R3.Corda ran successfully in 0ms {changeSet=migration/node-info.changelog-init.xml::1511451595465-10::R3.Corda, databaseChangeLog=master.changelog.json}
?[m?[37m[INFO] 11:44:43,868 [Test worker] jvm.JdbcExecutor. - INSERT INTO PUBLIC.DATABASECHANGELOG (ID, AUTHOR, FILENAME, DATEEXECUTED, ORDEREXECUTED, MD5SUM, DESCRIPTION, COMMENTS, EXECTYPE, CONTEXTS, LABELS, LIQUIBASE, DEPLOYMENT_ID) VALUES ('1511451595465-10', 'R3.Corda', 'migration/node-info.changelog-init.xml', NOW(), 30, '8:f0b2c5a77ffde6aaa3c417095fc220a9', 'createTable tableName=node_info_hosts', '', 'EXECUTED', NULL, NULL, '3.6.3', '2067483847') {changeSet=migration/node-info.changelog-init.xml::1511451595465-10::R3.Corda, databaseChangeLog=master.changelog.json}
?[m?[37m[INFO] 11:44:43,868 [Test worker] jvm.JdbcExecutor. - CREATE TABLE PUBLIC.node_info_party_cert (party_name NVARCHAR(255) NOT NULL, ismain BOOLEAN NOT NULL, owning_key_hash NVARCHAR(130), party_cert_binary BLOB) {changeSet=migration/node-info.changelog-init.xml::1511451595465-11::R3.Corda, databaseChangeLog=master.changelog.json}
?[m?[37m[INFO] 11:44:43,868 [Test worker] changelog.ChangeSet. - Table node_info_party_cert created {changeSet=migration/node-info.changelog-init.xml::1511451595465-11::R3.Corda, databaseChangeLog=master.changelog.json}
?[m?[37m[INFO] 11:44:43,868 [Test worker] changelog.ChangeSet. - ChangeSet migration/node-info.changelog-init.xml::1511451595465-11::R3.Corda ran successfully in 0ms {changeSet=migration/node-info.changelog-init.xml::1511451595465-11::R3.Corda, databaseChangeLog=master.changelog.json}
?[m?[37m[INFO] 11:44:43,868 [Test worker] jvm.JdbcExecutor. - INSERT INTO PUBLIC.DATABASECHANGELOG (ID, AUTHOR, FILENAME, DATEEXECUTED, ORDEREXECUTED, MD5SUM, DESCRIPTION, COMMENTS, EXECTYPE, CONTEXTS, LABELS, LIQUIBASE, DEPLOYMENT_ID) VALUES ('1511451595465-11', 'R3.Corda', 'migration/node-info.changelog-init.xml', NOW(), 31, '8:5eacbf7ce0d85376219f1903b55f5e18', 'createTable tableName=node_info_party_cert', '', 'EXECUTED', NULL, NULL, '3.6.3', '2067483847') {changeSet=migration/node-info.changelog-init.xml::1511451595465-11::R3.Corda, databaseChangeLog=master.changelog.json}
?[m?[37m[INFO] 11:44:43,868 [Test worker] jvm.JdbcExecutor. - CREATE TABLE PUBLIC.node_infos (node_info_id INT NOT NULL, node_info_hash NVARCHAR(64), platform_version INT, serial BIGINT) {changeSet=migration/node-info.changelog-init.xml::1511451595465-12::R3.Corda, databaseChangeLog=master.changelog.json}
?[m?[37m[INFO] 11:44:43,868 [Test worker] changelog.ChangeSet. - Table node_infos created {changeSet=migration/node-info.changelog-init.xml::1511451595465-12::R3.Corda, databaseChangeLog=master.changelog.json}
?[m?[37m[INFO] 11:44:43,868 [Test worker] changelog.ChangeSet. - ChangeSet migration/node-info.changelog-init.xml::1511451595465-12::R3.Corda ran successfully in 0ms {changeSet=migration/node-info.changelog-init.xml::1511451595465-12::R3.Corda, databaseChangeLog=master.changelog.json}
?[m?[37m[INFO] 11:44:43,869 [Test worker] jvm.JdbcExecutor. - INSERT INTO PUBLIC.DATABASECHANGELOG (ID, AUTHOR, FILENAME, DATEEXECUTED, ORDEREXECUTED, MD5SUM, DESCRIPTION, COMMENTS, EXECTYPE, CONTEXTS, LABELS, LIQUIBASE, DEPLOYMENT_ID) VALUES ('1511451595465-12', 'R3.Corda', 'migration/node-info.changelog-init.xml', NOW(), 32, '8:7e30f20cf268860d637ecfb8635f45a3', 'createTable tableName=node_infos', '', 'EXECUTED', NULL, NULL, '3.6.3', '2067483847') {changeSet=migration/node-info.changelog-init.xml::1511451595465-12::R3.Corda, databaseChangeLog=master.changelog.json}
?[m?[37m[INFO] 11:44:43,869 [Test worker] jvm.JdbcExecutor. - ALTER TABLE PUBLIC.node_info_hosts ADD CONSTRAINT node_info_hosts_pkey PRIMARY KEY (host, port) {changeSet=migration/node-info.changelog-init.xml::1511451595465-35::R3.Corda, databaseChangeLog=master.changelog.json}
?[m?[37m[INFO] 11:44:43,869 [Test worker] changelog.ChangeSet. - Primary key added to node_info_hosts (host, port) {changeSet=migration/node-info.changelog-init.xml::1511451595465-35::R3.Corda, databaseChangeLog=master.changelog.json}
?[m?[37m[INFO] 11:44:43,869 [Test worker] changelog.ChangeSet. - ChangeSet migration/node-info.changelog-init.xml::1511451595465-35::R3.Corda ran successfully in 0ms {changeSet=migration/node-info.changelog-init.xml::1511451595465-35::R3.Corda, databaseChangeLog=master.changelog.json}
?[m?[37m[INFO] 11:44:43,869 [Test worker] jvm.JdbcExecutor. - INSERT INTO PUBLIC.DATABASECHANGELOG (ID, AUTHOR, FILENAME, DATEEXECUTED, ORDEREXECUTED, MD5SUM, DESCRIPTION, COMMENTS, EXECTYPE, CONTEXTS, LABELS, LIQUIBASE, DEPLOYMENT_ID) VALUES ('1511451595465-35', 'R3.Corda', 'migration/node-info.changelog-init.xml', NOW(), 33, '8:0d1a734e7350a8278808f540d992fedf', 'addPrimaryKey constraintName=node_info_hosts_pkey, tableName=node_info_hosts', '', 'EXECUTED', NULL, NULL, '3.6.3', '2067483847') {changeSet=migration/node-info.changelog-init.xml::1511451595465-35::R3.Corda, databaseChangeLog=master.changelog.json}
?[m?[37m[INFO] 11:44:43,869 [Test worker] jvm.JdbcExecutor. - ALTER TABLE PUBLIC.node_info_party_cert ADD CONSTRAINT node_info_party_cert_pkey PRIMARY KEY (party_name) {changeSet=migration/node-info.changelog-init.xml::1511451595465-36::R3.Corda, databaseChangeLog=master.changelog.json}
?[m?[37m[INFO] 11:44:43,869 [Test worker] changelog.ChangeSet. - Primary key added to node_info_party_cert (party_name) {changeSet=migration/node-info.changelog-init.xml::1511451595465-36::R3.Corda, databaseChangeLog=master.changelog.json}
?[m?[37m[INFO] 11:44:43,869 [Test worker] changelog.ChangeSet. - ChangeSet migration/node-info.changelog-init.xml::1511451595465-36::R3.Corda ran successfully in 0ms {changeSet=migration/node-info.changelog-init.xml::1511451595465-36::R3.Corda, databaseChangeLog=master.changelog.json}
?[m?[37m[INFO] 11:44:43,869 [Test worker] jvm.JdbcExecutor. - INSERT INTO PUBLIC.DATABASECHANGELOG (ID, AUTHOR, FILENAME, DATEEXECUTED, ORDEREXECUTED, MD5SUM, DESCRIPTION, COMMENTS, EXECTYPE, CONTEXTS, LABELS, LIQUIBASE, DEPLOYMENT_ID) VALUES ('1511451595465-36', 'R3.Corda', 'migration/node-info.changelog-init.xml', NOW(), 34, '8:dc78ba227ce869f406d2645c2064e8dc', 'addPrimaryKey constraintName=node_info_party_cert_pkey, tableName=node_info_party_cert', '', 'EXECUTED', NULL, NULL, '3.6.3', '2067483847') {changeSet=migration/node-info.changelog-init.xml::1511451595465-36::R3.Corda, databaseChangeLog=master.changelog.json}
?[m?[37m[INFO] 11:44:43,869 [Test worker] jvm.JdbcExecutor. - ALTER TABLE PUBLIC.node_infos ADD CONSTRAINT node_infos_pkey PRIMARY KEY (node_info_id) {changeSet=migration/node-info.changelog-init.xml::1511451595465-37::R3.Corda, databaseChangeLog=master.changelog.json}
?[m?[37m[INFO] 11:44:43,869 [Test worker] changelog.ChangeSet. - Primary key added to node_infos (node_info_id) {changeSet=migration/node-info.changelog-init.xml::1511451595465-37::R3.Corda, databaseChangeLog=master.changelog.json}
?[m?[37m[INFO] 11:44:43,869 [Test worker] changelog.ChangeSet. - ChangeSet migration/node-info.changelog-init.xml::1511451595465-37::R3.Corda ran successfully in 0ms {changeSet=migration/node-info.changelog-init.xml::1511451595465-37::R3.Corda, databaseChangeLog=master.changelog.json}
?[m?[37m[INFO] 11:44:43,870 [Test worker] jvm.JdbcExecutor. - INSERT INTO PUBLIC.DATABASECHANGELOG (ID, AUTHOR, FILENAME, DATEEXECUTED, ORDEREXECUTED, MD5SUM, DESCRIPTION, COMMENTS, EXECTYPE, CONTEXTS, LABELS, LIQUIBASE, DEPLOYMENT_ID) VALUES ('1511451595465-37', 'R3.Corda', 'migration/node-info.changelog-init.xml', NOW(), 35, '8:c07cbda2d04c6d77539ac802c66df023', 'addPrimaryKey constraintName=node_infos_pkey, tableName=node_infos', '', 'EXECUTED', NULL, NULL, '3.6.3', '2067483847') {changeSet=migration/node-info.changelog-init.xml::1511451595465-37::R3.Corda, databaseChangeLog=master.changelog.json}
?[m?[37m[INFO] 11:44:43,870 [Test worker] jvm.JdbcExecutor. - ALTER TABLE PUBLIC.node_link_nodeinfo_party ADD CONSTRAINT FK__link_nodeinfo_party__infos FOREIGN KEY (node_info_id) REFERENCES PUBLIC.node_infos (node_info_id) {changeSet=migration/node-info.changelog-init.xml::1511451595465-62::R3.Corda, databaseChangeLog=master.changelog.json}
?[m?[37m[INFO] 11:44:43,870 [Test worker] changelog.ChangeSet. - Foreign key constraint added to node_link_nodeinfo_party (node_info_id) {changeSet=migration/node-info.changelog-init.xml::1511451595465-62::R3.Corda, databaseChangeLog=master.changelog.json}
?[m?[37m[INFO] 11:44:43,870 [Test worker] changelog.ChangeSet. - ChangeSet migration/node-info.changelog-init.xml::1511451595465-62::R3.Corda ran successfully in 0ms {changeSet=migration/node-info.changelog-init.xml::1511451595465-62::R3.Corda, databaseChangeLog=master.changelog.json}
?[m?[37m[INFO] 11:44:43,870 [Test worker] jvm.JdbcExecutor. - INSERT INTO PUBLIC.DATABASECHANGELOG (ID, AUTHOR, FILENAME, DATEEXECUTED, ORDEREXECUTED, MD5SUM, DESCRIPTION, COMMENTS, EXECTYPE, CONTEXTS, LABELS, LIQUIBASE, DEPLOYMENT_ID) VALUES ('1511451595465-62', 'R3.Corda', 'migration/node-info.changelog-init.xml', NOW(), 36, '8:073bbdb8865055a19cde67340a2063e2', 'addForeignKeyConstraint baseTableName=node_link_nodeinfo_party, constraintName=FK__link_nodeinfo_party__infos, referencedTableName=node_infos', '', 'EXECUTED', NULL, NULL, '3.6.3', '2067483847') {changeSet=migration/node-info.changelog-init.xml::1511451595465-62::R3.Corda, databaseChangeLog=master.changelog.json}
?[m?[37m[INFO] 11:44:43,870 [Test worker] jvm.JdbcExecutor. - ALTER TABLE PUBLIC.node_info_hosts ADD CONSTRAINT FK__info_hosts__infos FOREIGN KEY (node_info_id) REFERENCES PUBLIC.node_infos (node_info_id) {changeSet=migration/node-info.changelog-init.xml::1511451595465-63::R3.Corda, databaseChangeLog=master.changelog.json}
?[m?[37m[INFO] 11:44:43,871 [Test worker] changelog.ChangeSet. - Foreign key constraint added to node_info_hosts (node_info_id) {changeSet=migration/node-info.changelog-init.xml::1511451595465-63::R3.Corda, databaseChangeLog=master.changelog.json}
?[m?[37m[INFO] 11:44:43,871 [Test worker] changelog.ChangeSet. - ChangeSet migration/node-info.changelog-init.xml::1511451595465-63::R3.Corda ran successfully in 1ms {changeSet=migration/node-info.changelog-init.xml::1511451595465-63::R3.Corda, databaseChangeLog=master.changelog.json}
?[m?[37m[INFO] 11:44:43,871 [Test worker] jvm.JdbcExecutor. - INSERT INTO PUBLIC.DATABASECHANGELOG (ID, AUTHOR, FILENAME, DATEEXECUTED, ORDEREXECUTED, MD5SUM, DESCRIPTION, COMMENTS, EXECTYPE, CONTEXTS, LABELS, LIQUIBASE, DEPLOYMENT_ID) VALUES ('1511451595465-63', 'R3.Corda', 'migration/node-info.changelog-init.xml', NOW(), 37, '8:fa5ee007de41334ad2ac991b32969076', 'addForeignKeyConstraint baseTableName=node_info_hosts, constraintName=FK__info_hosts__infos, referencedTableName=node_infos', '', 'EXECUTED', NULL, NULL, '3.6.3', '2067483847') {changeSet=migration/node-info.changelog-init.xml::1511451595465-63::R3.Corda, databaseChangeLog=master.changelog.json}
?[m?[37m[INFO] 11:44:43,871 [Test worker] jvm.JdbcExecutor. - DELETE FROM PUBLIC.node_infos {changeSet=migration/node-info.changelog-init.xml::remove_host_port_pk::R3.Corda, databaseChangeLog=master.changelog.json}
?[m?[37m[INFO] 11:44:43,871 [Test worker] changelog.ChangeSet. - Data deleted from node_infos {changeSet=migration/node-info.changelog-init.xml::remove_host_port_pk::R3.Corda, databaseChangeLog=master.changelog.json}
?[m?[37m[INFO] 11:44:43,871 [Test worker] jvm.JdbcExecutor. - DELETE FROM PUBLIC.node_link_nodeinfo_party {changeSet=migration/node-info.changelog-init.xml::remove_host_port_pk::R3.Corda, databaseChangeLog=master.changelog.json}
?[m?[37m[INFO] 11:44:43,871 [Test worker] changelog.ChangeSet. - Data deleted from node_link_nodeinfo_party {changeSet=migration/node-info.changelog-init.xml::remove_host_port_pk::R3.Corda, databaseChangeLog=master.changelog.json}
?[m?[37m[INFO] 11:44:43,871 [Test worker] jvm.JdbcExecutor. - DELETE FROM PUBLIC.node_info_hosts {changeSet=migration/node-info.changelog-init.xml::remove_host_port_pk::R3.Corda, databaseChangeLog=master.changelog.json}
?[m?[37m[INFO] 11:44:43,871 [Test worker] changelog.ChangeSet. - Data deleted from node_info_hosts {changeSet=migration/node-info.changelog-init.xml::remove_host_port_pk::R3.Corda, databaseChangeLog=master.changelog.json}
?[m?[37m[INFO] 11:44:43,871 [Test worker] jvm.JdbcExecutor. - DELETE FROM PUBLIC.node_info_party_cert {changeSet=migration/node-info.changelog-init.xml::remove_host_port_pk::R3.Corda, databaseChangeLog=master.changelog.json}
?[m?[37m[INFO] 11:44:43,871 [Test worker] changelog.ChangeSet. - Data deleted from node_info_party_cert {changeSet=migration/node-info.changelog-init.xml::remove_host_port_pk::R3.Corda, databaseChangeLog=master.changelog.json}
?[m?[37m[INFO] 11:44:43,871 [Test worker] jvm.JdbcExecutor. - ALTER TABLE PUBLIC.node_info_hosts DROP PRIMARY KEY {changeSet=migration/node-info.changelog-init.xml::remove_host_port_pk::R3.Corda, databaseChangeLog=master.changelog.json}
?[m?[37m[INFO] 11:44:43,871 [Test worker] changelog.ChangeSet. - Primary key dropped from node_info_hosts {changeSet=migration/node-info.changelog-init.xml::remove_host_port_pk::R3.Corda, databaseChangeLog=master.changelog.json}
?[m?[37m[INFO] 11:44:43,871 [Test worker] jvm.JdbcExecutor. - ALTER TABLE PUBLIC.node_info_hosts ADD hosts_id INT NOT NULL {changeSet=migration/node-info.changelog-init.xml::remove_host_port_pk::R3.Corda, databaseChangeLog=master.changelog.json}
?[m?[37m[INFO] 11:44:43,872 [Test worker] changelog.ChangeSet. - Columns hosts_id(INT) added to node_info_hosts {changeSet=migration/node-info.changelog-init.xml::remove_host_port_pk::R3.Corda, databaseChangeLog=master.changelog.json}
?[m?[37m[INFO] 11:44:43,872 [Test worker] jvm.JdbcExecutor. - ALTER TABLE PUBLIC.node_info_hosts ADD CONSTRAINT node_info_hosts_pkey_id PRIMARY KEY (hosts_id) {changeSet=migration/node-info.changelog-init.xml::remove_host_port_pk::R3.Corda, databaseChangeLog=master.changelog.json}
?[m?[37m[INFO] 11:44:43,872 [Test worker] changelog.ChangeSet. - Primary key added to node_info_hosts (hosts_id) {changeSet=migration/node-info.changelog-init.xml::remove_host_port_pk::R3.Corda, databaseChangeLog=master.changelog.json}
?[m?[37m[INFO] 11:44:43,872 [Test worker] changelog.ChangeSet. - ChangeSet migration/node-info.changelog-init.xml::remove_host_port_pk::R3.Corda ran successfully in 1ms {changeSet=migration/node-info.changelog-init.xml::remove_host_port_pk::R3.Corda, databaseChangeLog=master.changelog.json}
?[m?[37m[INFO] 11:44:43,872 [Test worker] jvm.JdbcExecutor. - INSERT INTO PUBLIC.DATABASECHANGELOG (ID, AUTHOR, FILENAME, DATEEXECUTED, ORDEREXECUTED, MD5SUM, DESCRIPTION, COMMENTS, EXECTYPE, CONTEXTS, LABELS, LIQUIBASE, DEPLOYMENT_ID) VALUES ('remove_host_port_pk', 'R3.Corda', 'migration/node-info.changelog-init.xml', NOW(), 38, '8:50fa65c10fd9bb3d89e0ad75d29a0e4d', 'delete tableName=node_infos; delete tableName=node_link_nodeinfo_party; delete tableName=node_info_hosts; delete tableName=node_info_party_cert; dropPrimaryKey constraintName=node_info_hosts_pkey, tableName=node_info_hosts; addColumn tableName=nod...', '', 'EXECUTED', NULL, NULL, '3.6.3', '2067483847') {changeSet=migration/node-info.changelog-init.xml::remove_host_port_pk::R3.Corda, databaseChangeLog=master.changelog.json}
?[m?[37m[INFO] 11:44:43,872 [Test worker] jvm.JdbcExecutor. - CREATE TABLE PUBLIC.node_properties (property_key NVARCHAR(255) NOT NULL, property_value NVARCHAR(255)) {changeSet=migration/node-info.changelog-v1.xml::key/value node properties table::R3.Corda, databaseChangeLog=master.changelog.json}
?[m?[37m[INFO] 11:44:43,872 [Test worker] changelog.ChangeSet. - Table node_properties created {changeSet=migration/node-info.changelog-v1.xml::key/value node properties table::R3.Corda, databaseChangeLog=master.changelog.json}
?[m?[37m[INFO] 11:44:43,872 [Test worker] changelog.ChangeSet. - ChangeSet migration/node-info.changelog-v1.xml::key/value node properties table::R3.Corda ran successfully in 0ms {changeSet=migration/node-info.changelog-v1.xml::key/value node properties table::R3.Corda, databaseChangeLog=master.changelog.json}
?[m?[37m[INFO] 11:44:43,873 [Test worker] jvm.JdbcExecutor. - INSERT INTO PUBLIC.DATABASECHANGELOG (ID, AUTHOR, FILENAME, DATEEXECUTED, ORDEREXECUTED, MD5SUM, DESCRIPTION, COMMENTS, EXECTYPE, CONTEXTS, LABELS, LIQUIBASE, DEPLOYMENT_ID) VALUES ('key/value node properties table', 'R3.Corda', 'migration/node-info.changelog-v1.xml', NOW(), 39, '8:39e4c897aa5e893e79a0434af2948a91', 'createTable tableName=node_properties', '', 'EXECUTED', NULL, NULL, '3.6.3', '2067483847') {changeSet=migration/node-info.changelog-v1.xml::key/value node properties table::R3.Corda, databaseChangeLog=master.changelog.json}
?[m?[37m[INFO] 11:44:43,873 [Test worker] jvm.JdbcExecutor. - ALTER TABLE PUBLIC.node_infos ALTER COLUMN node_info_hash SET NOT NULL {changeSet=migration/node-info.changelog-v2.xml::1525962920::R3.Corda, databaseChangeLog=master.changelog.json}
?[m?[37m[INFO] 11:44:43,873 [Test worker] changelog.ChangeSet. - NOT NULL constraint has been added to node_infos.node_info_hash {changeSet=migration/node-info.changelog-v2.xml::1525962920::R3.Corda, databaseChangeLog=master.changelog.json}
?[m?[37m[INFO] 11:44:43,873 [Test worker] jvm.JdbcExecutor. - ALTER TABLE PUBLIC.node_infos ALTER COLUMN platform_version SET NOT NULL {changeSet=migration/node-info.changelog-v2.xml::1525962920::R3.Corda, databaseChangeLog=master.changelog.json}
?[m?[37m[INFO] 11:44:43,873 [Test worker] changelog.ChangeSet. - NOT NULL constraint has been added to node_infos.platform_version {changeSet=migration/node-info.changelog-v2.xml::1525962920::R3.Corda, databaseChangeLog=master.changelog.json}
?[m?[37m[INFO] 11:44:43,873 [Test worker] jvm.JdbcExecutor. - ALTER TABLE PUBLIC.node_infos ALTER COLUMN serial SET NOT NULL {changeSet=migration/node-info.changelog-v2.xml::1525962920::R3.Corda, databaseChangeLog=master.changelog.json}
?[m?[37m[INFO] 11:44:43,873 [Test worker] changelog.ChangeSet. - NOT NULL constraint has been added to node_infos.serial {changeSet=migration/node-info.changelog-v2.xml::1525962920::R3.Corda, databaseChangeLog=master.changelog.json}
?[m?[37m[INFO] 11:44:43,873 [Test worker] jvm.JdbcExecutor. - ALTER TABLE PUBLIC.node_info_hosts ALTER COLUMN host SET NULL {changeSet=migration/node-info.changelog-v2.xml::1525962920::R3.Corda, databaseChangeLog=master.changelog.json}
?[m?[37m[INFO] 11:44:43,873 [Test worker] changelog.ChangeSet. - Null constraint dropped from node_info_hosts.host {changeSet=migration/node-info.changelog-v2.xml::1525962920::R3.Corda, databaseChangeLog=master.changelog.json}
?[m?[37m[INFO] 11:44:43,873 [Test worker] jvm.JdbcExecutor. - ALTER TABLE PUBLIC.node_info_hosts ALTER COLUMN port SET NULL {changeSet=migration/node-info.changelog-v2.xml::1525962920::R3.Corda, databaseChangeLog=master.changelog.json}
?[m?[37m[INFO] 11:44:43,873 [Test worker] changelog.ChangeSet. - Null constraint dropped from node_info_hosts.port {changeSet=migration/node-info.changelog-v2.xml::1525962920::R3.Corda, databaseChangeLog=master.changelog.json}
?[m?[37m[INFO] 11:44:43,873 [Test worker] jvm.JdbcExecutor. - ALTER TABLE PUBLIC.node_info_party_cert ALTER COLUMN owning_key_hash SET NOT NULL {changeSet=migration/node-info.changelog-v2.xml::1525962920::R3.Corda, databaseChangeLog=master.changelog.json}
?[m?[37m[INFO] 11:44:43,873 [Test worker] changelog.ChangeSet. - NOT NULL constraint has been added to node_info_party_cert.owning_key_hash {changeSet=migration/node-info.changelog-v2.xml::1525962920::R3.Corda, databaseChangeLog=master.changelog.json}
?[m?[37m[INFO] 11:44:43,873 [Test worker] jvm.JdbcExecutor. - ALTER TABLE PUBLIC.node_info_party_cert ALTER COLUMN party_cert_binary SET NOT NULL {changeSet=migration/node-info.changelog-v2.xml::1525962920::R3.Corda, databaseChangeLog=master.changelog.json}
?[m?[37m[INFO] 11:44:43,873 [Test worker] changelog.ChangeSet. - NOT NULL constraint has been added to node_info_party_cert.party_cert_binary {changeSet=migration/node-info.changelog-v2.xml::1525962920::R3.Corda, databaseChangeLog=master.changelog.json}
?[m?[37m[INFO] 11:44:43,873 [Test worker] changelog.ChangeSet. - ChangeSet migration/node-info.changelog-v2.xml::1525962920::R3.Corda ran successfully in 0ms {changeSet=migration/node-info.changelog-v2.xml::1525962920::R3.Corda, databaseChangeLog=master.changelog.json}
?[m?[37m[INFO] 11:44:43,873 [Test worker] jvm.JdbcExecutor. - INSERT INTO PUBLIC.DATABASECHANGELOG (ID, AUTHOR, FILENAME, DATEEXECUTED, ORDEREXECUTED, MD5SUM, DESCRIPTION, COMMENTS, EXECTYPE, CONTEXTS, LABELS, LIQUIBASE, DEPLOYMENT_ID) VALUES ('1525962920', 'R3.Corda', 'migration/node-info.changelog-v2.xml', NOW(), 40, '8:cc835e848ed6cc1f4b2a2e8e31fa92f1', 'addNotNullConstraint columnName=node_info_hash, tableName=node_infos; addNotNullConstraint columnName=platform_version, tableName=node_infos; addNotNullConstraint columnName=serial, tableName=node_infos; dropNotNullConstraint columnName=host, tabl...', '', 'EXECUTED', NULL, NULL, '3.6.3', '2067483847') {changeSet=migration/node-info.changelog-v2.xml::1525962920::R3.Corda, databaseChangeLog=master.changelog.json}
?[m?[37m[INFO] 11:44:43,874 [Test worker] jvm.JdbcExecutor. - ALTER TABLE PUBLIC.node_info_hosts ALTER COLUMN host RENAME TO host_name {changeSet=migration/node-info.changelog-v3.xml::column_host_name::R3.Corda, databaseChangeLog=master.changelog.json}
?[m?[37m[INFO] 11:44:43,874 [Test worker] changelog.ChangeSet. - Column node_info_hosts.host renamed to host_name {changeSet=migration/node-info.changelog-v3.xml::column_host_name::R3.Corda, databaseChangeLog=master.changelog.json}
?[m?[37m[INFO] 11:44:43,874 [Test worker] changelog.ChangeSet. - ChangeSet migration/node-info.changelog-v3.xml::column_host_name::R3.Corda ran successfully in 0ms {changeSet=migration/node-info.changelog-v3.xml::column_host_name::R3.Corda, databaseChangeLog=master.changelog.json}
?[m?[37m[INFO] 11:44:43,874 [Test worker] jvm.JdbcExecutor. - INSERT INTO PUBLIC.DATABASECHANGELOG (ID, AUTHOR, FILENAME, DATEEXECUTED, ORDEREXECUTED, MD5SUM, DESCRIPTION, COMMENTS, EXECTYPE, CONTEXTS, LABELS, LIQUIBASE, DEPLOYMENT_ID) VALUES ('column_host_name', 'R3.Corda', 'migration/node-info.changelog-v3.xml', NOW(), 41, '8:e5fb9380221a91515f45ee44c9c30053', 'renameColumn newColumnName=host_name, oldColumnName=host, tableName=node_info_hosts', '', 'EXECUTED', NULL, NULL, '3.6.3', '2067483847') {changeSet=migration/node-info.changelog-v3.xml::column_host_name::R3.Corda, databaseChangeLog=master.changelog.json}
?[m?[37m[INFO] 11:44:43,874 [Test worker] jvm.JdbcExecutor. - CREATE TABLE PUBLIC.node_attachments (att_id NVARCHAR(255) NOT NULL, content BLOB, filename NVARCHAR(255), insertion_date TIMESTAMP NOT NULL, uploader NVARCHAR(255)) {changeSet=migration/node-services.changelog-init.xml::1511451595465-5::R3.Corda, databaseChangeLog=master.changelog.json}
?[m?[37m[INFO] 11:44:43,874 [Test worker] changelog.ChangeSet. - Table node_attachments created {changeSet=migration/node-services.changelog-init.xml::1511451595465-5::R3.Corda, databaseChangeLog=master.changelog.json}
?[m?[37m[INFO] 11:44:43,874 [Test worker] changelog.ChangeSet. - ChangeSet migration/node-services.changelog-init.xml::1511451595465-5::R3.Corda ran successfully in 0ms {changeSet=migration/node-services.changelog-init.xml::1511451595465-5::R3.Corda, databaseChangeLog=master.changelog.json}
?[m?[37m[INFO] 11:44:43,875 [Test worker] jvm.JdbcExecutor. - INSERT INTO PUBLIC.DATABASECHANGELOG (ID, AUTHOR, FILENAME, DATEEXECUTED, ORDEREXECUTED, MD5SUM, DESCRIPTION, COMMENTS, EXECTYPE, CONTEXTS, LABELS, LIQUIBASE, DEPLOYMENT_ID) VALUES ('1511451595465-5', 'R3.Corda', 'migration/node-services.changelog-init.xml', NOW(), 42, '8:380e64788d9896c1166e4c22336d01e4', 'createTable tableName=node_attachments', '', 'EXECUTED', NULL, NULL, '3.6.3', '2067483847') {changeSet=migration/node-services.changelog-init.xml::1511451595465-5::R3.Corda, databaseChangeLog=master.changelog.json}
?[m?[37m[INFO] 11:44:43,875 [Test worker] jvm.JdbcExecutor. - CREATE TABLE PUBLIC.node_checkpoints (checkpoint_id NVARCHAR(64) NOT NULL, checkpoint_value BLOB) {changeSet=migration/node-services.changelog-init.xml::1511451595465-7::R3.Corda, databaseChangeLog=master.changelog.json}
?[m?[37m[INFO] 11:44:43,875 [Test worker] changelog.ChangeSet. - Table node_checkpoints created {changeSet=migration/node-services.changelog-init.xml::1511451595465-7::R3.Corda, databaseChangeLog=master.changelog.json}
?[m?[37m[INFO] 11:44:43,875 [Test worker] changelog.ChangeSet. - ChangeSet migration/node-services.changelog-init.xml::1511451595465-7::R3.Corda ran successfully in 0ms {changeSet=migration/node-services.changelog-init.xml::1511451595465-7::R3.Corda, databaseChangeLog=master.changelog.json}
?[m?[37m[INFO] 11:44:43,875 [Test worker] jvm.JdbcExecutor. - INSERT INTO PUBLIC.DATABASECHANGELOG (ID, AUTHOR, FILENAME, DATEEXECUTED, ORDEREXECUTED, MD5SUM, DESCRIPTION, COMMENTS, EXECTYPE, CONTEXTS, LABELS, LIQUIBASE, DEPLOYMENT_ID) VALUES ('1511451595465-7', 'R3.Corda', 'migration/node-services.changelog-init.xml', NOW(), 43, '8:8aefa1967ed80f8f98b69247c70c9f24', 'createTable tableName=node_checkpoints', '', 'EXECUTED', NULL, NULL, '3.6.3', '2067483847') {changeSet=migration/node-services.changelog-init.xml::1511451595465-7::R3.Corda, databaseChangeLog=master.changelog.json}
?[m?[37m[INFO] 11:44:43,876 [Test worker] jvm.JdbcExecutor. - CREATE TABLE PUBLIC.node_contract_upgrades (state_ref NVARCHAR(96) NOT NULL, contract_class_name NVARCHAR(255)) {changeSet=migration/node-services.changelog-init.xml::1511451595465-8::R3.Corda, databaseChangeLog=master.changelog.json}
?[m?[37m[INFO] 11:44:43,876 [Test worker] changelog.ChangeSet. - Table node_contract_upgrades created {changeSet=migration/node-services.changelog-init.xml::1511451595465-8::R3.Corda, databaseChangeLog=master.changelog.json}
?[m?[37m[INFO] 11:44:43,876 [Test worker] changelog.ChangeSet. - ChangeSet migration/node-services.changelog-init.xml::1511451595465-8::R3.Corda ran successfully in 0ms {changeSet=migration/node-services.changelog-init.xml::1511451595465-8::R3.Corda, databaseChangeLog=master.changelog.json}
?[m?[37m[INFO] 11:44:43,876 [Test worker] jvm.JdbcExecutor. - INSERT INTO PUBLIC.DATABASECHANGELOG (ID, AUTHOR, FILENAME, DATEEXECUTED, ORDEREXECUTED, MD5SUM, DESCRIPTION, COMMENTS, EXECTYPE, CONTEXTS, LABELS, LIQUIBASE, DEPLOYMENT_ID) VALUES ('1511451595465-8', 'R3.Corda', 'migration/node-services.changelog-init.xml', NOW(), 44, '8:6b06fe4c0ef085967f4dbd00dca08533', 'createTable tableName=node_contract_upgrades', '', 'EXECUTED', NULL, NULL, '3.6.3', '2067483847') {changeSet=migration/node-services.changelog-init.xml::1511451595465-8::R3.Corda, databaseChangeLog=master.changelog.json}
?[m?[37m[INFO] 11:44:43,876 [Test worker] jvm.JdbcExecutor. - CREATE TABLE PUBLIC.node_identities (pk_hash NVARCHAR(130) NOT NULL, identity_value BLOB) {changeSet=migration/node-services.changelog-init.xml::1511451595465-9::R3.Corda, databaseChangeLog=master.changelog.json}
?[m?[37m[INFO] 11:44:43,876 [Test worker] changelog.ChangeSet. - Table node_identities created {changeSet=migration/node-services.changelog-init.xml::1511451595465-9::R3.Corda, databaseChangeLog=master.changelog.json}
?[m?[37m[INFO] 11:44:43,876 [Test worker] changelog.ChangeSet. - ChangeSet migration/node-services.changelog-init.xml::1511451595465-9::R3.Corda ran successfully in 0ms {changeSet=migration/node-services.changelog-init.xml::1511451595465-9::R3.Corda, databaseChangeLog=master.changelog.json}
?[m?[37m[INFO] 11:44:43,877 [Test worker] jvm.JdbcExecutor. - INSERT INTO PUBLIC.DATABASECHANGELOG (ID, AUTHOR, FILENAME, DATEEXECUTED, ORDEREXECUTED, MD5SUM, DESCRIPTION, COMMENTS, EXECTYPE, CONTEXTS, LABELS, LIQUIBASE, DEPLOYMENT_ID) VALUES ('1511451595465-9', 'R3.Corda', 'migration/node-services.changelog-init.xml', NOW(), 45, '8:293963c9989772e272e1397c8ae9dfb1', 'createTable tableName=node_identities', '', 'EXECUTED', NULL, NULL, '3.6.3', '2067483847') {changeSet=migration/node-services.changelog-init.xml::1511451595465-9::R3.Corda, databaseChangeLog=master.changelog.json}
?[m?[37m[INFO] 11:44:43,877 [Test worker] jvm.JdbcExecutor. - CREATE TABLE PUBLIC.node_message_ids (message_id NVARCHAR(64) NOT NULL, insertion_time TIMESTAMP) {changeSet=migration/node-services.changelog-init.xml::1511451595465-13::R3.Corda, databaseChangeLog=master.changelog.json}
?[m?[37m[INFO] 11:44:43,877 [Test worker] changelog.ChangeSet. - Table node_message_ids created {changeSet=migration/node-services.changelog-init.xml::1511451595465-13::R3.Corda, databaseChangeLog=master.changelog.json}
?[m?[37m[INFO] 11:44:43,877 [Test worker] changelog.ChangeSet. - ChangeSet migration/node-services.changelog-init.xml::1511451595465-13::R3.Corda ran successfully in 0ms {changeSet=migration/node-services.changelog-init.xml::1511451595465-13::R3.Corda, databaseChangeLog=master.changelog.json}
?[m?[37m[INFO] 11:44:43,878 [Test worker] jvm.JdbcExecutor. - INSERT INTO PUBLIC.DATABASECHANGELOG (ID, AUTHOR, FILENAME, DATEEXECUTED, ORDEREXECUTED, MD5SUM, DESCRIPTION, COMMENTS, EXECTYPE, CONTEXTS, LABELS, LIQUIBASE, DEPLOYMENT_ID) VALUES ('1511451595465-13', 'R3.Corda', 'migration/node-services.changelog-init.xml', NOW(), 46, '8:421bb9432660d6cdf67a18c6f0acdeb4', 'createTable tableName=node_message_ids', '', 'EXECUTED', NULL, NULL, '3.6.3', '2067483847') {changeSet=migration/node-services.changelog-init.xml::1511451595465-13::R3.Corda, databaseChangeLog=master.changelog.json}
?[m?[37m[INFO] 11:44:43,879 [Test worker] jvm.JdbcExecutor. - CREATE TABLE PUBLIC.node_message_retry (message_id BIGINT NOT NULL, message BLOB, recipients BLOB) {changeSet=migration/node-services.changelog-init.xml::1511451595465-14::R3.Corda, databaseChangeLog=master.changelog.json}
?[m?[37m[INFO] 11:44:43,879 [Test worker] changelog.ChangeSet. - Table node_message_retry created {changeSet=migration/node-services.changelog-init.xml::1511451595465-14::R3.Corda, databaseChangeLog=master.changelog.json}
?[m?[37m[INFO] 11:44:43,879 [Test worker] changelog.ChangeSet. - ChangeSet migration/node-services.changelog-init.xml::1511451595465-14::R3.Corda ran successfully in 0ms {changeSet=migration/node-services.changelog-init.xml::1511451595465-14::R3.Corda, databaseChangeLog=master.changelog.json}
?[m?[37m[INFO] 11:44:43,880 [Test worker] jvm.JdbcExecutor. - INSERT INTO PUBLIC.DATABASECHANGELOG (ID, AUTHOR, FILENAME, DATEEXECUTED, ORDEREXECUTED, MD5SUM, DESCRIPTION, COMMENTS, EXECTYPE, CONTEXTS, LABELS, LIQUIBASE, DEPLOYMENT_ID) VALUES ('1511451595465-14', 'R3.Corda', 'migration/node-services.changelog-init.xml', NOW(), 47, '8:ba7acbbe63086c3c9fb627ea948864b2', 'createTable tableName=node_message_retry', '', 'EXECUTED', NULL, NULL, '3.6.3', '2067483847') {changeSet=migration/node-services.changelog-init.xml::1511451595465-14::R3.Corda, databaseChangeLog=master.changelog.json}
?[m?[37m[INFO] 11:44:43,880 [Test worker] jvm.JdbcExecutor. - CREATE TABLE PUBLIC.node_named_identities (name NVARCHAR(128) NOT NULL, pk_hash NVARCHAR(130)) {changeSet=migration/node-services.changelog-init.xml::1511451595465-15::R3.Corda, databaseChangeLog=master.changelog.json}
?[m?[37m[INFO] 11:44:43,880 [Test worker] changelog.ChangeSet. - Table node_named_identities created {changeSet=migration/node-services.changelog-init.xml::1511451595465-15::R3.Corda, databaseChangeLog=master.changelog.json}
?[m?[37m[INFO] 11:44:43,880 [Test worker] changelog.ChangeSet. - ChangeSet migration/node-services.changelog-init.xml::1511451595465-15::R3.Corda ran successfully in 0ms {changeSet=migration/node-services.changelog-init.xml::1511451595465-15::R3.Corda, databaseChangeLog=master.changelog.json}
?[m?[37m[INFO] 11:44:43,880 [Test worker] jvm.JdbcExecutor. - INSERT INTO PUBLIC.DATABASECHANGELOG (ID, AUTHOR, FILENAME, DATEEXECUTED, ORDEREXECUTED, MD5SUM, DESCRIPTION, COMMENTS, EXECTYPE, CONTEXTS, LABELS, LIQUIBASE, DEPLOYMENT_ID) VALUES ('1511451595465-15', 'R3.Corda', 'migration/node-services.changelog-init.xml', NOW(), 48, '8:bf6ca4e45e140b225f6f934935dd2f34', 'createTable tableName=node_named_identities', '', 'EXECUTED', NULL, NULL, '3.6.3', '2067483847') {changeSet=migration/node-services.changelog-init.xml::1511451595465-15::R3.Corda, databaseChangeLog=master.changelog.json}
?[m?[37m[INFO] 11:44:43,881 [Test worker] jvm.JdbcExecutor. - CREATE TABLE PUBLIC.node_our_key_pairs (public_key_hash NVARCHAR(130) NOT NULL, private_key BLOB, public_key BLOB) {changeSet=migration/node-services.changelog-init.xml::1511451595465-17::R3.Corda, databaseChangeLog=master.changelog.json}
?[m?[37m[INFO] 11:44:43,881 [Test worker] changelog.ChangeSet. - Table node_our_key_pairs created {changeSet=migration/node-services.changelog-init.xml::1511451595465-17::R3.Corda, databaseChangeLog=master.changelog.json}
?[m?[37m[INFO] 11:44:43,881 [Test worker] changelog.ChangeSet. - ChangeSet migration/node-services.changelog-init.xml::1511451595465-17::R3.Corda ran successfully in 0ms {changeSet=migration/node-services.changelog-init.xml::1511451595465-17::R3.Corda, databaseChangeLog=master.changelog.json}
?[m?[37m[INFO] 11:44:43,881 [Test worker] jvm.JdbcExecutor. - INSERT INTO PUBLIC.DATABASECHANGELOG (ID, AUTHOR, FILENAME, DATEEXECUTED, ORDEREXECUTED, MD5SUM, DESCRIPTION, COMMENTS, EXECTYPE, CONTEXTS, LABELS, LIQUIBASE, DEPLOYMENT_ID) VALUES ('1511451595465-17', 'R3.Corda', 'migration/node-services.changelog-init.xml', NOW(), 49, '8:e91eb86cb57176d4605d948f694d8441', 'createTable tableName=node_our_key_pairs', '', 'EXECUTED', NULL, NULL, '3.6.3', '2067483847') {changeSet=migration/node-services.changelog-init.xml::1511451595465-17::R3.Corda, databaseChangeLog=master.changelog.json}
?[m?[37m[INFO] 11:44:43,881 [Test worker] jvm.JdbcExecutor. - CREATE TABLE PUBLIC.node_scheduled_states (output_index INT NOT NULL, transaction_id NVARCHAR(64) NOT NULL, scheduled_at TIMESTAMP NOT NULL) {changeSet=migration/node-services.changelog-init.xml::1511451595465-19::R3.Corda, databaseChangeLog=master.changelog.json}
?[m?[37m[INFO] 11:44:43,881 [Test worker] changelog.ChangeSet. - Table node_scheduled_states created {changeSet=migration/node-services.changelog-init.xml::1511451595465-19::R3.Corda, databaseChangeLog=master.changelog.json}
?[m?[37m[INFO] 11:44:43,881 [Test worker] changelog.ChangeSet. - ChangeSet migration/node-services.changelog-init.xml::1511451595465-19::R3.Corda ran successfully in 0ms {changeSet=migration/node-services.changelog-init.xml::1511451595465-19::R3.Corda, databaseChangeLog=master.changelog.json}
?[m?[37m[INFO] 11:44:43,882 [Test worker] jvm.JdbcExecutor. - INSERT INTO PUBLIC.DATABASECHANGELOG (ID, AUTHOR, FILENAME, DATEEXECUTED, ORDEREXECUTED, MD5SUM, DESCRIPTION, COMMENTS, EXECTYPE, CONTEXTS, LABELS, LIQUIBASE, DEPLOYMENT_ID) VALUES ('1511451595465-19', 'R3.Corda', 'migration/node-services.changelog-init.xml', NOW(), 50, '8:55282f9fbfc1cb8f7583a90173e3ff4c', 'createTable tableName=node_scheduled_states', '', 'EXECUTED', NULL, NULL, '3.6.3', '2067483847') {changeSet=migration/node-services.changelog-init.xml::1511451595465-19::R3.Corda, databaseChangeLog=master.changelog.json}
?[m?[37m[INFO] 11:44:43,882 [Test worker] jvm.JdbcExecutor. - CREATE TABLE PUBLIC.node_transaction_mappings (tx_id NVARCHAR(64) NOT NULL, state_machine_run_id NVARCHAR(36)) {changeSet=migration/node-services.changelog-init.xml::1511451595465-20::R3.Corda, databaseChangeLog=master.changelog.json}
?[m?[37m[INFO] 11:44:43,882 [Test worker] changelog.ChangeSet. - Table node_transaction_mappings created {changeSet=migration/node-services.changelog-init.xml::1511451595465-20::R3.Corda, databaseChangeLog=master.changelog.json}
?[m?[37m[INFO] 11:44:43,882 [Test worker] changelog.ChangeSet. - ChangeSet migration/node-services.changelog-init.xml::1511451595465-20::R3.Corda ran successfully in 0ms {changeSet=migration/node-services.changelog-init.xml::1511451595465-20::R3.Corda, databaseChangeLog=master.changelog.json}
?[m?[37m[INFO] 11:44:43,882 [Test worker] jvm.JdbcExecutor. - INSERT INTO PUBLIC.DATABASECHANGELOG (ID, AUTHOR, FILENAME, DATEEXECUTED, ORDEREXECUTED, MD5SUM, DESCRIPTION, COMMENTS, EXECTYPE, CONTEXTS, LABELS, LIQUIBASE, DEPLOYMENT_ID) VALUES ('1511451595465-20', 'R3.Corda', 'migration/node-services.changelog-init.xml', NOW(), 51, '8:cc085b3d33f3d53b75c8866522653f98', 'createTable tableName=node_transaction_mappings', '', 'EXECUTED', NULL, NULL, '3.6.3', '2067483847') {changeSet=migration/node-services.changelog-init.xml::1511451595465-20::R3.Corda, databaseChangeLog=master.changelog.json}
?[m?[37m[INFO] 11:44:43,882 [Test worker] jvm.JdbcExecutor. - CREATE TABLE PUBLIC.node_transactions (tx_id NVARCHAR(64) NOT NULL, transaction_value BLOB) {changeSet=migration/node-services.changelog-init.xml::1511451595465-21::R3.Corda, databaseChangeLog=master.changelog.json}
?[m?[37m[INFO] 11:44:43,882 [Test worker] changelog.ChangeSet. - Table node_transactions created {changeSet=migration/node-services.changelog-init.xml::1511451595465-21::R3.Corda, databaseChangeLog=master.changelog.json}
?[m?[37m[INFO] 11:44:43,882 [Test worker] changelog.ChangeSet. - ChangeSet migration/node-services.changelog-init.xml::1511451595465-21::R3.Corda ran successfully in 0ms {changeSet=migration/node-services.changelog-init.xml::1511451595465-21::R3.Corda, databaseChangeLog=master.changelog.json}
?[m?[37m[INFO] 11:44:43,882 [Test worker] jvm.JdbcExecutor. - INSERT INTO PUBLIC.DATABASECHANGELOG (ID, AUTHOR, FILENAME, DATEEXECUTED, ORDEREXECUTED, MD5SUM, DESCRIPTION, COMMENTS, EXECTYPE, CONTEXTS, LABELS, LIQUIBASE, DEPLOYMENT_ID) VALUES ('1511451595465-21', 'R3.Corda', 'migration/node-services.changelog-init.xml', NOW(), 52, '8:69feb7582f3b77828510a56cb111cfd8', 'createTable tableName=node_transactions', '', 'EXECUTED', NULL, NULL, '3.6.3', '2067483847') {changeSet=migration/node-services.changelog-init.xml::1511451595465-21::R3.Corda, databaseChangeLog=master.changelog.json}
?[m?[37m[INFO] 11:44:43,883 [Test worker] jvm.JdbcExecutor. - ALTER TABLE PUBLIC.node_attachments ADD CONSTRAINT node_attachments_pkey PRIMARY KEY (att_id) {changeSet=migration/node-services.changelog-init.xml::1511451595465-30::R3.Corda, databaseChangeLog=master.changelog.json}
?[m?[37m[INFO] 11:44:43,883 [Test worker] changelog.ChangeSet. - Primary key added to node_attachments (att_id) {changeSet=migration/node-services.changelog-init.xml::1511451595465-30::R3.Corda, databaseChangeLog=master.changelog.json}
?[m?[37m[INFO] 11:44:43,883 [Test worker] changelog.ChangeSet. - ChangeSet migration/node-services.changelog-init.xml::1511451595465-30::R3.Corda ran successfully in 0ms {changeSet=migration/node-services.changelog-init.xml::1511451595465-30::R3.Corda, databaseChangeLog=master.changelog.json}
?[m?[37m[INFO] 11:44:43,883 [Test worker] jvm.JdbcExecutor. - INSERT INTO PUBLIC.DATABASECHANGELOG (ID, AUTHOR, FILENAME, DATEEXECUTED, ORDEREXECUTED, MD5SUM, DESCRIPTION, COMMENTS, EXECTYPE, CONTEXTS, LABELS, LIQUIBASE, DEPLOYMENT_ID) VALUES ('1511451595465-30', 'R3.Corda', 'migration/node-services.changelog-init.xml', NOW(), 53, '8:97c42d4eac368e79f47df345a072b237', 'addPrimaryKey constraintName=node_attachments_pkey, tableName=node_attachments', '', 'EXECUTED', NULL, NULL, '3.6.3', '2067483847') {changeSet=migration/node-services.changelog-init.xml::1511451595465-30::R3.Corda, databaseChangeLog=master.changelog.json}
?[m?[37m[INFO] 11:44:43,883 [Test worker] jvm.JdbcExecutor. - ALTER TABLE PUBLIC.node_checkpoints ADD CONSTRAINT node_checkpoints_pkey PRIMARY KEY (checkpoint_id) {changeSet=migration/node-services.changelog-init.xml::1511451595465-32::R3.Corda, databaseChangeLog=master.changelog.json}
?[m?[37m[INFO] 11:44:43,883 [Test worker] changelog.ChangeSet. - Primary key added to node_checkpoints (checkpoint_id) {changeSet=migration/node-services.changelog-init.xml::1511451595465-32::R3.Corda, databaseChangeLog=master.changelog.json}
?[m?[37m[INFO] 11:44:43,883 [Test worker] changelog.ChangeSet. - ChangeSet migration/node-services.changelog-init.xml::1511451595465-32::R3.Corda ran successfully in 0ms {changeSet=migration/node-services.changelog-init.xml::1511451595465-32::R3.Corda, databaseChangeLog=master.changelog.json}
?[m?[37m[INFO] 11:44:43,883 [Test worker] jvm.JdbcExecutor. - INSERT INTO PUBLIC.DATABASECHANGELOG (ID, AUTHOR, FILENAME, DATEEXECUTED, ORDEREXECUTED, MD5SUM, DESCRIPTION, COMMENTS, EXECTYPE, CONTEXTS, LABELS, LIQUIBASE, DEPLOYMENT_ID) VALUES ('1511451595465-32', 'R3.Corda', 'migration/node-services.changelog-init.xml', NOW(), 54, '8:7224c32660081d3e820e52e2b70b365f', 'addPrimaryKey constraintName=node_checkpoints_pkey, tableName=node_checkpoints', '', 'EXECUTED', NULL, NULL, '3.6.3', '2067483847') {changeSet=migration/node-services.changelog-init.xml::1511451595465-32::R3.Corda, databaseChangeLog=master.changelog.json}
?[m?[37m[INFO] 11:44:43,883 [Test worker] jvm.JdbcExecutor. - ALTER TABLE PUBLIC.node_contract_upgrades ADD CONSTRAINT node_contract_upgrades_pkey PRIMARY KEY (state_ref) {changeSet=migration/node-services.changelog-init.xml::1511451595465-33::R3.Corda, databaseChangeLog=master.changelog.json}
?[m?[37m[INFO] 11:44:43,883 [Test worker] changelog.ChangeSet. - Primary key added to node_contract_upgrades (state_ref) {changeSet=migration/node-services.changelog-init.xml::1511451595465-33::R3.Corda, databaseChangeLog=master.changelog.json}
?[m?[37m[INFO] 11:44:43,883 [Test worker] changelog.ChangeSet. - ChangeSet migration/node-services.changelog-init.xml::1511451595465-33::R3.Corda ran successfully in 0ms {changeSet=migration/node-services.changelog-init.xml::1511451595465-33::R3.Corda, databaseChangeLog=master.changelog.json}
?[m?[37m[INFO] 11:44:43,884 [Test worker] jvm.JdbcExecutor. - INSERT INTO PUBLIC.DATABASECHANGELOG (ID, AUTHOR, FILENAME, DATEEXECUTED, ORDEREXECUTED, MD5SUM, DESCRIPTION, COMMENTS, EXECTYPE, CONTEXTS, LABELS, LIQUIBASE, DEPLOYMENT_ID) VALUES ('1511451595465-33', 'R3.Corda', 'migration/node-services.changelog-init.xml', NOW(), 55, '8:85bcae037a29317065e3b922e0563902', 'addPrimaryKey constraintName=node_contract_upgrades_pkey, tableName=node_contract_upgrades', '', 'EXECUTED', NULL, NULL, '3.6.3', '2067483847') {changeSet=migration/node-services.changelog-init.xml::1511451595465-33::R3.Corda, databaseChangeLog=master.changelog.json}
?[m?[37m[INFO] 11:44:43,884 [Test worker] jvm.JdbcExecutor. - ALTER TABLE PUBLIC.node_identities ADD CONSTRAINT node_identities_pkey PRIMARY KEY (pk_hash) {changeSet=migration/node-services.changelog-init.xml::1511451595465-34::R3.Corda, databaseChangeLog=master.changelog.json}
?[m?[37m[INFO] 11:44:43,884 [Test worker] changelog.ChangeSet. - Primary key added to node_identities (pk_hash) {changeSet=migration/node-services.changelog-init.xml::1511451595465-34::R3.Corda, databaseChangeLog=master.changelog.json}
?[m?[37m[INFO] 11:44:43,884 [Test worker] changelog.ChangeSet. - ChangeSet migration/node-services.changelog-init.xml::1511451595465-34::R3.Corda ran successfully in 0ms {changeSet=migration/node-services.changelog-init.xml::1511451595465-34::R3.Corda, databaseChangeLog=master.changelog.json}
?[m?[37m[INFO] 11:44:43,884 [Test worker] jvm.JdbcExecutor. - INSERT INTO PUBLIC.DATABASECHANGELOG (ID, AUTHOR, FILENAME, DATEEXECUTED, ORDEREXECUTED, MD5SUM, DESCRIPTION, COMMENTS, EXECTYPE, CONTEXTS, LABELS, LIQUIBASE, DEPLOYMENT_ID) VALUES ('1511451595465-34', 'R3.Corda', 'migration/node-services.changelog-init.xml', NOW(), 56, '8:308ffe9985df3029fc05bd41c60010a9', 'addPrimaryKey constraintName=node_identities_pkey, tableName=node_identities', '', 'EXECUTED', NULL, NULL, '3.6.3', '2067483847') {changeSet=migration/node-services.changelog-init.xml::1511451595465-34::R3.Corda, databaseChangeLog=master.changelog.json}
?[m?[37m[INFO] 11:44:43,884 [Test worker] jvm.JdbcExecutor. - ALTER TABLE PUBLIC.node_message_ids ADD CONSTRAINT node_message_ids_pkey PRIMARY KEY (message_id) {changeSet=migration/node-services.changelog-init.xml::1511451595465-38::R3.Corda, databaseChangeLog=master.changelog.json}
?[m?[37m[INFO] 11:44:43,884 [Test worker] changelog.ChangeSet. - Primary key added to node_message_ids (message_id) {changeSet=migration/node-services.changelog-init.xml::1511451595465-38::R3.Corda, databaseChangeLog=master.changelog.json}
?[m?[37m[INFO] 11:44:43,884 [Test worker] changelog.ChangeSet. - ChangeSet migration/node-services.changelog-init.xml::1511451595465-38::R3.Corda ran successfully in 0ms {changeSet=migration/node-services.changelog-init.xml::1511451595465-38::R3.Corda, databaseChangeLog=master.changelog.json}
?[m?[37m[INFO] 11:44:43,884 [Test worker] jvm.JdbcExecutor. - INSERT INTO PUBLIC.DATABASECHANGELOG (ID, AUTHOR, FILENAME, DATEEXECUTED, ORDEREXECUTED, MD5SUM, DESCRIPTION, COMMENTS, EXECTYPE, CONTEXTS, LABELS, LIQUIBASE, DEPLOYMENT_ID) VALUES ('1511451595465-38', 'R3.Corda', 'migration/node-services.changelog-init.xml', NOW(), 57, '8:18b1b83ce2a778af1a8a8c9c56bb9651', 'addPrimaryKey constraintName=node_message_ids_pkey, tableName=node_message_ids', '', 'EXECUTED', NULL, NULL, '3.6.3', '2067483847') {changeSet=migration/node-services.changelog-init.xml::1511451595465-38::R3.Corda, databaseChangeLog=master.changelog.json}
?[m?[37m[INFO] 11:44:43,884 [Test worker] jvm.JdbcExecutor. - ALTER TABLE PUBLIC.node_message_retry ADD CONSTRAINT node_message_retry_pkey PRIMARY KEY (message_id) {changeSet=migration/node-services.changelog-init.xml::1511451595465-39::R3.Corda, databaseChangeLog=master.changelog.json}
?[m?[37m[INFO] 11:44:43,884 [Test worker] changelog.ChangeSet. - Primary key added to node_message_retry (message_id) {changeSet=migration/node-services.changelog-init.xml::1511451595465-39::R3.Corda, databaseChangeLog=master.changelog.json}
?[m?[37m[INFO] 11:44:43,884 [Test worker] changelog.ChangeSet. - ChangeSet migration/node-services.changelog-init.xml::1511451595465-39::R3.Corda ran successfully in 0ms {changeSet=migration/node-services.changelog-init.xml::1511451595465-39::R3.Corda, databaseChangeLog=master.changelog.json}
?[m?[37m[INFO] 11:44:43,885 [Test worker] jvm.JdbcExecutor. - INSERT INTO PUBLIC.DATABASECHANGELOG (ID, AUTHOR, FILENAME, DATEEXECUTED, ORDEREXECUTED, MD5SUM, DESCRIPTION, COMMENTS, EXECTYPE, CONTEXTS, LABELS, LIQUIBASE, DEPLOYMENT_ID) VALUES ('1511451595465-39', 'R3.Corda', 'migration/node-services.changelog-init.xml', NOW(), 58, '8:0359c73c9db723c73ee0171620ff4ac6', 'addPrimaryKey constraintName=node_message_retry_pkey, tableName=node_message_retry', '', 'EXECUTED', NULL, NULL, '3.6.3', '2067483847') {changeSet=migration/node-services.changelog-init.xml::1511451595465-39::R3.Corda, databaseChangeLog=master.changelog.json}
?[m?[37m[INFO] 11:44:43,885 [Test worker] jvm.JdbcExecutor. - ALTER TABLE PUBLIC.node_named_identities ADD CONSTRAINT node_named_identities_pkey PRIMARY KEY (name) {changeSet=migration/node-services.changelog-init.xml::1511451595465-40::R3.Corda, databaseChangeLog=master.changelog.json}
?[m?[37m[INFO] 11:44:43,885 [Test worker] changelog.ChangeSet. - Primary key added to node_named_identities (name) {changeSet=migration/node-services.changelog-init.xml::1511451595465-40::R3.Corda, databaseChangeLog=master.changelog.json}
?[m?[37m[INFO] 11:44:43,885 [Test worker] changelog.ChangeSet. - ChangeSet migration/node-services.changelog-init.xml::1511451595465-40::R3.Corda ran successfully in 0ms {changeSet=migration/node-services.changelog-init.xml::1511451595465-40::R3.Corda, databaseChangeLog=master.changelog.json}
?[m?[37m[INFO] 11:44:43,885 [Test worker] jvm.JdbcExecutor. - INSERT INTO PUBLIC.DATABASECHANGELOG (ID, AUTHOR, FILENAME, DATEEXECUTED, ORDEREXECUTED, MD5SUM, DESCRIPTION, COMMENTS, EXECTYPE, CONTEXTS, LABELS, LIQUIBASE, DEPLOYMENT_ID) VALUES ('1511451595465-40', 'R3.Corda', 'migration/node-services.changelog-init.xml', NOW(), 59, '8:ef3ab101a3e4c5820f575d5adcb85c08', 'addPrimaryKey constraintName=node_named_identities_pkey, tableName=node_named_identities', '', 'EXECUTED', NULL, NULL, '3.6.3', '2067483847') {changeSet=migration/node-services.changelog-init.xml::1511451595465-40::R3.Corda, databaseChangeLog=master.changelog.json}
?[m?[37m[INFO] 11:44:43,885 [Test worker] jvm.JdbcExecutor. - ALTER TABLE PUBLIC.node_our_key_pairs ADD CONSTRAINT node_our_key_pairs_pkey PRIMARY KEY (public_key_hash) {changeSet=migration/node-services.changelog-init.xml::1511451595465-42::R3.Corda, databaseChangeLog=master.changelog.json}
?[m?[37m[INFO] 11:44:43,885 [Test worker] changelog.ChangeSet. - Primary key added to node_our_key_pairs (public_key_hash) {changeSet=migration/node-services.changelog-init.xml::1511451595465-42::R3.Corda, databaseChangeLog=master.changelog.json}
?[m?[37m[INFO] 11:44:43,885 [Test worker] changelog.ChangeSet. - ChangeSet migration/node-services.changelog-init.xml::1511451595465-42::R3.Corda ran successfully in 0ms {changeSet=migration/node-services.changelog-init.xml::1511451595465-42::R3.Corda, databaseChangeLog=master.changelog.json}
?[m?[37m[INFO] 11:44:43,886 [Test worker] jvm.JdbcExecutor. - INSERT INTO PUBLIC.DATABASECHANGELOG (ID, AUTHOR, FILENAME, DATEEXECUTED, ORDEREXECUTED, MD5SUM, DESCRIPTION, COMMENTS, EXECTYPE, CONTEXTS, LABELS, LIQUIBASE, DEPLOYMENT_ID) VALUES ('1511451595465-42', 'R3.Corda', 'migration/node-services.changelog-init.xml', NOW(), 60, '8:d742088fd258d00e0a1fbffcf2e27c61', 'addPrimaryKey constraintName=node_our_key_pairs_pkey, tableName=node_our_key_pairs', '', 'EXECUTED', NULL, NULL, '3.6.3', '2067483847') {changeSet=migration/node-services.changelog-init.xml::1511451595465-42::R3.Corda, databaseChangeLog=master.changelog.json}
?[m?[37m[INFO] 11:44:43,886 [Test worker] jvm.JdbcExecutor. - ALTER TABLE PUBLIC.node_scheduled_states ADD CONSTRAINT node_scheduled_states_pkey PRIMARY KEY (output_index, transaction_id) {changeSet=migration/node-services.changelog-init.xml::1511451595465-44::R3.Corda, databaseChangeLog=master.changelog.json}
?[m?[37m[INFO] 11:44:43,886 [Test worker] changelog.ChangeSet. - Primary key added to node_scheduled_states (output_index, transaction_id) {changeSet=migration/node-services.changelog-init.xml::1511451595465-44::R3.Corda, databaseChangeLog=master.changelog.json}
?[m?[37m[INFO] 11:44:43,886 [Test worker] changelog.ChangeSet. - ChangeSet migration/node-services.changelog-init.xml::1511451595465-44::R3.Corda ran successfully in 0ms {changeSet=migration/node-services.changelog-init.xml::1511451595465-44::R3.Corda, databaseChangeLog=master.changelog.json}
?[m?[37m[INFO] 11:44:43,887 [Test worker] jvm.JdbcExecutor. - INSERT INTO PUBLIC.DATABASECHANGELOG (ID, AUTHOR, FILENAME, DATEEXECUTED, ORDEREXECUTED, MD5SUM, DESCRIPTION, COMMENTS, EXECTYPE, CONTEXTS, LABELS, LIQUIBASE, DEPLOYMENT_ID) VALUES ('1511451595465-44', 'R3.Corda', 'migration/node-services.changelog-init.xml', NOW(), 61, '8:dc8b980de5154038877f6d2e43b97ad1', 'addPrimaryKey constraintName=node_scheduled_states_pkey, tableName=node_scheduled_states', '', 'EXECUTED', NULL, NULL, '3.6.3', '2067483847') {changeSet=migration/node-services.changelog-init.xml::1511451595465-44::R3.Corda, databaseChangeLog=master.changelog.json}
?[m?[37m[INFO] 11:44:43,887 [Test worker] jvm.JdbcExecutor. - ALTER TABLE PUBLIC.node_transaction_mappings ADD CONSTRAINT node_transaction_mappings_pkey PRIMARY KEY (tx_id) {changeSet=migration/node-services.changelog-init.xml::1511451595465-45::R3.Corda, databaseChangeLog=master.changelog.json}
?[m?[37m[INFO] 11:44:43,887 [Test worker] changelog.ChangeSet. - Primary key added to node_transaction_mappings (tx_id) {changeSet=migration/node-services.changelog-init.xml::1511451595465-45::R3.Corda, databaseChangeLog=master.changelog.json}
?[m?[37m[INFO] 11:44:43,887 [Test worker] changelog.ChangeSet. - ChangeSet migration/node-services.changelog-init.xml::1511451595465-45::R3.Corda ran successfully in 0ms {changeSet=migration/node-services.changelog-init.xml::1511451595465-45::R3.Corda, databaseChangeLog=master.changelog.json}
?[m?[37m[INFO] 11:44:43,887 [Test worker] jvm.JdbcExecutor. - INSERT INTO PUBLIC.DATABASECHANGELOG (ID, AUTHOR, FILENAME, DATEEXECUTED, ORDEREXECUTED, MD5SUM, DESCRIPTION, COMMENTS, EXECTYPE, CONTEXTS, LABELS, LIQUIBASE, DEPLOYMENT_ID) VALUES ('1511451595465-45', 'R3.Corda', 'migration/node-services.changelog-init.xml', NOW(), 62, '8:2ae0fa18530e20aa3bcd6109b7d95247', 'addPrimaryKey constraintName=node_transaction_mappings_pkey, tableName=node_transaction_mappings', '', 'EXECUTED', NULL, NULL, '3.6.3', '2067483847') {changeSet=migration/node-services.changelog-init.xml::1511451595465-45::R3.Corda, databaseChangeLog=master.changelog.json}
?[m?[37m[INFO] 11:44:43,888 [Test worker] jvm.JdbcExecutor. - ALTER TABLE PUBLIC.node_transactions ADD CONSTRAINT node_transactions_pkey PRIMARY KEY (tx_id) {changeSet=migration/node-services.changelog-init.xml::1511451595465-46::R3.Corda, databaseChangeLog=master.changelog.json}
?[m?[37m[INFO] 11:44:43,888 [Test worker] changelog.ChangeSet. - Primary key added to node_transactions (tx_id) {changeSet=migration/node-services.changelog-init.xml::1511451595465-46::R3.Corda, databaseChangeLog=master.changelog.json}
?[m?[37m[INFO] 11:44:43,888 [Test worker] changelog.ChangeSet. - ChangeSet migration/node-services.changelog-init.xml::1511451595465-46::R3.Corda ran successfully in 0ms {changeSet=migration/node-services.changelog-init.xml::1511451595465-46::R3.Corda, databaseChangeLog=master.changelog.json}
?[m?[37m[INFO] 11:44:43,889 [Test worker] jvm.JdbcExecutor. - INSERT INTO PUBLIC.DATABASECHANGELOG (ID, AUTHOR, FILENAME, DATEEXECUTED, ORDEREXECUTED, MD5SUM, DESCRIPTION, COMMENTS, EXECTYPE, CONTEXTS, LABELS, LIQUIBASE, DEPLOYMENT_ID) VALUES ('1511451595465-46', 'R3.Corda', 'migration/node-services.changelog-init.xml', NOW(), 63, '8:d5e4dd3dba8e89f77b6eeff0fc5b7a49', 'addPrimaryKey constraintName=node_transactions_pkey, tableName=node_transactions', '', 'EXECUTED', NULL, NULL, '3.6.3', '2067483847') {changeSet=migration/node-services.changelog-init.xml::1511451595465-46::R3.Corda, databaseChangeLog=master.changelog.json}
?[m?[37m[INFO] 11:44:43,889 [Test worker] jvm.JdbcExecutor. - ALTER TABLE PUBLIC.node_link_nodeinfo_party ADD CONSTRAINT FK__link_ni_p__info_p_cert FOREIGN KEY (party_name) REFERENCES PUBLIC.node_info_party_cert (party_name) {changeSet=migration/node-services.changelog-init.xml::1511451595465-61::R3.Corda, databaseChangeLog=master.changelog.json}
?[m?[37m[INFO] 11:44:43,889 [Test worker] changelog.ChangeSet. - Foreign key constraint added to node_link_nodeinfo_party (party_name) {changeSet=migration/node-services.changelog-init.xml::1511451595465-61::R3.Corda, databaseChangeLog=master.changelog.json}
?[m?[37m[INFO] 11:44:43,889 [Test worker] changelog.ChangeSet. - ChangeSet migration/node-services.changelog-init.xml::1511451595465-61::R3.Corda ran successfully in 0ms {changeSet=migration/node-services.changelog-init.xml::1511451595465-61::R3.Corda, databaseChangeLog=master.changelog.json}
?[m?[37m[INFO] 11:44:43,890 [Test worker] jvm.JdbcExecutor. - INSERT INTO PUBLIC.DATABASECHANGELOG (ID, AUTHOR, FILENAME, DATEEXECUTED, ORDEREXECUTED, MD5SUM, DESCRIPTION, COMMENTS, EXECTYPE, CONTEXTS, LABELS, LIQUIBASE, DEPLOYMENT_ID) VALUES ('1511451595465-61', 'R3.Corda', 'migration/node-services.changelog-init.xml', NOW(), 64, '8:1d4e406a8056aa782ccbd978771f1fb9', 'addForeignKeyConstraint baseTableName=node_link_nodeinfo_party, constraintName=FK__link_ni_p__info_p_cert, referencedTableName=node_info_party_cert', '', 'EXECUTED', NULL, NULL, '3.6.3', '2067483847') {changeSet=migration/node-services.changelog-init.xml::1511451595465-61::R3.Corda, databaseChangeLog=master.changelog.json}
?[m?[37m[INFO] 11:44:43,891 [Test worker] jvm.JdbcExecutor. - CREATE INDEX PUBLIC.att_id_idx ON PUBLIC.node_attachments(att_id) {changeSet=migration/node-services.changelog-init.xml::add index att_id::R3.Corda, databaseChangeLog=master.changelog.json}
?[m?[37m[INFO] 11:44:43,891 [Test worker] changelog.ChangeSet. - Index att_id_idx created {changeSet=migration/node-services.changelog-init.xml::add index att_id::R3.Corda, databaseChangeLog=master.changelog.json}
?[m?[37m[INFO] 11:44:43,891 [Test worker] changelog.ChangeSet. - ChangeSet migration/node-services.changelog-init.xml::add index att_id::R3.Corda ran successfully in 0ms {changeSet=migration/node-services.changelog-init.xml::add index att_id::R3.Corda, databaseChangeLog=master.changelog.json}
?[m?[37m[INFO] 11:44:43,892 [Test worker] jvm.JdbcExecutor. - INSERT INTO PUBLIC.DATABASECHANGELOG (ID, AUTHOR, FILENAME, DATEEXECUTED, ORDEREXECUTED, MD5SUM, DESCRIPTION, COMMENTS, EXECTYPE, CONTEXTS, LABELS, LIQUIBASE, DEPLOYMENT_ID) VALUES ('add index att_id', 'R3.Corda', 'migration/node-services.changelog-init.xml', NOW(), 65, '8:ccf9b08f32d685dc60d6e34a3013bffc', 'createIndex indexName=att_id_idx, tableName=node_attachments', '', 'EXECUTED', NULL, NULL, '3.6.3', '2067483847') {changeSet=migration/node-services.changelog-init.xml::add index att_id::R3.Corda, databaseChangeLog=master.changelog.json}
?[m?[37m[INFO] 11:44:43,893 [Test worker] jvm.JdbcExecutor. - CREATE TABLE PUBLIC.node_attchments_contracts (att_id NVARCHAR(255) NOT NULL, contract_class_name NVARCHAR(255)) {changeSet=migration/node-services.changelog-init.xml::add_contract_attachment::R3.Corda, databaseChangeLog=master.changelog.json}
?[m?[37m[INFO] 11:44:43,893 [Test worker] changelog.ChangeSet. - Table node_attchments_contracts created {changeSet=migration/node-services.changelog-init.xml::add_contract_attachment::R3.Corda, databaseChangeLog=master.changelog.json}
?[m?[37m[INFO] 11:44:43,893 [Test worker] jvm.JdbcExecutor. - ALTER TABLE PUBLIC.node_attchments_contracts ADD CONSTRAINT FK__ctr_class__attachments FOREIGN KEY (att_id) REFERENCES PUBLIC.node_attachments (att_id) {changeSet=migration/node-services.changelog-init.xml::add_contract_attachment::R3.Corda, databaseChangeLog=master.changelog.json}
?[m?[37m[INFO] 11:44:43,893 [Test worker] changelog.ChangeSet. - Foreign key constraint added to node_attchments_contracts (att_id) {changeSet=migration/node-services.changelog-init.xml::add_contract_attachment::R3.Corda, databaseChangeLog=master.changelog.json}
?[m?[37m[INFO] 11:44:43,893 [Test worker] jvm.JdbcExecutor. - DELETE FROM PUBLIC.node_attachments {changeSet=migration/node-services.changelog-init.xml::add_contract_attachment::R3.Corda, databaseChangeLog=master.changelog.json}
?[m?[37m[INFO] 11:44:43,893 [Test worker] changelog.ChangeSet. - Data deleted from node_attachments {changeSet=migration/node-services.changelog-init.xml::add_contract_attachment::R3.Corda, databaseChangeLog=master.changelog.json}
?[m?[37m[INFO] 11:44:43,893 [Test worker] changelog.ChangeSet. - ChangeSet migration/node-services.changelog-init.xml::add_contract_attachment::R3.Corda ran successfully in 1ms {changeSet=migration/node-services.changelog-init.xml::add_contract_attachment::R3.Corda, databaseChangeLog=master.changelog.json}
?[m?[37m[INFO] 11:44:43,894 [Test worker] jvm.JdbcExecutor. - INSERT INTO PUBLIC.DATABASECHANGELOG (ID, AUTHOR, FILENAME, DATEEXECUTED, ORDEREXECUTED, MD5SUM, DESCRIPTION, COMMENTS, EXECTYPE, CONTEXTS, LABELS, LIQUIBASE, DEPLOYMENT_ID) VALUES ('add_contract_attachment', 'R3.Corda', 'migration/node-services.changelog-init.xml', NOW(), 66, '8:8898557cf18644883f6f3b0c5e784c0b', 'createTable tableName=node_attchments_contracts; addForeignKeyConstraint baseTableName=node_attchments_contracts, constraintName=FK__ctr_class__attachments, referencedTableName=node_attachments; delete tableName=node_attachments', '', 'EXECUTED', NULL, NULL, '3.6.3', '2067483847') {changeSet=migration/node-services.changelog-init.xml::add_contract_attachment::R3.Corda, databaseChangeLog=master.changelog.json}
?[m?[37m[INFO] 11:44:43,894 [Test worker] jvm.JdbcExecutor. - ALTER TABLE PUBLIC.node_message_ids ADD sender NVARCHAR(64) {changeSet=migration/node-services.changelog-init.xml::add_dedup_columns::R3.Corda, databaseChangeLog=master.changelog.json}
?[m?[37m[INFO] 11:44:43,895 [Test worker] jvm.JdbcExecutor. - ALTER TABLE PUBLIC.node_message_ids ADD sequence_number BIGINT {changeSet=migration/node-services.changelog-init.xml::add_dedup_columns::R3.Corda, databaseChangeLog=master.changelog.json}
?[m?[37m[INFO] 11:44:43,895 [Test worker] changelog.ChangeSet. - Columns sender(NVARCHAR(64)),sequence_number(BIGINT) added to node_message_ids {changeSet=migration/node-services.changelog-init.xml::add_dedup_columns::R3.Corda, databaseChangeLog=master.changelog.json}
?[m?[37m[INFO] 11:44:43,895 [Test worker] changelog.ChangeSet. - ChangeSet migration/node-services.changelog-init.xml::add_dedup_columns::R3.Corda ran successfully in 1ms {changeSet=migration/node-services.changelog-init.xml::add_dedup_columns::R3.Corda, databaseChangeLog=master.changelog.json}
?[m?[37m[INFO] 11:44:43,895 [Test worker] jvm.JdbcExecutor. - INSERT INTO PUBLIC.DATABASECHANGELOG (ID, AUTHOR, FILENAME, DATEEXECUTED, ORDEREXECUTED, MD5SUM, DESCRIPTION, COMMENTS, EXECTYPE, CONTEXTS, LABELS, LIQUIBASE, DEPLOYMENT_ID) VALUES ('add_dedup_columns', 'R3.Corda', 'migration/node-services.changelog-init.xml', NOW(), 67, '8:5924ebdacff695e1f30aa3e0173eccdf', 'addColumn tableName=node_message_ids', '', 'EXECUTED', NULL, NULL, '3.6.3', '2067483847') {changeSet=migration/node-services.changelog-init.xml::add_dedup_columns::R3.Corda, databaseChangeLog=master.changelog.json}
?[m?[37m[INFO] 11:44:43,895 [Test worker] jvm.JdbcExecutor. - ALTER TABLE PUBLIC.node_attchments_contracts RENAME TO node_attachments_contracts {changeSet=migration/node-core.changelog-v4.xml::attchments_rename::R3.Corda, databaseChangeLog=master.changelog.json}
?[m?[37m[INFO] 11:44:43,896 [Test worker] changelog.ChangeSet. - Table node_attchments_contracts renamed to node_attachments_contracts {changeSet=migration/node-core.changelog-v4.xml::attchments_rename::R3.Corda, databaseChangeLog=master.changelog.json}
?[m?[37m[INFO] 11:44:43,896 [Test worker] changelog.ChangeSet. - ChangeSet migration/node-core.changelog-v4.xml::attchments_rename::R3.Corda ran successfully in 1ms {changeSet=migration/node-core.changelog-v4.xml::attchments_rename::R3.Corda, databaseChangeLog=master.changelog.json}
?[m?[37m[INFO] 11:44:43,896 [Test worker] jvm.JdbcExecutor. - INSERT INTO PUBLIC.DATABASECHANGELOG (ID, AUTHOR, FILENAME, DATEEXECUTED, ORDEREXECUTED, MD5SUM, DESCRIPTION, COMMENTS, EXECTYPE, CONTEXTS, LABELS, LIQUIBASE, DEPLOYMENT_ID) VALUES ('attchments_rename', 'R3.Corda', 'migration/node-core.changelog-v4.xml', NOW(), 68, '8:94816d7657264059f2b8da4e97d4b15d', 'renameTable newTableName=node_attachments_contracts, oldTableName=node_attchments_contracts', '', 'EXECUTED', NULL, NULL, '3.6.3', '2067483847') {changeSet=migration/node-core.changelog-v4.xml::attchments_rename::R3.Corda, databaseChangeLog=master.changelog.json}
?[m?[37m[INFO] 11:44:43,896 [Test worker] jvm.JdbcExecutor. - ALTER TABLE PUBLIC.node_identities ALTER COLUMN identity_value SET NOT NULL {changeSet=migration/node-core.changelog-v4.xml::nullability::R3.Corda, databaseChangeLog=master.changelog.json}
?[m?[37m[INFO] 11:44:43,896 [Test worker] changelog.ChangeSet. - NOT NULL constraint has been added to node_identities.identity_value {changeSet=migration/node-core.changelog-v4.xml::nullability::R3.Corda, databaseChangeLog=master.changelog.json}
?[m?[37m[INFO] 11:44:43,896 [Test worker] jvm.JdbcExecutor. - ALTER TABLE PUBLIC.node_attachments ALTER COLUMN content SET NOT NULL {changeSet=migration/node-core.changelog-v4.xml::nullability::R3.Corda, databaseChangeLog=master.changelog.json}
?[m?[37m[INFO] 11:44:43,896 [Test worker] changelog.ChangeSet. - NOT NULL constraint has been added to node_attachments.content {changeSet=migration/node-core.changelog-v4.xml::nullability::R3.Corda, databaseChangeLog=master.changelog.json}
?[m?[37m[INFO] 11:44:43,896 [Test worker] jvm.JdbcExecutor. - ALTER TABLE PUBLIC.node_attachments_contracts ALTER COLUMN contract_class_name SET NOT NULL {changeSet=migration/node-core.changelog-v4.xml::nullability::R3.Corda, databaseChangeLog=master.changelog.json}
?[m?[37m[INFO] 11:44:43,896 [Test worker] changelog.ChangeSet. - NOT NULL constraint has been added to node_attachments_contracts.contract_class_name {changeSet=migration/node-core.changelog-v4.xml::nullability::R3.Corda, databaseChangeLog=master.changelog.json}
?[m?[37m[INFO] 11:44:43,896 [Test worker] jvm.JdbcExecutor. - ALTER TABLE PUBLIC.node_checkpoints ALTER COLUMN checkpoint_value SET NOT NULL {changeSet=migration/node-core.changelog-v4.xml::nullability::R3.Corda, databaseChangeLog=master.changelog.json}
?[m?[37m[INFO] 11:44:43,896 [Test worker] changelog.ChangeSet. - NOT NULL constraint has been added to node_checkpoints.checkpoint_value {changeSet=migration/node-core.changelog-v4.xml::nullability::R3.Corda, databaseChangeLog=master.changelog.json}
?[m?[37m[INFO] 11:44:43,896 [Test worker] jvm.JdbcExecutor. - ALTER TABLE PUBLIC.node_contract_upgrades ALTER COLUMN contract_class_name SET NOT NULL {changeSet=migration/node-core.changelog-v4.xml::nullability::R3.Corda, databaseChangeLog=master.changelog.json}
?[m?[37m[INFO] 11:44:43,896 [Test worker] changelog.ChangeSet. - NOT NULL constraint has been added to node_contract_upgrades.contract_class_name {changeSet=migration/node-core.changelog-v4.xml::nullability::R3.Corda, databaseChangeLog=master.changelog.json}
?[m?[37m[INFO] 11:44:43,896 [Test worker] jvm.JdbcExecutor. - ALTER TABLE PUBLIC.node_message_ids ALTER COLUMN insertion_time SET NOT NULL {changeSet=migration/node-core.changelog-v4.xml::nullability::R3.Corda, databaseChangeLog=master.changelog.json}
?[m?[37m[INFO] 11:44:43,896 [Test worker] changelog.ChangeSet. - NOT NULL constraint has been added to node_message_ids.insertion_time {changeSet=migration/node-core.changelog-v4.xml::nullability::R3.Corda, databaseChangeLog=master.changelog.json}
?[m?[37m[INFO] 11:44:43,896 [Test worker] jvm.JdbcExecutor. - ALTER TABLE PUBLIC.node_message_retry ALTER COLUMN message SET NOT NULL {changeSet=migration/node-core.changelog-v4.xml::nullability::R3.Corda, databaseChangeLog=master.changelog.json}
?[m?[37m[INFO] 11:44:43,897 [Test worker] changelog.ChangeSet. - NOT NULL constraint has been added to node_message_retry.message {changeSet=migration/node-core.changelog-v4.xml::nullability::R3.Corda, databaseChangeLog=master.changelog.json}
?[m?[37m[INFO] 11:44:43,897 [Test worker] jvm.JdbcExecutor. - ALTER TABLE PUBLIC.node_message_retry ALTER COLUMN recipients SET NOT NULL {changeSet=migration/node-core.changelog-v4.xml::nullability::R3.Corda, databaseChangeLog=master.changelog.json}
?[m?[37m[INFO] 11:44:43,897 [Test worker] changelog.ChangeSet. - NOT NULL constraint has been added to node_message_retry.recipients {changeSet=migration/node-core.changelog-v4.xml::nullability::R3.Corda, databaseChangeLog=master.changelog.json}
?[m?[37m[INFO] 11:44:43,897 [Test worker] jvm.JdbcExecutor. - ALTER TABLE PUBLIC.node_named_identities ALTER COLUMN pk_hash SET NOT NULL {changeSet=migration/node-core.changelog-v4.xml::nullability::R3.Corda, databaseChangeLog=master.changelog.json}
?[m?[37m[INFO] 11:44:43,897 [Test worker] changelog.ChangeSet. - NOT NULL constraint has been added to node_named_identities.pk_hash {changeSet=migration/node-core.changelog-v4.xml::nullability::R3.Corda, databaseChangeLog=master.changelog.json}
?[m?[37m[INFO] 11:44:43,897 [Test worker] jvm.JdbcExecutor. - ALTER TABLE PUBLIC.node_our_key_pairs ALTER COLUMN private_key SET NOT NULL {changeSet=migration/node-core.changelog-v4.xml::nullability::R3.Corda, databaseChangeLog=master.changelog.json}
?[m?[37m[INFO] 11:44:43,897 [Test worker] changelog.ChangeSet. - NOT NULL constraint has been added to node_our_key_pairs.private_key {changeSet=migration/node-core.changelog-v4.xml::nullability::R3.Corda, databaseChangeLog=master.changelog.json}
?[m?[37m[INFO] 11:44:43,897 [Test worker] jvm.JdbcExecutor. - ALTER TABLE PUBLIC.node_our_key_pairs ALTER COLUMN public_key SET NOT NULL {changeSet=migration/node-core.changelog-v4.xml::nullability::R3.Corda, databaseChangeLog=master.changelog.json}
?[m?[37m[INFO] 11:44:43,897 [Test worker] changelog.ChangeSet. - NOT NULL constraint has been added to node_our_key_pairs.public_key {changeSet=migration/node-core.changelog-v4.xml::nullability::R3.Corda, databaseChangeLog=master.changelog.json}
?[m?[37m[INFO] 11:44:43,897 [Test worker] jvm.JdbcExecutor. - ALTER TABLE PUBLIC.node_transaction_mappings ALTER COLUMN state_machine_run_id SET NOT NULL {changeSet=migration/node-core.changelog-v4.xml::nullability::R3.Corda, databaseChangeLog=master.changelog.json}
?[m?[37m[INFO] 11:44:43,897 [Test worker] changelog.ChangeSet. - NOT NULL constraint has been added to node_transaction_mappings.state_machine_run_id {changeSet=migration/node-core.changelog-v4.xml::nullability::R3.Corda, databaseChangeLog=master.changelog.json}
?[m?[37m[INFO] 11:44:43,897 [Test worker] jvm.JdbcExecutor. - ALTER TABLE PUBLIC.node_transactions ALTER COLUMN transaction_value SET NOT NULL {changeSet=migration/node-core.changelog-v4.xml::nullability::R3.Corda, databaseChangeLog=master.changelog.json}
?[m?[37m[INFO] 11:44:43,897 [Test worker] changelog.ChangeSet. - NOT NULL constraint has been added to node_transactions.transaction_value {changeSet=migration/node-core.changelog-v4.xml::nullability::R3.Corda, databaseChangeLog=master.changelog.json}
?[m?[37m[INFO] 11:44:43,897 [Test worker] changelog.ChangeSet. - ChangeSet migration/node-core.changelog-v4.xml::nullability::R3.Corda ran successfully in 1ms {changeSet=migration/node-core.changelog-v4.xml::nullability::R3.Corda, databaseChangeLog=master.changelog.json}
?[m?[37m[INFO] 11:44:43,898 [Test worker] jvm.JdbcExecutor. - INSERT INTO PUBLIC.DATABASECHANGELOG (ID, AUTHOR, FILENAME, DATEEXECUTED, ORDEREXECUTED, MD5SUM, DESCRIPTION, COMMENTS, EXECTYPE, CONTEXTS, LABELS, LIQUIBASE, DEPLOYMENT_ID) VALUES ('nullability', 'R3.Corda', 'migration/node-core.changelog-v4.xml', NOW(), 69, '8:62ddcf64aece5dc383fa400ac8ccc392', 'addNotNullConstraint columnName=identity_value, tableName=node_identities; addNotNullConstraint columnName=content, tableName=node_attachments; addNotNullConstraint columnName=contract_class_name, tableName=node_attachments_contracts; addNotNullCo...', '', 'EXECUTED', NULL, NULL, '3.6.3', '2067483847') {changeSet=migration/node-core.changelog-v4.xml::nullability::R3.Corda, databaseChangeLog=master.changelog.json}
?[m?[37m[INFO] 11:44:43,899 [Test worker] jvm.JdbcExecutor. - DROP TABLE PUBLIC.node_message_retry {changeSet=migration/node-core.changelog-v5.xml::remove_unused_node_message_retry::R3.Corda, databaseChangeLog=master.changelog.json}
?[m?[37m[INFO] 11:44:43,899 [Test worker] changelog.ChangeSet. - Table node_message_retry dropped {changeSet=migration/node-core.changelog-v5.xml::remove_unused_node_message_retry::R3.Corda, databaseChangeLog=master.changelog.json}
?[m?[37m[INFO] 11:44:43,899 [Test worker] changelog.ChangeSet. - ChangeSet migration/node-core.changelog-v5.xml::remove_unused_node_message_retry::R3.Corda ran successfully in 0ms {changeSet=migration/node-core.changelog-v5.xml::remove_unused_node_message_retry::R3.Corda, databaseChangeLog=master.changelog.json}
?[m?[37m[INFO] 11:44:43,900 [Test worker] jvm.JdbcExecutor. - INSERT INTO PUBLIC.DATABASECHANGELOG (ID, AUTHOR, FILENAME, DATEEXECUTED, ORDEREXECUTED, MD5SUM, DESCRIPTION, COMMENTS, EXECTYPE, CONTEXTS, LABELS, LIQUIBASE, DEPLOYMENT_ID) VALUES ('remove_unused_node_message_retry', 'R3.Corda', 'migration/node-core.changelog-v5.xml', NOW(), 70, '8:7f43b1a30ed49119520e7d14de6b57bd', 'dropTable tableName=node_message_retry', '', 'EXECUTED', NULL, NULL, '3.6.3', '2067483847') {changeSet=migration/node-core.changelog-v5.xml::remove_unused_node_message_retry::R3.Corda, databaseChangeLog=master.changelog.json}
?[m?[37m[INFO] 11:44:43,901 [Test worker] jvm.JdbcExecutor. - INSERT INTO PUBLIC.DATABASECHANGELOG (ID, AUTHOR, FILENAME, DATEEXECUTED, ORDEREXECUTED, MD5SUM, DESCRIPTION, COMMENTS, EXECTYPE, CONTEXTS, LABELS, LIQUIBASE, DEPLOYMENT_ID) VALUES ('non-clustered_pk-1', 'R3.Corda', 'migration/node-core.changelog-pkey.xml', NOW(), 71, '8:fc341b0d5ff080f0093d8a528299de25', 'dropPrimaryKey constraintName=node_checkpoints_pkey, tableName=node_checkpoints; addPrimaryKey constraintName=node_checkpoints_pkey, tableName=node_checkpoints', '', 'MARK_RAN', NULL, NULL, '3.6.3', '2067483847') {changeSet=migration/node-core.changelog-pkey.xml::non-clustered_pk-1::R3.Corda, databaseChangeLog=master.changelog.json}
?[m?[37m[INFO] 11:44:43,902 [Test worker] jvm.JdbcExecutor. - INSERT INTO PUBLIC.DATABASECHANGELOG (ID, AUTHOR, FILENAME, DATEEXECUTED, ORDEREXECUTED, MD5SUM, DESCRIPTION, COMMENTS, EXECTYPE, CONTEXTS, LABELS, LIQUIBASE, DEPLOYMENT_ID) VALUES ('non-clustered_pk-2', 'R3.Corda', 'migration/node-core.changelog-pkey.xml', NOW(), 72, '8:438db96910ca09a1e8910e74fe31d943', 'dropPrimaryKey constraintName=node_identities_pkey, tableName=node_identities; addPrimaryKey constraintName=node_identities_pkey, tableName=node_identities', '', 'MARK_RAN', NULL, NULL, '3.6.3', '2067483847') {changeSet=migration/node-core.changelog-pkey.xml::non-clustered_pk-2::R3.Corda, databaseChangeLog=master.changelog.json}
?[m?[37m[INFO] 11:44:43,903 [Test worker] jvm.JdbcExecutor. - INSERT INTO PUBLIC.DATABASECHANGELOG (ID, AUTHOR, FILENAME, DATEEXECUTED, ORDEREXECUTED, MD5SUM, DESCRIPTION, COMMENTS, EXECTYPE, CONTEXTS, LABELS, LIQUIBASE, DEPLOYMENT_ID) VALUES ('non-clustered_pk-3', 'R3.Corda', 'migration/node-core.changelog-pkey.xml', NOW(), 73, '8:b02515ba3eb419e880a62ad581d57d9a', 'dropPrimaryKey constraintName=node_message_ids_pkey, tableName=node_message_ids; addPrimaryKey constraintName=node_message_ids_pkey, tableName=node_message_ids', '', 'MARK_RAN', NULL, NULL, '3.6.3', '2067483847') {changeSet=migration/node-core.changelog-pkey.xml::non-clustered_pk-3::R3.Corda, databaseChangeLog=master.changelog.json}
?[m?[37m[INFO] 11:44:43,904 [Test worker] jvm.JdbcExecutor. - INSERT INTO PUBLIC.DATABASECHANGELOG (ID, AUTHOR, FILENAME, DATEEXECUTED, ORDEREXECUTED, MD5SUM, DESCRIPTION, COMMENTS, EXECTYPE, CONTEXTS, LABELS, LIQUIBASE, DEPLOYMENT_ID) VALUES ('non-clustered_pk-4', 'R3.Corda', 'migration/node-core.changelog-pkey.xml', NOW(), 74, '8:9a733c73c5a8ca979384c41d59473644', 'dropPrimaryKey constraintName=node_named_identities_pkey, tableName=node_named_identities; addPrimaryKey constraintName=node_named_identities_pkey, tableName=node_named_identities', '', 'MARK_RAN', NULL, NULL, '3.6.3', '2067483847') {changeSet=migration/node-core.changelog-pkey.xml::non-clustered_pk-4::R3.Corda, databaseChangeLog=master.changelog.json}
?[m?[37m[INFO] 11:44:43,904 [Test worker] jvm.JdbcExecutor. - INSERT INTO PUBLIC.DATABASECHANGELOG (ID, AUTHOR, FILENAME, DATEEXECUTED, ORDEREXECUTED, MD5SUM, DESCRIPTION, COMMENTS, EXECTYPE, CONTEXTS, LABELS, LIQUIBASE, DEPLOYMENT_ID) VALUES ('non-clustered_pk-5', 'R3.Corda', 'migration/node-core.changelog-pkey.xml', NOW(), 75, '8:48cf4a4dad77b6a8f7c3c73c09cc3959', 'dropPrimaryKey constraintName=node_our_key_pairs_pkey, tableName=node_our_key_pairs; addPrimaryKey constraintName=node_our_key_pairs_pkey, tableName=node_our_key_pairs', '', 'MARK_RAN', NULL, NULL, '3.6.3', '2067483847') {changeSet=migration/node-core.changelog-pkey.xml::non-clustered_pk-5::R3.Corda, databaseChangeLog=master.changelog.json}
?[m?[37m[INFO] 11:44:43,905 [Test worker] jvm.JdbcExecutor. - INSERT INTO PUBLIC.DATABASECHANGELOG (ID, AUTHOR, FILENAME, DATEEXECUTED, ORDEREXECUTED, MD5SUM, DESCRIPTION, COMMENTS, EXECTYPE, CONTEXTS, LABELS, LIQUIBASE, DEPLOYMENT_ID) VALUES ('non-clustered_pk-6', 'R3.Corda', 'migration/node-core.changelog-pkey.xml', NOW(), 76, '8:25c5581ce04f688ea83704ffa44bab8e', 'dropPrimaryKey constraintName=node_transaction_mappings_pkey, tableName=node_transaction_mappings; addPrimaryKey constraintName=node_transaction_mappings_pkey, tableName=node_transaction_mappings', '', 'MARK_RAN', NULL, NULL, '3.6.3', '2067483847') {changeSet=migration/node-core.changelog-pkey.xml::non-clustered_pk-6::R3.Corda, databaseChangeLog=master.changelog.json}
?[m?[37m[INFO] 11:44:43,906 [Test worker] jvm.JdbcExecutor. - INSERT INTO PUBLIC.DATABASECHANGELOG (ID, AUTHOR, FILENAME, DATEEXECUTED, ORDEREXECUTED, MD5SUM, DESCRIPTION, COMMENTS, EXECTYPE, CONTEXTS, LABELS, LIQUIBASE, DEPLOYMENT_ID) VALUES ('non-clustered_pk-7', 'R3.Corda', 'migration/node-core.changelog-pkey.xml', NOW(), 77, '8:64773359f27e2f85fe6df6097823ce69', 'dropPrimaryKey constraintName=node_transactions_pkey, tableName=node_transactions; addPrimaryKey constraintName=node_transactions_pkey, tableName=node_transactions', '', 'MARK_RAN', NULL, NULL, '3.6.3', '2067483847') {changeSet=migration/node-core.changelog-pkey.xml::non-clustered_pk-7::R3.Corda, databaseChangeLog=master.changelog.json}
?[m?[37m[INFO] 11:44:43,909 [Test worker] changelog.ChangeSet. - Marking ChangeSet: migration/node-core.changelog-v8.xml::conditional_attchments_rename::R3.Corda ran despite precondition failure due to onFail='MARK_RAN': 
          master.changelog.json : Table PUBLIC.NODE_ATTCHMENTS_CONTRACTS does not exist
 {changeSet=migration/node-core.changelog-v8.xml::conditional_attchments_rename::R3.Corda, databaseChangeLog=master.changelog.json}
?[m?[37m[INFO] 11:44:43,910 [Test worker] jvm.JdbcExecutor. - INSERT INTO PUBLIC.DATABASECHANGELOG (ID, AUTHOR, FILENAME, DATEEXECUTED, ORDEREXECUTED, MD5SUM, DESCRIPTION, COMMENTS, EXECTYPE, CONTEXTS, LABELS, LIQUIBASE, DEPLOYMENT_ID) VALUES ('conditional_attchments_rename', 'R3.Corda', 'migration/node-core.changelog-v8.xml', NOW(), 78, '8:114fc6d1775676ecf274989170741a5b', 'renameTable newTableName=NODE_ATTACHMENTS_CONTRACTS, oldTableName=NODE_ATTCHMENTS_CONTRACTS', '', 'MARK_RAN', NULL, NULL, '3.6.3', '2067483847') {changeSet=migration/node-core.changelog-v8.xml::conditional_attchments_rename::R3.Corda, databaseChangeLog=master.changelog.json}
?[m?[37m[INFO] 11:44:43,912 [Test worker] changelog.ChangeSet. - Marking ChangeSet: migration/node-core.changelog-v8.xml::conditional_attchments_contracts::R3.Corda ran despite precondition failure due to onFail='MARK_RAN': 
          master.changelog.json : Table PUBLIC.NODE_ATTACHMENTS_CONTRACT_CLASS_NAME does not exist
 {changeSet=migration/node-core.changelog-v8.xml::conditional_attchments_contracts::R3.Corda, databaseChangeLog=master.changelog.json}
?[m?[37m[INFO] 11:44:43,912 [Test worker] jvm.JdbcExecutor. - INSERT INTO PUBLIC.DATABASECHANGELOG (ID, AUTHOR, FILENAME, DATEEXECUTED, ORDEREXECUTED, MD5SUM, DESCRIPTION, COMMENTS, EXECTYPE, CONTEXTS, LABELS, LIQUIBASE, DEPLOYMENT_ID) VALUES ('conditional_attchments_contracts', 'R3.Corda', 'migration/node-core.changelog-v8.xml', NOW(), 79, '8:c26d868db33a85bdd25570b094635db5', 'renameTable newTableName=NODE_ATTACHMENTS_CONTRACTS, oldTableName=NODE_ATTACHMENTS_CONTRACT_CLASS_NAME', '', 'MARK_RAN', NULL, NULL, '3.6.3', '2067483847') {changeSet=migration/node-core.changelog-v8.xml::conditional_attchments_contracts::R3.Corda, databaseChangeLog=master.changelog.json}
?[m?[37m[INFO] 11:44:43,912 [Test worker] jvm.JdbcExecutor. - CREATE TABLE PUBLIC.node_attachments_signers (att_id NVARCHAR(255) NOT NULL, signer NVARCHAR(1024)) {changeSet=migration/node-core.changelog-v8.xml::add_signers::R3.Corda, databaseChangeLog=master.changelog.json}
?[m?[37m[INFO] 11:44:43,912 [Test worker] changelog.ChangeSet. - Table node_attachments_signers created {changeSet=migration/node-core.changelog-v8.xml::add_signers::R3.Corda, databaseChangeLog=master.changelog.json}
?[m?[37m[INFO] 11:44:43,913 [Test worker] jvm.JdbcExecutor. - ALTER TABLE PUBLIC.node_attachments_signers ADD CONSTRAINT FK__signers__attachments FOREIGN KEY (att_id) REFERENCES PUBLIC.node_attachments (att_id) {changeSet=migration/node-core.changelog-v8.xml::add_signers::R3.Corda, databaseChangeLog=master.changelog.json}
?[m?[37m[INFO] 11:44:43,913 [Test worker] changelog.ChangeSet. - Foreign key constraint added to node_attachments_signers (att_id) {changeSet=migration/node-core.changelog-v8.xml::add_signers::R3.Corda, databaseChangeLog=master.changelog.json}
?[m?[37m[INFO] 11:44:43,913 [Test worker] changelog.ChangeSet. - ChangeSet migration/node-core.changelog-v8.xml::add_signers::R3.Corda ran successfully in 1ms {changeSet=migration/node-core.changelog-v8.xml::add_signers::R3.Corda, databaseChangeLog=master.changelog.json}
?[m?[37m[INFO] 11:44:43,913 [Test worker] jvm.JdbcExecutor. - INSERT INTO PUBLIC.DATABASECHANGELOG (ID, AUTHOR, FILENAME, DATEEXECUTED, ORDEREXECUTED, MD5SUM, DESCRIPTION, COMMENTS, EXECTYPE, CONTEXTS, LABELS, LIQUIBASE, DEPLOYMENT_ID) VALUES ('add_signers', 'R3.Corda', 'migration/node-core.changelog-v8.xml', NOW(), 80, '8:6a033a579a3a8e11a35846d455833835', 'createTable tableName=node_attachments_signers; addForeignKeyConstraint baseTableName=node_attachments_signers, constraintName=FK__signers__attachments, referencedTableName=node_attachments', '', 'EXECUTED', NULL, NULL, '3.6.3', '2067483847') {changeSet=migration/node-core.changelog-v8.xml::add_signers::R3.Corda, databaseChangeLog=master.changelog.json}
?[m?[37m[INFO] 11:44:43,915 [Test worker] jvm.JdbcExecutor. - ALTER TABLE PUBLIC.node_transactions ADD state_machine_run_id NVARCHAR(36) {changeSet=migration/node-core.changelog-tx-mapping.xml::add_tx_mapping_column::R3.Corda, databaseChangeLog=master.changelog.json}
?[m?[37m[INFO] 11:44:43,916 [Test worker] changelog.ChangeSet. - Columns state_machine_run_id(NVARCHAR(36)) added to node_transactions {changeSet=migration/node-core.changelog-tx-mapping.xml::add_tx_mapping_column::R3.Corda, databaseChangeLog=master.changelog.json}
?[m?[37m[INFO] 11:44:43,916 [Test worker] jvm.JdbcExecutor. - update node_transactions set state_machine_run_id=(select state_machine_run_id from
            node_transaction_mappings where node_transactions.tx_id = node_transaction_mappings.tx_id) {changeSet=migration/node-core.changelog-tx-mapping.xml::add_tx_mapping_column::R3.Corda, databaseChangeLog=master.changelog.json}
?[m?[37m[INFO] 11:44:43,917 [Test worker] changelog.ChangeSet. - Custom SQL executed {changeSet=migration/node-core.changelog-tx-mapping.xml::add_tx_mapping_column::R3.Corda, databaseChangeLog=master.changelog.json}
?[m?[37m[INFO] 11:44:43,917 [Test worker] jvm.JdbcExecutor. - DROP TABLE PUBLIC.node_transaction_mappings {changeSet=migration/node-core.changelog-tx-mapping.xml::add_tx_mapping_column::R3.Corda, databaseChangeLog=master.changelog.json}
?[m?[37m[INFO] 11:44:43,917 [Test worker] changelog.ChangeSet. - Table node_transaction_mappings dropped {changeSet=migration/node-core.changelog-tx-mapping.xml::add_tx_mapping_column::R3.Corda, databaseChangeLog=master.changelog.json}
?[m?[37m[INFO] 11:44:43,917 [Test worker] changelog.ChangeSet. - ChangeSet migration/node-core.changelog-tx-mapping.xml::add_tx_mapping_column::R3.Corda ran successfully in 3ms {changeSet=migration/node-core.changelog-tx-mapping.xml::add_tx_mapping_column::R3.Corda, databaseChangeLog=master.changelog.json}
?[m?[37m[INFO] 11:44:43,918 [Test worker] jvm.JdbcExecutor. - INSERT INTO PUBLIC.DATABASECHANGELOG (ID, AUTHOR, FILENAME, DATEEXECUTED, ORDEREXECUTED, MD5SUM, DESCRIPTION, COMMENTS, EXECTYPE, CONTEXTS, LABELS, LIQUIBASE, DEPLOYMENT_ID) VALUES ('add_tx_mapping_column', 'R3.Corda', 'migration/node-core.changelog-tx-mapping.xml', NOW(), 81, '8:6d9d8484a635e932dd8e8f45db1b3d7e', 'addColumn tableName=node_transactions; sql; dropTable tableName=node_transaction_mappings', '', 'EXECUTED', NULL, NULL, '3.6.3', '2067483847') {changeSet=migration/node-core.changelog-tx-mapping.xml::add_tx_mapping_column::R3.Corda, databaseChangeLog=master.changelog.json}
?[m?[37m[INFO] 11:44:43,919 [Test worker] jvm.JdbcExecutor. - CREATE TABLE PUBLIC.node_network_parameters (hash NVARCHAR(130) NOT NULL, epoch INT NOT NULL, parameters_bytes BLOB NOT NULL, signature_bytes BLOB NOT NULL, cert BLOB NOT NULL, parent_cert_path BLOB NOT NULL) {changeSet=migration/node-services.changelog-init.xml::add_network_parameters_storage::R3.Corda, databaseChangeLog=master.changelog.json}
?[m?[37m[INFO] 11:44:43,919 [Test worker] changelog.ChangeSet. - Table node_network_parameters created {changeSet=migration/node-services.changelog-init.xml::add_network_parameters_storage::R3.Corda, databaseChangeLog=master.changelog.json}
?[m?[37m[INFO] 11:44:43,919 [Test worker] changelog.ChangeSet. - ChangeSet migration/node-services.changelog-init.xml::add_network_parameters_storage::R3.Corda ran successfully in 0ms {changeSet=migration/node-services.changelog-init.xml::add_network_parameters_storage::R3.Corda, databaseChangeLog=master.changelog.json}
?[m?[37m[INFO] 11:44:43,920 [Test worker] jvm.JdbcExecutor. - INSERT INTO PUBLIC.DATABASECHANGELOG (ID, AUTHOR, FILENAME, DATEEXECUTED, ORDEREXECUTED, MD5SUM, DESCRIPTION, COMMENTS, EXECTYPE, CONTEXTS, LABELS, LIQUIBASE, DEPLOYMENT_ID) VALUES ('add_network_parameters_storage', 'R3.Corda', 'migration/node-services.changelog-init.xml', NOW(), 82, '8:b448755ba392674254c59e2b9489140f', 'createTable tableName=node_network_parameters', '', 'EXECUTED', NULL, NULL, '3.6.3', '2067483847') {changeSet=migration/node-services.changelog-init.xml::add_network_parameters_storage::R3.Corda, databaseChangeLog=master.changelog.json}
?[m?[37m[INFO] 11:44:43,920 [Test worker] jvm.JdbcExecutor. - ALTER TABLE PUBLIC.node_network_parameters ADD CONSTRAINT node_network_parameters_pkey PRIMARY KEY (hash) {changeSet=migration/node-services.changelog-init.xml::network_parameters_pk::R3.Corda, databaseChangeLog=master.changelog.json}
?[m?[37m[INFO] 11:44:43,920 [Test worker] changelog.ChangeSet. - Primary key added to node_network_parameters (hash) {changeSet=migration/node-services.changelog-init.xml::network_parameters_pk::R3.Corda, databaseChangeLog=master.changelog.json}
?[m?[37m[INFO] 11:44:43,920 [Test worker] changelog.ChangeSet. - ChangeSet migration/node-services.changelog-init.xml::network_parameters_pk::R3.Corda ran successfully in 0ms {changeSet=migration/node-services.changelog-init.xml::network_parameters_pk::R3.Corda, databaseChangeLog=master.changelog.json}
?[m?[37m[INFO] 11:44:43,921 [Test worker] jvm.JdbcExecutor. - INSERT INTO PUBLIC.DATABASECHANGELOG (ID, AUTHOR, FILENAME, DATEEXECUTED, ORDEREXECUTED, MD5SUM, DESCRIPTION, COMMENTS, EXECTYPE, CONTEXTS, LABELS, LIQUIBASE, DEPLOYMENT_ID) VALUES ('network_parameters_pk', 'R3.Corda', 'migration/node-services.changelog-init.xml', NOW(), 83, '8:fc0358b8cab487b52558cd68d6feaf9e', 'addPrimaryKey constraintName=node_network_parameters_pkey, tableName=node_network_parameters', '', 'EXECUTED', NULL, NULL, '3.6.3', '2067483847') {changeSet=migration/node-services.changelog-init.xml::network_parameters_pk::R3.Corda, databaseChangeLog=master.changelog.json}
?[m?[37m[INFO] 11:44:43,921 [Test worker] jvm.JdbcExecutor. - ALTER TABLE PUBLIC.node_attachments ADD version INT {changeSet=migration/node-services.changelog-init.xml::add_version_column::R3.Corda, databaseChangeLog=master.changelog.json}
?[m?[37m[INFO] 11:44:43,922 [Test worker] changelog.ChangeSet. - Columns version(INT) added to node_attachments {changeSet=migration/node-services.changelog-init.xml::add_version_column::R3.Corda, databaseChangeLog=master.changelog.json}
?[m?[37m[INFO] 11:44:43,922 [Test worker] jvm.JdbcExecutor. - update node_attachments set version = 1 {changeSet=migration/node-services.changelog-init.xml::add_version_column::R3.Corda, databaseChangeLog=master.changelog.json}
?[m?[37m[INFO] 11:44:43,922 [Test worker] changelog.ChangeSet. - Custom SQL executed {changeSet=migration/node-services.changelog-init.xml::add_version_column::R3.Corda, databaseChangeLog=master.changelog.json}
?[m?[37m[INFO] 11:44:43,922 [Test worker] jvm.JdbcExecutor. - ALTER TABLE PUBLIC.node_attachments ALTER COLUMN version SET NOT NULL {changeSet=migration/node-services.changelog-init.xml::add_version_column::R3.Corda, databaseChangeLog=master.changelog.json}
?[m?[37m[INFO] 11:44:43,922 [Test worker] changelog.ChangeSet. - NOT NULL constraint has been added to node_attachments.version {changeSet=migration/node-services.changelog-init.xml::add_version_column::R3.Corda, databaseChangeLog=master.changelog.json}
?[m?[37m[INFO] 11:44:43,922 [Test worker] changelog.ChangeSet. - ChangeSet migration/node-services.changelog-init.xml::add_version_column::R3.Corda ran successfully in 1ms {changeSet=migration/node-services.changelog-init.xml::add_version_column::R3.Corda, databaseChangeLog=master.changelog.json}
?[m?[37m[INFO] 11:44:43,923 [Test worker] jvm.JdbcExecutor. - INSERT INTO PUBLIC.DATABASECHANGELOG (ID, AUTHOR, FILENAME, DATEEXECUTED, ORDEREXECUTED, MD5SUM, DESCRIPTION, COMMENTS, EXECTYPE, CONTEXTS, LABELS, LIQUIBASE, DEPLOYMENT_ID) VALUES ('add_version_column', 'R3.Corda', 'migration/node-services.changelog-init.xml', NOW(), 84, '8:ab6a3101d1da88b0f174ccc06a62feef', 'addColumn tableName=node_attachments; sql; addNotNullConstraint columnName=version, tableName=node_attachments', '', 'EXECUTED', NULL, NULL, '3.6.3', '2067483847') {changeSet=migration/node-services.changelog-init.xml::add_version_column::R3.Corda, databaseChangeLog=master.changelog.json}
?[m?[37m[INFO] 11:44:43,923 [Test worker] persistence.AttachmentVersionNumberMigration. - Start executing... {changeSet=migration/node-services.changelog-init.xml::update-version-of-whitelisted-jars::R3.Corda, databaseChangeLog=master.changelog.json}
?[m?[37m[INFO] 11:44:43,924 [Test worker] persistence.AttachmentVersionNumberMigration. - Attachment version creation from whitelisted JARs using network parameters from build/mock-network/20201007-104441.993/nodes/2/network-parameters, whitelistedContractImplementations: {}. {changeSet=migration/node-services.changelog-init.xml::update-version-of-whitelisted-jars::R3.Corda, databaseChangeLog=master.changelog.json}
?[m?[37m[INFO] 11:44:43,924 [Test worker] persistence.AttachmentVersionNumberMigration. - Attachment version creation from whitelisted JARs skipped, no attachments not found. {changeSet=migration/node-services.changelog-init.xml::update-version-of-whitelisted-jars::R3.Corda, databaseChangeLog=master.changelog.json}
?[m?[37m[INFO] 11:44:43,924 [Test worker] changelog.ChangeSet. - null {changeSet=migration/node-services.changelog-init.xml::update-version-of-whitelisted-jars::R3.Corda, databaseChangeLog=master.changelog.json}
?[m?[37m[INFO] 11:44:43,924 [Test worker] changelog.ChangeSet. - ChangeSet migration/node-services.changelog-init.xml::update-version-of-whitelisted-jars::R3.Corda ran successfully in 1ms {changeSet=migration/node-services.changelog-init.xml::update-version-of-whitelisted-jars::R3.Corda, databaseChangeLog=master.changelog.json}
?[m?[37m[INFO] 11:44:43,925 [Test worker] jvm.JdbcExecutor. - INSERT INTO PUBLIC.DATABASECHANGELOG (ID, AUTHOR, FILENAME, DATEEXECUTED, ORDEREXECUTED, MD5SUM, DESCRIPTION, COMMENTS, EXECTYPE, CONTEXTS, LABELS, LIQUIBASE, DEPLOYMENT_ID) VALUES ('update-version-of-whitelisted-jars', 'R3.Corda', 'migration/node-services.changelog-init.xml', NOW(), 85, '8:1d4174a12a4902070f6bf2ba624b0e97', 'customChange', '', 'EXECUTED', NULL, NULL, '3.6.3', '2067483847') {changeSet=migration/node-services.changelog-init.xml::update-version-of-whitelisted-jars::R3.Corda, databaseChangeLog=master.changelog.json}
?[m?[37m[INFO] 11:44:43,925 [Test worker] jvm.JdbcExecutor. - CREATE TABLE PUBLIC.node_identities_no_cert (pk_hash NVARCHAR(130) NOT NULL, name NVARCHAR(128) NOT NULL) {changeSet=migration/node-services.changelog-init.xml::add-new-persistence-table::R3.Corda, databaseChangeLog=master.changelog.json}
?[m?[37m[INFO] 11:44:43,925 [Test worker] changelog.ChangeSet. - Table node_identities_no_cert created {changeSet=migration/node-services.changelog-init.xml::add-new-persistence-table::R3.Corda, databaseChangeLog=master.changelog.json}
?[m?[37m[INFO] 11:44:43,926 [Test worker] jvm.JdbcExecutor. - ALTER TABLE PUBLIC.node_identities_no_cert ADD CONSTRAINT node_identities_no_cert_pkey PRIMARY KEY (pk_hash) {changeSet=migration/node-services.changelog-init.xml::add-new-persistence-table::R3.Corda, databaseChangeLog=master.changelog.json}
?[m?[37m[INFO] 11:44:43,926 [Test worker] changelog.ChangeSet. - Primary key added to node_identities_no_cert (pk_hash) {changeSet=migration/node-services.changelog-init.xml::add-new-persistence-table::R3.Corda, databaseChangeLog=master.changelog.json}
?[m?[37m[INFO] 11:44:43,926 [Test worker] changelog.ChangeSet. - ChangeSet migration/node-services.changelog-init.xml::add-new-persistence-table::R3.Corda ran successfully in 1ms {changeSet=migration/node-services.changelog-init.xml::add-new-persistence-table::R3.Corda, databaseChangeLog=master.changelog.json}
?[m?[37m[INFO] 11:44:43,927 [Test worker] jvm.JdbcExecutor. - INSERT INTO PUBLIC.DATABASECHANGELOG (ID, AUTHOR, FILENAME, DATEEXECUTED, ORDEREXECUTED, MD5SUM, DESCRIPTION, COMMENTS, EXECTYPE, CONTEXTS, LABELS, LIQUIBASE, DEPLOYMENT_ID) VALUES ('add-new-persistence-table', 'R3.Corda', 'migration/node-services.changelog-init.xml', NOW(), 86, '8:cb3302a80bf346270e0d8f3509c64a9b', 'createTable tableName=node_identities_no_cert; addPrimaryKey constraintName=node_identities_no_cert_pkey, tableName=node_identities_no_cert', '', 'EXECUTED', NULL, NULL, '3.6.3', '2067483847') {changeSet=migration/node-services.changelog-init.xml::add-new-persistence-table::R3.Corda, databaseChangeLog=master.changelog.json}
?[m?[37m[INFO] 11:44:43,928 [Test worker] jvm.JdbcExecutor. - ALTER TABLE PUBLIC.pk_hash_to_ext_id_map DROP COLUMN id {changeSet=migration/node-services.changelog-init.xml::migrate_pk_hash_to_ext_id::R3.Corda, databaseChangeLog=master.changelog.json}
?[m?[37m[INFO] 11:44:43,954 [Test worker] changelog.ChangeSet. - Column pk_hash_to_ext_id_map.id dropped {changeSet=migration/node-services.changelog-init.xml::migrate_pk_hash_to_ext_id::R3.Corda, databaseChangeLog=master.changelog.json}
?[m?[37m[INFO] 11:44:43,954 [Test worker] jvm.JdbcExecutor. - DROP INDEX PUBLIC.pk_hash_to_xid_idx {changeSet=migration/node-services.changelog-init.xml::migrate_pk_hash_to_ext_id::R3.Corda, databaseChangeLog=master.changelog.json}
?[m?[37m[INFO] 11:44:43,955 [Test worker] changelog.ChangeSet. - Index pk_hash_to_xid_idx dropped from table pk_hash_to_ext_id_map {changeSet=migration/node-services.changelog-init.xml::migrate_pk_hash_to_ext_id::R3.Corda, databaseChangeLog=master.changelog.json}
?[m?[37m[INFO] 11:44:43,955 [Test worker] jvm.JdbcExecutor. - ALTER TABLE PUBLIC.pk_hash_to_ext_id_map ADD CONSTRAINT pubkey_hash_to_external_id_pk PRIMARY KEY (public_key_hash) {changeSet=migration/node-services.changelog-init.xml::migrate_pk_hash_to_ext_id::R3.Corda, databaseChangeLog=master.changelog.json}
?[m?[37m[INFO] 11:44:43,955 [Test worker] changelog.ChangeSet. - Primary key added to pk_hash_to_ext_id_map (public_key_hash) {changeSet=migration/node-services.changelog-init.xml::migrate_pk_hash_to_ext_id::R3.Corda, databaseChangeLog=master.changelog.json}
?[m?[37m[INFO] 11:44:43,955 [Test worker] jvm.JdbcExecutor. - CREATE INDEX PUBLIC.ext_id_idx ON PUBLIC.pk_hash_to_ext_id_map(external_id) {changeSet=migration/node-services.changelog-init.xml::migrate_pk_hash_to_ext_id::R3.Corda, databaseChangeLog=master.changelog.json}
?[m?[37m[INFO] 11:44:43,955 [Test worker] changelog.ChangeSet. - Index ext_id_idx created {changeSet=migration/node-services.changelog-init.xml::migrate_pk_hash_to_ext_id::R3.Corda, databaseChangeLog=master.changelog.json}
?[m?[37m[INFO] 11:44:43,955 [Test worker] changelog.ChangeSet. - ChangeSet migration/node-services.changelog-init.xml::migrate_pk_hash_to_ext_id::R3.Corda ran successfully in 27ms {changeSet=migration/node-services.changelog-init.xml::migrate_pk_hash_to_ext_id::R3.Corda, databaseChangeLog=master.changelog.json}
?[m?[37m[INFO] 11:44:43,956 [Test worker] jvm.JdbcExecutor. - INSERT INTO PUBLIC.DATABASECHANGELOG (ID, AUTHOR, FILENAME, DATEEXECUTED, ORDEREXECUTED, MD5SUM, DESCRIPTION, COMMENTS, EXECTYPE, CONTEXTS, LABELS, LIQUIBASE, DEPLOYMENT_ID) VALUES ('migrate_pk_hash_to_ext_id', 'R3.Corda', 'migration/node-services.changelog-init.xml', NOW(), 87, '8:daf9ba8b9522b5ed5e0c474f220a5ef9', 'dropColumn columnName=id, tableName=pk_hash_to_ext_id_map; dropIndex indexName=pk_hash_to_xid_idx, tableName=pk_hash_to_ext_id_map; addPrimaryKey constraintName=pubkey_hash_to_external_id_pk, tableName=pk_hash_to_ext_id_map; createIndex indexName=...', '', 'EXECUTED', NULL, NULL, '3.6.3', '2067483847') {changeSet=migration/node-services.changelog-init.xml::migrate_pk_hash_to_ext_id::R3.Corda, databaseChangeLog=master.changelog.json}
?[m?[37m[INFO] 11:44:43,956 [Test worker] changelog.ChangeSet. - null {changeSet=migration/node-services.changelog-init.xml::migrate_identity_service_to_use_publicKey.toShortString()::R3.Corda, databaseChangeLog=master.changelog.json}
?[m?[37m[INFO] 11:44:43,956 [Test worker] changelog.ChangeSet. - ChangeSet migration/node-services.changelog-init.xml::migrate_identity_service_to_use_publicKey.toShortString()::R3.Corda ran successfully in 0ms {changeSet=migration/node-services.changelog-init.xml::migrate_identity_service_to_use_publicKey.toShortString()::R3.Corda, databaseChangeLog=master.changelog.json}
?[m?[37m[INFO] 11:44:43,957 [Test worker] jvm.JdbcExecutor. - INSERT INTO PUBLIC.DATABASECHANGELOG (ID, AUTHOR, FILENAME, DATEEXECUTED, ORDEREXECUTED, MD5SUM, DESCRIPTION, COMMENTS, EXECTYPE, CONTEXTS, LABELS, LIQUIBASE, DEPLOYMENT_ID) VALUES ('migrate_identity_service_to_use_publicKey.toShortString()', 'R3.Corda', 'migration/node-services.changelog-init.xml', NOW(), 88, '8:51a17ecff2c7f17e1502992fdda4356d', 'customChange', '', 'EXECUTED', NULL, NULL, '3.6.3', '2067483847') {changeSet=migration/node-services.changelog-init.xml::migrate_identity_service_to_use_publicKey.toShortString()::R3.Corda, databaseChangeLog=master.changelog.json}
?[m?[37m[INFO] 11:44:43,957 [Test worker] jvm.JdbcExecutor. - ALTER TABLE PUBLIC.node_transactions ADD status NVARCHAR(1) DEFAULT 'V' NOT NULL {changeSet=migration/node-services.changelog-init.xml::add_status_column::R3.Corda, databaseChangeLog=master.changelog.json}
?[m?[37m[INFO] 11:44:43,957 [Test worker] changelog.ChangeSet. - Columns status(NVARCHAR(1)) added to node_transactions {changeSet=migration/node-services.changelog-init.xml::add_status_column::R3.Corda, databaseChangeLog=master.changelog.json}
?[m?[37m[INFO] 11:44:43,958 [Test worker] changelog.ChangeSet. - ChangeSet migration/node-services.changelog-init.xml::add_status_column::R3.Corda ran successfully in 1ms {changeSet=migration/node-services.changelog-init.xml::add_status_column::R3.Corda, databaseChangeLog=master.changelog.json}
?[m?[37m[INFO] 11:44:43,958 [Test worker] jvm.JdbcExecutor. - INSERT INTO PUBLIC.DATABASECHANGELOG (ID, AUTHOR, FILENAME, DATEEXECUTED, ORDEREXECUTED, MD5SUM, DESCRIPTION, COMMENTS, EXECTYPE, CONTEXTS, LABELS, LIQUIBASE, DEPLOYMENT_ID) VALUES ('add_status_column', 'R3.Corda', 'migration/node-services.changelog-init.xml', NOW(), 89, '8:163dc66ab97910470ce080cd4c4d33ef', 'addColumn tableName=node_transactions', '', 'EXECUTED', NULL, NULL, '3.6.3', '2067483847') {changeSet=migration/node-services.changelog-init.xml::add_status_column::R3.Corda, databaseChangeLog=master.changelog.json}
?[m?[37m[INFO] 11:44:43,958 [Test worker] jvm.JdbcExecutor. - CREATE TABLE PUBLIC.node_hash_to_key (pk_hash NVARCHAR(130) NOT NULL, public_key BLOB NOT NULL) {changeSet=migration/node-services.changelog-init.xml::add-new-pk-hash-to-pk-table::R3.Corda, databaseChangeLog=master.changelog.json}
?[m?[37m[INFO] 11:44:43,958 [Test worker] changelog.ChangeSet. - Table node_hash_to_key created {changeSet=migration/node-services.changelog-init.xml::add-new-pk-hash-to-pk-table::R3.Corda, databaseChangeLog=master.changelog.json}
?[m?[37m[INFO] 11:44:43,958 [Test worker] jvm.JdbcExecutor. - ALTER TABLE PUBLIC.node_hash_to_key ADD CONSTRAINT node_hash_to_key_pk_hash PRIMARY KEY (pk_hash) {changeSet=migration/node-services.changelog-init.xml::add-new-pk-hash-to-pk-table::R3.Corda, databaseChangeLog=master.changelog.json}
?[m?[37m[INFO] 11:44:43,958 [Test worker] changelog.ChangeSet. - Primary key added to node_hash_to_key (pk_hash) {changeSet=migration/node-services.changelog-init.xml::add-new-pk-hash-to-pk-table::R3.Corda, databaseChangeLog=master.changelog.json}
?[m?[37m[INFO] 11:44:43,958 [Test worker] changelog.ChangeSet. - ChangeSet migration/node-services.changelog-init.xml::add-new-pk-hash-to-pk-table::R3.Corda ran successfully in 0ms {changeSet=migration/node-services.changelog-init.xml::add-new-pk-hash-to-pk-table::R3.Corda, databaseChangeLog=master.changelog.json}
?[m?[37m[INFO] 11:44:43,959 [Test worker] jvm.JdbcExecutor. - INSERT INTO PUBLIC.DATABASECHANGELOG (ID, AUTHOR, FILENAME, DATEEXECUTED, ORDEREXECUTED, MD5SUM, DESCRIPTION, COMMENTS, EXECTYPE, CONTEXTS, LABELS, LIQUIBASE, DEPLOYMENT_ID) VALUES ('add-new-pk-hash-to-pk-table', 'R3.Corda', 'migration/node-services.changelog-init.xml', NOW(), 90, '8:90ed8145a19f497b5c95a5c9542917f0', 'createTable tableName=node_hash_to_key; addPrimaryKey constraintName=node_hash_to_key_pk_hash, tableName=node_hash_to_key', '', 'EXECUTED', NULL, NULL, '3.6.3', '2067483847') {changeSet=migration/node-services.changelog-init.xml::add-new-pk-hash-to-pk-table::R3.Corda, databaseChangeLog=master.changelog.json}
?[m?[37m[INFO] 11:44:43,960 [Test worker] jvm.JdbcExecutor. - ALTER TABLE PUBLIC.node_transactions ADD timestamp TIMESTAMP DEFAULT '2000-01-01 12:00:00' NOT NULL {changeSet=migration/node-services.changelog-init.xml::add_timestamp_column_to_node_transactions::R3.Corda, databaseChangeLog=master.changelog.json}
?[m?[37m[INFO] 11:44:43,961 [Test worker] changelog.ChangeSet. - Columns timestamp(TIMESTAMP) added to node_transactions {changeSet=migration/node-services.changelog-init.xml::add_timestamp_column_to_node_transactions::R3.Corda, databaseChangeLog=master.changelog.json}
?[m?[37m[INFO] 11:44:43,961 [Test worker] changelog.ChangeSet. - ChangeSet migration/node-services.changelog-init.xml::add_timestamp_column_to_node_transactions::R3.Corda ran successfully in 1ms {changeSet=migration/node-services.changelog-init.xml::add_timestamp_column_to_node_transactions::R3.Corda, databaseChangeLog=master.changelog.json}
?[m?[37m[INFO] 11:44:43,962 [Test worker] jvm.JdbcExecutor. - INSERT INTO PUBLIC.DATABASECHANGELOG (ID, AUTHOR, FILENAME, DATEEXECUTED, ORDEREXECUTED, MD5SUM, DESCRIPTION, COMMENTS, EXECTYPE, CONTEXTS, LABELS, LIQUIBASE, DEPLOYMENT_ID) VALUES ('add_timestamp_column_to_node_transactions', 'R3.Corda', 'migration/node-services.changelog-init.xml', NOW(), 91, '8:bc308c6c38c83b58a03f11f0943a944f', 'addColumn tableName=node_transactions', '', 'EXECUTED', NULL, NULL, '3.6.3', '2067483847') {changeSet=migration/node-services.changelog-init.xml::add_timestamp_column_to_node_transactions::R3.Corda, databaseChangeLog=master.changelog.json}
?[m?[37m[INFO] 11:44:43,963 [Test worker] migration.VaultStateMigration. - Migrating vault state data to V4 tables {changeSet=migration/vault-schema.changelog-v9.xml::update-vault-states::R3.Corda, databaseChangeLog=master.changelog.json}
?[m?[37m[INFO] 11:44:43,965 [Test worker] persistence.HibernateConfiguration. - Init HibernateConfiguration for schemas: [VaultMigrationSchemaV1(name=net.corda.node.migration.VaultMigrationSchema, version=1), VaultSchemaV1(name=net.corda.node.services.vault.VaultSchema, version=1)] {changeSet=migration/vault-schema.changelog-v9.xml::update-vault-states::R3.Corda, databaseChangeLog=master.changelog.json}
?[m?[37m[INFO] 11:44:43,965 [Test worker] factory.BaseSessionFactoryFactory. - Creating session factory for schemas: [VaultMigrationSchemaV1(name=net.corda.node.migration.VaultMigrationSchema, version=1), VaultSchemaV1(name=net.corda.node.services.vault.VaultSchema, version=1)] {changeSet=migration/vault-schema.changelog-v9.xml::update-vault-states::R3.Corda, databaseChangeLog=master.changelog.json}
?[m?[37m[INFO] 11:44:43,973 [Test worker] internal.ConnectionProviderInitiator. - HHH000130: Instantiating explicit connection provider: net.corda.nodeapi.internal.persistence.HibernateConfiguration$NodeDatabaseConnectionProvider {changeSet=migration/vault-schema.changelog-v9.xml::update-vault-states::R3.Corda, databaseChangeLog=master.changelog.json}
?[m?[37m[INFO] 11:44:43,973 [Test worker] dialect.Dialect. - HHH000400: Using dialect: org.hibernate.dialect.H2Dialect {changeSet=migration/vault-schema.changelog-v9.xml::update-vault-states::R3.Corda, databaseChangeLog=master.changelog.json}
?[m?[37m[INFO] 11:44:44,009 [Test worker] connections.access. - HHH10001501: Connection obtained from JdbcConnectionAccess [org.hibernate.engine.jdbc.env.internal.JdbcEnvironmentInitiator$ConnectionProviderJdbcConnectionAccess@a96ade0] for (non-JTA) DDL execution was not in auto-commit mode; the Connection 'local transaction' will be committed and the Connection will be set into auto-commit mode. {changeSet=migration/vault-schema.changelog-v9.xml::update-vault-states::R3.Corda, databaseChangeLog=master.changelog.json}
?[m?[37m[INFO] 11:44:44,030 [Test worker] internal.JtaPlatformInitiator. - HHH000490: Using JtaPlatform implementation: [org.hibernate.engine.transaction.jta.platform.internal.NoJtaPlatform] {changeSet=migration/vault-schema.changelog-v9.xml::update-vault-states::R3.Corda, databaseChangeLog=master.changelog.json}
?[m?[37m[INFO] 11:44:44,030 [Test worker] factory.BaseSessionFactoryFactory. - Created session factory for schemas: [VaultMigrationSchemaV1(name=net.corda.node.migration.VaultMigrationSchema, version=1), VaultSchemaV1(name=net.corda.node.services.vault.VaultSchema, version=1)] {changeSet=migration/vault-schema.changelog-v9.xml::update-vault-states::R3.Corda, databaseChangeLog=master.changelog.json}
?[m?[37m[INFO] 11:44:44,032 [Test worker] migration.VaultStateMigration. - Finished performing vault state data migration for 0 states {changeSet=migration/vault-schema.changelog-v9.xml::update-vault-states::R3.Corda, databaseChangeLog=master.changelog.json}
?[m?[37m[INFO] 11:44:44,032 [Test worker] changelog.ChangeSet. - null {changeSet=migration/vault-schema.changelog-v9.xml::update-vault-states::R3.Corda, databaseChangeLog=master.changelog.json}
?[m?[37m[INFO] 11:44:44,032 [Test worker] changelog.ChangeSet. - ChangeSet migration/vault-schema.changelog-v9.xml::update-vault-states::R3.Corda ran successfully in 70ms {changeSet=migration/vault-schema.changelog-v9.xml::update-vault-states::R3.Corda, databaseChangeLog=master.changelog.json}
?[m?[37m[INFO] 11:44:44,032 [Test worker] jvm.JdbcExecutor. - INSERT INTO PUBLIC.DATABASECHANGELOG (ID, AUTHOR, FILENAME, DATEEXECUTED, ORDEREXECUTED, MD5SUM, DESCRIPTION, COMMENTS, EXECTYPE, CONTEXTS, LABELS, LIQUIBASE, DEPLOYMENT_ID) VALUES ('update-vault-states', 'R3.Corda', 'migration/vault-schema.changelog-v9.xml', NOW(), 92, '8:f8f4c73846280164daf6855e1ecf3cc6', 'customChange', '', 'EXECUTED', NULL, NULL, '3.6.3', '2067483847') {changeSet=migration/vault-schema.changelog-v9.xml::update-vault-states::R3.Corda, databaseChangeLog=master.changelog.json}
?[m?[37m[INFO] 11:44:44,033 [Test worker] migration.PersistentIdentityMigrationNewTable. - Migrating persistent identities with certificates table into persistent table with no certificate data. {changeSet=migration/node-services.changelog-init.xml::transfer-to-new-persistence-table::R3.Corda, databaseChangeLog=master.changelog.json}
?[m?[37m[INFO] 11:44:44,033 [Test worker] persistence.HibernateConfiguration. - Init HibernateConfiguration for schemas: [MappedSchema(name=net.corda.node.migration.PersistentIdentitiesMigrationSchema, version=1)] {changeSet=migration/node-services.changelog-init.xml::transfer-to-new-persistence-table::R3.Corda, databaseChangeLog=master.changelog.json}
?[m?[37m[INFO] 11:44:44,034 [Test worker] factory.BaseSessionFactoryFactory. - Creating session factory for schemas: [MappedSchema(name=net.corda.node.migration.PersistentIdentitiesMigrationSchema, version=1)] {changeSet=migration/node-services.changelog-init.xml::transfer-to-new-persistence-table::R3.Corda, databaseChangeLog=master.changelog.json}
?[m?[37m[INFO] 11:44:44,037 [Test worker] internal.ConnectionProviderInitiator. - HHH000130: Instantiating explicit connection provider: net.corda.nodeapi.internal.persistence.HibernateConfiguration$NodeDatabaseConnectionProvider {changeSet=migration/node-services.changelog-init.xml::transfer-to-new-persistence-table::R3.Corda, databaseChangeLog=master.changelog.json}
?[m?[37m[INFO] 11:44:44,037 [Test worker] dialect.Dialect. - HHH000400: Using dialect: org.hibernate.dialect.H2Dialect {changeSet=migration/node-services.changelog-init.xml::transfer-to-new-persistence-table::R3.Corda, databaseChangeLog=master.changelog.json}
?[m?[37m[INFO] 11:44:44,047 [Test worker] connections.access. - HHH10001501: Connection obtained from JdbcConnectionAccess [org.hibernate.engine.jdbc.env.internal.JdbcEnvironmentInitiator$ConnectionProviderJdbcConnectionAccess@52286a72] for (non-JTA) DDL execution was not in auto-commit mode; the Connection 'local transaction' will be committed and the Connection will be set into auto-commit mode. {changeSet=migration/node-services.changelog-init.xml::transfer-to-new-persistence-table::R3.Corda, databaseChangeLog=master.changelog.json}
?[m?[37m[INFO] 11:44:44,059 [Test worker] internal.JtaPlatformInitiator. - HHH000490: Using JtaPlatform implementation: [org.hibernate.engine.transaction.jta.platform.internal.NoJtaPlatform] {changeSet=migration/node-services.changelog-init.xml::transfer-to-new-persistence-table::R3.Corda, databaseChangeLog=master.changelog.json}
?[m?[37m[INFO] 11:44:44,059 [Test worker] factory.BaseSessionFactoryFactory. - Created session factory for schemas: [MappedSchema(name=net.corda.node.migration.PersistentIdentitiesMigrationSchema, version=1)] {changeSet=migration/node-services.changelog-init.xml::transfer-to-new-persistence-table::R3.Corda, databaseChangeLog=master.changelog.json}
?[m?[37m[INFO] 11:44:44,060 [Test worker] changelog.ChangeSet. - null {changeSet=migration/node-services.changelog-init.xml::transfer-to-new-persistence-table::R3.Corda, databaseChangeLog=master.changelog.json}
?[m?[37m[INFO] 11:44:44,060 [Test worker] changelog.ChangeSet. - ChangeSet migration/node-services.changelog-init.xml::transfer-to-new-persistence-table::R3.Corda ran successfully in 27ms {changeSet=migration/node-services.changelog-init.xml::transfer-to-new-persistence-table::R3.Corda, databaseChangeLog=master.changelog.json}
?[m?[37m[INFO] 11:44:44,060 [Test worker] jvm.JdbcExecutor. - INSERT INTO PUBLIC.DATABASECHANGELOG (ID, AUTHOR, FILENAME, DATEEXECUTED, ORDEREXECUTED, MD5SUM, DESCRIPTION, COMMENTS, EXECTYPE, CONTEXTS, LABELS, LIQUIBASE, DEPLOYMENT_ID) VALUES ('transfer-to-new-persistence-table', 'R3.Corda', 'migration/node-services.changelog-init.xml', NOW(), 93, '8:dc5c1913b593f4a2b95ddca810da11ba', 'customChange', '', 'EXECUTED', NULL, NULL, '3.6.3', '2067483847') {changeSet=migration/node-services.changelog-init.xml::transfer-to-new-persistence-table::R3.Corda, databaseChangeLog=master.changelog.json}
?[m?[37m[INFO] 11:44:44,060 [Test worker] lockservice.StandardLockService. - Successfully released change log lock
?[m?[37m[INFO] 11:44:44,061 [Test worker] internal.InternalMockNetwork$MockNode. - Connected to H2 database.
?[m?[37m[INFO] 11:44:44,061 [Test worker] persistence.HibernateConfiguration. - Init HibernateConfiguration for schemas: [CommonSchemaV1(name=net.corda.core.schemas.CommonSchema, version=1), VaultSchemaV1(name=net.corda.node.services.vault.VaultSchema, version=1), NodeInfoSchemaV1(name=net.corda.node.internal.schemas.NodeInfoSchema, version=1), NodeCoreV1(name=net.corda.node.services.schema.NodeSchemaService$NodeCore, version=1), AccountsContractsSchemaV1(name=com.r3.corda.lib.accounts.contracts.internal.schemas.AccountsContractsSchema, version=1), AccountsWorkflowsSchemaV1(name=com.r3.corda.lib.accounts.workflows.internal.schemas.AccountsWorkflowsSchema, version=1), FungibleTokenSchemaV1(name=com.r3.corda.lib.tokens.contracts.internal.schemas.FungibleTokenSchema, version=1), NonFungibleTokenSchemaV1(name=com.r3.corda.lib.tokens.contracts.internal.schemas.NonFungibleTokenSchema, version=1), TokenSchemaV1(name=com.r3.corda.lib.tokens.contracts.schemas.TokenSchema, version=1), DistributionRecordSchemaV1(name=com.r3.corda.lib.tokens.workflows.internal.schemas.DistributionRecordSchema, version=1)]
?[m?[37m[INFO] 11:44:44,061 [Test worker] factory.BaseSessionFactoryFactory. - Creating session factory for schemas: [CommonSchemaV1(name=net.corda.core.schemas.CommonSchema, version=1), VaultSchemaV1(name=net.corda.node.services.vault.VaultSchema, version=1), NodeInfoSchemaV1(name=net.corda.node.internal.schemas.NodeInfoSchema, version=1), NodeCoreV1(name=net.corda.node.services.schema.NodeSchemaService$NodeCore, version=1), AccountsContractsSchemaV1(name=com.r3.corda.lib.accounts.contracts.internal.schemas.AccountsContractsSchema, version=1), AccountsWorkflowsSchemaV1(name=com.r3.corda.lib.accounts.workflows.internal.schemas.AccountsWorkflowsSchema, version=1), FungibleTokenSchemaV1(name=com.r3.corda.lib.tokens.contracts.internal.schemas.FungibleTokenSchema, version=1), NonFungibleTokenSchemaV1(name=com.r3.corda.lib.tokens.contracts.internal.schemas.NonFungibleTokenSchema, version=1), TokenSchemaV1(name=com.r3.corda.lib.tokens.contracts.schemas.TokenSchema, version=1), DistributionRecordSchemaV1(name=com.r3.corda.lib.tokens.workflows.internal.schemas.DistributionRecordSchema, version=1)]
?[m?[37m[INFO] 11:44:44,065 [Test worker] internal.ConnectionProviderInitiator. - HHH000130: Instantiating explicit connection provider: net.corda.nodeapi.internal.persistence.HibernateConfiguration$NodeDatabaseConnectionProvider
?[m?[37m[INFO] 11:44:44,065 [Test worker] dialect.Dialect. - HHH000400: Using dialect: org.hibernate.dialect.H2Dialect
?[m?[37m[INFO] 11:44:44,092 [Test worker] connections.access. - HHH10001501: Connection obtained from JdbcConnectionAccess [org.hibernate.engine.jdbc.env.internal.JdbcEnvironmentInitiator$ConnectionProviderJdbcConnectionAccess@57959a11] for (non-JTA) DDL execution was not in auto-commit mode; the Connection 'local transaction' will be committed and the Connection will be set into auto-commit mode.
?[m?[37m[INFO] 11:44:44,113 [Test worker] internal.JtaPlatformInitiator. - HHH000490: Using JtaPlatform implementation: [org.hibernate.engine.transaction.jta.platform.internal.NoJtaPlatform]
?[m?[37m[INFO] 11:44:44,113 [Test worker] factory.BaseSessionFactoryFactory. - Created session factory for schemas: [CommonSchemaV1(name=net.corda.core.schemas.CommonSchema, version=1), VaultSchemaV1(name=net.corda.node.services.vault.VaultSchema, version=1), NodeInfoSchemaV1(name=net.corda.node.internal.schemas.NodeInfoSchema, version=1), NodeCoreV1(name=net.corda.node.services.schema.NodeSchemaService$NodeCore, version=1), AccountsContractsSchemaV1(name=com.r3.corda.lib.accounts.contracts.internal.schemas.AccountsContractsSchema, version=1), AccountsWorkflowsSchemaV1(name=com.r3.corda.lib.accounts.workflows.internal.schemas.AccountsWorkflowsSchema, version=1), FungibleTokenSchemaV1(name=com.r3.corda.lib.tokens.contracts.internal.schemas.FungibleTokenSchema, version=1), NonFungibleTokenSchemaV1(name=com.r3.corda.lib.tokens.contracts.internal.schemas.NonFungibleTokenSchema, version=1), TokenSchemaV1(name=com.r3.corda.lib.tokens.contracts.schemas.TokenSchema, version=1), DistributionRecordSchemaV1(name=com.r3.corda.lib.tokens.workflows.internal.schemas.DistributionRecordSchema, version=1)]
?[m?[37m[INFO] 11:44:44,113 [Test worker] internal.InternalMockNetwork$MockNode. - identity-private-key not found in key store, generating fresh key!
?[m?[37m[INFO] 11:44:44,123 [Test worker] internal.InternalMockNetwork$MockNode. - Node-info has changed so submitting update. Old node-info was null
?[m?[37m[INFO] 11:44:44,123 [Test worker] network.PersistentNetworkMapCache. - Adding node with info: NodeInfo(addresses=[mock.node:1000], legalIdentitiesAndCerts=[O=ALICE, L=London, C=GB], platformVersion=7, serial=1602067484123)
?[m?[37m[INFO] 11:44:44,124 [Test worker] network.PersistentNetworkMapCache. - No previous node found for O=ALICE, L=London, C=GB
?[m?[37m[INFO] 11:44:44,125 [Test worker] internal.InternalMockNetwork$MockNode. - New node-info: NodeInfo(addresses=[mock.node:1000], legalIdentitiesAndCerts=[O=ALICE, L=London, C=GB], platformVersion=7, serial=1602067484123)
?[m?[37m[INFO] 11:44:44,127 [Test worker] network.NetworkMapUpdater. - Auto-accept enabled for network parameter changes which modify only: [epoch, modifiedTime, packageOwnership, whitelistedContractImplementations]
?[m?[37m[INFO] 11:44:44,127 [Test worker] internal.MockNodeMessagingService. - Status change to true
?[m?[37m[INFO] 11:44:44,127 [Test worker] internal.InternalMockNetwork$MockNode. - MessagingService active change to: true
?[m?[37m[INFO] 11:44:44,128 [MockNode-53-2] network.PersistentNetworkMapCache. - Adding node with info: NodeInfo(addresses=[mock.node:1000], legalIdentitiesAndCerts=[O=ALICE, L=London, C=GB], platformVersion=7, serial=1602067484123)
?[m?[37m[INFO] 11:44:44,129 [MockNode-53-2] network.PersistentNetworkMapCache. - Previous node was identical to incoming one - doing nothing
?[m?[37m[INFO] 11:44:44,139 [Test worker] ClassloaderUtils. - Contracts loading for '/var/folders/25/rhm4m5t16xjclwm998ppz_b40000gp/T/attachment1214350655108880417.jar' took 2 msec
?[m?[37m[INFO] 11:44:44,145 [Test worker] persistence.NodeAttachmentService. - Stored new attachment: id=D370FD972C7E07CE73F4F9B7886D226807F6B16C4EE287398B9C69384109DC14 uploader=app filename=Accounts SDK - States and Contracts
?[m?[37m[INFO] 11:44:44,150 [Test worker] ClassloaderUtils. - Contracts loading for '/var/folders/25/rhm4m5t16xjclwm998ppz_b40000gp/T/attachment5611001002988254476.jar' took 3 msec
?[m?[37m[INFO] 11:44:44,163 [Test worker] persistence.NodeAttachmentService. - Stored new attachment: id=A836B59D71384FC77EEE038AD03646FE8D1634D6C63B09FF03D29AA107D55B81 uploader=app filename=re-issuance - contracts
?[m?[37m[INFO] 11:44:44,167 [Test worker] ClassloaderUtils. - Contracts loading for '/var/folders/25/rhm4m5t16xjclwm998ppz_b40000gp/T/attachment2862358406391152727.jar' took 2 msec
?[m?[37m[INFO] 11:44:44,179 [Test worker] persistence.NodeAttachmentService. - Stored new attachment: id=34705DC9A2C8599998BBDBA7C3D13609AF04D8B3A772F7134D685ECC926D8320 uploader=app filename=Token SDK Contracts
?[m?[37m[INFO] 11:44:44,180 [Test worker] internal.InternalMockNetwork$MockNode. - Installed com.r3.corda.lib.accounts.workflows.services.KeyManagementBackedAccountService Corda service
?[m?[37m[INFO] 11:44:44,180 [Test worker] internal.InternalMockNetwork$MockNode. - Installed com.r3.corda.lib.tokens.selection.memory.services.VaultMigratorService Corda service
?[m?[37m[INFO] 11:44:44,180 [Test worker] cordapp.CordappConfigFileProvider. - Found config for cordapp tokens-workflows-1.2 in build/mock-network/20201007-104441.993/nodes/2/cordapps/config/tokens-workflows-1.2.conf
?[m?[31m[WARN] 11:44:44,180 [Test worker] inMemoryConfigSelectionLogger. - Did not detect a configuration for InMemory selection - enabling memory usage for token indexing. Please set stateSelection.inMemory.enabled to "false" to disable this
?[m?[31m[WARN] 11:44:44,180 [Test worker] inMemoryConfigSelectionLogger. - No indexing method specified. Indexes will be created at run-time for each invocation of selectTokens
?[m?[37m[INFO] 11:44:44,180 [Test worker] inMemoryConfigSelectionLogger. - Found in memory token selection configuration with values indexing strategy: [], cacheSize: 1024
?[m?[31m[WARN] 11:44:44,180 [Test worker] vault.NodeVaultService. - trackBy is called with an already existing, open DB transaction. As a result, there might be states missing from both the snapshot and observable, included in the returned data feed, because of race conditions.
?[m?[31m[WARN] 11:44:44,182 [Test worker] inMemoryConfigSelectionLogger. - Did not detect a configuration for InMemory selection - enabling memory usage for token indexing. Please set stateSelection.inMemory.enabled to "false" to disable this
?[m?[31m[WARN] 11:44:44,182 [Test worker] inMemoryConfigSelectionLogger. - No indexing method specified. Indexes will be created at run-time for each invocation of selectTokens
?[m?[37m[INFO] 11:44:44,182 [Test worker] inMemoryConfigSelectionLogger. - Found in memory token selection configuration with values indexing strategy: [], cacheSize: 1024
?[m?[37m[INFO] 11:44:44,182 [Test worker] services.VaultWatcherService. - Starting async token loading from vault
?[m?[37m[INFO] 11:44:44,182 [Test worker] internal.InternalMockNetwork$MockNode. - Installed com.r3.corda.lib.tokens.selection.memory.services.VaultWatcherService Corda service
?[m?[37m[INFO] 11:44:44,182 [Test worker] internal.InternalMockNetwork$MockNode. - Installed com.r3.dr.ledgergraph.attachment.AttachmentReaderService Corda service
?[m?[37m[INFO] 11:44:44,182 [Test worker] internal.InternalMockNetwork$MockNode. - Installed com.r3.dr.ledgergraph.networkparameters.NetworkParametersReaderService Corda service
?[m?[37m[INFO] 11:44:44,182 [Test worker] internal.InternalMockNetwork$MockNode. - Installed com.r3.dr.ledgergraph.services.ConfigurationService Corda service
?[m?[37m[INFO] 11:44:44,182 [Test worker] internal.InternalMockNetwork$MockNode. - Installed com.r3.dr.ledgergraph.services.LedgerGraphJMXService Corda service
?[m?[37m[INFO] 11:44:44,182 [Test worker] internal.InternalMockNetwork$MockNode. - Installed com.r3.dr.ledgergraph.services.LedgerGraphService Corda service
?[m?[37m[INFO] 11:44:44,182 [Test worker] internal.InternalMockNetwork$MockNode. - Installed com.r3.dr.ledgergraph.transaction.TransactionReaderService Corda service
?[m?[37m[INFO] 11:44:44,184 [pool-10-thread-1] services.VaultWatcherService. - publishing 0 to async state loading callback
?[m?[37m[INFO] 11:44:44,184 [pool-10-thread-1] services.VaultWatcherService. - received token vault update with 0 consumed states and: 0 produced states
?[m?[37m[INFO] 11:44:44,184 [pool-10-thread-1] services.VaultWatcherService. - finished token loading
?[m?[37m[INFO] 11:44:44,184 [Test worker] statemachine.SingleThreadedStateMachineManager. - Node ready, info: NodeInfo(addresses=[mock.node:1000], legalIdentitiesAndCerts=[O=ALICE, L=London, C=GB], platformVersion=7, serial=1602067484123)
?[m?[37m[INFO] 11:44:44,186 [Test worker] network.PersistentNetworkMapCache. - Adding node with info: NodeInfo(addresses=[mock.node:1000], legalIdentitiesAndCerts=[O=Notary Service, L=Zurich, C=CH], platformVersion=7, serial=1602067482713)
?[m?[37m[INFO] 11:44:44,186 [Test worker] network.PersistentNetworkMapCache. - No previous node found for O=Notary Service, L=Zurich, C=CH
?[m?[37m[INFO] 11:44:44,187 [Thread-254] cordapp.CordappConfigFileProvider. - Found config for cordapp ledger-graph-1.2-SNAPSHOT in build/mock-network/20201007-104441.993/nodes/2/cordapps/config/ledger-graph-1.2-SNAPSHOT.conf
?[m?[37m[INFO] 11:44:44,187 [Thread-254] services.LedgerGraphService. - Configured transaction iterator page size: 100.
?[m?[37m[INFO] 11:44:44,187 [Thread-254] services.LedgerGraphService. - Configured transaction iterator pool size: 10.
?[m?[37m[INFO] 11:44:44,188 [Thread-254] services.LedgerGraphService. - Getting database transaction count...
?[m?[37m[INFO] 11:44:44,189 [Thread-254] services.LedgerGraphService. - Loading 0 transactions from database...
?[m?[37m[INFO] 11:44:44,189 [Test worker] network.PersistentNetworkMapCache. - Adding node with info: NodeInfo(addresses=[mock.node:1000], legalIdentitiesAndCerts=[O=ALICE, L=London, C=GB], platformVersion=7, serial=1602067484123)
?[m?[37m[INFO] 11:44:44,189 [Test worker] network.PersistentNetworkMapCache. - No previous node found for O=ALICE, L=London, C=GB
?[m?[37m[INFO] 11:44:44,190 [Thread-254] services.LedgerGraphService. - Done loading transactions from database after 0s.
?[m?[37m[INFO] 11:44:44,190 [Thread-254] services.LedgerGraphService. - The LedgerGraph service has now successfully been initialized.
?[m?[37m[INFO] 11:44:44,192 [Test worker] network.PersistentNetworkMapCache. - Adding node with info: NodeInfo(addresses=[mock.node:1000], legalIdentitiesAndCerts=[O=ISSUER, L=London, C=GB], platformVersion=7, serial=1602067483504)
?[m?[37m[INFO] 11:44:44,193 [Test worker] network.PersistentNetworkMapCache. - No previous node found for O=ISSUER, L=London, C=GB
?[m?[37m[INFO] 11:44:44,197 [Test worker] network.PersistentNetworkMapCache. - Adding node with info: NodeInfo(addresses=[mock.node:1000], legalIdentitiesAndCerts=[O=ALICE, L=London, C=GB], platformVersion=7, serial=1602067484123)
?[m?[37m[INFO] 11:44:44,198 [Test worker] network.PersistentNetworkMapCache. - No previous node found for O=ALICE, L=London, C=GB
?[m?[37m[INFO] 11:44:44,203 [Test worker] network.PersistentNetworkMapCache. - Adding node with info: NodeInfo(addresses=[mock.node:1000], legalIdentitiesAndCerts=[O=ALICE, L=London, C=GB], platformVersion=7, serial=1602067484123)
?[m?[37m[INFO] 11:44:44,203 [Test worker] network.PersistentNetworkMapCache. - Previous node was identical to incoming one - doing nothing
?[m?[37m[INFO] 11:44:44,203 [Test worker] network.PersistentNetworkMapCache. - Adding node with info: NodeInfo(addresses=[mock.node:1000], legalIdentitiesAndCerts=[O=ALICE, L=London, C=GB], platformVersion=7, serial=1602067484123)
?[m?[37m[INFO] 11:44:44,203 [Test worker] network.PersistentNetworkMapCache. - Previous node was identical to incoming one - doing nothing
?[m?[37m[INFO] 11:44:44,223 [Test worker] cordapp.JarScanningCordappLoader. - Looking for CorDapps in [build/mock-network/20201007-104441.993/nodes/3/cordapps]
?[m?[37m[INFO] 11:44:44,224 [Test worker] cordapp.JarScanningCordappLoader. - Loading CorDapps from RestrictedURL(url=file:/Users/agnieszkaszczepanska/workspace/reissue-sample-cordapp/workflows/build/mock-network/20201007-104441.993/nodes/3/cordapps/accounts-contracts-1.0.jar, rootPackageName=null), RestrictedURL(url=file:/Users/agnieszkaszczepanska/workspace/reissue-sample-cordapp/workflows/build/mock-network/20201007-104441.993/nodes/3/cordapps/accounts-workflows-1.0.jar, rootPackageName=null), RestrictedURL(url=file:/Users/agnieszkaszczepanska/workspace/reissue-sample-cordapp/workflows/build/mock-network/20201007-104441.993/nodes/3/cordapps/reissuance-cordapp-contracts-1.0-SNAPSHOT.jar, rootPackageName=null), RestrictedURL(url=file:/Users/agnieszkaszczepanska/workspace/reissue-sample-cordapp/workflows/build/mock-network/20201007-104441.993/nodes/3/cordapps/workflows.jar, rootPackageName=null), RestrictedURL(url=file:/Users/agnieszkaszczepanska/workspace/reissue-sample-cordapp/workflows/build/mock-network/20201007-104441.993/nodes/3/cordapps/reissuance-cordapp-workflows-1.0-SNAPSHOT.jar, rootPackageName=null), RestrictedURL(url=file:/Users/agnieszkaszczepanska/workspace/reissue-sample-cordapp/workflows/build/mock-network/20201007-104441.993/nodes/3/cordapps/ci-workflows-1.0.jar, rootPackageName=null), RestrictedURL(url=file:/Users/agnieszkaszczepanska/workspace/reissue-sample-cordapp/workflows/build/mock-network/20201007-104441.993/nodes/3/cordapps/tokens-contracts-1.2.jar, rootPackageName=null), RestrictedURL(url=file:/Users/agnieszkaszczepanska/workspace/reissue-sample-cordapp/workflows/build/mock-network/20201007-104441.993/nodes/3/cordapps/tokens-workflows-1.2.jar, rootPackageName=null), RestrictedURL(url=file:/Users/agnieszkaszczepanska/workspace/reissue-sample-cordapp/workflows/build/mock-network/20201007-104441.993/nodes/3/cordapps/ledger-graph-1.2-SNAPSHOT.jar, rootPackageName=null)
?[m?[37m[INFO] 11:44:44,224 [Test worker] cordapp.JarScanningCordappLoader. - Scanning CorDapp in file:/Users/agnieszkaszczepanska/workspace/reissue-sample-cordapp/workflows/build/mock-network/20201007-104441.993/nodes/3/cordapps/accounts-contracts-1.0.jar
?[m?[37m[INFO] 11:44:44,235 [Test worker] cordapp.JarScanningCordappLoader. - Scanning CorDapp in file:/Users/agnieszkaszczepanska/workspace/reissue-sample-cordapp/workflows/build/mock-network/20201007-104441.993/nodes/3/cordapps/accounts-workflows-1.0.jar
?[m?[37m[INFO] 11:44:44,246 [Test worker] cordapp.JarScanningCordappLoader. - Scanning CorDapp in file:/Users/agnieszkaszczepanska/workspace/reissue-sample-cordapp/workflows/build/mock-network/20201007-104441.993/nodes/3/cordapps/reissuance-cordapp-contracts-1.0-SNAPSHOT.jar
?[m?[37m[INFO] 11:44:44,254 [Test worker] cordapp.JarScanningCordappLoader. - Scanning CorDapp in file:/Users/agnieszkaszczepanska/workspace/reissue-sample-cordapp/workflows/build/mock-network/20201007-104441.993/nodes/3/cordapps/workflows.jar
?[m?[37m[INFO] 11:44:44,260 [Test worker] cordapp.JarScanningCordappLoader. - Scanning CorDapp in file:/Users/agnieszkaszczepanska/workspace/reissue-sample-cordapp/workflows/build/mock-network/20201007-104441.993/nodes/3/cordapps/reissuance-cordapp-workflows-1.0-SNAPSHOT.jar
?[m?[37m[INFO] 11:44:44,270 [Test worker] cordapp.JarScanningCordappLoader. - Scanning CorDapp in file:/Users/agnieszkaszczepanska/workspace/reissue-sample-cordapp/workflows/build/mock-network/20201007-104441.993/nodes/3/cordapps/ci-workflows-1.0.jar
?[m?[37m[INFO] 11:44:44,277 [Test worker] cordapp.JarScanningCordappLoader. - Scanning CorDapp in file:/Users/agnieszkaszczepanska/workspace/reissue-sample-cordapp/workflows/build/mock-network/20201007-104441.993/nodes/3/cordapps/tokens-contracts-1.2.jar
?[m?[37m[INFO] 11:44:44,286 [Test worker] cordapp.JarScanningCordappLoader. - Scanning CorDapp in file:/Users/agnieszkaszczepanska/workspace/reissue-sample-cordapp/workflows/build/mock-network/20201007-104441.993/nodes/3/cordapps/tokens-workflows-1.2.jar
?[m?[37m[INFO] 11:44:44,309 [Test worker] cordapp.JarScanningCordappLoader. - Scanning CorDapp in file:/Users/agnieszkaszczepanska/workspace/reissue-sample-cordapp/workflows/build/mock-network/20201007-104441.993/nodes/3/cordapps/ledger-graph-1.2-SNAPSHOT.jar
?[m?[37m[INFO] 11:44:44,334 [Test worker] internal.InternalMockNetwork$MockNode. - MessagingService active change to: false
?[m?[37m[INFO] 11:44:44,335 [Test worker] internal.InternalMockNetwork$MockNode. - Flow external operation executor has a max of 2 threads
?[m?[37m[INFO] 11:44:44,335 [Test worker] internal.InternalMockNetwork$MockNode. - Node starting up ...
?[m?[37m[INFO] 11:44:44,352 [Test worker] internal.NodeFlowManager. - Registered com.r3.corda.lib.accounts.workflows.flows.ShareStateAndSyncAccounts to initiate com.r3.corda.lib.accounts.workflows.flows.ReceiveStateAndSyncAccounts (version 1)
?[m?[37m[INFO] 11:44:44,352 [Test worker] internal.NodeFlowManager. - Registered com.r3.corda.lib.accounts.workflows.flows.ShareStateWithAccount to initiate com.r3.corda.lib.accounts.workflows.flows.ReceiveStateForAccount (version 1)
?[m?[37m[INFO] 11:44:44,352 [Test worker] internal.NodeFlowManager. - Registered com.r3.corda.lib.accounts.workflows.flows.RequestAccountInfo to initiate com.r3.corda.lib.accounts.workflows.flows.RequestAccountInfoHandler (version 1)
?[m?[37m[INFO] 11:44:44,352 [Test worker] internal.NodeFlowManager. - Registered com.r3.corda.lib.accounts.workflows.flows.RequestKeyForAccount to initiate com.r3.corda.lib.accounts.workflows.flows.SendKeyForAccount (version 1)
?[m?[37m[INFO] 11:44:44,352 [Test worker] internal.NodeFlowManager. - Registered com.r3.corda.lib.accounts.workflows.flows.ShareAccountInfo to initiate com.r3.corda.lib.accounts.workflows.flows.ShareAccountInfoHandler (version 1)
?[m?[37m[INFO] 11:44:44,352 [Test worker] internal.NodeFlowManager. - Registered net.corda.samples.reissuance.IssueDemoAppTokens to initiate net.corda.samples.reissuance.IssueDemoAppTokensResponder (version 1)
?[m?[37m[INFO] 11:44:44,352 [Test worker] internal.NodeFlowManager. - Registered net.corda.samples.reissuance.MoveDemoAppTokens to initiate net.corda.samples.reissuance.MoveDemoAppTokensResponder (version 1)
?[m?[37m[INFO] 11:44:44,352 [Test worker] internal.NodeFlowManager. - Registered net.corda.samples.reissuance.RedeemDemoAppTokens to initiate net.corda.samples.reissuance.RedeemDemoAppTokensResponder (version 1)
?[m?[37m[INFO] 11:44:44,352 [Test worker] internal.NodeFlowManager. - Registered com.r3.corda.lib.reissuance.flows.DeleteReIssuedStatesAndLock to initiate com.r3.corda.lib.reissuance.flows.DeleteReIssuedStatesAndLockResponder (version 1)
?[m?[37m[INFO] 11:44:44,352 [Test worker] internal.NodeFlowManager. - Registered com.r3.corda.lib.reissuance.flows.ReIssueStates to initiate com.r3.corda.lib.reissuance.flows.ReIssueStatesResponder (version 1)
?[m?[37m[INFO] 11:44:44,352 [Test worker] internal.NodeFlowManager. - Registered com.r3.corda.lib.reissuance.flows.RequestReIssuanceAndShareRequiredTransactions to initiate com.r3.corda.lib.reissuance.flows.ReceiveSignedTransaction (version 1)
?[m?[37m[INFO] 11:44:44,352 [Test worker] internal.NodeFlowManager. - Registered com.r3.corda.lib.reissuance.flows.RejectReIssuanceRequest to initiate com.r3.corda.lib.reissuance.flows.RejectReIssuanceRequestResponder (version 1)
?[m?[37m[INFO] 11:44:44,352 [Test worker] internal.NodeFlowManager. - Registered com.r3.corda.lib.reissuance.flows.RequestReIssuance to initiate com.r3.corda.lib.reissuance.flows.RequestReIssuanceResponder (version 1)
?[m?[37m[INFO] 11:44:44,352 [Test worker] internal.NodeFlowManager. - Registered com.r3.corda.lib.reissuance.flows.UnlockReIssuedStates to initiate com.r3.corda.lib.reissuance.flows.UnlockReIssuedStatesResponder (version 1)
?[m?[37m[INFO] 11:44:44,352 [Test worker] internal.NodeFlowManager. - Registered com.r3.corda.lib.reissuance.flows.example.dummyStateRequiringAcceptance.CreateDummyStateRequiringAcceptance to initiate com.r3.corda.lib.reissuance.flows.example.dummyStateRequiringAcceptance.CreateDummyStateRequiringAcceptanceResponder (version 1)
?[m?[37m[INFO] 11:44:44,352 [Test worker] internal.NodeFlowManager. - Registered com.r3.corda.lib.reissuance.flows.example.dummyStateRequiringAcceptance.DeleteDummyStateRequiringAcceptance to initiate com.r3.corda.lib.reissuance.flows.example.dummyStateRequiringAcceptance.DeleteDummyStateRequiringAcceptanceResponder (version 1)
?[m?[37m[INFO] 11:44:44,352 [Test worker] internal.NodeFlowManager. - Registered com.r3.corda.lib.reissuance.flows.example.dummyStateRequiringAcceptance.UpdateDummyStateRequiringAcceptance to initiate com.r3.corda.lib.reissuance.flows.example.dummyStateRequiringAcceptance.UpdateDummyStateRequiringAcceptanceResponder (version 1)
?[m?[37m[INFO] 11:44:44,352 [Test worker] internal.NodeFlowManager. - Registered com.r3.corda.lib.reissuance.flows.example.dummyStateRequiringAllParticipantsSignatures.CreateDummyStateRequiringAllParticipantsSignatures to initiate com.r3.corda.lib.reissuance.flows.example.dummyStateRequiringAllParticipantsSignatures.CreateDummyStateRequiringAllParticipantsSignaturesResponder (version 1)
?[m?[37m[INFO] 11:44:44,352 [Test worker] internal.NodeFlowManager. - Registered com.r3.corda.lib.reissuance.flows.example.dummyStateRequiringAllParticipantsSignatures.DeleteDummyStateRequiringAllParticipantsSignatures to initiate com.r3.corda.lib.reissuance.flows.example.dummyStateRequiringAllParticipantsSignatures.DeleteDummyStateRequiringAllParticipantsSignaturesResponder (version 1)
?[m?[37m[INFO] 11:44:44,352 [Test worker] internal.NodeFlowManager. - Registered com.r3.corda.lib.reissuance.flows.example.dummyStateRequiringAllParticipantsSignatures.UpdateDummyStateRequiringAllParticipantsSignatures to initiate com.r3.corda.lib.reissuance.flows.example.dummyStateRequiringAllParticipantsSignatures.UpdateDummyStateRequiringAllParticipantsSignaturesResponder (version 1)
?[m?[37m[INFO] 11:44:44,352 [Test worker] internal.NodeFlowManager. - Registered com.r3.corda.lib.reissuance.flows.example.dummyStateWithInvalidEqualsMethod.CreateDummyStateWithInvalidEqualsMethod to initiate com.r3.corda.lib.reissuance.flows.example.dummyStateWithInvalidEqualsMethod.CreateDummyStateRequiringAllParticipantsSignaturesResponder (version 1)
?[m?[37m[INFO] 11:44:44,353 [Test worker] internal.NodeFlowManager. - Registered com.r3.corda.lib.reissuance.flows.example.dummyStateWithInvalidEqualsMethod.DeleteDummyStateWithInvalidEqualsMethod to initiate com.r3.corda.lib.reissuance.flows.example.dummyStateWithInvalidEqualsMethod.DeleteDummyStateRequiringAllParticipantsSignaturesResponder (version 1)
?[m?[37m[INFO] 11:44:44,353 [Test worker] internal.NodeFlowManager. - Registered com.r3.corda.lib.reissuance.flows.example.dummyStateWithInvalidEqualsMethod.UpdateDummyStateWithInvalidEqualsMethod to initiate com.r3.corda.lib.reissuance.flows.example.dummyStateWithInvalidEqualsMethod.UpdateDummyStateWithInvalidEqualsMethodResponder (version 1)
?[m?[37m[INFO] 11:44:44,353 [Test worker] internal.NodeFlowManager. - Registered com.r3.corda.lib.reissuance.flows.example.simpleDummyState.CreateSimpleDummyStateForAccount to initiate com.r3.corda.lib.reissuance.flows.example.simpleDummyState.CreateSimpleDummyStateForAccountResponder (version 1)
?[m?[37m[INFO] 11:44:44,353 [Test worker] internal.NodeFlowManager. - Registered com.r3.corda.lib.reissuance.flows.example.simpleDummyState.CreateSimpleDummyState to initiate com.r3.corda.lib.reissuance.flows.example.simpleDummyState.CreateSimpleDummyStateResponder (version 1)
?[m?[37m[INFO] 11:44:44,353 [Test worker] internal.NodeFlowManager. - Registered com.r3.corda.lib.reissuance.flows.example.simpleDummyState.DeleteSimpleDummyStateForAccount to initiate com.r3.corda.lib.reissuance.flows.example.simpleDummyState.DeleteSimpleDummyStateForAccountResponder (version 1)
?[m?[37m[INFO] 11:44:44,353 [Test worker] internal.NodeFlowManager. - Registered com.r3.corda.lib.reissuance.flows.example.simpleDummyState.DeleteSimpleDummyState to initiate com.r3.corda.lib.reissuance.flows.example.simpleDummyState.DeleteSimpleDummyStateResponder (version 1)
?[m?[37m[INFO] 11:44:44,353 [Test worker] internal.NodeFlowManager. - Registered com.r3.corda.lib.reissuance.flows.example.simpleDummyState.UpdateSimpleDummyState to initiate com.r3.corda.lib.reissuance.flows.example.simpleDummyState.SimpleDummyStateResponder (version 1)
?[m?[37m[INFO] 11:44:44,353 [Test worker] internal.NodeFlowManager. - Registered com.r3.corda.lib.reissuance.flows.example.simpleDummyState.UpdateSimpleDummyStateForAccount to initiate com.r3.corda.lib.reissuance.flows.example.simpleDummyState.UpdateSimpleDummyStateForAccountResponder (version 1)
?[m?[37m[INFO] 11:44:44,353 [Test worker] internal.NodeFlowManager. - Registered com.r3.corda.lib.reissuance.flows.example.tokens.IssueTokens to initiate com.r3.corda.lib.reissuance.flows.example.tokens.IssueTokensResponder (version 1)
?[m?[37m[INFO] 11:44:44,353 [Test worker] internal.NodeFlowManager. - Registered com.r3.corda.lib.reissuance.flows.example.tokens.RedeemTokens to initiate com.r3.corda.lib.reissuance.flows.example.tokens.RedeemTokensResponder (version 1)
?[m?[37m[INFO] 11:44:44,353 [Test worker] internal.NodeFlowManager. - Registered com.r3.corda.lib.reissuance.flows.example.tokens.TransferTokens to initiate com.r3.corda.lib.reissuance.flows.example.tokens.TransferTokensResponder (version 1)
?[m?[37m[INFO] 11:44:44,353 [Test worker] internal.NodeFlowManager. - Registered com.r3.corda.lib.ci.workflows.RequestKeyForUUIDInitiator to initiate com.r3.corda.lib.ci.workflows.RequestKeyForUUIDResponder (version 1)
?[m?[37m[INFO] 11:44:44,353 [Test worker] internal.NodeFlowManager. - Registered com.r3.corda.lib.ci.workflows.RequestKey to initiate com.r3.corda.lib.ci.workflows.RequestKeyResponder (version 1)
?[m?[37m[INFO] 11:44:44,353 [Test worker] internal.NodeFlowManager. - Registered com.r3.corda.lib.ci.workflows.SyncKeyMappingInitiator to initiate com.r3.corda.lib.ci.workflows.SyncKeyMappingResponder (version 1)
?[m?[37m[INFO] 11:44:44,353 [Test worker] internal.NodeFlowManager. - Registered com.r3.corda.lib.ci.workflows.VerifyAndAddKey to initiate com.r3.corda.lib.ci.workflows.VerifyAndAddKeyResponder (version 1)
?[m?[37m[INFO] 11:44:44,353 [Test worker] internal.NodeFlowManager. - Registered com.r3.corda.lib.tokens.workflows.flows.rpc.ConfidentialIssueTokens to initiate com.r3.corda.lib.tokens.workflows.flows.rpc.ConfidentialIssueTokensHandler (version 1)
?[m?[37m[INFO] 11:44:44,353 [Test worker] internal.NodeFlowManager. - Registered com.r3.corda.lib.tokens.workflows.flows.rpc.ConfidentialMoveFungibleTokens to initiate com.r3.corda.lib.tokens.workflows.flows.rpc.ConfidentialMoveFungibleTokensHandler (version 1)
?[m?[37m[INFO] 11:44:44,353 [Test worker] internal.NodeFlowManager. - Registered com.r3.corda.lib.tokens.workflows.flows.rpc.ConfidentialMoveNonFungibleTokens to initiate com.r3.corda.lib.tokens.workflows.flows.rpc.ConfidentialMoveNonFungibleTokensHandler (version 1)
?[m?[37m[INFO] 11:44:44,353 [Test worker] internal.NodeFlowManager. - Registered com.r3.corda.lib.tokens.workflows.flows.rpc.ConfidentialRedeemFungibleTokens to initiate com.r3.corda.lib.tokens.workflows.flows.rpc.ConfidentialRedeemFungibleTokensHandler (version 1)
?[m?[37m[INFO] 11:44:44,353 [Test worker] internal.NodeFlowManager. - Registered com.r3.corda.lib.tokens.workflows.flows.rpc.CreateEvolvableTokens to initiate com.r3.corda.lib.tokens.workflows.flows.rpc.CreateEvolvableTokensHandler (version 1)
?[m?[37m[INFO] 11:44:44,353 [Test worker] internal.NodeFlowManager. - Registered com.r3.corda.lib.tokens.workflows.flows.rpc.IssueTokens to initiate com.r3.corda.lib.tokens.workflows.flows.rpc.IssueTokensHandler (version 1)
?[m?[37m[INFO] 11:44:44,353 [Test worker] internal.NodeFlowManager. - Registered com.r3.corda.lib.tokens.workflows.flows.rpc.MoveFungibleTokens to initiate com.r3.corda.lib.tokens.workflows.flows.rpc.MoveFungibleTokensHandler (version 1)
?[m?[37m[INFO] 11:44:44,353 [Test worker] internal.NodeFlowManager. - Registered com.r3.corda.lib.tokens.workflows.flows.rpc.MoveNonFungibleTokens to initiate com.r3.corda.lib.tokens.workflows.flows.rpc.MoveNonFungibleTokensHandler (version 1)
?[m?[37m[INFO] 11:44:44,353 [Test worker] internal.NodeFlowManager. - Registered com.r3.corda.lib.tokens.workflows.flows.rpc.RedeemFungibleTokens to initiate com.r3.corda.lib.tokens.workflows.flows.rpc.RedeemFungibleTokensHandler (version 1)
?[m?[37m[INFO] 11:44:44,353 [Test worker] internal.NodeFlowManager. - Registered com.r3.corda.lib.tokens.workflows.flows.rpc.RedeemNonFungibleTokens to initiate com.r3.corda.lib.tokens.workflows.flows.rpc.RedeemNonFungibleTokensHandler (version 1)
?[m?[37m[INFO] 11:44:44,353 [Test worker] internal.NodeFlowManager. - Registered com.r3.corda.lib.tokens.workflows.flows.rpc.UpdateEvolvableToken to initiate com.r3.corda.lib.tokens.workflows.flows.rpc.UpdateEvolvableTokenHandler (version 1)
?[m?[37m[INFO] 11:44:44,353 [Test worker] internal.NodeFlowManager. - Registered com.r3.corda.lib.tokens.workflows.internal.flows.distribution.RequestAdditionToDistributionList$Initiator to initiate com.r3.corda.lib.tokens.workflows.internal.flows.distribution.RequestAdditionToDistributionList$Responder (version 1)
?[m?[37m[INFO] 11:44:44,353 [Test worker] internal.NodeFlowManager. - Registered com.r3.corda.lib.tokens.workflows.internal.flows.distribution.UpdateDistributionListFlow to initiate com.r3.corda.lib.tokens.workflows.internal.flows.distribution.UpdateDistributionListFlowHandler (version 1)
?[m?[37m[INFO] 11:44:44,353 [Test worker] internal.NodeFlowManager. - Registered com.r3.corda.lib.tokens.workflows.internal.testflows.DvPFlow to initiate com.r3.corda.lib.tokens.workflows.internal.testflows.DvPFlowHandler (version 1)
?[m?[37m[INFO] 11:44:44,354 [Test worker] internal.InternalMockNetwork$MockNode. - Loaded network parameters: NetworkParameters {
      minimumPlatformVersion=4
      notaries=[NotaryInfo(identity=O=Notary Service, L=Zurich, C=CH, validating=false)]
      maxMessageSize=10485760
      maxTransactionSize=524288000
      whitelistedContractImplementations {
        
      }
      eventHorizon=PT720H
      packageOwnership {
        
      }
      modifiedTime=2020-10-07T10:44:41.993Z
      epoch=1
  }
?[m?[37m[INFO] 11:44:44,354 [Test worker] hikari.HikariDataSource. - HikariPool-54 - Starting...
?[m?[37m[INFO] 11:44:44,355 [Test worker] hikari.HikariDataSource. - HikariPool-54 - Start completed.
?[m?[37m[INFO] 11:44:44,465 [Test worker] changelog.StandardChangeLogHistoryService. - Creating database history table with name: PUBLIC.DATABASECHANGELOG
?[m?[37m[INFO] 11:44:44,466 [Test worker] jvm.JdbcExecutor. - CREATE TABLE PUBLIC.DATABASECHANGELOG (ID VARCHAR(255) NOT NULL, AUTHOR VARCHAR(255) NOT NULL, FILENAME VARCHAR(255) NOT NULL, DATEEXECUTED TIMESTAMP NOT NULL, ORDEREXECUTED INT NOT NULL, EXECTYPE VARCHAR(10) NOT NULL, MD5SUM VARCHAR(35), DESCRIPTION VARCHAR(255), COMMENTS VARCHAR(255), TAG VARCHAR(255), LIQUIBASE VARCHAR(20), CONTEXTS VARCHAR(255), LABELS VARCHAR(255), DEPLOYMENT_ID VARCHAR(10))
?[m?[37m[INFO] 11:44:44,466 [Test worker] jvm.JdbcExecutor. - SELECT COUNT(*) FROM PUBLIC.DATABASECHANGELOG
?[m?[37m[INFO] 11:44:44,466 [Test worker] changelog.StandardChangeLogHistoryService. - Reading from PUBLIC.DATABASECHANGELOG
?[m?[37m[INFO] 11:44:44,466 [Test worker] jvm.JdbcExecutor. - SELECT * FROM PUBLIC.DATABASECHANGELOG ORDER BY DATEEXECUTED ASC, ORDEREXECUTED ASC
?[m?[37m[INFO] 11:44:44,466 [Test worker] jvm.JdbcExecutor. - SELECT COUNT(*) FROM PUBLIC.DATABASECHANGELOGLOCK
?[m?[37m[INFO] 11:44:44,466 [Test worker] jvm.JdbcExecutor. - CREATE TABLE PUBLIC.DATABASECHANGELOGLOCK (ID INT NOT NULL, LOCKED BOOLEAN NOT NULL, LOCKGRANTED TIMESTAMP, LOCKEDBY VARCHAR(255), CONSTRAINT PK_DATABASECHANGELOGLOCK PRIMARY KEY (ID))
?[m?[37m[INFO] 11:44:44,466 [Test worker] jvm.JdbcExecutor. - SELECT COUNT(*) FROM PUBLIC.DATABASECHANGELOGLOCK
?[m?[37m[INFO] 11:44:44,466 [Test worker] jvm.JdbcExecutor. - DELETE FROM PUBLIC.DATABASECHANGELOGLOCK
?[m?[37m[INFO] 11:44:44,466 [Test worker] jvm.JdbcExecutor. - INSERT INTO PUBLIC.DATABASECHANGELOGLOCK (ID, LOCKED) VALUES (1, FALSE)
?[m?[37m[INFO] 11:44:44,471 [Test worker] visitor.ValidatingVisitor. - Skipping change set migration/vault-schema.changelog-pkey.xml::non-clustered_pk-11::R3.Corda due to validation error(s): clustered is not allowed on h2 {changeSet=migration/vault-schema.changelog-pkey.xml::non-clustered_pk-11::R3.Corda, databaseChangeLog=master.changelog.json}
?[m?[37m[INFO] 11:44:44,472 [Test worker] visitor.ValidatingVisitor. - Skipping change set migration/vault-schema.changelog-pkey.xml::non-clustered_pk-12::R3.Corda due to validation error(s): clustered is not allowed on h2 {changeSet=migration/vault-schema.changelog-pkey.xml::non-clustered_pk-12::R3.Corda, databaseChangeLog=master.changelog.json}
?[m?[37m[INFO] 11:44:44,472 [Test worker] visitor.ValidatingVisitor. - Skipping change set migration/vault-schema.changelog-pkey.xml::non-clustered_pk-13::R3.Corda due to validation error(s): clustered is not allowed on h2 {changeSet=migration/vault-schema.changelog-pkey.xml::non-clustered_pk-13::R3.Corda, databaseChangeLog=master.changelog.json}
?[m?[37m[INFO] 11:44:44,481 [Test worker] visitor.ValidatingVisitor. - Skipping change set migration/node-core.changelog-pkey.xml::non-clustered_pk-1::R3.Corda due to validation error(s): clustered is not allowed on h2 {changeSet=migration/node-core.changelog-pkey.xml::non-clustered_pk-1::R3.Corda, databaseChangeLog=master.changelog.json}
?[m?[37m[INFO] 11:44:44,481 [Test worker] visitor.ValidatingVisitor. - Skipping change set migration/node-core.changelog-pkey.xml::non-clustered_pk-2::R3.Corda due to validation error(s): clustered is not allowed on h2 {changeSet=migration/node-core.changelog-pkey.xml::non-clustered_pk-2::R3.Corda, databaseChangeLog=master.changelog.json}
?[m?[37m[INFO] 11:44:44,481 [Test worker] visitor.ValidatingVisitor. - Skipping change set migration/node-core.changelog-pkey.xml::non-clustered_pk-3::R3.Corda due to validation error(s): clustered is not allowed on h2 {changeSet=migration/node-core.changelog-pkey.xml::non-clustered_pk-3::R3.Corda, databaseChangeLog=master.changelog.json}
?[m?[37m[INFO] 11:44:44,481 [Test worker] visitor.ValidatingVisitor. - Skipping change set migration/node-core.changelog-pkey.xml::non-clustered_pk-4::R3.Corda due to validation error(s): clustered is not allowed on h2 {changeSet=migration/node-core.changelog-pkey.xml::non-clustered_pk-4::R3.Corda, databaseChangeLog=master.changelog.json}
?[m?[37m[INFO] 11:44:44,482 [Test worker] visitor.ValidatingVisitor. - Skipping change set migration/node-core.changelog-pkey.xml::non-clustered_pk-5::R3.Corda due to validation error(s): clustered is not allowed on h2 {changeSet=migration/node-core.changelog-pkey.xml::non-clustered_pk-5::R3.Corda, databaseChangeLog=master.changelog.json}
?[m?[37m[INFO] 11:44:44,482 [Test worker] visitor.ValidatingVisitor. - Skipping change set migration/node-core.changelog-pkey.xml::non-clustered_pk-6::R3.Corda due to validation error(s): clustered is not allowed on h2 {changeSet=migration/node-core.changelog-pkey.xml::non-clustered_pk-6::R3.Corda, databaseChangeLog=master.changelog.json}
?[m?[37m[INFO] 11:44:44,482 [Test worker] visitor.ValidatingVisitor. - Skipping change set migration/node-core.changelog-pkey.xml::non-clustered_pk-7::R3.Corda due to validation error(s): clustered is not allowed on h2 {changeSet=migration/node-core.changelog-pkey.xml::non-clustered_pk-7::R3.Corda, databaseChangeLog=master.changelog.json}
?[m?[37m[INFO] 11:44:44,485 [Test worker] jvm.JdbcExecutor. - SELECT COUNT(*) FROM PUBLIC.DATABASECHANGELOGLOCK
?[m?[37m[INFO] 11:44:44,485 [Test worker] jvm.JdbcExecutor. - SELECT LOCKED FROM PUBLIC.DATABASECHANGELOGLOCK WHERE ID=1
?[m?[37m[INFO] 11:44:44,485 [Test worker] lockservice.StandardLockService. - Successfully acquired change log lock
?[m?[37m[INFO] 11:44:44,488 [Test worker] visitor.ValidatingVisitor. - Skipping change set migration/vault-schema.changelog-pkey.xml::non-clustered_pk-11::R3.Corda due to validation error(s): clustered is not allowed on h2 {changeSet=migration/vault-schema.changelog-pkey.xml::non-clustered_pk-11::R3.Corda, databaseChangeLog=master.changelog.json}
?[m?[37m[INFO] 11:44:44,488 [Test worker] visitor.ValidatingVisitor. - Skipping change set migration/vault-schema.changelog-pkey.xml::non-clustered_pk-12::R3.Corda due to validation error(s): clustered is not allowed on h2 {changeSet=migration/vault-schema.changelog-pkey.xml::non-clustered_pk-12::R3.Corda, databaseChangeLog=master.changelog.json}
?[m?[37m[INFO] 11:44:44,488 [Test worker] visitor.ValidatingVisitor. - Skipping change set migration/vault-schema.changelog-pkey.xml::non-clustered_pk-13::R3.Corda due to validation error(s): clustered is not allowed on h2 {changeSet=migration/vault-schema.changelog-pkey.xml::non-clustered_pk-13::R3.Corda, databaseChangeLog=master.changelog.json}
?[m?[37m[INFO] 11:44:44,492 [Test worker] visitor.ValidatingVisitor. - Skipping change set migration/node-core.changelog-pkey.xml::non-clustered_pk-1::R3.Corda due to validation error(s): clustered is not allowed on h2 {changeSet=migration/node-core.changelog-pkey.xml::non-clustered_pk-1::R3.Corda, databaseChangeLog=master.changelog.json}
?[m?[37m[INFO] 11:44:44,492 [Test worker] visitor.ValidatingVisitor. - Skipping change set migration/node-core.changelog-pkey.xml::non-clustered_pk-2::R3.Corda due to validation error(s): clustered is not allowed on h2 {changeSet=migration/node-core.changelog-pkey.xml::non-clustered_pk-2::R3.Corda, databaseChangeLog=master.changelog.json}
?[m?[37m[INFO] 11:44:44,492 [Test worker] visitor.ValidatingVisitor. - Skipping change set migration/node-core.changelog-pkey.xml::non-clustered_pk-3::R3.Corda due to validation error(s): clustered is not allowed on h2 {changeSet=migration/node-core.changelog-pkey.xml::non-clustered_pk-3::R3.Corda, databaseChangeLog=master.changelog.json}
?[m?[37m[INFO] 11:44:44,492 [Test worker] visitor.ValidatingVisitor. - Skipping change set migration/node-core.changelog-pkey.xml::non-clustered_pk-4::R3.Corda due to validation error(s): clustered is not allowed on h2 {changeSet=migration/node-core.changelog-pkey.xml::non-clustered_pk-4::R3.Corda, databaseChangeLog=master.changelog.json}
?[m?[37m[INFO] 11:44:44,493 [Test worker] visitor.ValidatingVisitor. - Skipping change set migration/node-core.changelog-pkey.xml::non-clustered_pk-5::R3.Corda due to validation error(s): clustered is not allowed on h2 {changeSet=migration/node-core.changelog-pkey.xml::non-clustered_pk-5::R3.Corda, databaseChangeLog=master.changelog.json}
?[m?[37m[INFO] 11:44:44,493 [Test worker] visitor.ValidatingVisitor. - Skipping change set migration/node-core.changelog-pkey.xml::non-clustered_pk-6::R3.Corda due to validation error(s): clustered is not allowed on h2 {changeSet=migration/node-core.changelog-pkey.xml::non-clustered_pk-6::R3.Corda, databaseChangeLog=master.changelog.json}
?[m?[37m[INFO] 11:44:44,493 [Test worker] visitor.ValidatingVisitor. - Skipping change set migration/node-core.changelog-pkey.xml::non-clustered_pk-7::R3.Corda due to validation error(s): clustered is not allowed on h2 {changeSet=migration/node-core.changelog-pkey.xml::non-clustered_pk-7::R3.Corda, databaseChangeLog=master.changelog.json}
?[m?[37m[INFO] 11:44:44,494 [Test worker] jvm.JdbcExecutor. - SELECT SEQUENCE_NAME FROM INFORMATION_SCHEMA.SEQUENCES WHERE SEQUENCE_SCHEMA = 'null' AND IS_GENERATED=FALSE {changeSet=migration/common.changelog-init.xml::1511451595465-1.1::R3.Corda, databaseChangeLog=master.changelog.json}
?[m?[37m[INFO] 11:44:44,495 [Test worker] jvm.JdbcExecutor. - SELECT SEQUENCE_NAME FROM INFORMATION_SCHEMA.SEQUENCES WHERE SEQUENCE_SCHEMA = 'PUBLIC' AND IS_GENERATED=FALSE {changeSet=migration/common.changelog-init.xml::1511451595465-1.1::R3.Corda, databaseChangeLog=master.changelog.json}
?[m?[37m[INFO] 11:44:44,495 [Test worker] jvm.JdbcExecutor. - CREATE SEQUENCE PUBLIC.hibernate_sequence {changeSet=migration/common.changelog-init.xml::1511451595465-1.1::R3.Corda, databaseChangeLog=master.changelog.json}
?[m?[37m[INFO] 11:44:44,495 [Test worker] changelog.ChangeSet. - Sequence hibernate_sequence created {changeSet=migration/common.changelog-init.xml::1511451595465-1.1::R3.Corda, databaseChangeLog=master.changelog.json}
?[m?[37m[INFO] 11:44:44,495 [Test worker] changelog.ChangeSet. - ChangeSet migration/common.changelog-init.xml::1511451595465-1.1::R3.Corda ran successfully in 1ms {changeSet=migration/common.changelog-init.xml::1511451595465-1.1::R3.Corda, databaseChangeLog=master.changelog.json}
?[m?[37m[INFO] 11:44:44,495 [Test worker] jvm.JdbcExecutor. - SELECT MAX(ORDEREXECUTED) FROM PUBLIC.DATABASECHANGELOG {changeSet=migration/common.changelog-init.xml::1511451595465-1.1::R3.Corda, databaseChangeLog=master.changelog.json}
?[m?[37m[INFO] 11:44:44,497 [Test worker] jvm.JdbcExecutor. - INSERT INTO PUBLIC.DATABASECHANGELOG (ID, AUTHOR, FILENAME, DATEEXECUTED, ORDEREXECUTED, MD5SUM, DESCRIPTION, COMMENTS, EXECTYPE, CONTEXTS, LABELS, LIQUIBASE, DEPLOYMENT_ID) VALUES ('1511451595465-1.1', 'R3.Corda', 'migration/common.changelog-init.xml', NOW(), 1, '8:9df4ee4464a4a10dfcf2717c73a52620', 'createSequence sequenceName=hibernate_sequence', '', 'EXECUTED', NULL, NULL, '3.6.3', '2067484486') {changeSet=migration/common.changelog-init.xml::1511451595465-1.1::R3.Corda, databaseChangeLog=master.changelog.json}
?[m?[37m[INFO] 11:44:44,497 [Test worker] jvm.JdbcExecutor. - CREATE TABLE PUBLIC.vault_fungible_states (output_index INT NOT NULL, transaction_id NVARCHAR(64) NOT NULL, issuer_name NVARCHAR(255), issuer_ref VARBINARY(512), owner_name NVARCHAR(255), quantity BIGINT) {changeSet=migration/vault-schema.changelog-init.xml::1511451595465-22::R3.Corda, databaseChangeLog=master.changelog.json}
?[m?[37m[INFO] 11:44:44,498 [Test worker] changelog.ChangeSet. - Table vault_fungible_states created {changeSet=migration/vault-schema.changelog-init.xml::1511451595465-22::R3.Corda, databaseChangeLog=master.changelog.json}
?[m?[37m[INFO] 11:44:44,498 [Test worker] changelog.ChangeSet. - ChangeSet migration/vault-schema.changelog-init.xml::1511451595465-22::R3.Corda ran successfully in 1ms {changeSet=migration/vault-schema.changelog-init.xml::1511451595465-22::R3.Corda, databaseChangeLog=master.changelog.json}
?[m?[37m[INFO] 11:44:44,498 [Test worker] jvm.JdbcExecutor. - INSERT INTO PUBLIC.DATABASECHANGELOG (ID, AUTHOR, FILENAME, DATEEXECUTED, ORDEREXECUTED, MD5SUM, DESCRIPTION, COMMENTS, EXECTYPE, CONTEXTS, LABELS, LIQUIBASE, DEPLOYMENT_ID) VALUES ('1511451595465-22', 'R3.Corda', 'migration/vault-schema.changelog-init.xml', NOW(), 2, '8:4ae481f11ac84744a4392bbfd533fa75', 'createTable tableName=vault_fungible_states', '', 'EXECUTED', NULL, NULL, '3.6.3', '2067484486') {changeSet=migration/vault-schema.changelog-init.xml::1511451595465-22::R3.Corda, databaseChangeLog=master.changelog.json}
?[m?[37m[INFO] 11:44:44,498 [Test worker] jvm.JdbcExecutor. - CREATE TABLE PUBLIC.vault_fungible_states_parts (output_index INT NOT NULL, transaction_id NVARCHAR(64) NOT NULL, participants NVARCHAR(255)) {changeSet=migration/vault-schema.changelog-init.xml::1511451595465-23::R3.Corda, databaseChangeLog=master.changelog.json}
?[m?[37m[INFO] 11:44:44,499 [Test worker] changelog.ChangeSet. - Table vault_fungible_states_parts created {changeSet=migration/vault-schema.changelog-init.xml::1511451595465-23::R3.Corda, databaseChangeLog=master.changelog.json}
?[m?[37m[INFO] 11:44:44,499 [Test worker] changelog.ChangeSet. - ChangeSet migration/vault-schema.changelog-init.xml::1511451595465-23::R3.Corda ran successfully in 1ms {changeSet=migration/vault-schema.changelog-init.xml::1511451595465-23::R3.Corda, databaseChangeLog=master.changelog.json}
?[m?[37m[INFO] 11:44:44,499 [Test worker] jvm.JdbcExecutor. - INSERT INTO PUBLIC.DATABASECHANGELOG (ID, AUTHOR, FILENAME, DATEEXECUTED, ORDEREXECUTED, MD5SUM, DESCRIPTION, COMMENTS, EXECTYPE, CONTEXTS, LABELS, LIQUIBASE, DEPLOYMENT_ID) VALUES ('1511451595465-23', 'R3.Corda', 'migration/vault-schema.changelog-init.xml', NOW(), 3, '8:3222255d3b2e04b9dfad42d9acab103e', 'createTable tableName=vault_fungible_states_parts', '', 'EXECUTED', NULL, NULL, '3.6.3', '2067484486') {changeSet=migration/vault-schema.changelog-init.xml::1511451595465-23::R3.Corda, databaseChangeLog=master.changelog.json}
?[m?[37m[INFO] 11:44:44,499 [Test worker] jvm.JdbcExecutor. - CREATE TABLE PUBLIC.vault_linear_states (output_index INT NOT NULL, transaction_id NVARCHAR(64) NOT NULL, external_id NVARCHAR(255), uuid VARCHAR(255) NOT NULL) {changeSet=migration/vault-schema.changelog-init.xml::1511451595465-24::R3.Corda, databaseChangeLog=master.changelog.json}
?[m?[37m[INFO] 11:44:44,499 [Test worker] changelog.ChangeSet. - Table vault_linear_states created {changeSet=migration/vault-schema.changelog-init.xml::1511451595465-24::R3.Corda, databaseChangeLog=master.changelog.json}
?[m?[37m[INFO] 11:44:44,499 [Test worker] changelog.ChangeSet. - ChangeSet migration/vault-schema.changelog-init.xml::1511451595465-24::R3.Corda ran successfully in 0ms {changeSet=migration/vault-schema.changelog-init.xml::1511451595465-24::R3.Corda, databaseChangeLog=master.changelog.json}
?[m?[37m[INFO] 11:44:44,499 [Test worker] jvm.JdbcExecutor. - INSERT INTO PUBLIC.DATABASECHANGELOG (ID, AUTHOR, FILENAME, DATEEXECUTED, ORDEREXECUTED, MD5SUM, DESCRIPTION, COMMENTS, EXECTYPE, CONTEXTS, LABELS, LIQUIBASE, DEPLOYMENT_ID) VALUES ('1511451595465-24', 'R3.Corda', 'migration/vault-schema.changelog-init.xml', NOW(), 4, '8:fb2c5b52213239424320d137dc22059b', 'createTable tableName=vault_linear_states', '', 'EXECUTED', NULL, NULL, '3.6.3', '2067484486') {changeSet=migration/vault-schema.changelog-init.xml::1511451595465-24::R3.Corda, databaseChangeLog=master.changelog.json}
?[m?[37m[INFO] 11:44:44,500 [Test worker] jvm.JdbcExecutor. - CREATE TABLE PUBLIC.vault_linear_states_parts (output_index INT NOT NULL, transaction_id NVARCHAR(64) NOT NULL, participants NVARCHAR(255)) {changeSet=migration/vault-schema.changelog-init.xml::1511451595465-25::R3.Corda, databaseChangeLog=master.changelog.json}
?[m?[37m[INFO] 11:44:44,500 [Test worker] changelog.ChangeSet. - Table vault_linear_states_parts created {changeSet=migration/vault-schema.changelog-init.xml::1511451595465-25::R3.Corda, databaseChangeLog=master.changelog.json}
?[m?[37m[INFO] 11:44:44,500 [Test worker] changelog.ChangeSet. - ChangeSet migration/vault-schema.changelog-init.xml::1511451595465-25::R3.Corda ran successfully in 1ms {changeSet=migration/vault-schema.changelog-init.xml::1511451595465-25::R3.Corda, databaseChangeLog=master.changelog.json}
?[m?[37m[INFO] 11:44:44,500 [Test worker] jvm.JdbcExecutor. - INSERT INTO PUBLIC.DATABASECHANGELOG (ID, AUTHOR, FILENAME, DATEEXECUTED, ORDEREXECUTED, MD5SUM, DESCRIPTION, COMMENTS, EXECTYPE, CONTEXTS, LABELS, LIQUIBASE, DEPLOYMENT_ID) VALUES ('1511451595465-25', 'R3.Corda', 'migration/vault-schema.changelog-init.xml', NOW(), 5, '8:ccb2ca1b37c0eeb2ac12506f17bc8ee0', 'createTable tableName=vault_linear_states_parts', '', 'EXECUTED', NULL, NULL, '3.6.3', '2067484486') {changeSet=migration/vault-schema.changelog-init.xml::1511451595465-25::R3.Corda, databaseChangeLog=master.changelog.json}
?[m?[37m[INFO] 11:44:44,500 [Test worker] jvm.JdbcExecutor. - CREATE TABLE PUBLIC.vault_states (output_index INT NOT NULL, transaction_id NVARCHAR(64) NOT NULL, consumed_timestamp TIMESTAMP, contract_state_class_name NVARCHAR(255), lock_id NVARCHAR(255), lock_timestamp TIMESTAMP, notary_name NVARCHAR(255), recorded_timestamp TIMESTAMP, state_status INT) {changeSet=migration/vault-schema.changelog-init.xml::1511451595465-26::R3.Corda, databaseChangeLog=master.changelog.json}
?[m?[37m[INFO] 11:44:44,500 [Test worker] changelog.ChangeSet. - Table vault_states created {changeSet=migration/vault-schema.changelog-init.xml::1511451595465-26::R3.Corda, databaseChangeLog=master.changelog.json}
?[m?[37m[INFO] 11:44:44,500 [Test worker] changelog.ChangeSet. - ChangeSet migration/vault-schema.changelog-init.xml::1511451595465-26::R3.Corda ran successfully in 0ms {changeSet=migration/vault-schema.changelog-init.xml::1511451595465-26::R3.Corda, databaseChangeLog=master.changelog.json}
?[m?[37m[INFO] 11:44:44,500 [Test worker] jvm.JdbcExecutor. - INSERT INTO PUBLIC.DATABASECHANGELOG (ID, AUTHOR, FILENAME, DATEEXECUTED, ORDEREXECUTED, MD5SUM, DESCRIPTION, COMMENTS, EXECTYPE, CONTEXTS, LABELS, LIQUIBASE, DEPLOYMENT_ID) VALUES ('1511451595465-26', 'R3.Corda', 'migration/vault-schema.changelog-init.xml', NOW(), 6, '8:971edadc2af9e847ed490f418530d40b', 'createTable tableName=vault_states', '', 'EXECUTED', NULL, NULL, '3.6.3', '2067484486') {changeSet=migration/vault-schema.changelog-init.xml::1511451595465-26::R3.Corda, databaseChangeLog=master.changelog.json}
?[m?[37m[INFO] 11:44:44,501 [Test worker] jvm.JdbcExecutor. - CREATE TABLE PUBLIC.vault_transaction_notes (seq_no INT NOT NULL, note NVARCHAR(255), transaction_id NVARCHAR(64)) {changeSet=migration/vault-schema.changelog-init.xml::1511451595465-27::R3.Corda, databaseChangeLog=master.changelog.json}
?[m?[37m[INFO] 11:44:44,501 [Test worker] changelog.ChangeSet. - Table vault_transaction_notes created {changeSet=migration/vault-schema.changelog-init.xml::1511451595465-27::R3.Corda, databaseChangeLog=master.changelog.json}
?[m?[37m[INFO] 11:44:44,501 [Test worker] changelog.ChangeSet. - ChangeSet migration/vault-schema.changelog-init.xml::1511451595465-27::R3.Corda ran successfully in 0ms {changeSet=migration/vault-schema.changelog-init.xml::1511451595465-27::R3.Corda, databaseChangeLog=master.changelog.json}
?[m?[37m[INFO] 11:44:44,501 [Test worker] jvm.JdbcExecutor. - INSERT INTO PUBLIC.DATABASECHANGELOG (ID, AUTHOR, FILENAME, DATEEXECUTED, ORDEREXECUTED, MD5SUM, DESCRIPTION, COMMENTS, EXECTYPE, CONTEXTS, LABELS, LIQUIBASE, DEPLOYMENT_ID) VALUES ('1511451595465-27', 'R3.Corda', 'migration/vault-schema.changelog-init.xml', NOW(), 7, '8:7a8064e58d100a02ed56e538122296e4', 'createTable tableName=vault_transaction_notes', '', 'EXECUTED', NULL, NULL, '3.6.3', '2067484486') {changeSet=migration/vault-schema.changelog-init.xml::1511451595465-27::R3.Corda, databaseChangeLog=master.changelog.json}
?[m?[37m[INFO] 11:44:44,501 [Test worker] jvm.JdbcExecutor. - ALTER TABLE PUBLIC.vault_fungible_states ADD CONSTRAINT vault_fungible_states_pkey PRIMARY KEY (output_index, transaction_id) {changeSet=migration/vault-schema.changelog-init.xml::1511451595465-47::R3.Corda, databaseChangeLog=master.changelog.json}
?[m?[37m[INFO] 11:44:44,501 [Test worker] changelog.ChangeSet. - Primary key added to vault_fungible_states (output_index, transaction_id) {changeSet=migration/vault-schema.changelog-init.xml::1511451595465-47::R3.Corda, databaseChangeLog=master.changelog.json}
?[m?[37m[INFO] 11:44:44,501 [Test worker] changelog.ChangeSet. - ChangeSet migration/vault-schema.changelog-init.xml::1511451595465-47::R3.Corda ran successfully in 0ms {changeSet=migration/vault-schema.changelog-init.xml::1511451595465-47::R3.Corda, databaseChangeLog=master.changelog.json}
?[m?[37m[INFO] 11:44:44,502 [Test worker] jvm.JdbcExecutor. - INSERT INTO PUBLIC.DATABASECHANGELOG (ID, AUTHOR, FILENAME, DATEEXECUTED, ORDEREXECUTED, MD5SUM, DESCRIPTION, COMMENTS, EXECTYPE, CONTEXTS, LABELS, LIQUIBASE, DEPLOYMENT_ID) VALUES ('1511451595465-47', 'R3.Corda', 'migration/vault-schema.changelog-init.xml', NOW(), 8, '8:4eddd48de14b69bdd265a4b0c438f070', 'addPrimaryKey constraintName=vault_fungible_states_pkey, tableName=vault_fungible_states', '', 'EXECUTED', NULL, NULL, '3.6.3', '2067484486') {changeSet=migration/vault-schema.changelog-init.xml::1511451595465-47::R3.Corda, databaseChangeLog=master.changelog.json}
?[m?[37m[INFO] 11:44:44,503 [Test worker] jvm.JdbcExecutor. - ALTER TABLE PUBLIC.vault_linear_states ADD CONSTRAINT vault_linear_states_pkey PRIMARY KEY (output_index, transaction_id) {changeSet=migration/vault-schema.changelog-init.xml::1511451595465-48::R3.Corda, databaseChangeLog=master.changelog.json}
?[m?[37m[INFO] 11:44:44,503 [Test worker] changelog.ChangeSet. - Primary key added to vault_linear_states (output_index, transaction_id) {changeSet=migration/vault-schema.changelog-init.xml::1511451595465-48::R3.Corda, databaseChangeLog=master.changelog.json}
?[m?[37m[INFO] 11:44:44,503 [Test worker] changelog.ChangeSet. - ChangeSet migration/vault-schema.changelog-init.xml::1511451595465-48::R3.Corda ran successfully in 1ms {changeSet=migration/vault-schema.changelog-init.xml::1511451595465-48::R3.Corda, databaseChangeLog=master.changelog.json}
?[m?[37m[INFO] 11:44:44,503 [Test worker] jvm.JdbcExecutor. - INSERT INTO PUBLIC.DATABASECHANGELOG (ID, AUTHOR, FILENAME, DATEEXECUTED, ORDEREXECUTED, MD5SUM, DESCRIPTION, COMMENTS, EXECTYPE, CONTEXTS, LABELS, LIQUIBASE, DEPLOYMENT_ID) VALUES ('1511451595465-48', 'R3.Corda', 'migration/vault-schema.changelog-init.xml', NOW(), 9, '8:3695c44ddebef2dde359dec253a5969a', 'addPrimaryKey constraintName=vault_linear_states_pkey, tableName=vault_linear_states', '', 'EXECUTED', NULL, NULL, '3.6.3', '2067484486') {changeSet=migration/vault-schema.changelog-init.xml::1511451595465-48::R3.Corda, databaseChangeLog=master.changelog.json}
?[m?[37m[INFO] 11:44:44,504 [Test worker] jvm.JdbcExecutor. - ALTER TABLE PUBLIC.vault_states ADD CONSTRAINT vault_states_pkey PRIMARY KEY (output_index, transaction_id) {changeSet=migration/vault-schema.changelog-init.xml::1511451595465-49::R3.Corda, databaseChangeLog=master.changelog.json}
?[m?[37m[INFO] 11:44:44,504 [Test worker] changelog.ChangeSet. - Primary key added to vault_states (output_index, transaction_id) {changeSet=migration/vault-schema.changelog-init.xml::1511451595465-49::R3.Corda, databaseChangeLog=master.changelog.json}
?[m?[37m[INFO] 11:44:44,504 [Test worker] changelog.ChangeSet. - ChangeSet migration/vault-schema.changelog-init.xml::1511451595465-49::R3.Corda ran successfully in 1ms {changeSet=migration/vault-schema.changelog-init.xml::1511451595465-49::R3.Corda, databaseChangeLog=master.changelog.json}
?[m?[37m[INFO] 11:44:44,505 [Test worker] jvm.JdbcExecutor. - INSERT INTO PUBLIC.DATABASECHANGELOG (ID, AUTHOR, FILENAME, DATEEXECUTED, ORDEREXECUTED, MD5SUM, DESCRIPTION, COMMENTS, EXECTYPE, CONTEXTS, LABELS, LIQUIBASE, DEPLOYMENT_ID) VALUES ('1511451595465-49', 'R3.Corda', 'migration/vault-schema.changelog-init.xml', NOW(), 10, '8:5d21dc3c09051ea30475250d25178892', 'addPrimaryKey constraintName=vault_states_pkey, tableName=vault_states', '', 'EXECUTED', NULL, NULL, '3.6.3', '2067484486') {changeSet=migration/vault-schema.changelog-init.xml::1511451595465-49::R3.Corda, databaseChangeLog=master.changelog.json}
?[m?[37m[INFO] 11:44:44,506 [Test worker] jvm.JdbcExecutor. - ALTER TABLE PUBLIC.vault_transaction_notes ADD CONSTRAINT vault_transaction_notes_pkey PRIMARY KEY (seq_no) {changeSet=migration/vault-schema.changelog-init.xml::1511451595465-50::R3.Corda, databaseChangeLog=master.changelog.json}
?[m?[37m[INFO] 11:44:44,506 [Test worker] changelog.ChangeSet. - Primary key added to vault_transaction_notes (seq_no) {changeSet=migration/vault-schema.changelog-init.xml::1511451595465-50::R3.Corda, databaseChangeLog=master.changelog.json}
?[m?[37m[INFO] 11:44:44,506 [Test worker] changelog.ChangeSet. - ChangeSet migration/vault-schema.changelog-init.xml::1511451595465-50::R3.Corda ran successfully in 1ms {changeSet=migration/vault-schema.changelog-init.xml::1511451595465-50::R3.Corda, databaseChangeLog=master.changelog.json}
?[m?[37m[INFO] 11:44:44,506 [Test worker] jvm.JdbcExecutor. - INSERT INTO PUBLIC.DATABASECHANGELOG (ID, AUTHOR, FILENAME, DATEEXECUTED, ORDEREXECUTED, MD5SUM, DESCRIPTION, COMMENTS, EXECTYPE, CONTEXTS, LABELS, LIQUIBASE, DEPLOYMENT_ID) VALUES ('1511451595465-50', 'R3.Corda', 'migration/vault-schema.changelog-init.xml', NOW(), 11, '8:2bf545e5d7593a3456708426c3686ebb', 'addPrimaryKey constraintName=vault_transaction_notes_pkey, tableName=vault_transaction_notes', '', 'EXECUTED', NULL, NULL, '3.6.3', '2067484486') {changeSet=migration/vault-schema.changelog-init.xml::1511451595465-50::R3.Corda, databaseChangeLog=master.changelog.json}
?[m?[37m[INFO] 11:44:44,507 [Test worker] jvm.JdbcExecutor. - CREATE INDEX PUBLIC.external_id_index ON PUBLIC.vault_linear_states(external_id) {changeSet=migration/vault-schema.changelog-init.xml::1511451595465-53::R3.Corda, databaseChangeLog=master.changelog.json}
?[m?[37m[INFO] 11:44:44,507 [Test worker] changelog.ChangeSet. - Index external_id_index created {changeSet=migration/vault-schema.changelog-init.xml::1511451595465-53::R3.Corda, databaseChangeLog=master.changelog.json}
?[m?[37m[INFO] 11:44:44,507 [Test worker] changelog.ChangeSet. - ChangeSet migration/vault-schema.changelog-init.xml::1511451595465-53::R3.Corda ran successfully in 0ms {changeSet=migration/vault-schema.changelog-init.xml::1511451595465-53::R3.Corda, databaseChangeLog=master.changelog.json}
?[m?[37m[INFO] 11:44:44,508 [Test worker] jvm.JdbcExecutor. - INSERT INTO PUBLIC.DATABASECHANGELOG (ID, AUTHOR, FILENAME, DATEEXECUTED, ORDEREXECUTED, MD5SUM, DESCRIPTION, COMMENTS, EXECTYPE, CONTEXTS, LABELS, LIQUIBASE, DEPLOYMENT_ID) VALUES ('1511451595465-53', 'R3.Corda', 'migration/vault-schema.changelog-init.xml', NOW(), 12, '8:b1272090dcd2325b0382f829ce13a1ff', 'createIndex indexName=external_id_index, tableName=vault_linear_states', '', 'EXECUTED', NULL, NULL, '3.6.3', '2067484486') {changeSet=migration/vault-schema.changelog-init.xml::1511451595465-53::R3.Corda, databaseChangeLog=master.changelog.json}
?[m?[37m[INFO] 11:44:44,509 [Test worker] jvm.JdbcExecutor. - CREATE INDEX PUBLIC.lock_id_idx ON PUBLIC.vault_states(lock_id, state_status) {changeSet=migration/vault-schema.changelog-init.xml::1511451595465-55::R3.Corda, databaseChangeLog=master.changelog.json}
?[m?[37m[INFO] 11:44:44,509 [Test worker] changelog.ChangeSet. - Index lock_id_idx created {changeSet=migration/vault-schema.changelog-init.xml::1511451595465-55::R3.Corda, databaseChangeLog=master.changelog.json}
?[m?[37m[INFO] 11:44:44,509 [Test worker] changelog.ChangeSet. - ChangeSet migration/vault-schema.changelog-init.xml::1511451595465-55::R3.Corda ran successfully in 1ms {changeSet=migration/vault-schema.changelog-init.xml::1511451595465-55::R3.Corda, databaseChangeLog=master.changelog.json}
?[m?[37m[INFO] 11:44:44,509 [Test worker] jvm.JdbcExecutor. - INSERT INTO PUBLIC.DATABASECHANGELOG (ID, AUTHOR, FILENAME, DATEEXECUTED, ORDEREXECUTED, MD5SUM, DESCRIPTION, COMMENTS, EXECTYPE, CONTEXTS, LABELS, LIQUIBASE, DEPLOYMENT_ID) VALUES ('1511451595465-55', 'R3.Corda', 'migration/vault-schema.changelog-init.xml', NOW(), 13, '8:0b77fbedaccc2eed4b8efd6fddf6581b', 'createIndex indexName=lock_id_idx, tableName=vault_states', '', 'EXECUTED', NULL, NULL, '3.6.3', '2067484486') {changeSet=migration/vault-schema.changelog-init.xml::1511451595465-55::R3.Corda, databaseChangeLog=master.changelog.json}
?[m?[37m[INFO] 11:44:44,509 [Test worker] jvm.JdbcExecutor. - CREATE INDEX PUBLIC.state_status_idx ON PUBLIC.vault_states(state_status) {changeSet=migration/vault-schema.changelog-init.xml::1511451595465-58::R3.Corda, databaseChangeLog=master.changelog.json}
?[m?[37m[INFO] 11:44:44,509 [Test worker] changelog.ChangeSet. - Index state_status_idx created {changeSet=migration/vault-schema.changelog-init.xml::1511451595465-58::R3.Corda, databaseChangeLog=master.changelog.json}
?[m?[37m[INFO] 11:44:44,509 [Test worker] changelog.ChangeSet. - ChangeSet migration/vault-schema.changelog-init.xml::1511451595465-58::R3.Corda ran successfully in 0ms {changeSet=migration/vault-schema.changelog-init.xml::1511451595465-58::R3.Corda, databaseChangeLog=master.changelog.json}
?[m?[37m[INFO] 11:44:44,510 [Test worker] jvm.JdbcExecutor. - INSERT INTO PUBLIC.DATABASECHANGELOG (ID, AUTHOR, FILENAME, DATEEXECUTED, ORDEREXECUTED, MD5SUM, DESCRIPTION, COMMENTS, EXECTYPE, CONTEXTS, LABELS, LIQUIBASE, DEPLOYMENT_ID) VALUES ('1511451595465-58', 'R3.Corda', 'migration/vault-schema.changelog-init.xml', NOW(), 14, '8:7a1bbb20835907728df143e4cc1bfc04', 'createIndex indexName=state_status_idx, tableName=vault_states', '', 'EXECUTED', NULL, NULL, '3.6.3', '2067484486') {changeSet=migration/vault-schema.changelog-init.xml::1511451595465-58::R3.Corda, databaseChangeLog=master.changelog.json}
?[m?[37m[INFO] 11:44:44,510 [Test worker] jvm.JdbcExecutor. - CREATE INDEX PUBLIC.transaction_id_index ON PUBLIC.vault_transaction_notes(transaction_id) {changeSet=migration/vault-schema.changelog-init.xml::1511451595465-59::R3.Corda, databaseChangeLog=master.changelog.json}
?[m?[37m[INFO] 11:44:44,510 [Test worker] changelog.ChangeSet. - Index transaction_id_index created {changeSet=migration/vault-schema.changelog-init.xml::1511451595465-59::R3.Corda, databaseChangeLog=master.changelog.json}
?[m?[37m[INFO] 11:44:44,510 [Test worker] changelog.ChangeSet. - ChangeSet migration/vault-schema.changelog-init.xml::1511451595465-59::R3.Corda ran successfully in 0ms {changeSet=migration/vault-schema.changelog-init.xml::1511451595465-59::R3.Corda, databaseChangeLog=master.changelog.json}
?[m?[37m[INFO] 11:44:44,510 [Test worker] jvm.JdbcExecutor. - INSERT INTO PUBLIC.DATABASECHANGELOG (ID, AUTHOR, FILENAME, DATEEXECUTED, ORDEREXECUTED, MD5SUM, DESCRIPTION, COMMENTS, EXECTYPE, CONTEXTS, LABELS, LIQUIBASE, DEPLOYMENT_ID) VALUES ('1511451595465-59', 'R3.Corda', 'migration/vault-schema.changelog-init.xml', NOW(), 15, '8:2bfe64cedfc8120dc219d42dc19d49f6', 'createIndex indexName=transaction_id_index, tableName=vault_transaction_notes', '', 'EXECUTED', NULL, NULL, '3.6.3', '2067484486') {changeSet=migration/vault-schema.changelog-init.xml::1511451595465-59::R3.Corda, databaseChangeLog=master.changelog.json}
?[m?[37m[INFO] 11:44:44,510 [Test worker] jvm.JdbcExecutor. - CREATE INDEX PUBLIC.uuid_index ON PUBLIC.vault_linear_states(uuid) {changeSet=migration/vault-schema.changelog-init.xml::1511451595465-60::R3.Corda, databaseChangeLog=master.changelog.json}
?[m?[37m[INFO] 11:44:44,511 [Test worker] changelog.ChangeSet. - Index uuid_index created {changeSet=migration/vault-schema.changelog-init.xml::1511451595465-60::R3.Corda, databaseChangeLog=master.changelog.json}
?[m?[37m[INFO] 11:44:44,511 [Test worker] changelog.ChangeSet. - ChangeSet migration/vault-schema.changelog-init.xml::1511451595465-60::R3.Corda ran successfully in 1ms {changeSet=migration/vault-schema.changelog-init.xml::1511451595465-60::R3.Corda, databaseChangeLog=master.changelog.json}
?[m?[37m[INFO] 11:44:44,511 [Test worker] jvm.JdbcExecutor. - INSERT INTO PUBLIC.DATABASECHANGELOG (ID, AUTHOR, FILENAME, DATEEXECUTED, ORDEREXECUTED, MD5SUM, DESCRIPTION, COMMENTS, EXECTYPE, CONTEXTS, LABELS, LIQUIBASE, DEPLOYMENT_ID) VALUES ('1511451595465-60', 'R3.Corda', 'migration/vault-schema.changelog-init.xml', NOW(), 16, '8:4cffb289ce33d922274cc829175a2a55', 'createIndex indexName=uuid_index, tableName=vault_linear_states', '', 'EXECUTED', NULL, NULL, '3.6.3', '2067484486') {changeSet=migration/vault-schema.changelog-init.xml::1511451595465-60::R3.Corda, databaseChangeLog=master.changelog.json}
?[m?[37m[INFO] 11:44:44,511 [Test worker] jvm.JdbcExecutor. - ALTER TABLE PUBLIC.vault_fungible_states_parts ADD CONSTRAINT FK__fung_st_parts__fung_st FOREIGN KEY (output_index, transaction_id) REFERENCES PUBLIC.vault_fungible_states (output_index, transaction_id) {changeSet=migration/vault-schema.changelog-init.xml::1511451595465-64::R3.Corda, databaseChangeLog=master.changelog.json}
?[m?[37m[INFO] 11:44:44,512 [Test worker] changelog.ChangeSet. - Foreign key constraint added to vault_fungible_states_parts (output_index,transaction_id) {changeSet=migration/vault-schema.changelog-init.xml::1511451595465-64::R3.Corda, databaseChangeLog=master.changelog.json}
?[m?[37m[INFO] 11:44:44,512 [Test worker] changelog.ChangeSet. - ChangeSet migration/vault-schema.changelog-init.xml::1511451595465-64::R3.Corda ran successfully in 1ms {changeSet=migration/vault-schema.changelog-init.xml::1511451595465-64::R3.Corda, databaseChangeLog=master.changelog.json}
?[m?[37m[INFO] 11:44:44,512 [Test worker] jvm.JdbcExecutor. - INSERT INTO PUBLIC.DATABASECHANGELOG (ID, AUTHOR, FILENAME, DATEEXECUTED, ORDEREXECUTED, MD5SUM, DESCRIPTION, COMMENTS, EXECTYPE, CONTEXTS, LABELS, LIQUIBASE, DEPLOYMENT_ID) VALUES ('1511451595465-64', 'R3.Corda', 'migration/vault-schema.changelog-init.xml', NOW(), 17, '8:1bde72346badbbe52e74b189ce1d079c', 'addForeignKeyConstraint baseTableName=vault_fungible_states_parts, constraintName=FK__fung_st_parts__fung_st, referencedTableName=vault_fungible_states', '', 'EXECUTED', NULL, NULL, '3.6.3', '2067484486') {changeSet=migration/vault-schema.changelog-init.xml::1511451595465-64::R3.Corda, databaseChangeLog=master.changelog.json}
?[m?[37m[INFO] 11:44:44,513 [Test worker] jvm.JdbcExecutor. - ALTER TABLE PUBLIC.vault_linear_states_parts ADD CONSTRAINT FK__lin_stat_parts__lin_stat FOREIGN KEY (output_index, transaction_id) REFERENCES PUBLIC.vault_linear_states (output_index, transaction_id) {changeSet=migration/vault-schema.changelog-init.xml::1511451595465-65::R3.Corda, databaseChangeLog=master.changelog.json}
?[m?[37m[INFO] 11:44:44,513 [Test worker] changelog.ChangeSet. - Foreign key constraint added to vault_linear_states_parts (output_index,transaction_id) {changeSet=migration/vault-schema.changelog-init.xml::1511451595465-65::R3.Corda, databaseChangeLog=master.changelog.json}
?[m?[37m[INFO] 11:44:44,513 [Test worker] changelog.ChangeSet. - ChangeSet migration/vault-schema.changelog-init.xml::1511451595465-65::R3.Corda ran successfully in 1ms {changeSet=migration/vault-schema.changelog-init.xml::1511451595465-65::R3.Corda, databaseChangeLog=master.changelog.json}
?[m?[37m[INFO] 11:44:44,513 [Test worker] jvm.JdbcExecutor. - INSERT INTO PUBLIC.DATABASECHANGELOG (ID, AUTHOR, FILENAME, DATEEXECUTED, ORDEREXECUTED, MD5SUM, DESCRIPTION, COMMENTS, EXECTYPE, CONTEXTS, LABELS, LIQUIBASE, DEPLOYMENT_ID) VALUES ('1511451595465-65', 'R3.Corda', 'migration/vault-schema.changelog-init.xml', NOW(), 18, '8:9a5d0106c45f631cb60a3e2f9542d2c2', 'addForeignKeyConstraint baseTableName=vault_linear_states_parts, constraintName=FK__lin_stat_parts__lin_stat, referencedTableName=vault_linear_states', '', 'EXECUTED', NULL, NULL, '3.6.3', '2067484486') {changeSet=migration/vault-schema.changelog-init.xml::1511451595465-65::R3.Corda, databaseChangeLog=master.changelog.json}
?[m?[37m[INFO] 11:44:44,514 [Test worker] jvm.JdbcExecutor. - DELETE FROM PUBLIC.vault_fungible_states_parts {changeSet=migration/vault-schema.changelog-v3.xml::clean_vault::R3.Corda, databaseChangeLog=master.changelog.json}
?[m?[37m[INFO] 11:44:44,514 [Test worker] changelog.ChangeSet. - Data deleted from vault_fungible_states_parts {changeSet=migration/vault-schema.changelog-v3.xml::clean_vault::R3.Corda, databaseChangeLog=master.changelog.json}
?[m?[37m[INFO] 11:44:44,514 [Test worker] jvm.JdbcExecutor. - DELETE FROM PUBLIC.vault_fungible_states {changeSet=migration/vault-schema.changelog-v3.xml::clean_vault::R3.Corda, databaseChangeLog=master.changelog.json}
?[m?[37m[INFO] 11:44:44,514 [Test worker] changelog.ChangeSet. - Data deleted from vault_fungible_states {changeSet=migration/vault-schema.changelog-v3.xml::clean_vault::R3.Corda, databaseChangeLog=master.changelog.json}
?[m?[37m[INFO] 11:44:44,514 [Test worker] jvm.JdbcExecutor. - DELETE FROM PUBLIC.vault_linear_states_parts {changeSet=migration/vault-schema.changelog-v3.xml::clean_vault::R3.Corda, databaseChangeLog=master.changelog.json}
?[m?[37m[INFO] 11:44:44,514 [Test worker] changelog.ChangeSet. - Data deleted from vault_linear_states_parts {changeSet=migration/vault-schema.changelog-v3.xml::clean_vault::R3.Corda, databaseChangeLog=master.changelog.json}
?[m?[37m[INFO] 11:44:44,514 [Test worker] jvm.JdbcExecutor. - DELETE FROM PUBLIC.vault_linear_states {changeSet=migration/vault-schema.changelog-v3.xml::clean_vault::R3.Corda, databaseChangeLog=master.changelog.json}
?[m?[37m[INFO] 11:44:44,514 [Test worker] changelog.ChangeSet. - Data deleted from vault_linear_states {changeSet=migration/vault-schema.changelog-v3.xml::clean_vault::R3.Corda, databaseChangeLog=master.changelog.json}
?[m?[37m[INFO] 11:44:44,514 [Test worker] jvm.JdbcExecutor. - DELETE FROM PUBLIC.vault_states {changeSet=migration/vault-schema.changelog-v3.xml::clean_vault::R3.Corda, databaseChangeLog=master.changelog.json}
?[m?[37m[INFO] 11:44:44,514 [Test worker] changelog.ChangeSet. - Data deleted from vault_states {changeSet=migration/vault-schema.changelog-v3.xml::clean_vault::R3.Corda, databaseChangeLog=master.changelog.json}
?[m?[37m[INFO] 11:44:44,514 [Test worker] jvm.JdbcExecutor. - DELETE FROM PUBLIC.vault_transaction_notes {changeSet=migration/vault-schema.changelog-v3.xml::clean_vault::R3.Corda, databaseChangeLog=master.changelog.json}
?[m?[37m[INFO] 11:44:44,514 [Test worker] changelog.ChangeSet. - Data deleted from vault_transaction_notes {changeSet=migration/vault-schema.changelog-v3.xml::clean_vault::R3.Corda, databaseChangeLog=master.changelog.json}
?[m?[37m[INFO] 11:44:44,514 [Test worker] changelog.ChangeSet. - ChangeSet migration/vault-schema.changelog-v3.xml::clean_vault::R3.Corda ran successfully in 1ms {changeSet=migration/vault-schema.changelog-v3.xml::clean_vault::R3.Corda, databaseChangeLog=master.changelog.json}
?[m?[37m[INFO] 11:44:44,515 [Test worker] jvm.JdbcExecutor. - INSERT INTO PUBLIC.DATABASECHANGELOG (ID, AUTHOR, FILENAME, DATEEXECUTED, ORDEREXECUTED, MD5SUM, DESCRIPTION, COMMENTS, EXECTYPE, CONTEXTS, LABELS, LIQUIBASE, DEPLOYMENT_ID) VALUES ('clean_vault', 'R3.Corda', 'migration/vault-schema.changelog-v3.xml', NOW(), 19, '8:0701d37bf9b322ada2323cea6db9393c', 'delete tableName=vault_fungible_states_parts; delete tableName=vault_fungible_states; delete tableName=vault_linear_states_parts; delete tableName=vault_linear_states; delete tableName=vault_states; delete tableName=vault_transaction_notes', '', 'EXECUTED', NULL, NULL, '3.6.3', '2067484486') {changeSet=migration/vault-schema.changelog-v3.xml::clean_vault::R3.Corda, databaseChangeLog=master.changelog.json}
?[m?[37m[INFO] 11:44:44,515 [Test worker] jvm.JdbcExecutor. - ALTER TABLE PUBLIC.vault_fungible_states ALTER COLUMN quantity SET NOT NULL {changeSet=migration/vault-schema.changelog-v4.xml::nullability::R3.Corda, databaseChangeLog=master.changelog.json}
?[m?[37m[INFO] 11:44:44,516 [Test worker] changelog.ChangeSet. - NOT NULL constraint has been added to vault_fungible_states.quantity {changeSet=migration/vault-schema.changelog-v4.xml::nullability::R3.Corda, databaseChangeLog=master.changelog.json}
?[m?[37m[INFO] 11:44:44,516 [Test worker] jvm.JdbcExecutor. - ALTER TABLE PUBLIC.vault_states ALTER COLUMN contract_state_class_name SET NOT NULL {changeSet=migration/vault-schema.changelog-v4.xml::nullability::R3.Corda, databaseChangeLog=master.changelog.json}
?[m?[37m[INFO] 11:44:44,516 [Test worker] changelog.ChangeSet. - NOT NULL constraint has been added to vault_states.contract_state_class_name {changeSet=migration/vault-schema.changelog-v4.xml::nullability::R3.Corda, databaseChangeLog=master.changelog.json}
?[m?[37m[INFO] 11:44:44,516 [Test worker] jvm.JdbcExecutor. - ALTER TABLE PUBLIC.vault_states ALTER COLUMN notary_name SET NOT NULL {changeSet=migration/vault-schema.changelog-v4.xml::nullability::R3.Corda, databaseChangeLog=master.changelog.json}
?[m?[37m[INFO] 11:44:44,516 [Test worker] changelog.ChangeSet. - NOT NULL constraint has been added to vault_states.notary_name {changeSet=migration/vault-schema.changelog-v4.xml::nullability::R3.Corda, databaseChangeLog=master.changelog.json}
?[m?[37m[INFO] 11:44:44,516 [Test worker] jvm.JdbcExecutor. - ALTER TABLE PUBLIC.vault_states ALTER COLUMN recorded_timestamp SET NOT NULL {changeSet=migration/vault-schema.changelog-v4.xml::nullability::R3.Corda, databaseChangeLog=master.changelog.json}
?[m?[37m[INFO] 11:44:44,516 [Test worker] changelog.ChangeSet. - NOT NULL constraint has been added to vault_states.recorded_timestamp {changeSet=migration/vault-schema.changelog-v4.xml::nullability::R3.Corda, databaseChangeLog=master.changelog.json}
?[m?[37m[INFO] 11:44:44,516 [Test worker] jvm.JdbcExecutor. - DROP INDEX PUBLIC.state_status_idx {changeSet=migration/vault-schema.changelog-v4.xml::nullability::R3.Corda, databaseChangeLog=master.changelog.json}
?[m?[37m[INFO] 11:44:44,516 [Test worker] changelog.ChangeSet. - Index state_status_idx dropped from table vault_states {changeSet=migration/vault-schema.changelog-v4.xml::nullability::R3.Corda, databaseChangeLog=master.changelog.json}
?[m?[37m[INFO] 11:44:44,516 [Test worker] jvm.JdbcExecutor. - DROP INDEX PUBLIC.lock_id_idx {changeSet=migration/vault-schema.changelog-v4.xml::nullability::R3.Corda, databaseChangeLog=master.changelog.json}
?[m?[37m[INFO] 11:44:44,516 [Test worker] changelog.ChangeSet. - Index lock_id_idx dropped from table vault_states {changeSet=migration/vault-schema.changelog-v4.xml::nullability::R3.Corda, databaseChangeLog=master.changelog.json}
?[m?[37m[INFO] 11:44:44,516 [Test worker] jvm.JdbcExecutor. - ALTER TABLE PUBLIC.vault_states ALTER COLUMN state_status SET NOT NULL {changeSet=migration/vault-schema.changelog-v4.xml::nullability::R3.Corda, databaseChangeLog=master.changelog.json}
?[m?[37m[INFO] 11:44:44,516 [Test worker] changelog.ChangeSet. - NOT NULL constraint has been added to vault_states.state_status {changeSet=migration/vault-schema.changelog-v4.xml::nullability::R3.Corda, databaseChangeLog=master.changelog.json}
?[m?[37m[INFO] 11:44:44,516 [Test worker] jvm.JdbcExecutor. - CREATE INDEX PUBLIC.state_status_idx ON PUBLIC.vault_states(state_status) {changeSet=migration/vault-schema.changelog-v4.xml::nullability::R3.Corda, databaseChangeLog=master.changelog.json}
?[m?[37m[INFO] 11:44:44,516 [Test worker] changelog.ChangeSet. - Index state_status_idx created {changeSet=migration/vault-schema.changelog-v4.xml::nullability::R3.Corda, databaseChangeLog=master.changelog.json}
?[m?[37m[INFO] 11:44:44,516 [Test worker] jvm.JdbcExecutor. - CREATE INDEX PUBLIC.lock_id_idx ON PUBLIC.vault_states(lock_id, state_status) {changeSet=migration/vault-schema.changelog-v4.xml::nullability::R3.Corda, databaseChangeLog=master.changelog.json}
?[m?[37m[INFO] 11:44:44,516 [Test worker] changelog.ChangeSet. - Index lock_id_idx created {changeSet=migration/vault-schema.changelog-v4.xml::nullability::R3.Corda, databaseChangeLog=master.changelog.json}
?[m?[37m[INFO] 11:44:44,516 [Test worker] jvm.JdbcExecutor. - DROP INDEX PUBLIC.transaction_id_index {changeSet=migration/vault-schema.changelog-v4.xml::nullability::R3.Corda, databaseChangeLog=master.changelog.json}
?[m?[37m[INFO] 11:44:44,516 [Test worker] changelog.ChangeSet. - Index transaction_id_index dropped from table vault_transaction_notes {changeSet=migration/vault-schema.changelog-v4.xml::nullability::R3.Corda, databaseChangeLog=master.changelog.json}
?[m?[37m[INFO] 11:44:44,516 [Test worker] jvm.JdbcExecutor. - ALTER TABLE PUBLIC.vault_transaction_notes ALTER COLUMN note SET NOT NULL {changeSet=migration/vault-schema.changelog-v4.xml::nullability::R3.Corda, databaseChangeLog=master.changelog.json}
?[m?[37m[INFO] 11:44:44,516 [Test worker] changelog.ChangeSet. - NOT NULL constraint has been added to vault_transaction_notes.note {changeSet=migration/vault-schema.changelog-v4.xml::nullability::R3.Corda, databaseChangeLog=master.changelog.json}
?[m?[37m[INFO] 11:44:44,517 [Test worker] jvm.JdbcExecutor. - ALTER TABLE PUBLIC.vault_transaction_notes ALTER COLUMN transaction_id SET NOT NULL {changeSet=migration/vault-schema.changelog-v4.xml::nullability::R3.Corda, databaseChangeLog=master.changelog.json}
?[m?[37m[INFO] 11:44:44,517 [Test worker] changelog.ChangeSet. - NOT NULL constraint has been added to vault_transaction_notes.transaction_id {changeSet=migration/vault-schema.changelog-v4.xml::nullability::R3.Corda, databaseChangeLog=master.changelog.json}
?[m?[37m[INFO] 11:44:44,517 [Test worker] jvm.JdbcExecutor. - CREATE INDEX PUBLIC.transaction_id_index ON PUBLIC.vault_transaction_notes(transaction_id) {changeSet=migration/vault-schema.changelog-v4.xml::nullability::R3.Corda, databaseChangeLog=master.changelog.json}
?[m?[37m[INFO] 11:44:44,517 [Test worker] changelog.ChangeSet. - Index transaction_id_index created {changeSet=migration/vault-schema.changelog-v4.xml::nullability::R3.Corda, databaseChangeLog=master.changelog.json}
?[m?[37m[INFO] 11:44:44,517 [Test worker] changelog.ChangeSet. - ChangeSet migration/vault-schema.changelog-v4.xml::nullability::R3.Corda ran successfully in 2ms {changeSet=migration/vault-schema.changelog-v4.xml::nullability::R3.Corda, databaseChangeLog=master.changelog.json}
?[m?[37m[INFO] 11:44:44,517 [Test worker] jvm.JdbcExecutor. - INSERT INTO PUBLIC.DATABASECHANGELOG (ID, AUTHOR, FILENAME, DATEEXECUTED, ORDEREXECUTED, MD5SUM, DESCRIPTION, COMMENTS, EXECTYPE, CONTEXTS, LABELS, LIQUIBASE, DEPLOYMENT_ID) VALUES ('nullability', 'R3.Corda', 'migration/vault-schema.changelog-v4.xml', NOW(), 20, '8:853fd1e24b974ff22712322ebb2860bf', 'addNotNullConstraint columnName=quantity, tableName=vault_fungible_states; addNotNullConstraint columnName=contract_state_class_name, tableName=vault_states; addNotNullConstraint columnName=notary_name, tableName=vault_states; addNotNullConstraint...', '', 'EXECUTED', NULL, NULL, '3.6.3', '2067484486') {changeSet=migration/vault-schema.changelog-v4.xml::nullability::R3.Corda, databaseChangeLog=master.changelog.json}
?[m?[37m[INFO] 11:44:44,518 [Test worker] jvm.JdbcExecutor. - INSERT INTO PUBLIC.DATABASECHANGELOG (ID, AUTHOR, FILENAME, DATEEXECUTED, ORDEREXECUTED, MD5SUM, DESCRIPTION, COMMENTS, EXECTYPE, CONTEXTS, LABELS, LIQUIBASE, DEPLOYMENT_ID) VALUES ('non-clustered_pk-11', 'R3.Corda', 'migration/vault-schema.changelog-pkey.xml', NOW(), 21, '8:7fca5375330f0b3b62de65b84274dd6e', 'dropForeignKeyConstraint baseTableName=vault_fungible_states_parts, constraintName=FK__fung_st_parts__fung_st; dropPrimaryKey constraintName=vault_fungible_states_pkey, tableName=vault_fungible_states; addPrimaryKey constraintName=vault_fungible_s...', '', 'MARK_RAN', NULL, NULL, '3.6.3', '2067484486') {changeSet=migration/vault-schema.changelog-pkey.xml::non-clustered_pk-11::R3.Corda, databaseChangeLog=master.changelog.json}
?[m?[37m[INFO] 11:44:44,520 [Test worker] jvm.JdbcExecutor. - INSERT INTO PUBLIC.DATABASECHANGELOG (ID, AUTHOR, FILENAME, DATEEXECUTED, ORDEREXECUTED, MD5SUM, DESCRIPTION, COMMENTS, EXECTYPE, CONTEXTS, LABELS, LIQUIBASE, DEPLOYMENT_ID) VALUES ('non-clustered_pk-12', 'R3.Corda', 'migration/vault-schema.changelog-pkey.xml', NOW(), 22, '8:8469058af292b08d108fcf1b3eb8fca4', 'dropForeignKeyConstraint baseTableName=vault_linear_states_parts, constraintName=FK__lin_stat_parts__lin_stat; dropPrimaryKey constraintName=vault_linear_states_pkey, tableName=vault_linear_states; addPrimaryKey constraintName=vault_linear_states_...', '', 'MARK_RAN', NULL, NULL, '3.6.3', '2067484486') {changeSet=migration/vault-schema.changelog-pkey.xml::non-clustered_pk-12::R3.Corda, databaseChangeLog=master.changelog.json}
?[m?[37m[INFO] 11:44:44,520 [Test worker] jvm.JdbcExecutor. - INSERT INTO PUBLIC.DATABASECHANGELOG (ID, AUTHOR, FILENAME, DATEEXECUTED, ORDEREXECUTED, MD5SUM, DESCRIPTION, COMMENTS, EXECTYPE, CONTEXTS, LABELS, LIQUIBASE, DEPLOYMENT_ID) VALUES ('non-clustered_pk-13', 'R3.Corda', 'migration/vault-schema.changelog-pkey.xml', NOW(), 23, '8:e0ccce8941c28a45870d60f5bf54cd50', 'dropPrimaryKey constraintName=vault_states_pkey, tableName=vault_states; addPrimaryKey constraintName=vault_states_pkey, tableName=vault_states', '', 'MARK_RAN', NULL, NULL, '3.6.3', '2067484486') {changeSet=migration/vault-schema.changelog-pkey.xml::non-clustered_pk-13::R3.Corda, databaseChangeLog=master.changelog.json}
?[m?[37m[INFO] 11:44:44,522 [Test worker] jvm.JdbcExecutor. - ALTER TABLE PUBLIC.vault_states ADD relevancy_status INT {changeSet=migration/vault-schema.changelog-v5.xml::add_relevancy_status_column::R3.Corda, databaseChangeLog=master.changelog.json}
?[m?[37m[INFO] 11:44:44,523 [Test worker] changelog.ChangeSet. - Columns relevancy_status(INT) added to vault_states {changeSet=migration/vault-schema.changelog-v5.xml::add_relevancy_status_column::R3.Corda, databaseChangeLog=master.changelog.json}
?[m?[37m[INFO] 11:44:44,523 [Test worker] jvm.JdbcExecutor. - UPDATE PUBLIC.vault_states SET relevancy_status = 0 {changeSet=migration/vault-schema.changelog-v5.xml::add_relevancy_status_column::R3.Corda, databaseChangeLog=master.changelog.json}
?[m?[37m[INFO] 11:44:44,524 [Test worker] changelog.ChangeSet. - Data updated in vault_states {changeSet=migration/vault-schema.changelog-v5.xml::add_relevancy_status_column::R3.Corda, databaseChangeLog=master.changelog.json}
?[m?[37m[INFO] 11:44:44,524 [Test worker] jvm.JdbcExecutor. - ALTER TABLE PUBLIC.vault_states ALTER COLUMN relevancy_status SET NOT NULL {changeSet=migration/vault-schema.changelog-v5.xml::add_relevancy_status_column::R3.Corda, databaseChangeLog=master.changelog.json}
?[m?[37m[INFO] 11:44:44,524 [Test worker] changelog.ChangeSet. - NOT NULL constraint has been added to vault_states.relevancy_status {changeSet=migration/vault-schema.changelog-v5.xml::add_relevancy_status_column::R3.Corda, databaseChangeLog=master.changelog.json}
?[m?[37m[INFO] 11:44:44,524 [Test worker] changelog.ChangeSet. - ChangeSet migration/vault-schema.changelog-v5.xml::add_relevancy_status_column::R3.Corda ran successfully in 3ms {changeSet=migration/vault-schema.changelog-v5.xml::add_relevancy_status_column::R3.Corda, databaseChangeLog=master.changelog.json}
?[m?[37m[INFO] 11:44:44,525 [Test worker] jvm.JdbcExecutor. - INSERT INTO PUBLIC.DATABASECHANGELOG (ID, AUTHOR, FILENAME, DATEEXECUTED, ORDEREXECUTED, MD5SUM, DESCRIPTION, COMMENTS, EXECTYPE, CONTEXTS, LABELS, LIQUIBASE, DEPLOYMENT_ID) VALUES ('add_relevancy_status_column', 'R3.Corda', 'migration/vault-schema.changelog-v5.xml', NOW(), 24, '8:93c5dcaf00387d4d643def4355a54b56', 'addColumn tableName=vault_states; update tableName=vault_states; addNotNullConstraint columnName=relevancy_status, tableName=vault_states', '', 'EXECUTED', NULL, NULL, '3.6.3', '2067484486') {changeSet=migration/vault-schema.changelog-v5.xml::add_relevancy_status_column::R3.Corda, databaseChangeLog=master.changelog.json}
?[m?[37m[INFO] 11:44:44,525 [Test worker] jvm.JdbcExecutor. - ALTER TABLE PUBLIC.vault_states ADD constraint_type INT DEFAULT '0' NOT NULL {changeSet=migration/vault-schema.changelog-v6.xml::add_is_constraint_information_columns::R3.Corda, databaseChangeLog=master.changelog.json}
?[m?[37m[INFO] 11:44:44,526 [Test worker] changelog.ChangeSet. - Columns constraint_type(INT) added to vault_states {changeSet=migration/vault-schema.changelog-v6.xml::add_is_constraint_information_columns::R3.Corda, databaseChangeLog=master.changelog.json}
?[m?[37m[INFO] 11:44:44,526 [Test worker] jvm.JdbcExecutor. - ALTER TABLE PUBLIC.vault_states ADD constraint_data VARBINARY(563) {changeSet=migration/vault-schema.changelog-v6.xml::add_is_constraint_information_columns::R3.Corda, databaseChangeLog=master.changelog.json}
?[m?[37m[INFO] 11:44:44,526 [Test worker] changelog.ChangeSet. - Columns constraint_data(varbinary(563)) added to vault_states {changeSet=migration/vault-schema.changelog-v6.xml::add_is_constraint_information_columns::R3.Corda, databaseChangeLog=master.changelog.json}
?[m?[37m[INFO] 11:44:44,526 [Test worker] changelog.ChangeSet. - ChangeSet migration/vault-schema.changelog-v6.xml::add_is_constraint_information_columns::R3.Corda ran successfully in 1ms {changeSet=migration/vault-schema.changelog-v6.xml::add_is_constraint_information_columns::R3.Corda, databaseChangeLog=master.changelog.json}
?[m?[37m[INFO] 11:44:44,527 [Test worker] jvm.JdbcExecutor. - INSERT INTO PUBLIC.DATABASECHANGELOG (ID, AUTHOR, FILENAME, DATEEXECUTED, ORDEREXECUTED, MD5SUM, DESCRIPTION, COMMENTS, EXECTYPE, CONTEXTS, LABELS, LIQUIBASE, DEPLOYMENT_ID) VALUES ('add_is_constraint_information_columns', 'R3.Corda', 'migration/vault-schema.changelog-v6.xml', NOW(), 25, '8:acf60bd84f648e157d402de8f8e22f3a', 'addColumn tableName=vault_states; addColumn tableName=vault_states', '', 'EXECUTED', NULL, NULL, '3.6.3', '2067484486') {changeSet=migration/vault-schema.changelog-v6.xml::add_is_constraint_information_columns::R3.Corda, databaseChangeLog=master.changelog.json}
?[m?[37m[INFO] 11:44:44,527 [Test worker] jvm.JdbcExecutor. - ALTER TABLE PUBLIC.vault_fungible_states ALTER COLUMN issuer_ref SET NULL {changeSet=migration/vault-schema.changelog-v7.xml::make_issuer_ref_nullable::R3.Corda, databaseChangeLog=master.changelog.json}
?[m?[37m[INFO] 11:44:44,527 [Test worker] changelog.ChangeSet. - Null constraint dropped from vault_fungible_states.issuer_ref {changeSet=migration/vault-schema.changelog-v7.xml::make_issuer_ref_nullable::R3.Corda, databaseChangeLog=master.changelog.json}
?[m?[37m[INFO] 11:44:44,527 [Test worker] changelog.ChangeSet. - ChangeSet migration/vault-schema.changelog-v7.xml::make_issuer_ref_nullable::R3.Corda ran successfully in 0ms {changeSet=migration/vault-schema.changelog-v7.xml::make_issuer_ref_nullable::R3.Corda, databaseChangeLog=master.changelog.json}
?[m?[37m[INFO] 11:44:44,527 [Test worker] jvm.JdbcExecutor. - INSERT INTO PUBLIC.DATABASECHANGELOG (ID, AUTHOR, FILENAME, DATEEXECUTED, ORDEREXECUTED, MD5SUM, DESCRIPTION, COMMENTS, EXECTYPE, CONTEXTS, LABELS, LIQUIBASE, DEPLOYMENT_ID) VALUES ('make_issuer_ref_nullable', 'R3.Corda', 'migration/vault-schema.changelog-v7.xml', NOW(), 26, '8:58039722b4808e90a7711d3c82e5fc95', 'dropNotNullConstraint columnName=issuer_ref, tableName=vault_fungible_states', '', 'EXECUTED', NULL, NULL, '3.6.3', '2067484486') {changeSet=migration/vault-schema.changelog-v7.xml::make_issuer_ref_nullable::R3.Corda, databaseChangeLog=master.changelog.json}
?[m?[37m[INFO] 11:44:44,528 [Test worker] jvm.JdbcExecutor. - CREATE TABLE PUBLIC.state_party (output_index INT, transaction_id NVARCHAR(64), public_key_hash NVARCHAR(255) NOT NULL, x500_name NVARCHAR(255)) {changeSet=migration/vault-schema.changelog-v8.xml::create-external-id-to-state-party-view::R3.Corda, databaseChangeLog=master.changelog.json}
?[m?[37m[INFO] 11:44:44,528 [Test worker] changelog.ChangeSet. - Table state_party created {changeSet=migration/vault-schema.changelog-v8.xml::create-external-id-to-state-party-view::R3.Corda, databaseChangeLog=master.changelog.json}
?[m?[37m[INFO] 11:44:44,528 [Test worker] jvm.JdbcExecutor. - CREATE INDEX PUBLIC.state_pk_hash_idx ON PUBLIC.state_party(public_key_hash) {changeSet=migration/vault-schema.changelog-v8.xml::create-external-id-to-state-party-view::R3.Corda, databaseChangeLog=master.changelog.json}
?[m?[37m[INFO] 11:44:44,528 [Test worker] changelog.ChangeSet. - Index state_pk_hash_idx created {changeSet=migration/vault-schema.changelog-v8.xml::create-external-id-to-state-party-view::R3.Corda, databaseChangeLog=master.changelog.json}
?[m?[37m[INFO] 11:44:44,528 [Test worker] jvm.JdbcExecutor. - CREATE TABLE PUBLIC.pk_hash_to_ext_id_map (id BIGINT NOT NULL, external_id VARCHAR(255) NOT NULL, public_key_hash NVARCHAR(255) NOT NULL) {changeSet=migration/vault-schema.changelog-v8.xml::create-external-id-to-state-party-view::R3.Corda, databaseChangeLog=master.changelog.json}
?[m?[37m[INFO] 11:44:44,528 [Test worker] changelog.ChangeSet. - Table pk_hash_to_ext_id_map created {changeSet=migration/vault-schema.changelog-v8.xml::create-external-id-to-state-party-view::R3.Corda, databaseChangeLog=master.changelog.json}
?[m?[37m[INFO] 11:44:44,528 [Test worker] jvm.JdbcExecutor. - CREATE INDEX PUBLIC.pk_hash_to_xid_idx ON PUBLIC.pk_hash_to_ext_id_map(public_key_hash) {changeSet=migration/vault-schema.changelog-v8.xml::create-external-id-to-state-party-view::R3.Corda, databaseChangeLog=master.changelog.json}
?[m?[37m[INFO] 11:44:44,528 [Test worker] changelog.ChangeSet. - Index pk_hash_to_xid_idx created {changeSet=migration/vault-schema.changelog-v8.xml::create-external-id-to-state-party-view::R3.Corda, databaseChangeLog=master.changelog.json}
?[m?[37m[INFO] 11:44:44,529 [Test worker] jvm.JdbcExecutor. - CREATE VIEW PUBLIC.v_pkey_hash_ex_id_map AS select
                state_party.public_key_hash,
                state_party.transaction_id,
                state_party.output_index,
                pk_hash_to_ext_id_map.external_id
            from state_party
            join pk_hash_to_ext_id_map
            on state_party.public_key_hash = pk_hash_to_ext_id_map.public_key_hash {changeSet=migration/vault-schema.changelog-v8.xml::create-external-id-to-state-party-view::R3.Corda, databaseChangeLog=master.changelog.json}
?[m?[37m[INFO] 11:44:44,529 [Test worker] changelog.ChangeSet. - View v_pkey_hash_ex_id_map created {changeSet=migration/vault-schema.changelog-v8.xml::create-external-id-to-state-party-view::R3.Corda, databaseChangeLog=master.changelog.json}
?[m?[37m[INFO] 11:44:44,529 [Test worker] changelog.ChangeSet. - ChangeSet migration/vault-schema.changelog-v8.xml::create-external-id-to-state-party-view::R3.Corda ran successfully in 1ms {changeSet=migration/vault-schema.changelog-v8.xml::create-external-id-to-state-party-view::R3.Corda, databaseChangeLog=master.changelog.json}
?[m?[37m[INFO] 11:44:44,530 [Test worker] jvm.JdbcExecutor. - INSERT INTO PUBLIC.DATABASECHANGELOG (ID, AUTHOR, FILENAME, DATEEXECUTED, ORDEREXECUTED, MD5SUM, DESCRIPTION, COMMENTS, EXECTYPE, CONTEXTS, LABELS, LIQUIBASE, DEPLOYMENT_ID) VALUES ('create-external-id-to-state-party-view', 'R3.Corda', 'migration/vault-schema.changelog-v8.xml', NOW(), 27, '8:9a5b20f7b7367bb3b86f600bccaa423b', 'createTable tableName=state_party; createIndex indexName=state_pk_hash_idx, tableName=state_party; createTable tableName=pk_hash_to_ext_id_map; createIndex indexName=pk_hash_to_xid_idx, tableName=pk_hash_to_ext_id_map; createView viewName=v_pkey_h...', '', 'EXECUTED', NULL, NULL, '3.6.3', '2067484486') {changeSet=migration/vault-schema.changelog-v8.xml::create-external-id-to-state-party-view::R3.Corda, databaseChangeLog=master.changelog.json}
?[m?[37m[INFO] 11:44:44,530 [Test worker] jvm.JdbcExecutor. - ALTER TABLE PUBLIC.vault_states ALTER COLUMN constraint_data VARBINARY(20000) {changeSet=migration/vault-schema.changelog-v11.xml::expand_constraint_data_size::R3.Corda, databaseChangeLog=master.changelog.json}
?[m?[37m[INFO] 11:44:44,532 [Test worker] changelog.ChangeSet. - vault_states.constraint_data datatype was changed to varbinary(20000) {changeSet=migration/vault-schema.changelog-v11.xml::expand_constraint_data_size::R3.Corda, databaseChangeLog=master.changelog.json}
?[m?[37m[INFO] 11:44:44,532 [Test worker] changelog.ChangeSet. - ChangeSet migration/vault-schema.changelog-v11.xml::expand_constraint_data_size::R3.Corda ran successfully in 2ms {changeSet=migration/vault-schema.changelog-v11.xml::expand_constraint_data_size::R3.Corda, databaseChangeLog=master.changelog.json}
?[m?[37m[INFO] 11:44:44,533 [Test worker] jvm.JdbcExecutor. - INSERT INTO PUBLIC.DATABASECHANGELOG (ID, AUTHOR, FILENAME, DATEEXECUTED, ORDEREXECUTED, MD5SUM, DESCRIPTION, COMMENTS, EXECTYPE, CONTEXTS, LABELS, LIQUIBASE, DEPLOYMENT_ID) VALUES ('expand_constraint_data_size', 'R3.Corda', 'migration/vault-schema.changelog-v11.xml', NOW(), 28, '8:0bd51f3d930d4b03d7b1075454bb2d70', 'modifyDataType columnName=constraint_data, tableName=vault_states', '', 'EXECUTED', NULL, NULL, '3.6.3', '2067484486') {changeSet=migration/vault-schema.changelog-v11.xml::expand_constraint_data_size::R3.Corda, databaseChangeLog=master.changelog.json}
?[m?[37m[INFO] 11:44:44,533 [Test worker] jvm.JdbcExecutor. - CREATE TABLE PUBLIC.node_link_nodeinfo_party (node_info_id INT NOT NULL, party_name NVARCHAR(255) NOT NULL) {changeSet=migration/node-info.changelog-init.xml::1511451595465-4::R3.Corda, databaseChangeLog=master.changelog.json}
?[m?[37m[INFO] 11:44:44,533 [Test worker] changelog.ChangeSet. - Table node_link_nodeinfo_party created {changeSet=migration/node-info.changelog-init.xml::1511451595465-4::R3.Corda, databaseChangeLog=master.changelog.json}
?[m?[37m[INFO] 11:44:44,533 [Test worker] changelog.ChangeSet. - ChangeSet migration/node-info.changelog-init.xml::1511451595465-4::R3.Corda ran successfully in 0ms {changeSet=migration/node-info.changelog-init.xml::1511451595465-4::R3.Corda, databaseChangeLog=master.changelog.json}
?[m?[37m[INFO] 11:44:44,534 [Test worker] jvm.JdbcExecutor. - INSERT INTO PUBLIC.DATABASECHANGELOG (ID, AUTHOR, FILENAME, DATEEXECUTED, ORDEREXECUTED, MD5SUM, DESCRIPTION, COMMENTS, EXECTYPE, CONTEXTS, LABELS, LIQUIBASE, DEPLOYMENT_ID) VALUES ('1511451595465-4', 'R3.Corda', 'migration/node-info.changelog-init.xml', NOW(), 29, '8:cbf3edf78266c3bd22738eaf20c7c111', 'createTable tableName=node_link_nodeinfo_party', '', 'EXECUTED', NULL, NULL, '3.6.3', '2067484486') {changeSet=migration/node-info.changelog-init.xml::1511451595465-4::R3.Corda, databaseChangeLog=master.changelog.json}
?[m?[37m[INFO] 11:44:44,534 [Test worker] jvm.JdbcExecutor. - CREATE TABLE PUBLIC.node_info_hosts (host NVARCHAR(255) NOT NULL, port INT NOT NULL, node_info_id INT) {changeSet=migration/node-info.changelog-init.xml::1511451595465-10::R3.Corda, databaseChangeLog=master.changelog.json}
?[m?[37m[INFO] 11:44:44,534 [Test worker] changelog.ChangeSet. - Table node_info_hosts created {changeSet=migration/node-info.changelog-init.xml::1511451595465-10::R3.Corda, databaseChangeLog=master.changelog.json}
?[m?[37m[INFO] 11:44:44,534 [Test worker] changelog.ChangeSet. - ChangeSet migration/node-info.changelog-init.xml::1511451595465-10::R3.Corda ran successfully in 0ms {changeSet=migration/node-info.changelog-init.xml::1511451595465-10::R3.Corda, databaseChangeLog=master.changelog.json}
?[m?[37m[INFO] 11:44:44,535 [Test worker] jvm.JdbcExecutor. - INSERT INTO PUBLIC.DATABASECHANGELOG (ID, AUTHOR, FILENAME, DATEEXECUTED, ORDEREXECUTED, MD5SUM, DESCRIPTION, COMMENTS, EXECTYPE, CONTEXTS, LABELS, LIQUIBASE, DEPLOYMENT_ID) VALUES ('1511451595465-10', 'R3.Corda', 'migration/node-info.changelog-init.xml', NOW(), 30, '8:f0b2c5a77ffde6aaa3c417095fc220a9', 'createTable tableName=node_info_hosts', '', 'EXECUTED', NULL, NULL, '3.6.3', '2067484486') {changeSet=migration/node-info.changelog-init.xml::1511451595465-10::R3.Corda, databaseChangeLog=master.changelog.json}
?[m?[37m[INFO] 11:44:44,535 [Test worker] jvm.JdbcExecutor. - CREATE TABLE PUBLIC.node_info_party_cert (party_name NVARCHAR(255) NOT NULL, ismain BOOLEAN NOT NULL, owning_key_hash NVARCHAR(130), party_cert_binary BLOB) {changeSet=migration/node-info.changelog-init.xml::1511451595465-11::R3.Corda, databaseChangeLog=master.changelog.json}
?[m?[37m[INFO] 11:44:44,535 [Test worker] changelog.ChangeSet. - Table node_info_party_cert created {changeSet=migration/node-info.changelog-init.xml::1511451595465-11::R3.Corda, databaseChangeLog=master.changelog.json}
?[m?[37m[INFO] 11:44:44,535 [Test worker] changelog.ChangeSet. - ChangeSet migration/node-info.changelog-init.xml::1511451595465-11::R3.Corda ran successfully in 0ms {changeSet=migration/node-info.changelog-init.xml::1511451595465-11::R3.Corda, databaseChangeLog=master.changelog.json}
?[m?[37m[INFO] 11:44:44,536 [Test worker] jvm.JdbcExecutor. - INSERT INTO PUBLIC.DATABASECHANGELOG (ID, AUTHOR, FILENAME, DATEEXECUTED, ORDEREXECUTED, MD5SUM, DESCRIPTION, COMMENTS, EXECTYPE, CONTEXTS, LABELS, LIQUIBASE, DEPLOYMENT_ID) VALUES ('1511451595465-11', 'R3.Corda', 'migration/node-info.changelog-init.xml', NOW(), 31, '8:5eacbf7ce0d85376219f1903b55f5e18', 'createTable tableName=node_info_party_cert', '', 'EXECUTED', NULL, NULL, '3.6.3', '2067484486') {changeSet=migration/node-info.changelog-init.xml::1511451595465-11::R3.Corda, databaseChangeLog=master.changelog.json}
?[m?[37m[INFO] 11:44:44,536 [Test worker] jvm.JdbcExecutor. - CREATE TABLE PUBLIC.node_infos (node_info_id INT NOT NULL, node_info_hash NVARCHAR(64), platform_version INT, serial BIGINT) {changeSet=migration/node-info.changelog-init.xml::1511451595465-12::R3.Corda, databaseChangeLog=master.changelog.json}
?[m?[37m[INFO] 11:44:44,536 [Test worker] changelog.ChangeSet. - Table node_infos created {changeSet=migration/node-info.changelog-init.xml::1511451595465-12::R3.Corda, databaseChangeLog=master.changelog.json}
?[m?[37m[INFO] 11:44:44,536 [Test worker] changelog.ChangeSet. - ChangeSet migration/node-info.changelog-init.xml::1511451595465-12::R3.Corda ran successfully in 0ms {changeSet=migration/node-info.changelog-init.xml::1511451595465-12::R3.Corda, databaseChangeLog=master.changelog.json}
?[m?[37m[INFO] 11:44:44,536 [Test worker] jvm.JdbcExecutor. - INSERT INTO PUBLIC.DATABASECHANGELOG (ID, AUTHOR, FILENAME, DATEEXECUTED, ORDEREXECUTED, MD5SUM, DESCRIPTION, COMMENTS, EXECTYPE, CONTEXTS, LABELS, LIQUIBASE, DEPLOYMENT_ID) VALUES ('1511451595465-12', 'R3.Corda', 'migration/node-info.changelog-init.xml', NOW(), 32, '8:7e30f20cf268860d637ecfb8635f45a3', 'createTable tableName=node_infos', '', 'EXECUTED', NULL, NULL, '3.6.3', '2067484486') {changeSet=migration/node-info.changelog-init.xml::1511451595465-12::R3.Corda, databaseChangeLog=master.changelog.json}
?[m?[37m[INFO] 11:44:44,537 [Test worker] jvm.JdbcExecutor. - ALTER TABLE PUBLIC.node_info_hosts ADD CONSTRAINT node_info_hosts_pkey PRIMARY KEY (host, port) {changeSet=migration/node-info.changelog-init.xml::1511451595465-35::R3.Corda, databaseChangeLog=master.changelog.json}
?[m?[37m[INFO] 11:44:44,537 [Test worker] changelog.ChangeSet. - Primary key added to node_info_hosts (host, port) {changeSet=migration/node-info.changelog-init.xml::1511451595465-35::R3.Corda, databaseChangeLog=master.changelog.json}
?[m?[37m[INFO] 11:44:44,537 [Test worker] changelog.ChangeSet. - ChangeSet migration/node-info.changelog-init.xml::1511451595465-35::R3.Corda ran successfully in 1ms {changeSet=migration/node-info.changelog-init.xml::1511451595465-35::R3.Corda, databaseChangeLog=master.changelog.json}
?[m?[37m[INFO] 11:44:44,537 [Test worker] jvm.JdbcExecutor. - INSERT INTO PUBLIC.DATABASECHANGELOG (ID, AUTHOR, FILENAME, DATEEXECUTED, ORDEREXECUTED, MD5SUM, DESCRIPTION, COMMENTS, EXECTYPE, CONTEXTS, LABELS, LIQUIBASE, DEPLOYMENT_ID) VALUES ('1511451595465-35', 'R3.Corda', 'migration/node-info.changelog-init.xml', NOW(), 33, '8:0d1a734e7350a8278808f540d992fedf', 'addPrimaryKey constraintName=node_info_hosts_pkey, tableName=node_info_hosts', '', 'EXECUTED', NULL, NULL, '3.6.3', '2067484486') {changeSet=migration/node-info.changelog-init.xml::1511451595465-35::R3.Corda, databaseChangeLog=master.changelog.json}
?[m?[37m[INFO] 11:44:44,537 [Test worker] jvm.JdbcExecutor. - ALTER TABLE PUBLIC.node_info_party_cert ADD CONSTRAINT node_info_party_cert_pkey PRIMARY KEY (party_name) {changeSet=migration/node-info.changelog-init.xml::1511451595465-36::R3.Corda, databaseChangeLog=master.changelog.json}
?[m?[37m[INFO] 11:44:44,538 [Test worker] changelog.ChangeSet. - Primary key added to node_info_party_cert (party_name) {changeSet=migration/node-info.changelog-init.xml::1511451595465-36::R3.Corda, databaseChangeLog=master.changelog.json}
?[m?[37m[INFO] 11:44:44,538 [Test worker] changelog.ChangeSet. - ChangeSet migration/node-info.changelog-init.xml::1511451595465-36::R3.Corda ran successfully in 1ms {changeSet=migration/node-info.changelog-init.xml::1511451595465-36::R3.Corda, databaseChangeLog=master.changelog.json}
?[m?[37m[INFO] 11:44:44,539 [Test worker] jvm.JdbcExecutor. - INSERT INTO PUBLIC.DATABASECHANGELOG (ID, AUTHOR, FILENAME, DATEEXECUTED, ORDEREXECUTED, MD5SUM, DESCRIPTION, COMMENTS, EXECTYPE, CONTEXTS, LABELS, LIQUIBASE, DEPLOYMENT_ID) VALUES ('1511451595465-36', 'R3.Corda', 'migration/node-info.changelog-init.xml', NOW(), 34, '8:dc78ba227ce869f406d2645c2064e8dc', 'addPrimaryKey constraintName=node_info_party_cert_pkey, tableName=node_info_party_cert', '', 'EXECUTED', NULL, NULL, '3.6.3', '2067484486') {changeSet=migration/node-info.changelog-init.xml::1511451595465-36::R3.Corda, databaseChangeLog=master.changelog.json}
?[m?[37m[INFO] 11:44:44,539 [Test worker] jvm.JdbcExecutor. - ALTER TABLE PUBLIC.node_infos ADD CONSTRAINT node_infos_pkey PRIMARY KEY (node_info_id) {changeSet=migration/node-info.changelog-init.xml::1511451595465-37::R3.Corda, databaseChangeLog=master.changelog.json}
?[m?[37m[INFO] 11:44:44,540 [Test worker] changelog.ChangeSet. - Primary key added to node_infos (node_info_id) {changeSet=migration/node-info.changelog-init.xml::1511451595465-37::R3.Corda, databaseChangeLog=master.changelog.json}
?[m?[37m[INFO] 11:44:44,540 [Test worker] changelog.ChangeSet. - ChangeSet migration/node-info.changelog-init.xml::1511451595465-37::R3.Corda ran successfully in 1ms {changeSet=migration/node-info.changelog-init.xml::1511451595465-37::R3.Corda, databaseChangeLog=master.changelog.json}
?[m?[37m[INFO] 11:44:44,541 [Test worker] jvm.JdbcExecutor. - INSERT INTO PUBLIC.DATABASECHANGELOG (ID, AUTHOR, FILENAME, DATEEXECUTED, ORDEREXECUTED, MD5SUM, DESCRIPTION, COMMENTS, EXECTYPE, CONTEXTS, LABELS, LIQUIBASE, DEPLOYMENT_ID) VALUES ('1511451595465-37', 'R3.Corda', 'migration/node-info.changelog-init.xml', NOW(), 35, '8:c07cbda2d04c6d77539ac802c66df023', 'addPrimaryKey constraintName=node_infos_pkey, tableName=node_infos', '', 'EXECUTED', NULL, NULL, '3.6.3', '2067484486') {changeSet=migration/node-info.changelog-init.xml::1511451595465-37::R3.Corda, databaseChangeLog=master.changelog.json}
?[m?[37m[INFO] 11:44:44,541 [Test worker] jvm.JdbcExecutor. - ALTER TABLE PUBLIC.node_link_nodeinfo_party ADD CONSTRAINT FK__link_nodeinfo_party__infos FOREIGN KEY (node_info_id) REFERENCES PUBLIC.node_infos (node_info_id) {changeSet=migration/node-info.changelog-init.xml::1511451595465-62::R3.Corda, databaseChangeLog=master.changelog.json}
?[m?[37m[INFO] 11:44:44,542 [Test worker] changelog.ChangeSet. - Foreign key constraint added to node_link_nodeinfo_party (node_info_id) {changeSet=migration/node-info.changelog-init.xml::1511451595465-62::R3.Corda, databaseChangeLog=master.changelog.json}
?[m?[37m[INFO] 11:44:44,542 [Test worker] changelog.ChangeSet. - ChangeSet migration/node-info.changelog-init.xml::1511451595465-62::R3.Corda ran successfully in 1ms {changeSet=migration/node-info.changelog-init.xml::1511451595465-62::R3.Corda, databaseChangeLog=master.changelog.json}
?[m?[37m[INFO] 11:44:44,543 [Test worker] jvm.JdbcExecutor. - INSERT INTO PUBLIC.DATABASECHANGELOG (ID, AUTHOR, FILENAME, DATEEXECUTED, ORDEREXECUTED, MD5SUM, DESCRIPTION, COMMENTS, EXECTYPE, CONTEXTS, LABELS, LIQUIBASE, DEPLOYMENT_ID) VALUES ('1511451595465-62', 'R3.Corda', 'migration/node-info.changelog-init.xml', NOW(), 36, '8:073bbdb8865055a19cde67340a2063e2', 'addForeignKeyConstraint baseTableName=node_link_nodeinfo_party, constraintName=FK__link_nodeinfo_party__infos, referencedTableName=node_infos', '', 'EXECUTED', NULL, NULL, '3.6.3', '2067484486') {changeSet=migration/node-info.changelog-init.xml::1511451595465-62::R3.Corda, databaseChangeLog=master.changelog.json}
?[m?[37m[INFO] 11:44:44,543 [Test worker] jvm.JdbcExecutor. - ALTER TABLE PUBLIC.node_info_hosts ADD CONSTRAINT FK__info_hosts__infos FOREIGN KEY (node_info_id) REFERENCES PUBLIC.node_infos (node_info_id) {changeSet=migration/node-info.changelog-init.xml::1511451595465-63::R3.Corda, databaseChangeLog=master.changelog.json}
?[m?[37m[INFO] 11:44:44,543 [Test worker] changelog.ChangeSet. - Foreign key constraint added to node_info_hosts (node_info_id) {changeSet=migration/node-info.changelog-init.xml::1511451595465-63::R3.Corda, databaseChangeLog=master.changelog.json}
?[m?[37m[INFO] 11:44:44,543 [Test worker] changelog.ChangeSet. - ChangeSet migration/node-info.changelog-init.xml::1511451595465-63::R3.Corda ran successfully in 0ms {changeSet=migration/node-info.changelog-init.xml::1511451595465-63::R3.Corda, databaseChangeLog=master.changelog.json}
?[m?[37m[INFO] 11:44:44,544 [Test worker] jvm.JdbcExecutor. - INSERT INTO PUBLIC.DATABASECHANGELOG (ID, AUTHOR, FILENAME, DATEEXECUTED, ORDEREXECUTED, MD5SUM, DESCRIPTION, COMMENTS, EXECTYPE, CONTEXTS, LABELS, LIQUIBASE, DEPLOYMENT_ID) VALUES ('1511451595465-63', 'R3.Corda', 'migration/node-info.changelog-init.xml', NOW(), 37, '8:fa5ee007de41334ad2ac991b32969076', 'addForeignKeyConstraint baseTableName=node_info_hosts, constraintName=FK__info_hosts__infos, referencedTableName=node_infos', '', 'EXECUTED', NULL, NULL, '3.6.3', '2067484486') {changeSet=migration/node-info.changelog-init.xml::1511451595465-63::R3.Corda, databaseChangeLog=master.changelog.json}
?[m?[37m[INFO] 11:44:44,544 [Test worker] jvm.JdbcExecutor. - DELETE FROM PUBLIC.node_infos {changeSet=migration/node-info.changelog-init.xml::remove_host_port_pk::R3.Corda, databaseChangeLog=master.changelog.json}
?[m?[37m[INFO] 11:44:44,544 [Test worker] changelog.ChangeSet. - Data deleted from node_infos {changeSet=migration/node-info.changelog-init.xml::remove_host_port_pk::R3.Corda, databaseChangeLog=master.changelog.json}
?[m?[37m[INFO] 11:44:44,544 [Test worker] jvm.JdbcExecutor. - DELETE FROM PUBLIC.node_link_nodeinfo_party {changeSet=migration/node-info.changelog-init.xml::remove_host_port_pk::R3.Corda, databaseChangeLog=master.changelog.json}
?[m?[37m[INFO] 11:44:44,544 [Test worker] changelog.ChangeSet. - Data deleted from node_link_nodeinfo_party {changeSet=migration/node-info.changelog-init.xml::remove_host_port_pk::R3.Corda, databaseChangeLog=master.changelog.json}
?[m?[37m[INFO] 11:44:44,544 [Test worker] jvm.JdbcExecutor. - DELETE FROM PUBLIC.node_info_hosts {changeSet=migration/node-info.changelog-init.xml::remove_host_port_pk::R3.Corda, databaseChangeLog=master.changelog.json}
?[m?[37m[INFO] 11:44:44,544 [Test worker] changelog.ChangeSet. - Data deleted from node_info_hosts {changeSet=migration/node-info.changelog-init.xml::remove_host_port_pk::R3.Corda, databaseChangeLog=master.changelog.json}
?[m?[37m[INFO] 11:44:44,544 [Test worker] jvm.JdbcExecutor. - DELETE FROM PUBLIC.node_info_party_cert {changeSet=migration/node-info.changelog-init.xml::remove_host_port_pk::R3.Corda, databaseChangeLog=master.changelog.json}
?[m?[37m[INFO] 11:44:44,544 [Test worker] changelog.ChangeSet. - Data deleted from node_info_party_cert {changeSet=migration/node-info.changelog-init.xml::remove_host_port_pk::R3.Corda, databaseChangeLog=master.changelog.json}
?[m?[37m[INFO] 11:44:44,544 [Test worker] jvm.JdbcExecutor. - ALTER TABLE PUBLIC.node_info_hosts DROP PRIMARY KEY {changeSet=migration/node-info.changelog-init.xml::remove_host_port_pk::R3.Corda, databaseChangeLog=master.changelog.json}
?[m?[37m[INFO] 11:44:44,544 [Test worker] changelog.ChangeSet. - Primary key dropped from node_info_hosts {changeSet=migration/node-info.changelog-init.xml::remove_host_port_pk::R3.Corda, databaseChangeLog=master.changelog.json}
?[m?[37m[INFO] 11:44:44,544 [Test worker] jvm.JdbcExecutor. - ALTER TABLE PUBLIC.node_info_hosts ADD hosts_id INT NOT NULL {changeSet=migration/node-info.changelog-init.xml::remove_host_port_pk::R3.Corda, databaseChangeLog=master.changelog.json}
?[m?[37m[INFO] 11:44:44,545 [Test worker] changelog.ChangeSet. - Columns hosts_id(INT) added to node_info_hosts {changeSet=migration/node-info.changelog-init.xml::remove_host_port_pk::R3.Corda, databaseChangeLog=master.changelog.json}
?[m?[37m[INFO] 11:44:44,545 [Test worker] jvm.JdbcExecutor. - ALTER TABLE PUBLIC.node_info_hosts ADD CONSTRAINT node_info_hosts_pkey_id PRIMARY KEY (hosts_id) {changeSet=migration/node-info.changelog-init.xml::remove_host_port_pk::R3.Corda, databaseChangeLog=master.changelog.json}
?[m?[37m[INFO] 11:44:44,545 [Test worker] changelog.ChangeSet. - Primary key added to node_info_hosts (hosts_id) {changeSet=migration/node-info.changelog-init.xml::remove_host_port_pk::R3.Corda, databaseChangeLog=master.changelog.json}
?[m?[37m[INFO] 11:44:44,545 [Test worker] changelog.ChangeSet. - ChangeSet migration/node-info.changelog-init.xml::remove_host_port_pk::R3.Corda ran successfully in 1ms {changeSet=migration/node-info.changelog-init.xml::remove_host_port_pk::R3.Corda, databaseChangeLog=master.changelog.json}
?[m?[37m[INFO] 11:44:44,546 [Test worker] jvm.JdbcExecutor. - INSERT INTO PUBLIC.DATABASECHANGELOG (ID, AUTHOR, FILENAME, DATEEXECUTED, ORDEREXECUTED, MD5SUM, DESCRIPTION, COMMENTS, EXECTYPE, CONTEXTS, LABELS, LIQUIBASE, DEPLOYMENT_ID) VALUES ('remove_host_port_pk', 'R3.Corda', 'migration/node-info.changelog-init.xml', NOW(), 38, '8:50fa65c10fd9bb3d89e0ad75d29a0e4d', 'delete tableName=node_infos; delete tableName=node_link_nodeinfo_party; delete tableName=node_info_hosts; delete tableName=node_info_party_cert; dropPrimaryKey constraintName=node_info_hosts_pkey, tableName=node_info_hosts; addColumn tableName=nod...', '', 'EXECUTED', NULL, NULL, '3.6.3', '2067484486') {changeSet=migration/node-info.changelog-init.xml::remove_host_port_pk::R3.Corda, databaseChangeLog=master.changelog.json}
?[m?[37m[INFO] 11:44:44,547 [Test worker] jvm.JdbcExecutor. - CREATE TABLE PUBLIC.node_properties (property_key NVARCHAR(255) NOT NULL, property_value NVARCHAR(255)) {changeSet=migration/node-info.changelog-v1.xml::key/value node properties table::R3.Corda, databaseChangeLog=master.changelog.json}
?[m?[37m[INFO] 11:44:44,547 [Test worker] changelog.ChangeSet. - Table node_properties created {changeSet=migration/node-info.changelog-v1.xml::key/value node properties table::R3.Corda, databaseChangeLog=master.changelog.json}
?[m?[37m[INFO] 11:44:44,547 [Test worker] changelog.ChangeSet. - ChangeSet migration/node-info.changelog-v1.xml::key/value node properties table::R3.Corda ran successfully in 1ms {changeSet=migration/node-info.changelog-v1.xml::key/value node properties table::R3.Corda, databaseChangeLog=master.changelog.json}
?[m?[37m[INFO] 11:44:44,548 [Test worker] jvm.JdbcExecutor. - INSERT INTO PUBLIC.DATABASECHANGELOG (ID, AUTHOR, FILENAME, DATEEXECUTED, ORDEREXECUTED, MD5SUM, DESCRIPTION, COMMENTS, EXECTYPE, CONTEXTS, LABELS, LIQUIBASE, DEPLOYMENT_ID) VALUES ('key/value node properties table', 'R3.Corda', 'migration/node-info.changelog-v1.xml', NOW(), 39, '8:39e4c897aa5e893e79a0434af2948a91', 'createTable tableName=node_properties', '', 'EXECUTED', NULL, NULL, '3.6.3', '2067484486') {changeSet=migration/node-info.changelog-v1.xml::key/value node properties table::R3.Corda, databaseChangeLog=master.changelog.json}
?[m?[37m[INFO] 11:44:44,548 [Test worker] jvm.JdbcExecutor. - ALTER TABLE PUBLIC.node_infos ALTER COLUMN node_info_hash SET NOT NULL {changeSet=migration/node-info.changelog-v2.xml::1525962920::R3.Corda, databaseChangeLog=master.changelog.json}
?[m?[37m[INFO] 11:44:44,549 [Test worker] changelog.ChangeSet. - NOT NULL constraint has been added to node_infos.node_info_hash {changeSet=migration/node-info.changelog-v2.xml::1525962920::R3.Corda, databaseChangeLog=master.changelog.json}
?[m?[37m[INFO] 11:44:44,549 [Test worker] jvm.JdbcExecutor. - ALTER TABLE PUBLIC.node_infos ALTER COLUMN platform_version SET NOT NULL {changeSet=migration/node-info.changelog-v2.xml::1525962920::R3.Corda, databaseChangeLog=master.changelog.json}
?[m?[37m[INFO] 11:44:44,549 [Test worker] changelog.ChangeSet. - NOT NULL constraint has been added to node_infos.platform_version {changeSet=migration/node-info.changelog-v2.xml::1525962920::R3.Corda, databaseChangeLog=master.changelog.json}
?[m?[37m[INFO] 11:44:44,549 [Test worker] jvm.JdbcExecutor. - ALTER TABLE PUBLIC.node_infos ALTER COLUMN serial SET NOT NULL {changeSet=migration/node-info.changelog-v2.xml::1525962920::R3.Corda, databaseChangeLog=master.changelog.json}
?[m?[37m[INFO] 11:44:44,549 [Test worker] changelog.ChangeSet. - NOT NULL constraint has been added to node_infos.serial {changeSet=migration/node-info.changelog-v2.xml::1525962920::R3.Corda, databaseChangeLog=master.changelog.json}
?[m?[37m[INFO] 11:44:44,549 [Test worker] jvm.JdbcExecutor. - ALTER TABLE PUBLIC.node_info_hosts ALTER COLUMN host SET NULL {changeSet=migration/node-info.changelog-v2.xml::1525962920::R3.Corda, databaseChangeLog=master.changelog.json}
?[m?[37m[INFO] 11:44:44,549 [Test worker] changelog.ChangeSet. - Null constraint dropped from node_info_hosts.host {changeSet=migration/node-info.changelog-v2.xml::1525962920::R3.Corda, databaseChangeLog=master.changelog.json}
?[m?[37m[INFO] 11:44:44,549 [Test worker] jvm.JdbcExecutor. - ALTER TABLE PUBLIC.node_info_hosts ALTER COLUMN port SET NULL {changeSet=migration/node-info.changelog-v2.xml::1525962920::R3.Corda, databaseChangeLog=master.changelog.json}
?[m?[37m[INFO] 11:44:44,549 [Test worker] changelog.ChangeSet. - Null constraint dropped from node_info_hosts.port {changeSet=migration/node-info.changelog-v2.xml::1525962920::R3.Corda, databaseChangeLog=master.changelog.json}
?[m?[37m[INFO] 11:44:44,549 [Test worker] jvm.JdbcExecutor. - ALTER TABLE PUBLIC.node_info_party_cert ALTER COLUMN owning_key_hash SET NOT NULL {changeSet=migration/node-info.changelog-v2.xml::1525962920::R3.Corda, databaseChangeLog=master.changelog.json}
?[m?[37m[INFO] 11:44:44,549 [Test worker] changelog.ChangeSet. - NOT NULL constraint has been added to node_info_party_cert.owning_key_hash {changeSet=migration/node-info.changelog-v2.xml::1525962920::R3.Corda, databaseChangeLog=master.changelog.json}
?[m?[37m[INFO] 11:44:44,549 [Test worker] jvm.JdbcExecutor. - ALTER TABLE PUBLIC.node_info_party_cert ALTER COLUMN party_cert_binary SET NOT NULL {changeSet=migration/node-info.changelog-v2.xml::1525962920::R3.Corda, databaseChangeLog=master.changelog.json}
?[m?[37m[INFO] 11:44:44,550 [Test worker] changelog.ChangeSet. - NOT NULL constraint has been added to node_info_party_cert.party_cert_binary {changeSet=migration/node-info.changelog-v2.xml::1525962920::R3.Corda, databaseChangeLog=master.changelog.json}
?[m?[37m[INFO] 11:44:44,550 [Test worker] changelog.ChangeSet. - ChangeSet migration/node-info.changelog-v2.xml::1525962920::R3.Corda ran successfully in 2ms {changeSet=migration/node-info.changelog-v2.xml::1525962920::R3.Corda, databaseChangeLog=master.changelog.json}
?[m?[37m[INFO] 11:44:44,551 [Test worker] jvm.JdbcExecutor. - INSERT INTO PUBLIC.DATABASECHANGELOG (ID, AUTHOR, FILENAME, DATEEXECUTED, ORDEREXECUTED, MD5SUM, DESCRIPTION, COMMENTS, EXECTYPE, CONTEXTS, LABELS, LIQUIBASE, DEPLOYMENT_ID) VALUES ('1525962920', 'R3.Corda', 'migration/node-info.changelog-v2.xml', NOW(), 40, '8:cc835e848ed6cc1f4b2a2e8e31fa92f1', 'addNotNullConstraint columnName=node_info_hash, tableName=node_infos; addNotNullConstraint columnName=platform_version, tableName=node_infos; addNotNullConstraint columnName=serial, tableName=node_infos; dropNotNullConstraint columnName=host, tabl...', '', 'EXECUTED', NULL, NULL, '3.6.3', '2067484486') {changeSet=migration/node-info.changelog-v2.xml::1525962920::R3.Corda, databaseChangeLog=master.changelog.json}
?[m?[37m[INFO] 11:44:44,551 [Test worker] jvm.JdbcExecutor. - ALTER TABLE PUBLIC.node_info_hosts ALTER COLUMN host RENAME TO host_name {changeSet=migration/node-info.changelog-v3.xml::column_host_name::R3.Corda, databaseChangeLog=master.changelog.json}
?[m?[37m[INFO] 11:44:44,552 [Test worker] changelog.ChangeSet. - Column node_info_hosts.host renamed to host_name {changeSet=migration/node-info.changelog-v3.xml::column_host_name::R3.Corda, databaseChangeLog=master.changelog.json}
?[m?[37m[INFO] 11:44:44,552 [Test worker] changelog.ChangeSet. - ChangeSet migration/node-info.changelog-v3.xml::column_host_name::R3.Corda ran successfully in 1ms {changeSet=migration/node-info.changelog-v3.xml::column_host_name::R3.Corda, databaseChangeLog=master.changelog.json}
?[m?[37m[INFO] 11:44:44,552 [Test worker] jvm.JdbcExecutor. - INSERT INTO PUBLIC.DATABASECHANGELOG (ID, AUTHOR, FILENAME, DATEEXECUTED, ORDEREXECUTED, MD5SUM, DESCRIPTION, COMMENTS, EXECTYPE, CONTEXTS, LABELS, LIQUIBASE, DEPLOYMENT_ID) VALUES ('column_host_name', 'R3.Corda', 'migration/node-info.changelog-v3.xml', NOW(), 41, '8:e5fb9380221a91515f45ee44c9c30053', 'renameColumn newColumnName=host_name, oldColumnName=host, tableName=node_info_hosts', '', 'EXECUTED', NULL, NULL, '3.6.3', '2067484486') {changeSet=migration/node-info.changelog-v3.xml::column_host_name::R3.Corda, databaseChangeLog=master.changelog.json}
?[m?[37m[INFO] 11:44:44,553 [Test worker] jvm.JdbcExecutor. - CREATE TABLE PUBLIC.node_attachments (att_id NVARCHAR(255) NOT NULL, content BLOB, filename NVARCHAR(255), insertion_date TIMESTAMP NOT NULL, uploader NVARCHAR(255)) {changeSet=migration/node-services.changelog-init.xml::1511451595465-5::R3.Corda, databaseChangeLog=master.changelog.json}
?[m?[37m[INFO] 11:44:44,553 [Test worker] changelog.ChangeSet. - Table node_attachments created {changeSet=migration/node-services.changelog-init.xml::1511451595465-5::R3.Corda, databaseChangeLog=master.changelog.json}
?[m?[37m[INFO] 11:44:44,553 [Test worker] changelog.ChangeSet. - ChangeSet migration/node-services.changelog-init.xml::1511451595465-5::R3.Corda ran successfully in 1ms {changeSet=migration/node-services.changelog-init.xml::1511451595465-5::R3.Corda, databaseChangeLog=master.changelog.json}
?[m?[37m[INFO] 11:44:44,553 [Test worker] jvm.JdbcExecutor. - INSERT INTO PUBLIC.DATABASECHANGELOG (ID, AUTHOR, FILENAME, DATEEXECUTED, ORDEREXECUTED, MD5SUM, DESCRIPTION, COMMENTS, EXECTYPE, CONTEXTS, LABELS, LIQUIBASE, DEPLOYMENT_ID) VALUES ('1511451595465-5', 'R3.Corda', 'migration/node-services.changelog-init.xml', NOW(), 42, '8:380e64788d9896c1166e4c22336d01e4', 'createTable tableName=node_attachments', '', 'EXECUTED', NULL, NULL, '3.6.3', '2067484486') {changeSet=migration/node-services.changelog-init.xml::1511451595465-5::R3.Corda, databaseChangeLog=master.changelog.json}
?[m?[37m[INFO] 11:44:44,554 [Test worker] jvm.JdbcExecutor. - CREATE TABLE PUBLIC.node_checkpoints (checkpoint_id NVARCHAR(64) NOT NULL, checkpoint_value BLOB) {changeSet=migration/node-services.changelog-init.xml::1511451595465-7::R3.Corda, databaseChangeLog=master.changelog.json}
?[m?[37m[INFO] 11:44:44,554 [Test worker] changelog.ChangeSet. - Table node_checkpoints created {changeSet=migration/node-services.changelog-init.xml::1511451595465-7::R3.Corda, databaseChangeLog=master.changelog.json}
?[m?[37m[INFO] 11:44:44,554 [Test worker] changelog.ChangeSet. - ChangeSet migration/node-services.changelog-init.xml::1511451595465-7::R3.Corda ran successfully in 0ms {changeSet=migration/node-services.changelog-init.xml::1511451595465-7::R3.Corda, databaseChangeLog=master.changelog.json}
?[m?[37m[INFO] 11:44:44,554 [Test worker] jvm.JdbcExecutor. - INSERT INTO PUBLIC.DATABASECHANGELOG (ID, AUTHOR, FILENAME, DATEEXECUTED, ORDEREXECUTED, MD5SUM, DESCRIPTION, COMMENTS, EXECTYPE, CONTEXTS, LABELS, LIQUIBASE, DEPLOYMENT_ID) VALUES ('1511451595465-7', 'R3.Corda', 'migration/node-services.changelog-init.xml', NOW(), 43, '8:8aefa1967ed80f8f98b69247c70c9f24', 'createTable tableName=node_checkpoints', '', 'EXECUTED', NULL, NULL, '3.6.3', '2067484486') {changeSet=migration/node-services.changelog-init.xml::1511451595465-7::R3.Corda, databaseChangeLog=master.changelog.json}
?[m?[37m[INFO] 11:44:44,555 [Test worker] jvm.JdbcExecutor. - CREATE TABLE PUBLIC.node_contract_upgrades (state_ref NVARCHAR(96) NOT NULL, contract_class_name NVARCHAR(255)) {changeSet=migration/node-services.changelog-init.xml::1511451595465-8::R3.Corda, databaseChangeLog=master.changelog.json}
?[m?[37m[INFO] 11:44:44,555 [Test worker] changelog.ChangeSet. - Table node_contract_upgrades created {changeSet=migration/node-services.changelog-init.xml::1511451595465-8::R3.Corda, databaseChangeLog=master.changelog.json}
?[m?[37m[INFO] 11:44:44,555 [Test worker] changelog.ChangeSet. - ChangeSet migration/node-services.changelog-init.xml::1511451595465-8::R3.Corda ran successfully in 0ms {changeSet=migration/node-services.changelog-init.xml::1511451595465-8::R3.Corda, databaseChangeLog=master.changelog.json}
?[m?[37m[INFO] 11:44:44,556 [Test worker] jvm.JdbcExecutor. - INSERT INTO PUBLIC.DATABASECHANGELOG (ID, AUTHOR, FILENAME, DATEEXECUTED, ORDEREXECUTED, MD5SUM, DESCRIPTION, COMMENTS, EXECTYPE, CONTEXTS, LABELS, LIQUIBASE, DEPLOYMENT_ID) VALUES ('1511451595465-8', 'R3.Corda', 'migration/node-services.changelog-init.xml', NOW(), 44, '8:6b06fe4c0ef085967f4dbd00dca08533', 'createTable tableName=node_contract_upgrades', '', 'EXECUTED', NULL, NULL, '3.6.3', '2067484486') {changeSet=migration/node-services.changelog-init.xml::1511451595465-8::R3.Corda, databaseChangeLog=master.changelog.json}
?[m?[37m[INFO] 11:44:44,556 [Test worker] jvm.JdbcExecutor. - CREATE TABLE PUBLIC.node_identities (pk_hash NVARCHAR(130) NOT NULL, identity_value BLOB) {changeSet=migration/node-services.changelog-init.xml::1511451595465-9::R3.Corda, databaseChangeLog=master.changelog.json}
?[m?[37m[INFO] 11:44:44,556 [Test worker] changelog.ChangeSet. - Table node_identities created {changeSet=migration/node-services.changelog-init.xml::1511451595465-9::R3.Corda, databaseChangeLog=master.changelog.json}
?[m?[37m[INFO] 11:44:44,556 [Test worker] changelog.ChangeSet. - ChangeSet migration/node-services.changelog-init.xml::1511451595465-9::R3.Corda ran successfully in 0ms {changeSet=migration/node-services.changelog-init.xml::1511451595465-9::R3.Corda, databaseChangeLog=master.changelog.json}
?[m?[37m[INFO] 11:44:44,557 [Test worker] jvm.JdbcExecutor. - INSERT INTO PUBLIC.DATABASECHANGELOG (ID, AUTHOR, FILENAME, DATEEXECUTED, ORDEREXECUTED, MD5SUM, DESCRIPTION, COMMENTS, EXECTYPE, CONTEXTS, LABELS, LIQUIBASE, DEPLOYMENT_ID) VALUES ('1511451595465-9', 'R3.Corda', 'migration/node-services.changelog-init.xml', NOW(), 45, '8:293963c9989772e272e1397c8ae9dfb1', 'createTable tableName=node_identities', '', 'EXECUTED', NULL, NULL, '3.6.3', '2067484486') {changeSet=migration/node-services.changelog-init.xml::1511451595465-9::R3.Corda, databaseChangeLog=master.changelog.json}
?[m?[37m[INFO] 11:44:44,558 [Test worker] jvm.JdbcExecutor. - CREATE TABLE PUBLIC.node_message_ids (message_id NVARCHAR(64) NOT NULL, insertion_time TIMESTAMP) {changeSet=migration/node-services.changelog-init.xml::1511451595465-13::R3.Corda, databaseChangeLog=master.changelog.json}
?[m?[37m[INFO] 11:44:44,558 [Test worker] changelog.ChangeSet. - Table node_message_ids created {changeSet=migration/node-services.changelog-init.xml::1511451595465-13::R3.Corda, databaseChangeLog=master.changelog.json}
?[m?[37m[INFO] 11:44:44,558 [Test worker] changelog.ChangeSet. - ChangeSet migration/node-services.changelog-init.xml::1511451595465-13::R3.Corda ran successfully in 0ms {changeSet=migration/node-services.changelog-init.xml::1511451595465-13::R3.Corda, databaseChangeLog=master.changelog.json}
?[m?[37m[INFO] 11:44:44,559 [Test worker] jvm.JdbcExecutor. - INSERT INTO PUBLIC.DATABASECHANGELOG (ID, AUTHOR, FILENAME, DATEEXECUTED, ORDEREXECUTED, MD5SUM, DESCRIPTION, COMMENTS, EXECTYPE, CONTEXTS, LABELS, LIQUIBASE, DEPLOYMENT_ID) VALUES ('1511451595465-13', 'R3.Corda', 'migration/node-services.changelog-init.xml', NOW(), 46, '8:421bb9432660d6cdf67a18c6f0acdeb4', 'createTable tableName=node_message_ids', '', 'EXECUTED', NULL, NULL, '3.6.3', '2067484486') {changeSet=migration/node-services.changelog-init.xml::1511451595465-13::R3.Corda, databaseChangeLog=master.changelog.json}
?[m?[37m[INFO] 11:44:44,560 [Test worker] jvm.JdbcExecutor. - CREATE TABLE PUBLIC.node_message_retry (message_id BIGINT NOT NULL, message BLOB, recipients BLOB) {changeSet=migration/node-services.changelog-init.xml::1511451595465-14::R3.Corda, databaseChangeLog=master.changelog.json}
?[m?[37m[INFO] 11:44:44,560 [Test worker] changelog.ChangeSet. - Table node_message_retry created {changeSet=migration/node-services.changelog-init.xml::1511451595465-14::R3.Corda, databaseChangeLog=master.changelog.json}
?[m?[37m[INFO] 11:44:44,560 [Test worker] changelog.ChangeSet. - ChangeSet migration/node-services.changelog-init.xml::1511451595465-14::R3.Corda ran successfully in 1ms {changeSet=migration/node-services.changelog-init.xml::1511451595465-14::R3.Corda, databaseChangeLog=master.changelog.json}
?[m?[37m[INFO] 11:44:44,560 [Test worker] jvm.JdbcExecutor. - INSERT INTO PUBLIC.DATABASECHANGELOG (ID, AUTHOR, FILENAME, DATEEXECUTED, ORDEREXECUTED, MD5SUM, DESCRIPTION, COMMENTS, EXECTYPE, CONTEXTS, LABELS, LIQUIBASE, DEPLOYMENT_ID) VALUES ('1511451595465-14', 'R3.Corda', 'migration/node-services.changelog-init.xml', NOW(), 47, '8:ba7acbbe63086c3c9fb627ea948864b2', 'createTable tableName=node_message_retry', '', 'EXECUTED', NULL, NULL, '3.6.3', '2067484486') {changeSet=migration/node-services.changelog-init.xml::1511451595465-14::R3.Corda, databaseChangeLog=master.changelog.json}
?[m?[37m[INFO] 11:44:44,560 [Test worker] jvm.JdbcExecutor. - CREATE TABLE PUBLIC.node_named_identities (name NVARCHAR(128) NOT NULL, pk_hash NVARCHAR(130)) {changeSet=migration/node-services.changelog-init.xml::1511451595465-15::R3.Corda, databaseChangeLog=master.changelog.json}
?[m?[37m[INFO] 11:44:44,560 [Test worker] changelog.ChangeSet. - Table node_named_identities created {changeSet=migration/node-services.changelog-init.xml::1511451595465-15::R3.Corda, databaseChangeLog=master.changelog.json}
?[m?[37m[INFO] 11:44:44,560 [Test worker] changelog.ChangeSet. - ChangeSet migration/node-services.changelog-init.xml::1511451595465-15::R3.Corda ran successfully in 0ms {changeSet=migration/node-services.changelog-init.xml::1511451595465-15::R3.Corda, databaseChangeLog=master.changelog.json}
?[m?[37m[INFO] 11:44:44,561 [Test worker] jvm.JdbcExecutor. - INSERT INTO PUBLIC.DATABASECHANGELOG (ID, AUTHOR, FILENAME, DATEEXECUTED, ORDEREXECUTED, MD5SUM, DESCRIPTION, COMMENTS, EXECTYPE, CONTEXTS, LABELS, LIQUIBASE, DEPLOYMENT_ID) VALUES ('1511451595465-15', 'R3.Corda', 'migration/node-services.changelog-init.xml', NOW(), 48, '8:bf6ca4e45e140b225f6f934935dd2f34', 'createTable tableName=node_named_identities', '', 'EXECUTED', NULL, NULL, '3.6.3', '2067484486') {changeSet=migration/node-services.changelog-init.xml::1511451595465-15::R3.Corda, databaseChangeLog=master.changelog.json}
?[m?[37m[INFO] 11:44:44,561 [Test worker] jvm.JdbcExecutor. - CREATE TABLE PUBLIC.node_our_key_pairs (public_key_hash NVARCHAR(130) NOT NULL, private_key BLOB, public_key BLOB) {changeSet=migration/node-services.changelog-init.xml::1511451595465-17::R3.Corda, databaseChangeLog=master.changelog.json}
?[m?[37m[INFO] 11:44:44,562 [Test worker] changelog.ChangeSet. - Table node_our_key_pairs created {changeSet=migration/node-services.changelog-init.xml::1511451595465-17::R3.Corda, databaseChangeLog=master.changelog.json}
?[m?[37m[INFO] 11:44:44,562 [Test worker] changelog.ChangeSet. - ChangeSet migration/node-services.changelog-init.xml::1511451595465-17::R3.Corda ran successfully in 1ms {changeSet=migration/node-services.changelog-init.xml::1511451595465-17::R3.Corda, databaseChangeLog=master.changelog.json}
?[m?[37m[INFO] 11:44:44,562 [Test worker] jvm.JdbcExecutor. - INSERT INTO PUBLIC.DATABASECHANGELOG (ID, AUTHOR, FILENAME, DATEEXECUTED, ORDEREXECUTED, MD5SUM, DESCRIPTION, COMMENTS, EXECTYPE, CONTEXTS, LABELS, LIQUIBASE, DEPLOYMENT_ID) VALUES ('1511451595465-17', 'R3.Corda', 'migration/node-services.changelog-init.xml', NOW(), 49, '8:e91eb86cb57176d4605d948f694d8441', 'createTable tableName=node_our_key_pairs', '', 'EXECUTED', NULL, NULL, '3.6.3', '2067484486') {changeSet=migration/node-services.changelog-init.xml::1511451595465-17::R3.Corda, databaseChangeLog=master.changelog.json}
?[m?[37m[INFO] 11:44:44,563 [Test worker] jvm.JdbcExecutor. - CREATE TABLE PUBLIC.node_scheduled_states (output_index INT NOT NULL, transaction_id NVARCHAR(64) NOT NULL, scheduled_at TIMESTAMP NOT NULL) {changeSet=migration/node-services.changelog-init.xml::1511451595465-19::R3.Corda, databaseChangeLog=master.changelog.json}
?[m?[37m[INFO] 11:44:44,563 [Test worker] changelog.ChangeSet. - Table node_scheduled_states created {changeSet=migration/node-services.changelog-init.xml::1511451595465-19::R3.Corda, databaseChangeLog=master.changelog.json}
?[m?[37m[INFO] 11:44:44,563 [Test worker] changelog.ChangeSet. - ChangeSet migration/node-services.changelog-init.xml::1511451595465-19::R3.Corda ran successfully in 0ms {changeSet=migration/node-services.changelog-init.xml::1511451595465-19::R3.Corda, databaseChangeLog=master.changelog.json}
?[m?[37m[INFO] 11:44:44,564 [Test worker] jvm.JdbcExecutor. - INSERT INTO PUBLIC.DATABASECHANGELOG (ID, AUTHOR, FILENAME, DATEEXECUTED, ORDEREXECUTED, MD5SUM, DESCRIPTION, COMMENTS, EXECTYPE, CONTEXTS, LABELS, LIQUIBASE, DEPLOYMENT_ID) VALUES ('1511451595465-19', 'R3.Corda', 'migration/node-services.changelog-init.xml', NOW(), 50, '8:55282f9fbfc1cb8f7583a90173e3ff4c', 'createTable tableName=node_scheduled_states', '', 'EXECUTED', NULL, NULL, '3.6.3', '2067484486') {changeSet=migration/node-services.changelog-init.xml::1511451595465-19::R3.Corda, databaseChangeLog=master.changelog.json}
?[m?[37m[INFO] 11:44:44,565 [Test worker] jvm.JdbcExecutor. - CREATE TABLE PUBLIC.node_transaction_mappings (tx_id NVARCHAR(64) NOT NULL, state_machine_run_id NVARCHAR(36)) {changeSet=migration/node-services.changelog-init.xml::1511451595465-20::R3.Corda, databaseChangeLog=master.changelog.json}
?[m?[37m[INFO] 11:44:44,565 [Test worker] changelog.ChangeSet. - Table node_transaction_mappings created {changeSet=migration/node-services.changelog-init.xml::1511451595465-20::R3.Corda, databaseChangeLog=master.changelog.json}
?[m?[37m[INFO] 11:44:44,565 [Test worker] changelog.ChangeSet. - ChangeSet migration/node-services.changelog-init.xml::1511451595465-20::R3.Corda ran successfully in 1ms {changeSet=migration/node-services.changelog-init.xml::1511451595465-20::R3.Corda, databaseChangeLog=master.changelog.json}
?[m?[37m[INFO] 11:44:44,566 [Test worker] jvm.JdbcExecutor. - INSERT INTO PUBLIC.DATABASECHANGELOG (ID, AUTHOR, FILENAME, DATEEXECUTED, ORDEREXECUTED, MD5SUM, DESCRIPTION, COMMENTS, EXECTYPE, CONTEXTS, LABELS, LIQUIBASE, DEPLOYMENT_ID) VALUES ('1511451595465-20', 'R3.Corda', 'migration/node-services.changelog-init.xml', NOW(), 51, '8:cc085b3d33f3d53b75c8866522653f98', 'createTable tableName=node_transaction_mappings', '', 'EXECUTED', NULL, NULL, '3.6.3', '2067484486') {changeSet=migration/node-services.changelog-init.xml::1511451595465-20::R3.Corda, databaseChangeLog=master.changelog.json}
?[m?[37m[INFO] 11:44:44,567 [Test worker] jvm.JdbcExecutor. - CREATE TABLE PUBLIC.node_transactions (tx_id NVARCHAR(64) NOT NULL, transaction_value BLOB) {changeSet=migration/node-services.changelog-init.xml::1511451595465-21::R3.Corda, databaseChangeLog=master.changelog.json}
?[m?[37m[INFO] 11:44:44,567 [Test worker] changelog.ChangeSet. - Table node_transactions created {changeSet=migration/node-services.changelog-init.xml::1511451595465-21::R3.Corda, databaseChangeLog=master.changelog.json}
?[m?[37m[INFO] 11:44:44,567 [Test worker] changelog.ChangeSet. - ChangeSet migration/node-services.changelog-init.xml::1511451595465-21::R3.Corda ran successfully in 0ms {changeSet=migration/node-services.changelog-init.xml::1511451595465-21::R3.Corda, databaseChangeLog=master.changelog.json}
?[m?[37m[INFO] 11:44:44,568 [Test worker] jvm.JdbcExecutor. - INSERT INTO PUBLIC.DATABASECHANGELOG (ID, AUTHOR, FILENAME, DATEEXECUTED, ORDEREXECUTED, MD5SUM, DESCRIPTION, COMMENTS, EXECTYPE, CONTEXTS, LABELS, LIQUIBASE, DEPLOYMENT_ID) VALUES ('1511451595465-21', 'R3.Corda', 'migration/node-services.changelog-init.xml', NOW(), 52, '8:69feb7582f3b77828510a56cb111cfd8', 'createTable tableName=node_transactions', '', 'EXECUTED', NULL, NULL, '3.6.3', '2067484486') {changeSet=migration/node-services.changelog-init.xml::1511451595465-21::R3.Corda, databaseChangeLog=master.changelog.json}
?[m?[37m[INFO] 11:44:44,568 [Test worker] jvm.JdbcExecutor. - ALTER TABLE PUBLIC.node_attachments ADD CONSTRAINT node_attachments_pkey PRIMARY KEY (att_id) {changeSet=migration/node-services.changelog-init.xml::1511451595465-30::R3.Corda, databaseChangeLog=master.changelog.json}
?[m?[37m[INFO] 11:44:44,569 [Test worker] changelog.ChangeSet. - Primary key added to node_attachments (att_id) {changeSet=migration/node-services.changelog-init.xml::1511451595465-30::R3.Corda, databaseChangeLog=master.changelog.json}
?[m?[37m[INFO] 11:44:44,569 [Test worker] changelog.ChangeSet. - ChangeSet migration/node-services.changelog-init.xml::1511451595465-30::R3.Corda ran successfully in 1ms {changeSet=migration/node-services.changelog-init.xml::1511451595465-30::R3.Corda, databaseChangeLog=master.changelog.json}
?[m?[37m[INFO] 11:44:44,569 [Test worker] jvm.JdbcExecutor. - INSERT INTO PUBLIC.DATABASECHANGELOG (ID, AUTHOR, FILENAME, DATEEXECUTED, ORDEREXECUTED, MD5SUM, DESCRIPTION, COMMENTS, EXECTYPE, CONTEXTS, LABELS, LIQUIBASE, DEPLOYMENT_ID) VALUES ('1511451595465-30', 'R3.Corda', 'migration/node-services.changelog-init.xml', NOW(), 53, '8:97c42d4eac368e79f47df345a072b237', 'addPrimaryKey constraintName=node_attachments_pkey, tableName=node_attachments', '', 'EXECUTED', NULL, NULL, '3.6.3', '2067484486') {changeSet=migration/node-services.changelog-init.xml::1511451595465-30::R3.Corda, databaseChangeLog=master.changelog.json}
?[m?[37m[INFO] 11:44:44,569 [Test worker] jvm.JdbcExecutor. - ALTER TABLE PUBLIC.node_checkpoints ADD CONSTRAINT node_checkpoints_pkey PRIMARY KEY (checkpoint_id) {changeSet=migration/node-services.changelog-init.xml::1511451595465-32::R3.Corda, databaseChangeLog=master.changelog.json}
?[m?[37m[INFO] 11:44:44,569 [Test worker] changelog.ChangeSet. - Primary key added to node_checkpoints (checkpoint_id) {changeSet=migration/node-services.changelog-init.xml::1511451595465-32::R3.Corda, databaseChangeLog=master.changelog.json}
?[m?[37m[INFO] 11:44:44,569 [Test worker] changelog.ChangeSet. - ChangeSet migration/node-services.changelog-init.xml::1511451595465-32::R3.Corda ran successfully in 0ms {changeSet=migration/node-services.changelog-init.xml::1511451595465-32::R3.Corda, databaseChangeLog=master.changelog.json}
?[m?[37m[INFO] 11:44:44,570 [Test worker] jvm.JdbcExecutor. - INSERT INTO PUBLIC.DATABASECHANGELOG (ID, AUTHOR, FILENAME, DATEEXECUTED, ORDEREXECUTED, MD5SUM, DESCRIPTION, COMMENTS, EXECTYPE, CONTEXTS, LABELS, LIQUIBASE, DEPLOYMENT_ID) VALUES ('1511451595465-32', 'R3.Corda', 'migration/node-services.changelog-init.xml', NOW(), 54, '8:7224c32660081d3e820e52e2b70b365f', 'addPrimaryKey constraintName=node_checkpoints_pkey, tableName=node_checkpoints', '', 'EXECUTED', NULL, NULL, '3.6.3', '2067484486') {changeSet=migration/node-services.changelog-init.xml::1511451595465-32::R3.Corda, databaseChangeLog=master.changelog.json}
?[m?[37m[INFO] 11:44:44,570 [Test worker] jvm.JdbcExecutor. - ALTER TABLE PUBLIC.node_contract_upgrades ADD CONSTRAINT node_contract_upgrades_pkey PRIMARY KEY (state_ref) {changeSet=migration/node-services.changelog-init.xml::1511451595465-33::R3.Corda, databaseChangeLog=master.changelog.json}
?[m?[37m[INFO] 11:44:44,570 [Test worker] changelog.ChangeSet. - Primary key added to node_contract_upgrades (state_ref) {changeSet=migration/node-services.changelog-init.xml::1511451595465-33::R3.Corda, databaseChangeLog=master.changelog.json}
?[m?[37m[INFO] 11:44:44,570 [Test worker] changelog.ChangeSet. - ChangeSet migration/node-services.changelog-init.xml::1511451595465-33::R3.Corda ran successfully in 0ms {changeSet=migration/node-services.changelog-init.xml::1511451595465-33::R3.Corda, databaseChangeLog=master.changelog.json}
?[m?[37m[INFO] 11:44:44,570 [Test worker] jvm.JdbcExecutor. - INSERT INTO PUBLIC.DATABASECHANGELOG (ID, AUTHOR, FILENAME, DATEEXECUTED, ORDEREXECUTED, MD5SUM, DESCRIPTION, COMMENTS, EXECTYPE, CONTEXTS, LABELS, LIQUIBASE, DEPLOYMENT_ID) VALUES ('1511451595465-33', 'R3.Corda', 'migration/node-services.changelog-init.xml', NOW(), 55, '8:85bcae037a29317065e3b922e0563902', 'addPrimaryKey constraintName=node_contract_upgrades_pkey, tableName=node_contract_upgrades', '', 'EXECUTED', NULL, NULL, '3.6.3', '2067484486') {changeSet=migration/node-services.changelog-init.xml::1511451595465-33::R3.Corda, databaseChangeLog=master.changelog.json}
?[m?[37m[INFO] 11:44:44,571 [Test worker] jvm.JdbcExecutor. - ALTER TABLE PUBLIC.node_identities ADD CONSTRAINT node_identities_pkey PRIMARY KEY (pk_hash) {changeSet=migration/node-services.changelog-init.xml::1511451595465-34::R3.Corda, databaseChangeLog=master.changelog.json}
?[m?[37m[INFO] 11:44:44,571 [Test worker] changelog.ChangeSet. - Primary key added to node_identities (pk_hash) {changeSet=migration/node-services.changelog-init.xml::1511451595465-34::R3.Corda, databaseChangeLog=master.changelog.json}
?[m?[37m[INFO] 11:44:44,571 [Test worker] changelog.ChangeSet. - ChangeSet migration/node-services.changelog-init.xml::1511451595465-34::R3.Corda ran successfully in 0ms {changeSet=migration/node-services.changelog-init.xml::1511451595465-34::R3.Corda, databaseChangeLog=master.changelog.json}
?[m?[37m[INFO] 11:44:44,572 [Test worker] jvm.JdbcExecutor. - INSERT INTO PUBLIC.DATABASECHANGELOG (ID, AUTHOR, FILENAME, DATEEXECUTED, ORDEREXECUTED, MD5SUM, DESCRIPTION, COMMENTS, EXECTYPE, CONTEXTS, LABELS, LIQUIBASE, DEPLOYMENT_ID) VALUES ('1511451595465-34', 'R3.Corda', 'migration/node-services.changelog-init.xml', NOW(), 56, '8:308ffe9985df3029fc05bd41c60010a9', 'addPrimaryKey constraintName=node_identities_pkey, tableName=node_identities', '', 'EXECUTED', NULL, NULL, '3.6.3', '2067484486') {changeSet=migration/node-services.changelog-init.xml::1511451595465-34::R3.Corda, databaseChangeLog=master.changelog.json}
?[m?[37m[INFO] 11:44:44,572 [Test worker] jvm.JdbcExecutor. - ALTER TABLE PUBLIC.node_message_ids ADD CONSTRAINT node_message_ids_pkey PRIMARY KEY (message_id) {changeSet=migration/node-services.changelog-init.xml::1511451595465-38::R3.Corda, databaseChangeLog=master.changelog.json}
?[m?[37m[INFO] 11:44:44,573 [Test worker] changelog.ChangeSet. - Primary key added to node_message_ids (message_id) {changeSet=migration/node-services.changelog-init.xml::1511451595465-38::R3.Corda, databaseChangeLog=master.changelog.json}
?[m?[37m[INFO] 11:44:44,573 [Test worker] changelog.ChangeSet. - ChangeSet migration/node-services.changelog-init.xml::1511451595465-38::R3.Corda ran successfully in 1ms {changeSet=migration/node-services.changelog-init.xml::1511451595465-38::R3.Corda, databaseChangeLog=master.changelog.json}
?[m?[37m[INFO] 11:44:44,573 [Test worker] jvm.JdbcExecutor. - INSERT INTO PUBLIC.DATABASECHANGELOG (ID, AUTHOR, FILENAME, DATEEXECUTED, ORDEREXECUTED, MD5SUM, DESCRIPTION, COMMENTS, EXECTYPE, CONTEXTS, LABELS, LIQUIBASE, DEPLOYMENT_ID) VALUES ('1511451595465-38', 'R3.Corda', 'migration/node-services.changelog-init.xml', NOW(), 57, '8:18b1b83ce2a778af1a8a8c9c56bb9651', 'addPrimaryKey constraintName=node_message_ids_pkey, tableName=node_message_ids', '', 'EXECUTED', NULL, NULL, '3.6.3', '2067484486') {changeSet=migration/node-services.changelog-init.xml::1511451595465-38::R3.Corda, databaseChangeLog=master.changelog.json}
?[m?[37m[INFO] 11:44:44,574 [Test worker] jvm.JdbcExecutor. - ALTER TABLE PUBLIC.node_message_retry ADD CONSTRAINT node_message_retry_pkey PRIMARY KEY (message_id) {changeSet=migration/node-services.changelog-init.xml::1511451595465-39::R3.Corda, databaseChangeLog=master.changelog.json}
?[m?[37m[INFO] 11:44:44,574 [Test worker] changelog.ChangeSet. - Primary key added to node_message_retry (message_id) {changeSet=migration/node-services.changelog-init.xml::1511451595465-39::R3.Corda, databaseChangeLog=master.changelog.json}
?[m?[37m[INFO] 11:44:44,574 [Test worker] changelog.ChangeSet. - ChangeSet migration/node-services.changelog-init.xml::1511451595465-39::R3.Corda ran successfully in 0ms {changeSet=migration/node-services.changelog-init.xml::1511451595465-39::R3.Corda, databaseChangeLog=master.changelog.json}
?[m?[37m[INFO] 11:44:44,576 [Test worker] jvm.JdbcExecutor. - INSERT INTO PUBLIC.DATABASECHANGELOG (ID, AUTHOR, FILENAME, DATEEXECUTED, ORDEREXECUTED, MD5SUM, DESCRIPTION, COMMENTS, EXECTYPE, CONTEXTS, LABELS, LIQUIBASE, DEPLOYMENT_ID) VALUES ('1511451595465-39', 'R3.Corda', 'migration/node-services.changelog-init.xml', NOW(), 58, '8:0359c73c9db723c73ee0171620ff4ac6', 'addPrimaryKey constraintName=node_message_retry_pkey, tableName=node_message_retry', '', 'EXECUTED', NULL, NULL, '3.6.3', '2067484486') {changeSet=migration/node-services.changelog-init.xml::1511451595465-39::R3.Corda, databaseChangeLog=master.changelog.json}
?[m?[37m[INFO] 11:44:44,577 [Test worker] jvm.JdbcExecutor. - ALTER TABLE PUBLIC.node_named_identities ADD CONSTRAINT node_named_identities_pkey PRIMARY KEY (name) {changeSet=migration/node-services.changelog-init.xml::1511451595465-40::R3.Corda, databaseChangeLog=master.changelog.json}
?[m?[37m[INFO] 11:44:44,577 [Test worker] changelog.ChangeSet. - Primary key added to node_named_identities (name) {changeSet=migration/node-services.changelog-init.xml::1511451595465-40::R3.Corda, databaseChangeLog=master.changelog.json}
?[m?[37m[INFO] 11:44:44,577 [Test worker] changelog.ChangeSet. - ChangeSet migration/node-services.changelog-init.xml::1511451595465-40::R3.Corda ran successfully in 1ms {changeSet=migration/node-services.changelog-init.xml::1511451595465-40::R3.Corda, databaseChangeLog=master.changelog.json}
?[m?[37m[INFO] 11:44:44,578 [Test worker] jvm.JdbcExecutor. - INSERT INTO PUBLIC.DATABASECHANGELOG (ID, AUTHOR, FILENAME, DATEEXECUTED, ORDEREXECUTED, MD5SUM, DESCRIPTION, COMMENTS, EXECTYPE, CONTEXTS, LABELS, LIQUIBASE, DEPLOYMENT_ID) VALUES ('1511451595465-40', 'R3.Corda', 'migration/node-services.changelog-init.xml', NOW(), 59, '8:ef3ab101a3e4c5820f575d5adcb85c08', 'addPrimaryKey constraintName=node_named_identities_pkey, tableName=node_named_identities', '', 'EXECUTED', NULL, NULL, '3.6.3', '2067484486') {changeSet=migration/node-services.changelog-init.xml::1511451595465-40::R3.Corda, databaseChangeLog=master.changelog.json}
?[m?[37m[INFO] 11:44:44,578 [Test worker] jvm.JdbcExecutor. - ALTER TABLE PUBLIC.node_our_key_pairs ADD CONSTRAINT node_our_key_pairs_pkey PRIMARY KEY (public_key_hash) {changeSet=migration/node-services.changelog-init.xml::1511451595465-42::R3.Corda, databaseChangeLog=master.changelog.json}
?[m?[37m[INFO] 11:44:44,578 [Test worker] changelog.ChangeSet. - Primary key added to node_our_key_pairs (public_key_hash) {changeSet=migration/node-services.changelog-init.xml::1511451595465-42::R3.Corda, databaseChangeLog=master.changelog.json}
?[m?[37m[INFO] 11:44:44,578 [Test worker] changelog.ChangeSet. - ChangeSet migration/node-services.changelog-init.xml::1511451595465-42::R3.Corda ran successfully in 0ms {changeSet=migration/node-services.changelog-init.xml::1511451595465-42::R3.Corda, databaseChangeLog=master.changelog.json}
?[m?[37m[INFO] 11:44:44,579 [Test worker] jvm.JdbcExecutor. - INSERT INTO PUBLIC.DATABASECHANGELOG (ID, AUTHOR, FILENAME, DATEEXECUTED, ORDEREXECUTED, MD5SUM, DESCRIPTION, COMMENTS, EXECTYPE, CONTEXTS, LABELS, LIQUIBASE, DEPLOYMENT_ID) VALUES ('1511451595465-42', 'R3.Corda', 'migration/node-services.changelog-init.xml', NOW(), 60, '8:d742088fd258d00e0a1fbffcf2e27c61', 'addPrimaryKey constraintName=node_our_key_pairs_pkey, tableName=node_our_key_pairs', '', 'EXECUTED', NULL, NULL, '3.6.3', '2067484486') {changeSet=migration/node-services.changelog-init.xml::1511451595465-42::R3.Corda, databaseChangeLog=master.changelog.json}
?[m?[37m[INFO] 11:44:44,580 [Test worker] jvm.JdbcExecutor. - ALTER TABLE PUBLIC.node_scheduled_states ADD CONSTRAINT node_scheduled_states_pkey PRIMARY KEY (output_index, transaction_id) {changeSet=migration/node-services.changelog-init.xml::1511451595465-44::R3.Corda, databaseChangeLog=master.changelog.json}
?[m?[37m[INFO] 11:44:44,580 [Test worker] changelog.ChangeSet. - Primary key added to node_scheduled_states (output_index, transaction_id) {changeSet=migration/node-services.changelog-init.xml::1511451595465-44::R3.Corda, databaseChangeLog=master.changelog.json}
?[m?[37m[INFO] 11:44:44,580 [Test worker] changelog.ChangeSet. - ChangeSet migration/node-services.changelog-init.xml::1511451595465-44::R3.Corda ran successfully in 0ms {changeSet=migration/node-services.changelog-init.xml::1511451595465-44::R3.Corda, databaseChangeLog=master.changelog.json}
?[m?[37m[INFO] 11:44:44,582 [Test worker] jvm.JdbcExecutor. - INSERT INTO PUBLIC.DATABASECHANGELOG (ID, AUTHOR, FILENAME, DATEEXECUTED, ORDEREXECUTED, MD5SUM, DESCRIPTION, COMMENTS, EXECTYPE, CONTEXTS, LABELS, LIQUIBASE, DEPLOYMENT_ID) VALUES ('1511451595465-44', 'R3.Corda', 'migration/node-services.changelog-init.xml', NOW(), 61, '8:dc8b980de5154038877f6d2e43b97ad1', 'addPrimaryKey constraintName=node_scheduled_states_pkey, tableName=node_scheduled_states', '', 'EXECUTED', NULL, NULL, '3.6.3', '2067484486') {changeSet=migration/node-services.changelog-init.xml::1511451595465-44::R3.Corda, databaseChangeLog=master.changelog.json}
?[m?[37m[INFO] 11:44:44,582 [Test worker] jvm.JdbcExecutor. - ALTER TABLE PUBLIC.node_transaction_mappings ADD CONSTRAINT node_transaction_mappings_pkey PRIMARY KEY (tx_id) {changeSet=migration/node-services.changelog-init.xml::1511451595465-45::R3.Corda, databaseChangeLog=master.changelog.json}
?[m?[37m[INFO] 11:44:44,583 [Test worker] changelog.ChangeSet. - Primary key added to node_transaction_mappings (tx_id) {changeSet=migration/node-services.changelog-init.xml::1511451595465-45::R3.Corda, databaseChangeLog=master.changelog.json}
?[m?[37m[INFO] 11:44:44,583 [Test worker] changelog.ChangeSet. - ChangeSet migration/node-services.changelog-init.xml::1511451595465-45::R3.Corda ran successfully in 1ms {changeSet=migration/node-services.changelog-init.xml::1511451595465-45::R3.Corda, databaseChangeLog=master.changelog.json}
?[m?[37m[INFO] 11:44:44,584 [Test worker] jvm.JdbcExecutor. - INSERT INTO PUBLIC.DATABASECHANGELOG (ID, AUTHOR, FILENAME, DATEEXECUTED, ORDEREXECUTED, MD5SUM, DESCRIPTION, COMMENTS, EXECTYPE, CONTEXTS, LABELS, LIQUIBASE, DEPLOYMENT_ID) VALUES ('1511451595465-45', 'R3.Corda', 'migration/node-services.changelog-init.xml', NOW(), 62, '8:2ae0fa18530e20aa3bcd6109b7d95247', 'addPrimaryKey constraintName=node_transaction_mappings_pkey, tableName=node_transaction_mappings', '', 'EXECUTED', NULL, NULL, '3.6.3', '2067484486') {changeSet=migration/node-services.changelog-init.xml::1511451595465-45::R3.Corda, databaseChangeLog=master.changelog.json}
?[m?[37m[INFO] 11:44:44,584 [Test worker] jvm.JdbcExecutor. - ALTER TABLE PUBLIC.node_transactions ADD CONSTRAINT node_transactions_pkey PRIMARY KEY (tx_id) {changeSet=migration/node-services.changelog-init.xml::1511451595465-46::R3.Corda, databaseChangeLog=master.changelog.json}
?[m?[37m[INFO] 11:44:44,584 [Test worker] changelog.ChangeSet. - Primary key added to node_transactions (tx_id) {changeSet=migration/node-services.changelog-init.xml::1511451595465-46::R3.Corda, databaseChangeLog=master.changelog.json}
?[m?[37m[INFO] 11:44:44,584 [Test worker] changelog.ChangeSet. - ChangeSet migration/node-services.changelog-init.xml::1511451595465-46::R3.Corda ran successfully in 0ms {changeSet=migration/node-services.changelog-init.xml::1511451595465-46::R3.Corda, databaseChangeLog=master.changelog.json}
?[m?[37m[INFO] 11:44:44,585 [Test worker] jvm.JdbcExecutor. - INSERT INTO PUBLIC.DATABASECHANGELOG (ID, AUTHOR, FILENAME, DATEEXECUTED, ORDEREXECUTED, MD5SUM, DESCRIPTION, COMMENTS, EXECTYPE, CONTEXTS, LABELS, LIQUIBASE, DEPLOYMENT_ID) VALUES ('1511451595465-46', 'R3.Corda', 'migration/node-services.changelog-init.xml', NOW(), 63, '8:d5e4dd3dba8e89f77b6eeff0fc5b7a49', 'addPrimaryKey constraintName=node_transactions_pkey, tableName=node_transactions', '', 'EXECUTED', NULL, NULL, '3.6.3', '2067484486') {changeSet=migration/node-services.changelog-init.xml::1511451595465-46::R3.Corda, databaseChangeLog=master.changelog.json}
?[m?[37m[INFO] 11:44:44,586 [Test worker] jvm.JdbcExecutor. - ALTER TABLE PUBLIC.node_link_nodeinfo_party ADD CONSTRAINT FK__link_ni_p__info_p_cert FOREIGN KEY (party_name) REFERENCES PUBLIC.node_info_party_cert (party_name) {changeSet=migration/node-services.changelog-init.xml::1511451595465-61::R3.Corda, databaseChangeLog=master.changelog.json}
?[m?[37m[INFO] 11:44:44,586 [Test worker] changelog.ChangeSet. - Foreign key constraint added to node_link_nodeinfo_party (party_name) {changeSet=migration/node-services.changelog-init.xml::1511451595465-61::R3.Corda, databaseChangeLog=master.changelog.json}
?[m?[37m[INFO] 11:44:44,586 [Test worker] changelog.ChangeSet. - ChangeSet migration/node-services.changelog-init.xml::1511451595465-61::R3.Corda ran successfully in 1ms {changeSet=migration/node-services.changelog-init.xml::1511451595465-61::R3.Corda, databaseChangeLog=master.changelog.json}
?[m?[37m[INFO] 11:44:44,587 [Test worker] jvm.JdbcExecutor. - INSERT INTO PUBLIC.DATABASECHANGELOG (ID, AUTHOR, FILENAME, DATEEXECUTED, ORDEREXECUTED, MD5SUM, DESCRIPTION, COMMENTS, EXECTYPE, CONTEXTS, LABELS, LIQUIBASE, DEPLOYMENT_ID) VALUES ('1511451595465-61', 'R3.Corda', 'migration/node-services.changelog-init.xml', NOW(), 64, '8:1d4e406a8056aa782ccbd978771f1fb9', 'addForeignKeyConstraint baseTableName=node_link_nodeinfo_party, constraintName=FK__link_ni_p__info_p_cert, referencedTableName=node_info_party_cert', '', 'EXECUTED', NULL, NULL, '3.6.3', '2067484486') {changeSet=migration/node-services.changelog-init.xml::1511451595465-61::R3.Corda, databaseChangeLog=master.changelog.json}
?[m?[37m[INFO] 11:44:44,588 [Test worker] jvm.JdbcExecutor. - CREATE INDEX PUBLIC.att_id_idx ON PUBLIC.node_attachments(att_id) {changeSet=migration/node-services.changelog-init.xml::add index att_id::R3.Corda, databaseChangeLog=master.changelog.json}
?[m?[37m[INFO] 11:44:44,588 [Test worker] changelog.ChangeSet. - Index att_id_idx created {changeSet=migration/node-services.changelog-init.xml::add index att_id::R3.Corda, databaseChangeLog=master.changelog.json}
?[m?[37m[INFO] 11:44:44,588 [Test worker] changelog.ChangeSet. - ChangeSet migration/node-services.changelog-init.xml::add index att_id::R3.Corda ran successfully in 1ms {changeSet=migration/node-services.changelog-init.xml::add index att_id::R3.Corda, databaseChangeLog=master.changelog.json}
?[m?[37m[INFO] 11:44:44,589 [Test worker] jvm.JdbcExecutor. - INSERT INTO PUBLIC.DATABASECHANGELOG (ID, AUTHOR, FILENAME, DATEEXECUTED, ORDEREXECUTED, MD5SUM, DESCRIPTION, COMMENTS, EXECTYPE, CONTEXTS, LABELS, LIQUIBASE, DEPLOYMENT_ID) VALUES ('add index att_id', 'R3.Corda', 'migration/node-services.changelog-init.xml', NOW(), 65, '8:ccf9b08f32d685dc60d6e34a3013bffc', 'createIndex indexName=att_id_idx, tableName=node_attachments', '', 'EXECUTED', NULL, NULL, '3.6.3', '2067484486') {changeSet=migration/node-services.changelog-init.xml::add index att_id::R3.Corda, databaseChangeLog=master.changelog.json}
?[m?[37m[INFO] 11:44:44,590 [Test worker] jvm.JdbcExecutor. - CREATE TABLE PUBLIC.node_attchments_contracts (att_id NVARCHAR(255) NOT NULL, contract_class_name NVARCHAR(255)) {changeSet=migration/node-services.changelog-init.xml::add_contract_attachment::R3.Corda, databaseChangeLog=master.changelog.json}
?[m?[37m[INFO] 11:44:44,590 [Test worker] changelog.ChangeSet. - Table node_attchments_contracts created {changeSet=migration/node-services.changelog-init.xml::add_contract_attachment::R3.Corda, databaseChangeLog=master.changelog.json}
?[m?[37m[INFO] 11:44:44,590 [Test worker] jvm.JdbcExecutor. - ALTER TABLE PUBLIC.node_attchments_contracts ADD CONSTRAINT FK__ctr_class__attachments FOREIGN KEY (att_id) REFERENCES PUBLIC.node_attachments (att_id) {changeSet=migration/node-services.changelog-init.xml::add_contract_attachment::R3.Corda, databaseChangeLog=master.changelog.json}
?[m?[37m[INFO] 11:44:44,591 [Test worker] changelog.ChangeSet. - Foreign key constraint added to node_attchments_contracts (att_id) {changeSet=migration/node-services.changelog-init.xml::add_contract_attachment::R3.Corda, databaseChangeLog=master.changelog.json}
?[m?[37m[INFO] 11:44:44,591 [Test worker] jvm.JdbcExecutor. - DELETE FROM PUBLIC.node_attachments {changeSet=migration/node-services.changelog-init.xml::add_contract_attachment::R3.Corda, databaseChangeLog=master.changelog.json}
?[m?[37m[INFO] 11:44:44,591 [Test worker] changelog.ChangeSet. - Data deleted from node_attachments {changeSet=migration/node-services.changelog-init.xml::add_contract_attachment::R3.Corda, databaseChangeLog=master.changelog.json}
?[m?[37m[INFO] 11:44:44,591 [Test worker] changelog.ChangeSet. - ChangeSet migration/node-services.changelog-init.xml::add_contract_attachment::R3.Corda ran successfully in 1ms {changeSet=migration/node-services.changelog-init.xml::add_contract_attachment::R3.Corda, databaseChangeLog=master.changelog.json}
?[m?[37m[INFO] 11:44:44,592 [Test worker] jvm.JdbcExecutor. - INSERT INTO PUBLIC.DATABASECHANGELOG (ID, AUTHOR, FILENAME, DATEEXECUTED, ORDEREXECUTED, MD5SUM, DESCRIPTION, COMMENTS, EXECTYPE, CONTEXTS, LABELS, LIQUIBASE, DEPLOYMENT_ID) VALUES ('add_contract_attachment', 'R3.Corda', 'migration/node-services.changelog-init.xml', NOW(), 66, '8:8898557cf18644883f6f3b0c5e784c0b', 'createTable tableName=node_attchments_contracts; addForeignKeyConstraint baseTableName=node_attchments_contracts, constraintName=FK__ctr_class__attachments, referencedTableName=node_attachments; delete tableName=node_attachments', '', 'EXECUTED', NULL, NULL, '3.6.3', '2067484486') {changeSet=migration/node-services.changelog-init.xml::add_contract_attachment::R3.Corda, databaseChangeLog=master.changelog.json}
?[m?[37m[INFO] 11:44:44,593 [Test worker] jvm.JdbcExecutor. - ALTER TABLE PUBLIC.node_message_ids ADD sender NVARCHAR(64) {changeSet=migration/node-services.changelog-init.xml::add_dedup_columns::R3.Corda, databaseChangeLog=master.changelog.json}
?[m?[37m[INFO] 11:44:44,593 [Test worker] jvm.JdbcExecutor. - ALTER TABLE PUBLIC.node_message_ids ADD sequence_number BIGINT {changeSet=migration/node-services.changelog-init.xml::add_dedup_columns::R3.Corda, databaseChangeLog=master.changelog.json}
?[m?[37m[INFO] 11:44:44,593 [Test worker] changelog.ChangeSet. - Columns sender(NVARCHAR(64)),sequence_number(BIGINT) added to node_message_ids {changeSet=migration/node-services.changelog-init.xml::add_dedup_columns::R3.Corda, databaseChangeLog=master.changelog.json}
?[m?[37m[INFO] 11:44:44,593 [Test worker] changelog.ChangeSet. - ChangeSet migration/node-services.changelog-init.xml::add_dedup_columns::R3.Corda ran successfully in 1ms {changeSet=migration/node-services.changelog-init.xml::add_dedup_columns::R3.Corda, databaseChangeLog=master.changelog.json}
?[m?[37m[INFO] 11:44:44,594 [Test worker] jvm.JdbcExecutor. - INSERT INTO PUBLIC.DATABASECHANGELOG (ID, AUTHOR, FILENAME, DATEEXECUTED, ORDEREXECUTED, MD5SUM, DESCRIPTION, COMMENTS, EXECTYPE, CONTEXTS, LABELS, LIQUIBASE, DEPLOYMENT_ID) VALUES ('add_dedup_columns', 'R3.Corda', 'migration/node-services.changelog-init.xml', NOW(), 67, '8:5924ebdacff695e1f30aa3e0173eccdf', 'addColumn tableName=node_message_ids', '', 'EXECUTED', NULL, NULL, '3.6.3', '2067484486') {changeSet=migration/node-services.changelog-init.xml::add_dedup_columns::R3.Corda, databaseChangeLog=master.changelog.json}
?[m?[37m[INFO] 11:44:44,594 [Test worker] jvm.JdbcExecutor. - ALTER TABLE PUBLIC.node_attchments_contracts RENAME TO node_attachments_contracts {changeSet=migration/node-core.changelog-v4.xml::attchments_rename::R3.Corda, databaseChangeLog=master.changelog.json}
?[m?[37m[INFO] 11:44:44,594 [Test worker] changelog.ChangeSet. - Table node_attchments_contracts renamed to node_attachments_contracts {changeSet=migration/node-core.changelog-v4.xml::attchments_rename::R3.Corda, databaseChangeLog=master.changelog.json}
?[m?[37m[INFO] 11:44:44,594 [Test worker] changelog.ChangeSet. - ChangeSet migration/node-core.changelog-v4.xml::attchments_rename::R3.Corda ran successfully in 0ms {changeSet=migration/node-core.changelog-v4.xml::attchments_rename::R3.Corda, databaseChangeLog=master.changelog.json}
?[m?[37m[INFO] 11:44:44,594 [Test worker] jvm.JdbcExecutor. - INSERT INTO PUBLIC.DATABASECHANGELOG (ID, AUTHOR, FILENAME, DATEEXECUTED, ORDEREXECUTED, MD5SUM, DESCRIPTION, COMMENTS, EXECTYPE, CONTEXTS, LABELS, LIQUIBASE, DEPLOYMENT_ID) VALUES ('attchments_rename', 'R3.Corda', 'migration/node-core.changelog-v4.xml', NOW(), 68, '8:94816d7657264059f2b8da4e97d4b15d', 'renameTable newTableName=node_attachments_contracts, oldTableName=node_attchments_contracts', '', 'EXECUTED', NULL, NULL, '3.6.3', '2067484486') {changeSet=migration/node-core.changelog-v4.xml::attchments_rename::R3.Corda, databaseChangeLog=master.changelog.json}
?[m?[37m[INFO] 11:44:44,595 [Test worker] jvm.JdbcExecutor. - ALTER TABLE PUBLIC.node_identities ALTER COLUMN identity_value SET NOT NULL {changeSet=migration/node-core.changelog-v4.xml::nullability::R3.Corda, databaseChangeLog=master.changelog.json}
?[m?[37m[INFO] 11:44:44,595 [Test worker] changelog.ChangeSet. - NOT NULL constraint has been added to node_identities.identity_value {changeSet=migration/node-core.changelog-v4.xml::nullability::R3.Corda, databaseChangeLog=master.changelog.json}
?[m?[37m[INFO] 11:44:44,595 [Test worker] jvm.JdbcExecutor. - ALTER TABLE PUBLIC.node_attachments ALTER COLUMN content SET NOT NULL {changeSet=migration/node-core.changelog-v4.xml::nullability::R3.Corda, databaseChangeLog=master.changelog.json}
?[m?[37m[INFO] 11:44:44,595 [Test worker] changelog.ChangeSet. - NOT NULL constraint has been added to node_attachments.content {changeSet=migration/node-core.changelog-v4.xml::nullability::R3.Corda, databaseChangeLog=master.changelog.json}
?[m?[37m[INFO] 11:44:44,595 [Test worker] jvm.JdbcExecutor. - ALTER TABLE PUBLIC.node_attachments_contracts ALTER COLUMN contract_class_name SET NOT NULL {changeSet=migration/node-core.changelog-v4.xml::nullability::R3.Corda, databaseChangeLog=master.changelog.json}
?[m?[37m[INFO] 11:44:44,595 [Test worker] changelog.ChangeSet. - NOT NULL constraint has been added to node_attachments_contracts.contract_class_name {changeSet=migration/node-core.changelog-v4.xml::nullability::R3.Corda, databaseChangeLog=master.changelog.json}
?[m?[37m[INFO] 11:44:44,595 [Test worker] jvm.JdbcExecutor. - ALTER TABLE PUBLIC.node_checkpoints ALTER COLUMN checkpoint_value SET NOT NULL {changeSet=migration/node-core.changelog-v4.xml::nullability::R3.Corda, databaseChangeLog=master.changelog.json}
?[m?[37m[INFO] 11:44:44,595 [Test worker] changelog.ChangeSet. - NOT NULL constraint has been added to node_checkpoints.checkpoint_value {changeSet=migration/node-core.changelog-v4.xml::nullability::R3.Corda, databaseChangeLog=master.changelog.json}
?[m?[37m[INFO] 11:44:44,596 [Test worker] jvm.JdbcExecutor. - ALTER TABLE PUBLIC.node_contract_upgrades ALTER COLUMN contract_class_name SET NOT NULL {changeSet=migration/node-core.changelog-v4.xml::nullability::R3.Corda, databaseChangeLog=master.changelog.json}
?[m?[37m[INFO] 11:44:44,596 [Test worker] changelog.ChangeSet. - NOT NULL constraint has been added to node_contract_upgrades.contract_class_name {changeSet=migration/node-core.changelog-v4.xml::nullability::R3.Corda, databaseChangeLog=master.changelog.json}
?[m?[37m[INFO] 11:44:44,596 [Test worker] jvm.JdbcExecutor. - ALTER TABLE PUBLIC.node_message_ids ALTER COLUMN insertion_time SET NOT NULL {changeSet=migration/node-core.changelog-v4.xml::nullability::R3.Corda, databaseChangeLog=master.changelog.json}
?[m?[37m[INFO] 11:44:44,596 [Test worker] changelog.ChangeSet. - NOT NULL constraint has been added to node_message_ids.insertion_time {changeSet=migration/node-core.changelog-v4.xml::nullability::R3.Corda, databaseChangeLog=master.changelog.json}
?[m?[37m[INFO] 11:44:44,596 [Test worker] jvm.JdbcExecutor. - ALTER TABLE PUBLIC.node_message_retry ALTER COLUMN message SET NOT NULL {changeSet=migration/node-core.changelog-v4.xml::nullability::R3.Corda, databaseChangeLog=master.changelog.json}
?[m?[37m[INFO] 11:44:44,596 [Test worker] changelog.ChangeSet. - NOT NULL constraint has been added to node_message_retry.message {changeSet=migration/node-core.changelog-v4.xml::nullability::R3.Corda, databaseChangeLog=master.changelog.json}
?[m?[37m[INFO] 11:44:44,596 [Test worker] jvm.JdbcExecutor. - ALTER TABLE PUBLIC.node_message_retry ALTER COLUMN recipients SET NOT NULL {changeSet=migration/node-core.changelog-v4.xml::nullability::R3.Corda, databaseChangeLog=master.changelog.json}
?[m?[37m[INFO] 11:44:44,596 [Test worker] changelog.ChangeSet. - NOT NULL constraint has been added to node_message_retry.recipients {changeSet=migration/node-core.changelog-v4.xml::nullability::R3.Corda, databaseChangeLog=master.changelog.json}
?[m?[37m[INFO] 11:44:44,596 [Test worker] jvm.JdbcExecutor. - ALTER TABLE PUBLIC.node_named_identities ALTER COLUMN pk_hash SET NOT NULL {changeSet=migration/node-core.changelog-v4.xml::nullability::R3.Corda, databaseChangeLog=master.changelog.json}
?[m?[37m[INFO] 11:44:44,596 [Test worker] changelog.ChangeSet. - NOT NULL constraint has been added to node_named_identities.pk_hash {changeSet=migration/node-core.changelog-v4.xml::nullability::R3.Corda, databaseChangeLog=master.changelog.json}
?[m?[37m[INFO] 11:44:44,596 [Test worker] jvm.JdbcExecutor. - ALTER TABLE PUBLIC.node_our_key_pairs ALTER COLUMN private_key SET NOT NULL {changeSet=migration/node-core.changelog-v4.xml::nullability::R3.Corda, databaseChangeLog=master.changelog.json}
?[m?[37m[INFO] 11:44:44,596 [Test worker] changelog.ChangeSet. - NOT NULL constraint has been added to node_our_key_pairs.private_key {changeSet=migration/node-core.changelog-v4.xml::nullability::R3.Corda, databaseChangeLog=master.changelog.json}
?[m?[37m[INFO] 11:44:44,596 [Test worker] jvm.JdbcExecutor. - ALTER TABLE PUBLIC.node_our_key_pairs ALTER COLUMN public_key SET NOT NULL {changeSet=migration/node-core.changelog-v4.xml::nullability::R3.Corda, databaseChangeLog=master.changelog.json}
?[m?[37m[INFO] 11:44:44,596 [Test worker] changelog.ChangeSet. - NOT NULL constraint has been added to node_our_key_pairs.public_key {changeSet=migration/node-core.changelog-v4.xml::nullability::R3.Corda, databaseChangeLog=master.changelog.json}
?[m?[37m[INFO] 11:44:44,596 [Test worker] jvm.JdbcExecutor. - ALTER TABLE PUBLIC.node_transaction_mappings ALTER COLUMN state_machine_run_id SET NOT NULL {changeSet=migration/node-core.changelog-v4.xml::nullability::R3.Corda, databaseChangeLog=master.changelog.json}
?[m?[37m[INFO] 11:44:44,596 [Test worker] changelog.ChangeSet. - NOT NULL constraint has been added to node_transaction_mappings.state_machine_run_id {changeSet=migration/node-core.changelog-v4.xml::nullability::R3.Corda, databaseChangeLog=master.changelog.json}
?[m?[37m[INFO] 11:44:44,596 [Test worker] jvm.JdbcExecutor. - ALTER TABLE PUBLIC.node_transactions ALTER COLUMN transaction_value SET NOT NULL {changeSet=migration/node-core.changelog-v4.xml::nullability::R3.Corda, databaseChangeLog=master.changelog.json}
?[m?[37m[INFO] 11:44:44,596 [Test worker] changelog.ChangeSet. - NOT NULL constraint has been added to node_transactions.transaction_value {changeSet=migration/node-core.changelog-v4.xml::nullability::R3.Corda, databaseChangeLog=master.changelog.json}
?[m?[37m[INFO] 11:44:44,596 [Test worker] changelog.ChangeSet. - ChangeSet migration/node-core.changelog-v4.xml::nullability::R3.Corda ran successfully in 1ms {changeSet=migration/node-core.changelog-v4.xml::nullability::R3.Corda, databaseChangeLog=master.changelog.json}
?[m?[37m[INFO] 11:44:44,597 [Test worker] jvm.JdbcExecutor. - INSERT INTO PUBLIC.DATABASECHANGELOG (ID, AUTHOR, FILENAME, DATEEXECUTED, ORDEREXECUTED, MD5SUM, DESCRIPTION, COMMENTS, EXECTYPE, CONTEXTS, LABELS, LIQUIBASE, DEPLOYMENT_ID) VALUES ('nullability', 'R3.Corda', 'migration/node-core.changelog-v4.xml', NOW(), 69, '8:62ddcf64aece5dc383fa400ac8ccc392', 'addNotNullConstraint columnName=identity_value, tableName=node_identities; addNotNullConstraint columnName=content, tableName=node_attachments; addNotNullConstraint columnName=contract_class_name, tableName=node_attachments_contracts; addNotNullCo...', '', 'EXECUTED', NULL, NULL, '3.6.3', '2067484486') {changeSet=migration/node-core.changelog-v4.xml::nullability::R3.Corda, databaseChangeLog=master.changelog.json}
?[m?[37m[INFO] 11:44:44,599 [Test worker] jvm.JdbcExecutor. - DROP TABLE PUBLIC.node_message_retry {changeSet=migration/node-core.changelog-v5.xml::remove_unused_node_message_retry::R3.Corda, databaseChangeLog=master.changelog.json}
?[m?[37m[INFO] 11:44:44,599 [Test worker] changelog.ChangeSet. - Table node_message_retry dropped {changeSet=migration/node-core.changelog-v5.xml::remove_unused_node_message_retry::R3.Corda, databaseChangeLog=master.changelog.json}
?[m?[37m[INFO] 11:44:44,599 [Test worker] changelog.ChangeSet. - ChangeSet migration/node-core.changelog-v5.xml::remove_unused_node_message_retry::R3.Corda ran successfully in 1ms {changeSet=migration/node-core.changelog-v5.xml::remove_unused_node_message_retry::R3.Corda, databaseChangeLog=master.changelog.json}
?[m?[37m[INFO] 11:44:44,600 [Test worker] jvm.JdbcExecutor. - INSERT INTO PUBLIC.DATABASECHANGELOG (ID, AUTHOR, FILENAME, DATEEXECUTED, ORDEREXECUTED, MD5SUM, DESCRIPTION, COMMENTS, EXECTYPE, CONTEXTS, LABELS, LIQUIBASE, DEPLOYMENT_ID) VALUES ('remove_unused_node_message_retry', 'R3.Corda', 'migration/node-core.changelog-v5.xml', NOW(), 70, '8:7f43b1a30ed49119520e7d14de6b57bd', 'dropTable tableName=node_message_retry', '', 'EXECUTED', NULL, NULL, '3.6.3', '2067484486') {changeSet=migration/node-core.changelog-v5.xml::remove_unused_node_message_retry::R3.Corda, databaseChangeLog=master.changelog.json}
?[m?[37m[INFO] 11:44:44,601 [Test worker] jvm.JdbcExecutor. - INSERT INTO PUBLIC.DATABASECHANGELOG (ID, AUTHOR, FILENAME, DATEEXECUTED, ORDEREXECUTED, MD5SUM, DESCRIPTION, COMMENTS, EXECTYPE, CONTEXTS, LABELS, LIQUIBASE, DEPLOYMENT_ID) VALUES ('non-clustered_pk-1', 'R3.Corda', 'migration/node-core.changelog-pkey.xml', NOW(), 71, '8:fc341b0d5ff080f0093d8a528299de25', 'dropPrimaryKey constraintName=node_checkpoints_pkey, tableName=node_checkpoints; addPrimaryKey constraintName=node_checkpoints_pkey, tableName=node_checkpoints', '', 'MARK_RAN', NULL, NULL, '3.6.3', '2067484486') {changeSet=migration/node-core.changelog-pkey.xml::non-clustered_pk-1::R3.Corda, databaseChangeLog=master.changelog.json}
?[m?[37m[INFO] 11:44:44,602 [Test worker] jvm.JdbcExecutor. - INSERT INTO PUBLIC.DATABASECHANGELOG (ID, AUTHOR, FILENAME, DATEEXECUTED, ORDEREXECUTED, MD5SUM, DESCRIPTION, COMMENTS, EXECTYPE, CONTEXTS, LABELS, LIQUIBASE, DEPLOYMENT_ID) VALUES ('non-clustered_pk-2', 'R3.Corda', 'migration/node-core.changelog-pkey.xml', NOW(), 72, '8:438db96910ca09a1e8910e74fe31d943', 'dropPrimaryKey constraintName=node_identities_pkey, tableName=node_identities; addPrimaryKey constraintName=node_identities_pkey, tableName=node_identities', '', 'MARK_RAN', NULL, NULL, '3.6.3', '2067484486') {changeSet=migration/node-core.changelog-pkey.xml::non-clustered_pk-2::R3.Corda, databaseChangeLog=master.changelog.json}
?[m?[37m[INFO] 11:44:44,604 [Test worker] jvm.JdbcExecutor. - INSERT INTO PUBLIC.DATABASECHANGELOG (ID, AUTHOR, FILENAME, DATEEXECUTED, ORDEREXECUTED, MD5SUM, DESCRIPTION, COMMENTS, EXECTYPE, CONTEXTS, LABELS, LIQUIBASE, DEPLOYMENT_ID) VALUES ('non-clustered_pk-3', 'R3.Corda', 'migration/node-core.changelog-pkey.xml', NOW(), 73, '8:b02515ba3eb419e880a62ad581d57d9a', 'dropPrimaryKey constraintName=node_message_ids_pkey, tableName=node_message_ids; addPrimaryKey constraintName=node_message_ids_pkey, tableName=node_message_ids', '', 'MARK_RAN', NULL, NULL, '3.6.3', '2067484486') {changeSet=migration/node-core.changelog-pkey.xml::non-clustered_pk-3::R3.Corda, databaseChangeLog=master.changelog.json}
?[m?[37m[INFO] 11:44:44,604 [Test worker] jvm.JdbcExecutor. - INSERT INTO PUBLIC.DATABASECHANGELOG (ID, AUTHOR, FILENAME, DATEEXECUTED, ORDEREXECUTED, MD5SUM, DESCRIPTION, COMMENTS, EXECTYPE, CONTEXTS, LABELS, LIQUIBASE, DEPLOYMENT_ID) VALUES ('non-clustered_pk-4', 'R3.Corda', 'migration/node-core.changelog-pkey.xml', NOW(), 74, '8:9a733c73c5a8ca979384c41d59473644', 'dropPrimaryKey constraintName=node_named_identities_pkey, tableName=node_named_identities; addPrimaryKey constraintName=node_named_identities_pkey, tableName=node_named_identities', '', 'MARK_RAN', NULL, NULL, '3.6.3', '2067484486') {changeSet=migration/node-core.changelog-pkey.xml::non-clustered_pk-4::R3.Corda, databaseChangeLog=master.changelog.json}
?[m?[37m[INFO] 11:44:44,605 [Test worker] jvm.JdbcExecutor. - INSERT INTO PUBLIC.DATABASECHANGELOG (ID, AUTHOR, FILENAME, DATEEXECUTED, ORDEREXECUTED, MD5SUM, DESCRIPTION, COMMENTS, EXECTYPE, CONTEXTS, LABELS, LIQUIBASE, DEPLOYMENT_ID) VALUES ('non-clustered_pk-5', 'R3.Corda', 'migration/node-core.changelog-pkey.xml', NOW(), 75, '8:48cf4a4dad77b6a8f7c3c73c09cc3959', 'dropPrimaryKey constraintName=node_our_key_pairs_pkey, tableName=node_our_key_pairs; addPrimaryKey constraintName=node_our_key_pairs_pkey, tableName=node_our_key_pairs', '', 'MARK_RAN', NULL, NULL, '3.6.3', '2067484486') {changeSet=migration/node-core.changelog-pkey.xml::non-clustered_pk-5::R3.Corda, databaseChangeLog=master.changelog.json}
?[m?[37m[INFO] 11:44:44,606 [Test worker] jvm.JdbcExecutor. - INSERT INTO PUBLIC.DATABASECHANGELOG (ID, AUTHOR, FILENAME, DATEEXECUTED, ORDEREXECUTED, MD5SUM, DESCRIPTION, COMMENTS, EXECTYPE, CONTEXTS, LABELS, LIQUIBASE, DEPLOYMENT_ID) VALUES ('non-clustered_pk-6', 'R3.Corda', 'migration/node-core.changelog-pkey.xml', NOW(), 76, '8:25c5581ce04f688ea83704ffa44bab8e', 'dropPrimaryKey constraintName=node_transaction_mappings_pkey, tableName=node_transaction_mappings; addPrimaryKey constraintName=node_transaction_mappings_pkey, tableName=node_transaction_mappings', '', 'MARK_RAN', NULL, NULL, '3.6.3', '2067484486') {changeSet=migration/node-core.changelog-pkey.xml::non-clustered_pk-6::R3.Corda, databaseChangeLog=master.changelog.json}
?[m?[37m[INFO] 11:44:44,607 [Test worker] jvm.JdbcExecutor. - INSERT INTO PUBLIC.DATABASECHANGELOG (ID, AUTHOR, FILENAME, DATEEXECUTED, ORDEREXECUTED, MD5SUM, DESCRIPTION, COMMENTS, EXECTYPE, CONTEXTS, LABELS, LIQUIBASE, DEPLOYMENT_ID) VALUES ('non-clustered_pk-7', 'R3.Corda', 'migration/node-core.changelog-pkey.xml', NOW(), 77, '8:64773359f27e2f85fe6df6097823ce69', 'dropPrimaryKey constraintName=node_transactions_pkey, tableName=node_transactions; addPrimaryKey constraintName=node_transactions_pkey, tableName=node_transactions', '', 'MARK_RAN', NULL, NULL, '3.6.3', '2067484486') {changeSet=migration/node-core.changelog-pkey.xml::non-clustered_pk-7::R3.Corda, databaseChangeLog=master.changelog.json}
?[m?[37m[INFO] 11:44:44,609 [Test worker] changelog.ChangeSet. - Marking ChangeSet: migration/node-core.changelog-v8.xml::conditional_attchments_rename::R3.Corda ran despite precondition failure due to onFail='MARK_RAN': 
          master.changelog.json : Table PUBLIC.NODE_ATTCHMENTS_CONTRACTS does not exist
 {changeSet=migration/node-core.changelog-v8.xml::conditional_attchments_rename::R3.Corda, databaseChangeLog=master.changelog.json}
?[m?[37m[INFO] 11:44:44,610 [Test worker] jvm.JdbcExecutor. - INSERT INTO PUBLIC.DATABASECHANGELOG (ID, AUTHOR, FILENAME, DATEEXECUTED, ORDEREXECUTED, MD5SUM, DESCRIPTION, COMMENTS, EXECTYPE, CONTEXTS, LABELS, LIQUIBASE, DEPLOYMENT_ID) VALUES ('conditional_attchments_rename', 'R3.Corda', 'migration/node-core.changelog-v8.xml', NOW(), 78, '8:114fc6d1775676ecf274989170741a5b', 'renameTable newTableName=NODE_ATTACHMENTS_CONTRACTS, oldTableName=NODE_ATTCHMENTS_CONTRACTS', '', 'MARK_RAN', NULL, NULL, '3.6.3', '2067484486') {changeSet=migration/node-core.changelog-v8.xml::conditional_attchments_rename::R3.Corda, databaseChangeLog=master.changelog.json}
?[m?[37m[INFO] 11:44:44,612 [Test worker] changelog.ChangeSet. - Marking ChangeSet: migration/node-core.changelog-v8.xml::conditional_attchments_contracts::R3.Corda ran despite precondition failure due to onFail='MARK_RAN': 
          master.changelog.json : Table PUBLIC.NODE_ATTACHMENTS_CONTRACT_CLASS_NAME does not exist
 {changeSet=migration/node-core.changelog-v8.xml::conditional_attchments_contracts::R3.Corda, databaseChangeLog=master.changelog.json}
?[m?[37m[INFO] 11:44:44,612 [Test worker] jvm.JdbcExecutor. - INSERT INTO PUBLIC.DATABASECHANGELOG (ID, AUTHOR, FILENAME, DATEEXECUTED, ORDEREXECUTED, MD5SUM, DESCRIPTION, COMMENTS, EXECTYPE, CONTEXTS, LABELS, LIQUIBASE, DEPLOYMENT_ID) VALUES ('conditional_attchments_contracts', 'R3.Corda', 'migration/node-core.changelog-v8.xml', NOW(), 79, '8:c26d868db33a85bdd25570b094635db5', 'renameTable newTableName=NODE_ATTACHMENTS_CONTRACTS, oldTableName=NODE_ATTACHMENTS_CONTRACT_CLASS_NAME', '', 'MARK_RAN', NULL, NULL, '3.6.3', '2067484486') {changeSet=migration/node-core.changelog-v8.xml::conditional_attchments_contracts::R3.Corda, databaseChangeLog=master.changelog.json}
?[m?[37m[INFO] 11:44:44,612 [Test worker] jvm.JdbcExecutor. - CREATE TABLE PUBLIC.node_attachments_signers (att_id NVARCHAR(255) NOT NULL, signer NVARCHAR(1024)) {changeSet=migration/node-core.changelog-v8.xml::add_signers::R3.Corda, databaseChangeLog=master.changelog.json}
?[m?[37m[INFO] 11:44:44,612 [Test worker] changelog.ChangeSet. - Table node_attachments_signers created {changeSet=migration/node-core.changelog-v8.xml::add_signers::R3.Corda, databaseChangeLog=master.changelog.json}
?[m?[37m[INFO] 11:44:44,613 [Test worker] jvm.JdbcExecutor. - ALTER TABLE PUBLIC.node_attachments_signers ADD CONSTRAINT FK__signers__attachments FOREIGN KEY (att_id) REFERENCES PUBLIC.node_attachments (att_id) {changeSet=migration/node-core.changelog-v8.xml::add_signers::R3.Corda, databaseChangeLog=master.changelog.json}
?[m?[37m[INFO] 11:44:44,613 [Test worker] changelog.ChangeSet. - Foreign key constraint added to node_attachments_signers (att_id) {changeSet=migration/node-core.changelog-v8.xml::add_signers::R3.Corda, databaseChangeLog=master.changelog.json}
?[m?[37m[INFO] 11:44:44,613 [Test worker] changelog.ChangeSet. - ChangeSet migration/node-core.changelog-v8.xml::add_signers::R3.Corda ran successfully in 1ms {changeSet=migration/node-core.changelog-v8.xml::add_signers::R3.Corda, databaseChangeLog=master.changelog.json}
?[m?[37m[INFO] 11:44:44,613 [Test worker] jvm.JdbcExecutor. - INSERT INTO PUBLIC.DATABASECHANGELOG (ID, AUTHOR, FILENAME, DATEEXECUTED, ORDEREXECUTED, MD5SUM, DESCRIPTION, COMMENTS, EXECTYPE, CONTEXTS, LABELS, LIQUIBASE, DEPLOYMENT_ID) VALUES ('add_signers', 'R3.Corda', 'migration/node-core.changelog-v8.xml', NOW(), 80, '8:6a033a579a3a8e11a35846d455833835', 'createTable tableName=node_attachments_signers; addForeignKeyConstraint baseTableName=node_attachments_signers, constraintName=FK__signers__attachments, referencedTableName=node_attachments', '', 'EXECUTED', NULL, NULL, '3.6.3', '2067484486') {changeSet=migration/node-core.changelog-v8.xml::add_signers::R3.Corda, databaseChangeLog=master.changelog.json}
?[m?[37m[INFO] 11:44:44,614 [Test worker] jvm.JdbcExecutor. - ALTER TABLE PUBLIC.node_transactions ADD state_machine_run_id NVARCHAR(36) {changeSet=migration/node-core.changelog-tx-mapping.xml::add_tx_mapping_column::R3.Corda, databaseChangeLog=master.changelog.json}
?[m?[37m[INFO] 11:44:44,614 [Test worker] changelog.ChangeSet. - Columns state_machine_run_id(NVARCHAR(36)) added to node_transactions {changeSet=migration/node-core.changelog-tx-mapping.xml::add_tx_mapping_column::R3.Corda, databaseChangeLog=master.changelog.json}
?[m?[37m[INFO] 11:44:44,614 [Test worker] jvm.JdbcExecutor. - update node_transactions set state_machine_run_id=(select state_machine_run_id from
            node_transaction_mappings where node_transactions.tx_id = node_transaction_mappings.tx_id) {changeSet=migration/node-core.changelog-tx-mapping.xml::add_tx_mapping_column::R3.Corda, databaseChangeLog=master.changelog.json}
?[m?[37m[INFO] 11:44:44,614 [Test worker] changelog.ChangeSet. - Custom SQL executed {changeSet=migration/node-core.changelog-tx-mapping.xml::add_tx_mapping_column::R3.Corda, databaseChangeLog=master.changelog.json}
?[m?[37m[INFO] 11:44:44,614 [Test worker] jvm.JdbcExecutor. - DROP TABLE PUBLIC.node_transaction_mappings {changeSet=migration/node-core.changelog-tx-mapping.xml::add_tx_mapping_column::R3.Corda, databaseChangeLog=master.changelog.json}
?[m?[37m[INFO] 11:44:44,614 [Test worker] changelog.ChangeSet. - Table node_transaction_mappings dropped {changeSet=migration/node-core.changelog-tx-mapping.xml::add_tx_mapping_column::R3.Corda, databaseChangeLog=master.changelog.json}
?[m?[37m[INFO] 11:44:44,614 [Test worker] changelog.ChangeSet. - ChangeSet migration/node-core.changelog-tx-mapping.xml::add_tx_mapping_column::R3.Corda ran successfully in 1ms {changeSet=migration/node-core.changelog-tx-mapping.xml::add_tx_mapping_column::R3.Corda, databaseChangeLog=master.changelog.json}
?[m?[37m[INFO] 11:44:44,615 [Test worker] jvm.JdbcExecutor. - INSERT INTO PUBLIC.DATABASECHANGELOG (ID, AUTHOR, FILENAME, DATEEXECUTED, ORDEREXECUTED, MD5SUM, DESCRIPTION, COMMENTS, EXECTYPE, CONTEXTS, LABELS, LIQUIBASE, DEPLOYMENT_ID) VALUES ('add_tx_mapping_column', 'R3.Corda', 'migration/node-core.changelog-tx-mapping.xml', NOW(), 81, '8:6d9d8484a635e932dd8e8f45db1b3d7e', 'addColumn tableName=node_transactions; sql; dropTable tableName=node_transaction_mappings', '', 'EXECUTED', NULL, NULL, '3.6.3', '2067484486') {changeSet=migration/node-core.changelog-tx-mapping.xml::add_tx_mapping_column::R3.Corda, databaseChangeLog=master.changelog.json}
?[m?[37m[INFO] 11:44:44,615 [Test worker] jvm.JdbcExecutor. - CREATE TABLE PUBLIC.node_network_parameters (hash NVARCHAR(130) NOT NULL, epoch INT NOT NULL, parameters_bytes BLOB NOT NULL, signature_bytes BLOB NOT NULL, cert BLOB NOT NULL, parent_cert_path BLOB NOT NULL) {changeSet=migration/node-services.changelog-init.xml::add_network_parameters_storage::R3.Corda, databaseChangeLog=master.changelog.json}
?[m?[37m[INFO] 11:44:44,615 [Test worker] changelog.ChangeSet. - Table node_network_parameters created {changeSet=migration/node-services.changelog-init.xml::add_network_parameters_storage::R3.Corda, databaseChangeLog=master.changelog.json}
?[m?[37m[INFO] 11:44:44,615 [Test worker] changelog.ChangeSet. - ChangeSet migration/node-services.changelog-init.xml::add_network_parameters_storage::R3.Corda ran successfully in 0ms {changeSet=migration/node-services.changelog-init.xml::add_network_parameters_storage::R3.Corda, databaseChangeLog=master.changelog.json}
?[m?[37m[INFO] 11:44:44,615 [Test worker] jvm.JdbcExecutor. - INSERT INTO PUBLIC.DATABASECHANGELOG (ID, AUTHOR, FILENAME, DATEEXECUTED, ORDEREXECUTED, MD5SUM, DESCRIPTION, COMMENTS, EXECTYPE, CONTEXTS, LABELS, LIQUIBASE, DEPLOYMENT_ID) VALUES ('add_network_parameters_storage', 'R3.Corda', 'migration/node-services.changelog-init.xml', NOW(), 82, '8:b448755ba392674254c59e2b9489140f', 'createTable tableName=node_network_parameters', '', 'EXECUTED', NULL, NULL, '3.6.3', '2067484486') {changeSet=migration/node-services.changelog-init.xml::add_network_parameters_storage::R3.Corda, databaseChangeLog=master.changelog.json}
?[m?[37m[INFO] 11:44:44,615 [Test worker] jvm.JdbcExecutor. - ALTER TABLE PUBLIC.node_network_parameters ADD CONSTRAINT node_network_parameters_pkey PRIMARY KEY (hash) {changeSet=migration/node-services.changelog-init.xml::network_parameters_pk::R3.Corda, databaseChangeLog=master.changelog.json}
?[m?[37m[INFO] 11:44:44,615 [Test worker] changelog.ChangeSet. - Primary key added to node_network_parameters (hash) {changeSet=migration/node-services.changelog-init.xml::network_parameters_pk::R3.Corda, databaseChangeLog=master.changelog.json}
?[m?[37m[INFO] 11:44:44,615 [Test worker] changelog.ChangeSet. - ChangeSet migration/node-services.changelog-init.xml::network_parameters_pk::R3.Corda ran successfully in 0ms {changeSet=migration/node-services.changelog-init.xml::network_parameters_pk::R3.Corda, databaseChangeLog=master.changelog.json}
?[m?[37m[INFO] 11:44:44,616 [Test worker] jvm.JdbcExecutor. - INSERT INTO PUBLIC.DATABASECHANGELOG (ID, AUTHOR, FILENAME, DATEEXECUTED, ORDEREXECUTED, MD5SUM, DESCRIPTION, COMMENTS, EXECTYPE, CONTEXTS, LABELS, LIQUIBASE, DEPLOYMENT_ID) VALUES ('network_parameters_pk', 'R3.Corda', 'migration/node-services.changelog-init.xml', NOW(), 83, '8:fc0358b8cab487b52558cd68d6feaf9e', 'addPrimaryKey constraintName=node_network_parameters_pkey, tableName=node_network_parameters', '', 'EXECUTED', NULL, NULL, '3.6.3', '2067484486') {changeSet=migration/node-services.changelog-init.xml::network_parameters_pk::R3.Corda, databaseChangeLog=master.changelog.json}
?[m?[37m[INFO] 11:44:44,616 [Test worker] jvm.JdbcExecutor. - ALTER TABLE PUBLIC.node_attachments ADD version INT {changeSet=migration/node-services.changelog-init.xml::add_version_column::R3.Corda, databaseChangeLog=master.changelog.json}
?[m?[37m[INFO] 11:44:44,616 [Test worker] changelog.ChangeSet. - Columns version(INT) added to node_attachments {changeSet=migration/node-services.changelog-init.xml::add_version_column::R3.Corda, databaseChangeLog=master.changelog.json}
?[m?[37m[INFO] 11:44:44,617 [Test worker] jvm.JdbcExecutor. - update node_attachments set version = 1 {changeSet=migration/node-services.changelog-init.xml::add_version_column::R3.Corda, databaseChangeLog=master.changelog.json}
?[m?[37m[INFO] 11:44:44,617 [Test worker] changelog.ChangeSet. - Custom SQL executed {changeSet=migration/node-services.changelog-init.xml::add_version_column::R3.Corda, databaseChangeLog=master.changelog.json}
?[m?[37m[INFO] 11:44:44,617 [Test worker] jvm.JdbcExecutor. - ALTER TABLE PUBLIC.node_attachments ALTER COLUMN version SET NOT NULL {changeSet=migration/node-services.changelog-init.xml::add_version_column::R3.Corda, databaseChangeLog=master.changelog.json}
?[m?[37m[INFO] 11:44:44,617 [Test worker] changelog.ChangeSet. - NOT NULL constraint has been added to node_attachments.version {changeSet=migration/node-services.changelog-init.xml::add_version_column::R3.Corda, databaseChangeLog=master.changelog.json}
?[m?[37m[INFO] 11:44:44,617 [Test worker] changelog.ChangeSet. - ChangeSet migration/node-services.changelog-init.xml::add_version_column::R3.Corda ran successfully in 1ms {changeSet=migration/node-services.changelog-init.xml::add_version_column::R3.Corda, databaseChangeLog=master.changelog.json}
?[m?[37m[INFO] 11:44:44,617 [Test worker] jvm.JdbcExecutor. - INSERT INTO PUBLIC.DATABASECHANGELOG (ID, AUTHOR, FILENAME, DATEEXECUTED, ORDEREXECUTED, MD5SUM, DESCRIPTION, COMMENTS, EXECTYPE, CONTEXTS, LABELS, LIQUIBASE, DEPLOYMENT_ID) VALUES ('add_version_column', 'R3.Corda', 'migration/node-services.changelog-init.xml', NOW(), 84, '8:ab6a3101d1da88b0f174ccc06a62feef', 'addColumn tableName=node_attachments; sql; addNotNullConstraint columnName=version, tableName=node_attachments', '', 'EXECUTED', NULL, NULL, '3.6.3', '2067484486') {changeSet=migration/node-services.changelog-init.xml::add_version_column::R3.Corda, databaseChangeLog=master.changelog.json}
?[m?[37m[INFO] 11:44:44,617 [Test worker] persistence.AttachmentVersionNumberMigration. - Start executing... {changeSet=migration/node-services.changelog-init.xml::update-version-of-whitelisted-jars::R3.Corda, databaseChangeLog=master.changelog.json}
?[m?[37m[INFO] 11:44:44,618 [Test worker] persistence.AttachmentVersionNumberMigration. - Attachment version creation from whitelisted JARs using network parameters from build/mock-network/20201007-104441.993/nodes/3/network-parameters, whitelistedContractImplementations: {}. {changeSet=migration/node-services.changelog-init.xml::update-version-of-whitelisted-jars::R3.Corda, databaseChangeLog=master.changelog.json}
?[m?[37m[INFO] 11:44:44,618 [Test worker] persistence.AttachmentVersionNumberMigration. - Attachment version creation from whitelisted JARs skipped, no attachments not found. {changeSet=migration/node-services.changelog-init.xml::update-version-of-whitelisted-jars::R3.Corda, databaseChangeLog=master.changelog.json}
?[m?[37m[INFO] 11:44:44,618 [Test worker] changelog.ChangeSet. - null {changeSet=migration/node-services.changelog-init.xml::update-version-of-whitelisted-jars::R3.Corda, databaseChangeLog=master.changelog.json}
?[m?[37m[INFO] 11:44:44,618 [Test worker] changelog.ChangeSet. - ChangeSet migration/node-services.changelog-init.xml::update-version-of-whitelisted-jars::R3.Corda ran successfully in 1ms {changeSet=migration/node-services.changelog-init.xml::update-version-of-whitelisted-jars::R3.Corda, databaseChangeLog=master.changelog.json}
?[m?[37m[INFO] 11:44:44,618 [Test worker] jvm.JdbcExecutor. - INSERT INTO PUBLIC.DATABASECHANGELOG (ID, AUTHOR, FILENAME, DATEEXECUTED, ORDEREXECUTED, MD5SUM, DESCRIPTION, COMMENTS, EXECTYPE, CONTEXTS, LABELS, LIQUIBASE, DEPLOYMENT_ID) VALUES ('update-version-of-whitelisted-jars', 'R3.Corda', 'migration/node-services.changelog-init.xml', NOW(), 85, '8:1d4174a12a4902070f6bf2ba624b0e97', 'customChange', '', 'EXECUTED', NULL, NULL, '3.6.3', '2067484486') {changeSet=migration/node-services.changelog-init.xml::update-version-of-whitelisted-jars::R3.Corda, databaseChangeLog=master.changelog.json}
?[m?[37m[INFO] 11:44:44,618 [Test worker] jvm.JdbcExecutor. - CREATE TABLE PUBLIC.node_identities_no_cert (pk_hash NVARCHAR(130) NOT NULL, name NVARCHAR(128) NOT NULL) {changeSet=migration/node-services.changelog-init.xml::add-new-persistence-table::R3.Corda, databaseChangeLog=master.changelog.json}
?[m?[37m[INFO] 11:44:44,618 [Test worker] changelog.ChangeSet. - Table node_identities_no_cert created {changeSet=migration/node-services.changelog-init.xml::add-new-persistence-table::R3.Corda, databaseChangeLog=master.changelog.json}
?[m?[37m[INFO] 11:44:44,618 [Test worker] jvm.JdbcExecutor. - ALTER TABLE PUBLIC.node_identities_no_cert ADD CONSTRAINT node_identities_no_cert_pkey PRIMARY KEY (pk_hash) {changeSet=migration/node-services.changelog-init.xml::add-new-persistence-table::R3.Corda, databaseChangeLog=master.changelog.json}
?[m?[37m[INFO] 11:44:44,618 [Test worker] changelog.ChangeSet. - Primary key added to node_identities_no_cert (pk_hash) {changeSet=migration/node-services.changelog-init.xml::add-new-persistence-table::R3.Corda, databaseChangeLog=master.changelog.json}
?[m?[37m[INFO] 11:44:44,618 [Test worker] changelog.ChangeSet. - ChangeSet migration/node-services.changelog-init.xml::add-new-persistence-table::R3.Corda ran successfully in 0ms {changeSet=migration/node-services.changelog-init.xml::add-new-persistence-table::R3.Corda, databaseChangeLog=master.changelog.json}
?[m?[37m[INFO] 11:44:44,618 [Test worker] jvm.JdbcExecutor. - INSERT INTO PUBLIC.DATABASECHANGELOG (ID, AUTHOR, FILENAME, DATEEXECUTED, ORDEREXECUTED, MD5SUM, DESCRIPTION, COMMENTS, EXECTYPE, CONTEXTS, LABELS, LIQUIBASE, DEPLOYMENT_ID) VALUES ('add-new-persistence-table', 'R3.Corda', 'migration/node-services.changelog-init.xml', NOW(), 86, '8:cb3302a80bf346270e0d8f3509c64a9b', 'createTable tableName=node_identities_no_cert; addPrimaryKey constraintName=node_identities_no_cert_pkey, tableName=node_identities_no_cert', '', 'EXECUTED', NULL, NULL, '3.6.3', '2067484486') {changeSet=migration/node-services.changelog-init.xml::add-new-persistence-table::R3.Corda, databaseChangeLog=master.changelog.json}
?[m?[37m[INFO] 11:44:44,619 [Test worker] jvm.JdbcExecutor. - ALTER TABLE PUBLIC.pk_hash_to_ext_id_map DROP COLUMN id {changeSet=migration/node-services.changelog-init.xml::migrate_pk_hash_to_ext_id::R3.Corda, databaseChangeLog=master.changelog.json}
?[m?[37m[INFO] 11:44:44,619 [Test worker] changelog.ChangeSet. - Column pk_hash_to_ext_id_map.id dropped {changeSet=migration/node-services.changelog-init.xml::migrate_pk_hash_to_ext_id::R3.Corda, databaseChangeLog=master.changelog.json}
?[m?[37m[INFO] 11:44:44,619 [Test worker] jvm.JdbcExecutor. - DROP INDEX PUBLIC.pk_hash_to_xid_idx {changeSet=migration/node-services.changelog-init.xml::migrate_pk_hash_to_ext_id::R3.Corda, databaseChangeLog=master.changelog.json}
?[m?[37m[INFO] 11:44:44,619 [Test worker] changelog.ChangeSet. - Index pk_hash_to_xid_idx dropped from table pk_hash_to_ext_id_map {changeSet=migration/node-services.changelog-init.xml::migrate_pk_hash_to_ext_id::R3.Corda, databaseChangeLog=master.changelog.json}
?[m?[37m[INFO] 11:44:44,619 [Test worker] jvm.JdbcExecutor. - ALTER TABLE PUBLIC.pk_hash_to_ext_id_map ADD CONSTRAINT pubkey_hash_to_external_id_pk PRIMARY KEY (public_key_hash) {changeSet=migration/node-services.changelog-init.xml::migrate_pk_hash_to_ext_id::R3.Corda, databaseChangeLog=master.changelog.json}
?[m?[37m[INFO] 11:44:44,619 [Test worker] changelog.ChangeSet. - Primary key added to pk_hash_to_ext_id_map (public_key_hash) {changeSet=migration/node-services.changelog-init.xml::migrate_pk_hash_to_ext_id::R3.Corda, databaseChangeLog=master.changelog.json}
?[m?[37m[INFO] 11:44:44,619 [Test worker] jvm.JdbcExecutor. - CREATE INDEX PUBLIC.ext_id_idx ON PUBLIC.pk_hash_to_ext_id_map(external_id) {changeSet=migration/node-services.changelog-init.xml::migrate_pk_hash_to_ext_id::R3.Corda, databaseChangeLog=master.changelog.json}
?[m?[37m[INFO] 11:44:44,619 [Test worker] changelog.ChangeSet. - Index ext_id_idx created {changeSet=migration/node-services.changelog-init.xml::migrate_pk_hash_to_ext_id::R3.Corda, databaseChangeLog=master.changelog.json}
?[m?[37m[INFO] 11:44:44,619 [Test worker] changelog.ChangeSet. - ChangeSet migration/node-services.changelog-init.xml::migrate_pk_hash_to_ext_id::R3.Corda ran successfully in 0ms {changeSet=migration/node-services.changelog-init.xml::migrate_pk_hash_to_ext_id::R3.Corda, databaseChangeLog=master.changelog.json}
?[m?[37m[INFO] 11:44:44,620 [Test worker] jvm.JdbcExecutor. - INSERT INTO PUBLIC.DATABASECHANGELOG (ID, AUTHOR, FILENAME, DATEEXECUTED, ORDEREXECUTED, MD5SUM, DESCRIPTION, COMMENTS, EXECTYPE, CONTEXTS, LABELS, LIQUIBASE, DEPLOYMENT_ID) VALUES ('migrate_pk_hash_to_ext_id', 'R3.Corda', 'migration/node-services.changelog-init.xml', NOW(), 87, '8:daf9ba8b9522b5ed5e0c474f220a5ef9', 'dropColumn columnName=id, tableName=pk_hash_to_ext_id_map; dropIndex indexName=pk_hash_to_xid_idx, tableName=pk_hash_to_ext_id_map; addPrimaryKey constraintName=pubkey_hash_to_external_id_pk, tableName=pk_hash_to_ext_id_map; createIndex indexName=...', '', 'EXECUTED', NULL, NULL, '3.6.3', '2067484486') {changeSet=migration/node-services.changelog-init.xml::migrate_pk_hash_to_ext_id::R3.Corda, databaseChangeLog=master.changelog.json}
?[m?[37m[INFO] 11:44:44,620 [Test worker] changelog.ChangeSet. - null {changeSet=migration/node-services.changelog-init.xml::migrate_identity_service_to_use_publicKey.toShortString()::R3.Corda, databaseChangeLog=master.changelog.json}
?[m?[37m[INFO] 11:44:44,620 [Test worker] changelog.ChangeSet. - ChangeSet migration/node-services.changelog-init.xml::migrate_identity_service_to_use_publicKey.toShortString()::R3.Corda ran successfully in 0ms {changeSet=migration/node-services.changelog-init.xml::migrate_identity_service_to_use_publicKey.toShortString()::R3.Corda, databaseChangeLog=master.changelog.json}
?[m?[37m[INFO] 11:44:44,620 [Test worker] jvm.JdbcExecutor. - INSERT INTO PUBLIC.DATABASECHANGELOG (ID, AUTHOR, FILENAME, DATEEXECUTED, ORDEREXECUTED, MD5SUM, DESCRIPTION, COMMENTS, EXECTYPE, CONTEXTS, LABELS, LIQUIBASE, DEPLOYMENT_ID) VALUES ('migrate_identity_service_to_use_publicKey.toShortString()', 'R3.Corda', 'migration/node-services.changelog-init.xml', NOW(), 88, '8:51a17ecff2c7f17e1502992fdda4356d', 'customChange', '', 'EXECUTED', NULL, NULL, '3.6.3', '2067484486') {changeSet=migration/node-services.changelog-init.xml::migrate_identity_service_to_use_publicKey.toShortString()::R3.Corda, databaseChangeLog=master.changelog.json}
?[m?[37m[INFO] 11:44:44,620 [Test worker] jvm.JdbcExecutor. - ALTER TABLE PUBLIC.node_transactions ADD status NVARCHAR(1) DEFAULT 'V' NOT NULL {changeSet=migration/node-services.changelog-init.xml::add_status_column::R3.Corda, databaseChangeLog=master.changelog.json}
?[m?[37m[INFO] 11:44:44,621 [Test worker] changelog.ChangeSet. - Columns status(NVARCHAR(1)) added to node_transactions {changeSet=migration/node-services.changelog-init.xml::add_status_column::R3.Corda, databaseChangeLog=master.changelog.json}
?[m?[37m[INFO] 11:44:44,621 [Test worker] changelog.ChangeSet. - ChangeSet migration/node-services.changelog-init.xml::add_status_column::R3.Corda ran successfully in 1ms {changeSet=migration/node-services.changelog-init.xml::add_status_column::R3.Corda, databaseChangeLog=master.changelog.json}
?[m?[37m[INFO] 11:44:44,621 [Test worker] jvm.JdbcExecutor. - INSERT INTO PUBLIC.DATABASECHANGELOG (ID, AUTHOR, FILENAME, DATEEXECUTED, ORDEREXECUTED, MD5SUM, DESCRIPTION, COMMENTS, EXECTYPE, CONTEXTS, LABELS, LIQUIBASE, DEPLOYMENT_ID) VALUES ('add_status_column', 'R3.Corda', 'migration/node-services.changelog-init.xml', NOW(), 89, '8:163dc66ab97910470ce080cd4c4d33ef', 'addColumn tableName=node_transactions', '', 'EXECUTED', NULL, NULL, '3.6.3', '2067484486') {changeSet=migration/node-services.changelog-init.xml::add_status_column::R3.Corda, databaseChangeLog=master.changelog.json}
?[m?[37m[INFO] 11:44:44,621 [Test worker] jvm.JdbcExecutor. - CREATE TABLE PUBLIC.node_hash_to_key (pk_hash NVARCHAR(130) NOT NULL, public_key BLOB NOT NULL) {changeSet=migration/node-services.changelog-init.xml::add-new-pk-hash-to-pk-table::R3.Corda, databaseChangeLog=master.changelog.json}
?[m?[37m[INFO] 11:44:44,621 [Test worker] changelog.ChangeSet. - Table node_hash_to_key created {changeSet=migration/node-services.changelog-init.xml::add-new-pk-hash-to-pk-table::R3.Corda, databaseChangeLog=master.changelog.json}
?[m?[37m[INFO] 11:44:44,621 [Test worker] jvm.JdbcExecutor. - ALTER TABLE PUBLIC.node_hash_to_key ADD CONSTRAINT node_hash_to_key_pk_hash PRIMARY KEY (pk_hash) {changeSet=migration/node-services.changelog-init.xml::add-new-pk-hash-to-pk-table::R3.Corda, databaseChangeLog=master.changelog.json}
?[m?[37m[INFO] 11:44:44,621 [Test worker] changelog.ChangeSet. - Primary key added to node_hash_to_key (pk_hash) {changeSet=migration/node-services.changelog-init.xml::add-new-pk-hash-to-pk-table::R3.Corda, databaseChangeLog=master.changelog.json}
?[m?[37m[INFO] 11:44:44,621 [Test worker] changelog.ChangeSet. - ChangeSet migration/node-services.changelog-init.xml::add-new-pk-hash-to-pk-table::R3.Corda ran successfully in 0ms {changeSet=migration/node-services.changelog-init.xml::add-new-pk-hash-to-pk-table::R3.Corda, databaseChangeLog=master.changelog.json}
?[m?[37m[INFO] 11:44:44,622 [Test worker] jvm.JdbcExecutor. - INSERT INTO PUBLIC.DATABASECHANGELOG (ID, AUTHOR, FILENAME, DATEEXECUTED, ORDEREXECUTED, MD5SUM, DESCRIPTION, COMMENTS, EXECTYPE, CONTEXTS, LABELS, LIQUIBASE, DEPLOYMENT_ID) VALUES ('add-new-pk-hash-to-pk-table', 'R3.Corda', 'migration/node-services.changelog-init.xml', NOW(), 90, '8:90ed8145a19f497b5c95a5c9542917f0', 'createTable tableName=node_hash_to_key; addPrimaryKey constraintName=node_hash_to_key_pk_hash, tableName=node_hash_to_key', '', 'EXECUTED', NULL, NULL, '3.6.3', '2067484486') {changeSet=migration/node-services.changelog-init.xml::add-new-pk-hash-to-pk-table::R3.Corda, databaseChangeLog=master.changelog.json}
?[m?[37m[INFO] 11:44:44,622 [Test worker] jvm.JdbcExecutor. - ALTER TABLE PUBLIC.node_transactions ADD timestamp TIMESTAMP DEFAULT '2000-01-01 12:00:00' NOT NULL {changeSet=migration/node-services.changelog-init.xml::add_timestamp_column_to_node_transactions::R3.Corda, databaseChangeLog=master.changelog.json}
?[m?[37m[INFO] 11:44:44,622 [Test worker] changelog.ChangeSet. - Columns timestamp(TIMESTAMP) added to node_transactions {changeSet=migration/node-services.changelog-init.xml::add_timestamp_column_to_node_transactions::R3.Corda, databaseChangeLog=master.changelog.json}
?[m?[37m[INFO] 11:44:44,622 [Test worker] changelog.ChangeSet. - ChangeSet migration/node-services.changelog-init.xml::add_timestamp_column_to_node_transactions::R3.Corda ran successfully in 0ms {changeSet=migration/node-services.changelog-init.xml::add_timestamp_column_to_node_transactions::R3.Corda, databaseChangeLog=master.changelog.json}
?[m?[37m[INFO] 11:44:44,623 [Test worker] jvm.JdbcExecutor. - INSERT INTO PUBLIC.DATABASECHANGELOG (ID, AUTHOR, FILENAME, DATEEXECUTED, ORDEREXECUTED, MD5SUM, DESCRIPTION, COMMENTS, EXECTYPE, CONTEXTS, LABELS, LIQUIBASE, DEPLOYMENT_ID) VALUES ('add_timestamp_column_to_node_transactions', 'R3.Corda', 'migration/node-services.changelog-init.xml', NOW(), 91, '8:bc308c6c38c83b58a03f11f0943a944f', 'addColumn tableName=node_transactions', '', 'EXECUTED', NULL, NULL, '3.6.3', '2067484486') {changeSet=migration/node-services.changelog-init.xml::add_timestamp_column_to_node_transactions::R3.Corda, databaseChangeLog=master.changelog.json}
?[m?[37m[INFO] 11:44:44,623 [Test worker] migration.VaultStateMigration. - Migrating vault state data to V4 tables {changeSet=migration/vault-schema.changelog-v9.xml::update-vault-states::R3.Corda, databaseChangeLog=master.changelog.json}
?[m?[37m[INFO] 11:44:44,624 [Test worker] persistence.HibernateConfiguration. - Init HibernateConfiguration for schemas: [VaultMigrationSchemaV1(name=net.corda.node.migration.VaultMigrationSchema, version=1), VaultSchemaV1(name=net.corda.node.services.vault.VaultSchema, version=1)] {changeSet=migration/vault-schema.changelog-v9.xml::update-vault-states::R3.Corda, databaseChangeLog=master.changelog.json}
?[m?[37m[INFO] 11:44:44,624 [Test worker] factory.BaseSessionFactoryFactory. - Creating session factory for schemas: [VaultMigrationSchemaV1(name=net.corda.node.migration.VaultMigrationSchema, version=1), VaultSchemaV1(name=net.corda.node.services.vault.VaultSchema, version=1)] {changeSet=migration/vault-schema.changelog-v9.xml::update-vault-states::R3.Corda, databaseChangeLog=master.changelog.json}
?[m?[37m[INFO] 11:44:44,627 [Test worker] internal.ConnectionProviderInitiator. - HHH000130: Instantiating explicit connection provider: net.corda.nodeapi.internal.persistence.HibernateConfiguration$NodeDatabaseConnectionProvider {changeSet=migration/vault-schema.changelog-v9.xml::update-vault-states::R3.Corda, databaseChangeLog=master.changelog.json}
?[m?[37m[INFO] 11:44:44,627 [Test worker] dialect.Dialect. - HHH000400: Using dialect: org.hibernate.dialect.H2Dialect {changeSet=migration/vault-schema.changelog-v9.xml::update-vault-states::R3.Corda, databaseChangeLog=master.changelog.json}
?[m?[37m[INFO] 11:44:44,644 [Test worker] connections.access. - HHH10001501: Connection obtained from JdbcConnectionAccess [org.hibernate.engine.jdbc.env.internal.JdbcEnvironmentInitiator$ConnectionProviderJdbcConnectionAccess@2342574] for (non-JTA) DDL execution was not in auto-commit mode; the Connection 'local transaction' will be committed and the Connection will be set into auto-commit mode. {changeSet=migration/vault-schema.changelog-v9.xml::update-vault-states::R3.Corda, databaseChangeLog=master.changelog.json}
?[m?[37m[INFO] 11:44:44,658 [Test worker] internal.JtaPlatformInitiator. - HHH000490: Using JtaPlatform implementation: [org.hibernate.engine.transaction.jta.platform.internal.NoJtaPlatform] {changeSet=migration/vault-schema.changelog-v9.xml::update-vault-states::R3.Corda, databaseChangeLog=master.changelog.json}
?[m?[37m[INFO] 11:44:44,658 [Test worker] factory.BaseSessionFactoryFactory. - Created session factory for schemas: [VaultMigrationSchemaV1(name=net.corda.node.migration.VaultMigrationSchema, version=1), VaultSchemaV1(name=net.corda.node.services.vault.VaultSchema, version=1)] {changeSet=migration/vault-schema.changelog-v9.xml::update-vault-states::R3.Corda, databaseChangeLog=master.changelog.json}
?[m?[37m[INFO] 11:44:44,660 [Test worker] migration.VaultStateMigration. - Finished performing vault state data migration for 0 states {changeSet=migration/vault-schema.changelog-v9.xml::update-vault-states::R3.Corda, databaseChangeLog=master.changelog.json}
?[m?[37m[INFO] 11:44:44,660 [Test worker] changelog.ChangeSet. - null {changeSet=migration/vault-schema.changelog-v9.xml::update-vault-states::R3.Corda, databaseChangeLog=master.changelog.json}
?[m?[37m[INFO] 11:44:44,660 [Test worker] changelog.ChangeSet. - ChangeSet migration/vault-schema.changelog-v9.xml::update-vault-states::R3.Corda ran successfully in 37ms {changeSet=migration/vault-schema.changelog-v9.xml::update-vault-states::R3.Corda, databaseChangeLog=master.changelog.json}
?[m?[37m[INFO] 11:44:44,660 [Test worker] jvm.JdbcExecutor. - INSERT INTO PUBLIC.DATABASECHANGELOG (ID, AUTHOR, FILENAME, DATEEXECUTED, ORDEREXECUTED, MD5SUM, DESCRIPTION, COMMENTS, EXECTYPE, CONTEXTS, LABELS, LIQUIBASE, DEPLOYMENT_ID) VALUES ('update-vault-states', 'R3.Corda', 'migration/vault-schema.changelog-v9.xml', NOW(), 92, '8:f8f4c73846280164daf6855e1ecf3cc6', 'customChange', '', 'EXECUTED', NULL, NULL, '3.6.3', '2067484486') {changeSet=migration/vault-schema.changelog-v9.xml::update-vault-states::R3.Corda, databaseChangeLog=master.changelog.json}
?[m?[37m[INFO] 11:44:44,660 [Test worker] migration.PersistentIdentityMigrationNewTable. - Migrating persistent identities with certificates table into persistent table with no certificate data. {changeSet=migration/node-services.changelog-init.xml::transfer-to-new-persistence-table::R3.Corda, databaseChangeLog=master.changelog.json}
?[m?[37m[INFO] 11:44:44,661 [Test worker] persistence.HibernateConfiguration. - Init HibernateConfiguration for schemas: [MappedSchema(name=net.corda.node.migration.PersistentIdentitiesMigrationSchema, version=1)] {changeSet=migration/node-services.changelog-init.xml::transfer-to-new-persistence-table::R3.Corda, databaseChangeLog=master.changelog.json}
?[m?[37m[INFO] 11:44:44,661 [Test worker] factory.BaseSessionFactoryFactory. - Creating session factory for schemas: [MappedSchema(name=net.corda.node.migration.PersistentIdentitiesMigrationSchema, version=1)] {changeSet=migration/node-services.changelog-init.xml::transfer-to-new-persistence-table::R3.Corda, databaseChangeLog=master.changelog.json}
?[m?[37m[INFO] 11:44:44,664 [Test worker] internal.ConnectionProviderInitiator. - HHH000130: Instantiating explicit connection provider: net.corda.nodeapi.internal.persistence.HibernateConfiguration$NodeDatabaseConnectionProvider {changeSet=migration/node-services.changelog-init.xml::transfer-to-new-persistence-table::R3.Corda, databaseChangeLog=master.changelog.json}
?[m?[37m[INFO] 11:44:44,664 [Test worker] dialect.Dialect. - HHH000400: Using dialect: org.hibernate.dialect.H2Dialect {changeSet=migration/node-services.changelog-init.xml::transfer-to-new-persistence-table::R3.Corda, databaseChangeLog=master.changelog.json}
?[m?[37m[INFO] 11:44:44,674 [Test worker] connections.access. - HHH10001501: Connection obtained from JdbcConnectionAccess [org.hibernate.engine.jdbc.env.internal.JdbcEnvironmentInitiator$ConnectionProviderJdbcConnectionAccess@3ffe955] for (non-JTA) DDL execution was not in auto-commit mode; the Connection 'local transaction' will be committed and the Connection will be set into auto-commit mode. {changeSet=migration/node-services.changelog-init.xml::transfer-to-new-persistence-table::R3.Corda, databaseChangeLog=master.changelog.json}
?[m?[37m[INFO] 11:44:44,687 [Test worker] internal.JtaPlatformInitiator. - HHH000490: Using JtaPlatform implementation: [org.hibernate.engine.transaction.jta.platform.internal.NoJtaPlatform] {changeSet=migration/node-services.changelog-init.xml::transfer-to-new-persistence-table::R3.Corda, databaseChangeLog=master.changelog.json}
?[m?[37m[INFO] 11:44:44,687 [Test worker] factory.BaseSessionFactoryFactory. - Created session factory for schemas: [MappedSchema(name=net.corda.node.migration.PersistentIdentitiesMigrationSchema, version=1)] {changeSet=migration/node-services.changelog-init.xml::transfer-to-new-persistence-table::R3.Corda, databaseChangeLog=master.changelog.json}
?[m?[37m[INFO] 11:44:44,707 [Test worker] changelog.ChangeSet. - null {changeSet=migration/node-services.changelog-init.xml::transfer-to-new-persistence-table::R3.Corda, databaseChangeLog=master.changelog.json}
?[m?[37m[INFO] 11:44:44,707 [Test worker] changelog.ChangeSet. - ChangeSet migration/node-services.changelog-init.xml::transfer-to-new-persistence-table::R3.Corda ran successfully in 47ms {changeSet=migration/node-services.changelog-init.xml::transfer-to-new-persistence-table::R3.Corda, databaseChangeLog=master.changelog.json}
?[m?[37m[INFO] 11:44:44,708 [Test worker] jvm.JdbcExecutor. - INSERT INTO PUBLIC.DATABASECHANGELOG (ID, AUTHOR, FILENAME, DATEEXECUTED, ORDEREXECUTED, MD5SUM, DESCRIPTION, COMMENTS, EXECTYPE, CONTEXTS, LABELS, LIQUIBASE, DEPLOYMENT_ID) VALUES ('transfer-to-new-persistence-table', 'R3.Corda', 'migration/node-services.changelog-init.xml', NOW(), 93, '8:dc5c1913b593f4a2b95ddca810da11ba', 'customChange', '', 'EXECUTED', NULL, NULL, '3.6.3', '2067484486') {changeSet=migration/node-services.changelog-init.xml::transfer-to-new-persistence-table::R3.Corda, databaseChangeLog=master.changelog.json}
?[m?[37m[INFO] 11:44:44,708 [Test worker] lockservice.StandardLockService. - Successfully released change log lock
?[m?[37m[INFO] 11:44:44,708 [Test worker] internal.InternalMockNetwork$MockNode. - Connected to H2 database.
?[m?[37m[INFO] 11:44:44,709 [Test worker] persistence.HibernateConfiguration. - Init HibernateConfiguration for schemas: [CommonSchemaV1(name=net.corda.core.schemas.CommonSchema, version=1), VaultSchemaV1(name=net.corda.node.services.vault.VaultSchema, version=1), NodeInfoSchemaV1(name=net.corda.node.internal.schemas.NodeInfoSchema, version=1), NodeCoreV1(name=net.corda.node.services.schema.NodeSchemaService$NodeCore, version=1), AccountsContractsSchemaV1(name=com.r3.corda.lib.accounts.contracts.internal.schemas.AccountsContractsSchema, version=1), AccountsWorkflowsSchemaV1(name=com.r3.corda.lib.accounts.workflows.internal.schemas.AccountsWorkflowsSchema, version=1), FungibleTokenSchemaV1(name=com.r3.corda.lib.tokens.contracts.internal.schemas.FungibleTokenSchema, version=1), NonFungibleTokenSchemaV1(name=com.r3.corda.lib.tokens.contracts.internal.schemas.NonFungibleTokenSchema, version=1), TokenSchemaV1(name=com.r3.corda.lib.tokens.contracts.schemas.TokenSchema, version=1), DistributionRecordSchemaV1(name=com.r3.corda.lib.tokens.workflows.internal.schemas.DistributionRecordSchema, version=1)]
?[m?[37m[INFO] 11:44:44,709 [Test worker] factory.BaseSessionFactoryFactory. - Creating session factory for schemas: [CommonSchemaV1(name=net.corda.core.schemas.CommonSchema, version=1), VaultSchemaV1(name=net.corda.node.services.vault.VaultSchema, version=1), NodeInfoSchemaV1(name=net.corda.node.internal.schemas.NodeInfoSchema, version=1), NodeCoreV1(name=net.corda.node.services.schema.NodeSchemaService$NodeCore, version=1), AccountsContractsSchemaV1(name=com.r3.corda.lib.accounts.contracts.internal.schemas.AccountsContractsSchema, version=1), AccountsWorkflowsSchemaV1(name=com.r3.corda.lib.accounts.workflows.internal.schemas.AccountsWorkflowsSchema, version=1), FungibleTokenSchemaV1(name=com.r3.corda.lib.tokens.contracts.internal.schemas.FungibleTokenSchema, version=1), NonFungibleTokenSchemaV1(name=com.r3.corda.lib.tokens.contracts.internal.schemas.NonFungibleTokenSchema, version=1), TokenSchemaV1(name=com.r3.corda.lib.tokens.contracts.schemas.TokenSchema, version=1), DistributionRecordSchemaV1(name=com.r3.corda.lib.tokens.workflows.internal.schemas.DistributionRecordSchema, version=1)]
?[m?[37m[INFO] 11:44:44,715 [Test worker] internal.ConnectionProviderInitiator. - HHH000130: Instantiating explicit connection provider: net.corda.nodeapi.internal.persistence.HibernateConfiguration$NodeDatabaseConnectionProvider
?[m?[37m[INFO] 11:44:44,715 [Test worker] dialect.Dialect. - HHH000400: Using dialect: org.hibernate.dialect.H2Dialect
?[m?[37m[INFO] 11:44:44,765 [Test worker] connections.access. - HHH10001501: Connection obtained from JdbcConnectionAccess [org.hibernate.engine.jdbc.env.internal.JdbcEnvironmentInitiator$ConnectionProviderJdbcConnectionAccess@1928ec6f] for (non-JTA) DDL execution was not in auto-commit mode; the Connection 'local transaction' will be committed and the Connection will be set into auto-commit mode.
?[m?[37m[INFO] 11:44:44,804 [Test worker] internal.JtaPlatformInitiator. - HHH000490: Using JtaPlatform implementation: [org.hibernate.engine.transaction.jta.platform.internal.NoJtaPlatform]
?[m?[37m[INFO] 11:44:44,804 [Test worker] factory.BaseSessionFactoryFactory. - Created session factory for schemas: [CommonSchemaV1(name=net.corda.core.schemas.CommonSchema, version=1), VaultSchemaV1(name=net.corda.node.services.vault.VaultSchema, version=1), NodeInfoSchemaV1(name=net.corda.node.internal.schemas.NodeInfoSchema, version=1), NodeCoreV1(name=net.corda.node.services.schema.NodeSchemaService$NodeCore, version=1), AccountsContractsSchemaV1(name=com.r3.corda.lib.accounts.contracts.internal.schemas.AccountsContractsSchema, version=1), AccountsWorkflowsSchemaV1(name=com.r3.corda.lib.accounts.workflows.internal.schemas.AccountsWorkflowsSchema, version=1), FungibleTokenSchemaV1(name=com.r3.corda.lib.tokens.contracts.internal.schemas.FungibleTokenSchema, version=1), NonFungibleTokenSchemaV1(name=com.r3.corda.lib.tokens.contracts.internal.schemas.NonFungibleTokenSchema, version=1), TokenSchemaV1(name=com.r3.corda.lib.tokens.contracts.schemas.TokenSchema, version=1), DistributionRecordSchemaV1(name=com.r3.corda.lib.tokens.workflows.internal.schemas.DistributionRecordSchema, version=1)]
?[m?[37m[INFO] 11:44:44,805 [Test worker] internal.InternalMockNetwork$MockNode. - identity-private-key not found in key store, generating fresh key!
?[m?[37m[INFO] 11:44:44,819 [Test worker] internal.InternalMockNetwork$MockNode. - Node-info has changed so submitting update. Old node-info was null
?[m?[37m[INFO] 11:44:44,819 [Test worker] network.PersistentNetworkMapCache. - Adding node with info: NodeInfo(addresses=[mock.node:1000], legalIdentitiesAndCerts=[O=BOB, L=London, C=GB], platformVersion=7, serial=1602067484819)
?[m?[37m[INFO] 11:44:44,819 [Test worker] network.PersistentNetworkMapCache. - No previous node found for O=BOB, L=London, C=GB
?[m?[37m[INFO] 11:44:44,821 [Test worker] internal.InternalMockNetwork$MockNode. - New node-info: NodeInfo(addresses=[mock.node:1000], legalIdentitiesAndCerts=[O=BOB, L=London, C=GB], platformVersion=7, serial=1602067484819)
?[m?[37m[INFO] 11:44:44,823 [Test worker] network.NetworkMapUpdater. - Auto-accept enabled for network parameter changes which modify only: [epoch, modifiedTime, packageOwnership, whitelistedContractImplementations]
?[m?[37m[INFO] 11:44:44,824 [Test worker] internal.MockNodeMessagingService. - Status change to true
?[m?[37m[INFO] 11:44:44,824 [Test worker] internal.InternalMockNetwork$MockNode. - MessagingService active change to: true
?[m?[37m[INFO] 11:44:44,825 [MockNode-54-2] network.PersistentNetworkMapCache. - Adding node with info: NodeInfo(addresses=[mock.node:1000], legalIdentitiesAndCerts=[O=BOB, L=London, C=GB], platformVersion=7, serial=1602067484819)
?[m?[37m[INFO] 11:44:44,826 [MockNode-54-2] network.PersistentNetworkMapCache. - Previous node was identical to incoming one - doing nothing
?[m?[37m[INFO] 11:44:44,835 [Test worker] ClassloaderUtils. - Contracts loading for '/var/folders/25/rhm4m5t16xjclwm998ppz_b40000gp/T/attachment3954810533318582610.jar' took 2 msec
?[m?[37m[INFO] 11:44:44,841 [Test worker] persistence.NodeAttachmentService. - Stored new attachment: id=D370FD972C7E07CE73F4F9B7886D226807F6B16C4EE287398B9C69384109DC14 uploader=app filename=Accounts SDK - States and Contracts
?[m?[37m[INFO] 11:44:44,845 [Test worker] ClassloaderUtils. - Contracts loading for '/var/folders/25/rhm4m5t16xjclwm998ppz_b40000gp/T/attachment6175762019770176137.jar' took 2 msec
?[m?[37m[INFO] 11:44:44,857 [Test worker] persistence.NodeAttachmentService. - Stored new attachment: id=A836B59D71384FC77EEE038AD03646FE8D1634D6C63B09FF03D29AA107D55B81 uploader=app filename=re-issuance - contracts
?[m?[37m[INFO] 11:44:44,861 [Test worker] ClassloaderUtils. - Contracts loading for '/var/folders/25/rhm4m5t16xjclwm998ppz_b40000gp/T/attachment6016118087365459177.jar' took 3 msec
?[m?[37m[INFO] 11:44:44,873 [Test worker] persistence.NodeAttachmentService. - Stored new attachment: id=34705DC9A2C8599998BBDBA7C3D13609AF04D8B3A772F7134D685ECC926D8320 uploader=app filename=Token SDK Contracts
?[m?[37m[INFO] 11:44:44,874 [Test worker] internal.InternalMockNetwork$MockNode. - Installed com.r3.corda.lib.accounts.workflows.services.KeyManagementBackedAccountService Corda service
?[m?[37m[INFO] 11:44:44,874 [Test worker] internal.InternalMockNetwork$MockNode. - Installed com.r3.corda.lib.tokens.selection.memory.services.VaultMigratorService Corda service
?[m?[37m[INFO] 11:44:44,875 [Test worker] cordapp.CordappConfigFileProvider. - Found config for cordapp tokens-workflows-1.2 in build/mock-network/20201007-104441.993/nodes/3/cordapps/config/tokens-workflows-1.2.conf
?[m?[31m[WARN] 11:44:44,875 [Test worker] inMemoryConfigSelectionLogger. - Did not detect a configuration for InMemory selection - enabling memory usage for token indexing. Please set stateSelection.inMemory.enabled to "false" to disable this
?[m?[31m[WARN] 11:44:44,875 [Test worker] inMemoryConfigSelectionLogger. - No indexing method specified. Indexes will be created at run-time for each invocation of selectTokens
?[m?[37m[INFO] 11:44:44,875 [Test worker] inMemoryConfigSelectionLogger. - Found in memory token selection configuration with values indexing strategy: [], cacheSize: 1024
?[m?[31m[WARN] 11:44:44,875 [Test worker] vault.NodeVaultService. - trackBy is called with an already existing, open DB transaction. As a result, there might be states missing from both the snapshot and observable, included in the returned data feed, because of race conditions.
?[m?[31m[WARN] 11:44:44,879 [Test worker] inMemoryConfigSelectionLogger. - Did not detect a configuration for InMemory selection - enabling memory usage for token indexing. Please set stateSelection.inMemory.enabled to "false" to disable this
?[m?[31m[WARN] 11:44:44,879 [Test worker] inMemoryConfigSelectionLogger. - No indexing method specified. Indexes will be created at run-time for each invocation of selectTokens
?[m?[37m[INFO] 11:44:44,879 [Test worker] inMemoryConfigSelectionLogger. - Found in memory token selection configuration with values indexing strategy: [], cacheSize: 1024
?[m?[37m[INFO] 11:44:44,879 [Test worker] services.VaultWatcherService. - Starting async token loading from vault
?[m?[37m[INFO] 11:44:44,879 [Test worker] internal.InternalMockNetwork$MockNode. - Installed com.r3.corda.lib.tokens.selection.memory.services.VaultWatcherService Corda service
?[m?[37m[INFO] 11:44:44,879 [Test worker] internal.InternalMockNetwork$MockNode. - Installed com.r3.dr.ledgergraph.attachment.AttachmentReaderService Corda service
?[m?[37m[INFO] 11:44:44,879 [Test worker] internal.InternalMockNetwork$MockNode. - Installed com.r3.dr.ledgergraph.networkparameters.NetworkParametersReaderService Corda service
?[m?[37m[INFO] 11:44:44,879 [Test worker] internal.InternalMockNetwork$MockNode. - Installed com.r3.dr.ledgergraph.services.ConfigurationService Corda service
?[m?[37m[INFO] 11:44:44,879 [Test worker] internal.InternalMockNetwork$MockNode. - Installed com.r3.dr.ledgergraph.services.LedgerGraphJMXService Corda service
?[m?[37m[INFO] 11:44:44,879 [Test worker] internal.InternalMockNetwork$MockNode. - Installed com.r3.dr.ledgergraph.services.LedgerGraphService Corda service
?[m?[37m[INFO] 11:44:44,879 [Test worker] internal.InternalMockNetwork$MockNode. - Installed com.r3.dr.ledgergraph.transaction.TransactionReaderService Corda service
?[m?[37m[INFO] 11:44:44,880 [pool-10-thread-1] services.VaultWatcherService. - publishing 0 to async state loading callback
?[m?[37m[INFO] 11:44:44,880 [pool-10-thread-1] services.VaultWatcherService. - received token vault update with 0 consumed states and: 0 produced states
?[m?[37m[INFO] 11:44:44,880 [pool-10-thread-1] services.VaultWatcherService. - finished token loading
?[m?[37m[INFO] 11:44:44,881 [Test worker] statemachine.SingleThreadedStateMachineManager. - Node ready, info: NodeInfo(addresses=[mock.node:1000], legalIdentitiesAndCerts=[O=BOB, L=London, C=GB], platformVersion=7, serial=1602067484819)
?[m?[37m[INFO] 11:44:44,882 [Test worker] network.PersistentNetworkMapCache. - Adding node with info: NodeInfo(addresses=[mock.node:1000], legalIdentitiesAndCerts=[O=Notary Service, L=Zurich, C=CH], platformVersion=7, serial=1602067482713)
?[m?[37m[INFO] 11:44:44,883 [Test worker] network.PersistentNetworkMapCache. - No previous node found for O=Notary Service, L=Zurich, C=CH
?[m?[37m[INFO] 11:44:44,883 [Thread-258] cordapp.CordappConfigFileProvider. - Found config for cordapp ledger-graph-1.2-SNAPSHOT in build/mock-network/20201007-104441.993/nodes/3/cordapps/config/ledger-graph-1.2-SNAPSHOT.conf
?[m?[37m[INFO] 11:44:44,884 [Thread-258] services.LedgerGraphService. - Configured transaction iterator page size: 100.
?[m?[37m[INFO] 11:44:44,884 [Thread-258] services.LedgerGraphService. - Configured transaction iterator pool size: 10.
?[m?[37m[INFO] 11:44:44,884 [Thread-258] services.LedgerGraphService. - Getting database transaction count...
?[m?[37m[INFO] 11:44:44,885 [Thread-258] services.LedgerGraphService. - Loading 0 transactions from database...
?[m?[37m[INFO] 11:44:44,886 [Test worker] network.PersistentNetworkMapCache. - Adding node with info: NodeInfo(addresses=[mock.node:1000], legalIdentitiesAndCerts=[O=BOB, L=London, C=GB], platformVersion=7, serial=1602067484819)
?[m?[37m[INFO] 11:44:44,886 [Thread-258] services.LedgerGraphService. - Done loading transactions from database after 0s.
?[m?[37m[INFO] 11:44:44,886 [Thread-258] services.LedgerGraphService. - The LedgerGraph service has now successfully been initialized.
?[m?[37m[INFO] 11:44:44,886 [Test worker] network.PersistentNetworkMapCache. - No previous node found for O=BOB, L=London, C=GB
?[m?[37m[INFO] 11:44:44,888 [Test worker] network.PersistentNetworkMapCache. - Adding node with info: NodeInfo(addresses=[mock.node:1000], legalIdentitiesAndCerts=[O=ISSUER, L=London, C=GB], platformVersion=7, serial=1602067483504)
?[m?[37m[INFO] 11:44:44,888 [Test worker] network.PersistentNetworkMapCache. - No previous node found for O=ISSUER, L=London, C=GB
?[m?[37m[INFO] 11:44:44,890 [Test worker] network.PersistentNetworkMapCache. - Adding node with info: NodeInfo(addresses=[mock.node:1000], legalIdentitiesAndCerts=[O=BOB, L=London, C=GB], platformVersion=7, serial=1602067484819)
?[m?[37m[INFO] 11:44:44,891 [Test worker] network.PersistentNetworkMapCache. - No previous node found for O=BOB, L=London, C=GB
?[m?[37m[INFO] 11:44:44,893 [Test worker] network.PersistentNetworkMapCache. - Adding node with info: NodeInfo(addresses=[mock.node:1000], legalIdentitiesAndCerts=[O=ALICE, L=London, C=GB], platformVersion=7, serial=1602067484123)
?[m?[37m[INFO] 11:44:44,893 [Test worker] network.PersistentNetworkMapCache. - No previous node found for O=ALICE, L=London, C=GB
?[m?[37m[INFO] 11:44:44,896 [Test worker] network.PersistentNetworkMapCache. - Adding node with info: NodeInfo(addresses=[mock.node:1000], legalIdentitiesAndCerts=[O=BOB, L=London, C=GB], platformVersion=7, serial=1602067484819)
?[m?[37m[INFO] 11:44:44,897 [Test worker] network.PersistentNetworkMapCache. - No previous node found for O=BOB, L=London, C=GB
?[m?[37m[INFO] 11:44:44,900 [Test worker] network.PersistentNetworkMapCache. - Adding node with info: NodeInfo(addresses=[mock.node:1000], legalIdentitiesAndCerts=[O=BOB, L=London, C=GB], platformVersion=7, serial=1602067484819)
?[m?[37m[INFO] 11:44:44,900 [Test worker] network.PersistentNetworkMapCache. - Previous node was identical to incoming one - doing nothing
?[m?[37m[INFO] 11:44:44,900 [Test worker] network.PersistentNetworkMapCache. - Adding node with info: NodeInfo(addresses=[mock.node:1000], legalIdentitiesAndCerts=[O=BOB, L=London, C=GB], platformVersion=7, serial=1602067484819)
?[m?[37m[INFO] 11:44:44,900 [Test worker] network.PersistentNetworkMapCache. - Previous node was identical to incoming one - doing nothing
?[m?[37m[INFO] 11:44:44,919 [Test worker] cordapp.JarScanningCordappLoader. - Looking for CorDapps in [build/mock-network/20201007-104441.993/nodes/4/cordapps]
?[m?[37m[INFO] 11:44:44,920 [Test worker] cordapp.JarScanningCordappLoader. - Loading CorDapps from RestrictedURL(url=file:/Users/agnieszkaszczepanska/workspace/reissue-sample-cordapp/workflows/build/mock-network/20201007-104441.993/nodes/4/cordapps/accounts-contracts-1.0.jar, rootPackageName=null), RestrictedURL(url=file:/Users/agnieszkaszczepanska/workspace/reissue-sample-cordapp/workflows/build/mock-network/20201007-104441.993/nodes/4/cordapps/accounts-workflows-1.0.jar, rootPackageName=null), RestrictedURL(url=file:/Users/agnieszkaszczepanska/workspace/reissue-sample-cordapp/workflows/build/mock-network/20201007-104441.993/nodes/4/cordapps/reissuance-cordapp-contracts-1.0-SNAPSHOT.jar, rootPackageName=null), RestrictedURL(url=file:/Users/agnieszkaszczepanska/workspace/reissue-sample-cordapp/workflows/build/mock-network/20201007-104441.993/nodes/4/cordapps/workflows.jar, rootPackageName=null), RestrictedURL(url=file:/Users/agnieszkaszczepanska/workspace/reissue-sample-cordapp/workflows/build/mock-network/20201007-104441.993/nodes/4/cordapps/reissuance-cordapp-workflows-1.0-SNAPSHOT.jar, rootPackageName=null), RestrictedURL(url=file:/Users/agnieszkaszczepanska/workspace/reissue-sample-cordapp/workflows/build/mock-network/20201007-104441.993/nodes/4/cordapps/ci-workflows-1.0.jar, rootPackageName=null), RestrictedURL(url=file:/Users/agnieszkaszczepanska/workspace/reissue-sample-cordapp/workflows/build/mock-network/20201007-104441.993/nodes/4/cordapps/tokens-contracts-1.2.jar, rootPackageName=null), RestrictedURL(url=file:/Users/agnieszkaszczepanska/workspace/reissue-sample-cordapp/workflows/build/mock-network/20201007-104441.993/nodes/4/cordapps/tokens-workflows-1.2.jar, rootPackageName=null), RestrictedURL(url=file:/Users/agnieszkaszczepanska/workspace/reissue-sample-cordapp/workflows/build/mock-network/20201007-104441.993/nodes/4/cordapps/ledger-graph-1.2-SNAPSHOT.jar, rootPackageName=null)
?[m?[37m[INFO] 11:44:44,920 [Test worker] cordapp.JarScanningCordappLoader. - Scanning CorDapp in file:/Users/agnieszkaszczepanska/workspace/reissue-sample-cordapp/workflows/build/mock-network/20201007-104441.993/nodes/4/cordapps/accounts-contracts-1.0.jar
?[m?[37m[INFO] 11:44:44,929 [Test worker] cordapp.JarScanningCordappLoader. - Scanning CorDapp in file:/Users/agnieszkaszczepanska/workspace/reissue-sample-cordapp/workflows/build/mock-network/20201007-104441.993/nodes/4/cordapps/accounts-workflows-1.0.jar
?[m?[37m[INFO] 11:44:44,937 [Test worker] cordapp.JarScanningCordappLoader. - Scanning CorDapp in file:/Users/agnieszkaszczepanska/workspace/reissue-sample-cordapp/workflows/build/mock-network/20201007-104441.993/nodes/4/cordapps/reissuance-cordapp-contracts-1.0-SNAPSHOT.jar
?[m?[37m[INFO] 11:44:44,944 [Test worker] cordapp.JarScanningCordappLoader. - Scanning CorDapp in file:/Users/agnieszkaszczepanska/workspace/reissue-sample-cordapp/workflows/build/mock-network/20201007-104441.993/nodes/4/cordapps/workflows.jar
?[m?[37m[INFO] 11:44:44,949 [Test worker] cordapp.JarScanningCordappLoader. - Scanning CorDapp in file:/Users/agnieszkaszczepanska/workspace/reissue-sample-cordapp/workflows/build/mock-network/20201007-104441.993/nodes/4/cordapps/reissuance-cordapp-workflows-1.0-SNAPSHOT.jar
?[m?[37m[INFO] 11:44:44,958 [Test worker] cordapp.JarScanningCordappLoader. - Scanning CorDapp in file:/Users/agnieszkaszczepanska/workspace/reissue-sample-cordapp/workflows/build/mock-network/20201007-104441.993/nodes/4/cordapps/ci-workflows-1.0.jar
?[m?[37m[INFO] 11:44:44,965 [Test worker] cordapp.JarScanningCordappLoader. - Scanning CorDapp in file:/Users/agnieszkaszczepanska/workspace/reissue-sample-cordapp/workflows/build/mock-network/20201007-104441.993/nodes/4/cordapps/tokens-contracts-1.2.jar
?[m?[37m[INFO] 11:44:44,972 [Test worker] cordapp.JarScanningCordappLoader. - Scanning CorDapp in file:/Users/agnieszkaszczepanska/workspace/reissue-sample-cordapp/workflows/build/mock-network/20201007-104441.993/nodes/4/cordapps/tokens-workflows-1.2.jar
?[m?[37m[INFO] 11:44:44,988 [Test worker] cordapp.JarScanningCordappLoader. - Scanning CorDapp in file:/Users/agnieszkaszczepanska/workspace/reissue-sample-cordapp/workflows/build/mock-network/20201007-104441.993/nodes/4/cordapps/ledger-graph-1.2-SNAPSHOT.jar
?[m?[37m[INFO] 11:44:45,015 [Test worker] internal.InternalMockNetwork$MockNode. - MessagingService active change to: false
?[m?[37m[INFO] 11:44:45,016 [Test worker] internal.InternalMockNetwork$MockNode. - Flow external operation executor has a max of 2 threads
?[m?[37m[INFO] 11:44:45,017 [Test worker] internal.InternalMockNetwork$MockNode. - Node starting up ...
?[m?[37m[INFO] 11:44:45,033 [Test worker] internal.NodeFlowManager. - Registered com.r3.corda.lib.accounts.workflows.flows.ShareStateAndSyncAccounts to initiate com.r3.corda.lib.accounts.workflows.flows.ReceiveStateAndSyncAccounts (version 1)
?[m?[37m[INFO] 11:44:45,033 [Test worker] internal.NodeFlowManager. - Registered com.r3.corda.lib.accounts.workflows.flows.ShareStateWithAccount to initiate com.r3.corda.lib.accounts.workflows.flows.ReceiveStateForAccount (version 1)
?[m?[37m[INFO] 11:44:45,033 [Test worker] internal.NodeFlowManager. - Registered com.r3.corda.lib.accounts.workflows.flows.RequestAccountInfo to initiate com.r3.corda.lib.accounts.workflows.flows.RequestAccountInfoHandler (version 1)
?[m?[37m[INFO] 11:44:45,033 [Test worker] internal.NodeFlowManager. - Registered com.r3.corda.lib.accounts.workflows.flows.RequestKeyForAccount to initiate com.r3.corda.lib.accounts.workflows.flows.SendKeyForAccount (version 1)
?[m?[37m[INFO] 11:44:45,033 [Test worker] internal.NodeFlowManager. - Registered com.r3.corda.lib.accounts.workflows.flows.ShareAccountInfo to initiate com.r3.corda.lib.accounts.workflows.flows.ShareAccountInfoHandler (version 1)
?[m?[37m[INFO] 11:44:45,033 [Test worker] internal.NodeFlowManager. - Registered net.corda.samples.reissuance.IssueDemoAppTokens to initiate net.corda.samples.reissuance.IssueDemoAppTokensResponder (version 1)
?[m?[37m[INFO] 11:44:45,033 [Test worker] internal.NodeFlowManager. - Registered net.corda.samples.reissuance.MoveDemoAppTokens to initiate net.corda.samples.reissuance.MoveDemoAppTokensResponder (version 1)
?[m?[37m[INFO] 11:44:45,033 [Test worker] internal.NodeFlowManager. - Registered net.corda.samples.reissuance.RedeemDemoAppTokens to initiate net.corda.samples.reissuance.RedeemDemoAppTokensResponder (version 1)
?[m?[37m[INFO] 11:44:45,033 [Test worker] internal.NodeFlowManager. - Registered com.r3.corda.lib.reissuance.flows.DeleteReIssuedStatesAndLock to initiate com.r3.corda.lib.reissuance.flows.DeleteReIssuedStatesAndLockResponder (version 1)
?[m?[37m[INFO] 11:44:45,033 [Test worker] internal.NodeFlowManager. - Registered com.r3.corda.lib.reissuance.flows.ReIssueStates to initiate com.r3.corda.lib.reissuance.flows.ReIssueStatesResponder (version 1)
?[m?[37m[INFO] 11:44:45,033 [Test worker] internal.NodeFlowManager. - Registered com.r3.corda.lib.reissuance.flows.RequestReIssuanceAndShareRequiredTransactions to initiate com.r3.corda.lib.reissuance.flows.ReceiveSignedTransaction (version 1)
?[m?[37m[INFO] 11:44:45,033 [Test worker] internal.NodeFlowManager. - Registered com.r3.corda.lib.reissuance.flows.RejectReIssuanceRequest to initiate com.r3.corda.lib.reissuance.flows.RejectReIssuanceRequestResponder (version 1)
?[m?[37m[INFO] 11:44:45,033 [Test worker] internal.NodeFlowManager. - Registered com.r3.corda.lib.reissuance.flows.RequestReIssuance to initiate com.r3.corda.lib.reissuance.flows.RequestReIssuanceResponder (version 1)
?[m?[37m[INFO] 11:44:45,033 [Test worker] internal.NodeFlowManager. - Registered com.r3.corda.lib.reissuance.flows.UnlockReIssuedStates to initiate com.r3.corda.lib.reissuance.flows.UnlockReIssuedStatesResponder (version 1)
?[m?[37m[INFO] 11:44:45,033 [Test worker] internal.NodeFlowManager. - Registered com.r3.corda.lib.reissuance.flows.example.dummyStateRequiringAcceptance.CreateDummyStateRequiringAcceptance to initiate com.r3.corda.lib.reissuance.flows.example.dummyStateRequiringAcceptance.CreateDummyStateRequiringAcceptanceResponder (version 1)
?[m?[37m[INFO] 11:44:45,033 [Test worker] internal.NodeFlowManager. - Registered com.r3.corda.lib.reissuance.flows.example.dummyStateRequiringAcceptance.DeleteDummyStateRequiringAcceptance to initiate com.r3.corda.lib.reissuance.flows.example.dummyStateRequiringAcceptance.DeleteDummyStateRequiringAcceptanceResponder (version 1)
?[m?[37m[INFO] 11:44:45,033 [Test worker] internal.NodeFlowManager. - Registered com.r3.corda.lib.reissuance.flows.example.dummyStateRequiringAcceptance.UpdateDummyStateRequiringAcceptance to initiate com.r3.corda.lib.reissuance.flows.example.dummyStateRequiringAcceptance.UpdateDummyStateRequiringAcceptanceResponder (version 1)
?[m?[37m[INFO] 11:44:45,033 [Test worker] internal.NodeFlowManager. - Registered com.r3.corda.lib.reissuance.flows.example.dummyStateRequiringAllParticipantsSignatures.CreateDummyStateRequiringAllParticipantsSignatures to initiate com.r3.corda.lib.reissuance.flows.example.dummyStateRequiringAllParticipantsSignatures.CreateDummyStateRequiringAllParticipantsSignaturesResponder (version 1)
?[m?[37m[INFO] 11:44:45,033 [Test worker] internal.NodeFlowManager. - Registered com.r3.corda.lib.reissuance.flows.example.dummyStateRequiringAllParticipantsSignatures.DeleteDummyStateRequiringAllParticipantsSignatures to initiate com.r3.corda.lib.reissuance.flows.example.dummyStateRequiringAllParticipantsSignatures.DeleteDummyStateRequiringAllParticipantsSignaturesResponder (version 1)
?[m?[37m[INFO] 11:44:45,033 [Test worker] internal.NodeFlowManager. - Registered com.r3.corda.lib.reissuance.flows.example.dummyStateRequiringAllParticipantsSignatures.UpdateDummyStateRequiringAllParticipantsSignatures to initiate com.r3.corda.lib.reissuance.flows.example.dummyStateRequiringAllParticipantsSignatures.UpdateDummyStateRequiringAllParticipantsSignaturesResponder (version 1)
?[m?[37m[INFO] 11:44:45,033 [Test worker] internal.NodeFlowManager. - Registered com.r3.corda.lib.reissuance.flows.example.dummyStateWithInvalidEqualsMethod.CreateDummyStateWithInvalidEqualsMethod to initiate com.r3.corda.lib.reissuance.flows.example.dummyStateWithInvalidEqualsMethod.CreateDummyStateRequiringAllParticipantsSignaturesResponder (version 1)
?[m?[37m[INFO] 11:44:45,033 [Test worker] internal.NodeFlowManager. - Registered com.r3.corda.lib.reissuance.flows.example.dummyStateWithInvalidEqualsMethod.DeleteDummyStateWithInvalidEqualsMethod to initiate com.r3.corda.lib.reissuance.flows.example.dummyStateWithInvalidEqualsMethod.DeleteDummyStateRequiringAllParticipantsSignaturesResponder (version 1)
?[m?[37m[INFO] 11:44:45,033 [Test worker] internal.NodeFlowManager. - Registered com.r3.corda.lib.reissuance.flows.example.dummyStateWithInvalidEqualsMethod.UpdateDummyStateWithInvalidEqualsMethod to initiate com.r3.corda.lib.reissuance.flows.example.dummyStateWithInvalidEqualsMethod.UpdateDummyStateWithInvalidEqualsMethodResponder (version 1)
?[m?[37m[INFO] 11:44:45,033 [Test worker] internal.NodeFlowManager. - Registered com.r3.corda.lib.reissuance.flows.example.simpleDummyState.CreateSimpleDummyStateForAccount to initiate com.r3.corda.lib.reissuance.flows.example.simpleDummyState.CreateSimpleDummyStateForAccountResponder (version 1)
?[m?[37m[INFO] 11:44:45,033 [Test worker] internal.NodeFlowManager. - Registered com.r3.corda.lib.reissuance.flows.example.simpleDummyState.CreateSimpleDummyState to initiate com.r3.corda.lib.reissuance.flows.example.simpleDummyState.CreateSimpleDummyStateResponder (version 1)
?[m?[37m[INFO] 11:44:45,033 [Test worker] internal.NodeFlowManager. - Registered com.r3.corda.lib.reissuance.flows.example.simpleDummyState.DeleteSimpleDummyStateForAccount to initiate com.r3.corda.lib.reissuance.flows.example.simpleDummyState.DeleteSimpleDummyStateForAccountResponder (version 1)
?[m?[37m[INFO] 11:44:45,033 [Test worker] internal.NodeFlowManager. - Registered com.r3.corda.lib.reissuance.flows.example.simpleDummyState.DeleteSimpleDummyState to initiate com.r3.corda.lib.reissuance.flows.example.simpleDummyState.DeleteSimpleDummyStateResponder (version 1)
?[m?[37m[INFO] 11:44:45,033 [Test worker] internal.NodeFlowManager. - Registered com.r3.corda.lib.reissuance.flows.example.simpleDummyState.UpdateSimpleDummyState to initiate com.r3.corda.lib.reissuance.flows.example.simpleDummyState.SimpleDummyStateResponder (version 1)
?[m?[37m[INFO] 11:44:45,033 [Test worker] internal.NodeFlowManager. - Registered com.r3.corda.lib.reissuance.flows.example.simpleDummyState.UpdateSimpleDummyStateForAccount to initiate com.r3.corda.lib.reissuance.flows.example.simpleDummyState.UpdateSimpleDummyStateForAccountResponder (version 1)
?[m?[37m[INFO] 11:44:45,033 [Test worker] internal.NodeFlowManager. - Registered com.r3.corda.lib.reissuance.flows.example.tokens.IssueTokens to initiate com.r3.corda.lib.reissuance.flows.example.tokens.IssueTokensResponder (version 1)
?[m?[37m[INFO] 11:44:45,033 [Test worker] internal.NodeFlowManager. - Registered com.r3.corda.lib.reissuance.flows.example.tokens.RedeemTokens to initiate com.r3.corda.lib.reissuance.flows.example.tokens.RedeemTokensResponder (version 1)
?[m?[37m[INFO] 11:44:45,033 [Test worker] internal.NodeFlowManager. - Registered com.r3.corda.lib.reissuance.flows.example.tokens.TransferTokens to initiate com.r3.corda.lib.reissuance.flows.example.tokens.TransferTokensResponder (version 1)
?[m?[37m[INFO] 11:44:45,033 [Test worker] internal.NodeFlowManager. - Registered com.r3.corda.lib.ci.workflows.RequestKeyForUUIDInitiator to initiate com.r3.corda.lib.ci.workflows.RequestKeyForUUIDResponder (version 1)
?[m?[37m[INFO] 11:44:45,033 [Test worker] internal.NodeFlowManager. - Registered com.r3.corda.lib.ci.workflows.RequestKey to initiate com.r3.corda.lib.ci.workflows.RequestKeyResponder (version 1)
?[m?[37m[INFO] 11:44:45,033 [Test worker] internal.NodeFlowManager. - Registered com.r3.corda.lib.ci.workflows.SyncKeyMappingInitiator to initiate com.r3.corda.lib.ci.workflows.SyncKeyMappingResponder (version 1)
?[m?[37m[INFO] 11:44:45,033 [Test worker] internal.NodeFlowManager. - Registered com.r3.corda.lib.ci.workflows.VerifyAndAddKey to initiate com.r3.corda.lib.ci.workflows.VerifyAndAddKeyResponder (version 1)
?[m?[37m[INFO] 11:44:45,033 [Test worker] internal.NodeFlowManager. - Registered com.r3.corda.lib.tokens.workflows.flows.rpc.ConfidentialIssueTokens to initiate com.r3.corda.lib.tokens.workflows.flows.rpc.ConfidentialIssueTokensHandler (version 1)
?[m?[37m[INFO] 11:44:45,033 [Test worker] internal.NodeFlowManager. - Registered com.r3.corda.lib.tokens.workflows.flows.rpc.ConfidentialMoveFungibleTokens to initiate com.r3.corda.lib.tokens.workflows.flows.rpc.ConfidentialMoveFungibleTokensHandler (version 1)
?[m?[37m[INFO] 11:44:45,034 [Test worker] internal.NodeFlowManager. - Registered com.r3.corda.lib.tokens.workflows.flows.rpc.ConfidentialMoveNonFungibleTokens to initiate com.r3.corda.lib.tokens.workflows.flows.rpc.ConfidentialMoveNonFungibleTokensHandler (version 1)
?[m?[37m[INFO] 11:44:45,034 [Test worker] internal.NodeFlowManager. - Registered com.r3.corda.lib.tokens.workflows.flows.rpc.ConfidentialRedeemFungibleTokens to initiate com.r3.corda.lib.tokens.workflows.flows.rpc.ConfidentialRedeemFungibleTokensHandler (version 1)
?[m?[37m[INFO] 11:44:45,034 [Test worker] internal.NodeFlowManager. - Registered com.r3.corda.lib.tokens.workflows.flows.rpc.CreateEvolvableTokens to initiate com.r3.corda.lib.tokens.workflows.flows.rpc.CreateEvolvableTokensHandler (version 1)
?[m?[37m[INFO] 11:44:45,034 [Test worker] internal.NodeFlowManager. - Registered com.r3.corda.lib.tokens.workflows.flows.rpc.IssueTokens to initiate com.r3.corda.lib.tokens.workflows.flows.rpc.IssueTokensHandler (version 1)
?[m?[37m[INFO] 11:44:45,034 [Test worker] internal.NodeFlowManager. - Registered com.r3.corda.lib.tokens.workflows.flows.rpc.MoveFungibleTokens to initiate com.r3.corda.lib.tokens.workflows.flows.rpc.MoveFungibleTokensHandler (version 1)
?[m?[37m[INFO] 11:44:45,034 [Test worker] internal.NodeFlowManager. - Registered com.r3.corda.lib.tokens.workflows.flows.rpc.MoveNonFungibleTokens to initiate com.r3.corda.lib.tokens.workflows.flows.rpc.MoveNonFungibleTokensHandler (version 1)
?[m?[37m[INFO] 11:44:45,034 [Test worker] internal.NodeFlowManager. - Registered com.r3.corda.lib.tokens.workflows.flows.rpc.RedeemFungibleTokens to initiate com.r3.corda.lib.tokens.workflows.flows.rpc.RedeemFungibleTokensHandler (version 1)
?[m?[37m[INFO] 11:44:45,034 [Test worker] internal.NodeFlowManager. - Registered com.r3.corda.lib.tokens.workflows.flows.rpc.RedeemNonFungibleTokens to initiate com.r3.corda.lib.tokens.workflows.flows.rpc.RedeemNonFungibleTokensHandler (version 1)
?[m?[37m[INFO] 11:44:45,034 [Test worker] internal.NodeFlowManager. - Registered com.r3.corda.lib.tokens.workflows.flows.rpc.UpdateEvolvableToken to initiate com.r3.corda.lib.tokens.workflows.flows.rpc.UpdateEvolvableTokenHandler (version 1)
?[m?[37m[INFO] 11:44:45,034 [Test worker] internal.NodeFlowManager. - Registered com.r3.corda.lib.tokens.workflows.internal.flows.distribution.RequestAdditionToDistributionList$Initiator to initiate com.r3.corda.lib.tokens.workflows.internal.flows.distribution.RequestAdditionToDistributionList$Responder (version 1)
?[m?[37m[INFO] 11:44:45,034 [Test worker] internal.NodeFlowManager. - Registered com.r3.corda.lib.tokens.workflows.internal.flows.distribution.UpdateDistributionListFlow to initiate com.r3.corda.lib.tokens.workflows.internal.flows.distribution.UpdateDistributionListFlowHandler (version 1)
?[m?[37m[INFO] 11:44:45,034 [Test worker] internal.NodeFlowManager. - Registered com.r3.corda.lib.tokens.workflows.internal.testflows.DvPFlow to initiate com.r3.corda.lib.tokens.workflows.internal.testflows.DvPFlowHandler (version 1)
?[m?[37m[INFO] 11:44:45,035 [Test worker] internal.InternalMockNetwork$MockNode. - Loaded network parameters: NetworkParameters {
      minimumPlatformVersion=4
      notaries=[NotaryInfo(identity=O=Notary Service, L=Zurich, C=CH, validating=false)]
      maxMessageSize=10485760
      maxTransactionSize=524288000
      whitelistedContractImplementations {
        
      }
      eventHorizon=PT720H
      packageOwnership {
        
      }
      modifiedTime=2020-10-07T10:44:41.993Z
      epoch=1
  }
?[m?[37m[INFO] 11:44:45,035 [Test worker] hikari.HikariDataSource. - HikariPool-55 - Starting...
?[m?[37m[INFO] 11:44:45,036 [Test worker] hikari.HikariDataSource. - HikariPool-55 - Start completed.
?[m?[37m[INFO] 11:44:45,125 [Test worker] changelog.StandardChangeLogHistoryService. - Creating database history table with name: PUBLIC.DATABASECHANGELOG
?[m?[37m[INFO] 11:44:45,125 [Test worker] jvm.JdbcExecutor. - CREATE TABLE PUBLIC.DATABASECHANGELOG (ID VARCHAR(255) NOT NULL, AUTHOR VARCHAR(255) NOT NULL, FILENAME VARCHAR(255) NOT NULL, DATEEXECUTED TIMESTAMP NOT NULL, ORDEREXECUTED INT NOT NULL, EXECTYPE VARCHAR(10) NOT NULL, MD5SUM VARCHAR(35), DESCRIPTION VARCHAR(255), COMMENTS VARCHAR(255), TAG VARCHAR(255), LIQUIBASE VARCHAR(20), CONTEXTS VARCHAR(255), LABELS VARCHAR(255), DEPLOYMENT_ID VARCHAR(10))
?[m?[37m[INFO] 11:44:45,126 [Test worker] jvm.JdbcExecutor. - SELECT COUNT(*) FROM PUBLIC.DATABASECHANGELOG
?[m?[37m[INFO] 11:44:45,126 [Test worker] changelog.StandardChangeLogHistoryService. - Reading from PUBLIC.DATABASECHANGELOG
?[m?[37m[INFO] 11:44:45,126 [Test worker] jvm.JdbcExecutor. - SELECT * FROM PUBLIC.DATABASECHANGELOG ORDER BY DATEEXECUTED ASC, ORDEREXECUTED ASC
?[m?[37m[INFO] 11:44:45,126 [Test worker] jvm.JdbcExecutor. - SELECT COUNT(*) FROM PUBLIC.DATABASECHANGELOGLOCK
?[m?[37m[INFO] 11:44:45,126 [Test worker] jvm.JdbcExecutor. - CREATE TABLE PUBLIC.DATABASECHANGELOGLOCK (ID INT NOT NULL, LOCKED BOOLEAN NOT NULL, LOCKGRANTED TIMESTAMP, LOCKEDBY VARCHAR(255), CONSTRAINT PK_DATABASECHANGELOGLOCK PRIMARY KEY (ID))
?[m?[37m[INFO] 11:44:45,126 [Test worker] jvm.JdbcExecutor. - SELECT COUNT(*) FROM PUBLIC.DATABASECHANGELOGLOCK
?[m?[37m[INFO] 11:44:45,126 [Test worker] jvm.JdbcExecutor. - DELETE FROM PUBLIC.DATABASECHANGELOGLOCK
?[m?[37m[INFO] 11:44:45,126 [Test worker] jvm.JdbcExecutor. - INSERT INTO PUBLIC.DATABASECHANGELOGLOCK (ID, LOCKED) VALUES (1, FALSE)
?[m?[37m[INFO] 11:44:45,131 [Test worker] visitor.ValidatingVisitor. - Skipping change set migration/vault-schema.changelog-pkey.xml::non-clustered_pk-11::R3.Corda due to validation error(s): clustered is not allowed on h2 {changeSet=migration/vault-schema.changelog-pkey.xml::non-clustered_pk-11::R3.Corda, databaseChangeLog=master.changelog.json}
?[m?[37m[INFO] 11:44:45,131 [Test worker] visitor.ValidatingVisitor. - Skipping change set migration/vault-schema.changelog-pkey.xml::non-clustered_pk-12::R3.Corda due to validation error(s): clustered is not allowed on h2 {changeSet=migration/vault-schema.changelog-pkey.xml::non-clustered_pk-12::R3.Corda, databaseChangeLog=master.changelog.json}
?[m?[37m[INFO] 11:44:45,132 [Test worker] visitor.ValidatingVisitor. - Skipping change set migration/vault-schema.changelog-pkey.xml::non-clustered_pk-13::R3.Corda due to validation error(s): clustered is not allowed on h2 {changeSet=migration/vault-schema.changelog-pkey.xml::non-clustered_pk-13::R3.Corda, databaseChangeLog=master.changelog.json}
?[m?[37m[INFO] 11:44:45,139 [Test worker] visitor.ValidatingVisitor. - Skipping change set migration/node-core.changelog-pkey.xml::non-clustered_pk-1::R3.Corda due to validation error(s): clustered is not allowed on h2 {changeSet=migration/node-core.changelog-pkey.xml::non-clustered_pk-1::R3.Corda, databaseChangeLog=master.changelog.json}
?[m?[37m[INFO] 11:44:45,139 [Test worker] visitor.ValidatingVisitor. - Skipping change set migration/node-core.changelog-pkey.xml::non-clustered_pk-2::R3.Corda due to validation error(s): clustered is not allowed on h2 {changeSet=migration/node-core.changelog-pkey.xml::non-clustered_pk-2::R3.Corda, databaseChangeLog=master.changelog.json}
?[m?[37m[INFO] 11:44:45,139 [Test worker] visitor.ValidatingVisitor. - Skipping change set migration/node-core.changelog-pkey.xml::non-clustered_pk-3::R3.Corda due to validation error(s): clustered is not allowed on h2 {changeSet=migration/node-core.changelog-pkey.xml::non-clustered_pk-3::R3.Corda, databaseChangeLog=master.changelog.json}
?[m?[37m[INFO] 11:44:45,139 [Test worker] visitor.ValidatingVisitor. - Skipping change set migration/node-core.changelog-pkey.xml::non-clustered_pk-4::R3.Corda due to validation error(s): clustered is not allowed on h2 {changeSet=migration/node-core.changelog-pkey.xml::non-clustered_pk-4::R3.Corda, databaseChangeLog=master.changelog.json}
?[m?[37m[INFO] 11:44:45,139 [Test worker] visitor.ValidatingVisitor. - Skipping change set migration/node-core.changelog-pkey.xml::non-clustered_pk-5::R3.Corda due to validation error(s): clustered is not allowed on h2 {changeSet=migration/node-core.changelog-pkey.xml::non-clustered_pk-5::R3.Corda, databaseChangeLog=master.changelog.json}
?[m?[37m[INFO] 11:44:45,140 [Test worker] visitor.ValidatingVisitor. - Skipping change set migration/node-core.changelog-pkey.xml::non-clustered_pk-6::R3.Corda due to validation error(s): clustered is not allowed on h2 {changeSet=migration/node-core.changelog-pkey.xml::non-clustered_pk-6::R3.Corda, databaseChangeLog=master.changelog.json}
?[m?[37m[INFO] 11:44:45,140 [Test worker] visitor.ValidatingVisitor. - Skipping change set migration/node-core.changelog-pkey.xml::non-clustered_pk-7::R3.Corda due to validation error(s): clustered is not allowed on h2 {changeSet=migration/node-core.changelog-pkey.xml::non-clustered_pk-7::R3.Corda, databaseChangeLog=master.changelog.json}
?[m?[37m[INFO] 11:44:45,143 [Test worker] jvm.JdbcExecutor. - SELECT COUNT(*) FROM PUBLIC.DATABASECHANGELOGLOCK
?[m?[37m[INFO] 11:44:45,143 [Test worker] jvm.JdbcExecutor. - SELECT LOCKED FROM PUBLIC.DATABASECHANGELOGLOCK WHERE ID=1
?[m?[37m[INFO] 11:44:45,144 [Test worker] lockservice.StandardLockService. - Successfully acquired change log lock
?[m?[37m[INFO] 11:44:45,146 [Test worker] visitor.ValidatingVisitor. - Skipping change set migration/vault-schema.changelog-pkey.xml::non-clustered_pk-11::R3.Corda due to validation error(s): clustered is not allowed on h2 {changeSet=migration/vault-schema.changelog-pkey.xml::non-clustered_pk-11::R3.Corda, databaseChangeLog=master.changelog.json}
?[m?[37m[INFO] 11:44:45,146 [Test worker] visitor.ValidatingVisitor. - Skipping change set migration/vault-schema.changelog-pkey.xml::non-clustered_pk-12::R3.Corda due to validation error(s): clustered is not allowed on h2 {changeSet=migration/vault-schema.changelog-pkey.xml::non-clustered_pk-12::R3.Corda, databaseChangeLog=master.changelog.json}
?[m?[37m[INFO] 11:44:45,146 [Test worker] visitor.ValidatingVisitor. - Skipping change set migration/vault-schema.changelog-pkey.xml::non-clustered_pk-13::R3.Corda due to validation error(s): clustered is not allowed on h2 {changeSet=migration/vault-schema.changelog-pkey.xml::non-clustered_pk-13::R3.Corda, databaseChangeLog=master.changelog.json}
?[m?[37m[INFO] 11:44:45,149 [Test worker] visitor.ValidatingVisitor. - Skipping change set migration/node-core.changelog-pkey.xml::non-clustered_pk-1::R3.Corda due to validation error(s): clustered is not allowed on h2 {changeSet=migration/node-core.changelog-pkey.xml::non-clustered_pk-1::R3.Corda, databaseChangeLog=master.changelog.json}
?[m?[37m[INFO] 11:44:45,149 [Test worker] visitor.ValidatingVisitor. - Skipping change set migration/node-core.changelog-pkey.xml::non-clustered_pk-2::R3.Corda due to validation error(s): clustered is not allowed on h2 {changeSet=migration/node-core.changelog-pkey.xml::non-clustered_pk-2::R3.Corda, databaseChangeLog=master.changelog.json}
?[m?[37m[INFO] 11:44:45,149 [Test worker] visitor.ValidatingVisitor. - Skipping change set migration/node-core.changelog-pkey.xml::non-clustered_pk-3::R3.Corda due to validation error(s): clustered is not allowed on h2 {changeSet=migration/node-core.changelog-pkey.xml::non-clustered_pk-3::R3.Corda, databaseChangeLog=master.changelog.json}
?[m?[37m[INFO] 11:44:45,149 [Test worker] visitor.ValidatingVisitor. - Skipping change set migration/node-core.changelog-pkey.xml::non-clustered_pk-4::R3.Corda due to validation error(s): clustered is not allowed on h2 {changeSet=migration/node-core.changelog-pkey.xml::non-clustered_pk-4::R3.Corda, databaseChangeLog=master.changelog.json}
?[m?[37m[INFO] 11:44:45,149 [Test worker] visitor.ValidatingVisitor. - Skipping change set migration/node-core.changelog-pkey.xml::non-clustered_pk-5::R3.Corda due to validation error(s): clustered is not allowed on h2 {changeSet=migration/node-core.changelog-pkey.xml::non-clustered_pk-5::R3.Corda, databaseChangeLog=master.changelog.json}
?[m?[37m[INFO] 11:44:45,149 [Test worker] visitor.ValidatingVisitor. - Skipping change set migration/node-core.changelog-pkey.xml::non-clustered_pk-6::R3.Corda due to validation error(s): clustered is not allowed on h2 {changeSet=migration/node-core.changelog-pkey.xml::non-clustered_pk-6::R3.Corda, databaseChangeLog=master.changelog.json}
?[m?[37m[INFO] 11:44:45,149 [Test worker] visitor.ValidatingVisitor. - Skipping change set migration/node-core.changelog-pkey.xml::non-clustered_pk-7::R3.Corda due to validation error(s): clustered is not allowed on h2 {changeSet=migration/node-core.changelog-pkey.xml::non-clustered_pk-7::R3.Corda, databaseChangeLog=master.changelog.json}
?[m?[37m[INFO] 11:44:45,150 [Test worker] jvm.JdbcExecutor. - SELECT SEQUENCE_NAME FROM INFORMATION_SCHEMA.SEQUENCES WHERE SEQUENCE_SCHEMA = 'null' AND IS_GENERATED=FALSE {changeSet=migration/common.changelog-init.xml::1511451595465-1.1::R3.Corda, databaseChangeLog=master.changelog.json}
?[m?[37m[INFO] 11:44:45,150 [Test worker] jvm.JdbcExecutor. - SELECT SEQUENCE_NAME FROM INFORMATION_SCHEMA.SEQUENCES WHERE SEQUENCE_SCHEMA = 'PUBLIC' AND IS_GENERATED=FALSE {changeSet=migration/common.changelog-init.xml::1511451595465-1.1::R3.Corda, databaseChangeLog=master.changelog.json}
?[m?[37m[INFO] 11:44:45,150 [Test worker] jvm.JdbcExecutor. - CREATE SEQUENCE PUBLIC.hibernate_sequence {changeSet=migration/common.changelog-init.xml::1511451595465-1.1::R3.Corda, databaseChangeLog=master.changelog.json}
?[m?[37m[INFO] 11:44:45,150 [Test worker] changelog.ChangeSet. - Sequence hibernate_sequence created {changeSet=migration/common.changelog-init.xml::1511451595465-1.1::R3.Corda, databaseChangeLog=master.changelog.json}
?[m?[37m[INFO] 11:44:45,150 [Test worker] changelog.ChangeSet. - ChangeSet migration/common.changelog-init.xml::1511451595465-1.1::R3.Corda ran successfully in 0ms {changeSet=migration/common.changelog-init.xml::1511451595465-1.1::R3.Corda, databaseChangeLog=master.changelog.json}
?[m?[37m[INFO] 11:44:45,150 [Test worker] jvm.JdbcExecutor. - SELECT MAX(ORDEREXECUTED) FROM PUBLIC.DATABASECHANGELOG {changeSet=migration/common.changelog-init.xml::1511451595465-1.1::R3.Corda, databaseChangeLog=master.changelog.json}
?[m?[37m[INFO] 11:44:45,151 [Test worker] jvm.JdbcExecutor. - INSERT INTO PUBLIC.DATABASECHANGELOG (ID, AUTHOR, FILENAME, DATEEXECUTED, ORDEREXECUTED, MD5SUM, DESCRIPTION, COMMENTS, EXECTYPE, CONTEXTS, LABELS, LIQUIBASE, DEPLOYMENT_ID) VALUES ('1511451595465-1.1', 'R3.Corda', 'migration/common.changelog-init.xml', NOW(), 1, '8:9df4ee4464a4a10dfcf2717c73a52620', 'createSequence sequenceName=hibernate_sequence', '', 'EXECUTED', NULL, NULL, '3.6.3', '2067485144') {changeSet=migration/common.changelog-init.xml::1511451595465-1.1::R3.Corda, databaseChangeLog=master.changelog.json}
?[m?[37m[INFO] 11:44:45,151 [Test worker] jvm.JdbcExecutor. - CREATE TABLE PUBLIC.vault_fungible_states (output_index INT NOT NULL, transaction_id NVARCHAR(64) NOT NULL, issuer_name NVARCHAR(255), issuer_ref VARBINARY(512), owner_name NVARCHAR(255), quantity BIGINT) {changeSet=migration/vault-schema.changelog-init.xml::1511451595465-22::R3.Corda, databaseChangeLog=master.changelog.json}
?[m?[37m[INFO] 11:44:45,151 [Test worker] changelog.ChangeSet. - Table vault_fungible_states created {changeSet=migration/vault-schema.changelog-init.xml::1511451595465-22::R3.Corda, databaseChangeLog=master.changelog.json}
?[m?[37m[INFO] 11:44:45,151 [Test worker] changelog.ChangeSet. - ChangeSet migration/vault-schema.changelog-init.xml::1511451595465-22::R3.Corda ran successfully in 0ms {changeSet=migration/vault-schema.changelog-init.xml::1511451595465-22::R3.Corda, databaseChangeLog=master.changelog.json}
?[m?[37m[INFO] 11:44:45,151 [Test worker] jvm.JdbcExecutor. - INSERT INTO PUBLIC.DATABASECHANGELOG (ID, AUTHOR, FILENAME, DATEEXECUTED, ORDEREXECUTED, MD5SUM, DESCRIPTION, COMMENTS, EXECTYPE, CONTEXTS, LABELS, LIQUIBASE, DEPLOYMENT_ID) VALUES ('1511451595465-22', 'R3.Corda', 'migration/vault-schema.changelog-init.xml', NOW(), 2, '8:4ae481f11ac84744a4392bbfd533fa75', 'createTable tableName=vault_fungible_states', '', 'EXECUTED', NULL, NULL, '3.6.3', '2067485144') {changeSet=migration/vault-schema.changelog-init.xml::1511451595465-22::R3.Corda, databaseChangeLog=master.changelog.json}
?[m?[37m[INFO] 11:44:45,152 [Test worker] jvm.JdbcExecutor. - CREATE TABLE PUBLIC.vault_fungible_states_parts (output_index INT NOT NULL, transaction_id NVARCHAR(64) NOT NULL, participants NVARCHAR(255)) {changeSet=migration/vault-schema.changelog-init.xml::1511451595465-23::R3.Corda, databaseChangeLog=master.changelog.json}
?[m?[37m[INFO] 11:44:45,152 [Test worker] changelog.ChangeSet. - Table vault_fungible_states_parts created {changeSet=migration/vault-schema.changelog-init.xml::1511451595465-23::R3.Corda, databaseChangeLog=master.changelog.json}
?[m?[37m[INFO] 11:44:45,152 [Test worker] changelog.ChangeSet. - ChangeSet migration/vault-schema.changelog-init.xml::1511451595465-23::R3.Corda ran successfully in 0ms {changeSet=migration/vault-schema.changelog-init.xml::1511451595465-23::R3.Corda, databaseChangeLog=master.changelog.json}
?[m?[37m[INFO] 11:44:45,152 [Test worker] jvm.JdbcExecutor. - INSERT INTO PUBLIC.DATABASECHANGELOG (ID, AUTHOR, FILENAME, DATEEXECUTED, ORDEREXECUTED, MD5SUM, DESCRIPTION, COMMENTS, EXECTYPE, CONTEXTS, LABELS, LIQUIBASE, DEPLOYMENT_ID) VALUES ('1511451595465-23', 'R3.Corda', 'migration/vault-schema.changelog-init.xml', NOW(), 3, '8:3222255d3b2e04b9dfad42d9acab103e', 'createTable tableName=vault_fungible_states_parts', '', 'EXECUTED', NULL, NULL, '3.6.3', '2067485144') {changeSet=migration/vault-schema.changelog-init.xml::1511451595465-23::R3.Corda, databaseChangeLog=master.changelog.json}
?[m?[37m[INFO] 11:44:45,152 [Test worker] jvm.JdbcExecutor. - CREATE TABLE PUBLIC.vault_linear_states (output_index INT NOT NULL, transaction_id NVARCHAR(64) NOT NULL, external_id NVARCHAR(255), uuid VARCHAR(255) NOT NULL) {changeSet=migration/vault-schema.changelog-init.xml::1511451595465-24::R3.Corda, databaseChangeLog=master.changelog.json}
?[m?[37m[INFO] 11:44:45,152 [Test worker] changelog.ChangeSet. - Table vault_linear_states created {changeSet=migration/vault-schema.changelog-init.xml::1511451595465-24::R3.Corda, databaseChangeLog=master.changelog.json}
?[m?[37m[INFO] 11:44:45,152 [Test worker] changelog.ChangeSet. - ChangeSet migration/vault-schema.changelog-init.xml::1511451595465-24::R3.Corda ran successfully in 0ms {changeSet=migration/vault-schema.changelog-init.xml::1511451595465-24::R3.Corda, databaseChangeLog=master.changelog.json}
?[m?[37m[INFO] 11:44:45,152 [Test worker] jvm.JdbcExecutor. - INSERT INTO PUBLIC.DATABASECHANGELOG (ID, AUTHOR, FILENAME, DATEEXECUTED, ORDEREXECUTED, MD5SUM, DESCRIPTION, COMMENTS, EXECTYPE, CONTEXTS, LABELS, LIQUIBASE, DEPLOYMENT_ID) VALUES ('1511451595465-24', 'R3.Corda', 'migration/vault-schema.changelog-init.xml', NOW(), 4, '8:fb2c5b52213239424320d137dc22059b', 'createTable tableName=vault_linear_states', '', 'EXECUTED', NULL, NULL, '3.6.3', '2067485144') {changeSet=migration/vault-schema.changelog-init.xml::1511451595465-24::R3.Corda, databaseChangeLog=master.changelog.json}
?[m?[37m[INFO] 11:44:45,152 [Test worker] jvm.JdbcExecutor. - CREATE TABLE PUBLIC.vault_linear_states_parts (output_index INT NOT NULL, transaction_id NVARCHAR(64) NOT NULL, participants NVARCHAR(255)) {changeSet=migration/vault-schema.changelog-init.xml::1511451595465-25::R3.Corda, databaseChangeLog=master.changelog.json}
?[m?[37m[INFO] 11:44:45,152 [Test worker] changelog.ChangeSet. - Table vault_linear_states_parts created {changeSet=migration/vault-schema.changelog-init.xml::1511451595465-25::R3.Corda, databaseChangeLog=master.changelog.json}
?[m?[37m[INFO] 11:44:45,152 [Test worker] changelog.ChangeSet. - ChangeSet migration/vault-schema.changelog-init.xml::1511451595465-25::R3.Corda ran successfully in 0ms {changeSet=migration/vault-schema.changelog-init.xml::1511451595465-25::R3.Corda, databaseChangeLog=master.changelog.json}
?[m?[37m[INFO] 11:44:45,153 [Test worker] jvm.JdbcExecutor. - INSERT INTO PUBLIC.DATABASECHANGELOG (ID, AUTHOR, FILENAME, DATEEXECUTED, ORDEREXECUTED, MD5SUM, DESCRIPTION, COMMENTS, EXECTYPE, CONTEXTS, LABELS, LIQUIBASE, DEPLOYMENT_ID) VALUES ('1511451595465-25', 'R3.Corda', 'migration/vault-schema.changelog-init.xml', NOW(), 5, '8:ccb2ca1b37c0eeb2ac12506f17bc8ee0', 'createTable tableName=vault_linear_states_parts', '', 'EXECUTED', NULL, NULL, '3.6.3', '2067485144') {changeSet=migration/vault-schema.changelog-init.xml::1511451595465-25::R3.Corda, databaseChangeLog=master.changelog.json}
?[m?[37m[INFO] 11:44:45,153 [Test worker] jvm.JdbcExecutor. - CREATE TABLE PUBLIC.vault_states (output_index INT NOT NULL, transaction_id NVARCHAR(64) NOT NULL, consumed_timestamp TIMESTAMP, contract_state_class_name NVARCHAR(255), lock_id NVARCHAR(255), lock_timestamp TIMESTAMP, notary_name NVARCHAR(255), recorded_timestamp TIMESTAMP, state_status INT) {changeSet=migration/vault-schema.changelog-init.xml::1511451595465-26::R3.Corda, databaseChangeLog=master.changelog.json}
?[m?[37m[INFO] 11:44:45,153 [Test worker] changelog.ChangeSet. - Table vault_states created {changeSet=migration/vault-schema.changelog-init.xml::1511451595465-26::R3.Corda, databaseChangeLog=master.changelog.json}
?[m?[37m[INFO] 11:44:45,153 [Test worker] changelog.ChangeSet. - ChangeSet migration/vault-schema.changelog-init.xml::1511451595465-26::R3.Corda ran successfully in 0ms {changeSet=migration/vault-schema.changelog-init.xml::1511451595465-26::R3.Corda, databaseChangeLog=master.changelog.json}
?[m?[37m[INFO] 11:44:45,153 [Test worker] jvm.JdbcExecutor. - INSERT INTO PUBLIC.DATABASECHANGELOG (ID, AUTHOR, FILENAME, DATEEXECUTED, ORDEREXECUTED, MD5SUM, DESCRIPTION, COMMENTS, EXECTYPE, CONTEXTS, LABELS, LIQUIBASE, DEPLOYMENT_ID) VALUES ('1511451595465-26', 'R3.Corda', 'migration/vault-schema.changelog-init.xml', NOW(), 6, '8:971edadc2af9e847ed490f418530d40b', 'createTable tableName=vault_states', '', 'EXECUTED', NULL, NULL, '3.6.3', '2067485144') {changeSet=migration/vault-schema.changelog-init.xml::1511451595465-26::R3.Corda, databaseChangeLog=master.changelog.json}
?[m?[37m[INFO] 11:44:45,153 [Test worker] jvm.JdbcExecutor. - CREATE TABLE PUBLIC.vault_transaction_notes (seq_no INT NOT NULL, note NVARCHAR(255), transaction_id NVARCHAR(64)) {changeSet=migration/vault-schema.changelog-init.xml::1511451595465-27::R3.Corda, databaseChangeLog=master.changelog.json}
?[m?[37m[INFO] 11:44:45,153 [Test worker] changelog.ChangeSet. - Table vault_transaction_notes created {changeSet=migration/vault-schema.changelog-init.xml::1511451595465-27::R3.Corda, databaseChangeLog=master.changelog.json}
?[m?[37m[INFO] 11:44:45,153 [Test worker] changelog.ChangeSet. - ChangeSet migration/vault-schema.changelog-init.xml::1511451595465-27::R3.Corda ran successfully in 0ms {changeSet=migration/vault-schema.changelog-init.xml::1511451595465-27::R3.Corda, databaseChangeLog=master.changelog.json}
?[m?[37m[INFO] 11:44:45,154 [Test worker] jvm.JdbcExecutor. - INSERT INTO PUBLIC.DATABASECHANGELOG (ID, AUTHOR, FILENAME, DATEEXECUTED, ORDEREXECUTED, MD5SUM, DESCRIPTION, COMMENTS, EXECTYPE, CONTEXTS, LABELS, LIQUIBASE, DEPLOYMENT_ID) VALUES ('1511451595465-27', 'R3.Corda', 'migration/vault-schema.changelog-init.xml', NOW(), 7, '8:7a8064e58d100a02ed56e538122296e4', 'createTable tableName=vault_transaction_notes', '', 'EXECUTED', NULL, NULL, '3.6.3', '2067485144') {changeSet=migration/vault-schema.changelog-init.xml::1511451595465-27::R3.Corda, databaseChangeLog=master.changelog.json}
?[m?[37m[INFO] 11:44:45,154 [Test worker] jvm.JdbcExecutor. - ALTER TABLE PUBLIC.vault_fungible_states ADD CONSTRAINT vault_fungible_states_pkey PRIMARY KEY (output_index, transaction_id) {changeSet=migration/vault-schema.changelog-init.xml::1511451595465-47::R3.Corda, databaseChangeLog=master.changelog.json}
?[m?[37m[INFO] 11:44:45,154 [Test worker] changelog.ChangeSet. - Primary key added to vault_fungible_states (output_index, transaction_id) {changeSet=migration/vault-schema.changelog-init.xml::1511451595465-47::R3.Corda, databaseChangeLog=master.changelog.json}
?[m?[37m[INFO] 11:44:45,154 [Test worker] changelog.ChangeSet. - ChangeSet migration/vault-schema.changelog-init.xml::1511451595465-47::R3.Corda ran successfully in 0ms {changeSet=migration/vault-schema.changelog-init.xml::1511451595465-47::R3.Corda, databaseChangeLog=master.changelog.json}
?[m?[37m[INFO] 11:44:45,154 [Test worker] jvm.JdbcExecutor. - INSERT INTO PUBLIC.DATABASECHANGELOG (ID, AUTHOR, FILENAME, DATEEXECUTED, ORDEREXECUTED, MD5SUM, DESCRIPTION, COMMENTS, EXECTYPE, CONTEXTS, LABELS, LIQUIBASE, DEPLOYMENT_ID) VALUES ('1511451595465-47', 'R3.Corda', 'migration/vault-schema.changelog-init.xml', NOW(), 8, '8:4eddd48de14b69bdd265a4b0c438f070', 'addPrimaryKey constraintName=vault_fungible_states_pkey, tableName=vault_fungible_states', '', 'EXECUTED', NULL, NULL, '3.6.3', '2067485144') {changeSet=migration/vault-schema.changelog-init.xml::1511451595465-47::R3.Corda, databaseChangeLog=master.changelog.json}
?[m?[37m[INFO] 11:44:45,154 [Test worker] jvm.JdbcExecutor. - ALTER TABLE PUBLIC.vault_linear_states ADD CONSTRAINT vault_linear_states_pkey PRIMARY KEY (output_index, transaction_id) {changeSet=migration/vault-schema.changelog-init.xml::1511451595465-48::R3.Corda, databaseChangeLog=master.changelog.json}
?[m?[37m[INFO] 11:44:45,154 [Test worker] changelog.ChangeSet. - Primary key added to vault_linear_states (output_index, transaction_id) {changeSet=migration/vault-schema.changelog-init.xml::1511451595465-48::R3.Corda, databaseChangeLog=master.changelog.json}
?[m?[37m[INFO] 11:44:45,154 [Test worker] changelog.ChangeSet. - ChangeSet migration/vault-schema.changelog-init.xml::1511451595465-48::R3.Corda ran successfully in 0ms {changeSet=migration/vault-schema.changelog-init.xml::1511451595465-48::R3.Corda, databaseChangeLog=master.changelog.json}
?[m?[37m[INFO] 11:44:45,154 [Test worker] jvm.JdbcExecutor. - INSERT INTO PUBLIC.DATABASECHANGELOG (ID, AUTHOR, FILENAME, DATEEXECUTED, ORDEREXECUTED, MD5SUM, DESCRIPTION, COMMENTS, EXECTYPE, CONTEXTS, LABELS, LIQUIBASE, DEPLOYMENT_ID) VALUES ('1511451595465-48', 'R3.Corda', 'migration/vault-schema.changelog-init.xml', NOW(), 9, '8:3695c44ddebef2dde359dec253a5969a', 'addPrimaryKey constraintName=vault_linear_states_pkey, tableName=vault_linear_states', '', 'EXECUTED', NULL, NULL, '3.6.3', '2067485144') {changeSet=migration/vault-schema.changelog-init.xml::1511451595465-48::R3.Corda, databaseChangeLog=master.changelog.json}
?[m?[37m[INFO] 11:44:45,154 [Test worker] jvm.JdbcExecutor. - ALTER TABLE PUBLIC.vault_states ADD CONSTRAINT vault_states_pkey PRIMARY KEY (output_index, transaction_id) {changeSet=migration/vault-schema.changelog-init.xml::1511451595465-49::R3.Corda, databaseChangeLog=master.changelog.json}
?[m?[37m[INFO] 11:44:45,155 [Test worker] changelog.ChangeSet. - Primary key added to vault_states (output_index, transaction_id) {changeSet=migration/vault-schema.changelog-init.xml::1511451595465-49::R3.Corda, databaseChangeLog=master.changelog.json}
?[m?[37m[INFO] 11:44:45,155 [Test worker] changelog.ChangeSet. - ChangeSet migration/vault-schema.changelog-init.xml::1511451595465-49::R3.Corda ran successfully in 1ms {changeSet=migration/vault-schema.changelog-init.xml::1511451595465-49::R3.Corda, databaseChangeLog=master.changelog.json}
?[m?[37m[INFO] 11:44:45,155 [Test worker] jvm.JdbcExecutor. - INSERT INTO PUBLIC.DATABASECHANGELOG (ID, AUTHOR, FILENAME, DATEEXECUTED, ORDEREXECUTED, MD5SUM, DESCRIPTION, COMMENTS, EXECTYPE, CONTEXTS, LABELS, LIQUIBASE, DEPLOYMENT_ID) VALUES ('1511451595465-49', 'R3.Corda', 'migration/vault-schema.changelog-init.xml', NOW(), 10, '8:5d21dc3c09051ea30475250d25178892', 'addPrimaryKey constraintName=vault_states_pkey, tableName=vault_states', '', 'EXECUTED', NULL, NULL, '3.6.3', '2067485144') {changeSet=migration/vault-schema.changelog-init.xml::1511451595465-49::R3.Corda, databaseChangeLog=master.changelog.json}
?[m?[37m[INFO] 11:44:45,155 [Test worker] jvm.JdbcExecutor. - ALTER TABLE PUBLIC.vault_transaction_notes ADD CONSTRAINT vault_transaction_notes_pkey PRIMARY KEY (seq_no) {changeSet=migration/vault-schema.changelog-init.xml::1511451595465-50::R3.Corda, databaseChangeLog=master.changelog.json}
?[m?[37m[INFO] 11:44:45,155 [Test worker] changelog.ChangeSet. - Primary key added to vault_transaction_notes (seq_no) {changeSet=migration/vault-schema.changelog-init.xml::1511451595465-50::R3.Corda, databaseChangeLog=master.changelog.json}
?[m?[37m[INFO] 11:44:45,155 [Test worker] changelog.ChangeSet. - ChangeSet migration/vault-schema.changelog-init.xml::1511451595465-50::R3.Corda ran successfully in 0ms {changeSet=migration/vault-schema.changelog-init.xml::1511451595465-50::R3.Corda, databaseChangeLog=master.changelog.json}
?[m?[37m[INFO] 11:44:45,155 [Test worker] jvm.JdbcExecutor. - INSERT INTO PUBLIC.DATABASECHANGELOG (ID, AUTHOR, FILENAME, DATEEXECUTED, ORDEREXECUTED, MD5SUM, DESCRIPTION, COMMENTS, EXECTYPE, CONTEXTS, LABELS, LIQUIBASE, DEPLOYMENT_ID) VALUES ('1511451595465-50', 'R3.Corda', 'migration/vault-schema.changelog-init.xml', NOW(), 11, '8:2bf545e5d7593a3456708426c3686ebb', 'addPrimaryKey constraintName=vault_transaction_notes_pkey, tableName=vault_transaction_notes', '', 'EXECUTED', NULL, NULL, '3.6.3', '2067485144') {changeSet=migration/vault-schema.changelog-init.xml::1511451595465-50::R3.Corda, databaseChangeLog=master.changelog.json}
?[m?[37m[INFO] 11:44:45,155 [Test worker] jvm.JdbcExecutor. - CREATE INDEX PUBLIC.external_id_index ON PUBLIC.vault_linear_states(external_id) {changeSet=migration/vault-schema.changelog-init.xml::1511451595465-53::R3.Corda, databaseChangeLog=master.changelog.json}
?[m?[37m[INFO] 11:44:45,155 [Test worker] changelog.ChangeSet. - Index external_id_index created {changeSet=migration/vault-schema.changelog-init.xml::1511451595465-53::R3.Corda, databaseChangeLog=master.changelog.json}
?[m?[37m[INFO] 11:44:45,155 [Test worker] changelog.ChangeSet. - ChangeSet migration/vault-schema.changelog-init.xml::1511451595465-53::R3.Corda ran successfully in 0ms {changeSet=migration/vault-schema.changelog-init.xml::1511451595465-53::R3.Corda, databaseChangeLog=master.changelog.json}
?[m?[37m[INFO] 11:44:45,156 [Test worker] jvm.JdbcExecutor. - INSERT INTO PUBLIC.DATABASECHANGELOG (ID, AUTHOR, FILENAME, DATEEXECUTED, ORDEREXECUTED, MD5SUM, DESCRIPTION, COMMENTS, EXECTYPE, CONTEXTS, LABELS, LIQUIBASE, DEPLOYMENT_ID) VALUES ('1511451595465-53', 'R3.Corda', 'migration/vault-schema.changelog-init.xml', NOW(), 12, '8:b1272090dcd2325b0382f829ce13a1ff', 'createIndex indexName=external_id_index, tableName=vault_linear_states', '', 'EXECUTED', NULL, NULL, '3.6.3', '2067485144') {changeSet=migration/vault-schema.changelog-init.xml::1511451595465-53::R3.Corda, databaseChangeLog=master.changelog.json}
?[m?[37m[INFO] 11:44:45,156 [Test worker] jvm.JdbcExecutor. - CREATE INDEX PUBLIC.lock_id_idx ON PUBLIC.vault_states(lock_id, state_status) {changeSet=migration/vault-schema.changelog-init.xml::1511451595465-55::R3.Corda, databaseChangeLog=master.changelog.json}
?[m?[37m[INFO] 11:44:45,156 [Test worker] changelog.ChangeSet. - Index lock_id_idx created {changeSet=migration/vault-schema.changelog-init.xml::1511451595465-55::R3.Corda, databaseChangeLog=master.changelog.json}
?[m?[37m[INFO] 11:44:45,156 [Test worker] changelog.ChangeSet. - ChangeSet migration/vault-schema.changelog-init.xml::1511451595465-55::R3.Corda ran successfully in 0ms {changeSet=migration/vault-schema.changelog-init.xml::1511451595465-55::R3.Corda, databaseChangeLog=master.changelog.json}
?[m?[37m[INFO] 11:44:45,156 [Test worker] jvm.JdbcExecutor. - INSERT INTO PUBLIC.DATABASECHANGELOG (ID, AUTHOR, FILENAME, DATEEXECUTED, ORDEREXECUTED, MD5SUM, DESCRIPTION, COMMENTS, EXECTYPE, CONTEXTS, LABELS, LIQUIBASE, DEPLOYMENT_ID) VALUES ('1511451595465-55', 'R3.Corda', 'migration/vault-schema.changelog-init.xml', NOW(), 13, '8:0b77fbedaccc2eed4b8efd6fddf6581b', 'createIndex indexName=lock_id_idx, tableName=vault_states', '', 'EXECUTED', NULL, NULL, '3.6.3', '2067485144') {changeSet=migration/vault-schema.changelog-init.xml::1511451595465-55::R3.Corda, databaseChangeLog=master.changelog.json}
?[m?[37m[INFO] 11:44:45,156 [Test worker] jvm.JdbcExecutor. - CREATE INDEX PUBLIC.state_status_idx ON PUBLIC.vault_states(state_status) {changeSet=migration/vault-schema.changelog-init.xml::1511451595465-58::R3.Corda, databaseChangeLog=master.changelog.json}
?[m?[37m[INFO] 11:44:45,156 [Test worker] changelog.ChangeSet. - Index state_status_idx created {changeSet=migration/vault-schema.changelog-init.xml::1511451595465-58::R3.Corda, databaseChangeLog=master.changelog.json}
?[m?[37m[INFO] 11:44:45,156 [Test worker] changelog.ChangeSet. - ChangeSet migration/vault-schema.changelog-init.xml::1511451595465-58::R3.Corda ran successfully in 0ms {changeSet=migration/vault-schema.changelog-init.xml::1511451595465-58::R3.Corda, databaseChangeLog=master.changelog.json}
?[m?[37m[INFO] 11:44:45,156 [Test worker] jvm.JdbcExecutor. - INSERT INTO PUBLIC.DATABASECHANGELOG (ID, AUTHOR, FILENAME, DATEEXECUTED, ORDEREXECUTED, MD5SUM, DESCRIPTION, COMMENTS, EXECTYPE, CONTEXTS, LABELS, LIQUIBASE, DEPLOYMENT_ID) VALUES ('1511451595465-58', 'R3.Corda', 'migration/vault-schema.changelog-init.xml', NOW(), 14, '8:7a1bbb20835907728df143e4cc1bfc04', 'createIndex indexName=state_status_idx, tableName=vault_states', '', 'EXECUTED', NULL, NULL, '3.6.3', '2067485144') {changeSet=migration/vault-schema.changelog-init.xml::1511451595465-58::R3.Corda, databaseChangeLog=master.changelog.json}
?[m?[37m[INFO] 11:44:45,156 [Test worker] jvm.JdbcExecutor. - CREATE INDEX PUBLIC.transaction_id_index ON PUBLIC.vault_transaction_notes(transaction_id) {changeSet=migration/vault-schema.changelog-init.xml::1511451595465-59::R3.Corda, databaseChangeLog=master.changelog.json}
?[m?[37m[INFO] 11:44:45,156 [Test worker] changelog.ChangeSet. - Index transaction_id_index created {changeSet=migration/vault-schema.changelog-init.xml::1511451595465-59::R3.Corda, databaseChangeLog=master.changelog.json}
?[m?[37m[INFO] 11:44:45,156 [Test worker] changelog.ChangeSet. - ChangeSet migration/vault-schema.changelog-init.xml::1511451595465-59::R3.Corda ran successfully in 0ms {changeSet=migration/vault-schema.changelog-init.xml::1511451595465-59::R3.Corda, databaseChangeLog=master.changelog.json}
?[m?[37m[INFO] 11:44:45,157 [Test worker] jvm.JdbcExecutor. - INSERT INTO PUBLIC.DATABASECHANGELOG (ID, AUTHOR, FILENAME, DATEEXECUTED, ORDEREXECUTED, MD5SUM, DESCRIPTION, COMMENTS, EXECTYPE, CONTEXTS, LABELS, LIQUIBASE, DEPLOYMENT_ID) VALUES ('1511451595465-59', 'R3.Corda', 'migration/vault-schema.changelog-init.xml', NOW(), 15, '8:2bfe64cedfc8120dc219d42dc19d49f6', 'createIndex indexName=transaction_id_index, tableName=vault_transaction_notes', '', 'EXECUTED', NULL, NULL, '3.6.3', '2067485144') {changeSet=migration/vault-schema.changelog-init.xml::1511451595465-59::R3.Corda, databaseChangeLog=master.changelog.json}
?[m?[37m[INFO] 11:44:45,157 [Test worker] jvm.JdbcExecutor. - CREATE INDEX PUBLIC.uuid_index ON PUBLIC.vault_linear_states(uuid) {changeSet=migration/vault-schema.changelog-init.xml::1511451595465-60::R3.Corda, databaseChangeLog=master.changelog.json}
?[m?[37m[INFO] 11:44:45,157 [Test worker] changelog.ChangeSet. - Index uuid_index created {changeSet=migration/vault-schema.changelog-init.xml::1511451595465-60::R3.Corda, databaseChangeLog=master.changelog.json}
?[m?[37m[INFO] 11:44:45,157 [Test worker] changelog.ChangeSet. - ChangeSet migration/vault-schema.changelog-init.xml::1511451595465-60::R3.Corda ran successfully in 0ms {changeSet=migration/vault-schema.changelog-init.xml::1511451595465-60::R3.Corda, databaseChangeLog=master.changelog.json}
?[m?[37m[INFO] 11:44:45,157 [Test worker] jvm.JdbcExecutor. - INSERT INTO PUBLIC.DATABASECHANGELOG (ID, AUTHOR, FILENAME, DATEEXECUTED, ORDEREXECUTED, MD5SUM, DESCRIPTION, COMMENTS, EXECTYPE, CONTEXTS, LABELS, LIQUIBASE, DEPLOYMENT_ID) VALUES ('1511451595465-60', 'R3.Corda', 'migration/vault-schema.changelog-init.xml', NOW(), 16, '8:4cffb289ce33d922274cc829175a2a55', 'createIndex indexName=uuid_index, tableName=vault_linear_states', '', 'EXECUTED', NULL, NULL, '3.6.3', '2067485144') {changeSet=migration/vault-schema.changelog-init.xml::1511451595465-60::R3.Corda, databaseChangeLog=master.changelog.json}
?[m?[37m[INFO] 11:44:45,157 [Test worker] jvm.JdbcExecutor. - ALTER TABLE PUBLIC.vault_fungible_states_parts ADD CONSTRAINT FK__fung_st_parts__fung_st FOREIGN KEY (output_index, transaction_id) REFERENCES PUBLIC.vault_fungible_states (output_index, transaction_id) {changeSet=migration/vault-schema.changelog-init.xml::1511451595465-64::R3.Corda, databaseChangeLog=master.changelog.json}
?[m?[37m[INFO] 11:44:45,157 [Test worker] changelog.ChangeSet. - Foreign key constraint added to vault_fungible_states_parts (output_index,transaction_id) {changeSet=migration/vault-schema.changelog-init.xml::1511451595465-64::R3.Corda, databaseChangeLog=master.changelog.json}
?[m?[37m[INFO] 11:44:45,157 [Test worker] changelog.ChangeSet. - ChangeSet migration/vault-schema.changelog-init.xml::1511451595465-64::R3.Corda ran successfully in 0ms {changeSet=migration/vault-schema.changelog-init.xml::1511451595465-64::R3.Corda, databaseChangeLog=master.changelog.json}
?[m?[37m[INFO] 11:44:45,158 [Test worker] jvm.JdbcExecutor. - INSERT INTO PUBLIC.DATABASECHANGELOG (ID, AUTHOR, FILENAME, DATEEXECUTED, ORDEREXECUTED, MD5SUM, DESCRIPTION, COMMENTS, EXECTYPE, CONTEXTS, LABELS, LIQUIBASE, DEPLOYMENT_ID) VALUES ('1511451595465-64', 'R3.Corda', 'migration/vault-schema.changelog-init.xml', NOW(), 17, '8:1bde72346badbbe52e74b189ce1d079c', 'addForeignKeyConstraint baseTableName=vault_fungible_states_parts, constraintName=FK__fung_st_parts__fung_st, referencedTableName=vault_fungible_states', '', 'EXECUTED', NULL, NULL, '3.6.3', '2067485144') {changeSet=migration/vault-schema.changelog-init.xml::1511451595465-64::R3.Corda, databaseChangeLog=master.changelog.json}
?[m?[37m[INFO] 11:44:45,158 [Test worker] jvm.JdbcExecutor. - ALTER TABLE PUBLIC.vault_linear_states_parts ADD CONSTRAINT FK__lin_stat_parts__lin_stat FOREIGN KEY (output_index, transaction_id) REFERENCES PUBLIC.vault_linear_states (output_index, transaction_id) {changeSet=migration/vault-schema.changelog-init.xml::1511451595465-65::R3.Corda, databaseChangeLog=master.changelog.json}
?[m?[37m[INFO] 11:44:45,158 [Test worker] changelog.ChangeSet. - Foreign key constraint added to vault_linear_states_parts (output_index,transaction_id) {changeSet=migration/vault-schema.changelog-init.xml::1511451595465-65::R3.Corda, databaseChangeLog=master.changelog.json}
?[m?[37m[INFO] 11:44:45,158 [Test worker] changelog.ChangeSet. - ChangeSet migration/vault-schema.changelog-init.xml::1511451595465-65::R3.Corda ran successfully in 0ms {changeSet=migration/vault-schema.changelog-init.xml::1511451595465-65::R3.Corda, databaseChangeLog=master.changelog.json}
?[m?[37m[INFO] 11:44:45,158 [Test worker] jvm.JdbcExecutor. - INSERT INTO PUBLIC.DATABASECHANGELOG (ID, AUTHOR, FILENAME, DATEEXECUTED, ORDEREXECUTED, MD5SUM, DESCRIPTION, COMMENTS, EXECTYPE, CONTEXTS, LABELS, LIQUIBASE, DEPLOYMENT_ID) VALUES ('1511451595465-65', 'R3.Corda', 'migration/vault-schema.changelog-init.xml', NOW(), 18, '8:9a5d0106c45f631cb60a3e2f9542d2c2', 'addForeignKeyConstraint baseTableName=vault_linear_states_parts, constraintName=FK__lin_stat_parts__lin_stat, referencedTableName=vault_linear_states', '', 'EXECUTED', NULL, NULL, '3.6.3', '2067485144') {changeSet=migration/vault-schema.changelog-init.xml::1511451595465-65::R3.Corda, databaseChangeLog=master.changelog.json}
?[m?[37m[INFO] 11:44:45,159 [Test worker] jvm.JdbcExecutor. - DELETE FROM PUBLIC.vault_fungible_states_parts {changeSet=migration/vault-schema.changelog-v3.xml::clean_vault::R3.Corda, databaseChangeLog=master.changelog.json}
?[m?[37m[INFO] 11:44:45,159 [Test worker] changelog.ChangeSet. - Data deleted from vault_fungible_states_parts {changeSet=migration/vault-schema.changelog-v3.xml::clean_vault::R3.Corda, databaseChangeLog=master.changelog.json}
?[m?[37m[INFO] 11:44:45,159 [Test worker] jvm.JdbcExecutor. - DELETE FROM PUBLIC.vault_fungible_states {changeSet=migration/vault-schema.changelog-v3.xml::clean_vault::R3.Corda, databaseChangeLog=master.changelog.json}
?[m?[37m[INFO] 11:44:45,159 [Test worker] changelog.ChangeSet. - Data deleted from vault_fungible_states {changeSet=migration/vault-schema.changelog-v3.xml::clean_vault::R3.Corda, databaseChangeLog=master.changelog.json}
?[m?[37m[INFO] 11:44:45,159 [Test worker] jvm.JdbcExecutor. - DELETE FROM PUBLIC.vault_linear_states_parts {changeSet=migration/vault-schema.changelog-v3.xml::clean_vault::R3.Corda, databaseChangeLog=master.changelog.json}
?[m?[37m[INFO] 11:44:45,159 [Test worker] changelog.ChangeSet. - Data deleted from vault_linear_states_parts {changeSet=migration/vault-schema.changelog-v3.xml::clean_vault::R3.Corda, databaseChangeLog=master.changelog.json}
?[m?[37m[INFO] 11:44:45,159 [Test worker] jvm.JdbcExecutor. - DELETE FROM PUBLIC.vault_linear_states {changeSet=migration/vault-schema.changelog-v3.xml::clean_vault::R3.Corda, databaseChangeLog=master.changelog.json}
?[m?[37m[INFO] 11:44:45,159 [Test worker] changelog.ChangeSet. - Data deleted from vault_linear_states {changeSet=migration/vault-schema.changelog-v3.xml::clean_vault::R3.Corda, databaseChangeLog=master.changelog.json}
?[m?[37m[INFO] 11:44:45,159 [Test worker] jvm.JdbcExecutor. - DELETE FROM PUBLIC.vault_states {changeSet=migration/vault-schema.changelog-v3.xml::clean_vault::R3.Corda, databaseChangeLog=master.changelog.json}
?[m?[37m[INFO] 11:44:45,159 [Test worker] changelog.ChangeSet. - Data deleted from vault_states {changeSet=migration/vault-schema.changelog-v3.xml::clean_vault::R3.Corda, databaseChangeLog=master.changelog.json}
?[m?[37m[INFO] 11:44:45,159 [Test worker] jvm.JdbcExecutor. - DELETE FROM PUBLIC.vault_transaction_notes {changeSet=migration/vault-schema.changelog-v3.xml::clean_vault::R3.Corda, databaseChangeLog=master.changelog.json}
?[m?[37m[INFO] 11:44:45,159 [Test worker] changelog.ChangeSet. - Data deleted from vault_transaction_notes {changeSet=migration/vault-schema.changelog-v3.xml::clean_vault::R3.Corda, databaseChangeLog=master.changelog.json}
?[m?[37m[INFO] 11:44:45,159 [Test worker] changelog.ChangeSet. - ChangeSet migration/vault-schema.changelog-v3.xml::clean_vault::R3.Corda ran successfully in 0ms {changeSet=migration/vault-schema.changelog-v3.xml::clean_vault::R3.Corda, databaseChangeLog=master.changelog.json}
?[m?[37m[INFO] 11:44:45,159 [Test worker] jvm.JdbcExecutor. - INSERT INTO PUBLIC.DATABASECHANGELOG (ID, AUTHOR, FILENAME, DATEEXECUTED, ORDEREXECUTED, MD5SUM, DESCRIPTION, COMMENTS, EXECTYPE, CONTEXTS, LABELS, LIQUIBASE, DEPLOYMENT_ID) VALUES ('clean_vault', 'R3.Corda', 'migration/vault-schema.changelog-v3.xml', NOW(), 19, '8:0701d37bf9b322ada2323cea6db9393c', 'delete tableName=vault_fungible_states_parts; delete tableName=vault_fungible_states; delete tableName=vault_linear_states_parts; delete tableName=vault_linear_states; delete tableName=vault_states; delete tableName=vault_transaction_notes', '', 'EXECUTED', NULL, NULL, '3.6.3', '2067485144') {changeSet=migration/vault-schema.changelog-v3.xml::clean_vault::R3.Corda, databaseChangeLog=master.changelog.json}
?[m?[37m[INFO] 11:44:45,159 [Test worker] jvm.JdbcExecutor. - ALTER TABLE PUBLIC.vault_fungible_states ALTER COLUMN quantity SET NOT NULL {changeSet=migration/vault-schema.changelog-v4.xml::nullability::R3.Corda, databaseChangeLog=master.changelog.json}
?[m?[37m[INFO] 11:44:45,159 [Test worker] changelog.ChangeSet. - NOT NULL constraint has been added to vault_fungible_states.quantity {changeSet=migration/vault-schema.changelog-v4.xml::nullability::R3.Corda, databaseChangeLog=master.changelog.json}
?[m?[37m[INFO] 11:44:45,159 [Test worker] jvm.JdbcExecutor. - ALTER TABLE PUBLIC.vault_states ALTER COLUMN contract_state_class_name SET NOT NULL {changeSet=migration/vault-schema.changelog-v4.xml::nullability::R3.Corda, databaseChangeLog=master.changelog.json}
?[m?[37m[INFO] 11:44:45,159 [Test worker] changelog.ChangeSet. - NOT NULL constraint has been added to vault_states.contract_state_class_name {changeSet=migration/vault-schema.changelog-v4.xml::nullability::R3.Corda, databaseChangeLog=master.changelog.json}
?[m?[37m[INFO] 11:44:45,159 [Test worker] jvm.JdbcExecutor. - ALTER TABLE PUBLIC.vault_states ALTER COLUMN notary_name SET NOT NULL {changeSet=migration/vault-schema.changelog-v4.xml::nullability::R3.Corda, databaseChangeLog=master.changelog.json}
?[m?[37m[INFO] 11:44:45,159 [Test worker] changelog.ChangeSet. - NOT NULL constraint has been added to vault_states.notary_name {changeSet=migration/vault-schema.changelog-v4.xml::nullability::R3.Corda, databaseChangeLog=master.changelog.json}
?[m?[37m[INFO] 11:44:45,159 [Test worker] jvm.JdbcExecutor. - ALTER TABLE PUBLIC.vault_states ALTER COLUMN recorded_timestamp SET NOT NULL {changeSet=migration/vault-schema.changelog-v4.xml::nullability::R3.Corda, databaseChangeLog=master.changelog.json}
?[m?[37m[INFO] 11:44:45,159 [Test worker] changelog.ChangeSet. - NOT NULL constraint has been added to vault_states.recorded_timestamp {changeSet=migration/vault-schema.changelog-v4.xml::nullability::R3.Corda, databaseChangeLog=master.changelog.json}
?[m?[37m[INFO] 11:44:45,159 [Test worker] jvm.JdbcExecutor. - DROP INDEX PUBLIC.state_status_idx {changeSet=migration/vault-schema.changelog-v4.xml::nullability::R3.Corda, databaseChangeLog=master.changelog.json}
?[m?[37m[INFO] 11:44:45,159 [Test worker] changelog.ChangeSet. - Index state_status_idx dropped from table vault_states {changeSet=migration/vault-schema.changelog-v4.xml::nullability::R3.Corda, databaseChangeLog=master.changelog.json}
?[m?[37m[INFO] 11:44:45,159 [Test worker] jvm.JdbcExecutor. - DROP INDEX PUBLIC.lock_id_idx {changeSet=migration/vault-schema.changelog-v4.xml::nullability::R3.Corda, databaseChangeLog=master.changelog.json}
?[m?[37m[INFO] 11:44:45,160 [Test worker] changelog.ChangeSet. - Index lock_id_idx dropped from table vault_states {changeSet=migration/vault-schema.changelog-v4.xml::nullability::R3.Corda, databaseChangeLog=master.changelog.json}
?[m?[37m[INFO] 11:44:45,160 [Test worker] jvm.JdbcExecutor. - ALTER TABLE PUBLIC.vault_states ALTER COLUMN state_status SET NOT NULL {changeSet=migration/vault-schema.changelog-v4.xml::nullability::R3.Corda, databaseChangeLog=master.changelog.json}
?[m?[37m[INFO] 11:44:45,160 [Test worker] changelog.ChangeSet. - NOT NULL constraint has been added to vault_states.state_status {changeSet=migration/vault-schema.changelog-v4.xml::nullability::R3.Corda, databaseChangeLog=master.changelog.json}
?[m?[37m[INFO] 11:44:45,160 [Test worker] jvm.JdbcExecutor. - CREATE INDEX PUBLIC.state_status_idx ON PUBLIC.vault_states(state_status) {changeSet=migration/vault-schema.changelog-v4.xml::nullability::R3.Corda, databaseChangeLog=master.changelog.json}
?[m?[37m[INFO] 11:44:45,160 [Test worker] changelog.ChangeSet. - Index state_status_idx created {changeSet=migration/vault-schema.changelog-v4.xml::nullability::R3.Corda, databaseChangeLog=master.changelog.json}
?[m?[37m[INFO] 11:44:45,160 [Test worker] jvm.JdbcExecutor. - CREATE INDEX PUBLIC.lock_id_idx ON PUBLIC.vault_states(lock_id, state_status) {changeSet=migration/vault-schema.changelog-v4.xml::nullability::R3.Corda, databaseChangeLog=master.changelog.json}
?[m?[37m[INFO] 11:44:45,160 [Test worker] changelog.ChangeSet. - Index lock_id_idx created {changeSet=migration/vault-schema.changelog-v4.xml::nullability::R3.Corda, databaseChangeLog=master.changelog.json}
?[m?[37m[INFO] 11:44:45,160 [Test worker] jvm.JdbcExecutor. - DROP INDEX PUBLIC.transaction_id_index {changeSet=migration/vault-schema.changelog-v4.xml::nullability::R3.Corda, databaseChangeLog=master.changelog.json}
?[m?[37m[INFO] 11:44:45,160 [Test worker] changelog.ChangeSet. - Index transaction_id_index dropped from table vault_transaction_notes {changeSet=migration/vault-schema.changelog-v4.xml::nullability::R3.Corda, databaseChangeLog=master.changelog.json}
?[m?[37m[INFO] 11:44:45,160 [Test worker] jvm.JdbcExecutor. - ALTER TABLE PUBLIC.vault_transaction_notes ALTER COLUMN note SET NOT NULL {changeSet=migration/vault-schema.changelog-v4.xml::nullability::R3.Corda, databaseChangeLog=master.changelog.json}
?[m?[37m[INFO] 11:44:45,160 [Test worker] changelog.ChangeSet. - NOT NULL constraint has been added to vault_transaction_notes.note {changeSet=migration/vault-schema.changelog-v4.xml::nullability::R3.Corda, databaseChangeLog=master.changelog.json}
?[m?[37m[INFO] 11:44:45,160 [Test worker] jvm.JdbcExecutor. - ALTER TABLE PUBLIC.vault_transaction_notes ALTER COLUMN transaction_id SET NOT NULL {changeSet=migration/vault-schema.changelog-v4.xml::nullability::R3.Corda, databaseChangeLog=master.changelog.json}
?[m?[37m[INFO] 11:44:45,160 [Test worker] changelog.ChangeSet. - NOT NULL constraint has been added to vault_transaction_notes.transaction_id {changeSet=migration/vault-schema.changelog-v4.xml::nullability::R3.Corda, databaseChangeLog=master.changelog.json}
?[m?[37m[INFO] 11:44:45,160 [Test worker] jvm.JdbcExecutor. - CREATE INDEX PUBLIC.transaction_id_index ON PUBLIC.vault_transaction_notes(transaction_id) {changeSet=migration/vault-schema.changelog-v4.xml::nullability::R3.Corda, databaseChangeLog=master.changelog.json}
?[m?[37m[INFO] 11:44:45,160 [Test worker] changelog.ChangeSet. - Index transaction_id_index created {changeSet=migration/vault-schema.changelog-v4.xml::nullability::R3.Corda, databaseChangeLog=master.changelog.json}
?[m?[37m[INFO] 11:44:45,160 [Test worker] changelog.ChangeSet. - ChangeSet migration/vault-schema.changelog-v4.xml::nullability::R3.Corda ran successfully in 1ms {changeSet=migration/vault-schema.changelog-v4.xml::nullability::R3.Corda, databaseChangeLog=master.changelog.json}
?[m?[37m[INFO] 11:44:45,160 [Test worker] jvm.JdbcExecutor. - INSERT INTO PUBLIC.DATABASECHANGELOG (ID, AUTHOR, FILENAME, DATEEXECUTED, ORDEREXECUTED, MD5SUM, DESCRIPTION, COMMENTS, EXECTYPE, CONTEXTS, LABELS, LIQUIBASE, DEPLOYMENT_ID) VALUES ('nullability', 'R3.Corda', 'migration/vault-schema.changelog-v4.xml', NOW(), 20, '8:853fd1e24b974ff22712322ebb2860bf', 'addNotNullConstraint columnName=quantity, tableName=vault_fungible_states; addNotNullConstraint columnName=contract_state_class_name, tableName=vault_states; addNotNullConstraint columnName=notary_name, tableName=vault_states; addNotNullConstraint...', '', 'EXECUTED', NULL, NULL, '3.6.3', '2067485144') {changeSet=migration/vault-schema.changelog-v4.xml::nullability::R3.Corda, databaseChangeLog=master.changelog.json}
?[m?[37m[INFO] 11:44:45,161 [Test worker] jvm.JdbcExecutor. - INSERT INTO PUBLIC.DATABASECHANGELOG (ID, AUTHOR, FILENAME, DATEEXECUTED, ORDEREXECUTED, MD5SUM, DESCRIPTION, COMMENTS, EXECTYPE, CONTEXTS, LABELS, LIQUIBASE, DEPLOYMENT_ID) VALUES ('non-clustered_pk-11', 'R3.Corda', 'migration/vault-schema.changelog-pkey.xml', NOW(), 21, '8:7fca5375330f0b3b62de65b84274dd6e', 'dropForeignKeyConstraint baseTableName=vault_fungible_states_parts, constraintName=FK__fung_st_parts__fung_st; dropPrimaryKey constraintName=vault_fungible_states_pkey, tableName=vault_fungible_states; addPrimaryKey constraintName=vault_fungible_s...', '', 'MARK_RAN', NULL, NULL, '3.6.3', '2067485144') {changeSet=migration/vault-schema.changelog-pkey.xml::non-clustered_pk-11::R3.Corda, databaseChangeLog=master.changelog.json}
?[m?[37m[INFO] 11:44:45,161 [Test worker] jvm.JdbcExecutor. - INSERT INTO PUBLIC.DATABASECHANGELOG (ID, AUTHOR, FILENAME, DATEEXECUTED, ORDEREXECUTED, MD5SUM, DESCRIPTION, COMMENTS, EXECTYPE, CONTEXTS, LABELS, LIQUIBASE, DEPLOYMENT_ID) VALUES ('non-clustered_pk-12', 'R3.Corda', 'migration/vault-schema.changelog-pkey.xml', NOW(), 22, '8:8469058af292b08d108fcf1b3eb8fca4', 'dropForeignKeyConstraint baseTableName=vault_linear_states_parts, constraintName=FK__lin_stat_parts__lin_stat; dropPrimaryKey constraintName=vault_linear_states_pkey, tableName=vault_linear_states; addPrimaryKey constraintName=vault_linear_states_...', '', 'MARK_RAN', NULL, NULL, '3.6.3', '2067485144') {changeSet=migration/vault-schema.changelog-pkey.xml::non-clustered_pk-12::R3.Corda, databaseChangeLog=master.changelog.json}
?[m?[37m[INFO] 11:44:45,162 [Test worker] jvm.JdbcExecutor. - INSERT INTO PUBLIC.DATABASECHANGELOG (ID, AUTHOR, FILENAME, DATEEXECUTED, ORDEREXECUTED, MD5SUM, DESCRIPTION, COMMENTS, EXECTYPE, CONTEXTS, LABELS, LIQUIBASE, DEPLOYMENT_ID) VALUES ('non-clustered_pk-13', 'R3.Corda', 'migration/vault-schema.changelog-pkey.xml', NOW(), 23, '8:e0ccce8941c28a45870d60f5bf54cd50', 'dropPrimaryKey constraintName=vault_states_pkey, tableName=vault_states; addPrimaryKey constraintName=vault_states_pkey, tableName=vault_states', '', 'MARK_RAN', NULL, NULL, '3.6.3', '2067485144') {changeSet=migration/vault-schema.changelog-pkey.xml::non-clustered_pk-13::R3.Corda, databaseChangeLog=master.changelog.json}
?[m?[37m[INFO] 11:44:45,162 [Test worker] jvm.JdbcExecutor. - ALTER TABLE PUBLIC.vault_states ADD relevancy_status INT {changeSet=migration/vault-schema.changelog-v5.xml::add_relevancy_status_column::R3.Corda, databaseChangeLog=master.changelog.json}
?[m?[37m[INFO] 11:44:45,162 [Test worker] changelog.ChangeSet. - Columns relevancy_status(INT) added to vault_states {changeSet=migration/vault-schema.changelog-v5.xml::add_relevancy_status_column::R3.Corda, databaseChangeLog=master.changelog.json}
?[m?[37m[INFO] 11:44:45,163 [Test worker] jvm.JdbcExecutor. - UPDATE PUBLIC.vault_states SET relevancy_status = 0 {changeSet=migration/vault-schema.changelog-v5.xml::add_relevancy_status_column::R3.Corda, databaseChangeLog=master.changelog.json}
?[m?[37m[INFO] 11:44:45,163 [Test worker] changelog.ChangeSet. - Data updated in vault_states {changeSet=migration/vault-schema.changelog-v5.xml::add_relevancy_status_column::R3.Corda, databaseChangeLog=master.changelog.json}
?[m?[37m[INFO] 11:44:45,163 [Test worker] jvm.JdbcExecutor. - ALTER TABLE PUBLIC.vault_states ALTER COLUMN relevancy_status SET NOT NULL {changeSet=migration/vault-schema.changelog-v5.xml::add_relevancy_status_column::R3.Corda, databaseChangeLog=master.changelog.json}
?[m?[37m[INFO] 11:44:45,163 [Test worker] changelog.ChangeSet. - NOT NULL constraint has been added to vault_states.relevancy_status {changeSet=migration/vault-schema.changelog-v5.xml::add_relevancy_status_column::R3.Corda, databaseChangeLog=master.changelog.json}
?[m?[37m[INFO] 11:44:45,163 [Test worker] changelog.ChangeSet. - ChangeSet migration/vault-schema.changelog-v5.xml::add_relevancy_status_column::R3.Corda ran successfully in 1ms {changeSet=migration/vault-schema.changelog-v5.xml::add_relevancy_status_column::R3.Corda, databaseChangeLog=master.changelog.json}
?[m?[37m[INFO] 11:44:45,163 [Test worker] jvm.JdbcExecutor. - INSERT INTO PUBLIC.DATABASECHANGELOG (ID, AUTHOR, FILENAME, DATEEXECUTED, ORDEREXECUTED, MD5SUM, DESCRIPTION, COMMENTS, EXECTYPE, CONTEXTS, LABELS, LIQUIBASE, DEPLOYMENT_ID) VALUES ('add_relevancy_status_column', 'R3.Corda', 'migration/vault-schema.changelog-v5.xml', NOW(), 24, '8:93c5dcaf00387d4d643def4355a54b56', 'addColumn tableName=vault_states; update tableName=vault_states; addNotNullConstraint columnName=relevancy_status, tableName=vault_states', '', 'EXECUTED', NULL, NULL, '3.6.3', '2067485144') {changeSet=migration/vault-schema.changelog-v5.xml::add_relevancy_status_column::R3.Corda, databaseChangeLog=master.changelog.json}
?[m?[37m[INFO] 11:44:45,163 [Test worker] jvm.JdbcExecutor. - ALTER TABLE PUBLIC.vault_states ADD constraint_type INT DEFAULT '0' NOT NULL {changeSet=migration/vault-schema.changelog-v6.xml::add_is_constraint_information_columns::R3.Corda, databaseChangeLog=master.changelog.json}
?[m?[37m[INFO] 11:44:45,163 [Test worker] changelog.ChangeSet. - Columns constraint_type(INT) added to vault_states {changeSet=migration/vault-schema.changelog-v6.xml::add_is_constraint_information_columns::R3.Corda, databaseChangeLog=master.changelog.json}
?[m?[37m[INFO] 11:44:45,164 [Test worker] jvm.JdbcExecutor. - ALTER TABLE PUBLIC.vault_states ADD constraint_data VARBINARY(563) {changeSet=migration/vault-schema.changelog-v6.xml::add_is_constraint_information_columns::R3.Corda, databaseChangeLog=master.changelog.json}
?[m?[37m[INFO] 11:44:45,164 [Test worker] changelog.ChangeSet. - Columns constraint_data(varbinary(563)) added to vault_states {changeSet=migration/vault-schema.changelog-v6.xml::add_is_constraint_information_columns::R3.Corda, databaseChangeLog=master.changelog.json}
?[m?[37m[INFO] 11:44:45,164 [Test worker] changelog.ChangeSet. - ChangeSet migration/vault-schema.changelog-v6.xml::add_is_constraint_information_columns::R3.Corda ran successfully in 1ms {changeSet=migration/vault-schema.changelog-v6.xml::add_is_constraint_information_columns::R3.Corda, databaseChangeLog=master.changelog.json}
?[m?[37m[INFO] 11:44:45,164 [Test worker] jvm.JdbcExecutor. - INSERT INTO PUBLIC.DATABASECHANGELOG (ID, AUTHOR, FILENAME, DATEEXECUTED, ORDEREXECUTED, MD5SUM, DESCRIPTION, COMMENTS, EXECTYPE, CONTEXTS, LABELS, LIQUIBASE, DEPLOYMENT_ID) VALUES ('add_is_constraint_information_columns', 'R3.Corda', 'migration/vault-schema.changelog-v6.xml', NOW(), 25, '8:acf60bd84f648e157d402de8f8e22f3a', 'addColumn tableName=vault_states; addColumn tableName=vault_states', '', 'EXECUTED', NULL, NULL, '3.6.3', '2067485144') {changeSet=migration/vault-schema.changelog-v6.xml::add_is_constraint_information_columns::R3.Corda, databaseChangeLog=master.changelog.json}
?[m?[37m[INFO] 11:44:45,164 [Test worker] jvm.JdbcExecutor. - ALTER TABLE PUBLIC.vault_fungible_states ALTER COLUMN issuer_ref SET NULL {changeSet=migration/vault-schema.changelog-v7.xml::make_issuer_ref_nullable::R3.Corda, databaseChangeLog=master.changelog.json}
?[m?[37m[INFO] 11:44:45,164 [Test worker] changelog.ChangeSet. - Null constraint dropped from vault_fungible_states.issuer_ref {changeSet=migration/vault-schema.changelog-v7.xml::make_issuer_ref_nullable::R3.Corda, databaseChangeLog=master.changelog.json}
?[m?[37m[INFO] 11:44:45,164 [Test worker] changelog.ChangeSet. - ChangeSet migration/vault-schema.changelog-v7.xml::make_issuer_ref_nullable::R3.Corda ran successfully in 0ms {changeSet=migration/vault-schema.changelog-v7.xml::make_issuer_ref_nullable::R3.Corda, databaseChangeLog=master.changelog.json}
?[m?[37m[INFO] 11:44:45,165 [Test worker] jvm.JdbcExecutor. - INSERT INTO PUBLIC.DATABASECHANGELOG (ID, AUTHOR, FILENAME, DATEEXECUTED, ORDEREXECUTED, MD5SUM, DESCRIPTION, COMMENTS, EXECTYPE, CONTEXTS, LABELS, LIQUIBASE, DEPLOYMENT_ID) VALUES ('make_issuer_ref_nullable', 'R3.Corda', 'migration/vault-schema.changelog-v7.xml', NOW(), 26, '8:58039722b4808e90a7711d3c82e5fc95', 'dropNotNullConstraint columnName=issuer_ref, tableName=vault_fungible_states', '', 'EXECUTED', NULL, NULL, '3.6.3', '2067485144') {changeSet=migration/vault-schema.changelog-v7.xml::make_issuer_ref_nullable::R3.Corda, databaseChangeLog=master.changelog.json}
?[m?[37m[INFO] 11:44:45,165 [Test worker] jvm.JdbcExecutor. - CREATE TABLE PUBLIC.state_party (output_index INT, transaction_id NVARCHAR(64), public_key_hash NVARCHAR(255) NOT NULL, x500_name NVARCHAR(255)) {changeSet=migration/vault-schema.changelog-v8.xml::create-external-id-to-state-party-view::R3.Corda, databaseChangeLog=master.changelog.json}
?[m?[37m[INFO] 11:44:45,165 [Test worker] changelog.ChangeSet. - Table state_party created {changeSet=migration/vault-schema.changelog-v8.xml::create-external-id-to-state-party-view::R3.Corda, databaseChangeLog=master.changelog.json}
?[m?[37m[INFO] 11:44:45,165 [Test worker] jvm.JdbcExecutor. - CREATE INDEX PUBLIC.state_pk_hash_idx ON PUBLIC.state_party(public_key_hash) {changeSet=migration/vault-schema.changelog-v8.xml::create-external-id-to-state-party-view::R3.Corda, databaseChangeLog=master.changelog.json}
?[m?[37m[INFO] 11:44:45,165 [Test worker] changelog.ChangeSet. - Index state_pk_hash_idx created {changeSet=migration/vault-schema.changelog-v8.xml::create-external-id-to-state-party-view::R3.Corda, databaseChangeLog=master.changelog.json}
?[m?[37m[INFO] 11:44:45,165 [Test worker] jvm.JdbcExecutor. - CREATE TABLE PUBLIC.pk_hash_to_ext_id_map (id BIGINT NOT NULL, external_id VARCHAR(255) NOT NULL, public_key_hash NVARCHAR(255) NOT NULL) {changeSet=migration/vault-schema.changelog-v8.xml::create-external-id-to-state-party-view::R3.Corda, databaseChangeLog=master.changelog.json}
?[m?[37m[INFO] 11:44:45,165 [Test worker] changelog.ChangeSet. - Table pk_hash_to_ext_id_map created {changeSet=migration/vault-schema.changelog-v8.xml::create-external-id-to-state-party-view::R3.Corda, databaseChangeLog=master.changelog.json}
?[m?[37m[INFO] 11:44:45,165 [Test worker] jvm.JdbcExecutor. - CREATE INDEX PUBLIC.pk_hash_to_xid_idx ON PUBLIC.pk_hash_to_ext_id_map(public_key_hash) {changeSet=migration/vault-schema.changelog-v8.xml::create-external-id-to-state-party-view::R3.Corda, databaseChangeLog=master.changelog.json}
?[m?[37m[INFO] 11:44:45,165 [Test worker] changelog.ChangeSet. - Index pk_hash_to_xid_idx created {changeSet=migration/vault-schema.changelog-v8.xml::create-external-id-to-state-party-view::R3.Corda, databaseChangeLog=master.changelog.json}
?[m?[37m[INFO] 11:44:45,165 [Test worker] jvm.JdbcExecutor. - CREATE VIEW PUBLIC.v_pkey_hash_ex_id_map AS select
                state_party.public_key_hash,
                state_party.transaction_id,
                state_party.output_index,
                pk_hash_to_ext_id_map.external_id
            from state_party
            join pk_hash_to_ext_id_map
            on state_party.public_key_hash = pk_hash_to_ext_id_map.public_key_hash {changeSet=migration/vault-schema.changelog-v8.xml::create-external-id-to-state-party-view::R3.Corda, databaseChangeLog=master.changelog.json}
?[m?[37m[INFO] 11:44:45,165 [Test worker] changelog.ChangeSet. - View v_pkey_hash_ex_id_map created {changeSet=migration/vault-schema.changelog-v8.xml::create-external-id-to-state-party-view::R3.Corda, databaseChangeLog=master.changelog.json}
?[m?[37m[INFO] 11:44:45,165 [Test worker] changelog.ChangeSet. - ChangeSet migration/vault-schema.changelog-v8.xml::create-external-id-to-state-party-view::R3.Corda ran successfully in 0ms {changeSet=migration/vault-schema.changelog-v8.xml::create-external-id-to-state-party-view::R3.Corda, databaseChangeLog=master.changelog.json}
?[m?[37m[INFO] 11:44:45,166 [Test worker] jvm.JdbcExecutor. - INSERT INTO PUBLIC.DATABASECHANGELOG (ID, AUTHOR, FILENAME, DATEEXECUTED, ORDEREXECUTED, MD5SUM, DESCRIPTION, COMMENTS, EXECTYPE, CONTEXTS, LABELS, LIQUIBASE, DEPLOYMENT_ID) VALUES ('create-external-id-to-state-party-view', 'R3.Corda', 'migration/vault-schema.changelog-v8.xml', NOW(), 27, '8:9a5b20f7b7367bb3b86f600bccaa423b', 'createTable tableName=state_party; createIndex indexName=state_pk_hash_idx, tableName=state_party; createTable tableName=pk_hash_to_ext_id_map; createIndex indexName=pk_hash_to_xid_idx, tableName=pk_hash_to_ext_id_map; createView viewName=v_pkey_h...', '', 'EXECUTED', NULL, NULL, '3.6.3', '2067485144') {changeSet=migration/vault-schema.changelog-v8.xml::create-external-id-to-state-party-view::R3.Corda, databaseChangeLog=master.changelog.json}
?[m?[37m[INFO] 11:44:45,166 [Test worker] jvm.JdbcExecutor. - ALTER TABLE PUBLIC.vault_states ALTER COLUMN constraint_data VARBINARY(20000) {changeSet=migration/vault-schema.changelog-v11.xml::expand_constraint_data_size::R3.Corda, databaseChangeLog=master.changelog.json}
?[m?[37m[INFO] 11:44:45,166 [Test worker] changelog.ChangeSet. - vault_states.constraint_data datatype was changed to varbinary(20000) {changeSet=migration/vault-schema.changelog-v11.xml::expand_constraint_data_size::R3.Corda, databaseChangeLog=master.changelog.json}
?[m?[37m[INFO] 11:44:45,166 [Test worker] changelog.ChangeSet. - ChangeSet migration/vault-schema.changelog-v11.xml::expand_constraint_data_size::R3.Corda ran successfully in 0ms {changeSet=migration/vault-schema.changelog-v11.xml::expand_constraint_data_size::R3.Corda, databaseChangeLog=master.changelog.json}
?[m?[37m[INFO] 11:44:45,167 [Test worker] jvm.JdbcExecutor. - INSERT INTO PUBLIC.DATABASECHANGELOG (ID, AUTHOR, FILENAME, DATEEXECUTED, ORDEREXECUTED, MD5SUM, DESCRIPTION, COMMENTS, EXECTYPE, CONTEXTS, LABELS, LIQUIBASE, DEPLOYMENT_ID) VALUES ('expand_constraint_data_size', 'R3.Corda', 'migration/vault-schema.changelog-v11.xml', NOW(), 28, '8:0bd51f3d930d4b03d7b1075454bb2d70', 'modifyDataType columnName=constraint_data, tableName=vault_states', '', 'EXECUTED', NULL, NULL, '3.6.3', '2067485144') {changeSet=migration/vault-schema.changelog-v11.xml::expand_constraint_data_size::R3.Corda, databaseChangeLog=master.changelog.json}
?[m?[37m[INFO] 11:44:45,167 [Test worker] jvm.JdbcExecutor. - CREATE TABLE PUBLIC.node_link_nodeinfo_party (node_info_id INT NOT NULL, party_name NVARCHAR(255) NOT NULL) {changeSet=migration/node-info.changelog-init.xml::1511451595465-4::R3.Corda, databaseChangeLog=master.changelog.json}
?[m?[37m[INFO] 11:44:45,167 [Test worker] changelog.ChangeSet. - Table node_link_nodeinfo_party created {changeSet=migration/node-info.changelog-init.xml::1511451595465-4::R3.Corda, databaseChangeLog=master.changelog.json}
?[m?[37m[INFO] 11:44:45,167 [Test worker] changelog.ChangeSet. - ChangeSet migration/node-info.changelog-init.xml::1511451595465-4::R3.Corda ran successfully in 0ms {changeSet=migration/node-info.changelog-init.xml::1511451595465-4::R3.Corda, databaseChangeLog=master.changelog.json}
?[m?[37m[INFO] 11:44:45,167 [Test worker] jvm.JdbcExecutor. - INSERT INTO PUBLIC.DATABASECHANGELOG (ID, AUTHOR, FILENAME, DATEEXECUTED, ORDEREXECUTED, MD5SUM, DESCRIPTION, COMMENTS, EXECTYPE, CONTEXTS, LABELS, LIQUIBASE, DEPLOYMENT_ID) VALUES ('1511451595465-4', 'R3.Corda', 'migration/node-info.changelog-init.xml', NOW(), 29, '8:cbf3edf78266c3bd22738eaf20c7c111', 'createTable tableName=node_link_nodeinfo_party', '', 'EXECUTED', NULL, NULL, '3.6.3', '2067485144') {changeSet=migration/node-info.changelog-init.xml::1511451595465-4::R3.Corda, databaseChangeLog=master.changelog.json}
?[m?[37m[INFO] 11:44:45,167 [Test worker] jvm.JdbcExecutor. - CREATE TABLE PUBLIC.node_info_hosts (host NVARCHAR(255) NOT NULL, port INT NOT NULL, node_info_id INT) {changeSet=migration/node-info.changelog-init.xml::1511451595465-10::R3.Corda, databaseChangeLog=master.changelog.json}
?[m?[37m[INFO] 11:44:45,167 [Test worker] changelog.ChangeSet. - Table node_info_hosts created {changeSet=migration/node-info.changelog-init.xml::1511451595465-10::R3.Corda, databaseChangeLog=master.changelog.json}
?[m?[37m[INFO] 11:44:45,167 [Test worker] changelog.ChangeSet. - ChangeSet migration/node-info.changelog-init.xml::1511451595465-10::R3.Corda ran successfully in 0ms {changeSet=migration/node-info.changelog-init.xml::1511451595465-10::R3.Corda, databaseChangeLog=master.changelog.json}
?[m?[37m[INFO] 11:44:45,168 [Test worker] jvm.JdbcExecutor. - INSERT INTO PUBLIC.DATABASECHANGELOG (ID, AUTHOR, FILENAME, DATEEXECUTED, ORDEREXECUTED, MD5SUM, DESCRIPTION, COMMENTS, EXECTYPE, CONTEXTS, LABELS, LIQUIBASE, DEPLOYMENT_ID) VALUES ('1511451595465-10', 'R3.Corda', 'migration/node-info.changelog-init.xml', NOW(), 30, '8:f0b2c5a77ffde6aaa3c417095fc220a9', 'createTable tableName=node_info_hosts', '', 'EXECUTED', NULL, NULL, '3.6.3', '2067485144') {changeSet=migration/node-info.changelog-init.xml::1511451595465-10::R3.Corda, databaseChangeLog=master.changelog.json}
?[m?[37m[INFO] 11:44:45,168 [Test worker] jvm.JdbcExecutor. - CREATE TABLE PUBLIC.node_info_party_cert (party_name NVARCHAR(255) NOT NULL, ismain BOOLEAN NOT NULL, owning_key_hash NVARCHAR(130), party_cert_binary BLOB) {changeSet=migration/node-info.changelog-init.xml::1511451595465-11::R3.Corda, databaseChangeLog=master.changelog.json}
?[m?[37m[INFO] 11:44:45,168 [Test worker] changelog.ChangeSet. - Table node_info_party_cert created {changeSet=migration/node-info.changelog-init.xml::1511451595465-11::R3.Corda, databaseChangeLog=master.changelog.json}
?[m?[37m[INFO] 11:44:45,168 [Test worker] changelog.ChangeSet. - ChangeSet migration/node-info.changelog-init.xml::1511451595465-11::R3.Corda ran successfully in 0ms {changeSet=migration/node-info.changelog-init.xml::1511451595465-11::R3.Corda, databaseChangeLog=master.changelog.json}
?[m?[37m[INFO] 11:44:45,168 [Test worker] jvm.JdbcExecutor. - INSERT INTO PUBLIC.DATABASECHANGELOG (ID, AUTHOR, FILENAME, DATEEXECUTED, ORDEREXECUTED, MD5SUM, DESCRIPTION, COMMENTS, EXECTYPE, CONTEXTS, LABELS, LIQUIBASE, DEPLOYMENT_ID) VALUES ('1511451595465-11', 'R3.Corda', 'migration/node-info.changelog-init.xml', NOW(), 31, '8:5eacbf7ce0d85376219f1903b55f5e18', 'createTable tableName=node_info_party_cert', '', 'EXECUTED', NULL, NULL, '3.6.3', '2067485144') {changeSet=migration/node-info.changelog-init.xml::1511451595465-11::R3.Corda, databaseChangeLog=master.changelog.json}
?[m?[37m[INFO] 11:44:45,168 [Test worker] jvm.JdbcExecutor. - CREATE TABLE PUBLIC.node_infos (node_info_id INT NOT NULL, node_info_hash NVARCHAR(64), platform_version INT, serial BIGINT) {changeSet=migration/node-info.changelog-init.xml::1511451595465-12::R3.Corda, databaseChangeLog=master.changelog.json}
?[m?[37m[INFO] 11:44:45,168 [Test worker] changelog.ChangeSet. - Table node_infos created {changeSet=migration/node-info.changelog-init.xml::1511451595465-12::R3.Corda, databaseChangeLog=master.changelog.json}
?[m?[37m[INFO] 11:44:45,168 [Test worker] changelog.ChangeSet. - ChangeSet migration/node-info.changelog-init.xml::1511451595465-12::R3.Corda ran successfully in 0ms {changeSet=migration/node-info.changelog-init.xml::1511451595465-12::R3.Corda, databaseChangeLog=master.changelog.json}
?[m?[37m[INFO] 11:44:45,168 [Test worker] jvm.JdbcExecutor. - INSERT INTO PUBLIC.DATABASECHANGELOG (ID, AUTHOR, FILENAME, DATEEXECUTED, ORDEREXECUTED, MD5SUM, DESCRIPTION, COMMENTS, EXECTYPE, CONTEXTS, LABELS, LIQUIBASE, DEPLOYMENT_ID) VALUES ('1511451595465-12', 'R3.Corda', 'migration/node-info.changelog-init.xml', NOW(), 32, '8:7e30f20cf268860d637ecfb8635f45a3', 'createTable tableName=node_infos', '', 'EXECUTED', NULL, NULL, '3.6.3', '2067485144') {changeSet=migration/node-info.changelog-init.xml::1511451595465-12::R3.Corda, databaseChangeLog=master.changelog.json}
?[m?[37m[INFO] 11:44:45,169 [Test worker] jvm.JdbcExecutor. - ALTER TABLE PUBLIC.node_info_hosts ADD CONSTRAINT node_info_hosts_pkey PRIMARY KEY (host, port) {changeSet=migration/node-info.changelog-init.xml::1511451595465-35::R3.Corda, databaseChangeLog=master.changelog.json}
?[m?[37m[INFO] 11:44:45,169 [Test worker] changelog.ChangeSet. - Primary key added to node_info_hosts (host, port) {changeSet=migration/node-info.changelog-init.xml::1511451595465-35::R3.Corda, databaseChangeLog=master.changelog.json}
?[m?[37m[INFO] 11:44:45,169 [Test worker] changelog.ChangeSet. - ChangeSet migration/node-info.changelog-init.xml::1511451595465-35::R3.Corda ran successfully in 0ms {changeSet=migration/node-info.changelog-init.xml::1511451595465-35::R3.Corda, databaseChangeLog=master.changelog.json}
?[m?[37m[INFO] 11:44:45,169 [Test worker] jvm.JdbcExecutor. - INSERT INTO PUBLIC.DATABASECHANGELOG (ID, AUTHOR, FILENAME, DATEEXECUTED, ORDEREXECUTED, MD5SUM, DESCRIPTION, COMMENTS, EXECTYPE, CONTEXTS, LABELS, LIQUIBASE, DEPLOYMENT_ID) VALUES ('1511451595465-35', 'R3.Corda', 'migration/node-info.changelog-init.xml', NOW(), 33, '8:0d1a734e7350a8278808f540d992fedf', 'addPrimaryKey constraintName=node_info_hosts_pkey, tableName=node_info_hosts', '', 'EXECUTED', NULL, NULL, '3.6.3', '2067485144') {changeSet=migration/node-info.changelog-init.xml::1511451595465-35::R3.Corda, databaseChangeLog=master.changelog.json}
?[m?[37m[INFO] 11:44:45,169 [Test worker] jvm.JdbcExecutor. - ALTER TABLE PUBLIC.node_info_party_cert ADD CONSTRAINT node_info_party_cert_pkey PRIMARY KEY (party_name) {changeSet=migration/node-info.changelog-init.xml::1511451595465-36::R3.Corda, databaseChangeLog=master.changelog.json}
?[m?[37m[INFO] 11:44:45,169 [Test worker] changelog.ChangeSet. - Primary key added to node_info_party_cert (party_name) {changeSet=migration/node-info.changelog-init.xml::1511451595465-36::R3.Corda, databaseChangeLog=master.changelog.json}
?[m?[37m[INFO] 11:44:45,169 [Test worker] changelog.ChangeSet. - ChangeSet migration/node-info.changelog-init.xml::1511451595465-36::R3.Corda ran successfully in 0ms {changeSet=migration/node-info.changelog-init.xml::1511451595465-36::R3.Corda, databaseChangeLog=master.changelog.json}
?[m?[37m[INFO] 11:44:45,170 [Test worker] jvm.JdbcExecutor. - INSERT INTO PUBLIC.DATABASECHANGELOG (ID, AUTHOR, FILENAME, DATEEXECUTED, ORDEREXECUTED, MD5SUM, DESCRIPTION, COMMENTS, EXECTYPE, CONTEXTS, LABELS, LIQUIBASE, DEPLOYMENT_ID) VALUES ('1511451595465-36', 'R3.Corda', 'migration/node-info.changelog-init.xml', NOW(), 34, '8:dc78ba227ce869f406d2645c2064e8dc', 'addPrimaryKey constraintName=node_info_party_cert_pkey, tableName=node_info_party_cert', '', 'EXECUTED', NULL, NULL, '3.6.3', '2067485144') {changeSet=migration/node-info.changelog-init.xml::1511451595465-36::R3.Corda, databaseChangeLog=master.changelog.json}
?[m?[37m[INFO] 11:44:45,170 [Test worker] jvm.JdbcExecutor. - ALTER TABLE PUBLIC.node_infos ADD CONSTRAINT node_infos_pkey PRIMARY KEY (node_info_id) {changeSet=migration/node-info.changelog-init.xml::1511451595465-37::R3.Corda, databaseChangeLog=master.changelog.json}
?[m?[37m[INFO] 11:44:45,170 [Test worker] changelog.ChangeSet. - Primary key added to node_infos (node_info_id) {changeSet=migration/node-info.changelog-init.xml::1511451595465-37::R3.Corda, databaseChangeLog=master.changelog.json}
?[m?[37m[INFO] 11:44:45,170 [Test worker] changelog.ChangeSet. - ChangeSet migration/node-info.changelog-init.xml::1511451595465-37::R3.Corda ran successfully in 0ms {changeSet=migration/node-info.changelog-init.xml::1511451595465-37::R3.Corda, databaseChangeLog=master.changelog.json}
?[m?[37m[INFO] 11:44:45,170 [Test worker] jvm.JdbcExecutor. - INSERT INTO PUBLIC.DATABASECHANGELOG (ID, AUTHOR, FILENAME, DATEEXECUTED, ORDEREXECUTED, MD5SUM, DESCRIPTION, COMMENTS, EXECTYPE, CONTEXTS, LABELS, LIQUIBASE, DEPLOYMENT_ID) VALUES ('1511451595465-37', 'R3.Corda', 'migration/node-info.changelog-init.xml', NOW(), 35, '8:c07cbda2d04c6d77539ac802c66df023', 'addPrimaryKey constraintName=node_infos_pkey, tableName=node_infos', '', 'EXECUTED', NULL, NULL, '3.6.3', '2067485144') {changeSet=migration/node-info.changelog-init.xml::1511451595465-37::R3.Corda, databaseChangeLog=master.changelog.json}
?[m?[37m[INFO] 11:44:45,171 [Test worker] jvm.JdbcExecutor. - ALTER TABLE PUBLIC.node_link_nodeinfo_party ADD CONSTRAINT FK__link_nodeinfo_party__infos FOREIGN KEY (node_info_id) REFERENCES PUBLIC.node_infos (node_info_id) {changeSet=migration/node-info.changelog-init.xml::1511451595465-62::R3.Corda, databaseChangeLog=master.changelog.json}
?[m?[37m[INFO] 11:44:45,171 [Test worker] changelog.ChangeSet. - Foreign key constraint added to node_link_nodeinfo_party (node_info_id) {changeSet=migration/node-info.changelog-init.xml::1511451595465-62::R3.Corda, databaseChangeLog=master.changelog.json}
?[m?[37m[INFO] 11:44:45,171 [Test worker] changelog.ChangeSet. - ChangeSet migration/node-info.changelog-init.xml::1511451595465-62::R3.Corda ran successfully in 1ms {changeSet=migration/node-info.changelog-init.xml::1511451595465-62::R3.Corda, databaseChangeLog=master.changelog.json}
?[m?[37m[INFO] 11:44:45,171 [Test worker] jvm.JdbcExecutor. - INSERT INTO PUBLIC.DATABASECHANGELOG (ID, AUTHOR, FILENAME, DATEEXECUTED, ORDEREXECUTED, MD5SUM, DESCRIPTION, COMMENTS, EXECTYPE, CONTEXTS, LABELS, LIQUIBASE, DEPLOYMENT_ID) VALUES ('1511451595465-62', 'R3.Corda', 'migration/node-info.changelog-init.xml', NOW(), 36, '8:073bbdb8865055a19cde67340a2063e2', 'addForeignKeyConstraint baseTableName=node_link_nodeinfo_party, constraintName=FK__link_nodeinfo_party__infos, referencedTableName=node_infos', '', 'EXECUTED', NULL, NULL, '3.6.3', '2067485144') {changeSet=migration/node-info.changelog-init.xml::1511451595465-62::R3.Corda, databaseChangeLog=master.changelog.json}
?[m?[37m[INFO] 11:44:45,171 [Test worker] jvm.JdbcExecutor. - ALTER TABLE PUBLIC.node_info_hosts ADD CONSTRAINT FK__info_hosts__infos FOREIGN KEY (node_info_id) REFERENCES PUBLIC.node_infos (node_info_id) {changeSet=migration/node-info.changelog-init.xml::1511451595465-63::R3.Corda, databaseChangeLog=master.changelog.json}
?[m?[37m[INFO] 11:44:45,172 [Test worker] changelog.ChangeSet. - Foreign key constraint added to node_info_hosts (node_info_id) {changeSet=migration/node-info.changelog-init.xml::1511451595465-63::R3.Corda, databaseChangeLog=master.changelog.json}
?[m?[37m[INFO] 11:44:45,172 [Test worker] changelog.ChangeSet. - ChangeSet migration/node-info.changelog-init.xml::1511451595465-63::R3.Corda ran successfully in 1ms {changeSet=migration/node-info.changelog-init.xml::1511451595465-63::R3.Corda, databaseChangeLog=master.changelog.json}
?[m?[37m[INFO] 11:44:45,172 [Test worker] jvm.JdbcExecutor. - INSERT INTO PUBLIC.DATABASECHANGELOG (ID, AUTHOR, FILENAME, DATEEXECUTED, ORDEREXECUTED, MD5SUM, DESCRIPTION, COMMENTS, EXECTYPE, CONTEXTS, LABELS, LIQUIBASE, DEPLOYMENT_ID) VALUES ('1511451595465-63', 'R3.Corda', 'migration/node-info.changelog-init.xml', NOW(), 37, '8:fa5ee007de41334ad2ac991b32969076', 'addForeignKeyConstraint baseTableName=node_info_hosts, constraintName=FK__info_hosts__infos, referencedTableName=node_infos', '', 'EXECUTED', NULL, NULL, '3.6.3', '2067485144') {changeSet=migration/node-info.changelog-init.xml::1511451595465-63::R3.Corda, databaseChangeLog=master.changelog.json}
?[m?[37m[INFO] 11:44:45,172 [Test worker] jvm.JdbcExecutor. - DELETE FROM PUBLIC.node_infos {changeSet=migration/node-info.changelog-init.xml::remove_host_port_pk::R3.Corda, databaseChangeLog=master.changelog.json}
?[m?[37m[INFO] 11:44:45,172 [Test worker] changelog.ChangeSet. - Data deleted from node_infos {changeSet=migration/node-info.changelog-init.xml::remove_host_port_pk::R3.Corda, databaseChangeLog=master.changelog.json}
?[m?[37m[INFO] 11:44:45,172 [Test worker] jvm.JdbcExecutor. - DELETE FROM PUBLIC.node_link_nodeinfo_party {changeSet=migration/node-info.changelog-init.xml::remove_host_port_pk::R3.Corda, databaseChangeLog=master.changelog.json}
?[m?[37m[INFO] 11:44:45,172 [Test worker] changelog.ChangeSet. - Data deleted from node_link_nodeinfo_party {changeSet=migration/node-info.changelog-init.xml::remove_host_port_pk::R3.Corda, databaseChangeLog=master.changelog.json}
?[m?[37m[INFO] 11:44:45,172 [Test worker] jvm.JdbcExecutor. - DELETE FROM PUBLIC.node_info_hosts {changeSet=migration/node-info.changelog-init.xml::remove_host_port_pk::R3.Corda, databaseChangeLog=master.changelog.json}
?[m?[37m[INFO] 11:44:45,172 [Test worker] changelog.ChangeSet. - Data deleted from node_info_hosts {changeSet=migration/node-info.changelog-init.xml::remove_host_port_pk::R3.Corda, databaseChangeLog=master.changelog.json}
?[m?[37m[INFO] 11:44:45,172 [Test worker] jvm.JdbcExecutor. - DELETE FROM PUBLIC.node_info_party_cert {changeSet=migration/node-info.changelog-init.xml::remove_host_port_pk::R3.Corda, databaseChangeLog=master.changelog.json}
?[m?[37m[INFO] 11:44:45,172 [Test worker] changelog.ChangeSet. - Data deleted from node_info_party_cert {changeSet=migration/node-info.changelog-init.xml::remove_host_port_pk::R3.Corda, databaseChangeLog=master.changelog.json}
?[m?[37m[INFO] 11:44:45,172 [Test worker] jvm.JdbcExecutor. - ALTER TABLE PUBLIC.node_info_hosts DROP PRIMARY KEY {changeSet=migration/node-info.changelog-init.xml::remove_host_port_pk::R3.Corda, databaseChangeLog=master.changelog.json}
?[m?[37m[INFO] 11:44:45,172 [Test worker] changelog.ChangeSet. - Primary key dropped from node_info_hosts {changeSet=migration/node-info.changelog-init.xml::remove_host_port_pk::R3.Corda, databaseChangeLog=master.changelog.json}
?[m?[37m[INFO] 11:44:45,172 [Test worker] jvm.JdbcExecutor. - ALTER TABLE PUBLIC.node_info_hosts ADD hosts_id INT NOT NULL {changeSet=migration/node-info.changelog-init.xml::remove_host_port_pk::R3.Corda, databaseChangeLog=master.changelog.json}
?[m?[37m[INFO] 11:44:45,173 [Test worker] changelog.ChangeSet. - Columns hosts_id(INT) added to node_info_hosts {changeSet=migration/node-info.changelog-init.xml::remove_host_port_pk::R3.Corda, databaseChangeLog=master.changelog.json}
?[m?[37m[INFO] 11:44:45,173 [Test worker] jvm.JdbcExecutor. - ALTER TABLE PUBLIC.node_info_hosts ADD CONSTRAINT node_info_hosts_pkey_id PRIMARY KEY (hosts_id) {changeSet=migration/node-info.changelog-init.xml::remove_host_port_pk::R3.Corda, databaseChangeLog=master.changelog.json}
?[m?[37m[INFO] 11:44:45,173 [Test worker] changelog.ChangeSet. - Primary key added to node_info_hosts (hosts_id) {changeSet=migration/node-info.changelog-init.xml::remove_host_port_pk::R3.Corda, databaseChangeLog=master.changelog.json}
?[m?[37m[INFO] 11:44:45,173 [Test worker] changelog.ChangeSet. - ChangeSet migration/node-info.changelog-init.xml::remove_host_port_pk::R3.Corda ran successfully in 1ms {changeSet=migration/node-info.changelog-init.xml::remove_host_port_pk::R3.Corda, databaseChangeLog=master.changelog.json}
?[m?[37m[INFO] 11:44:45,173 [Test worker] jvm.JdbcExecutor. - INSERT INTO PUBLIC.DATABASECHANGELOG (ID, AUTHOR, FILENAME, DATEEXECUTED, ORDEREXECUTED, MD5SUM, DESCRIPTION, COMMENTS, EXECTYPE, CONTEXTS, LABELS, LIQUIBASE, DEPLOYMENT_ID) VALUES ('remove_host_port_pk', 'R3.Corda', 'migration/node-info.changelog-init.xml', NOW(), 38, '8:50fa65c10fd9bb3d89e0ad75d29a0e4d', 'delete tableName=node_infos; delete tableName=node_link_nodeinfo_party; delete tableName=node_info_hosts; delete tableName=node_info_party_cert; dropPrimaryKey constraintName=node_info_hosts_pkey, tableName=node_info_hosts; addColumn tableName=nod...', '', 'EXECUTED', NULL, NULL, '3.6.3', '2067485144') {changeSet=migration/node-info.changelog-init.xml::remove_host_port_pk::R3.Corda, databaseChangeLog=master.changelog.json}
?[m?[37m[INFO] 11:44:45,173 [Test worker] jvm.JdbcExecutor. - CREATE TABLE PUBLIC.node_properties (property_key NVARCHAR(255) NOT NULL, property_value NVARCHAR(255)) {changeSet=migration/node-info.changelog-v1.xml::key/value node properties table::R3.Corda, databaseChangeLog=master.changelog.json}
?[m?[37m[INFO] 11:44:45,173 [Test worker] changelog.ChangeSet. - Table node_properties created {changeSet=migration/node-info.changelog-v1.xml::key/value node properties table::R3.Corda, databaseChangeLog=master.changelog.json}
?[m?[37m[INFO] 11:44:45,173 [Test worker] changelog.ChangeSet. - ChangeSet migration/node-info.changelog-v1.xml::key/value node properties table::R3.Corda ran successfully in 0ms {changeSet=migration/node-info.changelog-v1.xml::key/value node properties table::R3.Corda, databaseChangeLog=master.changelog.json}
?[m?[37m[INFO] 11:44:45,174 [Test worker] jvm.JdbcExecutor. - INSERT INTO PUBLIC.DATABASECHANGELOG (ID, AUTHOR, FILENAME, DATEEXECUTED, ORDEREXECUTED, MD5SUM, DESCRIPTION, COMMENTS, EXECTYPE, CONTEXTS, LABELS, LIQUIBASE, DEPLOYMENT_ID) VALUES ('key/value node properties table', 'R3.Corda', 'migration/node-info.changelog-v1.xml', NOW(), 39, '8:39e4c897aa5e893e79a0434af2948a91', 'createTable tableName=node_properties', '', 'EXECUTED', NULL, NULL, '3.6.3', '2067485144') {changeSet=migration/node-info.changelog-v1.xml::key/value node properties table::R3.Corda, databaseChangeLog=master.changelog.json}
?[m?[37m[INFO] 11:44:45,174 [Test worker] jvm.JdbcExecutor. - ALTER TABLE PUBLIC.node_infos ALTER COLUMN node_info_hash SET NOT NULL {changeSet=migration/node-info.changelog-v2.xml::1525962920::R3.Corda, databaseChangeLog=master.changelog.json}
?[m?[37m[INFO] 11:44:45,174 [Test worker] changelog.ChangeSet. - NOT NULL constraint has been added to node_infos.node_info_hash {changeSet=migration/node-info.changelog-v2.xml::1525962920::R3.Corda, databaseChangeLog=master.changelog.json}
?[m?[37m[INFO] 11:44:45,174 [Test worker] jvm.JdbcExecutor. - ALTER TABLE PUBLIC.node_infos ALTER COLUMN platform_version SET NOT NULL {changeSet=migration/node-info.changelog-v2.xml::1525962920::R3.Corda, databaseChangeLog=master.changelog.json}
?[m?[37m[INFO] 11:44:45,174 [Test worker] changelog.ChangeSet. - NOT NULL constraint has been added to node_infos.platform_version {changeSet=migration/node-info.changelog-v2.xml::1525962920::R3.Corda, databaseChangeLog=master.changelog.json}
?[m?[37m[INFO] 11:44:45,174 [Test worker] jvm.JdbcExecutor. - ALTER TABLE PUBLIC.node_infos ALTER COLUMN serial SET NOT NULL {changeSet=migration/node-info.changelog-v2.xml::1525962920::R3.Corda, databaseChangeLog=master.changelog.json}
?[m?[37m[INFO] 11:44:45,174 [Test worker] changelog.ChangeSet. - NOT NULL constraint has been added to node_infos.serial {changeSet=migration/node-info.changelog-v2.xml::1525962920::R3.Corda, databaseChangeLog=master.changelog.json}
?[m?[37m[INFO] 11:44:45,174 [Test worker] jvm.JdbcExecutor. - ALTER TABLE PUBLIC.node_info_hosts ALTER COLUMN host SET NULL {changeSet=migration/node-info.changelog-v2.xml::1525962920::R3.Corda, databaseChangeLog=master.changelog.json}
?[m?[37m[INFO] 11:44:45,174 [Test worker] changelog.ChangeSet. - Null constraint dropped from node_info_hosts.host {changeSet=migration/node-info.changelog-v2.xml::1525962920::R3.Corda, databaseChangeLog=master.changelog.json}
?[m?[37m[INFO] 11:44:45,174 [Test worker] jvm.JdbcExecutor. - ALTER TABLE PUBLIC.node_info_hosts ALTER COLUMN port SET NULL {changeSet=migration/node-info.changelog-v2.xml::1525962920::R3.Corda, databaseChangeLog=master.changelog.json}
?[m?[37m[INFO] 11:44:45,174 [Test worker] changelog.ChangeSet. - Null constraint dropped from node_info_hosts.port {changeSet=migration/node-info.changelog-v2.xml::1525962920::R3.Corda, databaseChangeLog=master.changelog.json}
?[m?[37m[INFO] 11:44:45,175 [Test worker] jvm.JdbcExecutor. - ALTER TABLE PUBLIC.node_info_party_cert ALTER COLUMN owning_key_hash SET NOT NULL {changeSet=migration/node-info.changelog-v2.xml::1525962920::R3.Corda, databaseChangeLog=master.changelog.json}
?[m?[37m[INFO] 11:44:45,175 [Test worker] changelog.ChangeSet. - NOT NULL constraint has been added to node_info_party_cert.owning_key_hash {changeSet=migration/node-info.changelog-v2.xml::1525962920::R3.Corda, databaseChangeLog=master.changelog.json}
?[m?[37m[INFO] 11:44:45,175 [Test worker] jvm.JdbcExecutor. - ALTER TABLE PUBLIC.node_info_party_cert ALTER COLUMN party_cert_binary SET NOT NULL {changeSet=migration/node-info.changelog-v2.xml::1525962920::R3.Corda, databaseChangeLog=master.changelog.json}
?[m?[37m[INFO] 11:44:45,175 [Test worker] changelog.ChangeSet. - NOT NULL constraint has been added to node_info_party_cert.party_cert_binary {changeSet=migration/node-info.changelog-v2.xml::1525962920::R3.Corda, databaseChangeLog=master.changelog.json}
?[m?[37m[INFO] 11:44:45,175 [Test worker] changelog.ChangeSet. - ChangeSet migration/node-info.changelog-v2.xml::1525962920::R3.Corda ran successfully in 1ms {changeSet=migration/node-info.changelog-v2.xml::1525962920::R3.Corda, databaseChangeLog=master.changelog.json}
?[m?[37m[INFO] 11:44:45,175 [Test worker] jvm.JdbcExecutor. - INSERT INTO PUBLIC.DATABASECHANGELOG (ID, AUTHOR, FILENAME, DATEEXECUTED, ORDEREXECUTED, MD5SUM, DESCRIPTION, COMMENTS, EXECTYPE, CONTEXTS, LABELS, LIQUIBASE, DEPLOYMENT_ID) VALUES ('1525962920', 'R3.Corda', 'migration/node-info.changelog-v2.xml', NOW(), 40, '8:cc835e848ed6cc1f4b2a2e8e31fa92f1', 'addNotNullConstraint columnName=node_info_hash, tableName=node_infos; addNotNullConstraint columnName=platform_version, tableName=node_infos; addNotNullConstraint columnName=serial, tableName=node_infos; dropNotNullConstraint columnName=host, tabl...', '', 'EXECUTED', NULL, NULL, '3.6.3', '2067485144') {changeSet=migration/node-info.changelog-v2.xml::1525962920::R3.Corda, databaseChangeLog=master.changelog.json}
?[m?[37m[INFO] 11:44:45,175 [Test worker] jvm.JdbcExecutor. - ALTER TABLE PUBLIC.node_info_hosts ALTER COLUMN host RENAME TO host_name {changeSet=migration/node-info.changelog-v3.xml::column_host_name::R3.Corda, databaseChangeLog=master.changelog.json}
?[m?[37m[INFO] 11:44:45,175 [Test worker] changelog.ChangeSet. - Column node_info_hosts.host renamed to host_name {changeSet=migration/node-info.changelog-v3.xml::column_host_name::R3.Corda, databaseChangeLog=master.changelog.json}
?[m?[37m[INFO] 11:44:45,175 [Test worker] changelog.ChangeSet. - ChangeSet migration/node-info.changelog-v3.xml::column_host_name::R3.Corda ran successfully in 0ms {changeSet=migration/node-info.changelog-v3.xml::column_host_name::R3.Corda, databaseChangeLog=master.changelog.json}
?[m?[37m[INFO] 11:44:45,176 [Test worker] jvm.JdbcExecutor. - INSERT INTO PUBLIC.DATABASECHANGELOG (ID, AUTHOR, FILENAME, DATEEXECUTED, ORDEREXECUTED, MD5SUM, DESCRIPTION, COMMENTS, EXECTYPE, CONTEXTS, LABELS, LIQUIBASE, DEPLOYMENT_ID) VALUES ('column_host_name', 'R3.Corda', 'migration/node-info.changelog-v3.xml', NOW(), 41, '8:e5fb9380221a91515f45ee44c9c30053', 'renameColumn newColumnName=host_name, oldColumnName=host, tableName=node_info_hosts', '', 'EXECUTED', NULL, NULL, '3.6.3', '2067485144') {changeSet=migration/node-info.changelog-v3.xml::column_host_name::R3.Corda, databaseChangeLog=master.changelog.json}
?[m?[37m[INFO] 11:44:45,176 [Test worker] jvm.JdbcExecutor. - CREATE TABLE PUBLIC.node_attachments (att_id NVARCHAR(255) NOT NULL, content BLOB, filename NVARCHAR(255), insertion_date TIMESTAMP NOT NULL, uploader NVARCHAR(255)) {changeSet=migration/node-services.changelog-init.xml::1511451595465-5::R3.Corda, databaseChangeLog=master.changelog.json}
?[m?[37m[INFO] 11:44:45,176 [Test worker] changelog.ChangeSet. - Table node_attachments created {changeSet=migration/node-services.changelog-init.xml::1511451595465-5::R3.Corda, databaseChangeLog=master.changelog.json}
?[m?[37m[INFO] 11:44:45,176 [Test worker] changelog.ChangeSet. - ChangeSet migration/node-services.changelog-init.xml::1511451595465-5::R3.Corda ran successfully in 0ms {changeSet=migration/node-services.changelog-init.xml::1511451595465-5::R3.Corda, databaseChangeLog=master.changelog.json}
?[m?[37m[INFO] 11:44:45,176 [Test worker] jvm.JdbcExecutor. - INSERT INTO PUBLIC.DATABASECHANGELOG (ID, AUTHOR, FILENAME, DATEEXECUTED, ORDEREXECUTED, MD5SUM, DESCRIPTION, COMMENTS, EXECTYPE, CONTEXTS, LABELS, LIQUIBASE, DEPLOYMENT_ID) VALUES ('1511451595465-5', 'R3.Corda', 'migration/node-services.changelog-init.xml', NOW(), 42, '8:380e64788d9896c1166e4c22336d01e4', 'createTable tableName=node_attachments', '', 'EXECUTED', NULL, NULL, '3.6.3', '2067485144') {changeSet=migration/node-services.changelog-init.xml::1511451595465-5::R3.Corda, databaseChangeLog=master.changelog.json}
?[m?[37m[INFO] 11:44:45,177 [Test worker] jvm.JdbcExecutor. - CREATE TABLE PUBLIC.node_checkpoints (checkpoint_id NVARCHAR(64) NOT NULL, checkpoint_value BLOB) {changeSet=migration/node-services.changelog-init.xml::1511451595465-7::R3.Corda, databaseChangeLog=master.changelog.json}
?[m?[37m[INFO] 11:44:45,177 [Test worker] changelog.ChangeSet. - Table node_checkpoints created {changeSet=migration/node-services.changelog-init.xml::1511451595465-7::R3.Corda, databaseChangeLog=master.changelog.json}
?[m?[37m[INFO] 11:44:45,177 [Test worker] changelog.ChangeSet. - ChangeSet migration/node-services.changelog-init.xml::1511451595465-7::R3.Corda ran successfully in 0ms {changeSet=migration/node-services.changelog-init.xml::1511451595465-7::R3.Corda, databaseChangeLog=master.changelog.json}
?[m?[37m[INFO] 11:44:45,177 [Test worker] jvm.JdbcExecutor. - INSERT INTO PUBLIC.DATABASECHANGELOG (ID, AUTHOR, FILENAME, DATEEXECUTED, ORDEREXECUTED, MD5SUM, DESCRIPTION, COMMENTS, EXECTYPE, CONTEXTS, LABELS, LIQUIBASE, DEPLOYMENT_ID) VALUES ('1511451595465-7', 'R3.Corda', 'migration/node-services.changelog-init.xml', NOW(), 43, '8:8aefa1967ed80f8f98b69247c70c9f24', 'createTable tableName=node_checkpoints', '', 'EXECUTED', NULL, NULL, '3.6.3', '2067485144') {changeSet=migration/node-services.changelog-init.xml::1511451595465-7::R3.Corda, databaseChangeLog=master.changelog.json}
?[m?[37m[INFO] 11:44:45,177 [Test worker] jvm.JdbcExecutor. - CREATE TABLE PUBLIC.node_contract_upgrades (state_ref NVARCHAR(96) NOT NULL, contract_class_name NVARCHAR(255)) {changeSet=migration/node-services.changelog-init.xml::1511451595465-8::R3.Corda, databaseChangeLog=master.changelog.json}
?[m?[37m[INFO] 11:44:45,177 [Test worker] changelog.ChangeSet. - Table node_contract_upgrades created {changeSet=migration/node-services.changelog-init.xml::1511451595465-8::R3.Corda, databaseChangeLog=master.changelog.json}
?[m?[37m[INFO] 11:44:45,177 [Test worker] changelog.ChangeSet. - ChangeSet migration/node-services.changelog-init.xml::1511451595465-8::R3.Corda ran successfully in 0ms {changeSet=migration/node-services.changelog-init.xml::1511451595465-8::R3.Corda, databaseChangeLog=master.changelog.json}
?[m?[37m[INFO] 11:44:45,178 [Test worker] jvm.JdbcExecutor. - INSERT INTO PUBLIC.DATABASECHANGELOG (ID, AUTHOR, FILENAME, DATEEXECUTED, ORDEREXECUTED, MD5SUM, DESCRIPTION, COMMENTS, EXECTYPE, CONTEXTS, LABELS, LIQUIBASE, DEPLOYMENT_ID) VALUES ('1511451595465-8', 'R3.Corda', 'migration/node-services.changelog-init.xml', NOW(), 44, '8:6b06fe4c0ef085967f4dbd00dca08533', 'createTable tableName=node_contract_upgrades', '', 'EXECUTED', NULL, NULL, '3.6.3', '2067485144') {changeSet=migration/node-services.changelog-init.xml::1511451595465-8::R3.Corda, databaseChangeLog=master.changelog.json}
?[m?[37m[INFO] 11:44:45,178 [Test worker] jvm.JdbcExecutor. - CREATE TABLE PUBLIC.node_identities (pk_hash NVARCHAR(130) NOT NULL, identity_value BLOB) {changeSet=migration/node-services.changelog-init.xml::1511451595465-9::R3.Corda, databaseChangeLog=master.changelog.json}
?[m?[37m[INFO] 11:44:45,178 [Test worker] changelog.ChangeSet. - Table node_identities created {changeSet=migration/node-services.changelog-init.xml::1511451595465-9::R3.Corda, databaseChangeLog=master.changelog.json}
?[m?[37m[INFO] 11:44:45,178 [Test worker] changelog.ChangeSet. - ChangeSet migration/node-services.changelog-init.xml::1511451595465-9::R3.Corda ran successfully in 0ms {changeSet=migration/node-services.changelog-init.xml::1511451595465-9::R3.Corda, databaseChangeLog=master.changelog.json}
?[m?[37m[INFO] 11:44:45,178 [Test worker] jvm.JdbcExecutor. - INSERT INTO PUBLIC.DATABASECHANGELOG (ID, AUTHOR, FILENAME, DATEEXECUTED, ORDEREXECUTED, MD5SUM, DESCRIPTION, COMMENTS, EXECTYPE, CONTEXTS, LABELS, LIQUIBASE, DEPLOYMENT_ID) VALUES ('1511451595465-9', 'R3.Corda', 'migration/node-services.changelog-init.xml', NOW(), 45, '8:293963c9989772e272e1397c8ae9dfb1', 'createTable tableName=node_identities', '', 'EXECUTED', NULL, NULL, '3.6.3', '2067485144') {changeSet=migration/node-services.changelog-init.xml::1511451595465-9::R3.Corda, databaseChangeLog=master.changelog.json}
?[m?[37m[INFO] 11:44:45,178 [Test worker] jvm.JdbcExecutor. - CREATE TABLE PUBLIC.node_message_ids (message_id NVARCHAR(64) NOT NULL, insertion_time TIMESTAMP) {changeSet=migration/node-services.changelog-init.xml::1511451595465-13::R3.Corda, databaseChangeLog=master.changelog.json}
?[m?[37m[INFO] 11:44:45,178 [Test worker] changelog.ChangeSet. - Table node_message_ids created {changeSet=migration/node-services.changelog-init.xml::1511451595465-13::R3.Corda, databaseChangeLog=master.changelog.json}
?[m?[37m[INFO] 11:44:45,178 [Test worker] changelog.ChangeSet. - ChangeSet migration/node-services.changelog-init.xml::1511451595465-13::R3.Corda ran successfully in 0ms {changeSet=migration/node-services.changelog-init.xml::1511451595465-13::R3.Corda, databaseChangeLog=master.changelog.json}
?[m?[37m[INFO] 11:44:45,179 [Test worker] jvm.JdbcExecutor. - INSERT INTO PUBLIC.DATABASECHANGELOG (ID, AUTHOR, FILENAME, DATEEXECUTED, ORDEREXECUTED, MD5SUM, DESCRIPTION, COMMENTS, EXECTYPE, CONTEXTS, LABELS, LIQUIBASE, DEPLOYMENT_ID) VALUES ('1511451595465-13', 'R3.Corda', 'migration/node-services.changelog-init.xml', NOW(), 46, '8:421bb9432660d6cdf67a18c6f0acdeb4', 'createTable tableName=node_message_ids', '', 'EXECUTED', NULL, NULL, '3.6.3', '2067485144') {changeSet=migration/node-services.changelog-init.xml::1511451595465-13::R3.Corda, databaseChangeLog=master.changelog.json}
?[m?[37m[INFO] 11:44:45,179 [Test worker] jvm.JdbcExecutor. - CREATE TABLE PUBLIC.node_message_retry (message_id BIGINT NOT NULL, message BLOB, recipients BLOB) {changeSet=migration/node-services.changelog-init.xml::1511451595465-14::R3.Corda, databaseChangeLog=master.changelog.json}
?[m?[37m[INFO] 11:44:45,179 [Test worker] changelog.ChangeSet. - Table node_message_retry created {changeSet=migration/node-services.changelog-init.xml::1511451595465-14::R3.Corda, databaseChangeLog=master.changelog.json}
?[m?[37m[INFO] 11:44:45,179 [Test worker] changelog.ChangeSet. - ChangeSet migration/node-services.changelog-init.xml::1511451595465-14::R3.Corda ran successfully in 0ms {changeSet=migration/node-services.changelog-init.xml::1511451595465-14::R3.Corda, databaseChangeLog=master.changelog.json}
?[m?[37m[INFO] 11:44:45,179 [Test worker] jvm.JdbcExecutor. - INSERT INTO PUBLIC.DATABASECHANGELOG (ID, AUTHOR, FILENAME, DATEEXECUTED, ORDEREXECUTED, MD5SUM, DESCRIPTION, COMMENTS, EXECTYPE, CONTEXTS, LABELS, LIQUIBASE, DEPLOYMENT_ID) VALUES ('1511451595465-14', 'R3.Corda', 'migration/node-services.changelog-init.xml', NOW(), 47, '8:ba7acbbe63086c3c9fb627ea948864b2', 'createTable tableName=node_message_retry', '', 'EXECUTED', NULL, NULL, '3.6.3', '2067485144') {changeSet=migration/node-services.changelog-init.xml::1511451595465-14::R3.Corda, databaseChangeLog=master.changelog.json}
?[m?[37m[INFO] 11:44:45,179 [Test worker] jvm.JdbcExecutor. - CREATE TABLE PUBLIC.node_named_identities (name NVARCHAR(128) NOT NULL, pk_hash NVARCHAR(130)) {changeSet=migration/node-services.changelog-init.xml::1511451595465-15::R3.Corda, databaseChangeLog=master.changelog.json}
?[m?[37m[INFO] 11:44:45,179 [Test worker] changelog.ChangeSet. - Table node_named_identities created {changeSet=migration/node-services.changelog-init.xml::1511451595465-15::R3.Corda, databaseChangeLog=master.changelog.json}
?[m?[37m[INFO] 11:44:45,179 [Test worker] changelog.ChangeSet. - ChangeSet migration/node-services.changelog-init.xml::1511451595465-15::R3.Corda ran successfully in 0ms {changeSet=migration/node-services.changelog-init.xml::1511451595465-15::R3.Corda, databaseChangeLog=master.changelog.json}
?[m?[37m[INFO] 11:44:45,180 [Test worker] jvm.JdbcExecutor. - INSERT INTO PUBLIC.DATABASECHANGELOG (ID, AUTHOR, FILENAME, DATEEXECUTED, ORDEREXECUTED, MD5SUM, DESCRIPTION, COMMENTS, EXECTYPE, CONTEXTS, LABELS, LIQUIBASE, DEPLOYMENT_ID) VALUES ('1511451595465-15', 'R3.Corda', 'migration/node-services.changelog-init.xml', NOW(), 48, '8:bf6ca4e45e140b225f6f934935dd2f34', 'createTable tableName=node_named_identities', '', 'EXECUTED', NULL, NULL, '3.6.3', '2067485144') {changeSet=migration/node-services.changelog-init.xml::1511451595465-15::R3.Corda, databaseChangeLog=master.changelog.json}
?[m?[37m[INFO] 11:44:45,180 [Test worker] jvm.JdbcExecutor. - CREATE TABLE PUBLIC.node_our_key_pairs (public_key_hash NVARCHAR(130) NOT NULL, private_key BLOB, public_key BLOB) {changeSet=migration/node-services.changelog-init.xml::1511451595465-17::R3.Corda, databaseChangeLog=master.changelog.json}
?[m?[37m[INFO] 11:44:45,180 [Test worker] changelog.ChangeSet. - Table node_our_key_pairs created {changeSet=migration/node-services.changelog-init.xml::1511451595465-17::R3.Corda, databaseChangeLog=master.changelog.json}
?[m?[37m[INFO] 11:44:45,180 [Test worker] changelog.ChangeSet. - ChangeSet migration/node-services.changelog-init.xml::1511451595465-17::R3.Corda ran successfully in 0ms {changeSet=migration/node-services.changelog-init.xml::1511451595465-17::R3.Corda, databaseChangeLog=master.changelog.json}
?[m?[37m[INFO] 11:44:45,180 [Test worker] jvm.JdbcExecutor. - INSERT INTO PUBLIC.DATABASECHANGELOG (ID, AUTHOR, FILENAME, DATEEXECUTED, ORDEREXECUTED, MD5SUM, DESCRIPTION, COMMENTS, EXECTYPE, CONTEXTS, LABELS, LIQUIBASE, DEPLOYMENT_ID) VALUES ('1511451595465-17', 'R3.Corda', 'migration/node-services.changelog-init.xml', NOW(), 49, '8:e91eb86cb57176d4605d948f694d8441', 'createTable tableName=node_our_key_pairs', '', 'EXECUTED', NULL, NULL, '3.6.3', '2067485144') {changeSet=migration/node-services.changelog-init.xml::1511451595465-17::R3.Corda, databaseChangeLog=master.changelog.json}
?[m?[37m[INFO] 11:44:45,181 [Test worker] jvm.JdbcExecutor. - CREATE TABLE PUBLIC.node_scheduled_states (output_index INT NOT NULL, transaction_id NVARCHAR(64) NOT NULL, scheduled_at TIMESTAMP NOT NULL) {changeSet=migration/node-services.changelog-init.xml::1511451595465-19::R3.Corda, databaseChangeLog=master.changelog.json}
?[m?[37m[INFO] 11:44:45,181 [Test worker] changelog.ChangeSet. - Table node_scheduled_states created {changeSet=migration/node-services.changelog-init.xml::1511451595465-19::R3.Corda, databaseChangeLog=master.changelog.json}
?[m?[37m[INFO] 11:44:45,181 [Test worker] changelog.ChangeSet. - ChangeSet migration/node-services.changelog-init.xml::1511451595465-19::R3.Corda ran successfully in 1ms {changeSet=migration/node-services.changelog-init.xml::1511451595465-19::R3.Corda, databaseChangeLog=master.changelog.json}
?[m?[37m[INFO] 11:44:45,181 [Test worker] jvm.JdbcExecutor. - INSERT INTO PUBLIC.DATABASECHANGELOG (ID, AUTHOR, FILENAME, DATEEXECUTED, ORDEREXECUTED, MD5SUM, DESCRIPTION, COMMENTS, EXECTYPE, CONTEXTS, LABELS, LIQUIBASE, DEPLOYMENT_ID) VALUES ('1511451595465-19', 'R3.Corda', 'migration/node-services.changelog-init.xml', NOW(), 50, '8:55282f9fbfc1cb8f7583a90173e3ff4c', 'createTable tableName=node_scheduled_states', '', 'EXECUTED', NULL, NULL, '3.6.3', '2067485144') {changeSet=migration/node-services.changelog-init.xml::1511451595465-19::R3.Corda, databaseChangeLog=master.changelog.json}
?[m?[37m[INFO] 11:44:45,181 [Test worker] jvm.JdbcExecutor. - CREATE TABLE PUBLIC.node_transaction_mappings (tx_id NVARCHAR(64) NOT NULL, state_machine_run_id NVARCHAR(36)) {changeSet=migration/node-services.changelog-init.xml::1511451595465-20::R3.Corda, databaseChangeLog=master.changelog.json}
?[m?[37m[INFO] 11:44:45,181 [Test worker] changelog.ChangeSet. - Table node_transaction_mappings created {changeSet=migration/node-services.changelog-init.xml::1511451595465-20::R3.Corda, databaseChangeLog=master.changelog.json}
?[m?[37m[INFO] 11:44:45,181 [Test worker] changelog.ChangeSet. - ChangeSet migration/node-services.changelog-init.xml::1511451595465-20::R3.Corda ran successfully in 0ms {changeSet=migration/node-services.changelog-init.xml::1511451595465-20::R3.Corda, databaseChangeLog=master.changelog.json}
?[m?[37m[INFO] 11:44:45,182 [Test worker] jvm.JdbcExecutor. - INSERT INTO PUBLIC.DATABASECHANGELOG (ID, AUTHOR, FILENAME, DATEEXECUTED, ORDEREXECUTED, MD5SUM, DESCRIPTION, COMMENTS, EXECTYPE, CONTEXTS, LABELS, LIQUIBASE, DEPLOYMENT_ID) VALUES ('1511451595465-20', 'R3.Corda', 'migration/node-services.changelog-init.xml', NOW(), 51, '8:cc085b3d33f3d53b75c8866522653f98', 'createTable tableName=node_transaction_mappings', '', 'EXECUTED', NULL, NULL, '3.6.3', '2067485144') {changeSet=migration/node-services.changelog-init.xml::1511451595465-20::R3.Corda, databaseChangeLog=master.changelog.json}
?[m?[37m[INFO] 11:44:45,182 [Test worker] jvm.JdbcExecutor. - CREATE TABLE PUBLIC.node_transactions (tx_id NVARCHAR(64) NOT NULL, transaction_value BLOB) {changeSet=migration/node-services.changelog-init.xml::1511451595465-21::R3.Corda, databaseChangeLog=master.changelog.json}
?[m?[37m[INFO] 11:44:45,182 [Test worker] changelog.ChangeSet. - Table node_transactions created {changeSet=migration/node-services.changelog-init.xml::1511451595465-21::R3.Corda, databaseChangeLog=master.changelog.json}
?[m?[37m[INFO] 11:44:45,182 [Test worker] changelog.ChangeSet. - ChangeSet migration/node-services.changelog-init.xml::1511451595465-21::R3.Corda ran successfully in 0ms {changeSet=migration/node-services.changelog-init.xml::1511451595465-21::R3.Corda, databaseChangeLog=master.changelog.json}
?[m?[37m[INFO] 11:44:45,182 [Test worker] jvm.JdbcExecutor. - INSERT INTO PUBLIC.DATABASECHANGELOG (ID, AUTHOR, FILENAME, DATEEXECUTED, ORDEREXECUTED, MD5SUM, DESCRIPTION, COMMENTS, EXECTYPE, CONTEXTS, LABELS, LIQUIBASE, DEPLOYMENT_ID) VALUES ('1511451595465-21', 'R3.Corda', 'migration/node-services.changelog-init.xml', NOW(), 52, '8:69feb7582f3b77828510a56cb111cfd8', 'createTable tableName=node_transactions', '', 'EXECUTED', NULL, NULL, '3.6.3', '2067485144') {changeSet=migration/node-services.changelog-init.xml::1511451595465-21::R3.Corda, databaseChangeLog=master.changelog.json}
?[m?[37m[INFO] 11:44:45,183 [Test worker] jvm.JdbcExecutor. - ALTER TABLE PUBLIC.node_attachments ADD CONSTRAINT node_attachments_pkey PRIMARY KEY (att_id) {changeSet=migration/node-services.changelog-init.xml::1511451595465-30::R3.Corda, databaseChangeLog=master.changelog.json}
?[m?[37m[INFO] 11:44:45,183 [Test worker] changelog.ChangeSet. - Primary key added to node_attachments (att_id) {changeSet=migration/node-services.changelog-init.xml::1511451595465-30::R3.Corda, databaseChangeLog=master.changelog.json}
?[m?[37m[INFO] 11:44:45,183 [Test worker] changelog.ChangeSet. - ChangeSet migration/node-services.changelog-init.xml::1511451595465-30::R3.Corda ran successfully in 1ms {changeSet=migration/node-services.changelog-init.xml::1511451595465-30::R3.Corda, databaseChangeLog=master.changelog.json}
?[m?[37m[INFO] 11:44:45,183 [Test worker] jvm.JdbcExecutor. - INSERT INTO PUBLIC.DATABASECHANGELOG (ID, AUTHOR, FILENAME, DATEEXECUTED, ORDEREXECUTED, MD5SUM, DESCRIPTION, COMMENTS, EXECTYPE, CONTEXTS, LABELS, LIQUIBASE, DEPLOYMENT_ID) VALUES ('1511451595465-30', 'R3.Corda', 'migration/node-services.changelog-init.xml', NOW(), 53, '8:97c42d4eac368e79f47df345a072b237', 'addPrimaryKey constraintName=node_attachments_pkey, tableName=node_attachments', '', 'EXECUTED', NULL, NULL, '3.6.3', '2067485144') {changeSet=migration/node-services.changelog-init.xml::1511451595465-30::R3.Corda, databaseChangeLog=master.changelog.json}
?[m?[37m[INFO] 11:44:45,183 [Test worker] jvm.JdbcExecutor. - ALTER TABLE PUBLIC.node_checkpoints ADD CONSTRAINT node_checkpoints_pkey PRIMARY KEY (checkpoint_id) {changeSet=migration/node-services.changelog-init.xml::1511451595465-32::R3.Corda, databaseChangeLog=master.changelog.json}
?[m?[37m[INFO] 11:44:45,183 [Test worker] changelog.ChangeSet. - Primary key added to node_checkpoints (checkpoint_id) {changeSet=migration/node-services.changelog-init.xml::1511451595465-32::R3.Corda, databaseChangeLog=master.changelog.json}
?[m?[37m[INFO] 11:44:45,183 [Test worker] changelog.ChangeSet. - ChangeSet migration/node-services.changelog-init.xml::1511451595465-32::R3.Corda ran successfully in 0ms {changeSet=migration/node-services.changelog-init.xml::1511451595465-32::R3.Corda, databaseChangeLog=master.changelog.json}
?[m?[37m[INFO] 11:44:45,184 [Test worker] jvm.JdbcExecutor. - INSERT INTO PUBLIC.DATABASECHANGELOG (ID, AUTHOR, FILENAME, DATEEXECUTED, ORDEREXECUTED, MD5SUM, DESCRIPTION, COMMENTS, EXECTYPE, CONTEXTS, LABELS, LIQUIBASE, DEPLOYMENT_ID) VALUES ('1511451595465-32', 'R3.Corda', 'migration/node-services.changelog-init.xml', NOW(), 54, '8:7224c32660081d3e820e52e2b70b365f', 'addPrimaryKey constraintName=node_checkpoints_pkey, tableName=node_checkpoints', '', 'EXECUTED', NULL, NULL, '3.6.3', '2067485144') {changeSet=migration/node-services.changelog-init.xml::1511451595465-32::R3.Corda, databaseChangeLog=master.changelog.json}
?[m?[37m[INFO] 11:44:45,184 [Test worker] jvm.JdbcExecutor. - ALTER TABLE PUBLIC.node_contract_upgrades ADD CONSTRAINT node_contract_upgrades_pkey PRIMARY KEY (state_ref) {changeSet=migration/node-services.changelog-init.xml::1511451595465-33::R3.Corda, databaseChangeLog=master.changelog.json}
?[m?[37m[INFO] 11:44:45,184 [Test worker] changelog.ChangeSet. - Primary key added to node_contract_upgrades (state_ref) {changeSet=migration/node-services.changelog-init.xml::1511451595465-33::R3.Corda, databaseChangeLog=master.changelog.json}
?[m?[37m[INFO] 11:44:45,184 [Test worker] changelog.ChangeSet. - ChangeSet migration/node-services.changelog-init.xml::1511451595465-33::R3.Corda ran successfully in 0ms {changeSet=migration/node-services.changelog-init.xml::1511451595465-33::R3.Corda, databaseChangeLog=master.changelog.json}
?[m?[37m[INFO] 11:44:45,184 [Test worker] jvm.JdbcExecutor. - INSERT INTO PUBLIC.DATABASECHANGELOG (ID, AUTHOR, FILENAME, DATEEXECUTED, ORDEREXECUTED, MD5SUM, DESCRIPTION, COMMENTS, EXECTYPE, CONTEXTS, LABELS, LIQUIBASE, DEPLOYMENT_ID) VALUES ('1511451595465-33', 'R3.Corda', 'migration/node-services.changelog-init.xml', NOW(), 55, '8:85bcae037a29317065e3b922e0563902', 'addPrimaryKey constraintName=node_contract_upgrades_pkey, tableName=node_contract_upgrades', '', 'EXECUTED', NULL, NULL, '3.6.3', '2067485144') {changeSet=migration/node-services.changelog-init.xml::1511451595465-33::R3.Corda, databaseChangeLog=master.changelog.json}
?[m?[37m[INFO] 11:44:45,185 [Test worker] jvm.JdbcExecutor. - ALTER TABLE PUBLIC.node_identities ADD CONSTRAINT node_identities_pkey PRIMARY KEY (pk_hash) {changeSet=migration/node-services.changelog-init.xml::1511451595465-34::R3.Corda, databaseChangeLog=master.changelog.json}
?[m?[37m[INFO] 11:44:45,185 [Test worker] changelog.ChangeSet. - Primary key added to node_identities (pk_hash) {changeSet=migration/node-services.changelog-init.xml::1511451595465-34::R3.Corda, databaseChangeLog=master.changelog.json}
?[m?[37m[INFO] 11:44:45,185 [Test worker] changelog.ChangeSet. - ChangeSet migration/node-services.changelog-init.xml::1511451595465-34::R3.Corda ran successfully in 0ms {changeSet=migration/node-services.changelog-init.xml::1511451595465-34::R3.Corda, databaseChangeLog=master.changelog.json}
?[m?[37m[INFO] 11:44:45,185 [Test worker] jvm.JdbcExecutor. - INSERT INTO PUBLIC.DATABASECHANGELOG (ID, AUTHOR, FILENAME, DATEEXECUTED, ORDEREXECUTED, MD5SUM, DESCRIPTION, COMMENTS, EXECTYPE, CONTEXTS, LABELS, LIQUIBASE, DEPLOYMENT_ID) VALUES ('1511451595465-34', 'R3.Corda', 'migration/node-services.changelog-init.xml', NOW(), 56, '8:308ffe9985df3029fc05bd41c60010a9', 'addPrimaryKey constraintName=node_identities_pkey, tableName=node_identities', '', 'EXECUTED', NULL, NULL, '3.6.3', '2067485144') {changeSet=migration/node-services.changelog-init.xml::1511451595465-34::R3.Corda, databaseChangeLog=master.changelog.json}
?[m?[37m[INFO] 11:44:45,186 [Test worker] jvm.JdbcExecutor. - ALTER TABLE PUBLIC.node_message_ids ADD CONSTRAINT node_message_ids_pkey PRIMARY KEY (message_id) {changeSet=migration/node-services.changelog-init.xml::1511451595465-38::R3.Corda, databaseChangeLog=master.changelog.json}
?[m?[37m[INFO] 11:44:45,186 [Test worker] changelog.ChangeSet. - Primary key added to node_message_ids (message_id) {changeSet=migration/node-services.changelog-init.xml::1511451595465-38::R3.Corda, databaseChangeLog=master.changelog.json}
?[m?[37m[INFO] 11:44:45,186 [Test worker] changelog.ChangeSet. - ChangeSet migration/node-services.changelog-init.xml::1511451595465-38::R3.Corda ran successfully in 0ms {changeSet=migration/node-services.changelog-init.xml::1511451595465-38::R3.Corda, databaseChangeLog=master.changelog.json}
?[m?[37m[INFO] 11:44:45,187 [Test worker] jvm.JdbcExecutor. - INSERT INTO PUBLIC.DATABASECHANGELOG (ID, AUTHOR, FILENAME, DATEEXECUTED, ORDEREXECUTED, MD5SUM, DESCRIPTION, COMMENTS, EXECTYPE, CONTEXTS, LABELS, LIQUIBASE, DEPLOYMENT_ID) VALUES ('1511451595465-38', 'R3.Corda', 'migration/node-services.changelog-init.xml', NOW(), 57, '8:18b1b83ce2a778af1a8a8c9c56bb9651', 'addPrimaryKey constraintName=node_message_ids_pkey, tableName=node_message_ids', '', 'EXECUTED', NULL, NULL, '3.6.3', '2067485144') {changeSet=migration/node-services.changelog-init.xml::1511451595465-38::R3.Corda, databaseChangeLog=master.changelog.json}
?[m?[37m[INFO] 11:44:45,187 [Test worker] jvm.JdbcExecutor. - ALTER TABLE PUBLIC.node_message_retry ADD CONSTRAINT node_message_retry_pkey PRIMARY KEY (message_id) {changeSet=migration/node-services.changelog-init.xml::1511451595465-39::R3.Corda, databaseChangeLog=master.changelog.json}
?[m?[37m[INFO] 11:44:45,187 [Test worker] changelog.ChangeSet. - Primary key added to node_message_retry (message_id) {changeSet=migration/node-services.changelog-init.xml::1511451595465-39::R3.Corda, databaseChangeLog=master.changelog.json}
?[m?[37m[INFO] 11:44:45,187 [Test worker] changelog.ChangeSet. - ChangeSet migration/node-services.changelog-init.xml::1511451595465-39::R3.Corda ran successfully in 0ms {changeSet=migration/node-services.changelog-init.xml::1511451595465-39::R3.Corda, databaseChangeLog=master.changelog.json}
?[m?[37m[INFO] 11:44:45,188 [Test worker] jvm.JdbcExecutor. - INSERT INTO PUBLIC.DATABASECHANGELOG (ID, AUTHOR, FILENAME, DATEEXECUTED, ORDEREXECUTED, MD5SUM, DESCRIPTION, COMMENTS, EXECTYPE, CONTEXTS, LABELS, LIQUIBASE, DEPLOYMENT_ID) VALUES ('1511451595465-39', 'R3.Corda', 'migration/node-services.changelog-init.xml', NOW(), 58, '8:0359c73c9db723c73ee0171620ff4ac6', 'addPrimaryKey constraintName=node_message_retry_pkey, tableName=node_message_retry', '', 'EXECUTED', NULL, NULL, '3.6.3', '2067485144') {changeSet=migration/node-services.changelog-init.xml::1511451595465-39::R3.Corda, databaseChangeLog=master.changelog.json}
?[m?[37m[INFO] 11:44:45,188 [Test worker] jvm.JdbcExecutor. - ALTER TABLE PUBLIC.node_named_identities ADD CONSTRAINT node_named_identities_pkey PRIMARY KEY (name) {changeSet=migration/node-services.changelog-init.xml::1511451595465-40::R3.Corda, databaseChangeLog=master.changelog.json}
?[m?[37m[INFO] 11:44:45,188 [Test worker] changelog.ChangeSet. - Primary key added to node_named_identities (name) {changeSet=migration/node-services.changelog-init.xml::1511451595465-40::R3.Corda, databaseChangeLog=master.changelog.json}
?[m?[37m[INFO] 11:44:45,188 [Test worker] changelog.ChangeSet. - ChangeSet migration/node-services.changelog-init.xml::1511451595465-40::R3.Corda ran successfully in 0ms {changeSet=migration/node-services.changelog-init.xml::1511451595465-40::R3.Corda, databaseChangeLog=master.changelog.json}
?[m?[37m[INFO] 11:44:45,188 [Test worker] jvm.JdbcExecutor. - INSERT INTO PUBLIC.DATABASECHANGELOG (ID, AUTHOR, FILENAME, DATEEXECUTED, ORDEREXECUTED, MD5SUM, DESCRIPTION, COMMENTS, EXECTYPE, CONTEXTS, LABELS, LIQUIBASE, DEPLOYMENT_ID) VALUES ('1511451595465-40', 'R3.Corda', 'migration/node-services.changelog-init.xml', NOW(), 59, '8:ef3ab101a3e4c5820f575d5adcb85c08', 'addPrimaryKey constraintName=node_named_identities_pkey, tableName=node_named_identities', '', 'EXECUTED', NULL, NULL, '3.6.3', '2067485144') {changeSet=migration/node-services.changelog-init.xml::1511451595465-40::R3.Corda, databaseChangeLog=master.changelog.json}
?[m?[37m[INFO] 11:44:45,188 [Test worker] jvm.JdbcExecutor. - ALTER TABLE PUBLIC.node_our_key_pairs ADD CONSTRAINT node_our_key_pairs_pkey PRIMARY KEY (public_key_hash) {changeSet=migration/node-services.changelog-init.xml::1511451595465-42::R3.Corda, databaseChangeLog=master.changelog.json}
?[m?[37m[INFO] 11:44:45,188 [Test worker] changelog.ChangeSet. - Primary key added to node_our_key_pairs (public_key_hash) {changeSet=migration/node-services.changelog-init.xml::1511451595465-42::R3.Corda, databaseChangeLog=master.changelog.json}
?[m?[37m[INFO] 11:44:45,188 [Test worker] changelog.ChangeSet. - ChangeSet migration/node-services.changelog-init.xml::1511451595465-42::R3.Corda ran successfully in 0ms {changeSet=migration/node-services.changelog-init.xml::1511451595465-42::R3.Corda, databaseChangeLog=master.changelog.json}
?[m?[37m[INFO] 11:44:45,189 [Test worker] jvm.JdbcExecutor. - INSERT INTO PUBLIC.DATABASECHANGELOG (ID, AUTHOR, FILENAME, DATEEXECUTED, ORDEREXECUTED, MD5SUM, DESCRIPTION, COMMENTS, EXECTYPE, CONTEXTS, LABELS, LIQUIBASE, DEPLOYMENT_ID) VALUES ('1511451595465-42', 'R3.Corda', 'migration/node-services.changelog-init.xml', NOW(), 60, '8:d742088fd258d00e0a1fbffcf2e27c61', 'addPrimaryKey constraintName=node_our_key_pairs_pkey, tableName=node_our_key_pairs', '', 'EXECUTED', NULL, NULL, '3.6.3', '2067485144') {changeSet=migration/node-services.changelog-init.xml::1511451595465-42::R3.Corda, databaseChangeLog=master.changelog.json}
?[m?[37m[INFO] 11:44:45,189 [Test worker] jvm.JdbcExecutor. - ALTER TABLE PUBLIC.node_scheduled_states ADD CONSTRAINT node_scheduled_states_pkey PRIMARY KEY (output_index, transaction_id) {changeSet=migration/node-services.changelog-init.xml::1511451595465-44::R3.Corda, databaseChangeLog=master.changelog.json}
?[m?[37m[INFO] 11:44:45,189 [Test worker] changelog.ChangeSet. - Primary key added to node_scheduled_states (output_index, transaction_id) {changeSet=migration/node-services.changelog-init.xml::1511451595465-44::R3.Corda, databaseChangeLog=master.changelog.json}
?[m?[37m[INFO] 11:44:45,189 [Test worker] changelog.ChangeSet. - ChangeSet migration/node-services.changelog-init.xml::1511451595465-44::R3.Corda ran successfully in 0ms {changeSet=migration/node-services.changelog-init.xml::1511451595465-44::R3.Corda, databaseChangeLog=master.changelog.json}
?[m?[37m[INFO] 11:44:45,189 [Test worker] jvm.JdbcExecutor. - INSERT INTO PUBLIC.DATABASECHANGELOG (ID, AUTHOR, FILENAME, DATEEXECUTED, ORDEREXECUTED, MD5SUM, DESCRIPTION, COMMENTS, EXECTYPE, CONTEXTS, LABELS, LIQUIBASE, DEPLOYMENT_ID) VALUES ('1511451595465-44', 'R3.Corda', 'migration/node-services.changelog-init.xml', NOW(), 61, '8:dc8b980de5154038877f6d2e43b97ad1', 'addPrimaryKey constraintName=node_scheduled_states_pkey, tableName=node_scheduled_states', '', 'EXECUTED', NULL, NULL, '3.6.3', '2067485144') {changeSet=migration/node-services.changelog-init.xml::1511451595465-44::R3.Corda, databaseChangeLog=master.changelog.json}
?[m?[37m[INFO] 11:44:45,189 [Test worker] jvm.JdbcExecutor. - ALTER TABLE PUBLIC.node_transaction_mappings ADD CONSTRAINT node_transaction_mappings_pkey PRIMARY KEY (tx_id) {changeSet=migration/node-services.changelog-init.xml::1511451595465-45::R3.Corda, databaseChangeLog=master.changelog.json}
?[m?[37m[INFO] 11:44:45,189 [Test worker] changelog.ChangeSet. - Primary key added to node_transaction_mappings (tx_id) {changeSet=migration/node-services.changelog-init.xml::1511451595465-45::R3.Corda, databaseChangeLog=master.changelog.json}
?[m?[37m[INFO] 11:44:45,189 [Test worker] changelog.ChangeSet. - ChangeSet migration/node-services.changelog-init.xml::1511451595465-45::R3.Corda ran successfully in 0ms {changeSet=migration/node-services.changelog-init.xml::1511451595465-45::R3.Corda, databaseChangeLog=master.changelog.json}
?[m?[37m[INFO] 11:44:45,190 [Test worker] jvm.JdbcExecutor. - INSERT INTO PUBLIC.DATABASECHANGELOG (ID, AUTHOR, FILENAME, DATEEXECUTED, ORDEREXECUTED, MD5SUM, DESCRIPTION, COMMENTS, EXECTYPE, CONTEXTS, LABELS, LIQUIBASE, DEPLOYMENT_ID) VALUES ('1511451595465-45', 'R3.Corda', 'migration/node-services.changelog-init.xml', NOW(), 62, '8:2ae0fa18530e20aa3bcd6109b7d95247', 'addPrimaryKey constraintName=node_transaction_mappings_pkey, tableName=node_transaction_mappings', '', 'EXECUTED', NULL, NULL, '3.6.3', '2067485144') {changeSet=migration/node-services.changelog-init.xml::1511451595465-45::R3.Corda, databaseChangeLog=master.changelog.json}
?[m?[37m[INFO] 11:44:45,190 [Test worker] jvm.JdbcExecutor. - ALTER TABLE PUBLIC.node_transactions ADD CONSTRAINT node_transactions_pkey PRIMARY KEY (tx_id) {changeSet=migration/node-services.changelog-init.xml::1511451595465-46::R3.Corda, databaseChangeLog=master.changelog.json}
?[m?[37m[INFO] 11:44:45,190 [Test worker] changelog.ChangeSet. - Primary key added to node_transactions (tx_id) {changeSet=migration/node-services.changelog-init.xml::1511451595465-46::R3.Corda, databaseChangeLog=master.changelog.json}
?[m?[37m[INFO] 11:44:45,190 [Test worker] changelog.ChangeSet. - ChangeSet migration/node-services.changelog-init.xml::1511451595465-46::R3.Corda ran successfully in 0ms {changeSet=migration/node-services.changelog-init.xml::1511451595465-46::R3.Corda, databaseChangeLog=master.changelog.json}
?[m?[37m[INFO] 11:44:45,191 [Test worker] jvm.JdbcExecutor. - INSERT INTO PUBLIC.DATABASECHANGELOG (ID, AUTHOR, FILENAME, DATEEXECUTED, ORDEREXECUTED, MD5SUM, DESCRIPTION, COMMENTS, EXECTYPE, CONTEXTS, LABELS, LIQUIBASE, DEPLOYMENT_ID) VALUES ('1511451595465-46', 'R3.Corda', 'migration/node-services.changelog-init.xml', NOW(), 63, '8:d5e4dd3dba8e89f77b6eeff0fc5b7a49', 'addPrimaryKey constraintName=node_transactions_pkey, tableName=node_transactions', '', 'EXECUTED', NULL, NULL, '3.6.3', '2067485144') {changeSet=migration/node-services.changelog-init.xml::1511451595465-46::R3.Corda, databaseChangeLog=master.changelog.json}
?[m?[37m[INFO] 11:44:45,191 [Test worker] jvm.JdbcExecutor. - ALTER TABLE PUBLIC.node_link_nodeinfo_party ADD CONSTRAINT FK__link_ni_p__info_p_cert FOREIGN KEY (party_name) REFERENCES PUBLIC.node_info_party_cert (party_name) {changeSet=migration/node-services.changelog-init.xml::1511451595465-61::R3.Corda, databaseChangeLog=master.changelog.json}
?[m?[37m[INFO] 11:44:45,192 [Test worker] changelog.ChangeSet. - Foreign key constraint added to node_link_nodeinfo_party (party_name) {changeSet=migration/node-services.changelog-init.xml::1511451595465-61::R3.Corda, databaseChangeLog=master.changelog.json}
?[m?[37m[INFO] 11:44:45,192 [Test worker] changelog.ChangeSet. - ChangeSet migration/node-services.changelog-init.xml::1511451595465-61::R3.Corda ran successfully in 1ms {changeSet=migration/node-services.changelog-init.xml::1511451595465-61::R3.Corda, databaseChangeLog=master.changelog.json}
?[m?[37m[INFO] 11:44:45,193 [Test worker] jvm.JdbcExecutor. - INSERT INTO PUBLIC.DATABASECHANGELOG (ID, AUTHOR, FILENAME, DATEEXECUTED, ORDEREXECUTED, MD5SUM, DESCRIPTION, COMMENTS, EXECTYPE, CONTEXTS, LABELS, LIQUIBASE, DEPLOYMENT_ID) VALUES ('1511451595465-61', 'R3.Corda', 'migration/node-services.changelog-init.xml', NOW(), 64, '8:1d4e406a8056aa782ccbd978771f1fb9', 'addForeignKeyConstraint baseTableName=node_link_nodeinfo_party, constraintName=FK__link_ni_p__info_p_cert, referencedTableName=node_info_party_cert', '', 'EXECUTED', NULL, NULL, '3.6.3', '2067485144') {changeSet=migration/node-services.changelog-init.xml::1511451595465-61::R3.Corda, databaseChangeLog=master.changelog.json}
?[m?[37m[INFO] 11:44:45,194 [Test worker] jvm.JdbcExecutor. - CREATE INDEX PUBLIC.att_id_idx ON PUBLIC.node_attachments(att_id) {changeSet=migration/node-services.changelog-init.xml::add index att_id::R3.Corda, databaseChangeLog=master.changelog.json}
?[m?[37m[INFO] 11:44:45,194 [Test worker] changelog.ChangeSet. - Index att_id_idx created {changeSet=migration/node-services.changelog-init.xml::add index att_id::R3.Corda, databaseChangeLog=master.changelog.json}
?[m?[37m[INFO] 11:44:45,194 [Test worker] changelog.ChangeSet. - ChangeSet migration/node-services.changelog-init.xml::add index att_id::R3.Corda ran successfully in 0ms {changeSet=migration/node-services.changelog-init.xml::add index att_id::R3.Corda, databaseChangeLog=master.changelog.json}
?[m?[37m[INFO] 11:44:45,195 [Test worker] jvm.JdbcExecutor. - INSERT INTO PUBLIC.DATABASECHANGELOG (ID, AUTHOR, FILENAME, DATEEXECUTED, ORDEREXECUTED, MD5SUM, DESCRIPTION, COMMENTS, EXECTYPE, CONTEXTS, LABELS, LIQUIBASE, DEPLOYMENT_ID) VALUES ('add index att_id', 'R3.Corda', 'migration/node-services.changelog-init.xml', NOW(), 65, '8:ccf9b08f32d685dc60d6e34a3013bffc', 'createIndex indexName=att_id_idx, tableName=node_attachments', '', 'EXECUTED', NULL, NULL, '3.6.3', '2067485144') {changeSet=migration/node-services.changelog-init.xml::add index att_id::R3.Corda, databaseChangeLog=master.changelog.json}
?[m?[37m[INFO] 11:44:45,195 [Test worker] jvm.JdbcExecutor. - CREATE TABLE PUBLIC.node_attchments_contracts (att_id NVARCHAR(255) NOT NULL, contract_class_name NVARCHAR(255)) {changeSet=migration/node-services.changelog-init.xml::add_contract_attachment::R3.Corda, databaseChangeLog=master.changelog.json}
?[m?[37m[INFO] 11:44:45,195 [Test worker] changelog.ChangeSet. - Table node_attchments_contracts created {changeSet=migration/node-services.changelog-init.xml::add_contract_attachment::R3.Corda, databaseChangeLog=master.changelog.json}
?[m?[37m[INFO] 11:44:45,195 [Test worker] jvm.JdbcExecutor. - ALTER TABLE PUBLIC.node_attchments_contracts ADD CONSTRAINT FK__ctr_class__attachments FOREIGN KEY (att_id) REFERENCES PUBLIC.node_attachments (att_id) {changeSet=migration/node-services.changelog-init.xml::add_contract_attachment::R3.Corda, databaseChangeLog=master.changelog.json}
?[m?[37m[INFO] 11:44:45,196 [Test worker] changelog.ChangeSet. - Foreign key constraint added to node_attchments_contracts (att_id) {changeSet=migration/node-services.changelog-init.xml::add_contract_attachment::R3.Corda, databaseChangeLog=master.changelog.json}
?[m?[37m[INFO] 11:44:45,196 [Test worker] jvm.JdbcExecutor. - DELETE FROM PUBLIC.node_attachments {changeSet=migration/node-services.changelog-init.xml::add_contract_attachment::R3.Corda, databaseChangeLog=master.changelog.json}
?[m?[37m[INFO] 11:44:45,196 [Test worker] changelog.ChangeSet. - Data deleted from node_attachments {changeSet=migration/node-services.changelog-init.xml::add_contract_attachment::R3.Corda, databaseChangeLog=master.changelog.json}
?[m?[37m[INFO] 11:44:45,196 [Test worker] changelog.ChangeSet. - ChangeSet migration/node-services.changelog-init.xml::add_contract_attachment::R3.Corda ran successfully in 1ms {changeSet=migration/node-services.changelog-init.xml::add_contract_attachment::R3.Corda, databaseChangeLog=master.changelog.json}
?[m?[37m[INFO] 11:44:45,197 [Test worker] jvm.JdbcExecutor. - INSERT INTO PUBLIC.DATABASECHANGELOG (ID, AUTHOR, FILENAME, DATEEXECUTED, ORDEREXECUTED, MD5SUM, DESCRIPTION, COMMENTS, EXECTYPE, CONTEXTS, LABELS, LIQUIBASE, DEPLOYMENT_ID) VALUES ('add_contract_attachment', 'R3.Corda', 'migration/node-services.changelog-init.xml', NOW(), 66, '8:8898557cf18644883f6f3b0c5e784c0b', 'createTable tableName=node_attchments_contracts; addForeignKeyConstraint baseTableName=node_attchments_contracts, constraintName=FK__ctr_class__attachments, referencedTableName=node_attachments; delete tableName=node_attachments', '', 'EXECUTED', NULL, NULL, '3.6.3', '2067485144') {changeSet=migration/node-services.changelog-init.xml::add_contract_attachment::R3.Corda, databaseChangeLog=master.changelog.json}
?[m?[37m[INFO] 11:44:45,197 [Test worker] jvm.JdbcExecutor. - ALTER TABLE PUBLIC.node_message_ids ADD sender NVARCHAR(64) {changeSet=migration/node-services.changelog-init.xml::add_dedup_columns::R3.Corda, databaseChangeLog=master.changelog.json}
?[m?[37m[INFO] 11:44:45,198 [Test worker] jvm.JdbcExecutor. - ALTER TABLE PUBLIC.node_message_ids ADD sequence_number BIGINT {changeSet=migration/node-services.changelog-init.xml::add_dedup_columns::R3.Corda, databaseChangeLog=master.changelog.json}
?[m?[37m[INFO] 11:44:45,198 [Test worker] changelog.ChangeSet. - Columns sender(NVARCHAR(64)),sequence_number(BIGINT) added to node_message_ids {changeSet=migration/node-services.changelog-init.xml::add_dedup_columns::R3.Corda, databaseChangeLog=master.changelog.json}
?[m?[37m[INFO] 11:44:45,198 [Test worker] changelog.ChangeSet. - ChangeSet migration/node-services.changelog-init.xml::add_dedup_columns::R3.Corda ran successfully in 1ms {changeSet=migration/node-services.changelog-init.xml::add_dedup_columns::R3.Corda, databaseChangeLog=master.changelog.json}
?[m?[37m[INFO] 11:44:45,199 [Test worker] jvm.JdbcExecutor. - INSERT INTO PUBLIC.DATABASECHANGELOG (ID, AUTHOR, FILENAME, DATEEXECUTED, ORDEREXECUTED, MD5SUM, DESCRIPTION, COMMENTS, EXECTYPE, CONTEXTS, LABELS, LIQUIBASE, DEPLOYMENT_ID) VALUES ('add_dedup_columns', 'R3.Corda', 'migration/node-services.changelog-init.xml', NOW(), 67, '8:5924ebdacff695e1f30aa3e0173eccdf', 'addColumn tableName=node_message_ids', '', 'EXECUTED', NULL, NULL, '3.6.3', '2067485144') {changeSet=migration/node-services.changelog-init.xml::add_dedup_columns::R3.Corda, databaseChangeLog=master.changelog.json}
?[m?[37m[INFO] 11:44:45,200 [Test worker] jvm.JdbcExecutor. - ALTER TABLE PUBLIC.node_attchments_contracts RENAME TO node_attachments_contracts {changeSet=migration/node-core.changelog-v4.xml::attchments_rename::R3.Corda, databaseChangeLog=master.changelog.json}
?[m?[37m[INFO] 11:44:45,200 [Test worker] changelog.ChangeSet. - Table node_attchments_contracts renamed to node_attachments_contracts {changeSet=migration/node-core.changelog-v4.xml::attchments_rename::R3.Corda, databaseChangeLog=master.changelog.json}
?[m?[37m[INFO] 11:44:45,200 [Test worker] changelog.ChangeSet. - ChangeSet migration/node-core.changelog-v4.xml::attchments_rename::R3.Corda ran successfully in 0ms {changeSet=migration/node-core.changelog-v4.xml::attchments_rename::R3.Corda, databaseChangeLog=master.changelog.json}
?[m?[37m[INFO] 11:44:45,201 [Test worker] jvm.JdbcExecutor. - INSERT INTO PUBLIC.DATABASECHANGELOG (ID, AUTHOR, FILENAME, DATEEXECUTED, ORDEREXECUTED, MD5SUM, DESCRIPTION, COMMENTS, EXECTYPE, CONTEXTS, LABELS, LIQUIBASE, DEPLOYMENT_ID) VALUES ('attchments_rename', 'R3.Corda', 'migration/node-core.changelog-v4.xml', NOW(), 68, '8:94816d7657264059f2b8da4e97d4b15d', 'renameTable newTableName=node_attachments_contracts, oldTableName=node_attchments_contracts', '', 'EXECUTED', NULL, NULL, '3.6.3', '2067485144') {changeSet=migration/node-core.changelog-v4.xml::attchments_rename::R3.Corda, databaseChangeLog=master.changelog.json}
?[m?[37m[INFO] 11:44:45,202 [Test worker] jvm.JdbcExecutor. - ALTER TABLE PUBLIC.node_identities ALTER COLUMN identity_value SET NOT NULL {changeSet=migration/node-core.changelog-v4.xml::nullability::R3.Corda, databaseChangeLog=master.changelog.json}
?[m?[37m[INFO] 11:44:45,202 [Test worker] changelog.ChangeSet. - NOT NULL constraint has been added to node_identities.identity_value {changeSet=migration/node-core.changelog-v4.xml::nullability::R3.Corda, databaseChangeLog=master.changelog.json}
?[m?[37m[INFO] 11:44:45,202 [Test worker] jvm.JdbcExecutor. - ALTER TABLE PUBLIC.node_attachments ALTER COLUMN content SET NOT NULL {changeSet=migration/node-core.changelog-v4.xml::nullability::R3.Corda, databaseChangeLog=master.changelog.json}
?[m?[37m[INFO] 11:44:45,202 [Test worker] changelog.ChangeSet. - NOT NULL constraint has been added to node_attachments.content {changeSet=migration/node-core.changelog-v4.xml::nullability::R3.Corda, databaseChangeLog=master.changelog.json}
?[m?[37m[INFO] 11:44:45,202 [Test worker] jvm.JdbcExecutor. - ALTER TABLE PUBLIC.node_attachments_contracts ALTER COLUMN contract_class_name SET NOT NULL {changeSet=migration/node-core.changelog-v4.xml::nullability::R3.Corda, databaseChangeLog=master.changelog.json}
?[m?[37m[INFO] 11:44:45,202 [Test worker] changelog.ChangeSet. - NOT NULL constraint has been added to node_attachments_contracts.contract_class_name {changeSet=migration/node-core.changelog-v4.xml::nullability::R3.Corda, databaseChangeLog=master.changelog.json}
?[m?[37m[INFO] 11:44:45,202 [Test worker] jvm.JdbcExecutor. - ALTER TABLE PUBLIC.node_checkpoints ALTER COLUMN checkpoint_value SET NOT NULL {changeSet=migration/node-core.changelog-v4.xml::nullability::R3.Corda, databaseChangeLog=master.changelog.json}
?[m?[37m[INFO] 11:44:45,202 [Test worker] changelog.ChangeSet. - NOT NULL constraint has been added to node_checkpoints.checkpoint_value {changeSet=migration/node-core.changelog-v4.xml::nullability::R3.Corda, databaseChangeLog=master.changelog.json}
?[m?[37m[INFO] 11:44:45,202 [Test worker] jvm.JdbcExecutor. - ALTER TABLE PUBLIC.node_contract_upgrades ALTER COLUMN contract_class_name SET NOT NULL {changeSet=migration/node-core.changelog-v4.xml::nullability::R3.Corda, databaseChangeLog=master.changelog.json}
?[m?[37m[INFO] 11:44:45,202 [Test worker] changelog.ChangeSet. - NOT NULL constraint has been added to node_contract_upgrades.contract_class_name {changeSet=migration/node-core.changelog-v4.xml::nullability::R3.Corda, databaseChangeLog=master.changelog.json}
?[m?[37m[INFO] 11:44:45,203 [Test worker] jvm.JdbcExecutor. - ALTER TABLE PUBLIC.node_message_ids ALTER COLUMN insertion_time SET NOT NULL {changeSet=migration/node-core.changelog-v4.xml::nullability::R3.Corda, databaseChangeLog=master.changelog.json}
?[m?[37m[INFO] 11:44:45,203 [Test worker] changelog.ChangeSet. - NOT NULL constraint has been added to node_message_ids.insertion_time {changeSet=migration/node-core.changelog-v4.xml::nullability::R3.Corda, databaseChangeLog=master.changelog.json}
?[m?[37m[INFO] 11:44:45,203 [Test worker] jvm.JdbcExecutor. - ALTER TABLE PUBLIC.node_message_retry ALTER COLUMN message SET NOT NULL {changeSet=migration/node-core.changelog-v4.xml::nullability::R3.Corda, databaseChangeLog=master.changelog.json}
?[m?[37m[INFO] 11:44:45,203 [Test worker] changelog.ChangeSet. - NOT NULL constraint has been added to node_message_retry.message {changeSet=migration/node-core.changelog-v4.xml::nullability::R3.Corda, databaseChangeLog=master.changelog.json}
?[m?[37m[INFO] 11:44:45,203 [Test worker] jvm.JdbcExecutor. - ALTER TABLE PUBLIC.node_message_retry ALTER COLUMN recipients SET NOT NULL {changeSet=migration/node-core.changelog-v4.xml::nullability::R3.Corda, databaseChangeLog=master.changelog.json}
?[m?[37m[INFO] 11:44:45,203 [Test worker] changelog.ChangeSet. - NOT NULL constraint has been added to node_message_retry.recipients {changeSet=migration/node-core.changelog-v4.xml::nullability::R3.Corda, databaseChangeLog=master.changelog.json}
?[m?[37m[INFO] 11:44:45,203 [Test worker] jvm.JdbcExecutor. - ALTER TABLE PUBLIC.node_named_identities ALTER COLUMN pk_hash SET NOT NULL {changeSet=migration/node-core.changelog-v4.xml::nullability::R3.Corda, databaseChangeLog=master.changelog.json}
?[m?[37m[INFO] 11:44:45,203 [Test worker] changelog.ChangeSet. - NOT NULL constraint has been added to node_named_identities.pk_hash {changeSet=migration/node-core.changelog-v4.xml::nullability::R3.Corda, databaseChangeLog=master.changelog.json}
?[m?[37m[INFO] 11:44:45,203 [Test worker] jvm.JdbcExecutor. - ALTER TABLE PUBLIC.node_our_key_pairs ALTER COLUMN private_key SET NOT NULL {changeSet=migration/node-core.changelog-v4.xml::nullability::R3.Corda, databaseChangeLog=master.changelog.json}
?[m?[37m[INFO] 11:44:45,203 [Test worker] changelog.ChangeSet. - NOT NULL constraint has been added to node_our_key_pairs.private_key {changeSet=migration/node-core.changelog-v4.xml::nullability::R3.Corda, databaseChangeLog=master.changelog.json}
?[m?[37m[INFO] 11:44:45,203 [Test worker] jvm.JdbcExecutor. - ALTER TABLE PUBLIC.node_our_key_pairs ALTER COLUMN public_key SET NOT NULL {changeSet=migration/node-core.changelog-v4.xml::nullability::R3.Corda, databaseChangeLog=master.changelog.json}
?[m?[37m[INFO] 11:44:45,203 [Test worker] changelog.ChangeSet. - NOT NULL constraint has been added to node_our_key_pairs.public_key {changeSet=migration/node-core.changelog-v4.xml::nullability::R3.Corda, databaseChangeLog=master.changelog.json}
?[m?[37m[INFO] 11:44:45,203 [Test worker] jvm.JdbcExecutor. - ALTER TABLE PUBLIC.node_transaction_mappings ALTER COLUMN state_machine_run_id SET NOT NULL {changeSet=migration/node-core.changelog-v4.xml::nullability::R3.Corda, databaseChangeLog=master.changelog.json}
?[m?[37m[INFO] 11:44:45,203 [Test worker] changelog.ChangeSet. - NOT NULL constraint has been added to node_transaction_mappings.state_machine_run_id {changeSet=migration/node-core.changelog-v4.xml::nullability::R3.Corda, databaseChangeLog=master.changelog.json}
?[m?[37m[INFO] 11:44:45,203 [Test worker] jvm.JdbcExecutor. - ALTER TABLE PUBLIC.node_transactions ALTER COLUMN transaction_value SET NOT NULL {changeSet=migration/node-core.changelog-v4.xml::nullability::R3.Corda, databaseChangeLog=master.changelog.json}
?[m?[37m[INFO] 11:44:45,203 [Test worker] changelog.ChangeSet. - NOT NULL constraint has been added to node_transactions.transaction_value {changeSet=migration/node-core.changelog-v4.xml::nullability::R3.Corda, databaseChangeLog=master.changelog.json}
?[m?[37m[INFO] 11:44:45,203 [Test worker] changelog.ChangeSet. - ChangeSet migration/node-core.changelog-v4.xml::nullability::R3.Corda ran successfully in 1ms {changeSet=migration/node-core.changelog-v4.xml::nullability::R3.Corda, databaseChangeLog=master.changelog.json}
?[m?[37m[INFO] 11:44:45,204 [Test worker] jvm.JdbcExecutor. - INSERT INTO PUBLIC.DATABASECHANGELOG (ID, AUTHOR, FILENAME, DATEEXECUTED, ORDEREXECUTED, MD5SUM, DESCRIPTION, COMMENTS, EXECTYPE, CONTEXTS, LABELS, LIQUIBASE, DEPLOYMENT_ID) VALUES ('nullability', 'R3.Corda', 'migration/node-core.changelog-v4.xml', NOW(), 69, '8:62ddcf64aece5dc383fa400ac8ccc392', 'addNotNullConstraint columnName=identity_value, tableName=node_identities; addNotNullConstraint columnName=content, tableName=node_attachments; addNotNullConstraint columnName=contract_class_name, tableName=node_attachments_contracts; addNotNullCo...', '', 'EXECUTED', NULL, NULL, '3.6.3', '2067485144') {changeSet=migration/node-core.changelog-v4.xml::nullability::R3.Corda, databaseChangeLog=master.changelog.json}
?[m?[37m[INFO] 11:44:45,204 [Test worker] jvm.JdbcExecutor. - DROP TABLE PUBLIC.node_message_retry {changeSet=migration/node-core.changelog-v5.xml::remove_unused_node_message_retry::R3.Corda, databaseChangeLog=master.changelog.json}
?[m?[37m[INFO] 11:44:45,205 [Test worker] changelog.ChangeSet. - Table node_message_retry dropped {changeSet=migration/node-core.changelog-v5.xml::remove_unused_node_message_retry::R3.Corda, databaseChangeLog=master.changelog.json}
?[m?[37m[INFO] 11:44:45,205 [Test worker] changelog.ChangeSet. - ChangeSet migration/node-core.changelog-v5.xml::remove_unused_node_message_retry::R3.Corda ran successfully in 1ms {changeSet=migration/node-core.changelog-v5.xml::remove_unused_node_message_retry::R3.Corda, databaseChangeLog=master.changelog.json}
?[m?[37m[INFO] 11:44:45,205 [Test worker] jvm.JdbcExecutor. - INSERT INTO PUBLIC.DATABASECHANGELOG (ID, AUTHOR, FILENAME, DATEEXECUTED, ORDEREXECUTED, MD5SUM, DESCRIPTION, COMMENTS, EXECTYPE, CONTEXTS, LABELS, LIQUIBASE, DEPLOYMENT_ID) VALUES ('remove_unused_node_message_retry', 'R3.Corda', 'migration/node-core.changelog-v5.xml', NOW(), 70, '8:7f43b1a30ed49119520e7d14de6b57bd', 'dropTable tableName=node_message_retry', '', 'EXECUTED', NULL, NULL, '3.6.3', '2067485144') {changeSet=migration/node-core.changelog-v5.xml::remove_unused_node_message_retry::R3.Corda, databaseChangeLog=master.changelog.json}
?[m?[37m[INFO] 11:44:45,205 [Test worker] jvm.JdbcExecutor. - INSERT INTO PUBLIC.DATABASECHANGELOG (ID, AUTHOR, FILENAME, DATEEXECUTED, ORDEREXECUTED, MD5SUM, DESCRIPTION, COMMENTS, EXECTYPE, CONTEXTS, LABELS, LIQUIBASE, DEPLOYMENT_ID) VALUES ('non-clustered_pk-1', 'R3.Corda', 'migration/node-core.changelog-pkey.xml', NOW(), 71, '8:fc341b0d5ff080f0093d8a528299de25', 'dropPrimaryKey constraintName=node_checkpoints_pkey, tableName=node_checkpoints; addPrimaryKey constraintName=node_checkpoints_pkey, tableName=node_checkpoints', '', 'MARK_RAN', NULL, NULL, '3.6.3', '2067485144') {changeSet=migration/node-core.changelog-pkey.xml::non-clustered_pk-1::R3.Corda, databaseChangeLog=master.changelog.json}
?[m?[37m[INFO] 11:44:45,206 [Test worker] jvm.JdbcExecutor. - INSERT INTO PUBLIC.DATABASECHANGELOG (ID, AUTHOR, FILENAME, DATEEXECUTED, ORDEREXECUTED, MD5SUM, DESCRIPTION, COMMENTS, EXECTYPE, CONTEXTS, LABELS, LIQUIBASE, DEPLOYMENT_ID) VALUES ('non-clustered_pk-2', 'R3.Corda', 'migration/node-core.changelog-pkey.xml', NOW(), 72, '8:438db96910ca09a1e8910e74fe31d943', 'dropPrimaryKey constraintName=node_identities_pkey, tableName=node_identities; addPrimaryKey constraintName=node_identities_pkey, tableName=node_identities', '', 'MARK_RAN', NULL, NULL, '3.6.3', '2067485144') {changeSet=migration/node-core.changelog-pkey.xml::non-clustered_pk-2::R3.Corda, databaseChangeLog=master.changelog.json}
?[m?[37m[INFO] 11:44:45,206 [Test worker] jvm.JdbcExecutor. - INSERT INTO PUBLIC.DATABASECHANGELOG (ID, AUTHOR, FILENAME, DATEEXECUTED, ORDEREXECUTED, MD5SUM, DESCRIPTION, COMMENTS, EXECTYPE, CONTEXTS, LABELS, LIQUIBASE, DEPLOYMENT_ID) VALUES ('non-clustered_pk-3', 'R3.Corda', 'migration/node-core.changelog-pkey.xml', NOW(), 73, '8:b02515ba3eb419e880a62ad581d57d9a', 'dropPrimaryKey constraintName=node_message_ids_pkey, tableName=node_message_ids; addPrimaryKey constraintName=node_message_ids_pkey, tableName=node_message_ids', '', 'MARK_RAN', NULL, NULL, '3.6.3', '2067485144') {changeSet=migration/node-core.changelog-pkey.xml::non-clustered_pk-3::R3.Corda, databaseChangeLog=master.changelog.json}
?[m?[37m[INFO] 11:44:45,207 [Test worker] jvm.JdbcExecutor. - INSERT INTO PUBLIC.DATABASECHANGELOG (ID, AUTHOR, FILENAME, DATEEXECUTED, ORDEREXECUTED, MD5SUM, DESCRIPTION, COMMENTS, EXECTYPE, CONTEXTS, LABELS, LIQUIBASE, DEPLOYMENT_ID) VALUES ('non-clustered_pk-4', 'R3.Corda', 'migration/node-core.changelog-pkey.xml', NOW(), 74, '8:9a733c73c5a8ca979384c41d59473644', 'dropPrimaryKey constraintName=node_named_identities_pkey, tableName=node_named_identities; addPrimaryKey constraintName=node_named_identities_pkey, tableName=node_named_identities', '', 'MARK_RAN', NULL, NULL, '3.6.3', '2067485144') {changeSet=migration/node-core.changelog-pkey.xml::non-clustered_pk-4::R3.Corda, databaseChangeLog=master.changelog.json}
?[m?[37m[INFO] 11:44:45,208 [Test worker] jvm.JdbcExecutor. - INSERT INTO PUBLIC.DATABASECHANGELOG (ID, AUTHOR, FILENAME, DATEEXECUTED, ORDEREXECUTED, MD5SUM, DESCRIPTION, COMMENTS, EXECTYPE, CONTEXTS, LABELS, LIQUIBASE, DEPLOYMENT_ID) VALUES ('non-clustered_pk-5', 'R3.Corda', 'migration/node-core.changelog-pkey.xml', NOW(), 75, '8:48cf4a4dad77b6a8f7c3c73c09cc3959', 'dropPrimaryKey constraintName=node_our_key_pairs_pkey, tableName=node_our_key_pairs; addPrimaryKey constraintName=node_our_key_pairs_pkey, tableName=node_our_key_pairs', '', 'MARK_RAN', NULL, NULL, '3.6.3', '2067485144') {changeSet=migration/node-core.changelog-pkey.xml::non-clustered_pk-5::R3.Corda, databaseChangeLog=master.changelog.json}
?[m?[37m[INFO] 11:44:45,209 [Test worker] jvm.JdbcExecutor. - INSERT INTO PUBLIC.DATABASECHANGELOG (ID, AUTHOR, FILENAME, DATEEXECUTED, ORDEREXECUTED, MD5SUM, DESCRIPTION, COMMENTS, EXECTYPE, CONTEXTS, LABELS, LIQUIBASE, DEPLOYMENT_ID) VALUES ('non-clustered_pk-6', 'R3.Corda', 'migration/node-core.changelog-pkey.xml', NOW(), 76, '8:25c5581ce04f688ea83704ffa44bab8e', 'dropPrimaryKey constraintName=node_transaction_mappings_pkey, tableName=node_transaction_mappings; addPrimaryKey constraintName=node_transaction_mappings_pkey, tableName=node_transaction_mappings', '', 'MARK_RAN', NULL, NULL, '3.6.3', '2067485144') {changeSet=migration/node-core.changelog-pkey.xml::non-clustered_pk-6::R3.Corda, databaseChangeLog=master.changelog.json}
?[m?[37m[INFO] 11:44:45,211 [Test worker] jvm.JdbcExecutor. - INSERT INTO PUBLIC.DATABASECHANGELOG (ID, AUTHOR, FILENAME, DATEEXECUTED, ORDEREXECUTED, MD5SUM, DESCRIPTION, COMMENTS, EXECTYPE, CONTEXTS, LABELS, LIQUIBASE, DEPLOYMENT_ID) VALUES ('non-clustered_pk-7', 'R3.Corda', 'migration/node-core.changelog-pkey.xml', NOW(), 77, '8:64773359f27e2f85fe6df6097823ce69', 'dropPrimaryKey constraintName=node_transactions_pkey, tableName=node_transactions; addPrimaryKey constraintName=node_transactions_pkey, tableName=node_transactions', '', 'MARK_RAN', NULL, NULL, '3.6.3', '2067485144') {changeSet=migration/node-core.changelog-pkey.xml::non-clustered_pk-7::R3.Corda, databaseChangeLog=master.changelog.json}
?[m?[37m[INFO] 11:44:45,212 [Test worker] changelog.ChangeSet. - Marking ChangeSet: migration/node-core.changelog-v8.xml::conditional_attchments_rename::R3.Corda ran despite precondition failure due to onFail='MARK_RAN': 
          master.changelog.json : Table PUBLIC.NODE_ATTCHMENTS_CONTRACTS does not exist
 {changeSet=migration/node-core.changelog-v8.xml::conditional_attchments_rename::R3.Corda, databaseChangeLog=master.changelog.json}
?[m?[37m[INFO] 11:44:45,213 [Test worker] jvm.JdbcExecutor. - INSERT INTO PUBLIC.DATABASECHANGELOG (ID, AUTHOR, FILENAME, DATEEXECUTED, ORDEREXECUTED, MD5SUM, DESCRIPTION, COMMENTS, EXECTYPE, CONTEXTS, LABELS, LIQUIBASE, DEPLOYMENT_ID) VALUES ('conditional_attchments_rename', 'R3.Corda', 'migration/node-core.changelog-v8.xml', NOW(), 78, '8:114fc6d1775676ecf274989170741a5b', 'renameTable newTableName=NODE_ATTACHMENTS_CONTRACTS, oldTableName=NODE_ATTCHMENTS_CONTRACTS', '', 'MARK_RAN', NULL, NULL, '3.6.3', '2067485144') {changeSet=migration/node-core.changelog-v8.xml::conditional_attchments_rename::R3.Corda, databaseChangeLog=master.changelog.json}
?[m?[37m[INFO] 11:44:45,215 [Test worker] changelog.ChangeSet. - Marking ChangeSet: migration/node-core.changelog-v8.xml::conditional_attchments_contracts::R3.Corda ran despite precondition failure due to onFail='MARK_RAN': 
          master.changelog.json : Table PUBLIC.NODE_ATTACHMENTS_CONTRACT_CLASS_NAME does not exist
 {changeSet=migration/node-core.changelog-v8.xml::conditional_attchments_contracts::R3.Corda, databaseChangeLog=master.changelog.json}
?[m?[37m[INFO] 11:44:45,216 [Test worker] jvm.JdbcExecutor. - INSERT INTO PUBLIC.DATABASECHANGELOG (ID, AUTHOR, FILENAME, DATEEXECUTED, ORDEREXECUTED, MD5SUM, DESCRIPTION, COMMENTS, EXECTYPE, CONTEXTS, LABELS, LIQUIBASE, DEPLOYMENT_ID) VALUES ('conditional_attchments_contracts', 'R3.Corda', 'migration/node-core.changelog-v8.xml', NOW(), 79, '8:c26d868db33a85bdd25570b094635db5', 'renameTable newTableName=NODE_ATTACHMENTS_CONTRACTS, oldTableName=NODE_ATTACHMENTS_CONTRACT_CLASS_NAME', '', 'MARK_RAN', NULL, NULL, '3.6.3', '2067485144') {changeSet=migration/node-core.changelog-v8.xml::conditional_attchments_contracts::R3.Corda, databaseChangeLog=master.changelog.json}
?[m?[37m[INFO] 11:44:45,217 [Test worker] jvm.JdbcExecutor. - CREATE TABLE PUBLIC.node_attachments_signers (att_id NVARCHAR(255) NOT NULL, signer NVARCHAR(1024)) {changeSet=migration/node-core.changelog-v8.xml::add_signers::R3.Corda, databaseChangeLog=master.changelog.json}
?[m?[37m[INFO] 11:44:45,217 [Test worker] changelog.ChangeSet. - Table node_attachments_signers created {changeSet=migration/node-core.changelog-v8.xml::add_signers::R3.Corda, databaseChangeLog=master.changelog.json}
?[m?[37m[INFO] 11:44:45,218 [Test worker] jvm.JdbcExecutor. - ALTER TABLE PUBLIC.node_attachments_signers ADD CONSTRAINT FK__signers__attachments FOREIGN KEY (att_id) REFERENCES PUBLIC.node_attachments (att_id) {changeSet=migration/node-core.changelog-v8.xml::add_signers::R3.Corda, databaseChangeLog=master.changelog.json}
?[m?[37m[INFO] 11:44:45,218 [Test worker] changelog.ChangeSet. - Foreign key constraint added to node_attachments_signers (att_id) {changeSet=migration/node-core.changelog-v8.xml::add_signers::R3.Corda, databaseChangeLog=master.changelog.json}
?[m?[37m[INFO] 11:44:45,218 [Test worker] changelog.ChangeSet. - ChangeSet migration/node-core.changelog-v8.xml::add_signers::R3.Corda ran successfully in 1ms {changeSet=migration/node-core.changelog-v8.xml::add_signers::R3.Corda, databaseChangeLog=master.changelog.json}
?[m?[37m[INFO] 11:44:45,219 [Test worker] jvm.JdbcExecutor. - INSERT INTO PUBLIC.DATABASECHANGELOG (ID, AUTHOR, FILENAME, DATEEXECUTED, ORDEREXECUTED, MD5SUM, DESCRIPTION, COMMENTS, EXECTYPE, CONTEXTS, LABELS, LIQUIBASE, DEPLOYMENT_ID) VALUES ('add_signers', 'R3.Corda', 'migration/node-core.changelog-v8.xml', NOW(), 80, '8:6a033a579a3a8e11a35846d455833835', 'createTable tableName=node_attachments_signers; addForeignKeyConstraint baseTableName=node_attachments_signers, constraintName=FK__signers__attachments, referencedTableName=node_attachments', '', 'EXECUTED', NULL, NULL, '3.6.3', '2067485144') {changeSet=migration/node-core.changelog-v8.xml::add_signers::R3.Corda, databaseChangeLog=master.changelog.json}
?[m?[37m[INFO] 11:44:45,220 [Test worker] jvm.JdbcExecutor. - ALTER TABLE PUBLIC.node_transactions ADD state_machine_run_id NVARCHAR(36) {changeSet=migration/node-core.changelog-tx-mapping.xml::add_tx_mapping_column::R3.Corda, databaseChangeLog=master.changelog.json}
?[m?[37m[INFO] 11:44:45,221 [Test worker] changelog.ChangeSet. - Columns state_machine_run_id(NVARCHAR(36)) added to node_transactions {changeSet=migration/node-core.changelog-tx-mapping.xml::add_tx_mapping_column::R3.Corda, databaseChangeLog=master.changelog.json}
?[m?[37m[INFO] 11:44:45,221 [Test worker] jvm.JdbcExecutor. - update node_transactions set state_machine_run_id=(select state_machine_run_id from
            node_transaction_mappings where node_transactions.tx_id = node_transaction_mappings.tx_id) {changeSet=migration/node-core.changelog-tx-mapping.xml::add_tx_mapping_column::R3.Corda, databaseChangeLog=master.changelog.json}
?[m?[37m[INFO] 11:44:45,221 [Test worker] changelog.ChangeSet. - Custom SQL executed {changeSet=migration/node-core.changelog-tx-mapping.xml::add_tx_mapping_column::R3.Corda, databaseChangeLog=master.changelog.json}
?[m?[37m[INFO] 11:44:45,221 [Test worker] jvm.JdbcExecutor. - DROP TABLE PUBLIC.node_transaction_mappings {changeSet=migration/node-core.changelog-tx-mapping.xml::add_tx_mapping_column::R3.Corda, databaseChangeLog=master.changelog.json}
?[m?[37m[INFO] 11:44:45,221 [Test worker] changelog.ChangeSet. - Table node_transaction_mappings dropped {changeSet=migration/node-core.changelog-tx-mapping.xml::add_tx_mapping_column::R3.Corda, databaseChangeLog=master.changelog.json}
?[m?[37m[INFO] 11:44:45,221 [Test worker] changelog.ChangeSet. - ChangeSet migration/node-core.changelog-tx-mapping.xml::add_tx_mapping_column::R3.Corda ran successfully in 1ms {changeSet=migration/node-core.changelog-tx-mapping.xml::add_tx_mapping_column::R3.Corda, databaseChangeLog=master.changelog.json}
?[m?[37m[INFO] 11:44:45,221 [Test worker] jvm.JdbcExecutor. - INSERT INTO PUBLIC.DATABASECHANGELOG (ID, AUTHOR, FILENAME, DATEEXECUTED, ORDEREXECUTED, MD5SUM, DESCRIPTION, COMMENTS, EXECTYPE, CONTEXTS, LABELS, LIQUIBASE, DEPLOYMENT_ID) VALUES ('add_tx_mapping_column', 'R3.Corda', 'migration/node-core.changelog-tx-mapping.xml', NOW(), 81, '8:6d9d8484a635e932dd8e8f45db1b3d7e', 'addColumn tableName=node_transactions; sql; dropTable tableName=node_transaction_mappings', '', 'EXECUTED', NULL, NULL, '3.6.3', '2067485144') {changeSet=migration/node-core.changelog-tx-mapping.xml::add_tx_mapping_column::R3.Corda, databaseChangeLog=master.changelog.json}
?[m?[37m[INFO] 11:44:45,222 [Test worker] jvm.JdbcExecutor. - CREATE TABLE PUBLIC.node_network_parameters (hash NVARCHAR(130) NOT NULL, epoch INT NOT NULL, parameters_bytes BLOB NOT NULL, signature_bytes BLOB NOT NULL, cert BLOB NOT NULL, parent_cert_path BLOB NOT NULL) {changeSet=migration/node-services.changelog-init.xml::add_network_parameters_storage::R3.Corda, databaseChangeLog=master.changelog.json}
?[m?[37m[INFO] 11:44:45,222 [Test worker] changelog.ChangeSet. - Table node_network_parameters created {changeSet=migration/node-services.changelog-init.xml::add_network_parameters_storage::R3.Corda, databaseChangeLog=master.changelog.json}
?[m?[37m[INFO] 11:44:45,222 [Test worker] changelog.ChangeSet. - ChangeSet migration/node-services.changelog-init.xml::add_network_parameters_storage::R3.Corda ran successfully in 0ms {changeSet=migration/node-services.changelog-init.xml::add_network_parameters_storage::R3.Corda, databaseChangeLog=master.changelog.json}
?[m?[37m[INFO] 11:44:45,222 [Test worker] jvm.JdbcExecutor. - INSERT INTO PUBLIC.DATABASECHANGELOG (ID, AUTHOR, FILENAME, DATEEXECUTED, ORDEREXECUTED, MD5SUM, DESCRIPTION, COMMENTS, EXECTYPE, CONTEXTS, LABELS, LIQUIBASE, DEPLOYMENT_ID) VALUES ('add_network_parameters_storage', 'R3.Corda', 'migration/node-services.changelog-init.xml', NOW(), 82, '8:b448755ba392674254c59e2b9489140f', 'createTable tableName=node_network_parameters', '', 'EXECUTED', NULL, NULL, '3.6.3', '2067485144') {changeSet=migration/node-services.changelog-init.xml::add_network_parameters_storage::R3.Corda, databaseChangeLog=master.changelog.json}
?[m?[37m[INFO] 11:44:45,223 [Test worker] jvm.JdbcExecutor. - ALTER TABLE PUBLIC.node_network_parameters ADD CONSTRAINT node_network_parameters_pkey PRIMARY KEY (hash) {changeSet=migration/node-services.changelog-init.xml::network_parameters_pk::R3.Corda, databaseChangeLog=master.changelog.json}
?[m?[37m[INFO] 11:44:45,223 [Test worker] changelog.ChangeSet. - Primary key added to node_network_parameters (hash) {changeSet=migration/node-services.changelog-init.xml::network_parameters_pk::R3.Corda, databaseChangeLog=master.changelog.json}
?[m?[37m[INFO] 11:44:45,223 [Test worker] changelog.ChangeSet. - ChangeSet migration/node-services.changelog-init.xml::network_parameters_pk::R3.Corda ran successfully in 0ms {changeSet=migration/node-services.changelog-init.xml::network_parameters_pk::R3.Corda, databaseChangeLog=master.changelog.json}
?[m?[37m[INFO] 11:44:45,224 [Test worker] jvm.JdbcExecutor. - INSERT INTO PUBLIC.DATABASECHANGELOG (ID, AUTHOR, FILENAME, DATEEXECUTED, ORDEREXECUTED, MD5SUM, DESCRIPTION, COMMENTS, EXECTYPE, CONTEXTS, LABELS, LIQUIBASE, DEPLOYMENT_ID) VALUES ('network_parameters_pk', 'R3.Corda', 'migration/node-services.changelog-init.xml', NOW(), 83, '8:fc0358b8cab487b52558cd68d6feaf9e', 'addPrimaryKey constraintName=node_network_parameters_pkey, tableName=node_network_parameters', '', 'EXECUTED', NULL, NULL, '3.6.3', '2067485144') {changeSet=migration/node-services.changelog-init.xml::network_parameters_pk::R3.Corda, databaseChangeLog=master.changelog.json}
?[m?[37m[INFO] 11:44:45,224 [Test worker] jvm.JdbcExecutor. - ALTER TABLE PUBLIC.node_attachments ADD version INT {changeSet=migration/node-services.changelog-init.xml::add_version_column::R3.Corda, databaseChangeLog=master.changelog.json}
?[m?[37m[INFO] 11:44:45,226 [Test worker] changelog.ChangeSet. - Columns version(INT) added to node_attachments {changeSet=migration/node-services.changelog-init.xml::add_version_column::R3.Corda, databaseChangeLog=master.changelog.json}
?[m?[37m[INFO] 11:44:45,226 [Test worker] jvm.JdbcExecutor. - update node_attachments set version = 1 {changeSet=migration/node-services.changelog-init.xml::add_version_column::R3.Corda, databaseChangeLog=master.changelog.json}
?[m?[37m[INFO] 11:44:45,226 [Test worker] changelog.ChangeSet. - Custom SQL executed {changeSet=migration/node-services.changelog-init.xml::add_version_column::R3.Corda, databaseChangeLog=master.changelog.json}
?[m?[37m[INFO] 11:44:45,227 [Test worker] jvm.JdbcExecutor. - ALTER TABLE PUBLIC.node_attachments ALTER COLUMN version SET NOT NULL {changeSet=migration/node-services.changelog-init.xml::add_version_column::R3.Corda, databaseChangeLog=master.changelog.json}
?[m?[37m[INFO] 11:44:45,227 [Test worker] changelog.ChangeSet. - NOT NULL constraint has been added to node_attachments.version {changeSet=migration/node-services.changelog-init.xml::add_version_column::R3.Corda, databaseChangeLog=master.changelog.json}
?[m?[37m[INFO] 11:44:45,227 [Test worker] changelog.ChangeSet. - ChangeSet migration/node-services.changelog-init.xml::add_version_column::R3.Corda ran successfully in 3ms {changeSet=migration/node-services.changelog-init.xml::add_version_column::R3.Corda, databaseChangeLog=master.changelog.json}
?[m?[37m[INFO] 11:44:45,228 [Test worker] jvm.JdbcExecutor. - INSERT INTO PUBLIC.DATABASECHANGELOG (ID, AUTHOR, FILENAME, DATEEXECUTED, ORDEREXECUTED, MD5SUM, DESCRIPTION, COMMENTS, EXECTYPE, CONTEXTS, LABELS, LIQUIBASE, DEPLOYMENT_ID) VALUES ('add_version_column', 'R3.Corda', 'migration/node-services.changelog-init.xml', NOW(), 84, '8:ab6a3101d1da88b0f174ccc06a62feef', 'addColumn tableName=node_attachments; sql; addNotNullConstraint columnName=version, tableName=node_attachments', '', 'EXECUTED', NULL, NULL, '3.6.3', '2067485144') {changeSet=migration/node-services.changelog-init.xml::add_version_column::R3.Corda, databaseChangeLog=master.changelog.json}
?[m?[37m[INFO] 11:44:45,228 [Test worker] persistence.AttachmentVersionNumberMigration. - Start executing... {changeSet=migration/node-services.changelog-init.xml::update-version-of-whitelisted-jars::R3.Corda, databaseChangeLog=master.changelog.json}
?[m?[37m[INFO] 11:44:45,229 [Test worker] persistence.AttachmentVersionNumberMigration. - Attachment version creation from whitelisted JARs using network parameters from build/mock-network/20201007-104441.993/nodes/4/network-parameters, whitelistedContractImplementations: {}. {changeSet=migration/node-services.changelog-init.xml::update-version-of-whitelisted-jars::R3.Corda, databaseChangeLog=master.changelog.json}
?[m?[37m[INFO] 11:44:45,229 [Test worker] persistence.AttachmentVersionNumberMigration. - Attachment version creation from whitelisted JARs skipped, no attachments not found. {changeSet=migration/node-services.changelog-init.xml::update-version-of-whitelisted-jars::R3.Corda, databaseChangeLog=master.changelog.json}
?[m?[37m[INFO] 11:44:45,229 [Test worker] changelog.ChangeSet. - null {changeSet=migration/node-services.changelog-init.xml::update-version-of-whitelisted-jars::R3.Corda, databaseChangeLog=master.changelog.json}
?[m?[37m[INFO] 11:44:45,229 [Test worker] changelog.ChangeSet. - ChangeSet migration/node-services.changelog-init.xml::update-version-of-whitelisted-jars::R3.Corda ran successfully in 1ms {changeSet=migration/node-services.changelog-init.xml::update-version-of-whitelisted-jars::R3.Corda, databaseChangeLog=master.changelog.json}
?[m?[37m[INFO] 11:44:45,230 [Test worker] jvm.JdbcExecutor. - INSERT INTO PUBLIC.DATABASECHANGELOG (ID, AUTHOR, FILENAME, DATEEXECUTED, ORDEREXECUTED, MD5SUM, DESCRIPTION, COMMENTS, EXECTYPE, CONTEXTS, LABELS, LIQUIBASE, DEPLOYMENT_ID) VALUES ('update-version-of-whitelisted-jars', 'R3.Corda', 'migration/node-services.changelog-init.xml', NOW(), 85, '8:1d4174a12a4902070f6bf2ba624b0e97', 'customChange', '', 'EXECUTED', NULL, NULL, '3.6.3', '2067485144') {changeSet=migration/node-services.changelog-init.xml::update-version-of-whitelisted-jars::R3.Corda, databaseChangeLog=master.changelog.json}
?[m?[37m[INFO] 11:44:45,230 [Test worker] jvm.JdbcExecutor. - CREATE TABLE PUBLIC.node_identities_no_cert (pk_hash NVARCHAR(130) NOT NULL, name NVARCHAR(128) NOT NULL) {changeSet=migration/node-services.changelog-init.xml::add-new-persistence-table::R3.Corda, databaseChangeLog=master.changelog.json}
?[m?[37m[INFO] 11:44:45,230 [Test worker] changelog.ChangeSet. - Table node_identities_no_cert created {changeSet=migration/node-services.changelog-init.xml::add-new-persistence-table::R3.Corda, databaseChangeLog=master.changelog.json}
?[m?[37m[INFO] 11:44:45,230 [Test worker] jvm.JdbcExecutor. - ALTER TABLE PUBLIC.node_identities_no_cert ADD CONSTRAINT node_identities_no_cert_pkey PRIMARY KEY (pk_hash) {changeSet=migration/node-services.changelog-init.xml::add-new-persistence-table::R3.Corda, databaseChangeLog=master.changelog.json}
?[m?[37m[INFO] 11:44:45,230 [Test worker] changelog.ChangeSet. - Primary key added to node_identities_no_cert (pk_hash) {changeSet=migration/node-services.changelog-init.xml::add-new-persistence-table::R3.Corda, databaseChangeLog=master.changelog.json}
?[m?[37m[INFO] 11:44:45,230 [Test worker] changelog.ChangeSet. - ChangeSet migration/node-services.changelog-init.xml::add-new-persistence-table::R3.Corda ran successfully in 0ms {changeSet=migration/node-services.changelog-init.xml::add-new-persistence-table::R3.Corda, databaseChangeLog=master.changelog.json}
?[m?[37m[INFO] 11:44:45,231 [Test worker] jvm.JdbcExecutor. - INSERT INTO PUBLIC.DATABASECHANGELOG (ID, AUTHOR, FILENAME, DATEEXECUTED, ORDEREXECUTED, MD5SUM, DESCRIPTION, COMMENTS, EXECTYPE, CONTEXTS, LABELS, LIQUIBASE, DEPLOYMENT_ID) VALUES ('add-new-persistence-table', 'R3.Corda', 'migration/node-services.changelog-init.xml', NOW(), 86, '8:cb3302a80bf346270e0d8f3509c64a9b', 'createTable tableName=node_identities_no_cert; addPrimaryKey constraintName=node_identities_no_cert_pkey, tableName=node_identities_no_cert', '', 'EXECUTED', NULL, NULL, '3.6.3', '2067485144') {changeSet=migration/node-services.changelog-init.xml::add-new-persistence-table::R3.Corda, databaseChangeLog=master.changelog.json}
?[m?[37m[INFO] 11:44:45,232 [Test worker] jvm.JdbcExecutor. - ALTER TABLE PUBLIC.pk_hash_to_ext_id_map DROP COLUMN id {changeSet=migration/node-services.changelog-init.xml::migrate_pk_hash_to_ext_id::R3.Corda, databaseChangeLog=master.changelog.json}
?[m?[37m[INFO] 11:44:45,232 [Test worker] changelog.ChangeSet. - Column pk_hash_to_ext_id_map.id dropped {changeSet=migration/node-services.changelog-init.xml::migrate_pk_hash_to_ext_id::R3.Corda, databaseChangeLog=master.changelog.json}
?[m?[37m[INFO] 11:44:45,232 [Test worker] jvm.JdbcExecutor. - DROP INDEX PUBLIC.pk_hash_to_xid_idx {changeSet=migration/node-services.changelog-init.xml::migrate_pk_hash_to_ext_id::R3.Corda, databaseChangeLog=master.changelog.json}
?[m?[37m[INFO] 11:44:45,232 [Test worker] changelog.ChangeSet. - Index pk_hash_to_xid_idx dropped from table pk_hash_to_ext_id_map {changeSet=migration/node-services.changelog-init.xml::migrate_pk_hash_to_ext_id::R3.Corda, databaseChangeLog=master.changelog.json}
?[m?[37m[INFO] 11:44:45,233 [Test worker] jvm.JdbcExecutor. - ALTER TABLE PUBLIC.pk_hash_to_ext_id_map ADD CONSTRAINT pubkey_hash_to_external_id_pk PRIMARY KEY (public_key_hash) {changeSet=migration/node-services.changelog-init.xml::migrate_pk_hash_to_ext_id::R3.Corda, databaseChangeLog=master.changelog.json}
?[m?[37m[INFO] 11:44:45,233 [Test worker] changelog.ChangeSet. - Primary key added to pk_hash_to_ext_id_map (public_key_hash) {changeSet=migration/node-services.changelog-init.xml::migrate_pk_hash_to_ext_id::R3.Corda, databaseChangeLog=master.changelog.json}
?[m?[37m[INFO] 11:44:45,233 [Test worker] jvm.JdbcExecutor. - CREATE INDEX PUBLIC.ext_id_idx ON PUBLIC.pk_hash_to_ext_id_map(external_id) {changeSet=migration/node-services.changelog-init.xml::migrate_pk_hash_to_ext_id::R3.Corda, databaseChangeLog=master.changelog.json}
?[m?[37m[INFO] 11:44:45,233 [Test worker] changelog.ChangeSet. - Index ext_id_idx created {changeSet=migration/node-services.changelog-init.xml::migrate_pk_hash_to_ext_id::R3.Corda, databaseChangeLog=master.changelog.json}
?[m?[37m[INFO] 11:44:45,233 [Test worker] changelog.ChangeSet. - ChangeSet migration/node-services.changelog-init.xml::migrate_pk_hash_to_ext_id::R3.Corda ran successfully in 2ms {changeSet=migration/node-services.changelog-init.xml::migrate_pk_hash_to_ext_id::R3.Corda, databaseChangeLog=master.changelog.json}
?[m?[37m[INFO] 11:44:45,234 [Test worker] jvm.JdbcExecutor. - INSERT INTO PUBLIC.DATABASECHANGELOG (ID, AUTHOR, FILENAME, DATEEXECUTED, ORDEREXECUTED, MD5SUM, DESCRIPTION, COMMENTS, EXECTYPE, CONTEXTS, LABELS, LIQUIBASE, DEPLOYMENT_ID) VALUES ('migrate_pk_hash_to_ext_id', 'R3.Corda', 'migration/node-services.changelog-init.xml', NOW(), 87, '8:daf9ba8b9522b5ed5e0c474f220a5ef9', 'dropColumn columnName=id, tableName=pk_hash_to_ext_id_map; dropIndex indexName=pk_hash_to_xid_idx, tableName=pk_hash_to_ext_id_map; addPrimaryKey constraintName=pubkey_hash_to_external_id_pk, tableName=pk_hash_to_ext_id_map; createIndex indexName=...', '', 'EXECUTED', NULL, NULL, '3.6.3', '2067485144') {changeSet=migration/node-services.changelog-init.xml::migrate_pk_hash_to_ext_id::R3.Corda, databaseChangeLog=master.changelog.json}
?[m?[37m[INFO] 11:44:45,235 [Test worker] changelog.ChangeSet. - null {changeSet=migration/node-services.changelog-init.xml::migrate_identity_service_to_use_publicKey.toShortString()::R3.Corda, databaseChangeLog=master.changelog.json}
?[m?[37m[INFO] 11:44:45,235 [Test worker] changelog.ChangeSet. - ChangeSet migration/node-services.changelog-init.xml::migrate_identity_service_to_use_publicKey.toShortString()::R3.Corda ran successfully in 1ms {changeSet=migration/node-services.changelog-init.xml::migrate_identity_service_to_use_publicKey.toShortString()::R3.Corda, databaseChangeLog=master.changelog.json}
?[m?[37m[INFO] 11:44:45,236 [Test worker] jvm.JdbcExecutor. - INSERT INTO PUBLIC.DATABASECHANGELOG (ID, AUTHOR, FILENAME, DATEEXECUTED, ORDEREXECUTED, MD5SUM, DESCRIPTION, COMMENTS, EXECTYPE, CONTEXTS, LABELS, LIQUIBASE, DEPLOYMENT_ID) VALUES ('migrate_identity_service_to_use_publicKey.toShortString()', 'R3.Corda', 'migration/node-services.changelog-init.xml', NOW(), 88, '8:51a17ecff2c7f17e1502992fdda4356d', 'customChange', '', 'EXECUTED', NULL, NULL, '3.6.3', '2067485144') {changeSet=migration/node-services.changelog-init.xml::migrate_identity_service_to_use_publicKey.toShortString()::R3.Corda, databaseChangeLog=master.changelog.json}
?[m?[37m[INFO] 11:44:45,236 [Test worker] jvm.JdbcExecutor. - ALTER TABLE PUBLIC.node_transactions ADD status NVARCHAR(1) DEFAULT 'V' NOT NULL {changeSet=migration/node-services.changelog-init.xml::add_status_column::R3.Corda, databaseChangeLog=master.changelog.json}
?[m?[37m[INFO] 11:44:45,237 [Test worker] changelog.ChangeSet. - Columns status(NVARCHAR(1)) added to node_transactions {changeSet=migration/node-services.changelog-init.xml::add_status_column::R3.Corda, databaseChangeLog=master.changelog.json}
?[m?[37m[INFO] 11:44:45,237 [Test worker] changelog.ChangeSet. - ChangeSet migration/node-services.changelog-init.xml::add_status_column::R3.Corda ran successfully in 1ms {changeSet=migration/node-services.changelog-init.xml::add_status_column::R3.Corda, databaseChangeLog=master.changelog.json}
?[m?[37m[INFO] 11:44:45,237 [Test worker] jvm.JdbcExecutor. - INSERT INTO PUBLIC.DATABASECHANGELOG (ID, AUTHOR, FILENAME, DATEEXECUTED, ORDEREXECUTED, MD5SUM, DESCRIPTION, COMMENTS, EXECTYPE, CONTEXTS, LABELS, LIQUIBASE, DEPLOYMENT_ID) VALUES ('add_status_column', 'R3.Corda', 'migration/node-services.changelog-init.xml', NOW(), 89, '8:163dc66ab97910470ce080cd4c4d33ef', 'addColumn tableName=node_transactions', '', 'EXECUTED', NULL, NULL, '3.6.3', '2067485144') {changeSet=migration/node-services.changelog-init.xml::add_status_column::R3.Corda, databaseChangeLog=master.changelog.json}
?[m?[37m[INFO] 11:44:45,237 [Test worker] jvm.JdbcExecutor. - CREATE TABLE PUBLIC.node_hash_to_key (pk_hash NVARCHAR(130) NOT NULL, public_key BLOB NOT NULL) {changeSet=migration/node-services.changelog-init.xml::add-new-pk-hash-to-pk-table::R3.Corda, databaseChangeLog=master.changelog.json}
?[m?[37m[INFO] 11:44:45,237 [Test worker] changelog.ChangeSet. - Table node_hash_to_key created {changeSet=migration/node-services.changelog-init.xml::add-new-pk-hash-to-pk-table::R3.Corda, databaseChangeLog=master.changelog.json}
?[m?[37m[INFO] 11:44:45,237 [Test worker] jvm.JdbcExecutor. - ALTER TABLE PUBLIC.node_hash_to_key ADD CONSTRAINT node_hash_to_key_pk_hash PRIMARY KEY (pk_hash) {changeSet=migration/node-services.changelog-init.xml::add-new-pk-hash-to-pk-table::R3.Corda, databaseChangeLog=master.changelog.json}
?[m?[37m[INFO] 11:44:45,237 [Test worker] changelog.ChangeSet. - Primary key added to node_hash_to_key (pk_hash) {changeSet=migration/node-services.changelog-init.xml::add-new-pk-hash-to-pk-table::R3.Corda, databaseChangeLog=master.changelog.json}
?[m?[37m[INFO] 11:44:45,237 [Test worker] changelog.ChangeSet. - ChangeSet migration/node-services.changelog-init.xml::add-new-pk-hash-to-pk-table::R3.Corda ran successfully in 0ms {changeSet=migration/node-services.changelog-init.xml::add-new-pk-hash-to-pk-table::R3.Corda, databaseChangeLog=master.changelog.json}
?[m?[37m[INFO] 11:44:45,238 [Test worker] jvm.JdbcExecutor. - INSERT INTO PUBLIC.DATABASECHANGELOG (ID, AUTHOR, FILENAME, DATEEXECUTED, ORDEREXECUTED, MD5SUM, DESCRIPTION, COMMENTS, EXECTYPE, CONTEXTS, LABELS, LIQUIBASE, DEPLOYMENT_ID) VALUES ('add-new-pk-hash-to-pk-table', 'R3.Corda', 'migration/node-services.changelog-init.xml', NOW(), 90, '8:90ed8145a19f497b5c95a5c9542917f0', 'createTable tableName=node_hash_to_key; addPrimaryKey constraintName=node_hash_to_key_pk_hash, tableName=node_hash_to_key', '', 'EXECUTED', NULL, NULL, '3.6.3', '2067485144') {changeSet=migration/node-services.changelog-init.xml::add-new-pk-hash-to-pk-table::R3.Corda, databaseChangeLog=master.changelog.json}
?[m?[37m[INFO] 11:44:45,238 [Test worker] jvm.JdbcExecutor. - ALTER TABLE PUBLIC.node_transactions ADD timestamp TIMESTAMP DEFAULT '2000-01-01 12:00:00' NOT NULL {changeSet=migration/node-services.changelog-init.xml::add_timestamp_column_to_node_transactions::R3.Corda, databaseChangeLog=master.changelog.json}
?[m?[37m[INFO] 11:44:45,239 [Test worker] changelog.ChangeSet. - Columns timestamp(TIMESTAMP) added to node_transactions {changeSet=migration/node-services.changelog-init.xml::add_timestamp_column_to_node_transactions::R3.Corda, databaseChangeLog=master.changelog.json}
?[m?[37m[INFO] 11:44:45,239 [Test worker] changelog.ChangeSet. - ChangeSet migration/node-services.changelog-init.xml::add_timestamp_column_to_node_transactions::R3.Corda ran successfully in 1ms {changeSet=migration/node-services.changelog-init.xml::add_timestamp_column_to_node_transactions::R3.Corda, databaseChangeLog=master.changelog.json}
?[m?[37m[INFO] 11:44:45,240 [Test worker] jvm.JdbcExecutor. - INSERT INTO PUBLIC.DATABASECHANGELOG (ID, AUTHOR, FILENAME, DATEEXECUTED, ORDEREXECUTED, MD5SUM, DESCRIPTION, COMMENTS, EXECTYPE, CONTEXTS, LABELS, LIQUIBASE, DEPLOYMENT_ID) VALUES ('add_timestamp_column_to_node_transactions', 'R3.Corda', 'migration/node-services.changelog-init.xml', NOW(), 91, '8:bc308c6c38c83b58a03f11f0943a944f', 'addColumn tableName=node_transactions', '', 'EXECUTED', NULL, NULL, '3.6.3', '2067485144') {changeSet=migration/node-services.changelog-init.xml::add_timestamp_column_to_node_transactions::R3.Corda, databaseChangeLog=master.changelog.json}
?[m?[37m[INFO] 11:44:45,241 [Test worker] migration.VaultStateMigration. - Migrating vault state data to V4 tables {changeSet=migration/vault-schema.changelog-v9.xml::update-vault-states::R3.Corda, databaseChangeLog=master.changelog.json}
?[m?[37m[INFO] 11:44:45,244 [Test worker] persistence.HibernateConfiguration. - Init HibernateConfiguration for schemas: [VaultMigrationSchemaV1(name=net.corda.node.migration.VaultMigrationSchema, version=1), VaultSchemaV1(name=net.corda.node.services.vault.VaultSchema, version=1)] {changeSet=migration/vault-schema.changelog-v9.xml::update-vault-states::R3.Corda, databaseChangeLog=master.changelog.json}
?[m?[37m[INFO] 11:44:45,244 [Test worker] factory.BaseSessionFactoryFactory. - Creating session factory for schemas: [VaultMigrationSchemaV1(name=net.corda.node.migration.VaultMigrationSchema, version=1), VaultSchemaV1(name=net.corda.node.services.vault.VaultSchema, version=1)] {changeSet=migration/vault-schema.changelog-v9.xml::update-vault-states::R3.Corda, databaseChangeLog=master.changelog.json}
?[m?[37m[INFO] 11:44:45,248 [Test worker] internal.ConnectionProviderInitiator. - HHH000130: Instantiating explicit connection provider: net.corda.nodeapi.internal.persistence.HibernateConfiguration$NodeDatabaseConnectionProvider {changeSet=migration/vault-schema.changelog-v9.xml::update-vault-states::R3.Corda, databaseChangeLog=master.changelog.json}
?[m?[37m[INFO] 11:44:45,248 [Test worker] dialect.Dialect. - HHH000400: Using dialect: org.hibernate.dialect.H2Dialect {changeSet=migration/vault-schema.changelog-v9.xml::update-vault-states::R3.Corda, databaseChangeLog=master.changelog.json}
?[m?[37m[INFO] 11:44:45,286 [Test worker] connections.access. - HHH10001501: Connection obtained from JdbcConnectionAccess [org.hibernate.engine.jdbc.env.internal.JdbcEnvironmentInitiator$ConnectionProviderJdbcConnectionAccess@7795e2d5] for (non-JTA) DDL execution was not in auto-commit mode; the Connection 'local transaction' will be committed and the Connection will be set into auto-commit mode. {changeSet=migration/vault-schema.changelog-v9.xml::update-vault-states::R3.Corda, databaseChangeLog=master.changelog.json}
?[m?[37m[INFO] 11:44:45,312 [Test worker] internal.JtaPlatformInitiator. - HHH000490: Using JtaPlatform implementation: [org.hibernate.engine.transaction.jta.platform.internal.NoJtaPlatform] {changeSet=migration/vault-schema.changelog-v9.xml::update-vault-states::R3.Corda, databaseChangeLog=master.changelog.json}
?[m?[37m[INFO] 11:44:45,312 [Test worker] factory.BaseSessionFactoryFactory. - Created session factory for schemas: [VaultMigrationSchemaV1(name=net.corda.node.migration.VaultMigrationSchema, version=1), VaultSchemaV1(name=net.corda.node.services.vault.VaultSchema, version=1)] {changeSet=migration/vault-schema.changelog-v9.xml::update-vault-states::R3.Corda, databaseChangeLog=master.changelog.json}
?[m?[37m[INFO] 11:44:45,314 [Test worker] migration.VaultStateMigration. - Finished performing vault state data migration for 0 states {changeSet=migration/vault-schema.changelog-v9.xml::update-vault-states::R3.Corda, databaseChangeLog=master.changelog.json}
?[m?[37m[INFO] 11:44:45,314 [Test worker] changelog.ChangeSet. - null {changeSet=migration/vault-schema.changelog-v9.xml::update-vault-states::R3.Corda, databaseChangeLog=master.changelog.json}
?[m?[37m[INFO] 11:44:45,314 [Test worker] changelog.ChangeSet. - ChangeSet migration/vault-schema.changelog-v9.xml::update-vault-states::R3.Corda ran successfully in 74ms {changeSet=migration/vault-schema.changelog-v9.xml::update-vault-states::R3.Corda, databaseChangeLog=master.changelog.json}
?[m?[37m[INFO] 11:44:45,314 [Test worker] jvm.JdbcExecutor. - INSERT INTO PUBLIC.DATABASECHANGELOG (ID, AUTHOR, FILENAME, DATEEXECUTED, ORDEREXECUTED, MD5SUM, DESCRIPTION, COMMENTS, EXECTYPE, CONTEXTS, LABELS, LIQUIBASE, DEPLOYMENT_ID) VALUES ('update-vault-states', 'R3.Corda', 'migration/vault-schema.changelog-v9.xml', NOW(), 92, '8:f8f4c73846280164daf6855e1ecf3cc6', 'customChange', '', 'EXECUTED', NULL, NULL, '3.6.3', '2067485144') {changeSet=migration/vault-schema.changelog-v9.xml::update-vault-states::R3.Corda, databaseChangeLog=master.changelog.json}
?[m?[37m[INFO] 11:44:45,315 [Test worker] migration.PersistentIdentityMigrationNewTable. - Migrating persistent identities with certificates table into persistent table with no certificate data. {changeSet=migration/node-services.changelog-init.xml::transfer-to-new-persistence-table::R3.Corda, databaseChangeLog=master.changelog.json}
?[m?[37m[INFO] 11:44:45,316 [Test worker] persistence.HibernateConfiguration. - Init HibernateConfiguration for schemas: [MappedSchema(name=net.corda.node.migration.PersistentIdentitiesMigrationSchema, version=1)] {changeSet=migration/node-services.changelog-init.xml::transfer-to-new-persistence-table::R3.Corda, databaseChangeLog=master.changelog.json}
?[m?[37m[INFO] 11:44:45,316 [Test worker] factory.BaseSessionFactoryFactory. - Creating session factory for schemas: [MappedSchema(name=net.corda.node.migration.PersistentIdentitiesMigrationSchema, version=1)] {changeSet=migration/node-services.changelog-init.xml::transfer-to-new-persistence-table::R3.Corda, databaseChangeLog=master.changelog.json}
?[m?[37m[INFO] 11:44:45,319 [Test worker] internal.ConnectionProviderInitiator. - HHH000130: Instantiating explicit connection provider: net.corda.nodeapi.internal.persistence.HibernateConfiguration$NodeDatabaseConnectionProvider {changeSet=migration/node-services.changelog-init.xml::transfer-to-new-persistence-table::R3.Corda, databaseChangeLog=master.changelog.json}
?[m?[37m[INFO] 11:44:45,319 [Test worker] dialect.Dialect. - HHH000400: Using dialect: org.hibernate.dialect.H2Dialect {changeSet=migration/node-services.changelog-init.xml::transfer-to-new-persistence-table::R3.Corda, databaseChangeLog=master.changelog.json}
?[m?[37m[INFO] 11:44:45,329 [Test worker] connections.access. - HHH10001501: Connection obtained from JdbcConnectionAccess [org.hibernate.engine.jdbc.env.internal.JdbcEnvironmentInitiator$ConnectionProviderJdbcConnectionAccess@1dfb0a9c] for (non-JTA) DDL execution was not in auto-commit mode; the Connection 'local transaction' will be committed and the Connection will be set into auto-commit mode. {changeSet=migration/node-services.changelog-init.xml::transfer-to-new-persistence-table::R3.Corda, databaseChangeLog=master.changelog.json}
?[m?[37m[INFO] 11:44:45,341 [Test worker] internal.JtaPlatformInitiator. - HHH000490: Using JtaPlatform implementation: [org.hibernate.engine.transaction.jta.platform.internal.NoJtaPlatform] {changeSet=migration/node-services.changelog-init.xml::transfer-to-new-persistence-table::R3.Corda, databaseChangeLog=master.changelog.json}
?[m?[37m[INFO] 11:44:45,341 [Test worker] factory.BaseSessionFactoryFactory. - Created session factory for schemas: [MappedSchema(name=net.corda.node.migration.PersistentIdentitiesMigrationSchema, version=1)] {changeSet=migration/node-services.changelog-init.xml::transfer-to-new-persistence-table::R3.Corda, databaseChangeLog=master.changelog.json}
?[m?[37m[INFO] 11:44:45,342 [Test worker] changelog.ChangeSet. - null {changeSet=migration/node-services.changelog-init.xml::transfer-to-new-persistence-table::R3.Corda, databaseChangeLog=master.changelog.json}
?[m?[37m[INFO] 11:44:45,342 [Test worker] changelog.ChangeSet. - ChangeSet migration/node-services.changelog-init.xml::transfer-to-new-persistence-table::R3.Corda ran successfully in 27ms {changeSet=migration/node-services.changelog-init.xml::transfer-to-new-persistence-table::R3.Corda, databaseChangeLog=master.changelog.json}
?[m?[37m[INFO] 11:44:45,343 [Test worker] jvm.JdbcExecutor. - INSERT INTO PUBLIC.DATABASECHANGELOG (ID, AUTHOR, FILENAME, DATEEXECUTED, ORDEREXECUTED, MD5SUM, DESCRIPTION, COMMENTS, EXECTYPE, CONTEXTS, LABELS, LIQUIBASE, DEPLOYMENT_ID) VALUES ('transfer-to-new-persistence-table', 'R3.Corda', 'migration/node-services.changelog-init.xml', NOW(), 93, '8:dc5c1913b593f4a2b95ddca810da11ba', 'customChange', '', 'EXECUTED', NULL, NULL, '3.6.3', '2067485144') {changeSet=migration/node-services.changelog-init.xml::transfer-to-new-persistence-table::R3.Corda, databaseChangeLog=master.changelog.json}
?[m?[37m[INFO] 11:44:45,343 [Test worker] lockservice.StandardLockService. - Successfully released change log lock
?[m?[37m[INFO] 11:44:45,343 [Test worker] internal.InternalMockNetwork$MockNode. - Connected to H2 database.
?[m?[37m[INFO] 11:44:45,344 [Test worker] persistence.HibernateConfiguration. - Init HibernateConfiguration for schemas: [CommonSchemaV1(name=net.corda.core.schemas.CommonSchema, version=1), VaultSchemaV1(name=net.corda.node.services.vault.VaultSchema, version=1), NodeInfoSchemaV1(name=net.corda.node.internal.schemas.NodeInfoSchema, version=1), NodeCoreV1(name=net.corda.node.services.schema.NodeSchemaService$NodeCore, version=1), AccountsContractsSchemaV1(name=com.r3.corda.lib.accounts.contracts.internal.schemas.AccountsContractsSchema, version=1), AccountsWorkflowsSchemaV1(name=com.r3.corda.lib.accounts.workflows.internal.schemas.AccountsWorkflowsSchema, version=1), FungibleTokenSchemaV1(name=com.r3.corda.lib.tokens.contracts.internal.schemas.FungibleTokenSchema, version=1), NonFungibleTokenSchemaV1(name=com.r3.corda.lib.tokens.contracts.internal.schemas.NonFungibleTokenSchema, version=1), TokenSchemaV1(name=com.r3.corda.lib.tokens.contracts.schemas.TokenSchema, version=1), DistributionRecordSchemaV1(name=com.r3.corda.lib.tokens.workflows.internal.schemas.DistributionRecordSchema, version=1)]
?[m?[37m[INFO] 11:44:45,344 [Test worker] factory.BaseSessionFactoryFactory. - Creating session factory for schemas: [CommonSchemaV1(name=net.corda.core.schemas.CommonSchema, version=1), VaultSchemaV1(name=net.corda.node.services.vault.VaultSchema, version=1), NodeInfoSchemaV1(name=net.corda.node.internal.schemas.NodeInfoSchema, version=1), NodeCoreV1(name=net.corda.node.services.schema.NodeSchemaService$NodeCore, version=1), AccountsContractsSchemaV1(name=com.r3.corda.lib.accounts.contracts.internal.schemas.AccountsContractsSchema, version=1), AccountsWorkflowsSchemaV1(name=com.r3.corda.lib.accounts.workflows.internal.schemas.AccountsWorkflowsSchema, version=1), FungibleTokenSchemaV1(name=com.r3.corda.lib.tokens.contracts.internal.schemas.FungibleTokenSchema, version=1), NonFungibleTokenSchemaV1(name=com.r3.corda.lib.tokens.contracts.internal.schemas.NonFungibleTokenSchema, version=1), TokenSchemaV1(name=com.r3.corda.lib.tokens.contracts.schemas.TokenSchema, version=1), DistributionRecordSchemaV1(name=com.r3.corda.lib.tokens.workflows.internal.schemas.DistributionRecordSchema, version=1)]
?[m?[37m[INFO] 11:44:45,347 [Test worker] internal.ConnectionProviderInitiator. - HHH000130: Instantiating explicit connection provider: net.corda.nodeapi.internal.persistence.HibernateConfiguration$NodeDatabaseConnectionProvider
?[m?[37m[INFO] 11:44:45,347 [Test worker] dialect.Dialect. - HHH000400: Using dialect: org.hibernate.dialect.H2Dialect
?[m?[37m[INFO] 11:44:45,374 [Test worker] connections.access. - HHH10001501: Connection obtained from JdbcConnectionAccess [org.hibernate.engine.jdbc.env.internal.JdbcEnvironmentInitiator$ConnectionProviderJdbcConnectionAccess@3636a2f5] for (non-JTA) DDL execution was not in auto-commit mode; the Connection 'local transaction' will be committed and the Connection will be set into auto-commit mode.
?[m?[37m[INFO] 11:44:45,395 [Test worker] internal.JtaPlatformInitiator. - HHH000490: Using JtaPlatform implementation: [org.hibernate.engine.transaction.jta.platform.internal.NoJtaPlatform]
?[m?[37m[INFO] 11:44:45,395 [Test worker] factory.BaseSessionFactoryFactory. - Created session factory for schemas: [CommonSchemaV1(name=net.corda.core.schemas.CommonSchema, version=1), VaultSchemaV1(name=net.corda.node.services.vault.VaultSchema, version=1), NodeInfoSchemaV1(name=net.corda.node.internal.schemas.NodeInfoSchema, version=1), NodeCoreV1(name=net.corda.node.services.schema.NodeSchemaService$NodeCore, version=1), AccountsContractsSchemaV1(name=com.r3.corda.lib.accounts.contracts.internal.schemas.AccountsContractsSchema, version=1), AccountsWorkflowsSchemaV1(name=com.r3.corda.lib.accounts.workflows.internal.schemas.AccountsWorkflowsSchema, version=1), FungibleTokenSchemaV1(name=com.r3.corda.lib.tokens.contracts.internal.schemas.FungibleTokenSchema, version=1), NonFungibleTokenSchemaV1(name=com.r3.corda.lib.tokens.contracts.internal.schemas.NonFungibleTokenSchema, version=1), TokenSchemaV1(name=com.r3.corda.lib.tokens.contracts.schemas.TokenSchema, version=1), DistributionRecordSchemaV1(name=com.r3.corda.lib.tokens.workflows.internal.schemas.DistributionRecordSchema, version=1)]
?[m?[37m[INFO] 11:44:45,395 [Test worker] internal.InternalMockNetwork$MockNode. - identity-private-key not found in key store, generating fresh key!
?[m?[37m[INFO] 11:44:45,407 [Test worker] internal.InternalMockNetwork$MockNode. - Node-info has changed so submitting update. Old node-info was null
?[m?[37m[INFO] 11:44:45,407 [Test worker] network.PersistentNetworkMapCache. - Adding node with info: NodeInfo(addresses=[mock.node:1000], legalIdentitiesAndCerts=[O=CHARLIE, L=London, C=GB], platformVersion=7, serial=1602067485407)
?[m?[37m[INFO] 11:44:45,408 [Test worker] network.PersistentNetworkMapCache. - No previous node found for O=CHARLIE, L=London, C=GB
?[m?[37m[INFO] 11:44:45,412 [Test worker] internal.InternalMockNetwork$MockNode. - New node-info: NodeInfo(addresses=[mock.node:1000], legalIdentitiesAndCerts=[O=CHARLIE, L=London, C=GB], platformVersion=7, serial=1602067485407)
?[m?[37m[INFO] 11:44:45,414 [Test worker] network.NetworkMapUpdater. - Auto-accept enabled for network parameter changes which modify only: [epoch, modifiedTime, packageOwnership, whitelistedContractImplementations]
?[m?[37m[INFO] 11:44:45,414 [Test worker] internal.MockNodeMessagingService. - Status change to true
?[m?[37m[INFO] 11:44:45,414 [Test worker] internal.InternalMockNetwork$MockNode. - MessagingService active change to: true
?[m?[37m[INFO] 11:44:45,415 [MockNode-55-2] network.PersistentNetworkMapCache. - Adding node with info: NodeInfo(addresses=[mock.node:1000], legalIdentitiesAndCerts=[O=CHARLIE, L=London, C=GB], platformVersion=7, serial=1602067485407)
?[m?[37m[INFO] 11:44:45,416 [MockNode-55-2] network.PersistentNetworkMapCache. - Previous node was identical to incoming one - doing nothing
?[m?[37m[INFO] 11:44:45,427 [Test worker] ClassloaderUtils. - Contracts loading for '/var/folders/25/rhm4m5t16xjclwm998ppz_b40000gp/T/attachment4654987796615027098.jar' took 2 msec
?[m?[37m[INFO] 11:44:45,433 [Test worker] persistence.NodeAttachmentService. - Stored new attachment: id=D370FD972C7E07CE73F4F9B7886D226807F6B16C4EE287398B9C69384109DC14 uploader=app filename=Accounts SDK - States and Contracts
?[m?[37m[INFO] 11:44:45,436 [Test worker] ClassloaderUtils. - Contracts loading for '/var/folders/25/rhm4m5t16xjclwm998ppz_b40000gp/T/attachment7128701322492283758.jar' took 2 msec
?[m?[37m[INFO] 11:44:45,448 [Test worker] persistence.NodeAttachmentService. - Stored new attachment: id=A836B59D71384FC77EEE038AD03646FE8D1634D6C63B09FF03D29AA107D55B81 uploader=app filename=re-issuance - contracts
?[m?[37m[INFO] 11:44:45,452 [Test worker] ClassloaderUtils. - Contracts loading for '/var/folders/25/rhm4m5t16xjclwm998ppz_b40000gp/T/attachment2131704512622149145.jar' took 2 msec
?[m?[37m[INFO] 11:44:45,464 [Test worker] persistence.NodeAttachmentService. - Stored new attachment: id=34705DC9A2C8599998BBDBA7C3D13609AF04D8B3A772F7134D685ECC926D8320 uploader=app filename=Token SDK Contracts
?[m?[37m[INFO] 11:44:45,465 [Test worker] internal.InternalMockNetwork$MockNode. - Installed com.r3.corda.lib.accounts.workflows.services.KeyManagementBackedAccountService Corda service
?[m?[37m[INFO] 11:44:45,465 [Test worker] internal.InternalMockNetwork$MockNode. - Installed com.r3.corda.lib.tokens.selection.memory.services.VaultMigratorService Corda service
?[m?[37m[INFO] 11:44:45,466 [Test worker] cordapp.CordappConfigFileProvider. - Found config for cordapp tokens-workflows-1.2 in build/mock-network/20201007-104441.993/nodes/4/cordapps/config/tokens-workflows-1.2.conf
?[m?[31m[WARN] 11:44:45,466 [Test worker] inMemoryConfigSelectionLogger. - Did not detect a configuration for InMemory selection - enabling memory usage for token indexing. Please set stateSelection.inMemory.enabled to "false" to disable this
?[m?[31m[WARN] 11:44:45,466 [Test worker] inMemoryConfigSelectionLogger. - No indexing method specified. Indexes will be created at run-time for each invocation of selectTokens
?[m?[37m[INFO] 11:44:45,466 [Test worker] inMemoryConfigSelectionLogger. - Found in memory token selection configuration with values indexing strategy: [], cacheSize: 1024
?[m?[31m[WARN] 11:44:45,466 [Test worker] vault.NodeVaultService. - trackBy is called with an already existing, open DB transaction. As a result, there might be states missing from both the snapshot and observable, included in the returned data feed, because of race conditions.
?[m?[31m[WARN] 11:44:45,468 [Test worker] inMemoryConfigSelectionLogger. - Did not detect a configuration for InMemory selection - enabling memory usage for token indexing. Please set stateSelection.inMemory.enabled to "false" to disable this
?[m?[31m[WARN] 11:44:45,468 [Test worker] inMemoryConfigSelectionLogger. - No indexing method specified. Indexes will be created at run-time for each invocation of selectTokens
?[m?[37m[INFO] 11:44:45,468 [Test worker] inMemoryConfigSelectionLogger. - Found in memory token selection configuration with values indexing strategy: [], cacheSize: 1024
?[m?[37m[INFO] 11:44:45,468 [Test worker] services.VaultWatcherService. - Starting async token loading from vault
?[m?[37m[INFO] 11:44:45,468 [Test worker] internal.InternalMockNetwork$MockNode. - Installed com.r3.corda.lib.tokens.selection.memory.services.VaultWatcherService Corda service
?[m?[37m[INFO] 11:44:45,468 [Test worker] internal.InternalMockNetwork$MockNode. - Installed com.r3.dr.ledgergraph.attachment.AttachmentReaderService Corda service
?[m?[37m[INFO] 11:44:45,468 [Test worker] internal.InternalMockNetwork$MockNode. - Installed com.r3.dr.ledgergraph.networkparameters.NetworkParametersReaderService Corda service
?[m?[37m[INFO] 11:44:45,468 [Test worker] internal.InternalMockNetwork$MockNode. - Installed com.r3.dr.ledgergraph.services.ConfigurationService Corda service
?[m?[37m[INFO] 11:44:45,468 [Test worker] internal.InternalMockNetwork$MockNode. - Installed com.r3.dr.ledgergraph.services.LedgerGraphJMXService Corda service
?[m?[37m[INFO] 11:44:45,484 [Test worker] internal.InternalMockNetwork$MockNode. - Installed com.r3.dr.ledgergraph.services.LedgerGraphService Corda service
?[m?[37m[INFO] 11:44:45,484 [Test worker] internal.InternalMockNetwork$MockNode. - Installed com.r3.dr.ledgergraph.transaction.TransactionReaderService Corda service
?[m?[37m[INFO] 11:44:45,485 [pool-10-thread-1] services.VaultWatcherService. - publishing 0 to async state loading callback
?[m?[37m[INFO] 11:44:45,485 [pool-10-thread-1] services.VaultWatcherService. - received token vault update with 0 consumed states and: 0 produced states
?[m?[37m[INFO] 11:44:45,485 [pool-10-thread-1] services.VaultWatcherService. - finished token loading
?[m?[37m[INFO] 11:44:45,486 [Test worker] statemachine.SingleThreadedStateMachineManager. - Node ready, info: NodeInfo(addresses=[mock.node:1000], legalIdentitiesAndCerts=[O=CHARLIE, L=London, C=GB], platformVersion=7, serial=1602067485407)
?[m?[37m[INFO] 11:44:45,487 [Test worker] network.PersistentNetworkMapCache. - Adding node with info: NodeInfo(addresses=[mock.node:1000], legalIdentitiesAndCerts=[O=Notary Service, L=Zurich, C=CH], platformVersion=7, serial=1602067482713)
?[m?[37m[INFO] 11:44:45,487 [Test worker] network.PersistentNetworkMapCache. - No previous node found for O=Notary Service, L=Zurich, C=CH
?[m?[37m[INFO] 11:44:45,489 [Thread-262] cordapp.CordappConfigFileProvider. - Found config for cordapp ledger-graph-1.2-SNAPSHOT in build/mock-network/20201007-104441.993/nodes/4/cordapps/config/ledger-graph-1.2-SNAPSHOT.conf
?[m?[37m[INFO] 11:44:45,489 [Thread-262] services.LedgerGraphService. - Configured transaction iterator page size: 100.
?[m?[37m[INFO] 11:44:45,489 [Thread-262] services.LedgerGraphService. - Configured transaction iterator pool size: 10.
?[m?[37m[INFO] 11:44:45,489 [Thread-262] services.LedgerGraphService. - Getting database transaction count...
?[m?[37m[INFO] 11:44:45,489 [Test worker] network.PersistentNetworkMapCache. - Adding node with info: NodeInfo(addresses=[mock.node:1000], legalIdentitiesAndCerts=[O=CHARLIE, L=London, C=GB], platformVersion=7, serial=1602067485407)
?[m?[37m[INFO] 11:44:45,489 [Test worker] network.PersistentNetworkMapCache. - No previous node found for O=CHARLIE, L=London, C=GB
?[m?[37m[INFO] 11:44:45,490 [Thread-262] services.LedgerGraphService. - Loading 0 transactions from database...
?[m?[37m[INFO] 11:44:45,491 [Thread-262] services.LedgerGraphService. - Done loading transactions from database after 0s.
?[m?[37m[INFO] 11:44:45,491 [Thread-262] services.LedgerGraphService. - The LedgerGraph service has now successfully been initialized.
?[m?[37m[INFO] 11:44:45,492 [Test worker] network.PersistentNetworkMapCache. - Adding node with info: NodeInfo(addresses=[mock.node:1000], legalIdentitiesAndCerts=[O=ISSUER, L=London, C=GB], platformVersion=7, serial=1602067483504)
?[m?[37m[INFO] 11:44:45,492 [Test worker] network.PersistentNetworkMapCache. - No previous node found for O=ISSUER, L=London, C=GB
?[m?[37m[INFO] 11:44:45,494 [Test worker] network.PersistentNetworkMapCache. - Adding node with info: NodeInfo(addresses=[mock.node:1000], legalIdentitiesAndCerts=[O=CHARLIE, L=London, C=GB], platformVersion=7, serial=1602067485407)
?[m?[37m[INFO] 11:44:45,494 [Test worker] network.PersistentNetworkMapCache. - No previous node found for O=CHARLIE, L=London, C=GB
?[m?[37m[INFO] 11:44:45,496 [Test worker] network.PersistentNetworkMapCache. - Adding node with info: NodeInfo(addresses=[mock.node:1000], legalIdentitiesAndCerts=[O=ALICE, L=London, C=GB], platformVersion=7, serial=1602067484123)
?[m?[37m[INFO] 11:44:45,496 [Test worker] network.PersistentNetworkMapCache. - No previous node found for O=ALICE, L=London, C=GB
?[m?[37m[INFO] 11:44:45,498 [Test worker] network.PersistentNetworkMapCache. - Adding node with info: NodeInfo(addresses=[mock.node:1000], legalIdentitiesAndCerts=[O=CHARLIE, L=London, C=GB], platformVersion=7, serial=1602067485407)
?[m?[37m[INFO] 11:44:45,499 [Test worker] network.PersistentNetworkMapCache. - No previous node found for O=CHARLIE, L=London, C=GB
?[m?[37m[INFO] 11:44:45,501 [Test worker] network.PersistentNetworkMapCache. - Adding node with info: NodeInfo(addresses=[mock.node:1000], legalIdentitiesAndCerts=[O=BOB, L=London, C=GB], platformVersion=7, serial=1602067484819)
?[m?[37m[INFO] 11:44:45,502 [Test worker] network.PersistentNetworkMapCache. - No previous node found for O=BOB, L=London, C=GB
?[m?[37m[INFO] 11:44:45,507 [Test worker] network.PersistentNetworkMapCache. - Adding node with info: NodeInfo(addresses=[mock.node:1000], legalIdentitiesAndCerts=[O=CHARLIE, L=London, C=GB], platformVersion=7, serial=1602067485407)
?[m?[37m[INFO] 11:44:45,507 [Test worker] network.PersistentNetworkMapCache. - No previous node found for O=CHARLIE, L=London, C=GB
?[m?[37m[INFO] 11:44:45,511 [Test worker] network.PersistentNetworkMapCache. - Adding node with info: NodeInfo(addresses=[mock.node:1000], legalIdentitiesAndCerts=[O=CHARLIE, L=London, C=GB], platformVersion=7, serial=1602067485407)
?[m?[37m[INFO] 11:44:45,511 [Test worker] network.PersistentNetworkMapCache. - Previous node was identical to incoming one - doing nothing
?[m?[37m[INFO] 11:44:45,511 [Test worker] network.PersistentNetworkMapCache. - Adding node with info: NodeInfo(addresses=[mock.node:1000], legalIdentitiesAndCerts=[O=CHARLIE, L=London, C=GB], platformVersion=7, serial=1602067485407)
?[m?[37m[INFO] 11:44:45,511 [Test worker] network.PersistentNetworkMapCache. - Previous node was identical to incoming one - doing nothing
?[m?[37m[INFO] 11:44:45,601 [Mock network] corda.flow. - No need to notarise this transaction. {actor_id=Only For Testing, actor_owning_identity=O=ISSUER, L=London, C=GB, actor_store_id=TEST, fiber-id=10000164, flow-id=89ff3156-70d7-444d-a6ee-ef9b75314047, invocation_id=8b27df62-538e-4e3c-8bd9-34e4647c0578, invocation_timestamp=2020-10-07T10:44:45.511Z, origin=Only For Testing, session_id=8b27df62-538e-4e3c-8bd9-34e4647c0578, session_timestamp=2020-10-07T10:44:45.511Z, thread-id=14090, tx_id=B4E14B994AA1E1461E23A9DD75FD7F45A7BB62B522E1BA43AD22FB96E2A54023}
?[m?[37m[INFO] 11:44:45,601 [Mock network] corda.flow. - Recording transaction locally. {actor_id=Only For Testing, actor_owning_identity=O=ISSUER, L=London, C=GB, actor_store_id=TEST, fiber-id=10000164, flow-id=89ff3156-70d7-444d-a6ee-ef9b75314047, invocation_id=8b27df62-538e-4e3c-8bd9-34e4647c0578, invocation_timestamp=2020-10-07T10:44:45.511Z, origin=Only For Testing, session_id=8b27df62-538e-4e3c-8bd9-34e4647c0578, session_timestamp=2020-10-07T10:44:45.511Z, thread-id=14090, tx_id=B4E14B994AA1E1461E23A9DD75FD7F45A7BB62B522E1BA43AD22FB96E2A54023}
?[m?[37m[INFO] 11:44:45,618 [Mock network] corda.flow. - Recorded transaction locally successfully. {actor_id=Only For Testing, actor_owning_identity=O=ISSUER, L=London, C=GB, actor_store_id=TEST, fiber-id=10000164, flow-id=89ff3156-70d7-444d-a6ee-ef9b75314047, invocation_id=8b27df62-538e-4e3c-8bd9-34e4647c0578, invocation_timestamp=2020-10-07T10:44:45.511Z, origin=Only For Testing, session_id=8b27df62-538e-4e3c-8bd9-34e4647c0578, session_timestamp=2020-10-07T10:44:45.511Z, thread-id=14090, tx_id=B4E14B994AA1E1461E23A9DD75FD7F45A7BB62B522E1BA43AD22FB96E2A54023}
?[m?[37m[INFO] 11:44:45,641 [Mock network] corda.flow. - Received transaction acknowledgement request from party O=ISSUER, L=London, C=GB. {fiber-id=10000165, flow-id=dd1df692-30b7-4b2b-ac8a-1049d2bd8be5, invocation_id=266b9f49-a73c-45f3-ad5e-1ecb61369bd0, invocation_timestamp=2020-10-07T10:44:45.628Z, origin=O=ISSUER, L=London, C=GB, session_id=266b9f49-a73c-45f3-ad5e-1ecb61369bd0, session_timestamp=2020-10-07T10:44:45.628Z, thread-id=14090, tx_id=B4E14B994AA1E1461E23A9DD75FD7F45A7BB62B522E1BA43AD22FB96E2A54023}
?[m?[37m[INFO] 11:44:45,645 [Mock network] corda.flow. - Transaction dependencies resolution completed. {fiber-id=10000165, flow-id=dd1df692-30b7-4b2b-ac8a-1049d2bd8be5, invocation_id=266b9f49-a73c-45f3-ad5e-1ecb61369bd0, invocation_timestamp=2020-10-07T10:44:45.628Z, origin=O=ISSUER, L=London, C=GB, session_id=266b9f49-a73c-45f3-ad5e-1ecb61369bd0, session_timestamp=2020-10-07T10:44:45.628Z, thread-id=14090, tx_id=B4E14B994AA1E1461E23A9DD75FD7F45A7BB62B522E1BA43AD22FB96E2A54023}
?[m?[37m[INFO] 11:44:45,646 [Mock network] corda.flow. - Successfully received fully signed tx. Sending it to the vault for processing. {fiber-id=10000165, flow-id=dd1df692-30b7-4b2b-ac8a-1049d2bd8be5, invocation_id=266b9f49-a73c-45f3-ad5e-1ecb61369bd0, invocation_timestamp=2020-10-07T10:44:45.628Z, origin=O=ISSUER, L=London, C=GB, session_id=266b9f49-a73c-45f3-ad5e-1ecb61369bd0, session_timestamp=2020-10-07T10:44:45.628Z, thread-id=14090, tx_id=B4E14B994AA1E1461E23A9DD75FD7F45A7BB62B522E1BA43AD22FB96E2A54023}
?[m?[37m[INFO] 11:44:45,651 [Mock network] corda.flow. - Successfully recorded received transaction locally. {fiber-id=10000165, flow-id=dd1df692-30b7-4b2b-ac8a-1049d2bd8be5, invocation_id=266b9f49-a73c-45f3-ad5e-1ecb61369bd0, invocation_timestamp=2020-10-07T10:44:45.628Z, origin=O=ISSUER, L=London, C=GB, session_id=266b9f49-a73c-45f3-ad5e-1ecb61369bd0, session_timestamp=2020-10-07T10:44:45.628Z, thread-id=14090, tx_id=B4E14B994AA1E1461E23A9DD75FD7F45A7BB62B522E1BA43AD22FB96E2A54023}
?[m?[37m[INFO] 11:44:45,652 [Mock network] services.VaultWatcherService. - received token vault update with 0 consumed states and: 1 produced states {actor_id=Only For Testing, actor_owning_identity=O=ISSUER, L=London, C=GB, actor_store_id=TEST, fiber-id=10000165, flow-id=dd1df692-30b7-4b2b-ac8a-1049d2bd8be5, invocation_id=266b9f49-a73c-45f3-ad5e-1ecb61369bd0, invocation_timestamp=2020-10-07T10:44:45.628Z, origin=O=ISSUER, L=London, C=GB, session_id=266b9f49-a73c-45f3-ad5e-1ecb61369bd0, session_timestamp=2020-10-07T10:44:45.628Z, thread-id=14090}
?[m?[37m[INFO] 11:44:45,655 [Mock network] corda.flow. - Party O=ALICE, L=London, C=GB received the transaction. {actor_id=Only For Testing, actor_owning_identity=O=ISSUER, L=London, C=GB, actor_store_id=TEST, fiber-id=10000164, flow-id=89ff3156-70d7-444d-a6ee-ef9b75314047, invocation_id=8b27df62-538e-4e3c-8bd9-34e4647c0578, invocation_timestamp=2020-10-07T10:44:45.511Z, origin=Only For Testing, session_id=8b27df62-538e-4e3c-8bd9-34e4647c0578, session_timestamp=2020-10-07T10:44:45.511Z, thread-id=14090, tx_id=B4E14B994AA1E1461E23A9DD75FD7F45A7BB62B522E1BA43AD22FB96E2A54023}
?[m?[37m[INFO] 11:44:45,655 [Mock network] corda.flow. - All parties received the transaction successfully. {actor_id=Only For Testing, actor_owning_identity=O=ISSUER, L=London, C=GB, actor_store_id=TEST, fiber-id=10000164, flow-id=89ff3156-70d7-444d-a6ee-ef9b75314047, invocation_id=8b27df62-538e-4e3c-8bd9-34e4647c0578, invocation_timestamp=2020-10-07T10:44:45.511Z, origin=Only For Testing, session_id=8b27df62-538e-4e3c-8bd9-34e4647c0578, session_timestamp=2020-10-07T10:44:45.511Z, thread-id=14090, tx_id=B4E14B994AA1E1461E23A9DD75FD7F45A7BB62B522E1BA43AD22FB96E2A54023}
?[m?[37m[INFO] 11:44:45,662 [Test worker] persistence.CordaPersistence. - Closing HikariDataSource (HikariPool-51)
?[m?[37m[INFO] 11:44:45,662 [Test worker] hikari.HikariDataSource. - HikariPool-51 - Shutdown initiated...
?[m?[37m[INFO] 11:44:45,663 [Test worker] hikari.HikariDataSource. - HikariPool-51 - Shutdown completed.
?[m?[37m[INFO] 11:44:45,663 [Test worker] persistence.CordaPersistence. - Closing HikariDataSource (HikariPool-52)
?[m?[37m[INFO] 11:44:45,663 [Test worker] hikari.HikariDataSource. - HikariPool-52 - Shutdown initiated...
?[m?[37m[INFO] 11:44:45,664 [Test worker] hikari.HikariDataSource. - HikariPool-52 - Shutdown completed.
?[m?[37m[INFO] 11:44:45,665 [Test worker] persistence.CordaPersistence. - Closing HikariDataSource (HikariPool-53)
?[m?[37m[INFO] 11:44:45,665 [Test worker] hikari.HikariDataSource. - HikariPool-53 - Shutdown initiated...
?[m?[37m[INFO] 11:44:45,665 [Test worker] hikari.HikariDataSource. - HikariPool-53 - Shutdown completed.
?[m?[37m[INFO] 11:44:45,666 [Test worker] persistence.CordaPersistence. - Closing HikariDataSource (HikariPool-54)
?[m?[37m[INFO] 11:44:45,666 [Test worker] hikari.HikariDataSource. - HikariPool-54 - Shutdown initiated...
?[m?[37m[INFO] 11:44:45,666 [Test worker] hikari.HikariDataSource. - HikariPool-54 - Shutdown completed.
?[m?[37m[INFO] 11:44:45,667 [Test worker] persistence.CordaPersistence. - Closing HikariDataSource (HikariPool-55)
?[m?[37m[INFO] 11:44:45,667 [Test worker] hikari.HikariDataSource. - HikariPool-55 - Shutdown initiated...
?[m?[37m[INFO] 11:44:45,667 [Test worker] hikari.HikariDataSource. - HikariPool-55 - Shutdown completed.
?[m?[37m[INFO] 11:44:45,736 [Test worker] cordapp.JarScanningCordappLoader. - Looking for CorDapps in [build/mock-network/20201007-104445.669/nodes/0/cordapps]
?[m?[37m[INFO] 11:44:45,736 [Test worker] cordapp.JarScanningCordappLoader. - Loading CorDapps from RestrictedURL(url=file:/Users/agnieszkaszczepanska/workspace/reissue-sample-cordapp/workflows/build/mock-network/20201007-104445.669/nodes/0/cordapps/accounts-contracts-1.0.jar, rootPackageName=null), RestrictedURL(url=file:/Users/agnieszkaszczepanska/workspace/reissue-sample-cordapp/workflows/build/mock-network/20201007-104445.669/nodes/0/cordapps/accounts-workflows-1.0.jar, rootPackageName=null), RestrictedURL(url=file:/Users/agnieszkaszczepanska/workspace/reissue-sample-cordapp/workflows/build/mock-network/20201007-104445.669/nodes/0/cordapps/reissuance-cordapp-contracts-1.0-SNAPSHOT.jar, rootPackageName=null), RestrictedURL(url=file:/Users/agnieszkaszczepanska/workspace/reissue-sample-cordapp/workflows/build/mock-network/20201007-104445.669/nodes/0/cordapps/workflows.jar, rootPackageName=null), RestrictedURL(url=file:/Users/agnieszkaszczepanska/workspace/reissue-sample-cordapp/workflows/build/mock-network/20201007-104445.669/nodes/0/cordapps/reissuance-cordapp-workflows-1.0-SNAPSHOT.jar, rootPackageName=null), RestrictedURL(url=file:/Users/agnieszkaszczepanska/workspace/reissue-sample-cordapp/workflows/build/mock-network/20201007-104445.669/nodes/0/cordapps/ci-workflows-1.0.jar, rootPackageName=null), RestrictedURL(url=file:/Users/agnieszkaszczepanska/workspace/reissue-sample-cordapp/workflows/build/mock-network/20201007-104445.669/nodes/0/cordapps/tokens-contracts-1.2.jar, rootPackageName=null), RestrictedURL(url=file:/Users/agnieszkaszczepanska/workspace/reissue-sample-cordapp/workflows/build/mock-network/20201007-104445.669/nodes/0/cordapps/tokens-workflows-1.2.jar, rootPackageName=null), RestrictedURL(url=file:/Users/agnieszkaszczepanska/workspace/reissue-sample-cordapp/workflows/build/mock-network/20201007-104445.669/nodes/0/cordapps/ledger-graph-1.2-SNAPSHOT.jar, rootPackageName=null)
?[m?[37m[INFO] 11:44:45,736 [Test worker] cordapp.JarScanningCordappLoader. - Scanning CorDapp in file:/Users/agnieszkaszczepanska/workspace/reissue-sample-cordapp/workflows/build/mock-network/20201007-104445.669/nodes/0/cordapps/accounts-contracts-1.0.jar
?[m?[37m[INFO] 11:44:45,745 [Test worker] cordapp.JarScanningCordappLoader. - Scanning CorDapp in file:/Users/agnieszkaszczepanska/workspace/reissue-sample-cordapp/workflows/build/mock-network/20201007-104445.669/nodes/0/cordapps/accounts-workflows-1.0.jar
?[m?[37m[INFO] 11:44:45,753 [Test worker] cordapp.JarScanningCordappLoader. - Scanning CorDapp in file:/Users/agnieszkaszczepanska/workspace/reissue-sample-cordapp/workflows/build/mock-network/20201007-104445.669/nodes/0/cordapps/reissuance-cordapp-contracts-1.0-SNAPSHOT.jar
?[m?[37m[INFO] 11:44:45,761 [Test worker] cordapp.JarScanningCordappLoader. - Scanning CorDapp in file:/Users/agnieszkaszczepanska/workspace/reissue-sample-cordapp/workflows/build/mock-network/20201007-104445.669/nodes/0/cordapps/workflows.jar
?[m?[37m[INFO] 11:44:45,766 [Test worker] cordapp.JarScanningCordappLoader. - Scanning CorDapp in file:/Users/agnieszkaszczepanska/workspace/reissue-sample-cordapp/workflows/build/mock-network/20201007-104445.669/nodes/0/cordapps/reissuance-cordapp-workflows-1.0-SNAPSHOT.jar
?[m?[37m[INFO] 11:44:45,776 [Test worker] cordapp.JarScanningCordappLoader. - Scanning CorDapp in file:/Users/agnieszkaszczepanska/workspace/reissue-sample-cordapp/workflows/build/mock-network/20201007-104445.669/nodes/0/cordapps/ci-workflows-1.0.jar
?[m?[37m[INFO] 11:44:45,783 [Test worker] cordapp.JarScanningCordappLoader. - Scanning CorDapp in file:/Users/agnieszkaszczepanska/workspace/reissue-sample-cordapp/workflows/build/mock-network/20201007-104445.669/nodes/0/cordapps/tokens-contracts-1.2.jar
?[m?[37m[INFO] 11:44:45,790 [Test worker] cordapp.JarScanningCordappLoader. - Scanning CorDapp in file:/Users/agnieszkaszczepanska/workspace/reissue-sample-cordapp/workflows/build/mock-network/20201007-104445.669/nodes/0/cordapps/tokens-workflows-1.2.jar
?[m?[37m[INFO] 11:44:45,807 [Test worker] cordapp.JarScanningCordappLoader. - Scanning CorDapp in file:/Users/agnieszkaszczepanska/workspace/reissue-sample-cordapp/workflows/build/mock-network/20201007-104445.669/nodes/0/cordapps/ledger-graph-1.2-SNAPSHOT.jar
?[m?[37m[INFO] 11:44:45,830 [Test worker] internal.InternalMockNetwork$MockNode. - MessagingService active change to: false
?[m?[37m[INFO] 11:44:45,830 [Test worker] internal.InternalMockNetwork$MockNode. - Flow external operation executor has a max of 2 threads
?[m?[37m[INFO] 11:44:45,831 [Test worker] internal.InternalMockNetwork$MockNode. - Node starting up ...
?[m?[37m[INFO] 11:44:45,835 [Test worker] internal.NodeFlowManager. - Registered com.r3.corda.lib.accounts.workflows.flows.ShareStateAndSyncAccounts to initiate com.r3.corda.lib.accounts.workflows.flows.ReceiveStateAndSyncAccounts (version 1)
?[m?[37m[INFO] 11:44:45,835 [Test worker] internal.NodeFlowManager. - Registered com.r3.corda.lib.accounts.workflows.flows.ShareStateWithAccount to initiate com.r3.corda.lib.accounts.workflows.flows.ReceiveStateForAccount (version 1)
?[m?[37m[INFO] 11:44:45,835 [Test worker] internal.NodeFlowManager. - Registered com.r3.corda.lib.accounts.workflows.flows.RequestAccountInfo to initiate com.r3.corda.lib.accounts.workflows.flows.RequestAccountInfoHandler (version 1)
?[m?[37m[INFO] 11:44:45,835 [Test worker] internal.NodeFlowManager. - Registered com.r3.corda.lib.accounts.workflows.flows.RequestKeyForAccount to initiate com.r3.corda.lib.accounts.workflows.flows.SendKeyForAccount (version 1)
?[m?[37m[INFO] 11:44:45,835 [Test worker] internal.NodeFlowManager. - Registered com.r3.corda.lib.accounts.workflows.flows.ShareAccountInfo to initiate com.r3.corda.lib.accounts.workflows.flows.ShareAccountInfoHandler (version 1)
?[m?[37m[INFO] 11:44:45,835 [Test worker] internal.NodeFlowManager. - Registered net.corda.samples.reissuance.IssueDemoAppTokens to initiate net.corda.samples.reissuance.IssueDemoAppTokensResponder (version 1)
?[m?[37m[INFO] 11:44:45,835 [Test worker] internal.NodeFlowManager. - Registered net.corda.samples.reissuance.MoveDemoAppTokens to initiate net.corda.samples.reissuance.MoveDemoAppTokensResponder (version 1)
?[m?[37m[INFO] 11:44:45,835 [Test worker] internal.NodeFlowManager. - Registered net.corda.samples.reissuance.RedeemDemoAppTokens to initiate net.corda.samples.reissuance.RedeemDemoAppTokensResponder (version 1)
?[m?[37m[INFO] 11:44:45,835 [Test worker] internal.NodeFlowManager. - Registered com.r3.corda.lib.reissuance.flows.DeleteReIssuedStatesAndLock to initiate com.r3.corda.lib.reissuance.flows.DeleteReIssuedStatesAndLockResponder (version 1)
?[m?[37m[INFO] 11:44:45,835 [Test worker] internal.NodeFlowManager. - Registered com.r3.corda.lib.reissuance.flows.ReIssueStates to initiate com.r3.corda.lib.reissuance.flows.ReIssueStatesResponder (version 1)
?[m?[37m[INFO] 11:44:45,835 [Test worker] internal.NodeFlowManager. - Registered com.r3.corda.lib.reissuance.flows.RequestReIssuanceAndShareRequiredTransactions to initiate com.r3.corda.lib.reissuance.flows.ReceiveSignedTransaction (version 1)
?[m?[37m[INFO] 11:44:45,835 [Test worker] internal.NodeFlowManager. - Registered com.r3.corda.lib.reissuance.flows.RejectReIssuanceRequest to initiate com.r3.corda.lib.reissuance.flows.RejectReIssuanceRequestResponder (version 1)
?[m?[37m[INFO] 11:44:45,835 [Test worker] internal.NodeFlowManager. - Registered com.r3.corda.lib.reissuance.flows.RequestReIssuance to initiate com.r3.corda.lib.reissuance.flows.RequestReIssuanceResponder (version 1)
?[m?[37m[INFO] 11:44:45,835 [Test worker] internal.NodeFlowManager. - Registered com.r3.corda.lib.reissuance.flows.UnlockReIssuedStates to initiate com.r3.corda.lib.reissuance.flows.UnlockReIssuedStatesResponder (version 1)
?[m?[37m[INFO] 11:44:45,835 [Test worker] internal.NodeFlowManager. - Registered com.r3.corda.lib.reissuance.flows.example.dummyStateRequiringAcceptance.CreateDummyStateRequiringAcceptance to initiate com.r3.corda.lib.reissuance.flows.example.dummyStateRequiringAcceptance.CreateDummyStateRequiringAcceptanceResponder (version 1)
?[m?[37m[INFO] 11:44:45,835 [Test worker] internal.NodeFlowManager. - Registered com.r3.corda.lib.reissuance.flows.example.dummyStateRequiringAcceptance.DeleteDummyStateRequiringAcceptance to initiate com.r3.corda.lib.reissuance.flows.example.dummyStateRequiringAcceptance.DeleteDummyStateRequiringAcceptanceResponder (version 1)
?[m?[37m[INFO] 11:44:45,835 [Test worker] internal.NodeFlowManager. - Registered com.r3.corda.lib.reissuance.flows.example.dummyStateRequiringAcceptance.UpdateDummyStateRequiringAcceptance to initiate com.r3.corda.lib.reissuance.flows.example.dummyStateRequiringAcceptance.UpdateDummyStateRequiringAcceptanceResponder (version 1)
?[m?[37m[INFO] 11:44:45,835 [Test worker] internal.NodeFlowManager. - Registered com.r3.corda.lib.reissuance.flows.example.dummyStateRequiringAllParticipantsSignatures.CreateDummyStateRequiringAllParticipantsSignatures to initiate com.r3.corda.lib.reissuance.flows.example.dummyStateRequiringAllParticipantsSignatures.CreateDummyStateRequiringAllParticipantsSignaturesResponder (version 1)
?[m?[37m[INFO] 11:44:45,835 [Test worker] internal.NodeFlowManager. - Registered com.r3.corda.lib.reissuance.flows.example.dummyStateRequiringAllParticipantsSignatures.DeleteDummyStateRequiringAllParticipantsSignatures to initiate com.r3.corda.lib.reissuance.flows.example.dummyStateRequiringAllParticipantsSignatures.DeleteDummyStateRequiringAllParticipantsSignaturesResponder (version 1)
?[m?[37m[INFO] 11:44:45,835 [Test worker] internal.NodeFlowManager. - Registered com.r3.corda.lib.reissuance.flows.example.dummyStateRequiringAllParticipantsSignatures.UpdateDummyStateRequiringAllParticipantsSignatures to initiate com.r3.corda.lib.reissuance.flows.example.dummyStateRequiringAllParticipantsSignatures.UpdateDummyStateRequiringAllParticipantsSignaturesResponder (version 1)
?[m?[37m[INFO] 11:44:45,835 [Test worker] internal.NodeFlowManager. - Registered com.r3.corda.lib.reissuance.flows.example.dummyStateWithInvalidEqualsMethod.CreateDummyStateWithInvalidEqualsMethod to initiate com.r3.corda.lib.reissuance.flows.example.dummyStateWithInvalidEqualsMethod.CreateDummyStateRequiringAllParticipantsSignaturesResponder (version 1)
?[m?[37m[INFO] 11:44:45,835 [Test worker] internal.NodeFlowManager. - Registered com.r3.corda.lib.reissuance.flows.example.dummyStateWithInvalidEqualsMethod.DeleteDummyStateWithInvalidEqualsMethod to initiate com.r3.corda.lib.reissuance.flows.example.dummyStateWithInvalidEqualsMethod.DeleteDummyStateRequiringAllParticipantsSignaturesResponder (version 1)
?[m?[37m[INFO] 11:44:45,835 [Test worker] internal.NodeFlowManager. - Registered com.r3.corda.lib.reissuance.flows.example.dummyStateWithInvalidEqualsMethod.UpdateDummyStateWithInvalidEqualsMethod to initiate com.r3.corda.lib.reissuance.flows.example.dummyStateWithInvalidEqualsMethod.UpdateDummyStateWithInvalidEqualsMethodResponder (version 1)
?[m?[37m[INFO] 11:44:45,835 [Test worker] internal.NodeFlowManager. - Registered com.r3.corda.lib.reissuance.flows.example.simpleDummyState.CreateSimpleDummyStateForAccount to initiate com.r3.corda.lib.reissuance.flows.example.simpleDummyState.CreateSimpleDummyStateForAccountResponder (version 1)
?[m?[37m[INFO] 11:44:45,835 [Test worker] internal.NodeFlowManager. - Registered com.r3.corda.lib.reissuance.flows.example.simpleDummyState.CreateSimpleDummyState to initiate com.r3.corda.lib.reissuance.flows.example.simpleDummyState.CreateSimpleDummyStateResponder (version 1)
?[m?[37m[INFO] 11:44:45,835 [Test worker] internal.NodeFlowManager. - Registered com.r3.corda.lib.reissuance.flows.example.simpleDummyState.DeleteSimpleDummyStateForAccount to initiate com.r3.corda.lib.reissuance.flows.example.simpleDummyState.DeleteSimpleDummyStateForAccountResponder (version 1)
?[m?[37m[INFO] 11:44:45,835 [Test worker] internal.NodeFlowManager. - Registered com.r3.corda.lib.reissuance.flows.example.simpleDummyState.DeleteSimpleDummyState to initiate com.r3.corda.lib.reissuance.flows.example.simpleDummyState.DeleteSimpleDummyStateResponder (version 1)
?[m?[37m[INFO] 11:44:45,835 [Test worker] internal.NodeFlowManager. - Registered com.r3.corda.lib.reissuance.flows.example.simpleDummyState.UpdateSimpleDummyState to initiate com.r3.corda.lib.reissuance.flows.example.simpleDummyState.SimpleDummyStateResponder (version 1)
?[m?[37m[INFO] 11:44:45,835 [Test worker] internal.NodeFlowManager. - Registered com.r3.corda.lib.reissuance.flows.example.simpleDummyState.UpdateSimpleDummyStateForAccount to initiate com.r3.corda.lib.reissuance.flows.example.simpleDummyState.UpdateSimpleDummyStateForAccountResponder (version 1)
?[m?[37m[INFO] 11:44:45,835 [Test worker] internal.NodeFlowManager. - Registered com.r3.corda.lib.reissuance.flows.example.tokens.IssueTokens to initiate com.r3.corda.lib.reissuance.flows.example.tokens.IssueTokensResponder (version 1)
?[m?[37m[INFO] 11:44:45,835 [Test worker] internal.NodeFlowManager. - Registered com.r3.corda.lib.reissuance.flows.example.tokens.RedeemTokens to initiate com.r3.corda.lib.reissuance.flows.example.tokens.RedeemTokensResponder (version 1)
?[m?[37m[INFO] 11:44:45,835 [Test worker] internal.NodeFlowManager. - Registered com.r3.corda.lib.reissuance.flows.example.tokens.TransferTokens to initiate com.r3.corda.lib.reissuance.flows.example.tokens.TransferTokensResponder (version 1)
?[m?[37m[INFO] 11:44:45,835 [Test worker] internal.NodeFlowManager. - Registered com.r3.corda.lib.ci.workflows.RequestKeyForUUIDInitiator to initiate com.r3.corda.lib.ci.workflows.RequestKeyForUUIDResponder (version 1)
?[m?[37m[INFO] 11:44:45,835 [Test worker] internal.NodeFlowManager. - Registered com.r3.corda.lib.ci.workflows.RequestKey to initiate com.r3.corda.lib.ci.workflows.RequestKeyResponder (version 1)
?[m?[37m[INFO] 11:44:45,835 [Test worker] internal.NodeFlowManager. - Registered com.r3.corda.lib.ci.workflows.SyncKeyMappingInitiator to initiate com.r3.corda.lib.ci.workflows.SyncKeyMappingResponder (version 1)
?[m?[37m[INFO] 11:44:45,835 [Test worker] internal.NodeFlowManager. - Registered com.r3.corda.lib.ci.workflows.VerifyAndAddKey to initiate com.r3.corda.lib.ci.workflows.VerifyAndAddKeyResponder (version 1)
?[m?[37m[INFO] 11:44:45,836 [Test worker] internal.NodeFlowManager. - Registered com.r3.corda.lib.tokens.workflows.flows.rpc.ConfidentialIssueTokens to initiate com.r3.corda.lib.tokens.workflows.flows.rpc.ConfidentialIssueTokensHandler (version 1)
?[m?[37m[INFO] 11:44:45,836 [Test worker] internal.NodeFlowManager. - Registered com.r3.corda.lib.tokens.workflows.flows.rpc.ConfidentialMoveFungibleTokens to initiate com.r3.corda.lib.tokens.workflows.flows.rpc.ConfidentialMoveFungibleTokensHandler (version 1)
?[m?[37m[INFO] 11:44:45,836 [Test worker] internal.NodeFlowManager. - Registered com.r3.corda.lib.tokens.workflows.flows.rpc.ConfidentialMoveNonFungibleTokens to initiate com.r3.corda.lib.tokens.workflows.flows.rpc.ConfidentialMoveNonFungibleTokensHandler (version 1)
?[m?[37m[INFO] 11:44:45,836 [Test worker] internal.NodeFlowManager. - Registered com.r3.corda.lib.tokens.workflows.flows.rpc.ConfidentialRedeemFungibleTokens to initiate com.r3.corda.lib.tokens.workflows.flows.rpc.ConfidentialRedeemFungibleTokensHandler (version 1)
?[m?[37m[INFO] 11:44:45,836 [Test worker] internal.NodeFlowManager. - Registered com.r3.corda.lib.tokens.workflows.flows.rpc.CreateEvolvableTokens to initiate com.r3.corda.lib.tokens.workflows.flows.rpc.CreateEvolvableTokensHandler (version 1)
?[m?[37m[INFO] 11:44:45,836 [Test worker] internal.NodeFlowManager. - Registered com.r3.corda.lib.tokens.workflows.flows.rpc.IssueTokens to initiate com.r3.corda.lib.tokens.workflows.flows.rpc.IssueTokensHandler (version 1)
?[m?[37m[INFO] 11:44:45,836 [Test worker] internal.NodeFlowManager. - Registered com.r3.corda.lib.tokens.workflows.flows.rpc.MoveFungibleTokens to initiate com.r3.corda.lib.tokens.workflows.flows.rpc.MoveFungibleTokensHandler (version 1)
?[m?[37m[INFO] 11:44:45,836 [Test worker] internal.NodeFlowManager. - Registered com.r3.corda.lib.tokens.workflows.flows.rpc.MoveNonFungibleTokens to initiate com.r3.corda.lib.tokens.workflows.flows.rpc.MoveNonFungibleTokensHandler (version 1)
?[m?[37m[INFO] 11:44:45,836 [Test worker] internal.NodeFlowManager. - Registered com.r3.corda.lib.tokens.workflows.flows.rpc.RedeemFungibleTokens to initiate com.r3.corda.lib.tokens.workflows.flows.rpc.RedeemFungibleTokensHandler (version 1)
?[m?[37m[INFO] 11:44:45,836 [Test worker] internal.NodeFlowManager. - Registered com.r3.corda.lib.tokens.workflows.flows.rpc.RedeemNonFungibleTokens to initiate com.r3.corda.lib.tokens.workflows.flows.rpc.RedeemNonFungibleTokensHandler (version 1)
?[m?[37m[INFO] 11:44:45,836 [Test worker] internal.NodeFlowManager. - Registered com.r3.corda.lib.tokens.workflows.flows.rpc.UpdateEvolvableToken to initiate com.r3.corda.lib.tokens.workflows.flows.rpc.UpdateEvolvableTokenHandler (version 1)
?[m?[37m[INFO] 11:44:45,836 [Test worker] internal.NodeFlowManager. - Registered com.r3.corda.lib.tokens.workflows.internal.flows.distribution.RequestAdditionToDistributionList$Initiator to initiate com.r3.corda.lib.tokens.workflows.internal.flows.distribution.RequestAdditionToDistributionList$Responder (version 1)
?[m?[37m[INFO] 11:44:45,836 [Test worker] internal.NodeFlowManager. - Registered com.r3.corda.lib.tokens.workflows.internal.flows.distribution.UpdateDistributionListFlow to initiate com.r3.corda.lib.tokens.workflows.internal.flows.distribution.UpdateDistributionListFlowHandler (version 1)
?[m?[37m[INFO] 11:44:45,836 [Test worker] internal.NodeFlowManager. - Registered com.r3.corda.lib.tokens.workflows.internal.testflows.DvPFlow to initiate com.r3.corda.lib.tokens.workflows.internal.testflows.DvPFlowHandler (version 1)
?[m?[37m[INFO] 11:44:45,840 [Test worker] internal.InternalMockNetwork$MockNode. - Loaded network parameters: NetworkParameters {
      minimumPlatformVersion=4
      notaries=[NotaryInfo(identity=O=Notary Service, L=Zurich, C=CH, validating=false)]
      maxMessageSize=10485760
      maxTransactionSize=524288000
      whitelistedContractImplementations {
        
      }
      eventHorizon=PT720H
      packageOwnership {
        
      }
      modifiedTime=2020-10-07T10:44:45.669Z
      epoch=1
  }
?[m?[37m[INFO] 11:44:45,841 [Test worker] hikari.HikariDataSource. - HikariPool-56 - Starting...
?[m?[37m[INFO] 11:44:45,842 [Test worker] hikari.HikariDataSource. - HikariPool-56 - Start completed.
?[m?[37m[INFO] 11:44:45,958 [Test worker] changelog.StandardChangeLogHistoryService. - Creating database history table with name: PUBLIC.DATABASECHANGELOG
?[m?[37m[INFO] 11:44:45,959 [Test worker] jvm.JdbcExecutor. - CREATE TABLE PUBLIC.DATABASECHANGELOG (ID VARCHAR(255) NOT NULL, AUTHOR VARCHAR(255) NOT NULL, FILENAME VARCHAR(255) NOT NULL, DATEEXECUTED TIMESTAMP NOT NULL, ORDEREXECUTED INT NOT NULL, EXECTYPE VARCHAR(10) NOT NULL, MD5SUM VARCHAR(35), DESCRIPTION VARCHAR(255), COMMENTS VARCHAR(255), TAG VARCHAR(255), LIQUIBASE VARCHAR(20), CONTEXTS VARCHAR(255), LABELS VARCHAR(255), DEPLOYMENT_ID VARCHAR(10))
?[m?[37m[INFO] 11:44:45,959 [Test worker] jvm.JdbcExecutor. - SELECT COUNT(*) FROM PUBLIC.DATABASECHANGELOG
?[m?[37m[INFO] 11:44:45,959 [Test worker] changelog.StandardChangeLogHistoryService. - Reading from PUBLIC.DATABASECHANGELOG
?[m?[37m[INFO] 11:44:45,959 [Test worker] jvm.JdbcExecutor. - SELECT * FROM PUBLIC.DATABASECHANGELOG ORDER BY DATEEXECUTED ASC, ORDEREXECUTED ASC
?[m?[37m[INFO] 11:44:45,959 [Test worker] jvm.JdbcExecutor. - SELECT COUNT(*) FROM PUBLIC.DATABASECHANGELOGLOCK
?[m?[37m[INFO] 11:44:45,959 [Test worker] jvm.JdbcExecutor. - CREATE TABLE PUBLIC.DATABASECHANGELOGLOCK (ID INT NOT NULL, LOCKED BOOLEAN NOT NULL, LOCKGRANTED TIMESTAMP, LOCKEDBY VARCHAR(255), CONSTRAINT PK_DATABASECHANGELOGLOCK PRIMARY KEY (ID))
?[m?[37m[INFO] 11:44:45,959 [Test worker] jvm.JdbcExecutor. - SELECT COUNT(*) FROM PUBLIC.DATABASECHANGELOGLOCK
?[m?[37m[INFO] 11:44:45,959 [Test worker] jvm.JdbcExecutor. - DELETE FROM PUBLIC.DATABASECHANGELOGLOCK
?[m?[37m[INFO] 11:44:45,959 [Test worker] jvm.JdbcExecutor. - INSERT INTO PUBLIC.DATABASECHANGELOGLOCK (ID, LOCKED) VALUES (1, FALSE)
?[m?[37m[INFO] 11:44:45,964 [Test worker] visitor.ValidatingVisitor. - Skipping change set migration/vault-schema.changelog-pkey.xml::non-clustered_pk-11::R3.Corda due to validation error(s): clustered is not allowed on h2 {changeSet=migration/vault-schema.changelog-pkey.xml::non-clustered_pk-11::R3.Corda, databaseChangeLog=master.changelog.json}
?[m?[37m[INFO] 11:44:45,964 [Test worker] visitor.ValidatingVisitor. - Skipping change set migration/vault-schema.changelog-pkey.xml::non-clustered_pk-12::R3.Corda due to validation error(s): clustered is not allowed on h2 {changeSet=migration/vault-schema.changelog-pkey.xml::non-clustered_pk-12::R3.Corda, databaseChangeLog=master.changelog.json}
?[m?[37m[INFO] 11:44:45,965 [Test worker] visitor.ValidatingVisitor. - Skipping change set migration/vault-schema.changelog-pkey.xml::non-clustered_pk-13::R3.Corda due to validation error(s): clustered is not allowed on h2 {changeSet=migration/vault-schema.changelog-pkey.xml::non-clustered_pk-13::R3.Corda, databaseChangeLog=master.changelog.json}
?[m?[37m[INFO] 11:44:45,973 [Test worker] visitor.ValidatingVisitor. - Skipping change set migration/node-core.changelog-pkey.xml::non-clustered_pk-1::R3.Corda due to validation error(s): clustered is not allowed on h2 {changeSet=migration/node-core.changelog-pkey.xml::non-clustered_pk-1::R3.Corda, databaseChangeLog=master.changelog.json}
?[m?[37m[INFO] 11:44:45,973 [Test worker] visitor.ValidatingVisitor. - Skipping change set migration/node-core.changelog-pkey.xml::non-clustered_pk-2::R3.Corda due to validation error(s): clustered is not allowed on h2 {changeSet=migration/node-core.changelog-pkey.xml::non-clustered_pk-2::R3.Corda, databaseChangeLog=master.changelog.json}
?[m?[37m[INFO] 11:44:45,973 [Test worker] visitor.ValidatingVisitor. - Skipping change set migration/node-core.changelog-pkey.xml::non-clustered_pk-3::R3.Corda due to validation error(s): clustered is not allowed on h2 {changeSet=migration/node-core.changelog-pkey.xml::non-clustered_pk-3::R3.Corda, databaseChangeLog=master.changelog.json}
?[m?[37m[INFO] 11:44:45,974 [Test worker] visitor.ValidatingVisitor. - Skipping change set migration/node-core.changelog-pkey.xml::non-clustered_pk-4::R3.Corda due to validation error(s): clustered is not allowed on h2 {changeSet=migration/node-core.changelog-pkey.xml::non-clustered_pk-4::R3.Corda, databaseChangeLog=master.changelog.json}
?[m?[37m[INFO] 11:44:45,974 [Test worker] visitor.ValidatingVisitor. - Skipping change set migration/node-core.changelog-pkey.xml::non-clustered_pk-5::R3.Corda due to validation error(s): clustered is not allowed on h2 {changeSet=migration/node-core.changelog-pkey.xml::non-clustered_pk-5::R3.Corda, databaseChangeLog=master.changelog.json}
?[m?[37m[INFO] 11:44:45,974 [Test worker] visitor.ValidatingVisitor. - Skipping change set migration/node-core.changelog-pkey.xml::non-clustered_pk-6::R3.Corda due to validation error(s): clustered is not allowed on h2 {changeSet=migration/node-core.changelog-pkey.xml::non-clustered_pk-6::R3.Corda, databaseChangeLog=master.changelog.json}
?[m?[37m[INFO] 11:44:45,974 [Test worker] visitor.ValidatingVisitor. - Skipping change set migration/node-core.changelog-pkey.xml::non-clustered_pk-7::R3.Corda due to validation error(s): clustered is not allowed on h2 {changeSet=migration/node-core.changelog-pkey.xml::non-clustered_pk-7::R3.Corda, databaseChangeLog=master.changelog.json}
?[m?[37m[INFO] 11:44:45,978 [Test worker] visitor.ValidatingVisitor. - Skipping change set migration/node-notary.changelog-pkey.xml::non-clustered_pk-notary_state::R3.Corda due to validation error(s): clustered is not allowed on h2 {changeSet=migration/node-notary.changelog-pkey.xml::non-clustered_pk-notary_state::R3.Corda, databaseChangeLog=master.changelog.json}
?[m?[37m[INFO] 11:44:45,978 [Test worker] jvm.JdbcExecutor. - SELECT COUNT(*) FROM PUBLIC.DATABASECHANGELOGLOCK
?[m?[37m[INFO] 11:44:45,978 [Test worker] jvm.JdbcExecutor. - SELECT LOCKED FROM PUBLIC.DATABASECHANGELOGLOCK WHERE ID=1
?[m?[37m[INFO] 11:44:45,978 [Test worker] lockservice.StandardLockService. - Successfully acquired change log lock
?[m?[37m[INFO] 11:44:45,980 [Test worker] visitor.ValidatingVisitor. - Skipping change set migration/vault-schema.changelog-pkey.xml::non-clustered_pk-11::R3.Corda due to validation error(s): clustered is not allowed on h2 {changeSet=migration/vault-schema.changelog-pkey.xml::non-clustered_pk-11::R3.Corda, databaseChangeLog=master.changelog.json}
?[m?[37m[INFO] 11:44:45,980 [Test worker] visitor.ValidatingVisitor. - Skipping change set migration/vault-schema.changelog-pkey.xml::non-clustered_pk-12::R3.Corda due to validation error(s): clustered is not allowed on h2 {changeSet=migration/vault-schema.changelog-pkey.xml::non-clustered_pk-12::R3.Corda, databaseChangeLog=master.changelog.json}
?[m?[37m[INFO] 11:44:45,980 [Test worker] visitor.ValidatingVisitor. - Skipping change set migration/vault-schema.changelog-pkey.xml::non-clustered_pk-13::R3.Corda due to validation error(s): clustered is not allowed on h2 {changeSet=migration/vault-schema.changelog-pkey.xml::non-clustered_pk-13::R3.Corda, databaseChangeLog=master.changelog.json}
?[m?[37m[INFO] 11:44:45,983 [Test worker] visitor.ValidatingVisitor. - Skipping change set migration/node-core.changelog-pkey.xml::non-clustered_pk-1::R3.Corda due to validation error(s): clustered is not allowed on h2 {changeSet=migration/node-core.changelog-pkey.xml::non-clustered_pk-1::R3.Corda, databaseChangeLog=master.changelog.json}
?[m?[37m[INFO] 11:44:45,983 [Test worker] visitor.ValidatingVisitor. - Skipping change set migration/node-core.changelog-pkey.xml::non-clustered_pk-2::R3.Corda due to validation error(s): clustered is not allowed on h2 {changeSet=migration/node-core.changelog-pkey.xml::non-clustered_pk-2::R3.Corda, databaseChangeLog=master.changelog.json}
?[m?[37m[INFO] 11:44:45,983 [Test worker] visitor.ValidatingVisitor. - Skipping change set migration/node-core.changelog-pkey.xml::non-clustered_pk-3::R3.Corda due to validation error(s): clustered is not allowed on h2 {changeSet=migration/node-core.changelog-pkey.xml::non-clustered_pk-3::R3.Corda, databaseChangeLog=master.changelog.json}
?[m?[37m[INFO] 11:44:45,983 [Test worker] visitor.ValidatingVisitor. - Skipping change set migration/node-core.changelog-pkey.xml::non-clustered_pk-4::R3.Corda due to validation error(s): clustered is not allowed on h2 {changeSet=migration/node-core.changelog-pkey.xml::non-clustered_pk-4::R3.Corda, databaseChangeLog=master.changelog.json}
?[m?[37m[INFO] 11:44:45,983 [Test worker] visitor.ValidatingVisitor. - Skipping change set migration/node-core.changelog-pkey.xml::non-clustered_pk-5::R3.Corda due to validation error(s): clustered is not allowed on h2 {changeSet=migration/node-core.changelog-pkey.xml::non-clustered_pk-5::R3.Corda, databaseChangeLog=master.changelog.json}
?[m?[37m[INFO] 11:44:45,983 [Test worker] visitor.ValidatingVisitor. - Skipping change set migration/node-core.changelog-pkey.xml::non-clustered_pk-6::R3.Corda due to validation error(s): clustered is not allowed on h2 {changeSet=migration/node-core.changelog-pkey.xml::non-clustered_pk-6::R3.Corda, databaseChangeLog=master.changelog.json}
?[m?[37m[INFO] 11:44:45,983 [Test worker] visitor.ValidatingVisitor. - Skipping change set migration/node-core.changelog-pkey.xml::non-clustered_pk-7::R3.Corda due to validation error(s): clustered is not allowed on h2 {changeSet=migration/node-core.changelog-pkey.xml::non-clustered_pk-7::R3.Corda, databaseChangeLog=master.changelog.json}
?[m?[37m[INFO] 11:44:45,984 [Test worker] visitor.ValidatingVisitor. - Skipping change set migration/node-notary.changelog-pkey.xml::non-clustered_pk-notary_state::R3.Corda due to validation error(s): clustered is not allowed on h2 {changeSet=migration/node-notary.changelog-pkey.xml::non-clustered_pk-notary_state::R3.Corda, databaseChangeLog=master.changelog.json}
?[m?[37m[INFO] 11:44:45,984 [Test worker] jvm.JdbcExecutor. - SELECT SEQUENCE_NAME FROM INFORMATION_SCHEMA.SEQUENCES WHERE SEQUENCE_SCHEMA = 'null' AND IS_GENERATED=FALSE {changeSet=migration/common.changelog-init.xml::1511451595465-1.1::R3.Corda, databaseChangeLog=master.changelog.json}
?[m?[37m[INFO] 11:44:45,984 [Test worker] jvm.JdbcExecutor. - SELECT SEQUENCE_NAME FROM INFORMATION_SCHEMA.SEQUENCES WHERE SEQUENCE_SCHEMA = 'PUBLIC' AND IS_GENERATED=FALSE {changeSet=migration/common.changelog-init.xml::1511451595465-1.1::R3.Corda, databaseChangeLog=master.changelog.json}
?[m?[37m[INFO] 11:44:45,984 [Test worker] jvm.JdbcExecutor. - CREATE SEQUENCE PUBLIC.hibernate_sequence {changeSet=migration/common.changelog-init.xml::1511451595465-1.1::R3.Corda, databaseChangeLog=master.changelog.json}
?[m?[37m[INFO] 11:44:45,985 [Test worker] changelog.ChangeSet. - Sequence hibernate_sequence created {changeSet=migration/common.changelog-init.xml::1511451595465-1.1::R3.Corda, databaseChangeLog=master.changelog.json}
?[m?[37m[INFO] 11:44:45,985 [Test worker] changelog.ChangeSet. - ChangeSet migration/common.changelog-init.xml::1511451595465-1.1::R3.Corda ran successfully in 1ms {changeSet=migration/common.changelog-init.xml::1511451595465-1.1::R3.Corda, databaseChangeLog=master.changelog.json}
?[m?[37m[INFO] 11:44:45,985 [Test worker] jvm.JdbcExecutor. - SELECT MAX(ORDEREXECUTED) FROM PUBLIC.DATABASECHANGELOG {changeSet=migration/common.changelog-init.xml::1511451595465-1.1::R3.Corda, databaseChangeLog=master.changelog.json}
?[m?[37m[INFO] 11:44:45,985 [Test worker] jvm.JdbcExecutor. - INSERT INTO PUBLIC.DATABASECHANGELOG (ID, AUTHOR, FILENAME, DATEEXECUTED, ORDEREXECUTED, MD5SUM, DESCRIPTION, COMMENTS, EXECTYPE, CONTEXTS, LABELS, LIQUIBASE, DEPLOYMENT_ID) VALUES ('1511451595465-1.1', 'R3.Corda', 'migration/common.changelog-init.xml', NOW(), 1, '8:9df4ee4464a4a10dfcf2717c73a52620', 'createSequence sequenceName=hibernate_sequence', '', 'EXECUTED', NULL, NULL, '3.6.3', '2067485978') {changeSet=migration/common.changelog-init.xml::1511451595465-1.1::R3.Corda, databaseChangeLog=master.changelog.json}
?[m?[37m[INFO] 11:44:45,985 [Test worker] jvm.JdbcExecutor. - CREATE TABLE PUBLIC.vault_fungible_states (output_index INT NOT NULL, transaction_id NVARCHAR(64) NOT NULL, issuer_name NVARCHAR(255), issuer_ref VARBINARY(512), owner_name NVARCHAR(255), quantity BIGINT) {changeSet=migration/vault-schema.changelog-init.xml::1511451595465-22::R3.Corda, databaseChangeLog=master.changelog.json}
?[m?[37m[INFO] 11:44:45,985 [Test worker] changelog.ChangeSet. - Table vault_fungible_states created {changeSet=migration/vault-schema.changelog-init.xml::1511451595465-22::R3.Corda, databaseChangeLog=master.changelog.json}
?[m?[37m[INFO] 11:44:45,985 [Test worker] changelog.ChangeSet. - ChangeSet migration/vault-schema.changelog-init.xml::1511451595465-22::R3.Corda ran successfully in 0ms {changeSet=migration/vault-schema.changelog-init.xml::1511451595465-22::R3.Corda, databaseChangeLog=master.changelog.json}
?[m?[37m[INFO] 11:44:45,985 [Test worker] jvm.JdbcExecutor. - INSERT INTO PUBLIC.DATABASECHANGELOG (ID, AUTHOR, FILENAME, DATEEXECUTED, ORDEREXECUTED, MD5SUM, DESCRIPTION, COMMENTS, EXECTYPE, CONTEXTS, LABELS, LIQUIBASE, DEPLOYMENT_ID) VALUES ('1511451595465-22', 'R3.Corda', 'migration/vault-schema.changelog-init.xml', NOW(), 2, '8:4ae481f11ac84744a4392bbfd533fa75', 'createTable tableName=vault_fungible_states', '', 'EXECUTED', NULL, NULL, '3.6.3', '2067485978') {changeSet=migration/vault-schema.changelog-init.xml::1511451595465-22::R3.Corda, databaseChangeLog=master.changelog.json}
?[m?[37m[INFO] 11:44:45,986 [Test worker] jvm.JdbcExecutor. - CREATE TABLE PUBLIC.vault_fungible_states_parts (output_index INT NOT NULL, transaction_id NVARCHAR(64) NOT NULL, participants NVARCHAR(255)) {changeSet=migration/vault-schema.changelog-init.xml::1511451595465-23::R3.Corda, databaseChangeLog=master.changelog.json}
?[m?[37m[INFO] 11:44:45,986 [Test worker] changelog.ChangeSet. - Table vault_fungible_states_parts created {changeSet=migration/vault-schema.changelog-init.xml::1511451595465-23::R3.Corda, databaseChangeLog=master.changelog.json}
?[m?[37m[INFO] 11:44:45,986 [Test worker] changelog.ChangeSet. - ChangeSet migration/vault-schema.changelog-init.xml::1511451595465-23::R3.Corda ran successfully in 1ms {changeSet=migration/vault-schema.changelog-init.xml::1511451595465-23::R3.Corda, databaseChangeLog=master.changelog.json}
?[m?[37m[INFO] 11:44:45,986 [Test worker] jvm.JdbcExecutor. - INSERT INTO PUBLIC.DATABASECHANGELOG (ID, AUTHOR, FILENAME, DATEEXECUTED, ORDEREXECUTED, MD5SUM, DESCRIPTION, COMMENTS, EXECTYPE, CONTEXTS, LABELS, LIQUIBASE, DEPLOYMENT_ID) VALUES ('1511451595465-23', 'R3.Corda', 'migration/vault-schema.changelog-init.xml', NOW(), 3, '8:3222255d3b2e04b9dfad42d9acab103e', 'createTable tableName=vault_fungible_states_parts', '', 'EXECUTED', NULL, NULL, '3.6.3', '2067485978') {changeSet=migration/vault-schema.changelog-init.xml::1511451595465-23::R3.Corda, databaseChangeLog=master.changelog.json}
?[m?[37m[INFO] 11:44:45,986 [Test worker] jvm.JdbcExecutor. - CREATE TABLE PUBLIC.vault_linear_states (output_index INT NOT NULL, transaction_id NVARCHAR(64) NOT NULL, external_id NVARCHAR(255), uuid VARCHAR(255) NOT NULL) {changeSet=migration/vault-schema.changelog-init.xml::1511451595465-24::R3.Corda, databaseChangeLog=master.changelog.json}
?[m?[37m[INFO] 11:44:45,986 [Test worker] changelog.ChangeSet. - Table vault_linear_states created {changeSet=migration/vault-schema.changelog-init.xml::1511451595465-24::R3.Corda, databaseChangeLog=master.changelog.json}
?[m?[37m[INFO] 11:44:45,986 [Test worker] changelog.ChangeSet. - ChangeSet migration/vault-schema.changelog-init.xml::1511451595465-24::R3.Corda ran successfully in 0ms {changeSet=migration/vault-schema.changelog-init.xml::1511451595465-24::R3.Corda, databaseChangeLog=master.changelog.json}
?[m?[37m[INFO] 11:44:45,986 [Test worker] jvm.JdbcExecutor. - INSERT INTO PUBLIC.DATABASECHANGELOG (ID, AUTHOR, FILENAME, DATEEXECUTED, ORDEREXECUTED, MD5SUM, DESCRIPTION, COMMENTS, EXECTYPE, CONTEXTS, LABELS, LIQUIBASE, DEPLOYMENT_ID) VALUES ('1511451595465-24', 'R3.Corda', 'migration/vault-schema.changelog-init.xml', NOW(), 4, '8:fb2c5b52213239424320d137dc22059b', 'createTable tableName=vault_linear_states', '', 'EXECUTED', NULL, NULL, '3.6.3', '2067485978') {changeSet=migration/vault-schema.changelog-init.xml::1511451595465-24::R3.Corda, databaseChangeLog=master.changelog.json}
?[m?[37m[INFO] 11:44:45,986 [Test worker] jvm.JdbcExecutor. - CREATE TABLE PUBLIC.vault_linear_states_parts (output_index INT NOT NULL, transaction_id NVARCHAR(64) NOT NULL, participants NVARCHAR(255)) {changeSet=migration/vault-schema.changelog-init.xml::1511451595465-25::R3.Corda, databaseChangeLog=master.changelog.json}
?[m?[37m[INFO] 11:44:45,986 [Test worker] changelog.ChangeSet. - Table vault_linear_states_parts created {changeSet=migration/vault-schema.changelog-init.xml::1511451595465-25::R3.Corda, databaseChangeLog=master.changelog.json}
?[m?[37m[INFO] 11:44:45,986 [Test worker] changelog.ChangeSet. - ChangeSet migration/vault-schema.changelog-init.xml::1511451595465-25::R3.Corda ran successfully in 0ms {changeSet=migration/vault-schema.changelog-init.xml::1511451595465-25::R3.Corda, databaseChangeLog=master.changelog.json}
?[m?[37m[INFO] 11:44:45,987 [Test worker] jvm.JdbcExecutor. - INSERT INTO PUBLIC.DATABASECHANGELOG (ID, AUTHOR, FILENAME, DATEEXECUTED, ORDEREXECUTED, MD5SUM, DESCRIPTION, COMMENTS, EXECTYPE, CONTEXTS, LABELS, LIQUIBASE, DEPLOYMENT_ID) VALUES ('1511451595465-25', 'R3.Corda', 'migration/vault-schema.changelog-init.xml', NOW(), 5, '8:ccb2ca1b37c0eeb2ac12506f17bc8ee0', 'createTable tableName=vault_linear_states_parts', '', 'EXECUTED', NULL, NULL, '3.6.3', '2067485978') {changeSet=migration/vault-schema.changelog-init.xml::1511451595465-25::R3.Corda, databaseChangeLog=master.changelog.json}
?[m?[37m[INFO] 11:44:45,987 [Test worker] jvm.JdbcExecutor. - CREATE TABLE PUBLIC.vault_states (output_index INT NOT NULL, transaction_id NVARCHAR(64) NOT NULL, consumed_timestamp TIMESTAMP, contract_state_class_name NVARCHAR(255), lock_id NVARCHAR(255), lock_timestamp TIMESTAMP, notary_name NVARCHAR(255), recorded_timestamp TIMESTAMP, state_status INT) {changeSet=migration/vault-schema.changelog-init.xml::1511451595465-26::R3.Corda, databaseChangeLog=master.changelog.json}
?[m?[37m[INFO] 11:44:45,987 [Test worker] changelog.ChangeSet. - Table vault_states created {changeSet=migration/vault-schema.changelog-init.xml::1511451595465-26::R3.Corda, databaseChangeLog=master.changelog.json}
?[m?[37m[INFO] 11:44:45,987 [Test worker] changelog.ChangeSet. - ChangeSet migration/vault-schema.changelog-init.xml::1511451595465-26::R3.Corda ran successfully in 0ms {changeSet=migration/vault-schema.changelog-init.xml::1511451595465-26::R3.Corda, databaseChangeLog=master.changelog.json}
?[m?[37m[INFO] 11:44:45,987 [Test worker] jvm.JdbcExecutor. - INSERT INTO PUBLIC.DATABASECHANGELOG (ID, AUTHOR, FILENAME, DATEEXECUTED, ORDEREXECUTED, MD5SUM, DESCRIPTION, COMMENTS, EXECTYPE, CONTEXTS, LABELS, LIQUIBASE, DEPLOYMENT_ID) VALUES ('1511451595465-26', 'R3.Corda', 'migration/vault-schema.changelog-init.xml', NOW(), 6, '8:971edadc2af9e847ed490f418530d40b', 'createTable tableName=vault_states', '', 'EXECUTED', NULL, NULL, '3.6.3', '2067485978') {changeSet=migration/vault-schema.changelog-init.xml::1511451595465-26::R3.Corda, databaseChangeLog=master.changelog.json}
?[m?[37m[INFO] 11:44:45,987 [Test worker] jvm.JdbcExecutor. - CREATE TABLE PUBLIC.vault_transaction_notes (seq_no INT NOT NULL, note NVARCHAR(255), transaction_id NVARCHAR(64)) {changeSet=migration/vault-schema.changelog-init.xml::1511451595465-27::R3.Corda, databaseChangeLog=master.changelog.json}
?[m?[37m[INFO] 11:44:45,987 [Test worker] changelog.ChangeSet. - Table vault_transaction_notes created {changeSet=migration/vault-schema.changelog-init.xml::1511451595465-27::R3.Corda, databaseChangeLog=master.changelog.json}
?[m?[37m[INFO] 11:44:45,987 [Test worker] changelog.ChangeSet. - ChangeSet migration/vault-schema.changelog-init.xml::1511451595465-27::R3.Corda ran successfully in 0ms {changeSet=migration/vault-schema.changelog-init.xml::1511451595465-27::R3.Corda, databaseChangeLog=master.changelog.json}
?[m?[37m[INFO] 11:44:45,987 [Test worker] jvm.JdbcExecutor. - INSERT INTO PUBLIC.DATABASECHANGELOG (ID, AUTHOR, FILENAME, DATEEXECUTED, ORDEREXECUTED, MD5SUM, DESCRIPTION, COMMENTS, EXECTYPE, CONTEXTS, LABELS, LIQUIBASE, DEPLOYMENT_ID) VALUES ('1511451595465-27', 'R3.Corda', 'migration/vault-schema.changelog-init.xml', NOW(), 7, '8:7a8064e58d100a02ed56e538122296e4', 'createTable tableName=vault_transaction_notes', '', 'EXECUTED', NULL, NULL, '3.6.3', '2067485978') {changeSet=migration/vault-schema.changelog-init.xml::1511451595465-27::R3.Corda, databaseChangeLog=master.changelog.json}
?[m?[37m[INFO] 11:44:45,987 [Test worker] jvm.JdbcExecutor. - ALTER TABLE PUBLIC.vault_fungible_states ADD CONSTRAINT vault_fungible_states_pkey PRIMARY KEY (output_index, transaction_id) {changeSet=migration/vault-schema.changelog-init.xml::1511451595465-47::R3.Corda, databaseChangeLog=master.changelog.json}
?[m?[37m[INFO] 11:44:45,988 [Test worker] changelog.ChangeSet. - Primary key added to vault_fungible_states (output_index, transaction_id) {changeSet=migration/vault-schema.changelog-init.xml::1511451595465-47::R3.Corda, databaseChangeLog=master.changelog.json}
?[m?[37m[INFO] 11:44:45,988 [Test worker] changelog.ChangeSet. - ChangeSet migration/vault-schema.changelog-init.xml::1511451595465-47::R3.Corda ran successfully in 1ms {changeSet=migration/vault-schema.changelog-init.xml::1511451595465-47::R3.Corda, databaseChangeLog=master.changelog.json}
?[m?[37m[INFO] 11:44:45,988 [Test worker] jvm.JdbcExecutor. - INSERT INTO PUBLIC.DATABASECHANGELOG (ID, AUTHOR, FILENAME, DATEEXECUTED, ORDEREXECUTED, MD5SUM, DESCRIPTION, COMMENTS, EXECTYPE, CONTEXTS, LABELS, LIQUIBASE, DEPLOYMENT_ID) VALUES ('1511451595465-47', 'R3.Corda', 'migration/vault-schema.changelog-init.xml', NOW(), 8, '8:4eddd48de14b69bdd265a4b0c438f070', 'addPrimaryKey constraintName=vault_fungible_states_pkey, tableName=vault_fungible_states', '', 'EXECUTED', NULL, NULL, '3.6.3', '2067485978') {changeSet=migration/vault-schema.changelog-init.xml::1511451595465-47::R3.Corda, databaseChangeLog=master.changelog.json}
?[m?[37m[INFO] 11:44:45,988 [Test worker] jvm.JdbcExecutor. - ALTER TABLE PUBLIC.vault_linear_states ADD CONSTRAINT vault_linear_states_pkey PRIMARY KEY (output_index, transaction_id) {changeSet=migration/vault-schema.changelog-init.xml::1511451595465-48::R3.Corda, databaseChangeLog=master.changelog.json}
?[m?[37m[INFO] 11:44:45,988 [Test worker] changelog.ChangeSet. - Primary key added to vault_linear_states (output_index, transaction_id) {changeSet=migration/vault-schema.changelog-init.xml::1511451595465-48::R3.Corda, databaseChangeLog=master.changelog.json}
?[m?[37m[INFO] 11:44:45,988 [Test worker] changelog.ChangeSet. - ChangeSet migration/vault-schema.changelog-init.xml::1511451595465-48::R3.Corda ran successfully in 0ms {changeSet=migration/vault-schema.changelog-init.xml::1511451595465-48::R3.Corda, databaseChangeLog=master.changelog.json}
?[m?[37m[INFO] 11:44:45,988 [Test worker] jvm.JdbcExecutor. - INSERT INTO PUBLIC.DATABASECHANGELOG (ID, AUTHOR, FILENAME, DATEEXECUTED, ORDEREXECUTED, MD5SUM, DESCRIPTION, COMMENTS, EXECTYPE, CONTEXTS, LABELS, LIQUIBASE, DEPLOYMENT_ID) VALUES ('1511451595465-48', 'R3.Corda', 'migration/vault-schema.changelog-init.xml', NOW(), 9, '8:3695c44ddebef2dde359dec253a5969a', 'addPrimaryKey constraintName=vault_linear_states_pkey, tableName=vault_linear_states', '', 'EXECUTED', NULL, NULL, '3.6.3', '2067485978') {changeSet=migration/vault-schema.changelog-init.xml::1511451595465-48::R3.Corda, databaseChangeLog=master.changelog.json}
?[m?[37m[INFO] 11:44:45,988 [Test worker] jvm.JdbcExecutor. - ALTER TABLE PUBLIC.vault_states ADD CONSTRAINT vault_states_pkey PRIMARY KEY (output_index, transaction_id) {changeSet=migration/vault-schema.changelog-init.xml::1511451595465-49::R3.Corda, databaseChangeLog=master.changelog.json}
?[m?[37m[INFO] 11:44:45,988 [Test worker] changelog.ChangeSet. - Primary key added to vault_states (output_index, transaction_id) {changeSet=migration/vault-schema.changelog-init.xml::1511451595465-49::R3.Corda, databaseChangeLog=master.changelog.json}
?[m?[37m[INFO] 11:44:45,988 [Test worker] changelog.ChangeSet. - ChangeSet migration/vault-schema.changelog-init.xml::1511451595465-49::R3.Corda ran successfully in 0ms {changeSet=migration/vault-schema.changelog-init.xml::1511451595465-49::R3.Corda, databaseChangeLog=master.changelog.json}
?[m?[37m[INFO] 11:44:45,988 [Test worker] jvm.JdbcExecutor. - INSERT INTO PUBLIC.DATABASECHANGELOG (ID, AUTHOR, FILENAME, DATEEXECUTED, ORDEREXECUTED, MD5SUM, DESCRIPTION, COMMENTS, EXECTYPE, CONTEXTS, LABELS, LIQUIBASE, DEPLOYMENT_ID) VALUES ('1511451595465-49', 'R3.Corda', 'migration/vault-schema.changelog-init.xml', NOW(), 10, '8:5d21dc3c09051ea30475250d25178892', 'addPrimaryKey constraintName=vault_states_pkey, tableName=vault_states', '', 'EXECUTED', NULL, NULL, '3.6.3', '2067485978') {changeSet=migration/vault-schema.changelog-init.xml::1511451595465-49::R3.Corda, databaseChangeLog=master.changelog.json}
?[m?[37m[INFO] 11:44:45,989 [Test worker] jvm.JdbcExecutor. - ALTER TABLE PUBLIC.vault_transaction_notes ADD CONSTRAINT vault_transaction_notes_pkey PRIMARY KEY (seq_no) {changeSet=migration/vault-schema.changelog-init.xml::1511451595465-50::R3.Corda, databaseChangeLog=master.changelog.json}
?[m?[37m[INFO] 11:44:45,989 [Test worker] changelog.ChangeSet. - Primary key added to vault_transaction_notes (seq_no) {changeSet=migration/vault-schema.changelog-init.xml::1511451595465-50::R3.Corda, databaseChangeLog=master.changelog.json}
?[m?[37m[INFO] 11:44:45,989 [Test worker] changelog.ChangeSet. - ChangeSet migration/vault-schema.changelog-init.xml::1511451595465-50::R3.Corda ran successfully in 1ms {changeSet=migration/vault-schema.changelog-init.xml::1511451595465-50::R3.Corda, databaseChangeLog=master.changelog.json}
?[m?[37m[INFO] 11:44:45,989 [Test worker] jvm.JdbcExecutor. - INSERT INTO PUBLIC.DATABASECHANGELOG (ID, AUTHOR, FILENAME, DATEEXECUTED, ORDEREXECUTED, MD5SUM, DESCRIPTION, COMMENTS, EXECTYPE, CONTEXTS, LABELS, LIQUIBASE, DEPLOYMENT_ID) VALUES ('1511451595465-50', 'R3.Corda', 'migration/vault-schema.changelog-init.xml', NOW(), 11, '8:2bf545e5d7593a3456708426c3686ebb', 'addPrimaryKey constraintName=vault_transaction_notes_pkey, tableName=vault_transaction_notes', '', 'EXECUTED', NULL, NULL, '3.6.3', '2067485978') {changeSet=migration/vault-schema.changelog-init.xml::1511451595465-50::R3.Corda, databaseChangeLog=master.changelog.json}
?[m?[37m[INFO] 11:44:45,989 [Test worker] jvm.JdbcExecutor. - CREATE INDEX PUBLIC.external_id_index ON PUBLIC.vault_linear_states(external_id) {changeSet=migration/vault-schema.changelog-init.xml::1511451595465-53::R3.Corda, databaseChangeLog=master.changelog.json}
?[m?[37m[INFO] 11:44:45,989 [Test worker] changelog.ChangeSet. - Index external_id_index created {changeSet=migration/vault-schema.changelog-init.xml::1511451595465-53::R3.Corda, databaseChangeLog=master.changelog.json}
?[m?[37m[INFO] 11:44:45,989 [Test worker] changelog.ChangeSet. - ChangeSet migration/vault-schema.changelog-init.xml::1511451595465-53::R3.Corda ran successfully in 0ms {changeSet=migration/vault-schema.changelog-init.xml::1511451595465-53::R3.Corda, databaseChangeLog=master.changelog.json}
?[m?[37m[INFO] 11:44:45,989 [Test worker] jvm.JdbcExecutor. - INSERT INTO PUBLIC.DATABASECHANGELOG (ID, AUTHOR, FILENAME, DATEEXECUTED, ORDEREXECUTED, MD5SUM, DESCRIPTION, COMMENTS, EXECTYPE, CONTEXTS, LABELS, LIQUIBASE, DEPLOYMENT_ID) VALUES ('1511451595465-53', 'R3.Corda', 'migration/vault-schema.changelog-init.xml', NOW(), 12, '8:b1272090dcd2325b0382f829ce13a1ff', 'createIndex indexName=external_id_index, tableName=vault_linear_states', '', 'EXECUTED', NULL, NULL, '3.6.3', '2067485978') {changeSet=migration/vault-schema.changelog-init.xml::1511451595465-53::R3.Corda, databaseChangeLog=master.changelog.json}
?[m?[37m[INFO] 11:44:45,989 [Test worker] jvm.JdbcExecutor. - CREATE INDEX PUBLIC.lock_id_idx ON PUBLIC.vault_states(lock_id, state_status) {changeSet=migration/vault-schema.changelog-init.xml::1511451595465-55::R3.Corda, databaseChangeLog=master.changelog.json}
?[m?[37m[INFO] 11:44:45,989 [Test worker] changelog.ChangeSet. - Index lock_id_idx created {changeSet=migration/vault-schema.changelog-init.xml::1511451595465-55::R3.Corda, databaseChangeLog=master.changelog.json}
?[m?[37m[INFO] 11:44:45,989 [Test worker] changelog.ChangeSet. - ChangeSet migration/vault-schema.changelog-init.xml::1511451595465-55::R3.Corda ran successfully in 0ms {changeSet=migration/vault-schema.changelog-init.xml::1511451595465-55::R3.Corda, databaseChangeLog=master.changelog.json}
?[m?[37m[INFO] 11:44:45,989 [Test worker] jvm.JdbcExecutor. - INSERT INTO PUBLIC.DATABASECHANGELOG (ID, AUTHOR, FILENAME, DATEEXECUTED, ORDEREXECUTED, MD5SUM, DESCRIPTION, COMMENTS, EXECTYPE, CONTEXTS, LABELS, LIQUIBASE, DEPLOYMENT_ID) VALUES ('1511451595465-55', 'R3.Corda', 'migration/vault-schema.changelog-init.xml', NOW(), 13, '8:0b77fbedaccc2eed4b8efd6fddf6581b', 'createIndex indexName=lock_id_idx, tableName=vault_states', '', 'EXECUTED', NULL, NULL, '3.6.3', '2067485978') {changeSet=migration/vault-schema.changelog-init.xml::1511451595465-55::R3.Corda, databaseChangeLog=master.changelog.json}
?[m?[37m[INFO] 11:44:45,990 [Test worker] jvm.JdbcExecutor. - CREATE INDEX PUBLIC.state_status_idx ON PUBLIC.vault_states(state_status) {changeSet=migration/vault-schema.changelog-init.xml::1511451595465-58::R3.Corda, databaseChangeLog=master.changelog.json}
?[m?[37m[INFO] 11:44:45,990 [Test worker] changelog.ChangeSet. - Index state_status_idx created {changeSet=migration/vault-schema.changelog-init.xml::1511451595465-58::R3.Corda, databaseChangeLog=master.changelog.json}
?[m?[37m[INFO] 11:44:45,990 [Test worker] changelog.ChangeSet. - ChangeSet migration/vault-schema.changelog-init.xml::1511451595465-58::R3.Corda ran successfully in 0ms {changeSet=migration/vault-schema.changelog-init.xml::1511451595465-58::R3.Corda, databaseChangeLog=master.changelog.json}
?[m?[37m[INFO] 11:44:45,990 [Test worker] jvm.JdbcExecutor. - INSERT INTO PUBLIC.DATABASECHANGELOG (ID, AUTHOR, FILENAME, DATEEXECUTED, ORDEREXECUTED, MD5SUM, DESCRIPTION, COMMENTS, EXECTYPE, CONTEXTS, LABELS, LIQUIBASE, DEPLOYMENT_ID) VALUES ('1511451595465-58', 'R3.Corda', 'migration/vault-schema.changelog-init.xml', NOW(), 14, '8:7a1bbb20835907728df143e4cc1bfc04', 'createIndex indexName=state_status_idx, tableName=vault_states', '', 'EXECUTED', NULL, NULL, '3.6.3', '2067485978') {changeSet=migration/vault-schema.changelog-init.xml::1511451595465-58::R3.Corda, databaseChangeLog=master.changelog.json}
?[m?[37m[INFO] 11:44:45,990 [Test worker] jvm.JdbcExecutor. - CREATE INDEX PUBLIC.transaction_id_index ON PUBLIC.vault_transaction_notes(transaction_id) {changeSet=migration/vault-schema.changelog-init.xml::1511451595465-59::R3.Corda, databaseChangeLog=master.changelog.json}
?[m?[37m[INFO] 11:44:45,990 [Test worker] changelog.ChangeSet. - Index transaction_id_index created {changeSet=migration/vault-schema.changelog-init.xml::1511451595465-59::R3.Corda, databaseChangeLog=master.changelog.json}
?[m?[37m[INFO] 11:44:45,990 [Test worker] changelog.ChangeSet. - ChangeSet migration/vault-schema.changelog-init.xml::1511451595465-59::R3.Corda ran successfully in 0ms {changeSet=migration/vault-schema.changelog-init.xml::1511451595465-59::R3.Corda, databaseChangeLog=master.changelog.json}
?[m?[37m[INFO] 11:44:45,990 [Test worker] jvm.JdbcExecutor. - INSERT INTO PUBLIC.DATABASECHANGELOG (ID, AUTHOR, FILENAME, DATEEXECUTED, ORDEREXECUTED, MD5SUM, DESCRIPTION, COMMENTS, EXECTYPE, CONTEXTS, LABELS, LIQUIBASE, DEPLOYMENT_ID) VALUES ('1511451595465-59', 'R3.Corda', 'migration/vault-schema.changelog-init.xml', NOW(), 15, '8:2bfe64cedfc8120dc219d42dc19d49f6', 'createIndex indexName=transaction_id_index, tableName=vault_transaction_notes', '', 'EXECUTED', NULL, NULL, '3.6.3', '2067485978') {changeSet=migration/vault-schema.changelog-init.xml::1511451595465-59::R3.Corda, databaseChangeLog=master.changelog.json}
?[m?[37m[INFO] 11:44:45,990 [Test worker] jvm.JdbcExecutor. - CREATE INDEX PUBLIC.uuid_index ON PUBLIC.vault_linear_states(uuid) {changeSet=migration/vault-schema.changelog-init.xml::1511451595465-60::R3.Corda, databaseChangeLog=master.changelog.json}
?[m?[37m[INFO] 11:44:45,990 [Test worker] changelog.ChangeSet. - Index uuid_index created {changeSet=migration/vault-schema.changelog-init.xml::1511451595465-60::R3.Corda, databaseChangeLog=master.changelog.json}
?[m?[37m[INFO] 11:44:45,990 [Test worker] changelog.ChangeSet. - ChangeSet migration/vault-schema.changelog-init.xml::1511451595465-60::R3.Corda ran successfully in 0ms {changeSet=migration/vault-schema.changelog-init.xml::1511451595465-60::R3.Corda, databaseChangeLog=master.changelog.json}
?[m?[37m[INFO] 11:44:45,990 [Test worker] jvm.JdbcExecutor. - INSERT INTO PUBLIC.DATABASECHANGELOG (ID, AUTHOR, FILENAME, DATEEXECUTED, ORDEREXECUTED, MD5SUM, DESCRIPTION, COMMENTS, EXECTYPE, CONTEXTS, LABELS, LIQUIBASE, DEPLOYMENT_ID) VALUES ('1511451595465-60', 'R3.Corda', 'migration/vault-schema.changelog-init.xml', NOW(), 16, '8:4cffb289ce33d922274cc829175a2a55', 'createIndex indexName=uuid_index, tableName=vault_linear_states', '', 'EXECUTED', NULL, NULL, '3.6.3', '2067485978') {changeSet=migration/vault-schema.changelog-init.xml::1511451595465-60::R3.Corda, databaseChangeLog=master.changelog.json}
?[m?[37m[INFO] 11:44:45,991 [Test worker] jvm.JdbcExecutor. - ALTER TABLE PUBLIC.vault_fungible_states_parts ADD CONSTRAINT FK__fung_st_parts__fung_st FOREIGN KEY (output_index, transaction_id) REFERENCES PUBLIC.vault_fungible_states (output_index, transaction_id) {changeSet=migration/vault-schema.changelog-init.xml::1511451595465-64::R3.Corda, databaseChangeLog=master.changelog.json}
?[m?[37m[INFO] 11:44:45,991 [Test worker] changelog.ChangeSet. - Foreign key constraint added to vault_fungible_states_parts (output_index,transaction_id) {changeSet=migration/vault-schema.changelog-init.xml::1511451595465-64::R3.Corda, databaseChangeLog=master.changelog.json}
?[m?[37m[INFO] 11:44:45,991 [Test worker] changelog.ChangeSet. - ChangeSet migration/vault-schema.changelog-init.xml::1511451595465-64::R3.Corda ran successfully in 0ms {changeSet=migration/vault-schema.changelog-init.xml::1511451595465-64::R3.Corda, databaseChangeLog=master.changelog.json}
?[m?[37m[INFO] 11:44:45,991 [Test worker] jvm.JdbcExecutor. - INSERT INTO PUBLIC.DATABASECHANGELOG (ID, AUTHOR, FILENAME, DATEEXECUTED, ORDEREXECUTED, MD5SUM, DESCRIPTION, COMMENTS, EXECTYPE, CONTEXTS, LABELS, LIQUIBASE, DEPLOYMENT_ID) VALUES ('1511451595465-64', 'R3.Corda', 'migration/vault-schema.changelog-init.xml', NOW(), 17, '8:1bde72346badbbe52e74b189ce1d079c', 'addForeignKeyConstraint baseTableName=vault_fungible_states_parts, constraintName=FK__fung_st_parts__fung_st, referencedTableName=vault_fungible_states', '', 'EXECUTED', NULL, NULL, '3.6.3', '2067485978') {changeSet=migration/vault-schema.changelog-init.xml::1511451595465-64::R3.Corda, databaseChangeLog=master.changelog.json}
?[m?[37m[INFO] 11:44:45,991 [Test worker] jvm.JdbcExecutor. - ALTER TABLE PUBLIC.vault_linear_states_parts ADD CONSTRAINT FK__lin_stat_parts__lin_stat FOREIGN KEY (output_index, transaction_id) REFERENCES PUBLIC.vault_linear_states (output_index, transaction_id) {changeSet=migration/vault-schema.changelog-init.xml::1511451595465-65::R3.Corda, databaseChangeLog=master.changelog.json}
?[m?[37m[INFO] 11:44:45,991 [Test worker] changelog.ChangeSet. - Foreign key constraint added to vault_linear_states_parts (output_index,transaction_id) {changeSet=migration/vault-schema.changelog-init.xml::1511451595465-65::R3.Corda, databaseChangeLog=master.changelog.json}
?[m?[37m[INFO] 11:44:45,991 [Test worker] changelog.ChangeSet. - ChangeSet migration/vault-schema.changelog-init.xml::1511451595465-65::R3.Corda ran successfully in 0ms {changeSet=migration/vault-schema.changelog-init.xml::1511451595465-65::R3.Corda, databaseChangeLog=master.changelog.json}
?[m?[37m[INFO] 11:44:45,992 [Test worker] jvm.JdbcExecutor. - INSERT INTO PUBLIC.DATABASECHANGELOG (ID, AUTHOR, FILENAME, DATEEXECUTED, ORDEREXECUTED, MD5SUM, DESCRIPTION, COMMENTS, EXECTYPE, CONTEXTS, LABELS, LIQUIBASE, DEPLOYMENT_ID) VALUES ('1511451595465-65', 'R3.Corda', 'migration/vault-schema.changelog-init.xml', NOW(), 18, '8:9a5d0106c45f631cb60a3e2f9542d2c2', 'addForeignKeyConstraint baseTableName=vault_linear_states_parts, constraintName=FK__lin_stat_parts__lin_stat, referencedTableName=vault_linear_states', '', 'EXECUTED', NULL, NULL, '3.6.3', '2067485978') {changeSet=migration/vault-schema.changelog-init.xml::1511451595465-65::R3.Corda, databaseChangeLog=master.changelog.json}
?[m?[37m[INFO] 11:44:45,992 [Test worker] jvm.JdbcExecutor. - DELETE FROM PUBLIC.vault_fungible_states_parts {changeSet=migration/vault-schema.changelog-v3.xml::clean_vault::R3.Corda, databaseChangeLog=master.changelog.json}
?[m?[37m[INFO] 11:44:45,992 [Test worker] changelog.ChangeSet. - Data deleted from vault_fungible_states_parts {changeSet=migration/vault-schema.changelog-v3.xml::clean_vault::R3.Corda, databaseChangeLog=master.changelog.json}
?[m?[37m[INFO] 11:44:45,992 [Test worker] jvm.JdbcExecutor. - DELETE FROM PUBLIC.vault_fungible_states {changeSet=migration/vault-schema.changelog-v3.xml::clean_vault::R3.Corda, databaseChangeLog=master.changelog.json}
?[m?[37m[INFO] 11:44:45,992 [Test worker] changelog.ChangeSet. - Data deleted from vault_fungible_states {changeSet=migration/vault-schema.changelog-v3.xml::clean_vault::R3.Corda, databaseChangeLog=master.changelog.json}
?[m?[37m[INFO] 11:44:45,992 [Test worker] jvm.JdbcExecutor. - DELETE FROM PUBLIC.vault_linear_states_parts {changeSet=migration/vault-schema.changelog-v3.xml::clean_vault::R3.Corda, databaseChangeLog=master.changelog.json}
?[m?[37m[INFO] 11:44:45,992 [Test worker] changelog.ChangeSet. - Data deleted from vault_linear_states_parts {changeSet=migration/vault-schema.changelog-v3.xml::clean_vault::R3.Corda, databaseChangeLog=master.changelog.json}
?[m?[37m[INFO] 11:44:45,992 [Test worker] jvm.JdbcExecutor. - DELETE FROM PUBLIC.vault_linear_states {changeSet=migration/vault-schema.changelog-v3.xml::clean_vault::R3.Corda, databaseChangeLog=master.changelog.json}
?[m?[37m[INFO] 11:44:45,992 [Test worker] changelog.ChangeSet. - Data deleted from vault_linear_states {changeSet=migration/vault-schema.changelog-v3.xml::clean_vault::R3.Corda, databaseChangeLog=master.changelog.json}
?[m?[37m[INFO] 11:44:45,992 [Test worker] jvm.JdbcExecutor. - DELETE FROM PUBLIC.vault_states {changeSet=migration/vault-schema.changelog-v3.xml::clean_vault::R3.Corda, databaseChangeLog=master.changelog.json}
?[m?[37m[INFO] 11:44:45,992 [Test worker] changelog.ChangeSet. - Data deleted from vault_states {changeSet=migration/vault-schema.changelog-v3.xml::clean_vault::R3.Corda, databaseChangeLog=master.changelog.json}
?[m?[37m[INFO] 11:44:45,992 [Test worker] jvm.JdbcExecutor. - DELETE FROM PUBLIC.vault_transaction_notes {changeSet=migration/vault-schema.changelog-v3.xml::clean_vault::R3.Corda, databaseChangeLog=master.changelog.json}
?[m?[37m[INFO] 11:44:45,992 [Test worker] changelog.ChangeSet. - Data deleted from vault_transaction_notes {changeSet=migration/vault-schema.changelog-v3.xml::clean_vault::R3.Corda, databaseChangeLog=master.changelog.json}
?[m?[37m[INFO] 11:44:45,992 [Test worker] changelog.ChangeSet. - ChangeSet migration/vault-schema.changelog-v3.xml::clean_vault::R3.Corda ran successfully in 0ms {changeSet=migration/vault-schema.changelog-v3.xml::clean_vault::R3.Corda, databaseChangeLog=master.changelog.json}
?[m?[37m[INFO] 11:44:45,992 [Test worker] jvm.JdbcExecutor. - INSERT INTO PUBLIC.DATABASECHANGELOG (ID, AUTHOR, FILENAME, DATEEXECUTED, ORDEREXECUTED, MD5SUM, DESCRIPTION, COMMENTS, EXECTYPE, CONTEXTS, LABELS, LIQUIBASE, DEPLOYMENT_ID) VALUES ('clean_vault', 'R3.Corda', 'migration/vault-schema.changelog-v3.xml', NOW(), 19, '8:0701d37bf9b322ada2323cea6db9393c', 'delete tableName=vault_fungible_states_parts; delete tableName=vault_fungible_states; delete tableName=vault_linear_states_parts; delete tableName=vault_linear_states; delete tableName=vault_states; delete tableName=vault_transaction_notes', '', 'EXECUTED', NULL, NULL, '3.6.3', '2067485978') {changeSet=migration/vault-schema.changelog-v3.xml::clean_vault::R3.Corda, databaseChangeLog=master.changelog.json}
?[m?[37m[INFO] 11:44:45,992 [Test worker] jvm.JdbcExecutor. - ALTER TABLE PUBLIC.vault_fungible_states ALTER COLUMN quantity SET NOT NULL {changeSet=migration/vault-schema.changelog-v4.xml::nullability::R3.Corda, databaseChangeLog=master.changelog.json}
?[m?[37m[INFO] 11:44:45,992 [Test worker] changelog.ChangeSet. - NOT NULL constraint has been added to vault_fungible_states.quantity {changeSet=migration/vault-schema.changelog-v4.xml::nullability::R3.Corda, databaseChangeLog=master.changelog.json}
?[m?[37m[INFO] 11:44:45,992 [Test worker] jvm.JdbcExecutor. - ALTER TABLE PUBLIC.vault_states ALTER COLUMN contract_state_class_name SET NOT NULL {changeSet=migration/vault-schema.changelog-v4.xml::nullability::R3.Corda, databaseChangeLog=master.changelog.json}
?[m?[37m[INFO] 11:44:45,992 [Test worker] changelog.ChangeSet. - NOT NULL constraint has been added to vault_states.contract_state_class_name {changeSet=migration/vault-schema.changelog-v4.xml::nullability::R3.Corda, databaseChangeLog=master.changelog.json}
?[m?[37m[INFO] 11:44:45,992 [Test worker] jvm.JdbcExecutor. - ALTER TABLE PUBLIC.vault_states ALTER COLUMN notary_name SET NOT NULL {changeSet=migration/vault-schema.changelog-v4.xml::nullability::R3.Corda, databaseChangeLog=master.changelog.json}
?[m?[37m[INFO] 11:44:45,992 [Test worker] changelog.ChangeSet. - NOT NULL constraint has been added to vault_states.notary_name {changeSet=migration/vault-schema.changelog-v4.xml::nullability::R3.Corda, databaseChangeLog=master.changelog.json}
?[m?[37m[INFO] 11:44:45,992 [Test worker] jvm.JdbcExecutor. - ALTER TABLE PUBLIC.vault_states ALTER COLUMN recorded_timestamp SET NOT NULL {changeSet=migration/vault-schema.changelog-v4.xml::nullability::R3.Corda, databaseChangeLog=master.changelog.json}
?[m?[37m[INFO] 11:44:45,992 [Test worker] changelog.ChangeSet. - NOT NULL constraint has been added to vault_states.recorded_timestamp {changeSet=migration/vault-schema.changelog-v4.xml::nullability::R3.Corda, databaseChangeLog=master.changelog.json}
?[m?[37m[INFO] 11:44:45,993 [Test worker] jvm.JdbcExecutor. - DROP INDEX PUBLIC.state_status_idx {changeSet=migration/vault-schema.changelog-v4.xml::nullability::R3.Corda, databaseChangeLog=master.changelog.json}
?[m?[37m[INFO] 11:44:45,993 [Test worker] changelog.ChangeSet. - Index state_status_idx dropped from table vault_states {changeSet=migration/vault-schema.changelog-v4.xml::nullability::R3.Corda, databaseChangeLog=master.changelog.json}
?[m?[37m[INFO] 11:44:45,993 [Test worker] jvm.JdbcExecutor. - DROP INDEX PUBLIC.lock_id_idx {changeSet=migration/vault-schema.changelog-v4.xml::nullability::R3.Corda, databaseChangeLog=master.changelog.json}
?[m?[37m[INFO] 11:44:45,993 [Test worker] changelog.ChangeSet. - Index lock_id_idx dropped from table vault_states {changeSet=migration/vault-schema.changelog-v4.xml::nullability::R3.Corda, databaseChangeLog=master.changelog.json}
?[m?[37m[INFO] 11:44:45,993 [Test worker] jvm.JdbcExecutor. - ALTER TABLE PUBLIC.vault_states ALTER COLUMN state_status SET NOT NULL {changeSet=migration/vault-schema.changelog-v4.xml::nullability::R3.Corda, databaseChangeLog=master.changelog.json}
?[m?[37m[INFO] 11:44:45,993 [Test worker] changelog.ChangeSet. - NOT NULL constraint has been added to vault_states.state_status {changeSet=migration/vault-schema.changelog-v4.xml::nullability::R3.Corda, databaseChangeLog=master.changelog.json}
?[m?[37m[INFO] 11:44:45,993 [Test worker] jvm.JdbcExecutor. - CREATE INDEX PUBLIC.state_status_idx ON PUBLIC.vault_states(state_status) {changeSet=migration/vault-schema.changelog-v4.xml::nullability::R3.Corda, databaseChangeLog=master.changelog.json}
?[m?[37m[INFO] 11:44:45,993 [Test worker] changelog.ChangeSet. - Index state_status_idx created {changeSet=migration/vault-schema.changelog-v4.xml::nullability::R3.Corda, databaseChangeLog=master.changelog.json}
?[m?[37m[INFO] 11:44:45,993 [Test worker] jvm.JdbcExecutor. - CREATE INDEX PUBLIC.lock_id_idx ON PUBLIC.vault_states(lock_id, state_status) {changeSet=migration/vault-schema.changelog-v4.xml::nullability::R3.Corda, databaseChangeLog=master.changelog.json}
?[m?[37m[INFO] 11:44:45,993 [Test worker] changelog.ChangeSet. - Index lock_id_idx created {changeSet=migration/vault-schema.changelog-v4.xml::nullability::R3.Corda, databaseChangeLog=master.changelog.json}
?[m?[37m[INFO] 11:44:45,993 [Test worker] jvm.JdbcExecutor. - DROP INDEX PUBLIC.transaction_id_index {changeSet=migration/vault-schema.changelog-v4.xml::nullability::R3.Corda, databaseChangeLog=master.changelog.json}
?[m?[37m[INFO] 11:44:45,993 [Test worker] changelog.ChangeSet. - Index transaction_id_index dropped from table vault_transaction_notes {changeSet=migration/vault-schema.changelog-v4.xml::nullability::R3.Corda, databaseChangeLog=master.changelog.json}
?[m?[37m[INFO] 11:44:45,993 [Test worker] jvm.JdbcExecutor. - ALTER TABLE PUBLIC.vault_transaction_notes ALTER COLUMN note SET NOT NULL {changeSet=migration/vault-schema.changelog-v4.xml::nullability::R3.Corda, databaseChangeLog=master.changelog.json}
?[m?[37m[INFO] 11:44:45,993 [Test worker] changelog.ChangeSet. - NOT NULL constraint has been added to vault_transaction_notes.note {changeSet=migration/vault-schema.changelog-v4.xml::nullability::R3.Corda, databaseChangeLog=master.changelog.json}
?[m?[37m[INFO] 11:44:45,993 [Test worker] jvm.JdbcExecutor. - ALTER TABLE PUBLIC.vault_transaction_notes ALTER COLUMN transaction_id SET NOT NULL {changeSet=migration/vault-schema.changelog-v4.xml::nullability::R3.Corda, databaseChangeLog=master.changelog.json}
?[m?[37m[INFO] 11:44:45,993 [Test worker] changelog.ChangeSet. - NOT NULL constraint has been added to vault_transaction_notes.transaction_id {changeSet=migration/vault-schema.changelog-v4.xml::nullability::R3.Corda, databaseChangeLog=master.changelog.json}
?[m?[37m[INFO] 11:44:45,993 [Test worker] jvm.JdbcExecutor. - CREATE INDEX PUBLIC.transaction_id_index ON PUBLIC.vault_transaction_notes(transaction_id) {changeSet=migration/vault-schema.changelog-v4.xml::nullability::R3.Corda, databaseChangeLog=master.changelog.json}
?[m?[37m[INFO] 11:44:45,993 [Test worker] changelog.ChangeSet. - Index transaction_id_index created {changeSet=migration/vault-schema.changelog-v4.xml::nullability::R3.Corda, databaseChangeLog=master.changelog.json}
?[m?[37m[INFO] 11:44:45,993 [Test worker] changelog.ChangeSet. - ChangeSet migration/vault-schema.changelog-v4.xml::nullability::R3.Corda ran successfully in 1ms {changeSet=migration/vault-schema.changelog-v4.xml::nullability::R3.Corda, databaseChangeLog=master.changelog.json}
?[m?[37m[INFO] 11:44:45,993 [Test worker] jvm.JdbcExecutor. - INSERT INTO PUBLIC.DATABASECHANGELOG (ID, AUTHOR, FILENAME, DATEEXECUTED, ORDEREXECUTED, MD5SUM, DESCRIPTION, COMMENTS, EXECTYPE, CONTEXTS, LABELS, LIQUIBASE, DEPLOYMENT_ID) VALUES ('nullability', 'R3.Corda', 'migration/vault-schema.changelog-v4.xml', NOW(), 20, '8:853fd1e24b974ff22712322ebb2860bf', 'addNotNullConstraint columnName=quantity, tableName=vault_fungible_states; addNotNullConstraint columnName=contract_state_class_name, tableName=vault_states; addNotNullConstraint columnName=notary_name, tableName=vault_states; addNotNullConstraint...', '', 'EXECUTED', NULL, NULL, '3.6.3', '2067485978') {changeSet=migration/vault-schema.changelog-v4.xml::nullability::R3.Corda, databaseChangeLog=master.changelog.json}
?[m?[37m[INFO] 11:44:45,994 [Test worker] jvm.JdbcExecutor. - INSERT INTO PUBLIC.DATABASECHANGELOG (ID, AUTHOR, FILENAME, DATEEXECUTED, ORDEREXECUTED, MD5SUM, DESCRIPTION, COMMENTS, EXECTYPE, CONTEXTS, LABELS, LIQUIBASE, DEPLOYMENT_ID) VALUES ('non-clustered_pk-11', 'R3.Corda', 'migration/vault-schema.changelog-pkey.xml', NOW(), 21, '8:7fca5375330f0b3b62de65b84274dd6e', 'dropForeignKeyConstraint baseTableName=vault_fungible_states_parts, constraintName=FK__fung_st_parts__fung_st; dropPrimaryKey constraintName=vault_fungible_states_pkey, tableName=vault_fungible_states; addPrimaryKey constraintName=vault_fungible_s...', '', 'MARK_RAN', NULL, NULL, '3.6.3', '2067485978') {changeSet=migration/vault-schema.changelog-pkey.xml::non-clustered_pk-11::R3.Corda, databaseChangeLog=master.changelog.json}
?[m?[37m[INFO] 11:44:45,994 [Test worker] jvm.JdbcExecutor. - INSERT INTO PUBLIC.DATABASECHANGELOG (ID, AUTHOR, FILENAME, DATEEXECUTED, ORDEREXECUTED, MD5SUM, DESCRIPTION, COMMENTS, EXECTYPE, CONTEXTS, LABELS, LIQUIBASE, DEPLOYMENT_ID) VALUES ('non-clustered_pk-12', 'R3.Corda', 'migration/vault-schema.changelog-pkey.xml', NOW(), 22, '8:8469058af292b08d108fcf1b3eb8fca4', 'dropForeignKeyConstraint baseTableName=vault_linear_states_parts, constraintName=FK__lin_stat_parts__lin_stat; dropPrimaryKey constraintName=vault_linear_states_pkey, tableName=vault_linear_states; addPrimaryKey constraintName=vault_linear_states_...', '', 'MARK_RAN', NULL, NULL, '3.6.3', '2067485978') {changeSet=migration/vault-schema.changelog-pkey.xml::non-clustered_pk-12::R3.Corda, databaseChangeLog=master.changelog.json}
?[m?[37m[INFO] 11:44:45,994 [Test worker] jvm.JdbcExecutor. - INSERT INTO PUBLIC.DATABASECHANGELOG (ID, AUTHOR, FILENAME, DATEEXECUTED, ORDEREXECUTED, MD5SUM, DESCRIPTION, COMMENTS, EXECTYPE, CONTEXTS, LABELS, LIQUIBASE, DEPLOYMENT_ID) VALUES ('non-clustered_pk-13', 'R3.Corda', 'migration/vault-schema.changelog-pkey.xml', NOW(), 23, '8:e0ccce8941c28a45870d60f5bf54cd50', 'dropPrimaryKey constraintName=vault_states_pkey, tableName=vault_states; addPrimaryKey constraintName=vault_states_pkey, tableName=vault_states', '', 'MARK_RAN', NULL, NULL, '3.6.3', '2067485978') {changeSet=migration/vault-schema.changelog-pkey.xml::non-clustered_pk-13::R3.Corda, databaseChangeLog=master.changelog.json}
?[m?[37m[INFO] 11:44:45,995 [Test worker] jvm.JdbcExecutor. - ALTER TABLE PUBLIC.vault_states ADD relevancy_status INT {changeSet=migration/vault-schema.changelog-v5.xml::add_relevancy_status_column::R3.Corda, databaseChangeLog=master.changelog.json}
?[m?[37m[INFO] 11:44:45,995 [Test worker] changelog.ChangeSet. - Columns relevancy_status(INT) added to vault_states {changeSet=migration/vault-schema.changelog-v5.xml::add_relevancy_status_column::R3.Corda, databaseChangeLog=master.changelog.json}
?[m?[37m[INFO] 11:44:45,995 [Test worker] jvm.JdbcExecutor. - UPDATE PUBLIC.vault_states SET relevancy_status = 0 {changeSet=migration/vault-schema.changelog-v5.xml::add_relevancy_status_column::R3.Corda, databaseChangeLog=master.changelog.json}
?[m?[37m[INFO] 11:44:45,995 [Test worker] changelog.ChangeSet. - Data updated in vault_states {changeSet=migration/vault-schema.changelog-v5.xml::add_relevancy_status_column::R3.Corda, databaseChangeLog=master.changelog.json}
?[m?[37m[INFO] 11:44:45,995 [Test worker] jvm.JdbcExecutor. - ALTER TABLE PUBLIC.vault_states ALTER COLUMN relevancy_status SET NOT NULL {changeSet=migration/vault-schema.changelog-v5.xml::add_relevancy_status_column::R3.Corda, databaseChangeLog=master.changelog.json}
?[m?[37m[INFO] 11:44:45,995 [Test worker] changelog.ChangeSet. - NOT NULL constraint has been added to vault_states.relevancy_status {changeSet=migration/vault-schema.changelog-v5.xml::add_relevancy_status_column::R3.Corda, databaseChangeLog=master.changelog.json}
?[m?[37m[INFO] 11:44:45,995 [Test worker] changelog.ChangeSet. - ChangeSet migration/vault-schema.changelog-v5.xml::add_relevancy_status_column::R3.Corda ran successfully in 0ms {changeSet=migration/vault-schema.changelog-v5.xml::add_relevancy_status_column::R3.Corda, databaseChangeLog=master.changelog.json}
?[m?[37m[INFO] 11:44:45,996 [Test worker] jvm.JdbcExecutor. - INSERT INTO PUBLIC.DATABASECHANGELOG (ID, AUTHOR, FILENAME, DATEEXECUTED, ORDEREXECUTED, MD5SUM, DESCRIPTION, COMMENTS, EXECTYPE, CONTEXTS, LABELS, LIQUIBASE, DEPLOYMENT_ID) VALUES ('add_relevancy_status_column', 'R3.Corda', 'migration/vault-schema.changelog-v5.xml', NOW(), 24, '8:93c5dcaf00387d4d643def4355a54b56', 'addColumn tableName=vault_states; update tableName=vault_states; addNotNullConstraint columnName=relevancy_status, tableName=vault_states', '', 'EXECUTED', NULL, NULL, '3.6.3', '2067485978') {changeSet=migration/vault-schema.changelog-v5.xml::add_relevancy_status_column::R3.Corda, databaseChangeLog=master.changelog.json}
?[m?[37m[INFO] 11:44:45,996 [Test worker] jvm.JdbcExecutor. - ALTER TABLE PUBLIC.vault_states ADD constraint_type INT DEFAULT '0' NOT NULL {changeSet=migration/vault-schema.changelog-v6.xml::add_is_constraint_information_columns::R3.Corda, databaseChangeLog=master.changelog.json}
?[m?[37m[INFO] 11:44:45,996 [Test worker] changelog.ChangeSet. - Columns constraint_type(INT) added to vault_states {changeSet=migration/vault-schema.changelog-v6.xml::add_is_constraint_information_columns::R3.Corda, databaseChangeLog=master.changelog.json}
?[m?[37m[INFO] 11:44:45,996 [Test worker] jvm.JdbcExecutor. - ALTER TABLE PUBLIC.vault_states ADD constraint_data VARBINARY(563) {changeSet=migration/vault-schema.changelog-v6.xml::add_is_constraint_information_columns::R3.Corda, databaseChangeLog=master.changelog.json}
?[m?[37m[INFO] 11:44:45,996 [Test worker] changelog.ChangeSet. - Columns constraint_data(varbinary(563)) added to vault_states {changeSet=migration/vault-schema.changelog-v6.xml::add_is_constraint_information_columns::R3.Corda, databaseChangeLog=master.changelog.json}
?[m?[37m[INFO] 11:44:45,996 [Test worker] changelog.ChangeSet. - ChangeSet migration/vault-schema.changelog-v6.xml::add_is_constraint_information_columns::R3.Corda ran successfully in 0ms {changeSet=migration/vault-schema.changelog-v6.xml::add_is_constraint_information_columns::R3.Corda, databaseChangeLog=master.changelog.json}
?[m?[37m[INFO] 11:44:45,997 [Test worker] jvm.JdbcExecutor. - INSERT INTO PUBLIC.DATABASECHANGELOG (ID, AUTHOR, FILENAME, DATEEXECUTED, ORDEREXECUTED, MD5SUM, DESCRIPTION, COMMENTS, EXECTYPE, CONTEXTS, LABELS, LIQUIBASE, DEPLOYMENT_ID) VALUES ('add_is_constraint_information_columns', 'R3.Corda', 'migration/vault-schema.changelog-v6.xml', NOW(), 25, '8:acf60bd84f648e157d402de8f8e22f3a', 'addColumn tableName=vault_states; addColumn tableName=vault_states', '', 'EXECUTED', NULL, NULL, '3.6.3', '2067485978') {changeSet=migration/vault-schema.changelog-v6.xml::add_is_constraint_information_columns::R3.Corda, databaseChangeLog=master.changelog.json}
?[m?[37m[INFO] 11:44:45,997 [Test worker] jvm.JdbcExecutor. - ALTER TABLE PUBLIC.vault_fungible_states ALTER COLUMN issuer_ref SET NULL {changeSet=migration/vault-schema.changelog-v7.xml::make_issuer_ref_nullable::R3.Corda, databaseChangeLog=master.changelog.json}
?[m?[37m[INFO] 11:44:45,997 [Test worker] changelog.ChangeSet. - Null constraint dropped from vault_fungible_states.issuer_ref {changeSet=migration/vault-schema.changelog-v7.xml::make_issuer_ref_nullable::R3.Corda, databaseChangeLog=master.changelog.json}
?[m?[37m[INFO] 11:44:45,997 [Test worker] changelog.ChangeSet. - ChangeSet migration/vault-schema.changelog-v7.xml::make_issuer_ref_nullable::R3.Corda ran successfully in 0ms {changeSet=migration/vault-schema.changelog-v7.xml::make_issuer_ref_nullable::R3.Corda, databaseChangeLog=master.changelog.json}
?[m?[37m[INFO] 11:44:45,997 [Test worker] jvm.JdbcExecutor. - INSERT INTO PUBLIC.DATABASECHANGELOG (ID, AUTHOR, FILENAME, DATEEXECUTED, ORDEREXECUTED, MD5SUM, DESCRIPTION, COMMENTS, EXECTYPE, CONTEXTS, LABELS, LIQUIBASE, DEPLOYMENT_ID) VALUES ('make_issuer_ref_nullable', 'R3.Corda', 'migration/vault-schema.changelog-v7.xml', NOW(), 26, '8:58039722b4808e90a7711d3c82e5fc95', 'dropNotNullConstraint columnName=issuer_ref, tableName=vault_fungible_states', '', 'EXECUTED', NULL, NULL, '3.6.3', '2067485978') {changeSet=migration/vault-schema.changelog-v7.xml::make_issuer_ref_nullable::R3.Corda, databaseChangeLog=master.changelog.json}
?[m?[37m[INFO] 11:44:45,997 [Test worker] jvm.JdbcExecutor. - CREATE TABLE PUBLIC.state_party (output_index INT, transaction_id NVARCHAR(64), public_key_hash NVARCHAR(255) NOT NULL, x500_name NVARCHAR(255)) {changeSet=migration/vault-schema.changelog-v8.xml::create-external-id-to-state-party-view::R3.Corda, databaseChangeLog=master.changelog.json}
?[m?[37m[INFO] 11:44:45,997 [Test worker] changelog.ChangeSet. - Table state_party created {changeSet=migration/vault-schema.changelog-v8.xml::create-external-id-to-state-party-view::R3.Corda, databaseChangeLog=master.changelog.json}
?[m?[37m[INFO] 11:44:45,997 [Test worker] jvm.JdbcExecutor. - CREATE INDEX PUBLIC.state_pk_hash_idx ON PUBLIC.state_party(public_key_hash) {changeSet=migration/vault-schema.changelog-v8.xml::create-external-id-to-state-party-view::R3.Corda, databaseChangeLog=master.changelog.json}
?[m?[37m[INFO] 11:44:45,997 [Test worker] changelog.ChangeSet. - Index state_pk_hash_idx created {changeSet=migration/vault-schema.changelog-v8.xml::create-external-id-to-state-party-view::R3.Corda, databaseChangeLog=master.changelog.json}
?[m?[37m[INFO] 11:44:45,997 [Test worker] jvm.JdbcExecutor. - CREATE TABLE PUBLIC.pk_hash_to_ext_id_map (id BIGINT NOT NULL, external_id VARCHAR(255) NOT NULL, public_key_hash NVARCHAR(255) NOT NULL) {changeSet=migration/vault-schema.changelog-v8.xml::create-external-id-to-state-party-view::R3.Corda, databaseChangeLog=master.changelog.json}
?[m?[37m[INFO] 11:44:45,997 [Test worker] changelog.ChangeSet. - Table pk_hash_to_ext_id_map created {changeSet=migration/vault-schema.changelog-v8.xml::create-external-id-to-state-party-view::R3.Corda, databaseChangeLog=master.changelog.json}
?[m?[37m[INFO] 11:44:45,997 [Test worker] jvm.JdbcExecutor. - CREATE INDEX PUBLIC.pk_hash_to_xid_idx ON PUBLIC.pk_hash_to_ext_id_map(public_key_hash) {changeSet=migration/vault-schema.changelog-v8.xml::create-external-id-to-state-party-view::R3.Corda, databaseChangeLog=master.changelog.json}
?[m?[37m[INFO] 11:44:45,997 [Test worker] changelog.ChangeSet. - Index pk_hash_to_xid_idx created {changeSet=migration/vault-schema.changelog-v8.xml::create-external-id-to-state-party-view::R3.Corda, databaseChangeLog=master.changelog.json}
?[m?[37m[INFO] 11:44:45,998 [Test worker] jvm.JdbcExecutor. - CREATE VIEW PUBLIC.v_pkey_hash_ex_id_map AS select
                state_party.public_key_hash,
                state_party.transaction_id,
                state_party.output_index,
                pk_hash_to_ext_id_map.external_id
            from state_party
            join pk_hash_to_ext_id_map
            on state_party.public_key_hash = pk_hash_to_ext_id_map.public_key_hash {changeSet=migration/vault-schema.changelog-v8.xml::create-external-id-to-state-party-view::R3.Corda, databaseChangeLog=master.changelog.json}
?[m?[37m[INFO] 11:44:45,998 [Test worker] changelog.ChangeSet. - View v_pkey_hash_ex_id_map created {changeSet=migration/vault-schema.changelog-v8.xml::create-external-id-to-state-party-view::R3.Corda, databaseChangeLog=master.changelog.json}
?[m?[37m[INFO] 11:44:45,998 [Test worker] changelog.ChangeSet. - ChangeSet migration/vault-schema.changelog-v8.xml::create-external-id-to-state-party-view::R3.Corda ran successfully in 1ms {changeSet=migration/vault-schema.changelog-v8.xml::create-external-id-to-state-party-view::R3.Corda, databaseChangeLog=master.changelog.json}
?[m?[37m[INFO] 11:44:45,998 [Test worker] jvm.JdbcExecutor. - INSERT INTO PUBLIC.DATABASECHANGELOG (ID, AUTHOR, FILENAME, DATEEXECUTED, ORDEREXECUTED, MD5SUM, DESCRIPTION, COMMENTS, EXECTYPE, CONTEXTS, LABELS, LIQUIBASE, DEPLOYMENT_ID) VALUES ('create-external-id-to-state-party-view', 'R3.Corda', 'migration/vault-schema.changelog-v8.xml', NOW(), 27, '8:9a5b20f7b7367bb3b86f600bccaa423b', 'createTable tableName=state_party; createIndex indexName=state_pk_hash_idx, tableName=state_party; createTable tableName=pk_hash_to_ext_id_map; createIndex indexName=pk_hash_to_xid_idx, tableName=pk_hash_to_ext_id_map; createView viewName=v_pkey_h...', '', 'EXECUTED', NULL, NULL, '3.6.3', '2067485978') {changeSet=migration/vault-schema.changelog-v8.xml::create-external-id-to-state-party-view::R3.Corda, databaseChangeLog=master.changelog.json}
?[m?[37m[INFO] 11:44:45,998 [Test worker] jvm.JdbcExecutor. - ALTER TABLE PUBLIC.vault_states ALTER COLUMN constraint_data VARBINARY(20000) {changeSet=migration/vault-schema.changelog-v11.xml::expand_constraint_data_size::R3.Corda, databaseChangeLog=master.changelog.json}
?[m?[37m[INFO] 11:44:45,998 [Test worker] changelog.ChangeSet. - vault_states.constraint_data datatype was changed to varbinary(20000) {changeSet=migration/vault-schema.changelog-v11.xml::expand_constraint_data_size::R3.Corda, databaseChangeLog=master.changelog.json}
?[m?[37m[INFO] 11:44:45,998 [Test worker] changelog.ChangeSet. - ChangeSet migration/vault-schema.changelog-v11.xml::expand_constraint_data_size::R3.Corda ran successfully in 0ms {changeSet=migration/vault-schema.changelog-v11.xml::expand_constraint_data_size::R3.Corda, databaseChangeLog=master.changelog.json}
?[m?[37m[INFO] 11:44:45,999 [Test worker] jvm.JdbcExecutor. - INSERT INTO PUBLIC.DATABASECHANGELOG (ID, AUTHOR, FILENAME, DATEEXECUTED, ORDEREXECUTED, MD5SUM, DESCRIPTION, COMMENTS, EXECTYPE, CONTEXTS, LABELS, LIQUIBASE, DEPLOYMENT_ID) VALUES ('expand_constraint_data_size', 'R3.Corda', 'migration/vault-schema.changelog-v11.xml', NOW(), 28, '8:0bd51f3d930d4b03d7b1075454bb2d70', 'modifyDataType columnName=constraint_data, tableName=vault_states', '', 'EXECUTED', NULL, NULL, '3.6.3', '2067485978') {changeSet=migration/vault-schema.changelog-v11.xml::expand_constraint_data_size::R3.Corda, databaseChangeLog=master.changelog.json}
?[m?[37m[INFO] 11:44:45,999 [Test worker] jvm.JdbcExecutor. - CREATE TABLE PUBLIC.node_link_nodeinfo_party (node_info_id INT NOT NULL, party_name NVARCHAR(255) NOT NULL) {changeSet=migration/node-info.changelog-init.xml::1511451595465-4::R3.Corda, databaseChangeLog=master.changelog.json}
?[m?[37m[INFO] 11:44:45,999 [Test worker] changelog.ChangeSet. - Table node_link_nodeinfo_party created {changeSet=migration/node-info.changelog-init.xml::1511451595465-4::R3.Corda, databaseChangeLog=master.changelog.json}
?[m?[37m[INFO] 11:44:45,999 [Test worker] changelog.ChangeSet. - ChangeSet migration/node-info.changelog-init.xml::1511451595465-4::R3.Corda ran successfully in 0ms {changeSet=migration/node-info.changelog-init.xml::1511451595465-4::R3.Corda, databaseChangeLog=master.changelog.json}
?[m?[37m[INFO] 11:44:45,999 [Test worker] jvm.JdbcExecutor. - INSERT INTO PUBLIC.DATABASECHANGELOG (ID, AUTHOR, FILENAME, DATEEXECUTED, ORDEREXECUTED, MD5SUM, DESCRIPTION, COMMENTS, EXECTYPE, CONTEXTS, LABELS, LIQUIBASE, DEPLOYMENT_ID) VALUES ('1511451595465-4', 'R3.Corda', 'migration/node-info.changelog-init.xml', NOW(), 29, '8:cbf3edf78266c3bd22738eaf20c7c111', 'createTable tableName=node_link_nodeinfo_party', '', 'EXECUTED', NULL, NULL, '3.6.3', '2067485978') {changeSet=migration/node-info.changelog-init.xml::1511451595465-4::R3.Corda, databaseChangeLog=master.changelog.json}
?[m?[37m[INFO] 11:44:45,999 [Test worker] jvm.JdbcExecutor. - CREATE TABLE PUBLIC.node_info_hosts (host NVARCHAR(255) NOT NULL, port INT NOT NULL, node_info_id INT) {changeSet=migration/node-info.changelog-init.xml::1511451595465-10::R3.Corda, databaseChangeLog=master.changelog.json}
?[m?[37m[INFO] 11:44:45,999 [Test worker] changelog.ChangeSet. - Table node_info_hosts created {changeSet=migration/node-info.changelog-init.xml::1511451595465-10::R3.Corda, databaseChangeLog=master.changelog.json}
?[m?[37m[INFO] 11:44:45,999 [Test worker] changelog.ChangeSet. - ChangeSet migration/node-info.changelog-init.xml::1511451595465-10::R3.Corda ran successfully in 0ms {changeSet=migration/node-info.changelog-init.xml::1511451595465-10::R3.Corda, databaseChangeLog=master.changelog.json}
?[m?[37m[INFO] 11:44:45,999 [Test worker] jvm.JdbcExecutor. - INSERT INTO PUBLIC.DATABASECHANGELOG (ID, AUTHOR, FILENAME, DATEEXECUTED, ORDEREXECUTED, MD5SUM, DESCRIPTION, COMMENTS, EXECTYPE, CONTEXTS, LABELS, LIQUIBASE, DEPLOYMENT_ID) VALUES ('1511451595465-10', 'R3.Corda', 'migration/node-info.changelog-init.xml', NOW(), 30, '8:f0b2c5a77ffde6aaa3c417095fc220a9', 'createTable tableName=node_info_hosts', '', 'EXECUTED', NULL, NULL, '3.6.3', '2067485978') {changeSet=migration/node-info.changelog-init.xml::1511451595465-10::R3.Corda, databaseChangeLog=master.changelog.json}
?[m?[37m[INFO] 11:44:45,999 [Test worker] jvm.JdbcExecutor. - CREATE TABLE PUBLIC.node_info_party_cert (party_name NVARCHAR(255) NOT NULL, ismain BOOLEAN NOT NULL, owning_key_hash NVARCHAR(130), party_cert_binary BLOB) {changeSet=migration/node-info.changelog-init.xml::1511451595465-11::R3.Corda, databaseChangeLog=master.changelog.json}
?[m?[37m[INFO] 11:44:45,999 [Test worker] changelog.ChangeSet. - Table node_info_party_cert created {changeSet=migration/node-info.changelog-init.xml::1511451595465-11::R3.Corda, databaseChangeLog=master.changelog.json}
?[m?[37m[INFO] 11:44:45,999 [Test worker] changelog.ChangeSet. - ChangeSet migration/node-info.changelog-init.xml::1511451595465-11::R3.Corda ran successfully in 0ms {changeSet=migration/node-info.changelog-init.xml::1511451595465-11::R3.Corda, databaseChangeLog=master.changelog.json}
?[m?[37m[INFO] 11:44:46,000 [Test worker] jvm.JdbcExecutor. - INSERT INTO PUBLIC.DATABASECHANGELOG (ID, AUTHOR, FILENAME, DATEEXECUTED, ORDEREXECUTED, MD5SUM, DESCRIPTION, COMMENTS, EXECTYPE, CONTEXTS, LABELS, LIQUIBASE, DEPLOYMENT_ID) VALUES ('1511451595465-11', 'R3.Corda', 'migration/node-info.changelog-init.xml', NOW(), 31, '8:5eacbf7ce0d85376219f1903b55f5e18', 'createTable tableName=node_info_party_cert', '', 'EXECUTED', NULL, NULL, '3.6.3', '2067485978') {changeSet=migration/node-info.changelog-init.xml::1511451595465-11::R3.Corda, databaseChangeLog=master.changelog.json}
?[m?[37m[INFO] 11:44:46,000 [Test worker] jvm.JdbcExecutor. - CREATE TABLE PUBLIC.node_infos (node_info_id INT NOT NULL, node_info_hash NVARCHAR(64), platform_version INT, serial BIGINT) {changeSet=migration/node-info.changelog-init.xml::1511451595465-12::R3.Corda, databaseChangeLog=master.changelog.json}
?[m?[37m[INFO] 11:44:46,000 [Test worker] changelog.ChangeSet. - Table node_infos created {changeSet=migration/node-info.changelog-init.xml::1511451595465-12::R3.Corda, databaseChangeLog=master.changelog.json}
?[m?[37m[INFO] 11:44:46,000 [Test worker] changelog.ChangeSet. - ChangeSet migration/node-info.changelog-init.xml::1511451595465-12::R3.Corda ran successfully in 0ms {changeSet=migration/node-info.changelog-init.xml::1511451595465-12::R3.Corda, databaseChangeLog=master.changelog.json}
?[m?[37m[INFO] 11:44:46,000 [Test worker] jvm.JdbcExecutor. - INSERT INTO PUBLIC.DATABASECHANGELOG (ID, AUTHOR, FILENAME, DATEEXECUTED, ORDEREXECUTED, MD5SUM, DESCRIPTION, COMMENTS, EXECTYPE, CONTEXTS, LABELS, LIQUIBASE, DEPLOYMENT_ID) VALUES ('1511451595465-12', 'R3.Corda', 'migration/node-info.changelog-init.xml', NOW(), 32, '8:7e30f20cf268860d637ecfb8635f45a3', 'createTable tableName=node_infos', '', 'EXECUTED', NULL, NULL, '3.6.3', '2067485978') {changeSet=migration/node-info.changelog-init.xml::1511451595465-12::R3.Corda, databaseChangeLog=master.changelog.json}
?[m?[37m[INFO] 11:44:46,000 [Test worker] jvm.JdbcExecutor. - ALTER TABLE PUBLIC.node_info_hosts ADD CONSTRAINT node_info_hosts_pkey PRIMARY KEY (host, port) {changeSet=migration/node-info.changelog-init.xml::1511451595465-35::R3.Corda, databaseChangeLog=master.changelog.json}
?[m?[37m[INFO] 11:44:46,000 [Test worker] changelog.ChangeSet. - Primary key added to node_info_hosts (host, port) {changeSet=migration/node-info.changelog-init.xml::1511451595465-35::R3.Corda, databaseChangeLog=master.changelog.json}
?[m?[37m[INFO] 11:44:46,000 [Test worker] changelog.ChangeSet. - ChangeSet migration/node-info.changelog-init.xml::1511451595465-35::R3.Corda ran successfully in 0ms {changeSet=migration/node-info.changelog-init.xml::1511451595465-35::R3.Corda, databaseChangeLog=master.changelog.json}
?[m?[37m[INFO] 11:44:46,000 [Test worker] jvm.JdbcExecutor. - INSERT INTO PUBLIC.DATABASECHANGELOG (ID, AUTHOR, FILENAME, DATEEXECUTED, ORDEREXECUTED, MD5SUM, DESCRIPTION, COMMENTS, EXECTYPE, CONTEXTS, LABELS, LIQUIBASE, DEPLOYMENT_ID) VALUES ('1511451595465-35', 'R3.Corda', 'migration/node-info.changelog-init.xml', NOW(), 33, '8:0d1a734e7350a8278808f540d992fedf', 'addPrimaryKey constraintName=node_info_hosts_pkey, tableName=node_info_hosts', '', 'EXECUTED', NULL, NULL, '3.6.3', '2067485978') {changeSet=migration/node-info.changelog-init.xml::1511451595465-35::R3.Corda, databaseChangeLog=master.changelog.json}
?[m?[37m[INFO] 11:44:46,000 [Test worker] jvm.JdbcExecutor. - ALTER TABLE PUBLIC.node_info_party_cert ADD CONSTRAINT node_info_party_cert_pkey PRIMARY KEY (party_name) {changeSet=migration/node-info.changelog-init.xml::1511451595465-36::R3.Corda, databaseChangeLog=master.changelog.json}
?[m?[37m[INFO] 11:44:46,000 [Test worker] changelog.ChangeSet. - Primary key added to node_info_party_cert (party_name) {changeSet=migration/node-info.changelog-init.xml::1511451595465-36::R3.Corda, databaseChangeLog=master.changelog.json}
?[m?[37m[INFO] 11:44:46,000 [Test worker] changelog.ChangeSet. - ChangeSet migration/node-info.changelog-init.xml::1511451595465-36::R3.Corda ran successfully in 0ms {changeSet=migration/node-info.changelog-init.xml::1511451595465-36::R3.Corda, databaseChangeLog=master.changelog.json}
?[m?[37m[INFO] 11:44:46,001 [Test worker] jvm.JdbcExecutor. - INSERT INTO PUBLIC.DATABASECHANGELOG (ID, AUTHOR, FILENAME, DATEEXECUTED, ORDEREXECUTED, MD5SUM, DESCRIPTION, COMMENTS, EXECTYPE, CONTEXTS, LABELS, LIQUIBASE, DEPLOYMENT_ID) VALUES ('1511451595465-36', 'R3.Corda', 'migration/node-info.changelog-init.xml', NOW(), 34, '8:dc78ba227ce869f406d2645c2064e8dc', 'addPrimaryKey constraintName=node_info_party_cert_pkey, tableName=node_info_party_cert', '', 'EXECUTED', NULL, NULL, '3.6.3', '2067485978') {changeSet=migration/node-info.changelog-init.xml::1511451595465-36::R3.Corda, databaseChangeLog=master.changelog.json}
?[m?[37m[INFO] 11:44:46,001 [Test worker] jvm.JdbcExecutor. - ALTER TABLE PUBLIC.node_infos ADD CONSTRAINT node_infos_pkey PRIMARY KEY (node_info_id) {changeSet=migration/node-info.changelog-init.xml::1511451595465-37::R3.Corda, databaseChangeLog=master.changelog.json}
?[m?[37m[INFO] 11:44:46,001 [Test worker] changelog.ChangeSet. - Primary key added to node_infos (node_info_id) {changeSet=migration/node-info.changelog-init.xml::1511451595465-37::R3.Corda, databaseChangeLog=master.changelog.json}
?[m?[37m[INFO] 11:44:46,001 [Test worker] changelog.ChangeSet. - ChangeSet migration/node-info.changelog-init.xml::1511451595465-37::R3.Corda ran successfully in 0ms {changeSet=migration/node-info.changelog-init.xml::1511451595465-37::R3.Corda, databaseChangeLog=master.changelog.json}
?[m?[37m[INFO] 11:44:46,001 [Test worker] jvm.JdbcExecutor. - INSERT INTO PUBLIC.DATABASECHANGELOG (ID, AUTHOR, FILENAME, DATEEXECUTED, ORDEREXECUTED, MD5SUM, DESCRIPTION, COMMENTS, EXECTYPE, CONTEXTS, LABELS, LIQUIBASE, DEPLOYMENT_ID) VALUES ('1511451595465-37', 'R3.Corda', 'migration/node-info.changelog-init.xml', NOW(), 35, '8:c07cbda2d04c6d77539ac802c66df023', 'addPrimaryKey constraintName=node_infos_pkey, tableName=node_infos', '', 'EXECUTED', NULL, NULL, '3.6.3', '2067485978') {changeSet=migration/node-info.changelog-init.xml::1511451595465-37::R3.Corda, databaseChangeLog=master.changelog.json}
?[m?[37m[INFO] 11:44:46,001 [Test worker] jvm.JdbcExecutor. - ALTER TABLE PUBLIC.node_link_nodeinfo_party ADD CONSTRAINT FK__link_nodeinfo_party__infos FOREIGN KEY (node_info_id) REFERENCES PUBLIC.node_infos (node_info_id) {changeSet=migration/node-info.changelog-init.xml::1511451595465-62::R3.Corda, databaseChangeLog=master.changelog.json}
?[m?[37m[INFO] 11:44:46,001 [Test worker] changelog.ChangeSet. - Foreign key constraint added to node_link_nodeinfo_party (node_info_id) {changeSet=migration/node-info.changelog-init.xml::1511451595465-62::R3.Corda, databaseChangeLog=master.changelog.json}
?[m?[37m[INFO] 11:44:46,001 [Test worker] changelog.ChangeSet. - ChangeSet migration/node-info.changelog-init.xml::1511451595465-62::R3.Corda ran successfully in 0ms {changeSet=migration/node-info.changelog-init.xml::1511451595465-62::R3.Corda, databaseChangeLog=master.changelog.json}
?[m?[37m[INFO] 11:44:46,001 [Test worker] jvm.JdbcExecutor. - INSERT INTO PUBLIC.DATABASECHANGELOG (ID, AUTHOR, FILENAME, DATEEXECUTED, ORDEREXECUTED, MD5SUM, DESCRIPTION, COMMENTS, EXECTYPE, CONTEXTS, LABELS, LIQUIBASE, DEPLOYMENT_ID) VALUES ('1511451595465-62', 'R3.Corda', 'migration/node-info.changelog-init.xml', NOW(), 36, '8:073bbdb8865055a19cde67340a2063e2', 'addForeignKeyConstraint baseTableName=node_link_nodeinfo_party, constraintName=FK__link_nodeinfo_party__infos, referencedTableName=node_infos', '', 'EXECUTED', NULL, NULL, '3.6.3', '2067485978') {changeSet=migration/node-info.changelog-init.xml::1511451595465-62::R3.Corda, databaseChangeLog=master.changelog.json}
?[m?[37m[INFO] 11:44:46,001 [Test worker] jvm.JdbcExecutor. - ALTER TABLE PUBLIC.node_info_hosts ADD CONSTRAINT FK__info_hosts__infos FOREIGN KEY (node_info_id) REFERENCES PUBLIC.node_infos (node_info_id) {changeSet=migration/node-info.changelog-init.xml::1511451595465-63::R3.Corda, databaseChangeLog=master.changelog.json}
?[m?[37m[INFO] 11:44:46,002 [Test worker] changelog.ChangeSet. - Foreign key constraint added to node_info_hosts (node_info_id) {changeSet=migration/node-info.changelog-init.xml::1511451595465-63::R3.Corda, databaseChangeLog=master.changelog.json}
?[m?[37m[INFO] 11:44:46,002 [Test worker] changelog.ChangeSet. - ChangeSet migration/node-info.changelog-init.xml::1511451595465-63::R3.Corda ran successfully in 1ms {changeSet=migration/node-info.changelog-init.xml::1511451595465-63::R3.Corda, databaseChangeLog=master.changelog.json}
?[m?[37m[INFO] 11:44:46,002 [Test worker] jvm.JdbcExecutor. - INSERT INTO PUBLIC.DATABASECHANGELOG (ID, AUTHOR, FILENAME, DATEEXECUTED, ORDEREXECUTED, MD5SUM, DESCRIPTION, COMMENTS, EXECTYPE, CONTEXTS, LABELS, LIQUIBASE, DEPLOYMENT_ID) VALUES ('1511451595465-63', 'R3.Corda', 'migration/node-info.changelog-init.xml', NOW(), 37, '8:fa5ee007de41334ad2ac991b32969076', 'addForeignKeyConstraint baseTableName=node_info_hosts, constraintName=FK__info_hosts__infos, referencedTableName=node_infos', '', 'EXECUTED', NULL, NULL, '3.6.3', '2067485978') {changeSet=migration/node-info.changelog-init.xml::1511451595465-63::R3.Corda, databaseChangeLog=master.changelog.json}
?[m?[37m[INFO] 11:44:46,002 [Test worker] jvm.JdbcExecutor. - DELETE FROM PUBLIC.node_infos {changeSet=migration/node-info.changelog-init.xml::remove_host_port_pk::R3.Corda, databaseChangeLog=master.changelog.json}
?[m?[37m[INFO] 11:44:46,002 [Test worker] changelog.ChangeSet. - Data deleted from node_infos {changeSet=migration/node-info.changelog-init.xml::remove_host_port_pk::R3.Corda, databaseChangeLog=master.changelog.json}
?[m?[37m[INFO] 11:44:46,002 [Test worker] jvm.JdbcExecutor. - DELETE FROM PUBLIC.node_link_nodeinfo_party {changeSet=migration/node-info.changelog-init.xml::remove_host_port_pk::R3.Corda, databaseChangeLog=master.changelog.json}
?[m?[37m[INFO] 11:44:46,002 [Test worker] changelog.ChangeSet. - Data deleted from node_link_nodeinfo_party {changeSet=migration/node-info.changelog-init.xml::remove_host_port_pk::R3.Corda, databaseChangeLog=master.changelog.json}
?[m?[37m[INFO] 11:44:46,002 [Test worker] jvm.JdbcExecutor. - DELETE FROM PUBLIC.node_info_hosts {changeSet=migration/node-info.changelog-init.xml::remove_host_port_pk::R3.Corda, databaseChangeLog=master.changelog.json}
?[m?[37m[INFO] 11:44:46,002 [Test worker] changelog.ChangeSet. - Data deleted from node_info_hosts {changeSet=migration/node-info.changelog-init.xml::remove_host_port_pk::R3.Corda, databaseChangeLog=master.changelog.json}
?[m?[37m[INFO] 11:44:46,002 [Test worker] jvm.JdbcExecutor. - DELETE FROM PUBLIC.node_info_party_cert {changeSet=migration/node-info.changelog-init.xml::remove_host_port_pk::R3.Corda, databaseChangeLog=master.changelog.json}
?[m?[37m[INFO] 11:44:46,002 [Test worker] changelog.ChangeSet. - Data deleted from node_info_party_cert {changeSet=migration/node-info.changelog-init.xml::remove_host_port_pk::R3.Corda, databaseChangeLog=master.changelog.json}
?[m?[37m[INFO] 11:44:46,002 [Test worker] jvm.JdbcExecutor. - ALTER TABLE PUBLIC.node_info_hosts DROP PRIMARY KEY {changeSet=migration/node-info.changelog-init.xml::remove_host_port_pk::R3.Corda, databaseChangeLog=master.changelog.json}
?[m?[37m[INFO] 11:44:46,002 [Test worker] changelog.ChangeSet. - Primary key dropped from node_info_hosts {changeSet=migration/node-info.changelog-init.xml::remove_host_port_pk::R3.Corda, databaseChangeLog=master.changelog.json}
?[m?[37m[INFO] 11:44:46,002 [Test worker] jvm.JdbcExecutor. - ALTER TABLE PUBLIC.node_info_hosts ADD hosts_id INT NOT NULL {changeSet=migration/node-info.changelog-init.xml::remove_host_port_pk::R3.Corda, databaseChangeLog=master.changelog.json}
?[m?[37m[INFO] 11:44:46,002 [Test worker] changelog.ChangeSet. - Columns hosts_id(INT) added to node_info_hosts {changeSet=migration/node-info.changelog-init.xml::remove_host_port_pk::R3.Corda, databaseChangeLog=master.changelog.json}
?[m?[37m[INFO] 11:44:46,002 [Test worker] jvm.JdbcExecutor. - ALTER TABLE PUBLIC.node_info_hosts ADD CONSTRAINT node_info_hosts_pkey_id PRIMARY KEY (hosts_id) {changeSet=migration/node-info.changelog-init.xml::remove_host_port_pk::R3.Corda, databaseChangeLog=master.changelog.json}
?[m?[37m[INFO] 11:44:46,002 [Test worker] changelog.ChangeSet. - Primary key added to node_info_hosts (hosts_id) {changeSet=migration/node-info.changelog-init.xml::remove_host_port_pk::R3.Corda, databaseChangeLog=master.changelog.json}
?[m?[37m[INFO] 11:44:46,002 [Test worker] changelog.ChangeSet. - ChangeSet migration/node-info.changelog-init.xml::remove_host_port_pk::R3.Corda ran successfully in 0ms {changeSet=migration/node-info.changelog-init.xml::remove_host_port_pk::R3.Corda, databaseChangeLog=master.changelog.json}
?[m?[37m[INFO] 11:44:46,003 [Test worker] jvm.JdbcExecutor. - INSERT INTO PUBLIC.DATABASECHANGELOG (ID, AUTHOR, FILENAME, DATEEXECUTED, ORDEREXECUTED, MD5SUM, DESCRIPTION, COMMENTS, EXECTYPE, CONTEXTS, LABELS, LIQUIBASE, DEPLOYMENT_ID) VALUES ('remove_host_port_pk', 'R3.Corda', 'migration/node-info.changelog-init.xml', NOW(), 38, '8:50fa65c10fd9bb3d89e0ad75d29a0e4d', 'delete tableName=node_infos; delete tableName=node_link_nodeinfo_party; delete tableName=node_info_hosts; delete tableName=node_info_party_cert; dropPrimaryKey constraintName=node_info_hosts_pkey, tableName=node_info_hosts; addColumn tableName=nod...', '', 'EXECUTED', NULL, NULL, '3.6.3', '2067485978') {changeSet=migration/node-info.changelog-init.xml::remove_host_port_pk::R3.Corda, databaseChangeLog=master.changelog.json}
?[m?[37m[INFO] 11:44:46,003 [Test worker] jvm.JdbcExecutor. - CREATE TABLE PUBLIC.node_properties (property_key NVARCHAR(255) NOT NULL, property_value NVARCHAR(255)) {changeSet=migration/node-info.changelog-v1.xml::key/value node properties table::R3.Corda, databaseChangeLog=master.changelog.json}
?[m?[37m[INFO] 11:44:46,003 [Test worker] changelog.ChangeSet. - Table node_properties created {changeSet=migration/node-info.changelog-v1.xml::key/value node properties table::R3.Corda, databaseChangeLog=master.changelog.json}
?[m?[37m[INFO] 11:44:46,003 [Test worker] changelog.ChangeSet. - ChangeSet migration/node-info.changelog-v1.xml::key/value node properties table::R3.Corda ran successfully in 0ms {changeSet=migration/node-info.changelog-v1.xml::key/value node properties table::R3.Corda, databaseChangeLog=master.changelog.json}
?[m?[37m[INFO] 11:44:46,003 [Test worker] jvm.JdbcExecutor. - INSERT INTO PUBLIC.DATABASECHANGELOG (ID, AUTHOR, FILENAME, DATEEXECUTED, ORDEREXECUTED, MD5SUM, DESCRIPTION, COMMENTS, EXECTYPE, CONTEXTS, LABELS, LIQUIBASE, DEPLOYMENT_ID) VALUES ('key/value node properties table', 'R3.Corda', 'migration/node-info.changelog-v1.xml', NOW(), 39, '8:39e4c897aa5e893e79a0434af2948a91', 'createTable tableName=node_properties', '', 'EXECUTED', NULL, NULL, '3.6.3', '2067485978') {changeSet=migration/node-info.changelog-v1.xml::key/value node properties table::R3.Corda, databaseChangeLog=master.changelog.json}
?[m?[37m[INFO] 11:44:46,003 [Test worker] jvm.JdbcExecutor. - ALTER TABLE PUBLIC.node_infos ALTER COLUMN node_info_hash SET NOT NULL {changeSet=migration/node-info.changelog-v2.xml::1525962920::R3.Corda, databaseChangeLog=master.changelog.json}
?[m?[37m[INFO] 11:44:46,003 [Test worker] changelog.ChangeSet. - NOT NULL constraint has been added to node_infos.node_info_hash {changeSet=migration/node-info.changelog-v2.xml::1525962920::R3.Corda, databaseChangeLog=master.changelog.json}
?[m?[37m[INFO] 11:44:46,003 [Test worker] jvm.JdbcExecutor. - ALTER TABLE PUBLIC.node_infos ALTER COLUMN platform_version SET NOT NULL {changeSet=migration/node-info.changelog-v2.xml::1525962920::R3.Corda, databaseChangeLog=master.changelog.json}
?[m?[37m[INFO] 11:44:46,003 [Test worker] changelog.ChangeSet. - NOT NULL constraint has been added to node_infos.platform_version {changeSet=migration/node-info.changelog-v2.xml::1525962920::R3.Corda, databaseChangeLog=master.changelog.json}
?[m?[37m[INFO] 11:44:46,003 [Test worker] jvm.JdbcExecutor. - ALTER TABLE PUBLIC.node_infos ALTER COLUMN serial SET NOT NULL {changeSet=migration/node-info.changelog-v2.xml::1525962920::R3.Corda, databaseChangeLog=master.changelog.json}
?[m?[37m[INFO] 11:44:46,003 [Test worker] changelog.ChangeSet. - NOT NULL constraint has been added to node_infos.serial {changeSet=migration/node-info.changelog-v2.xml::1525962920::R3.Corda, databaseChangeLog=master.changelog.json}
?[m?[37m[INFO] 11:44:46,003 [Test worker] jvm.JdbcExecutor. - ALTER TABLE PUBLIC.node_info_hosts ALTER COLUMN host SET NULL {changeSet=migration/node-info.changelog-v2.xml::1525962920::R3.Corda, databaseChangeLog=master.changelog.json}
?[m?[37m[INFO] 11:44:46,003 [Test worker] changelog.ChangeSet. - Null constraint dropped from node_info_hosts.host {changeSet=migration/node-info.changelog-v2.xml::1525962920::R3.Corda, databaseChangeLog=master.changelog.json}
?[m?[37m[INFO] 11:44:46,003 [Test worker] jvm.JdbcExecutor. - ALTER TABLE PUBLIC.node_info_hosts ALTER COLUMN port SET NULL {changeSet=migration/node-info.changelog-v2.xml::1525962920::R3.Corda, databaseChangeLog=master.changelog.json}
?[m?[37m[INFO] 11:44:46,003 [Test worker] changelog.ChangeSet. - Null constraint dropped from node_info_hosts.port {changeSet=migration/node-info.changelog-v2.xml::1525962920::R3.Corda, databaseChangeLog=master.changelog.json}
?[m?[37m[INFO] 11:44:46,003 [Test worker] jvm.JdbcExecutor. - ALTER TABLE PUBLIC.node_info_party_cert ALTER COLUMN owning_key_hash SET NOT NULL {changeSet=migration/node-info.changelog-v2.xml::1525962920::R3.Corda, databaseChangeLog=master.changelog.json}
?[m?[37m[INFO] 11:44:46,003 [Test worker] changelog.ChangeSet. - NOT NULL constraint has been added to node_info_party_cert.owning_key_hash {changeSet=migration/node-info.changelog-v2.xml::1525962920::R3.Corda, databaseChangeLog=master.changelog.json}
?[m?[37m[INFO] 11:44:46,003 [Test worker] jvm.JdbcExecutor. - ALTER TABLE PUBLIC.node_info_party_cert ALTER COLUMN party_cert_binary SET NOT NULL {changeSet=migration/node-info.changelog-v2.xml::1525962920::R3.Corda, databaseChangeLog=master.changelog.json}
?[m?[37m[INFO] 11:44:46,003 [Test worker] changelog.ChangeSet. - NOT NULL constraint has been added to node_info_party_cert.party_cert_binary {changeSet=migration/node-info.changelog-v2.xml::1525962920::R3.Corda, databaseChangeLog=master.changelog.json}
?[m?[37m[INFO] 11:44:46,003 [Test worker] changelog.ChangeSet. - ChangeSet migration/node-info.changelog-v2.xml::1525962920::R3.Corda ran successfully in 0ms {changeSet=migration/node-info.changelog-v2.xml::1525962920::R3.Corda, databaseChangeLog=master.changelog.json}
?[m?[37m[INFO] 11:44:46,004 [Test worker] jvm.JdbcExecutor. - INSERT INTO PUBLIC.DATABASECHANGELOG (ID, AUTHOR, FILENAME, DATEEXECUTED, ORDEREXECUTED, MD5SUM, DESCRIPTION, COMMENTS, EXECTYPE, CONTEXTS, LABELS, LIQUIBASE, DEPLOYMENT_ID) VALUES ('1525962920', 'R3.Corda', 'migration/node-info.changelog-v2.xml', NOW(), 40, '8:cc835e848ed6cc1f4b2a2e8e31fa92f1', 'addNotNullConstraint columnName=node_info_hash, tableName=node_infos; addNotNullConstraint columnName=platform_version, tableName=node_infos; addNotNullConstraint columnName=serial, tableName=node_infos; dropNotNullConstraint columnName=host, tabl...', '', 'EXECUTED', NULL, NULL, '3.6.3', '2067485978') {changeSet=migration/node-info.changelog-v2.xml::1525962920::R3.Corda, databaseChangeLog=master.changelog.json}
?[m?[37m[INFO] 11:44:46,004 [Test worker] jvm.JdbcExecutor. - ALTER TABLE PUBLIC.node_info_hosts ALTER COLUMN host RENAME TO host_name {changeSet=migration/node-info.changelog-v3.xml::column_host_name::R3.Corda, databaseChangeLog=master.changelog.json}
?[m?[37m[INFO] 11:44:46,004 [Test worker] changelog.ChangeSet. - Column node_info_hosts.host renamed to host_name {changeSet=migration/node-info.changelog-v3.xml::column_host_name::R3.Corda, databaseChangeLog=master.changelog.json}
?[m?[37m[INFO] 11:44:46,004 [Test worker] changelog.ChangeSet. - ChangeSet migration/node-info.changelog-v3.xml::column_host_name::R3.Corda ran successfully in 0ms {changeSet=migration/node-info.changelog-v3.xml::column_host_name::R3.Corda, databaseChangeLog=master.changelog.json}
?[m?[37m[INFO] 11:44:46,004 [Test worker] jvm.JdbcExecutor. - INSERT INTO PUBLIC.DATABASECHANGELOG (ID, AUTHOR, FILENAME, DATEEXECUTED, ORDEREXECUTED, MD5SUM, DESCRIPTION, COMMENTS, EXECTYPE, CONTEXTS, LABELS, LIQUIBASE, DEPLOYMENT_ID) VALUES ('column_host_name', 'R3.Corda', 'migration/node-info.changelog-v3.xml', NOW(), 41, '8:e5fb9380221a91515f45ee44c9c30053', 'renameColumn newColumnName=host_name, oldColumnName=host, tableName=node_info_hosts', '', 'EXECUTED', NULL, NULL, '3.6.3', '2067485978') {changeSet=migration/node-info.changelog-v3.xml::column_host_name::R3.Corda, databaseChangeLog=master.changelog.json}
?[m?[37m[INFO] 11:44:46,004 [Test worker] jvm.JdbcExecutor. - CREATE TABLE PUBLIC.node_attachments (att_id NVARCHAR(255) NOT NULL, content BLOB, filename NVARCHAR(255), insertion_date TIMESTAMP NOT NULL, uploader NVARCHAR(255)) {changeSet=migration/node-services.changelog-init.xml::1511451595465-5::R3.Corda, databaseChangeLog=master.changelog.json}
?[m?[37m[INFO] 11:44:46,004 [Test worker] changelog.ChangeSet. - Table node_attachments created {changeSet=migration/node-services.changelog-init.xml::1511451595465-5::R3.Corda, databaseChangeLog=master.changelog.json}
?[m?[37m[INFO] 11:44:46,004 [Test worker] changelog.ChangeSet. - ChangeSet migration/node-services.changelog-init.xml::1511451595465-5::R3.Corda ran successfully in 0ms {changeSet=migration/node-services.changelog-init.xml::1511451595465-5::R3.Corda, databaseChangeLog=master.changelog.json}
?[m?[37m[INFO] 11:44:46,005 [Test worker] jvm.JdbcExecutor. - INSERT INTO PUBLIC.DATABASECHANGELOG (ID, AUTHOR, FILENAME, DATEEXECUTED, ORDEREXECUTED, MD5SUM, DESCRIPTION, COMMENTS, EXECTYPE, CONTEXTS, LABELS, LIQUIBASE, DEPLOYMENT_ID) VALUES ('1511451595465-5', 'R3.Corda', 'migration/node-services.changelog-init.xml', NOW(), 42, '8:380e64788d9896c1166e4c22336d01e4', 'createTable tableName=node_attachments', '', 'EXECUTED', NULL, NULL, '3.6.3', '2067485978') {changeSet=migration/node-services.changelog-init.xml::1511451595465-5::R3.Corda, databaseChangeLog=master.changelog.json}
?[m?[37m[INFO] 11:44:46,005 [Test worker] jvm.JdbcExecutor. - CREATE TABLE PUBLIC.node_checkpoints (checkpoint_id NVARCHAR(64) NOT NULL, checkpoint_value BLOB) {changeSet=migration/node-services.changelog-init.xml::1511451595465-7::R3.Corda, databaseChangeLog=master.changelog.json}
?[m?[37m[INFO] 11:44:46,005 [Test worker] changelog.ChangeSet. - Table node_checkpoints created {changeSet=migration/node-services.changelog-init.xml::1511451595465-7::R3.Corda, databaseChangeLog=master.changelog.json}
?[m?[37m[INFO] 11:44:46,005 [Test worker] changelog.ChangeSet. - ChangeSet migration/node-services.changelog-init.xml::1511451595465-7::R3.Corda ran successfully in 0ms {changeSet=migration/node-services.changelog-init.xml::1511451595465-7::R3.Corda, databaseChangeLog=master.changelog.json}
?[m?[37m[INFO] 11:44:46,005 [Test worker] jvm.JdbcExecutor. - INSERT INTO PUBLIC.DATABASECHANGELOG (ID, AUTHOR, FILENAME, DATEEXECUTED, ORDEREXECUTED, MD5SUM, DESCRIPTION, COMMENTS, EXECTYPE, CONTEXTS, LABELS, LIQUIBASE, DEPLOYMENT_ID) VALUES ('1511451595465-7', 'R3.Corda', 'migration/node-services.changelog-init.xml', NOW(), 43, '8:8aefa1967ed80f8f98b69247c70c9f24', 'createTable tableName=node_checkpoints', '', 'EXECUTED', NULL, NULL, '3.6.3', '2067485978') {changeSet=migration/node-services.changelog-init.xml::1511451595465-7::R3.Corda, databaseChangeLog=master.changelog.json}
?[m?[37m[INFO] 11:44:46,005 [Test worker] jvm.JdbcExecutor. - CREATE TABLE PUBLIC.node_contract_upgrades (state_ref NVARCHAR(96) NOT NULL, contract_class_name NVARCHAR(255)) {changeSet=migration/node-services.changelog-init.xml::1511451595465-8::R3.Corda, databaseChangeLog=master.changelog.json}
?[m?[37m[INFO] 11:44:46,005 [Test worker] changelog.ChangeSet. - Table node_contract_upgrades created {changeSet=migration/node-services.changelog-init.xml::1511451595465-8::R3.Corda, databaseChangeLog=master.changelog.json}
?[m?[37m[INFO] 11:44:46,005 [Test worker] changelog.ChangeSet. - ChangeSet migration/node-services.changelog-init.xml::1511451595465-8::R3.Corda ran successfully in 0ms {changeSet=migration/node-services.changelog-init.xml::1511451595465-8::R3.Corda, databaseChangeLog=master.changelog.json}
?[m?[37m[INFO] 11:44:46,005 [Test worker] jvm.JdbcExecutor. - INSERT INTO PUBLIC.DATABASECHANGELOG (ID, AUTHOR, FILENAME, DATEEXECUTED, ORDEREXECUTED, MD5SUM, DESCRIPTION, COMMENTS, EXECTYPE, CONTEXTS, LABELS, LIQUIBASE, DEPLOYMENT_ID) VALUES ('1511451595465-8', 'R3.Corda', 'migration/node-services.changelog-init.xml', NOW(), 44, '8:6b06fe4c0ef085967f4dbd00dca08533', 'createTable tableName=node_contract_upgrades', '', 'EXECUTED', NULL, NULL, '3.6.3', '2067485978') {changeSet=migration/node-services.changelog-init.xml::1511451595465-8::R3.Corda, databaseChangeLog=master.changelog.json}
?[m?[37m[INFO] 11:44:46,005 [Test worker] jvm.JdbcExecutor. - CREATE TABLE PUBLIC.node_identities (pk_hash NVARCHAR(130) NOT NULL, identity_value BLOB) {changeSet=migration/node-services.changelog-init.xml::1511451595465-9::R3.Corda, databaseChangeLog=master.changelog.json}
?[m?[37m[INFO] 11:44:46,005 [Test worker] changelog.ChangeSet. - Table node_identities created {changeSet=migration/node-services.changelog-init.xml::1511451595465-9::R3.Corda, databaseChangeLog=master.changelog.json}
?[m?[37m[INFO] 11:44:46,005 [Test worker] changelog.ChangeSet. - ChangeSet migration/node-services.changelog-init.xml::1511451595465-9::R3.Corda ran successfully in 0ms {changeSet=migration/node-services.changelog-init.xml::1511451595465-9::R3.Corda, databaseChangeLog=master.changelog.json}
?[m?[37m[INFO] 11:44:46,006 [Test worker] jvm.JdbcExecutor. - INSERT INTO PUBLIC.DATABASECHANGELOG (ID, AUTHOR, FILENAME, DATEEXECUTED, ORDEREXECUTED, MD5SUM, DESCRIPTION, COMMENTS, EXECTYPE, CONTEXTS, LABELS, LIQUIBASE, DEPLOYMENT_ID) VALUES ('1511451595465-9', 'R3.Corda', 'migration/node-services.changelog-init.xml', NOW(), 45, '8:293963c9989772e272e1397c8ae9dfb1', 'createTable tableName=node_identities', '', 'EXECUTED', NULL, NULL, '3.6.3', '2067485978') {changeSet=migration/node-services.changelog-init.xml::1511451595465-9::R3.Corda, databaseChangeLog=master.changelog.json}
?[m?[37m[INFO] 11:44:46,006 [Test worker] jvm.JdbcExecutor. - CREATE TABLE PUBLIC.node_message_ids (message_id NVARCHAR(64) NOT NULL, insertion_time TIMESTAMP) {changeSet=migration/node-services.changelog-init.xml::1511451595465-13::R3.Corda, databaseChangeLog=master.changelog.json}
?[m?[37m[INFO] 11:44:46,006 [Test worker] changelog.ChangeSet. - Table node_message_ids created {changeSet=migration/node-services.changelog-init.xml::1511451595465-13::R3.Corda, databaseChangeLog=master.changelog.json}
?[m?[37m[INFO] 11:44:46,006 [Test worker] changelog.ChangeSet. - ChangeSet migration/node-services.changelog-init.xml::1511451595465-13::R3.Corda ran successfully in 0ms {changeSet=migration/node-services.changelog-init.xml::1511451595465-13::R3.Corda, databaseChangeLog=master.changelog.json}
?[m?[37m[INFO] 11:44:46,006 [Test worker] jvm.JdbcExecutor. - INSERT INTO PUBLIC.DATABASECHANGELOG (ID, AUTHOR, FILENAME, DATEEXECUTED, ORDEREXECUTED, MD5SUM, DESCRIPTION, COMMENTS, EXECTYPE, CONTEXTS, LABELS, LIQUIBASE, DEPLOYMENT_ID) VALUES ('1511451595465-13', 'R3.Corda', 'migration/node-services.changelog-init.xml', NOW(), 46, '8:421bb9432660d6cdf67a18c6f0acdeb4', 'createTable tableName=node_message_ids', '', 'EXECUTED', NULL, NULL, '3.6.3', '2067485978') {changeSet=migration/node-services.changelog-init.xml::1511451595465-13::R3.Corda, databaseChangeLog=master.changelog.json}
?[m?[37m[INFO] 11:44:46,006 [Test worker] jvm.JdbcExecutor. - CREATE TABLE PUBLIC.node_message_retry (message_id BIGINT NOT NULL, message BLOB, recipients BLOB) {changeSet=migration/node-services.changelog-init.xml::1511451595465-14::R3.Corda, databaseChangeLog=master.changelog.json}
?[m?[37m[INFO] 11:44:46,006 [Test worker] changelog.ChangeSet. - Table node_message_retry created {changeSet=migration/node-services.changelog-init.xml::1511451595465-14::R3.Corda, databaseChangeLog=master.changelog.json}
?[m?[37m[INFO] 11:44:46,006 [Test worker] changelog.ChangeSet. - ChangeSet migration/node-services.changelog-init.xml::1511451595465-14::R3.Corda ran successfully in 0ms {changeSet=migration/node-services.changelog-init.xml::1511451595465-14::R3.Corda, databaseChangeLog=master.changelog.json}
?[m?[37m[INFO] 11:44:46,006 [Test worker] jvm.JdbcExecutor. - INSERT INTO PUBLIC.DATABASECHANGELOG (ID, AUTHOR, FILENAME, DATEEXECUTED, ORDEREXECUTED, MD5SUM, DESCRIPTION, COMMENTS, EXECTYPE, CONTEXTS, LABELS, LIQUIBASE, DEPLOYMENT_ID) VALUES ('1511451595465-14', 'R3.Corda', 'migration/node-services.changelog-init.xml', NOW(), 47, '8:ba7acbbe63086c3c9fb627ea948864b2', 'createTable tableName=node_message_retry', '', 'EXECUTED', NULL, NULL, '3.6.3', '2067485978') {changeSet=migration/node-services.changelog-init.xml::1511451595465-14::R3.Corda, databaseChangeLog=master.changelog.json}
?[m?[37m[INFO] 11:44:46,006 [Test worker] jvm.JdbcExecutor. - CREATE TABLE PUBLIC.node_named_identities (name NVARCHAR(128) NOT NULL, pk_hash NVARCHAR(130)) {changeSet=migration/node-services.changelog-init.xml::1511451595465-15::R3.Corda, databaseChangeLog=master.changelog.json}
?[m?[37m[INFO] 11:44:46,006 [Test worker] changelog.ChangeSet. - Table node_named_identities created {changeSet=migration/node-services.changelog-init.xml::1511451595465-15::R3.Corda, databaseChangeLog=master.changelog.json}
?[m?[37m[INFO] 11:44:46,006 [Test worker] changelog.ChangeSet. - ChangeSet migration/node-services.changelog-init.xml::1511451595465-15::R3.Corda ran successfully in 0ms {changeSet=migration/node-services.changelog-init.xml::1511451595465-15::R3.Corda, databaseChangeLog=master.changelog.json}
?[m?[37m[INFO] 11:44:46,007 [Test worker] jvm.JdbcExecutor. - INSERT INTO PUBLIC.DATABASECHANGELOG (ID, AUTHOR, FILENAME, DATEEXECUTED, ORDEREXECUTED, MD5SUM, DESCRIPTION, COMMENTS, EXECTYPE, CONTEXTS, LABELS, LIQUIBASE, DEPLOYMENT_ID) VALUES ('1511451595465-15', 'R3.Corda', 'migration/node-services.changelog-init.xml', NOW(), 48, '8:bf6ca4e45e140b225f6f934935dd2f34', 'createTable tableName=node_named_identities', '', 'EXECUTED', NULL, NULL, '3.6.3', '2067485978') {changeSet=migration/node-services.changelog-init.xml::1511451595465-15::R3.Corda, databaseChangeLog=master.changelog.json}
?[m?[37m[INFO] 11:44:46,007 [Test worker] jvm.JdbcExecutor. - CREATE TABLE PUBLIC.node_our_key_pairs (public_key_hash NVARCHAR(130) NOT NULL, private_key BLOB, public_key BLOB) {changeSet=migration/node-services.changelog-init.xml::1511451595465-17::R3.Corda, databaseChangeLog=master.changelog.json}
?[m?[37m[INFO] 11:44:46,007 [Test worker] changelog.ChangeSet. - Table node_our_key_pairs created {changeSet=migration/node-services.changelog-init.xml::1511451595465-17::R3.Corda, databaseChangeLog=master.changelog.json}
?[m?[37m[INFO] 11:44:46,007 [Test worker] changelog.ChangeSet. - ChangeSet migration/node-services.changelog-init.xml::1511451595465-17::R3.Corda ran successfully in 0ms {changeSet=migration/node-services.changelog-init.xml::1511451595465-17::R3.Corda, databaseChangeLog=master.changelog.json}
?[m?[37m[INFO] 11:44:46,007 [Test worker] jvm.JdbcExecutor. - INSERT INTO PUBLIC.DATABASECHANGELOG (ID, AUTHOR, FILENAME, DATEEXECUTED, ORDEREXECUTED, MD5SUM, DESCRIPTION, COMMENTS, EXECTYPE, CONTEXTS, LABELS, LIQUIBASE, DEPLOYMENT_ID) VALUES ('1511451595465-17', 'R3.Corda', 'migration/node-services.changelog-init.xml', NOW(), 49, '8:e91eb86cb57176d4605d948f694d8441', 'createTable tableName=node_our_key_pairs', '', 'EXECUTED', NULL, NULL, '3.6.3', '2067485978') {changeSet=migration/node-services.changelog-init.xml::1511451595465-17::R3.Corda, databaseChangeLog=master.changelog.json}
?[m?[37m[INFO] 11:44:46,007 [Test worker] jvm.JdbcExecutor. - CREATE TABLE PUBLIC.node_scheduled_states (output_index INT NOT NULL, transaction_id NVARCHAR(64) NOT NULL, scheduled_at TIMESTAMP NOT NULL) {changeSet=migration/node-services.changelog-init.xml::1511451595465-19::R3.Corda, databaseChangeLog=master.changelog.json}
?[m?[37m[INFO] 11:44:46,007 [Test worker] changelog.ChangeSet. - Table node_scheduled_states created {changeSet=migration/node-services.changelog-init.xml::1511451595465-19::R3.Corda, databaseChangeLog=master.changelog.json}
?[m?[37m[INFO] 11:44:46,007 [Test worker] changelog.ChangeSet. - ChangeSet migration/node-services.changelog-init.xml::1511451595465-19::R3.Corda ran successfully in 0ms {changeSet=migration/node-services.changelog-init.xml::1511451595465-19::R3.Corda, databaseChangeLog=master.changelog.json}
?[m?[37m[INFO] 11:44:46,007 [Test worker] jvm.JdbcExecutor. - INSERT INTO PUBLIC.DATABASECHANGELOG (ID, AUTHOR, FILENAME, DATEEXECUTED, ORDEREXECUTED, MD5SUM, DESCRIPTION, COMMENTS, EXECTYPE, CONTEXTS, LABELS, LIQUIBASE, DEPLOYMENT_ID) VALUES ('1511451595465-19', 'R3.Corda', 'migration/node-services.changelog-init.xml', NOW(), 50, '8:55282f9fbfc1cb8f7583a90173e3ff4c', 'createTable tableName=node_scheduled_states', '', 'EXECUTED', NULL, NULL, '3.6.3', '2067485978') {changeSet=migration/node-services.changelog-init.xml::1511451595465-19::R3.Corda, databaseChangeLog=master.changelog.json}
?[m?[37m[INFO] 11:44:46,007 [Test worker] jvm.JdbcExecutor. - CREATE TABLE PUBLIC.node_transaction_mappings (tx_id NVARCHAR(64) NOT NULL, state_machine_run_id NVARCHAR(36)) {changeSet=migration/node-services.changelog-init.xml::1511451595465-20::R3.Corda, databaseChangeLog=master.changelog.json}
?[m?[37m[INFO] 11:44:46,007 [Test worker] changelog.ChangeSet. - Table node_transaction_mappings created {changeSet=migration/node-services.changelog-init.xml::1511451595465-20::R3.Corda, databaseChangeLog=master.changelog.json}
?[m?[37m[INFO] 11:44:46,008 [Test worker] changelog.ChangeSet. - ChangeSet migration/node-services.changelog-init.xml::1511451595465-20::R3.Corda ran successfully in 0ms {changeSet=migration/node-services.changelog-init.xml::1511451595465-20::R3.Corda, databaseChangeLog=master.changelog.json}
?[m?[37m[INFO] 11:44:46,008 [Test worker] jvm.JdbcExecutor. - INSERT INTO PUBLIC.DATABASECHANGELOG (ID, AUTHOR, FILENAME, DATEEXECUTED, ORDEREXECUTED, MD5SUM, DESCRIPTION, COMMENTS, EXECTYPE, CONTEXTS, LABELS, LIQUIBASE, DEPLOYMENT_ID) VALUES ('1511451595465-20', 'R3.Corda', 'migration/node-services.changelog-init.xml', NOW(), 51, '8:cc085b3d33f3d53b75c8866522653f98', 'createTable tableName=node_transaction_mappings', '', 'EXECUTED', NULL, NULL, '3.6.3', '2067485978') {changeSet=migration/node-services.changelog-init.xml::1511451595465-20::R3.Corda, databaseChangeLog=master.changelog.json}
?[m?[37m[INFO] 11:44:46,008 [Test worker] jvm.JdbcExecutor. - CREATE TABLE PUBLIC.node_transactions (tx_id NVARCHAR(64) NOT NULL, transaction_value BLOB) {changeSet=migration/node-services.changelog-init.xml::1511451595465-21::R3.Corda, databaseChangeLog=master.changelog.json}
?[m?[37m[INFO] 11:44:46,008 [Test worker] changelog.ChangeSet. - Table node_transactions created {changeSet=migration/node-services.changelog-init.xml::1511451595465-21::R3.Corda, databaseChangeLog=master.changelog.json}
?[m?[37m[INFO] 11:44:46,008 [Test worker] changelog.ChangeSet. - ChangeSet migration/node-services.changelog-init.xml::1511451595465-21::R3.Corda ran successfully in 0ms {changeSet=migration/node-services.changelog-init.xml::1511451595465-21::R3.Corda, databaseChangeLog=master.changelog.json}
?[m?[37m[INFO] 11:44:46,008 [Test worker] jvm.JdbcExecutor. - INSERT INTO PUBLIC.DATABASECHANGELOG (ID, AUTHOR, FILENAME, DATEEXECUTED, ORDEREXECUTED, MD5SUM, DESCRIPTION, COMMENTS, EXECTYPE, CONTEXTS, LABELS, LIQUIBASE, DEPLOYMENT_ID) VALUES ('1511451595465-21', 'R3.Corda', 'migration/node-services.changelog-init.xml', NOW(), 52, '8:69feb7582f3b77828510a56cb111cfd8', 'createTable tableName=node_transactions', '', 'EXECUTED', NULL, NULL, '3.6.3', '2067485978') {changeSet=migration/node-services.changelog-init.xml::1511451595465-21::R3.Corda, databaseChangeLog=master.changelog.json}
?[m?[37m[INFO] 11:44:46,008 [Test worker] jvm.JdbcExecutor. - ALTER TABLE PUBLIC.node_attachments ADD CONSTRAINT node_attachments_pkey PRIMARY KEY (att_id) {changeSet=migration/node-services.changelog-init.xml::1511451595465-30::R3.Corda, databaseChangeLog=master.changelog.json}
?[m?[37m[INFO] 11:44:46,008 [Test worker] changelog.ChangeSet. - Primary key added to node_attachments (att_id) {changeSet=migration/node-services.changelog-init.xml::1511451595465-30::R3.Corda, databaseChangeLog=master.changelog.json}
?[m?[37m[INFO] 11:44:46,008 [Test worker] changelog.ChangeSet. - ChangeSet migration/node-services.changelog-init.xml::1511451595465-30::R3.Corda ran successfully in 0ms {changeSet=migration/node-services.changelog-init.xml::1511451595465-30::R3.Corda, databaseChangeLog=master.changelog.json}
?[m?[37m[INFO] 11:44:46,008 [Test worker] jvm.JdbcExecutor. - INSERT INTO PUBLIC.DATABASECHANGELOG (ID, AUTHOR, FILENAME, DATEEXECUTED, ORDEREXECUTED, MD5SUM, DESCRIPTION, COMMENTS, EXECTYPE, CONTEXTS, LABELS, LIQUIBASE, DEPLOYMENT_ID) VALUES ('1511451595465-30', 'R3.Corda', 'migration/node-services.changelog-init.xml', NOW(), 53, '8:97c42d4eac368e79f47df345a072b237', 'addPrimaryKey constraintName=node_attachments_pkey, tableName=node_attachments', '', 'EXECUTED', NULL, NULL, '3.6.3', '2067485978') {changeSet=migration/node-services.changelog-init.xml::1511451595465-30::R3.Corda, databaseChangeLog=master.changelog.json}
?[m?[37m[INFO] 11:44:46,008 [Test worker] jvm.JdbcExecutor. - ALTER TABLE PUBLIC.node_checkpoints ADD CONSTRAINT node_checkpoints_pkey PRIMARY KEY (checkpoint_id) {changeSet=migration/node-services.changelog-init.xml::1511451595465-32::R3.Corda, databaseChangeLog=master.changelog.json}
?[m?[37m[INFO] 11:44:46,009 [Test worker] changelog.ChangeSet. - Primary key added to node_checkpoints (checkpoint_id) {changeSet=migration/node-services.changelog-init.xml::1511451595465-32::R3.Corda, databaseChangeLog=master.changelog.json}
?[m?[37m[INFO] 11:44:46,009 [Test worker] changelog.ChangeSet. - ChangeSet migration/node-services.changelog-init.xml::1511451595465-32::R3.Corda ran successfully in 1ms {changeSet=migration/node-services.changelog-init.xml::1511451595465-32::R3.Corda, databaseChangeLog=master.changelog.json}
?[m?[37m[INFO] 11:44:46,009 [Test worker] jvm.JdbcExecutor. - INSERT INTO PUBLIC.DATABASECHANGELOG (ID, AUTHOR, FILENAME, DATEEXECUTED, ORDEREXECUTED, MD5SUM, DESCRIPTION, COMMENTS, EXECTYPE, CONTEXTS, LABELS, LIQUIBASE, DEPLOYMENT_ID) VALUES ('1511451595465-32', 'R3.Corda', 'migration/node-services.changelog-init.xml', NOW(), 54, '8:7224c32660081d3e820e52e2b70b365f', 'addPrimaryKey constraintName=node_checkpoints_pkey, tableName=node_checkpoints', '', 'EXECUTED', NULL, NULL, '3.6.3', '2067485978') {changeSet=migration/node-services.changelog-init.xml::1511451595465-32::R3.Corda, databaseChangeLog=master.changelog.json}
?[m?[37m[INFO] 11:44:46,009 [Test worker] jvm.JdbcExecutor. - ALTER TABLE PUBLIC.node_contract_upgrades ADD CONSTRAINT node_contract_upgrades_pkey PRIMARY KEY (state_ref) {changeSet=migration/node-services.changelog-init.xml::1511451595465-33::R3.Corda, databaseChangeLog=master.changelog.json}
?[m?[37m[INFO] 11:44:46,009 [Test worker] changelog.ChangeSet. - Primary key added to node_contract_upgrades (state_ref) {changeSet=migration/node-services.changelog-init.xml::1511451595465-33::R3.Corda, databaseChangeLog=master.changelog.json}
?[m?[37m[INFO] 11:44:46,009 [Test worker] changelog.ChangeSet. - ChangeSet migration/node-services.changelog-init.xml::1511451595465-33::R3.Corda ran successfully in 0ms {changeSet=migration/node-services.changelog-init.xml::1511451595465-33::R3.Corda, databaseChangeLog=master.changelog.json}
?[m?[37m[INFO] 11:44:46,009 [Test worker] jvm.JdbcExecutor. - INSERT INTO PUBLIC.DATABASECHANGELOG (ID, AUTHOR, FILENAME, DATEEXECUTED, ORDEREXECUTED, MD5SUM, DESCRIPTION, COMMENTS, EXECTYPE, CONTEXTS, LABELS, LIQUIBASE, DEPLOYMENT_ID) VALUES ('1511451595465-33', 'R3.Corda', 'migration/node-services.changelog-init.xml', NOW(), 55, '8:85bcae037a29317065e3b922e0563902', 'addPrimaryKey constraintName=node_contract_upgrades_pkey, tableName=node_contract_upgrades', '', 'EXECUTED', NULL, NULL, '3.6.3', '2067485978') {changeSet=migration/node-services.changelog-init.xml::1511451595465-33::R3.Corda, databaseChangeLog=master.changelog.json}
?[m?[37m[INFO] 11:44:46,009 [Test worker] jvm.JdbcExecutor. - ALTER TABLE PUBLIC.node_identities ADD CONSTRAINT node_identities_pkey PRIMARY KEY (pk_hash) {changeSet=migration/node-services.changelog-init.xml::1511451595465-34::R3.Corda, databaseChangeLog=master.changelog.json}
?[m?[37m[INFO] 11:44:46,009 [Test worker] changelog.ChangeSet. - Primary key added to node_identities (pk_hash) {changeSet=migration/node-services.changelog-init.xml::1511451595465-34::R3.Corda, databaseChangeLog=master.changelog.json}
?[m?[37m[INFO] 11:44:46,009 [Test worker] changelog.ChangeSet. - ChangeSet migration/node-services.changelog-init.xml::1511451595465-34::R3.Corda ran successfully in 0ms {changeSet=migration/node-services.changelog-init.xml::1511451595465-34::R3.Corda, databaseChangeLog=master.changelog.json}
?[m?[37m[INFO] 11:44:46,009 [Test worker] jvm.JdbcExecutor. - INSERT INTO PUBLIC.DATABASECHANGELOG (ID, AUTHOR, FILENAME, DATEEXECUTED, ORDEREXECUTED, MD5SUM, DESCRIPTION, COMMENTS, EXECTYPE, CONTEXTS, LABELS, LIQUIBASE, DEPLOYMENT_ID) VALUES ('1511451595465-34', 'R3.Corda', 'migration/node-services.changelog-init.xml', NOW(), 56, '8:308ffe9985df3029fc05bd41c60010a9', 'addPrimaryKey constraintName=node_identities_pkey, tableName=node_identities', '', 'EXECUTED', NULL, NULL, '3.6.3', '2067485978') {changeSet=migration/node-services.changelog-init.xml::1511451595465-34::R3.Corda, databaseChangeLog=master.changelog.json}
?[m?[37m[INFO] 11:44:46,010 [Test worker] jvm.JdbcExecutor. - ALTER TABLE PUBLIC.node_message_ids ADD CONSTRAINT node_message_ids_pkey PRIMARY KEY (message_id) {changeSet=migration/node-services.changelog-init.xml::1511451595465-38::R3.Corda, databaseChangeLog=master.changelog.json}
?[m?[37m[INFO] 11:44:46,010 [Test worker] changelog.ChangeSet. - Primary key added to node_message_ids (message_id) {changeSet=migration/node-services.changelog-init.xml::1511451595465-38::R3.Corda, databaseChangeLog=master.changelog.json}
?[m?[37m[INFO] 11:44:46,010 [Test worker] changelog.ChangeSet. - ChangeSet migration/node-services.changelog-init.xml::1511451595465-38::R3.Corda ran successfully in 1ms {changeSet=migration/node-services.changelog-init.xml::1511451595465-38::R3.Corda, databaseChangeLog=master.changelog.json}
?[m?[37m[INFO] 11:44:46,010 [Test worker] jvm.JdbcExecutor. - INSERT INTO PUBLIC.DATABASECHANGELOG (ID, AUTHOR, FILENAME, DATEEXECUTED, ORDEREXECUTED, MD5SUM, DESCRIPTION, COMMENTS, EXECTYPE, CONTEXTS, LABELS, LIQUIBASE, DEPLOYMENT_ID) VALUES ('1511451595465-38', 'R3.Corda', 'migration/node-services.changelog-init.xml', NOW(), 57, '8:18b1b83ce2a778af1a8a8c9c56bb9651', 'addPrimaryKey constraintName=node_message_ids_pkey, tableName=node_message_ids', '', 'EXECUTED', NULL, NULL, '3.6.3', '2067485978') {changeSet=migration/node-services.changelog-init.xml::1511451595465-38::R3.Corda, databaseChangeLog=master.changelog.json}
?[m?[37m[INFO] 11:44:46,010 [Test worker] jvm.JdbcExecutor. - ALTER TABLE PUBLIC.node_message_retry ADD CONSTRAINT node_message_retry_pkey PRIMARY KEY (message_id) {changeSet=migration/node-services.changelog-init.xml::1511451595465-39::R3.Corda, databaseChangeLog=master.changelog.json}
?[m?[37m[INFO] 11:44:46,010 [Test worker] changelog.ChangeSet. - Primary key added to node_message_retry (message_id) {changeSet=migration/node-services.changelog-init.xml::1511451595465-39::R3.Corda, databaseChangeLog=master.changelog.json}
?[m?[37m[INFO] 11:44:46,010 [Test worker] changelog.ChangeSet. - ChangeSet migration/node-services.changelog-init.xml::1511451595465-39::R3.Corda ran successfully in 0ms {changeSet=migration/node-services.changelog-init.xml::1511451595465-39::R3.Corda, databaseChangeLog=master.changelog.json}
?[m?[37m[INFO] 11:44:46,010 [Test worker] jvm.JdbcExecutor. - INSERT INTO PUBLIC.DATABASECHANGELOG (ID, AUTHOR, FILENAME, DATEEXECUTED, ORDEREXECUTED, MD5SUM, DESCRIPTION, COMMENTS, EXECTYPE, CONTEXTS, LABELS, LIQUIBASE, DEPLOYMENT_ID) VALUES ('1511451595465-39', 'R3.Corda', 'migration/node-services.changelog-init.xml', NOW(), 58, '8:0359c73c9db723c73ee0171620ff4ac6', 'addPrimaryKey constraintName=node_message_retry_pkey, tableName=node_message_retry', '', 'EXECUTED', NULL, NULL, '3.6.3', '2067485978') {changeSet=migration/node-services.changelog-init.xml::1511451595465-39::R3.Corda, databaseChangeLog=master.changelog.json}
?[m?[37m[INFO] 11:44:46,010 [Test worker] jvm.JdbcExecutor. - ALTER TABLE PUBLIC.node_named_identities ADD CONSTRAINT node_named_identities_pkey PRIMARY KEY (name) {changeSet=migration/node-services.changelog-init.xml::1511451595465-40::R3.Corda, databaseChangeLog=master.changelog.json}
?[m?[37m[INFO] 11:44:46,010 [Test worker] changelog.ChangeSet. - Primary key added to node_named_identities (name) {changeSet=migration/node-services.changelog-init.xml::1511451595465-40::R3.Corda, databaseChangeLog=master.changelog.json}
?[m?[37m[INFO] 11:44:46,010 [Test worker] changelog.ChangeSet. - ChangeSet migration/node-services.changelog-init.xml::1511451595465-40::R3.Corda ran successfully in 0ms {changeSet=migration/node-services.changelog-init.xml::1511451595465-40::R3.Corda, databaseChangeLog=master.changelog.json}
?[m?[37m[INFO] 11:44:46,011 [Test worker] jvm.JdbcExecutor. - INSERT INTO PUBLIC.DATABASECHANGELOG (ID, AUTHOR, FILENAME, DATEEXECUTED, ORDEREXECUTED, MD5SUM, DESCRIPTION, COMMENTS, EXECTYPE, CONTEXTS, LABELS, LIQUIBASE, DEPLOYMENT_ID) VALUES ('1511451595465-40', 'R3.Corda', 'migration/node-services.changelog-init.xml', NOW(), 59, '8:ef3ab101a3e4c5820f575d5adcb85c08', 'addPrimaryKey constraintName=node_named_identities_pkey, tableName=node_named_identities', '', 'EXECUTED', NULL, NULL, '3.6.3', '2067485978') {changeSet=migration/node-services.changelog-init.xml::1511451595465-40::R3.Corda, databaseChangeLog=master.changelog.json}
?[m?[37m[INFO] 11:44:46,011 [Test worker] jvm.JdbcExecutor. - ALTER TABLE PUBLIC.node_our_key_pairs ADD CONSTRAINT node_our_key_pairs_pkey PRIMARY KEY (public_key_hash) {changeSet=migration/node-services.changelog-init.xml::1511451595465-42::R3.Corda, databaseChangeLog=master.changelog.json}
?[m?[37m[INFO] 11:44:46,011 [Test worker] changelog.ChangeSet. - Primary key added to node_our_key_pairs (public_key_hash) {changeSet=migration/node-services.changelog-init.xml::1511451595465-42::R3.Corda, databaseChangeLog=master.changelog.json}
?[m?[37m[INFO] 11:44:46,011 [Test worker] changelog.ChangeSet. - ChangeSet migration/node-services.changelog-init.xml::1511451595465-42::R3.Corda ran successfully in 0ms {changeSet=migration/node-services.changelog-init.xml::1511451595465-42::R3.Corda, databaseChangeLog=master.changelog.json}
?[m?[37m[INFO] 11:44:46,011 [Test worker] jvm.JdbcExecutor. - INSERT INTO PUBLIC.DATABASECHANGELOG (ID, AUTHOR, FILENAME, DATEEXECUTED, ORDEREXECUTED, MD5SUM, DESCRIPTION, COMMENTS, EXECTYPE, CONTEXTS, LABELS, LIQUIBASE, DEPLOYMENT_ID) VALUES ('1511451595465-42', 'R3.Corda', 'migration/node-services.changelog-init.xml', NOW(), 60, '8:d742088fd258d00e0a1fbffcf2e27c61', 'addPrimaryKey constraintName=node_our_key_pairs_pkey, tableName=node_our_key_pairs', '', 'EXECUTED', NULL, NULL, '3.6.3', '2067485978') {changeSet=migration/node-services.changelog-init.xml::1511451595465-42::R3.Corda, databaseChangeLog=master.changelog.json}
?[m?[37m[INFO] 11:44:46,011 [Test worker] jvm.JdbcExecutor. - ALTER TABLE PUBLIC.node_scheduled_states ADD CONSTRAINT node_scheduled_states_pkey PRIMARY KEY (output_index, transaction_id) {changeSet=migration/node-services.changelog-init.xml::1511451595465-44::R3.Corda, databaseChangeLog=master.changelog.json}
?[m?[37m[INFO] 11:44:46,011 [Test worker] changelog.ChangeSet. - Primary key added to node_scheduled_states (output_index, transaction_id) {changeSet=migration/node-services.changelog-init.xml::1511451595465-44::R3.Corda, databaseChangeLog=master.changelog.json}
?[m?[37m[INFO] 11:44:46,011 [Test worker] changelog.ChangeSet. - ChangeSet migration/node-services.changelog-init.xml::1511451595465-44::R3.Corda ran successfully in 0ms {changeSet=migration/node-services.changelog-init.xml::1511451595465-44::R3.Corda, databaseChangeLog=master.changelog.json}
?[m?[37m[INFO] 11:44:46,011 [Test worker] jvm.JdbcExecutor. - INSERT INTO PUBLIC.DATABASECHANGELOG (ID, AUTHOR, FILENAME, DATEEXECUTED, ORDEREXECUTED, MD5SUM, DESCRIPTION, COMMENTS, EXECTYPE, CONTEXTS, LABELS, LIQUIBASE, DEPLOYMENT_ID) VALUES ('1511451595465-44', 'R3.Corda', 'migration/node-services.changelog-init.xml', NOW(), 61, '8:dc8b980de5154038877f6d2e43b97ad1', 'addPrimaryKey constraintName=node_scheduled_states_pkey, tableName=node_scheduled_states', '', 'EXECUTED', NULL, NULL, '3.6.3', '2067485978') {changeSet=migration/node-services.changelog-init.xml::1511451595465-44::R3.Corda, databaseChangeLog=master.changelog.json}
?[m?[37m[INFO] 11:44:46,011 [Test worker] jvm.JdbcExecutor. - ALTER TABLE PUBLIC.node_transaction_mappings ADD CONSTRAINT node_transaction_mappings_pkey PRIMARY KEY (tx_id) {changeSet=migration/node-services.changelog-init.xml::1511451595465-45::R3.Corda, databaseChangeLog=master.changelog.json}
?[m?[37m[INFO] 11:44:46,012 [Test worker] changelog.ChangeSet. - Primary key added to node_transaction_mappings (tx_id) {changeSet=migration/node-services.changelog-init.xml::1511451595465-45::R3.Corda, databaseChangeLog=master.changelog.json}
?[m?[37m[INFO] 11:44:46,012 [Test worker] changelog.ChangeSet. - ChangeSet migration/node-services.changelog-init.xml::1511451595465-45::R3.Corda ran successfully in 1ms {changeSet=migration/node-services.changelog-init.xml::1511451595465-45::R3.Corda, databaseChangeLog=master.changelog.json}
?[m?[37m[INFO] 11:44:46,012 [Test worker] jvm.JdbcExecutor. - INSERT INTO PUBLIC.DATABASECHANGELOG (ID, AUTHOR, FILENAME, DATEEXECUTED, ORDEREXECUTED, MD5SUM, DESCRIPTION, COMMENTS, EXECTYPE, CONTEXTS, LABELS, LIQUIBASE, DEPLOYMENT_ID) VALUES ('1511451595465-45', 'R3.Corda', 'migration/node-services.changelog-init.xml', NOW(), 62, '8:2ae0fa18530e20aa3bcd6109b7d95247', 'addPrimaryKey constraintName=node_transaction_mappings_pkey, tableName=node_transaction_mappings', '', 'EXECUTED', NULL, NULL, '3.6.3', '2067485978') {changeSet=migration/node-services.changelog-init.xml::1511451595465-45::R3.Corda, databaseChangeLog=master.changelog.json}
?[m?[37m[INFO] 11:44:46,012 [Test worker] jvm.JdbcExecutor. - ALTER TABLE PUBLIC.node_transactions ADD CONSTRAINT node_transactions_pkey PRIMARY KEY (tx_id) {changeSet=migration/node-services.changelog-init.xml::1511451595465-46::R3.Corda, databaseChangeLog=master.changelog.json}
?[m?[37m[INFO] 11:44:46,012 [Test worker] changelog.ChangeSet. - Primary key added to node_transactions (tx_id) {changeSet=migration/node-services.changelog-init.xml::1511451595465-46::R3.Corda, databaseChangeLog=master.changelog.json}
?[m?[37m[INFO] 11:44:46,012 [Test worker] changelog.ChangeSet. - ChangeSet migration/node-services.changelog-init.xml::1511451595465-46::R3.Corda ran successfully in 0ms {changeSet=migration/node-services.changelog-init.xml::1511451595465-46::R3.Corda, databaseChangeLog=master.changelog.json}
?[m?[37m[INFO] 11:44:46,012 [Test worker] jvm.JdbcExecutor. - INSERT INTO PUBLIC.DATABASECHANGELOG (ID, AUTHOR, FILENAME, DATEEXECUTED, ORDEREXECUTED, MD5SUM, DESCRIPTION, COMMENTS, EXECTYPE, CONTEXTS, LABELS, LIQUIBASE, DEPLOYMENT_ID) VALUES ('1511451595465-46', 'R3.Corda', 'migration/node-services.changelog-init.xml', NOW(), 63, '8:d5e4dd3dba8e89f77b6eeff0fc5b7a49', 'addPrimaryKey constraintName=node_transactions_pkey, tableName=node_transactions', '', 'EXECUTED', NULL, NULL, '3.6.3', '2067485978') {changeSet=migration/node-services.changelog-init.xml::1511451595465-46::R3.Corda, databaseChangeLog=master.changelog.json}
?[m?[37m[INFO] 11:44:46,012 [Test worker] jvm.JdbcExecutor. - ALTER TABLE PUBLIC.node_link_nodeinfo_party ADD CONSTRAINT FK__link_ni_p__info_p_cert FOREIGN KEY (party_name) REFERENCES PUBLIC.node_info_party_cert (party_name) {changeSet=migration/node-services.changelog-init.xml::1511451595465-61::R3.Corda, databaseChangeLog=master.changelog.json}
?[m?[37m[INFO] 11:44:46,012 [Test worker] changelog.ChangeSet. - Foreign key constraint added to node_link_nodeinfo_party (party_name) {changeSet=migration/node-services.changelog-init.xml::1511451595465-61::R3.Corda, databaseChangeLog=master.changelog.json}
?[m?[37m[INFO] 11:44:46,012 [Test worker] changelog.ChangeSet. - ChangeSet migration/node-services.changelog-init.xml::1511451595465-61::R3.Corda ran successfully in 0ms {changeSet=migration/node-services.changelog-init.xml::1511451595465-61::R3.Corda, databaseChangeLog=master.changelog.json}
?[m?[37m[INFO] 11:44:46,013 [Test worker] jvm.JdbcExecutor. - INSERT INTO PUBLIC.DATABASECHANGELOG (ID, AUTHOR, FILENAME, DATEEXECUTED, ORDEREXECUTED, MD5SUM, DESCRIPTION, COMMENTS, EXECTYPE, CONTEXTS, LABELS, LIQUIBASE, DEPLOYMENT_ID) VALUES ('1511451595465-61', 'R3.Corda', 'migration/node-services.changelog-init.xml', NOW(), 64, '8:1d4e406a8056aa782ccbd978771f1fb9', 'addForeignKeyConstraint baseTableName=node_link_nodeinfo_party, constraintName=FK__link_ni_p__info_p_cert, referencedTableName=node_info_party_cert', '', 'EXECUTED', NULL, NULL, '3.6.3', '2067485978') {changeSet=migration/node-services.changelog-init.xml::1511451595465-61::R3.Corda, databaseChangeLog=master.changelog.json}
?[m?[37m[INFO] 11:44:46,013 [Test worker] jvm.JdbcExecutor. - CREATE INDEX PUBLIC.att_id_idx ON PUBLIC.node_attachments(att_id) {changeSet=migration/node-services.changelog-init.xml::add index att_id::R3.Corda, databaseChangeLog=master.changelog.json}
?[m?[37m[INFO] 11:44:46,013 [Test worker] changelog.ChangeSet. - Index att_id_idx created {changeSet=migration/node-services.changelog-init.xml::add index att_id::R3.Corda, databaseChangeLog=master.changelog.json}
?[m?[37m[INFO] 11:44:46,013 [Test worker] changelog.ChangeSet. - ChangeSet migration/node-services.changelog-init.xml::add index att_id::R3.Corda ran successfully in 0ms {changeSet=migration/node-services.changelog-init.xml::add index att_id::R3.Corda, databaseChangeLog=master.changelog.json}
?[m?[37m[INFO] 11:44:46,013 [Test worker] jvm.JdbcExecutor. - INSERT INTO PUBLIC.DATABASECHANGELOG (ID, AUTHOR, FILENAME, DATEEXECUTED, ORDEREXECUTED, MD5SUM, DESCRIPTION, COMMENTS, EXECTYPE, CONTEXTS, LABELS, LIQUIBASE, DEPLOYMENT_ID) VALUES ('add index att_id', 'R3.Corda', 'migration/node-services.changelog-init.xml', NOW(), 65, '8:ccf9b08f32d685dc60d6e34a3013bffc', 'createIndex indexName=att_id_idx, tableName=node_attachments', '', 'EXECUTED', NULL, NULL, '3.6.3', '2067485978') {changeSet=migration/node-services.changelog-init.xml::add index att_id::R3.Corda, databaseChangeLog=master.changelog.json}
?[m?[37m[INFO] 11:44:46,013 [Test worker] jvm.JdbcExecutor. - CREATE TABLE PUBLIC.node_attchments_contracts (att_id NVARCHAR(255) NOT NULL, contract_class_name NVARCHAR(255)) {changeSet=migration/node-services.changelog-init.xml::add_contract_attachment::R3.Corda, databaseChangeLog=master.changelog.json}
?[m?[37m[INFO] 11:44:46,013 [Test worker] changelog.ChangeSet. - Table node_attchments_contracts created {changeSet=migration/node-services.changelog-init.xml::add_contract_attachment::R3.Corda, databaseChangeLog=master.changelog.json}
?[m?[37m[INFO] 11:44:46,013 [Test worker] jvm.JdbcExecutor. - ALTER TABLE PUBLIC.node_attchments_contracts ADD CONSTRAINT FK__ctr_class__attachments FOREIGN KEY (att_id) REFERENCES PUBLIC.node_attachments (att_id) {changeSet=migration/node-services.changelog-init.xml::add_contract_attachment::R3.Corda, databaseChangeLog=master.changelog.json}
?[m?[37m[INFO] 11:44:46,013 [Test worker] changelog.ChangeSet. - Foreign key constraint added to node_attchments_contracts (att_id) {changeSet=migration/node-services.changelog-init.xml::add_contract_attachment::R3.Corda, databaseChangeLog=master.changelog.json}
?[m?[37m[INFO] 11:44:46,013 [Test worker] jvm.JdbcExecutor. - DELETE FROM PUBLIC.node_attachments {changeSet=migration/node-services.changelog-init.xml::add_contract_attachment::R3.Corda, databaseChangeLog=master.changelog.json}
?[m?[37m[INFO] 11:44:46,013 [Test worker] changelog.ChangeSet. - Data deleted from node_attachments {changeSet=migration/node-services.changelog-init.xml::add_contract_attachment::R3.Corda, databaseChangeLog=master.changelog.json}
?[m?[37m[INFO] 11:44:46,013 [Test worker] changelog.ChangeSet. - ChangeSet migration/node-services.changelog-init.xml::add_contract_attachment::R3.Corda ran successfully in 0ms {changeSet=migration/node-services.changelog-init.xml::add_contract_attachment::R3.Corda, databaseChangeLog=master.changelog.json}
?[m?[37m[INFO] 11:44:46,014 [Test worker] jvm.JdbcExecutor. - INSERT INTO PUBLIC.DATABASECHANGELOG (ID, AUTHOR, FILENAME, DATEEXECUTED, ORDEREXECUTED, MD5SUM, DESCRIPTION, COMMENTS, EXECTYPE, CONTEXTS, LABELS, LIQUIBASE, DEPLOYMENT_ID) VALUES ('add_contract_attachment', 'R3.Corda', 'migration/node-services.changelog-init.xml', NOW(), 66, '8:8898557cf18644883f6f3b0c5e784c0b', 'createTable tableName=node_attchments_contracts; addForeignKeyConstraint baseTableName=node_attchments_contracts, constraintName=FK__ctr_class__attachments, referencedTableName=node_attachments; delete tableName=node_attachments', '', 'EXECUTED', NULL, NULL, '3.6.3', '2067485978') {changeSet=migration/node-services.changelog-init.xml::add_contract_attachment::R3.Corda, databaseChangeLog=master.changelog.json}
?[m?[37m[INFO] 11:44:46,014 [Test worker] jvm.JdbcExecutor. - ALTER TABLE PUBLIC.node_message_ids ADD sender NVARCHAR(64) {changeSet=migration/node-services.changelog-init.xml::add_dedup_columns::R3.Corda, databaseChangeLog=master.changelog.json}
?[m?[37m[INFO] 11:44:46,014 [Test worker] jvm.JdbcExecutor. - ALTER TABLE PUBLIC.node_message_ids ADD sequence_number BIGINT {changeSet=migration/node-services.changelog-init.xml::add_dedup_columns::R3.Corda, databaseChangeLog=master.changelog.json}
?[m?[37m[INFO] 11:44:46,014 [Test worker] changelog.ChangeSet. - Columns sender(NVARCHAR(64)),sequence_number(BIGINT) added to node_message_ids {changeSet=migration/node-services.changelog-init.xml::add_dedup_columns::R3.Corda, databaseChangeLog=master.changelog.json}
?[m?[37m[INFO] 11:44:46,014 [Test worker] changelog.ChangeSet. - ChangeSet migration/node-services.changelog-init.xml::add_dedup_columns::R3.Corda ran successfully in 0ms {changeSet=migration/node-services.changelog-init.xml::add_dedup_columns::R3.Corda, databaseChangeLog=master.changelog.json}
?[m?[37m[INFO] 11:44:46,014 [Test worker] jvm.JdbcExecutor. - INSERT INTO PUBLIC.DATABASECHANGELOG (ID, AUTHOR, FILENAME, DATEEXECUTED, ORDEREXECUTED, MD5SUM, DESCRIPTION, COMMENTS, EXECTYPE, CONTEXTS, LABELS, LIQUIBASE, DEPLOYMENT_ID) VALUES ('add_dedup_columns', 'R3.Corda', 'migration/node-services.changelog-init.xml', NOW(), 67, '8:5924ebdacff695e1f30aa3e0173eccdf', 'addColumn tableName=node_message_ids', '', 'EXECUTED', NULL, NULL, '3.6.3', '2067485978') {changeSet=migration/node-services.changelog-init.xml::add_dedup_columns::R3.Corda, databaseChangeLog=master.changelog.json}
?[m?[37m[INFO] 11:44:46,015 [Test worker] jvm.JdbcExecutor. - ALTER TABLE PUBLIC.node_attchments_contracts RENAME TO node_attachments_contracts {changeSet=migration/node-core.changelog-v4.xml::attchments_rename::R3.Corda, databaseChangeLog=master.changelog.json}
?[m?[37m[INFO] 11:44:46,015 [Test worker] changelog.ChangeSet. - Table node_attchments_contracts renamed to node_attachments_contracts {changeSet=migration/node-core.changelog-v4.xml::attchments_rename::R3.Corda, databaseChangeLog=master.changelog.json}
?[m?[37m[INFO] 11:44:46,015 [Test worker] changelog.ChangeSet. - ChangeSet migration/node-core.changelog-v4.xml::attchments_rename::R3.Corda ran successfully in 1ms {changeSet=migration/node-core.changelog-v4.xml::attchments_rename::R3.Corda, databaseChangeLog=master.changelog.json}
?[m?[37m[INFO] 11:44:46,015 [Test worker] jvm.JdbcExecutor. - INSERT INTO PUBLIC.DATABASECHANGELOG (ID, AUTHOR, FILENAME, DATEEXECUTED, ORDEREXECUTED, MD5SUM, DESCRIPTION, COMMENTS, EXECTYPE, CONTEXTS, LABELS, LIQUIBASE, DEPLOYMENT_ID) VALUES ('attchments_rename', 'R3.Corda', 'migration/node-core.changelog-v4.xml', NOW(), 68, '8:94816d7657264059f2b8da4e97d4b15d', 'renameTable newTableName=node_attachments_contracts, oldTableName=node_attchments_contracts', '', 'EXECUTED', NULL, NULL, '3.6.3', '2067485978') {changeSet=migration/node-core.changelog-v4.xml::attchments_rename::R3.Corda, databaseChangeLog=master.changelog.json}
?[m?[37m[INFO] 11:44:46,015 [Test worker] jvm.JdbcExecutor. - ALTER TABLE PUBLIC.node_identities ALTER COLUMN identity_value SET NOT NULL {changeSet=migration/node-core.changelog-v4.xml::nullability::R3.Corda, databaseChangeLog=master.changelog.json}
?[m?[37m[INFO] 11:44:46,015 [Test worker] changelog.ChangeSet. - NOT NULL constraint has been added to node_identities.identity_value {changeSet=migration/node-core.changelog-v4.xml::nullability::R3.Corda, databaseChangeLog=master.changelog.json}
?[m?[37m[INFO] 11:44:46,015 [Test worker] jvm.JdbcExecutor. - ALTER TABLE PUBLIC.node_attachments ALTER COLUMN content SET NOT NULL {changeSet=migration/node-core.changelog-v4.xml::nullability::R3.Corda, databaseChangeLog=master.changelog.json}
?[m?[37m[INFO] 11:44:46,015 [Test worker] changelog.ChangeSet. - NOT NULL constraint has been added to node_attachments.content {changeSet=migration/node-core.changelog-v4.xml::nullability::R3.Corda, databaseChangeLog=master.changelog.json}
?[m?[37m[INFO] 11:44:46,015 [Test worker] jvm.JdbcExecutor. - ALTER TABLE PUBLIC.node_attachments_contracts ALTER COLUMN contract_class_name SET NOT NULL {changeSet=migration/node-core.changelog-v4.xml::nullability::R3.Corda, databaseChangeLog=master.changelog.json}
?[m?[37m[INFO] 11:44:46,015 [Test worker] changelog.ChangeSet. - NOT NULL constraint has been added to node_attachments_contracts.contract_class_name {changeSet=migration/node-core.changelog-v4.xml::nullability::R3.Corda, databaseChangeLog=master.changelog.json}
?[m?[37m[INFO] 11:44:46,015 [Test worker] jvm.JdbcExecutor. - ALTER TABLE PUBLIC.node_checkpoints ALTER COLUMN checkpoint_value SET NOT NULL {changeSet=migration/node-core.changelog-v4.xml::nullability::R3.Corda, databaseChangeLog=master.changelog.json}
?[m?[37m[INFO] 11:44:46,015 [Test worker] changelog.ChangeSet. - NOT NULL constraint has been added to node_checkpoints.checkpoint_value {changeSet=migration/node-core.changelog-v4.xml::nullability::R3.Corda, databaseChangeLog=master.changelog.json}
?[m?[37m[INFO] 11:44:46,015 [Test worker] jvm.JdbcExecutor. - ALTER TABLE PUBLIC.node_contract_upgrades ALTER COLUMN contract_class_name SET NOT NULL {changeSet=migration/node-core.changelog-v4.xml::nullability::R3.Corda, databaseChangeLog=master.changelog.json}
?[m?[37m[INFO] 11:44:46,015 [Test worker] changelog.ChangeSet. - NOT NULL constraint has been added to node_contract_upgrades.contract_class_name {changeSet=migration/node-core.changelog-v4.xml::nullability::R3.Corda, databaseChangeLog=master.changelog.json}
?[m?[37m[INFO] 11:44:46,015 [Test worker] jvm.JdbcExecutor. - ALTER TABLE PUBLIC.node_message_ids ALTER COLUMN insertion_time SET NOT NULL {changeSet=migration/node-core.changelog-v4.xml::nullability::R3.Corda, databaseChangeLog=master.changelog.json}
?[m?[37m[INFO] 11:44:46,015 [Test worker] changelog.ChangeSet. - NOT NULL constraint has been added to node_message_ids.insertion_time {changeSet=migration/node-core.changelog-v4.xml::nullability::R3.Corda, databaseChangeLog=master.changelog.json}
?[m?[37m[INFO] 11:44:46,015 [Test worker] jvm.JdbcExecutor. - ALTER TABLE PUBLIC.node_message_retry ALTER COLUMN message SET NOT NULL {changeSet=migration/node-core.changelog-v4.xml::nullability::R3.Corda, databaseChangeLog=master.changelog.json}
?[m?[37m[INFO] 11:44:46,015 [Test worker] changelog.ChangeSet. - NOT NULL constraint has been added to node_message_retry.message {changeSet=migration/node-core.changelog-v4.xml::nullability::R3.Corda, databaseChangeLog=master.changelog.json}
?[m?[37m[INFO] 11:44:46,015 [Test worker] jvm.JdbcExecutor. - ALTER TABLE PUBLIC.node_message_retry ALTER COLUMN recipients SET NOT NULL {changeSet=migration/node-core.changelog-v4.xml::nullability::R3.Corda, databaseChangeLog=master.changelog.json}
?[m?[37m[INFO] 11:44:46,015 [Test worker] changelog.ChangeSet. - NOT NULL constraint has been added to node_message_retry.recipients {changeSet=migration/node-core.changelog-v4.xml::nullability::R3.Corda, databaseChangeLog=master.changelog.json}
?[m?[37m[INFO] 11:44:46,015 [Test worker] jvm.JdbcExecutor. - ALTER TABLE PUBLIC.node_named_identities ALTER COLUMN pk_hash SET NOT NULL {changeSet=migration/node-core.changelog-v4.xml::nullability::R3.Corda, databaseChangeLog=master.changelog.json}
?[m?[37m[INFO] 11:44:46,015 [Test worker] changelog.ChangeSet. - NOT NULL constraint has been added to node_named_identities.pk_hash {changeSet=migration/node-core.changelog-v4.xml::nullability::R3.Corda, databaseChangeLog=master.changelog.json}
?[m?[37m[INFO] 11:44:46,015 [Test worker] jvm.JdbcExecutor. - ALTER TABLE PUBLIC.node_our_key_pairs ALTER COLUMN private_key SET NOT NULL {changeSet=migration/node-core.changelog-v4.xml::nullability::R3.Corda, databaseChangeLog=master.changelog.json}
?[m?[37m[INFO] 11:44:46,015 [Test worker] changelog.ChangeSet. - NOT NULL constraint has been added to node_our_key_pairs.private_key {changeSet=migration/node-core.changelog-v4.xml::nullability::R3.Corda, databaseChangeLog=master.changelog.json}
?[m?[37m[INFO] 11:44:46,015 [Test worker] jvm.JdbcExecutor. - ALTER TABLE PUBLIC.node_our_key_pairs ALTER COLUMN public_key SET NOT NULL {changeSet=migration/node-core.changelog-v4.xml::nullability::R3.Corda, databaseChangeLog=master.changelog.json}
?[m?[37m[INFO] 11:44:46,015 [Test worker] changelog.ChangeSet. - NOT NULL constraint has been added to node_our_key_pairs.public_key {changeSet=migration/node-core.changelog-v4.xml::nullability::R3.Corda, databaseChangeLog=master.changelog.json}
?[m?[37m[INFO] 11:44:46,015 [Test worker] jvm.JdbcExecutor. - ALTER TABLE PUBLIC.node_transaction_mappings ALTER COLUMN state_machine_run_id SET NOT NULL {changeSet=migration/node-core.changelog-v4.xml::nullability::R3.Corda, databaseChangeLog=master.changelog.json}
?[m?[37m[INFO] 11:44:46,015 [Test worker] changelog.ChangeSet. - NOT NULL constraint has been added to node_transaction_mappings.state_machine_run_id {changeSet=migration/node-core.changelog-v4.xml::nullability::R3.Corda, databaseChangeLog=master.changelog.json}
?[m?[37m[INFO] 11:44:46,015 [Test worker] jvm.JdbcExecutor. - ALTER TABLE PUBLIC.node_transactions ALTER COLUMN transaction_value SET NOT NULL {changeSet=migration/node-core.changelog-v4.xml::nullability::R3.Corda, databaseChangeLog=master.changelog.json}
?[m?[37m[INFO] 11:44:46,015 [Test worker] changelog.ChangeSet. - NOT NULL constraint has been added to node_transactions.transaction_value {changeSet=migration/node-core.changelog-v4.xml::nullability::R3.Corda, databaseChangeLog=master.changelog.json}
?[m?[37m[INFO] 11:44:46,015 [Test worker] changelog.ChangeSet. - ChangeSet migration/node-core.changelog-v4.xml::nullability::R3.Corda ran successfully in 0ms {changeSet=migration/node-core.changelog-v4.xml::nullability::R3.Corda, databaseChangeLog=master.changelog.json}
?[m?[37m[INFO] 11:44:46,016 [Test worker] jvm.JdbcExecutor. - INSERT INTO PUBLIC.DATABASECHANGELOG (ID, AUTHOR, FILENAME, DATEEXECUTED, ORDEREXECUTED, MD5SUM, DESCRIPTION, COMMENTS, EXECTYPE, CONTEXTS, LABELS, LIQUIBASE, DEPLOYMENT_ID) VALUES ('nullability', 'R3.Corda', 'migration/node-core.changelog-v4.xml', NOW(), 69, '8:62ddcf64aece5dc383fa400ac8ccc392', 'addNotNullConstraint columnName=identity_value, tableName=node_identities; addNotNullConstraint columnName=content, tableName=node_attachments; addNotNullConstraint columnName=contract_class_name, tableName=node_attachments_contracts; addNotNullCo...', '', 'EXECUTED', NULL, NULL, '3.6.3', '2067485978') {changeSet=migration/node-core.changelog-v4.xml::nullability::R3.Corda, databaseChangeLog=master.changelog.json}
?[m?[37m[INFO] 11:44:46,016 [Test worker] jvm.JdbcExecutor. - DROP TABLE PUBLIC.node_message_retry {changeSet=migration/node-core.changelog-v5.xml::remove_unused_node_message_retry::R3.Corda, databaseChangeLog=master.changelog.json}
?[m?[37m[INFO] 11:44:46,016 [Test worker] changelog.ChangeSet. - Table node_message_retry dropped {changeSet=migration/node-core.changelog-v5.xml::remove_unused_node_message_retry::R3.Corda, databaseChangeLog=master.changelog.json}
?[m?[37m[INFO] 11:44:46,016 [Test worker] changelog.ChangeSet. - ChangeSet migration/node-core.changelog-v5.xml::remove_unused_node_message_retry::R3.Corda ran successfully in 0ms {changeSet=migration/node-core.changelog-v5.xml::remove_unused_node_message_retry::R3.Corda, databaseChangeLog=master.changelog.json}
?[m?[37m[INFO] 11:44:46,016 [Test worker] jvm.JdbcExecutor. - INSERT INTO PUBLIC.DATABASECHANGELOG (ID, AUTHOR, FILENAME, DATEEXECUTED, ORDEREXECUTED, MD5SUM, DESCRIPTION, COMMENTS, EXECTYPE, CONTEXTS, LABELS, LIQUIBASE, DEPLOYMENT_ID) VALUES ('remove_unused_node_message_retry', 'R3.Corda', 'migration/node-core.changelog-v5.xml', NOW(), 70, '8:7f43b1a30ed49119520e7d14de6b57bd', 'dropTable tableName=node_message_retry', '', 'EXECUTED', NULL, NULL, '3.6.3', '2067485978') {changeSet=migration/node-core.changelog-v5.xml::remove_unused_node_message_retry::R3.Corda, databaseChangeLog=master.changelog.json}
?[m?[37m[INFO] 11:44:46,017 [Test worker] jvm.JdbcExecutor. - INSERT INTO PUBLIC.DATABASECHANGELOG (ID, AUTHOR, FILENAME, DATEEXECUTED, ORDEREXECUTED, MD5SUM, DESCRIPTION, COMMENTS, EXECTYPE, CONTEXTS, LABELS, LIQUIBASE, DEPLOYMENT_ID) VALUES ('non-clustered_pk-1', 'R3.Corda', 'migration/node-core.changelog-pkey.xml', NOW(), 71, '8:fc341b0d5ff080f0093d8a528299de25', 'dropPrimaryKey constraintName=node_checkpoints_pkey, tableName=node_checkpoints; addPrimaryKey constraintName=node_checkpoints_pkey, tableName=node_checkpoints', '', 'MARK_RAN', NULL, NULL, '3.6.3', '2067485978') {changeSet=migration/node-core.changelog-pkey.xml::non-clustered_pk-1::R3.Corda, databaseChangeLog=master.changelog.json}
?[m?[37m[INFO] 11:44:46,017 [Test worker] jvm.JdbcExecutor. - INSERT INTO PUBLIC.DATABASECHANGELOG (ID, AUTHOR, FILENAME, DATEEXECUTED, ORDEREXECUTED, MD5SUM, DESCRIPTION, COMMENTS, EXECTYPE, CONTEXTS, LABELS, LIQUIBASE, DEPLOYMENT_ID) VALUES ('non-clustered_pk-2', 'R3.Corda', 'migration/node-core.changelog-pkey.xml', NOW(), 72, '8:438db96910ca09a1e8910e74fe31d943', 'dropPrimaryKey constraintName=node_identities_pkey, tableName=node_identities; addPrimaryKey constraintName=node_identities_pkey, tableName=node_identities', '', 'MARK_RAN', NULL, NULL, '3.6.3', '2067485978') {changeSet=migration/node-core.changelog-pkey.xml::non-clustered_pk-2::R3.Corda, databaseChangeLog=master.changelog.json}
?[m?[37m[INFO] 11:44:46,017 [Test worker] jvm.JdbcExecutor. - INSERT INTO PUBLIC.DATABASECHANGELOG (ID, AUTHOR, FILENAME, DATEEXECUTED, ORDEREXECUTED, MD5SUM, DESCRIPTION, COMMENTS, EXECTYPE, CONTEXTS, LABELS, LIQUIBASE, DEPLOYMENT_ID) VALUES ('non-clustered_pk-3', 'R3.Corda', 'migration/node-core.changelog-pkey.xml', NOW(), 73, '8:b02515ba3eb419e880a62ad581d57d9a', 'dropPrimaryKey constraintName=node_message_ids_pkey, tableName=node_message_ids; addPrimaryKey constraintName=node_message_ids_pkey, tableName=node_message_ids', '', 'MARK_RAN', NULL, NULL, '3.6.3', '2067485978') {changeSet=migration/node-core.changelog-pkey.xml::non-clustered_pk-3::R3.Corda, databaseChangeLog=master.changelog.json}
?[m?[37m[INFO] 11:44:46,018 [Test worker] jvm.JdbcExecutor. - INSERT INTO PUBLIC.DATABASECHANGELOG (ID, AUTHOR, FILENAME, DATEEXECUTED, ORDEREXECUTED, MD5SUM, DESCRIPTION, COMMENTS, EXECTYPE, CONTEXTS, LABELS, LIQUIBASE, DEPLOYMENT_ID) VALUES ('non-clustered_pk-4', 'R3.Corda', 'migration/node-core.changelog-pkey.xml', NOW(), 74, '8:9a733c73c5a8ca979384c41d59473644', 'dropPrimaryKey constraintName=node_named_identities_pkey, tableName=node_named_identities; addPrimaryKey constraintName=node_named_identities_pkey, tableName=node_named_identities', '', 'MARK_RAN', NULL, NULL, '3.6.3', '2067485978') {changeSet=migration/node-core.changelog-pkey.xml::non-clustered_pk-4::R3.Corda, databaseChangeLog=master.changelog.json}
?[m?[37m[INFO] 11:44:46,018 [Test worker] jvm.JdbcExecutor. - INSERT INTO PUBLIC.DATABASECHANGELOG (ID, AUTHOR, FILENAME, DATEEXECUTED, ORDEREXECUTED, MD5SUM, DESCRIPTION, COMMENTS, EXECTYPE, CONTEXTS, LABELS, LIQUIBASE, DEPLOYMENT_ID) VALUES ('non-clustered_pk-5', 'R3.Corda', 'migration/node-core.changelog-pkey.xml', NOW(), 75, '8:48cf4a4dad77b6a8f7c3c73c09cc3959', 'dropPrimaryKey constraintName=node_our_key_pairs_pkey, tableName=node_our_key_pairs; addPrimaryKey constraintName=node_our_key_pairs_pkey, tableName=node_our_key_pairs', '', 'MARK_RAN', NULL, NULL, '3.6.3', '2067485978') {changeSet=migration/node-core.changelog-pkey.xml::non-clustered_pk-5::R3.Corda, databaseChangeLog=master.changelog.json}
?[m?[37m[INFO] 11:44:46,018 [Test worker] jvm.JdbcExecutor. - INSERT INTO PUBLIC.DATABASECHANGELOG (ID, AUTHOR, FILENAME, DATEEXECUTED, ORDEREXECUTED, MD5SUM, DESCRIPTION, COMMENTS, EXECTYPE, CONTEXTS, LABELS, LIQUIBASE, DEPLOYMENT_ID) VALUES ('non-clustered_pk-6', 'R3.Corda', 'migration/node-core.changelog-pkey.xml', NOW(), 76, '8:25c5581ce04f688ea83704ffa44bab8e', 'dropPrimaryKey constraintName=node_transaction_mappings_pkey, tableName=node_transaction_mappings; addPrimaryKey constraintName=node_transaction_mappings_pkey, tableName=node_transaction_mappings', '', 'MARK_RAN', NULL, NULL, '3.6.3', '2067485978') {changeSet=migration/node-core.changelog-pkey.xml::non-clustered_pk-6::R3.Corda, databaseChangeLog=master.changelog.json}
?[m?[37m[INFO] 11:44:46,018 [Test worker] jvm.JdbcExecutor. - INSERT INTO PUBLIC.DATABASECHANGELOG (ID, AUTHOR, FILENAME, DATEEXECUTED, ORDEREXECUTED, MD5SUM, DESCRIPTION, COMMENTS, EXECTYPE, CONTEXTS, LABELS, LIQUIBASE, DEPLOYMENT_ID) VALUES ('non-clustered_pk-7', 'R3.Corda', 'migration/node-core.changelog-pkey.xml', NOW(), 77, '8:64773359f27e2f85fe6df6097823ce69', 'dropPrimaryKey constraintName=node_transactions_pkey, tableName=node_transactions; addPrimaryKey constraintName=node_transactions_pkey, tableName=node_transactions', '', 'MARK_RAN', NULL, NULL, '3.6.3', '2067485978') {changeSet=migration/node-core.changelog-pkey.xml::non-clustered_pk-7::R3.Corda, databaseChangeLog=master.changelog.json}
?[m?[37m[INFO] 11:44:46,019 [Test worker] changelog.ChangeSet. - Marking ChangeSet: migration/node-core.changelog-v8.xml::conditional_attchments_rename::R3.Corda ran despite precondition failure due to onFail='MARK_RAN': 
          master.changelog.json : Table PUBLIC.NODE_ATTCHMENTS_CONTRACTS does not exist
 {changeSet=migration/node-core.changelog-v8.xml::conditional_attchments_rename::R3.Corda, databaseChangeLog=master.changelog.json}
?[m?[37m[INFO] 11:44:46,019 [Test worker] jvm.JdbcExecutor. - INSERT INTO PUBLIC.DATABASECHANGELOG (ID, AUTHOR, FILENAME, DATEEXECUTED, ORDEREXECUTED, MD5SUM, DESCRIPTION, COMMENTS, EXECTYPE, CONTEXTS, LABELS, LIQUIBASE, DEPLOYMENT_ID) VALUES ('conditional_attchments_rename', 'R3.Corda', 'migration/node-core.changelog-v8.xml', NOW(), 78, '8:114fc6d1775676ecf274989170741a5b', 'renameTable newTableName=NODE_ATTACHMENTS_CONTRACTS, oldTableName=NODE_ATTCHMENTS_CONTRACTS', '', 'MARK_RAN', NULL, NULL, '3.6.3', '2067485978') {changeSet=migration/node-core.changelog-v8.xml::conditional_attchments_rename::R3.Corda, databaseChangeLog=master.changelog.json}
?[m?[37m[INFO] 11:44:46,020 [Test worker] changelog.ChangeSet. - Marking ChangeSet: migration/node-core.changelog-v8.xml::conditional_attchments_contracts::R3.Corda ran despite precondition failure due to onFail='MARK_RAN': 
          master.changelog.json : Table PUBLIC.NODE_ATTACHMENTS_CONTRACT_CLASS_NAME does not exist
 {changeSet=migration/node-core.changelog-v8.xml::conditional_attchments_contracts::R3.Corda, databaseChangeLog=master.changelog.json}
?[m?[37m[INFO] 11:44:46,021 [Test worker] jvm.JdbcExecutor. - INSERT INTO PUBLIC.DATABASECHANGELOG (ID, AUTHOR, FILENAME, DATEEXECUTED, ORDEREXECUTED, MD5SUM, DESCRIPTION, COMMENTS, EXECTYPE, CONTEXTS, LABELS, LIQUIBASE, DEPLOYMENT_ID) VALUES ('conditional_attchments_contracts', 'R3.Corda', 'migration/node-core.changelog-v8.xml', NOW(), 79, '8:c26d868db33a85bdd25570b094635db5', 'renameTable newTableName=NODE_ATTACHMENTS_CONTRACTS, oldTableName=NODE_ATTACHMENTS_CONTRACT_CLASS_NAME', '', 'MARK_RAN', NULL, NULL, '3.6.3', '2067485978') {changeSet=migration/node-core.changelog-v8.xml::conditional_attchments_contracts::R3.Corda, databaseChangeLog=master.changelog.json}
?[m?[37m[INFO] 11:44:46,021 [Test worker] jvm.JdbcExecutor. - CREATE TABLE PUBLIC.node_attachments_signers (att_id NVARCHAR(255) NOT NULL, signer NVARCHAR(1024)) {changeSet=migration/node-core.changelog-v8.xml::add_signers::R3.Corda, databaseChangeLog=master.changelog.json}
?[m?[37m[INFO] 11:44:46,021 [Test worker] changelog.ChangeSet. - Table node_attachments_signers created {changeSet=migration/node-core.changelog-v8.xml::add_signers::R3.Corda, databaseChangeLog=master.changelog.json}
?[m?[37m[INFO] 11:44:46,021 [Test worker] jvm.JdbcExecutor. - ALTER TABLE PUBLIC.node_attachments_signers ADD CONSTRAINT FK__signers__attachments FOREIGN KEY (att_id) REFERENCES PUBLIC.node_attachments (att_id) {changeSet=migration/node-core.changelog-v8.xml::add_signers::R3.Corda, databaseChangeLog=master.changelog.json}
?[m?[37m[INFO] 11:44:46,021 [Test worker] changelog.ChangeSet. - Foreign key constraint added to node_attachments_signers (att_id) {changeSet=migration/node-core.changelog-v8.xml::add_signers::R3.Corda, databaseChangeLog=master.changelog.json}
?[m?[37m[INFO] 11:44:46,021 [Test worker] changelog.ChangeSet. - ChangeSet migration/node-core.changelog-v8.xml::add_signers::R3.Corda ran successfully in 0ms {changeSet=migration/node-core.changelog-v8.xml::add_signers::R3.Corda, databaseChangeLog=master.changelog.json}
?[m?[37m[INFO] 11:44:46,021 [Test worker] jvm.JdbcExecutor. - INSERT INTO PUBLIC.DATABASECHANGELOG (ID, AUTHOR, FILENAME, DATEEXECUTED, ORDEREXECUTED, MD5SUM, DESCRIPTION, COMMENTS, EXECTYPE, CONTEXTS, LABELS, LIQUIBASE, DEPLOYMENT_ID) VALUES ('add_signers', 'R3.Corda', 'migration/node-core.changelog-v8.xml', NOW(), 80, '8:6a033a579a3a8e11a35846d455833835', 'createTable tableName=node_attachments_signers; addForeignKeyConstraint baseTableName=node_attachments_signers, constraintName=FK__signers__attachments, referencedTableName=node_attachments', '', 'EXECUTED', NULL, NULL, '3.6.3', '2067485978') {changeSet=migration/node-core.changelog-v8.xml::add_signers::R3.Corda, databaseChangeLog=master.changelog.json}
?[m?[37m[INFO] 11:44:46,021 [Test worker] jvm.JdbcExecutor. - ALTER TABLE PUBLIC.node_transactions ADD state_machine_run_id NVARCHAR(36) {changeSet=migration/node-core.changelog-tx-mapping.xml::add_tx_mapping_column::R3.Corda, databaseChangeLog=master.changelog.json}
?[m?[37m[INFO] 11:44:46,022 [Test worker] changelog.ChangeSet. - Columns state_machine_run_id(NVARCHAR(36)) added to node_transactions {changeSet=migration/node-core.changelog-tx-mapping.xml::add_tx_mapping_column::R3.Corda, databaseChangeLog=master.changelog.json}
?[m?[37m[INFO] 11:44:46,022 [Test worker] jvm.JdbcExecutor. - update node_transactions set state_machine_run_id=(select state_machine_run_id from
            node_transaction_mappings where node_transactions.tx_id = node_transaction_mappings.tx_id) {changeSet=migration/node-core.changelog-tx-mapping.xml::add_tx_mapping_column::R3.Corda, databaseChangeLog=master.changelog.json}
?[m?[37m[INFO] 11:44:46,022 [Test worker] changelog.ChangeSet. - Custom SQL executed {changeSet=migration/node-core.changelog-tx-mapping.xml::add_tx_mapping_column::R3.Corda, databaseChangeLog=master.changelog.json}
?[m?[37m[INFO] 11:44:46,022 [Test worker] jvm.JdbcExecutor. - DROP TABLE PUBLIC.node_transaction_mappings {changeSet=migration/node-core.changelog-tx-mapping.xml::add_tx_mapping_column::R3.Corda, databaseChangeLog=master.changelog.json}
?[m?[37m[INFO] 11:44:46,022 [Test worker] changelog.ChangeSet. - Table node_transaction_mappings dropped {changeSet=migration/node-core.changelog-tx-mapping.xml::add_tx_mapping_column::R3.Corda, databaseChangeLog=master.changelog.json}
?[m?[37m[INFO] 11:44:46,022 [Test worker] changelog.ChangeSet. - ChangeSet migration/node-core.changelog-tx-mapping.xml::add_tx_mapping_column::R3.Corda ran successfully in 1ms {changeSet=migration/node-core.changelog-tx-mapping.xml::add_tx_mapping_column::R3.Corda, databaseChangeLog=master.changelog.json}
?[m?[37m[INFO] 11:44:46,022 [Test worker] jvm.JdbcExecutor. - INSERT INTO PUBLIC.DATABASECHANGELOG (ID, AUTHOR, FILENAME, DATEEXECUTED, ORDEREXECUTED, MD5SUM, DESCRIPTION, COMMENTS, EXECTYPE, CONTEXTS, LABELS, LIQUIBASE, DEPLOYMENT_ID) VALUES ('add_tx_mapping_column', 'R3.Corda', 'migration/node-core.changelog-tx-mapping.xml', NOW(), 81, '8:6d9d8484a635e932dd8e8f45db1b3d7e', 'addColumn tableName=node_transactions; sql; dropTable tableName=node_transaction_mappings', '', 'EXECUTED', NULL, NULL, '3.6.3', '2067485978') {changeSet=migration/node-core.changelog-tx-mapping.xml::add_tx_mapping_column::R3.Corda, databaseChangeLog=master.changelog.json}
?[m?[37m[INFO] 11:44:46,022 [Test worker] jvm.JdbcExecutor. - CREATE TABLE PUBLIC.node_network_parameters (hash NVARCHAR(130) NOT NULL, epoch INT NOT NULL, parameters_bytes BLOB NOT NULL, signature_bytes BLOB NOT NULL, cert BLOB NOT NULL, parent_cert_path BLOB NOT NULL) {changeSet=migration/node-services.changelog-init.xml::add_network_parameters_storage::R3.Corda, databaseChangeLog=master.changelog.json}
?[m?[37m[INFO] 11:44:46,022 [Test worker] changelog.ChangeSet. - Table node_network_parameters created {changeSet=migration/node-services.changelog-init.xml::add_network_parameters_storage::R3.Corda, databaseChangeLog=master.changelog.json}
?[m?[37m[INFO] 11:44:46,022 [Test worker] changelog.ChangeSet. - ChangeSet migration/node-services.changelog-init.xml::add_network_parameters_storage::R3.Corda ran successfully in 0ms {changeSet=migration/node-services.changelog-init.xml::add_network_parameters_storage::R3.Corda, databaseChangeLog=master.changelog.json}
?[m?[37m[INFO] 11:44:46,023 [Test worker] jvm.JdbcExecutor. - INSERT INTO PUBLIC.DATABASECHANGELOG (ID, AUTHOR, FILENAME, DATEEXECUTED, ORDEREXECUTED, MD5SUM, DESCRIPTION, COMMENTS, EXECTYPE, CONTEXTS, LABELS, LIQUIBASE, DEPLOYMENT_ID) VALUES ('add_network_parameters_storage', 'R3.Corda', 'migration/node-services.changelog-init.xml', NOW(), 82, '8:b448755ba392674254c59e2b9489140f', 'createTable tableName=node_network_parameters', '', 'EXECUTED', NULL, NULL, '3.6.3', '2067485978') {changeSet=migration/node-services.changelog-init.xml::add_network_parameters_storage::R3.Corda, databaseChangeLog=master.changelog.json}
?[m?[37m[INFO] 11:44:46,023 [Test worker] jvm.JdbcExecutor. - ALTER TABLE PUBLIC.node_network_parameters ADD CONSTRAINT node_network_parameters_pkey PRIMARY KEY (hash) {changeSet=migration/node-services.changelog-init.xml::network_parameters_pk::R3.Corda, databaseChangeLog=master.changelog.json}
?[m?[37m[INFO] 11:44:46,023 [Test worker] changelog.ChangeSet. - Primary key added to node_network_parameters (hash) {changeSet=migration/node-services.changelog-init.xml::network_parameters_pk::R3.Corda, databaseChangeLog=master.changelog.json}
?[m?[37m[INFO] 11:44:46,023 [Test worker] changelog.ChangeSet. - ChangeSet migration/node-services.changelog-init.xml::network_parameters_pk::R3.Corda ran successfully in 0ms {changeSet=migration/node-services.changelog-init.xml::network_parameters_pk::R3.Corda, databaseChangeLog=master.changelog.json}
?[m?[37m[INFO] 11:44:46,023 [Test worker] jvm.JdbcExecutor. - INSERT INTO PUBLIC.DATABASECHANGELOG (ID, AUTHOR, FILENAME, DATEEXECUTED, ORDEREXECUTED, MD5SUM, DESCRIPTION, COMMENTS, EXECTYPE, CONTEXTS, LABELS, LIQUIBASE, DEPLOYMENT_ID) VALUES ('network_parameters_pk', 'R3.Corda', 'migration/node-services.changelog-init.xml', NOW(), 83, '8:fc0358b8cab487b52558cd68d6feaf9e', 'addPrimaryKey constraintName=node_network_parameters_pkey, tableName=node_network_parameters', '', 'EXECUTED', NULL, NULL, '3.6.3', '2067485978') {changeSet=migration/node-services.changelog-init.xml::network_parameters_pk::R3.Corda, databaseChangeLog=master.changelog.json}
?[m?[37m[INFO] 11:44:46,023 [Test worker] jvm.JdbcExecutor. - ALTER TABLE PUBLIC.node_attachments ADD version INT {changeSet=migration/node-services.changelog-init.xml::add_version_column::R3.Corda, databaseChangeLog=master.changelog.json}
?[m?[37m[INFO] 11:44:46,023 [Test worker] changelog.ChangeSet. - Columns version(INT) added to node_attachments {changeSet=migration/node-services.changelog-init.xml::add_version_column::R3.Corda, databaseChangeLog=master.changelog.json}
?[m?[37m[INFO] 11:44:46,023 [Test worker] jvm.JdbcExecutor. - update node_attachments set version = 1 {changeSet=migration/node-services.changelog-init.xml::add_version_column::R3.Corda, databaseChangeLog=master.changelog.json}
?[m?[37m[INFO] 11:44:46,023 [Test worker] changelog.ChangeSet. - Custom SQL executed {changeSet=migration/node-services.changelog-init.xml::add_version_column::R3.Corda, databaseChangeLog=master.changelog.json}
?[m?[37m[INFO] 11:44:46,024 [Test worker] jvm.JdbcExecutor. - ALTER TABLE PUBLIC.node_attachments ALTER COLUMN version SET NOT NULL {changeSet=migration/node-services.changelog-init.xml::add_version_column::R3.Corda, databaseChangeLog=master.changelog.json}
?[m?[37m[INFO] 11:44:46,024 [Test worker] changelog.ChangeSet. - NOT NULL constraint has been added to node_attachments.version {changeSet=migration/node-services.changelog-init.xml::add_version_column::R3.Corda, databaseChangeLog=master.changelog.json}
?[m?[37m[INFO] 11:44:46,024 [Test worker] changelog.ChangeSet. - ChangeSet migration/node-services.changelog-init.xml::add_version_column::R3.Corda ran successfully in 1ms {changeSet=migration/node-services.changelog-init.xml::add_version_column::R3.Corda, databaseChangeLog=master.changelog.json}
?[m?[37m[INFO] 11:44:46,024 [Test worker] jvm.JdbcExecutor. - INSERT INTO PUBLIC.DATABASECHANGELOG (ID, AUTHOR, FILENAME, DATEEXECUTED, ORDEREXECUTED, MD5SUM, DESCRIPTION, COMMENTS, EXECTYPE, CONTEXTS, LABELS, LIQUIBASE, DEPLOYMENT_ID) VALUES ('add_version_column', 'R3.Corda', 'migration/node-services.changelog-init.xml', NOW(), 84, '8:ab6a3101d1da88b0f174ccc06a62feef', 'addColumn tableName=node_attachments; sql; addNotNullConstraint columnName=version, tableName=node_attachments', '', 'EXECUTED', NULL, NULL, '3.6.3', '2067485978') {changeSet=migration/node-services.changelog-init.xml::add_version_column::R3.Corda, databaseChangeLog=master.changelog.json}
?[m?[37m[INFO] 11:44:46,024 [Test worker] persistence.AttachmentVersionNumberMigration. - Start executing... {changeSet=migration/node-services.changelog-init.xml::update-version-of-whitelisted-jars::R3.Corda, databaseChangeLog=master.changelog.json}
?[m?[37m[INFO] 11:44:46,024 [Test worker] persistence.AttachmentVersionNumberMigration. - Attachment version creation from whitelisted JARs using network parameters from build/mock-network/20201007-104445.669/nodes/0/network-parameters, whitelistedContractImplementations: {}. {changeSet=migration/node-services.changelog-init.xml::update-version-of-whitelisted-jars::R3.Corda, databaseChangeLog=master.changelog.json}
?[m?[37m[INFO] 11:44:46,024 [Test worker] persistence.AttachmentVersionNumberMigration. - Attachment version creation from whitelisted JARs skipped, no attachments not found. {changeSet=migration/node-services.changelog-init.xml::update-version-of-whitelisted-jars::R3.Corda, databaseChangeLog=master.changelog.json}
?[m?[37m[INFO] 11:44:46,024 [Test worker] changelog.ChangeSet. - null {changeSet=migration/node-services.changelog-init.xml::update-version-of-whitelisted-jars::R3.Corda, databaseChangeLog=master.changelog.json}
?[m?[37m[INFO] 11:44:46,024 [Test worker] changelog.ChangeSet. - ChangeSet migration/node-services.changelog-init.xml::update-version-of-whitelisted-jars::R3.Corda ran successfully in 0ms {changeSet=migration/node-services.changelog-init.xml::update-version-of-whitelisted-jars::R3.Corda, databaseChangeLog=master.changelog.json}
?[m?[37m[INFO] 11:44:46,024 [Test worker] jvm.JdbcExecutor. - INSERT INTO PUBLIC.DATABASECHANGELOG (ID, AUTHOR, FILENAME, DATEEXECUTED, ORDEREXECUTED, MD5SUM, DESCRIPTION, COMMENTS, EXECTYPE, CONTEXTS, LABELS, LIQUIBASE, DEPLOYMENT_ID) VALUES ('update-version-of-whitelisted-jars', 'R3.Corda', 'migration/node-services.changelog-init.xml', NOW(), 85, '8:1d4174a12a4902070f6bf2ba624b0e97', 'customChange', '', 'EXECUTED', NULL, NULL, '3.6.3', '2067485978') {changeSet=migration/node-services.changelog-init.xml::update-version-of-whitelisted-jars::R3.Corda, databaseChangeLog=master.changelog.json}
?[m?[37m[INFO] 11:44:46,025 [Test worker] jvm.JdbcExecutor. - CREATE TABLE PUBLIC.node_identities_no_cert (pk_hash NVARCHAR(130) NOT NULL, name NVARCHAR(128) NOT NULL) {changeSet=migration/node-services.changelog-init.xml::add-new-persistence-table::R3.Corda, databaseChangeLog=master.changelog.json}
?[m?[37m[INFO] 11:44:46,025 [Test worker] changelog.ChangeSet. - Table node_identities_no_cert created {changeSet=migration/node-services.changelog-init.xml::add-new-persistence-table::R3.Corda, databaseChangeLog=master.changelog.json}
?[m?[37m[INFO] 11:44:46,025 [Test worker] jvm.JdbcExecutor. - ALTER TABLE PUBLIC.node_identities_no_cert ADD CONSTRAINT node_identities_no_cert_pkey PRIMARY KEY (pk_hash) {changeSet=migration/node-services.changelog-init.xml::add-new-persistence-table::R3.Corda, databaseChangeLog=master.changelog.json}
?[m?[37m[INFO] 11:44:46,025 [Test worker] changelog.ChangeSet. - Primary key added to node_identities_no_cert (pk_hash) {changeSet=migration/node-services.changelog-init.xml::add-new-persistence-table::R3.Corda, databaseChangeLog=master.changelog.json}
?[m?[37m[INFO] 11:44:46,025 [Test worker] changelog.ChangeSet. - ChangeSet migration/node-services.changelog-init.xml::add-new-persistence-table::R3.Corda ran successfully in 1ms {changeSet=migration/node-services.changelog-init.xml::add-new-persistence-table::R3.Corda, databaseChangeLog=master.changelog.json}
?[m?[37m[INFO] 11:44:46,025 [Test worker] jvm.JdbcExecutor. - INSERT INTO PUBLIC.DATABASECHANGELOG (ID, AUTHOR, FILENAME, DATEEXECUTED, ORDEREXECUTED, MD5SUM, DESCRIPTION, COMMENTS, EXECTYPE, CONTEXTS, LABELS, LIQUIBASE, DEPLOYMENT_ID) VALUES ('add-new-persistence-table', 'R3.Corda', 'migration/node-services.changelog-init.xml', NOW(), 86, '8:cb3302a80bf346270e0d8f3509c64a9b', 'createTable tableName=node_identities_no_cert; addPrimaryKey constraintName=node_identities_no_cert_pkey, tableName=node_identities_no_cert', '', 'EXECUTED', NULL, NULL, '3.6.3', '2067485978') {changeSet=migration/node-services.changelog-init.xml::add-new-persistence-table::R3.Corda, databaseChangeLog=master.changelog.json}
?[m?[37m[INFO] 11:44:46,025 [Test worker] jvm.JdbcExecutor. - ALTER TABLE PUBLIC.pk_hash_to_ext_id_map DROP COLUMN id {changeSet=migration/node-services.changelog-init.xml::migrate_pk_hash_to_ext_id::R3.Corda, databaseChangeLog=master.changelog.json}
?[m?[37m[INFO] 11:44:46,025 [Test worker] changelog.ChangeSet. - Column pk_hash_to_ext_id_map.id dropped {changeSet=migration/node-services.changelog-init.xml::migrate_pk_hash_to_ext_id::R3.Corda, databaseChangeLog=master.changelog.json}
?[m?[37m[INFO] 11:44:46,025 [Test worker] jvm.JdbcExecutor. - DROP INDEX PUBLIC.pk_hash_to_xid_idx {changeSet=migration/node-services.changelog-init.xml::migrate_pk_hash_to_ext_id::R3.Corda, databaseChangeLog=master.changelog.json}
?[m?[37m[INFO] 11:44:46,025 [Test worker] changelog.ChangeSet. - Index pk_hash_to_xid_idx dropped from table pk_hash_to_ext_id_map {changeSet=migration/node-services.changelog-init.xml::migrate_pk_hash_to_ext_id::R3.Corda, databaseChangeLog=master.changelog.json}
?[m?[37m[INFO] 11:44:46,025 [Test worker] jvm.JdbcExecutor. - ALTER TABLE PUBLIC.pk_hash_to_ext_id_map ADD CONSTRAINT pubkey_hash_to_external_id_pk PRIMARY KEY (public_key_hash) {changeSet=migration/node-services.changelog-init.xml::migrate_pk_hash_to_ext_id::R3.Corda, databaseChangeLog=master.changelog.json}
?[m?[37m[INFO] 11:44:46,025 [Test worker] changelog.ChangeSet. - Primary key added to pk_hash_to_ext_id_map (public_key_hash) {changeSet=migration/node-services.changelog-init.xml::migrate_pk_hash_to_ext_id::R3.Corda, databaseChangeLog=master.changelog.json}
?[m?[37m[INFO] 11:44:46,025 [Test worker] jvm.JdbcExecutor. - CREATE INDEX PUBLIC.ext_id_idx ON PUBLIC.pk_hash_to_ext_id_map(external_id) {changeSet=migration/node-services.changelog-init.xml::migrate_pk_hash_to_ext_id::R3.Corda, databaseChangeLog=master.changelog.json}
?[m?[37m[INFO] 11:44:46,025 [Test worker] changelog.ChangeSet. - Index ext_id_idx created {changeSet=migration/node-services.changelog-init.xml::migrate_pk_hash_to_ext_id::R3.Corda, databaseChangeLog=master.changelog.json}
?[m?[37m[INFO] 11:44:46,025 [Test worker] changelog.ChangeSet. - ChangeSet migration/node-services.changelog-init.xml::migrate_pk_hash_to_ext_id::R3.Corda ran successfully in 0ms {changeSet=migration/node-services.changelog-init.xml::migrate_pk_hash_to_ext_id::R3.Corda, databaseChangeLog=master.changelog.json}
?[m?[37m[INFO] 11:44:46,026 [Test worker] jvm.JdbcExecutor. - INSERT INTO PUBLIC.DATABASECHANGELOG (ID, AUTHOR, FILENAME, DATEEXECUTED, ORDEREXECUTED, MD5SUM, DESCRIPTION, COMMENTS, EXECTYPE, CONTEXTS, LABELS, LIQUIBASE, DEPLOYMENT_ID) VALUES ('migrate_pk_hash_to_ext_id', 'R3.Corda', 'migration/node-services.changelog-init.xml', NOW(), 87, '8:daf9ba8b9522b5ed5e0c474f220a5ef9', 'dropColumn columnName=id, tableName=pk_hash_to_ext_id_map; dropIndex indexName=pk_hash_to_xid_idx, tableName=pk_hash_to_ext_id_map; addPrimaryKey constraintName=pubkey_hash_to_external_id_pk, tableName=pk_hash_to_ext_id_map; createIndex indexName=...', '', 'EXECUTED', NULL, NULL, '3.6.3', '2067485978') {changeSet=migration/node-services.changelog-init.xml::migrate_pk_hash_to_ext_id::R3.Corda, databaseChangeLog=master.changelog.json}
?[m?[37m[INFO] 11:44:46,026 [Test worker] changelog.ChangeSet. - null {changeSet=migration/node-services.changelog-init.xml::migrate_identity_service_to_use_publicKey.toShortString()::R3.Corda, databaseChangeLog=master.changelog.json}
?[m?[37m[INFO] 11:44:46,026 [Test worker] changelog.ChangeSet. - ChangeSet migration/node-services.changelog-init.xml::migrate_identity_service_to_use_publicKey.toShortString()::R3.Corda ran successfully in 0ms {changeSet=migration/node-services.changelog-init.xml::migrate_identity_service_to_use_publicKey.toShortString()::R3.Corda, databaseChangeLog=master.changelog.json}
?[m?[37m[INFO] 11:44:46,026 [Test worker] jvm.JdbcExecutor. - INSERT INTO PUBLIC.DATABASECHANGELOG (ID, AUTHOR, FILENAME, DATEEXECUTED, ORDEREXECUTED, MD5SUM, DESCRIPTION, COMMENTS, EXECTYPE, CONTEXTS, LABELS, LIQUIBASE, DEPLOYMENT_ID) VALUES ('migrate_identity_service_to_use_publicKey.toShortString()', 'R3.Corda', 'migration/node-services.changelog-init.xml', NOW(), 88, '8:51a17ecff2c7f17e1502992fdda4356d', 'customChange', '', 'EXECUTED', NULL, NULL, '3.6.3', '2067485978') {changeSet=migration/node-services.changelog-init.xml::migrate_identity_service_to_use_publicKey.toShortString()::R3.Corda, databaseChangeLog=master.changelog.json}
?[m?[37m[INFO] 11:44:46,026 [Test worker] jvm.JdbcExecutor. - ALTER TABLE PUBLIC.node_transactions ADD status NVARCHAR(1) DEFAULT 'V' NOT NULL {changeSet=migration/node-services.changelog-init.xml::add_status_column::R3.Corda, databaseChangeLog=master.changelog.json}
?[m?[37m[INFO] 11:44:46,026 [Test worker] changelog.ChangeSet. - Columns status(NVARCHAR(1)) added to node_transactions {changeSet=migration/node-services.changelog-init.xml::add_status_column::R3.Corda, databaseChangeLog=master.changelog.json}
?[m?[37m[INFO] 11:44:46,026 [Test worker] changelog.ChangeSet. - ChangeSet migration/node-services.changelog-init.xml::add_status_column::R3.Corda ran successfully in 0ms {changeSet=migration/node-services.changelog-init.xml::add_status_column::R3.Corda, databaseChangeLog=master.changelog.json}
?[m?[37m[INFO] 11:44:46,027 [Test worker] jvm.JdbcExecutor. - INSERT INTO PUBLIC.DATABASECHANGELOG (ID, AUTHOR, FILENAME, DATEEXECUTED, ORDEREXECUTED, MD5SUM, DESCRIPTION, COMMENTS, EXECTYPE, CONTEXTS, LABELS, LIQUIBASE, DEPLOYMENT_ID) VALUES ('add_status_column', 'R3.Corda', 'migration/node-services.changelog-init.xml', NOW(), 89, '8:163dc66ab97910470ce080cd4c4d33ef', 'addColumn tableName=node_transactions', '', 'EXECUTED', NULL, NULL, '3.6.3', '2067485978') {changeSet=migration/node-services.changelog-init.xml::add_status_column::R3.Corda, databaseChangeLog=master.changelog.json}
?[m?[37m[INFO] 11:44:46,027 [Test worker] jvm.JdbcExecutor. - CREATE TABLE PUBLIC.node_hash_to_key (pk_hash NVARCHAR(130) NOT NULL, public_key BLOB NOT NULL) {changeSet=migration/node-services.changelog-init.xml::add-new-pk-hash-to-pk-table::R3.Corda, databaseChangeLog=master.changelog.json}
?[m?[37m[INFO] 11:44:46,027 [Test worker] changelog.ChangeSet. - Table node_hash_to_key created {changeSet=migration/node-services.changelog-init.xml::add-new-pk-hash-to-pk-table::R3.Corda, databaseChangeLog=master.changelog.json}
?[m?[37m[INFO] 11:44:46,027 [Test worker] jvm.JdbcExecutor. - ALTER TABLE PUBLIC.node_hash_to_key ADD CONSTRAINT node_hash_to_key_pk_hash PRIMARY KEY (pk_hash) {changeSet=migration/node-services.changelog-init.xml::add-new-pk-hash-to-pk-table::R3.Corda, databaseChangeLog=master.changelog.json}
?[m?[37m[INFO] 11:44:46,027 [Test worker] changelog.ChangeSet. - Primary key added to node_hash_to_key (pk_hash) {changeSet=migration/node-services.changelog-init.xml::add-new-pk-hash-to-pk-table::R3.Corda, databaseChangeLog=master.changelog.json}
?[m?[37m[INFO] 11:44:46,027 [Test worker] changelog.ChangeSet. - ChangeSet migration/node-services.changelog-init.xml::add-new-pk-hash-to-pk-table::R3.Corda ran successfully in 0ms {changeSet=migration/node-services.changelog-init.xml::add-new-pk-hash-to-pk-table::R3.Corda, databaseChangeLog=master.changelog.json}
?[m?[37m[INFO] 11:44:46,027 [Test worker] jvm.JdbcExecutor. - INSERT INTO PUBLIC.DATABASECHANGELOG (ID, AUTHOR, FILENAME, DATEEXECUTED, ORDEREXECUTED, MD5SUM, DESCRIPTION, COMMENTS, EXECTYPE, CONTEXTS, LABELS, LIQUIBASE, DEPLOYMENT_ID) VALUES ('add-new-pk-hash-to-pk-table', 'R3.Corda', 'migration/node-services.changelog-init.xml', NOW(), 90, '8:90ed8145a19f497b5c95a5c9542917f0', 'createTable tableName=node_hash_to_key; addPrimaryKey constraintName=node_hash_to_key_pk_hash, tableName=node_hash_to_key', '', 'EXECUTED', NULL, NULL, '3.6.3', '2067485978') {changeSet=migration/node-services.changelog-init.xml::add-new-pk-hash-to-pk-table::R3.Corda, databaseChangeLog=master.changelog.json}
?[m?[37m[INFO] 11:44:46,027 [Test worker] jvm.JdbcExecutor. - ALTER TABLE PUBLIC.node_transactions ADD timestamp TIMESTAMP DEFAULT '2000-01-01 12:00:00' NOT NULL {changeSet=migration/node-services.changelog-init.xml::add_timestamp_column_to_node_transactions::R3.Corda, databaseChangeLog=master.changelog.json}
?[m?[37m[INFO] 11:44:46,028 [Test worker] changelog.ChangeSet. - Columns timestamp(TIMESTAMP) added to node_transactions {changeSet=migration/node-services.changelog-init.xml::add_timestamp_column_to_node_transactions::R3.Corda, databaseChangeLog=master.changelog.json}
?[m?[37m[INFO] 11:44:46,028 [Test worker] changelog.ChangeSet. - ChangeSet migration/node-services.changelog-init.xml::add_timestamp_column_to_node_transactions::R3.Corda ran successfully in 1ms {changeSet=migration/node-services.changelog-init.xml::add_timestamp_column_to_node_transactions::R3.Corda, databaseChangeLog=master.changelog.json}
?[m?[37m[INFO] 11:44:46,028 [Test worker] jvm.JdbcExecutor. - INSERT INTO PUBLIC.DATABASECHANGELOG (ID, AUTHOR, FILENAME, DATEEXECUTED, ORDEREXECUTED, MD5SUM, DESCRIPTION, COMMENTS, EXECTYPE, CONTEXTS, LABELS, LIQUIBASE, DEPLOYMENT_ID) VALUES ('add_timestamp_column_to_node_transactions', 'R3.Corda', 'migration/node-services.changelog-init.xml', NOW(), 91, '8:bc308c6c38c83b58a03f11f0943a944f', 'addColumn tableName=node_transactions', '', 'EXECUTED', NULL, NULL, '3.6.3', '2067485978') {changeSet=migration/node-services.changelog-init.xml::add_timestamp_column_to_node_transactions::R3.Corda, databaseChangeLog=master.changelog.json}
?[m?[37m[INFO] 11:44:46,028 [Test worker] migration.VaultStateMigration. - Migrating vault state data to V4 tables {changeSet=migration/vault-schema.changelog-v9.xml::update-vault-states::R3.Corda, databaseChangeLog=master.changelog.json}
?[m?[37m[INFO] 11:44:46,029 [Test worker] persistence.HibernateConfiguration. - Init HibernateConfiguration for schemas: [VaultMigrationSchemaV1(name=net.corda.node.migration.VaultMigrationSchema, version=1), VaultSchemaV1(name=net.corda.node.services.vault.VaultSchema, version=1)] {changeSet=migration/vault-schema.changelog-v9.xml::update-vault-states::R3.Corda, databaseChangeLog=master.changelog.json}
?[m?[37m[INFO] 11:44:46,029 [Test worker] factory.BaseSessionFactoryFactory. - Creating session factory for schemas: [VaultMigrationSchemaV1(name=net.corda.node.migration.VaultMigrationSchema, version=1), VaultSchemaV1(name=net.corda.node.services.vault.VaultSchema, version=1)] {changeSet=migration/vault-schema.changelog-v9.xml::update-vault-states::R3.Corda, databaseChangeLog=master.changelog.json}
?[m?[37m[INFO] 11:44:46,031 [Test worker] internal.ConnectionProviderInitiator. - HHH000130: Instantiating explicit connection provider: net.corda.nodeapi.internal.persistence.HibernateConfiguration$NodeDatabaseConnectionProvider {changeSet=migration/vault-schema.changelog-v9.xml::update-vault-states::R3.Corda, databaseChangeLog=master.changelog.json}
?[m?[37m[INFO] 11:44:46,031 [Test worker] dialect.Dialect. - HHH000400: Using dialect: org.hibernate.dialect.H2Dialect {changeSet=migration/vault-schema.changelog-v9.xml::update-vault-states::R3.Corda, databaseChangeLog=master.changelog.json}
?[m?[37m[INFO] 11:44:46,058 [Test worker] connections.access. - HHH10001501: Connection obtained from JdbcConnectionAccess [org.hibernate.engine.jdbc.env.internal.JdbcEnvironmentInitiator$ConnectionProviderJdbcConnectionAccess@3f089678] for (non-JTA) DDL execution was not in auto-commit mode; the Connection 'local transaction' will be committed and the Connection will be set into auto-commit mode. {changeSet=migration/vault-schema.changelog-v9.xml::update-vault-states::R3.Corda, databaseChangeLog=master.changelog.json}
?[m?[37m[INFO] 11:44:46,083 [Test worker] internal.JtaPlatformInitiator. - HHH000490: Using JtaPlatform implementation: [org.hibernate.engine.transaction.jta.platform.internal.NoJtaPlatform] {changeSet=migration/vault-schema.changelog-v9.xml::update-vault-states::R3.Corda, databaseChangeLog=master.changelog.json}
?[m?[37m[INFO] 11:44:46,083 [Test worker] factory.BaseSessionFactoryFactory. - Created session factory for schemas: [VaultMigrationSchemaV1(name=net.corda.node.migration.VaultMigrationSchema, version=1), VaultSchemaV1(name=net.corda.node.services.vault.VaultSchema, version=1)] {changeSet=migration/vault-schema.changelog-v9.xml::update-vault-states::R3.Corda, databaseChangeLog=master.changelog.json}
?[m?[37m[INFO] 11:44:46,087 [Test worker] migration.VaultStateMigration. - Finished performing vault state data migration for 0 states {changeSet=migration/vault-schema.changelog-v9.xml::update-vault-states::R3.Corda, databaseChangeLog=master.changelog.json}
?[m?[37m[INFO] 11:44:46,087 [Test worker] changelog.ChangeSet. - null {changeSet=migration/vault-schema.changelog-v9.xml::update-vault-states::R3.Corda, databaseChangeLog=master.changelog.json}
?[m?[37m[INFO] 11:44:46,087 [Test worker] changelog.ChangeSet. - ChangeSet migration/vault-schema.changelog-v9.xml::update-vault-states::R3.Corda ran successfully in 59ms {changeSet=migration/vault-schema.changelog-v9.xml::update-vault-states::R3.Corda, databaseChangeLog=master.changelog.json}
?[m?[37m[INFO] 11:44:46,088 [Test worker] jvm.JdbcExecutor. - INSERT INTO PUBLIC.DATABASECHANGELOG (ID, AUTHOR, FILENAME, DATEEXECUTED, ORDEREXECUTED, MD5SUM, DESCRIPTION, COMMENTS, EXECTYPE, CONTEXTS, LABELS, LIQUIBASE, DEPLOYMENT_ID) VALUES ('update-vault-states', 'R3.Corda', 'migration/vault-schema.changelog-v9.xml', NOW(), 92, '8:f8f4c73846280164daf6855e1ecf3cc6', 'customChange', '', 'EXECUTED', NULL, NULL, '3.6.3', '2067485978') {changeSet=migration/vault-schema.changelog-v9.xml::update-vault-states::R3.Corda, databaseChangeLog=master.changelog.json}
?[m?[37m[INFO] 11:44:46,089 [Test worker] migration.PersistentIdentityMigrationNewTable. - Migrating persistent identities with certificates table into persistent table with no certificate data. {changeSet=migration/node-services.changelog-init.xml::transfer-to-new-persistence-table::R3.Corda, databaseChangeLog=master.changelog.json}
?[m?[37m[INFO] 11:44:46,091 [Test worker] persistence.HibernateConfiguration. - Init HibernateConfiguration for schemas: [MappedSchema(name=net.corda.node.migration.PersistentIdentitiesMigrationSchema, version=1)] {changeSet=migration/node-services.changelog-init.xml::transfer-to-new-persistence-table::R3.Corda, databaseChangeLog=master.changelog.json}
?[m?[37m[INFO] 11:44:46,091 [Test worker] factory.BaseSessionFactoryFactory. - Creating session factory for schemas: [MappedSchema(name=net.corda.node.migration.PersistentIdentitiesMigrationSchema, version=1)] {changeSet=migration/node-services.changelog-init.xml::transfer-to-new-persistence-table::R3.Corda, databaseChangeLog=master.changelog.json}
?[m?[37m[INFO] 11:44:46,098 [Test worker] internal.ConnectionProviderInitiator. - HHH000130: Instantiating explicit connection provider: net.corda.nodeapi.internal.persistence.HibernateConfiguration$NodeDatabaseConnectionProvider {changeSet=migration/node-services.changelog-init.xml::transfer-to-new-persistence-table::R3.Corda, databaseChangeLog=master.changelog.json}
?[m?[37m[INFO] 11:44:46,099 [Test worker] dialect.Dialect. - HHH000400: Using dialect: org.hibernate.dialect.H2Dialect {changeSet=migration/node-services.changelog-init.xml::transfer-to-new-persistence-table::R3.Corda, databaseChangeLog=master.changelog.json}
?[m?[37m[INFO] 11:44:46,116 [Test worker] connections.access. - HHH10001501: Connection obtained from JdbcConnectionAccess [org.hibernate.engine.jdbc.env.internal.JdbcEnvironmentInitiator$ConnectionProviderJdbcConnectionAccess@34399570] for (non-JTA) DDL execution was not in auto-commit mode; the Connection 'local transaction' will be committed and the Connection will be set into auto-commit mode. {changeSet=migration/node-services.changelog-init.xml::transfer-to-new-persistence-table::R3.Corda, databaseChangeLog=master.changelog.json}
?[m?[37m[INFO] 11:44:46,157 [Test worker] internal.JtaPlatformInitiator. - HHH000490: Using JtaPlatform implementation: [org.hibernate.engine.transaction.jta.platform.internal.NoJtaPlatform] {changeSet=migration/node-services.changelog-init.xml::transfer-to-new-persistence-table::R3.Corda, databaseChangeLog=master.changelog.json}
?[m?[37m[INFO] 11:44:46,157 [Test worker] factory.BaseSessionFactoryFactory. - Created session factory for schemas: [MappedSchema(name=net.corda.node.migration.PersistentIdentitiesMigrationSchema, version=1)] {changeSet=migration/node-services.changelog-init.xml::transfer-to-new-persistence-table::R3.Corda, databaseChangeLog=master.changelog.json}
?[m?[37m[INFO] 11:44:46,158 [Test worker] changelog.ChangeSet. - null {changeSet=migration/node-services.changelog-init.xml::transfer-to-new-persistence-table::R3.Corda, databaseChangeLog=master.changelog.json}
?[m?[37m[INFO] 11:44:46,158 [Test worker] changelog.ChangeSet. - ChangeSet migration/node-services.changelog-init.xml::transfer-to-new-persistence-table::R3.Corda ran successfully in 69ms {changeSet=migration/node-services.changelog-init.xml::transfer-to-new-persistence-table::R3.Corda, databaseChangeLog=master.changelog.json}
?[m?[37m[INFO] 11:44:46,159 [Test worker] jvm.JdbcExecutor. - INSERT INTO PUBLIC.DATABASECHANGELOG (ID, AUTHOR, FILENAME, DATEEXECUTED, ORDEREXECUTED, MD5SUM, DESCRIPTION, COMMENTS, EXECTYPE, CONTEXTS, LABELS, LIQUIBASE, DEPLOYMENT_ID) VALUES ('transfer-to-new-persistence-table', 'R3.Corda', 'migration/node-services.changelog-init.xml', NOW(), 93, '8:dc5c1913b593f4a2b95ddca810da11ba', 'customChange', '', 'EXECUTED', NULL, NULL, '3.6.3', '2067485978') {changeSet=migration/node-services.changelog-init.xml::transfer-to-new-persistence-table::R3.Corda, databaseChangeLog=master.changelog.json}
?[m?[37m[INFO] 11:44:46,159 [Test worker] jvm.JdbcExecutor. - CREATE TABLE PUBLIC.node_notary_committed_states (output_index INT NOT NULL, transaction_id NVARCHAR(64) NOT NULL, consuming_transaction_id NVARCHAR(64)) {changeSet=migration/node-services.changelog-init.xml::1511451595465-16::R3.Corda, databaseChangeLog=master.changelog.json}
?[m?[37m[INFO] 11:44:46,159 [Test worker] changelog.ChangeSet. - Table node_notary_committed_states created {changeSet=migration/node-services.changelog-init.xml::1511451595465-16::R3.Corda, databaseChangeLog=master.changelog.json}
?[m?[37m[INFO] 11:44:46,159 [Test worker] changelog.ChangeSet. - ChangeSet migration/node-services.changelog-init.xml::1511451595465-16::R3.Corda ran successfully in 0ms {changeSet=migration/node-services.changelog-init.xml::1511451595465-16::R3.Corda, databaseChangeLog=master.changelog.json}
?[m?[37m[INFO] 11:44:46,159 [Test worker] jvm.JdbcExecutor. - INSERT INTO PUBLIC.DATABASECHANGELOG (ID, AUTHOR, FILENAME, DATEEXECUTED, ORDEREXECUTED, MD5SUM, DESCRIPTION, COMMENTS, EXECTYPE, CONTEXTS, LABELS, LIQUIBASE, DEPLOYMENT_ID) VALUES ('1511451595465-16', 'R3.Corda', 'migration/node-services.changelog-init.xml', NOW(), 94, '8:202eb6144ca2ddf982810c5b333117b8', 'createTable tableName=node_notary_committed_states', '', 'EXECUTED', NULL, NULL, '3.6.3', '2067485978') {changeSet=migration/node-services.changelog-init.xml::1511451595465-16::R3.Corda, databaseChangeLog=master.changelog.json}
?[m?[37m[INFO] 11:44:46,160 [Test worker] jvm.JdbcExecutor. - CREATE TABLE PUBLIC.node_notary_request_log (id INT NOT NULL, consuming_transaction_id NVARCHAR(64) NOT NULL, requesting_party_name NVARCHAR(255) NOT NULL, request_timestamp TIMESTAMP NOT NULL, request_signature BLOB NOT NULL) {changeSet=migration/node-services.changelog-init.xml::1521131680317-17::R3.Corda, databaseChangeLog=master.changelog.json}
?[m?[37m[INFO] 11:44:46,160 [Test worker] changelog.ChangeSet. - Table node_notary_request_log created {changeSet=migration/node-services.changelog-init.xml::1521131680317-17::R3.Corda, databaseChangeLog=master.changelog.json}
?[m?[37m[INFO] 11:44:46,160 [Test worker] changelog.ChangeSet. - ChangeSet migration/node-services.changelog-init.xml::1521131680317-17::R3.Corda ran successfully in 0ms {changeSet=migration/node-services.changelog-init.xml::1521131680317-17::R3.Corda, databaseChangeLog=master.changelog.json}
?[m?[37m[INFO] 11:44:46,160 [Test worker] jvm.JdbcExecutor. - INSERT INTO PUBLIC.DATABASECHANGELOG (ID, AUTHOR, FILENAME, DATEEXECUTED, ORDEREXECUTED, MD5SUM, DESCRIPTION, COMMENTS, EXECTYPE, CONTEXTS, LABELS, LIQUIBASE, DEPLOYMENT_ID) VALUES ('1521131680317-17', 'R3.Corda', 'migration/node-services.changelog-init.xml', NOW(), 95, '8:da67caf796d1a61c253ac38815a6fa6b', 'createTable tableName=node_notary_request_log', '', 'EXECUTED', NULL, NULL, '3.6.3', '2067485978') {changeSet=migration/node-services.changelog-init.xml::1521131680317-17::R3.Corda, databaseChangeLog=master.changelog.json}
?[m?[37m[INFO] 11:44:46,160 [Test worker] jvm.JdbcExecutor. - ALTER TABLE PUBLIC.node_notary_committed_states ADD CONSTRAINT node_notary_states_pkey PRIMARY KEY (output_index, transaction_id) {changeSet=migration/node-services.changelog-init.xml::1511451595465-41::R3.Corda, databaseChangeLog=master.changelog.json}
?[m?[37m[INFO] 11:44:46,160 [Test worker] changelog.ChangeSet. - Primary key added to node_notary_committed_states (output_index, transaction_id) {changeSet=migration/node-services.changelog-init.xml::1511451595465-41::R3.Corda, databaseChangeLog=master.changelog.json}
?[m?[37m[INFO] 11:44:46,160 [Test worker] changelog.ChangeSet. - ChangeSet migration/node-services.changelog-init.xml::1511451595465-41::R3.Corda ran successfully in 0ms {changeSet=migration/node-services.changelog-init.xml::1511451595465-41::R3.Corda, databaseChangeLog=master.changelog.json}
?[m?[37m[INFO] 11:44:46,161 [Test worker] jvm.JdbcExecutor. - INSERT INTO PUBLIC.DATABASECHANGELOG (ID, AUTHOR, FILENAME, DATEEXECUTED, ORDEREXECUTED, MD5SUM, DESCRIPTION, COMMENTS, EXECTYPE, CONTEXTS, LABELS, LIQUIBASE, DEPLOYMENT_ID) VALUES ('1511451595465-41', 'R3.Corda', 'migration/node-services.changelog-init.xml', NOW(), 96, '8:73a5b14473602a38c02858208ef2af9d', 'addPrimaryKey constraintName=node_notary_states_pkey, tableName=node_notary_committed_states', '', 'EXECUTED', NULL, NULL, '3.6.3', '2067485978') {changeSet=migration/node-services.changelog-init.xml::1511451595465-41::R3.Corda, databaseChangeLog=master.changelog.json}
?[m?[37m[INFO] 11:44:46,161 [Test worker] jvm.JdbcExecutor. - ALTER TABLE PUBLIC.node_notary_request_log ADD CONSTRAINT node_notary_request_log_pkey PRIMARY KEY (id) {changeSet=migration/node-services.changelog-init.xml::1521131680317-48::R3.Corda, databaseChangeLog=master.changelog.json}
?[m?[37m[INFO] 11:44:46,161 [Test worker] changelog.ChangeSet. - Primary key added to node_notary_request_log (id) {changeSet=migration/node-services.changelog-init.xml::1521131680317-48::R3.Corda, databaseChangeLog=master.changelog.json}
?[m?[37m[INFO] 11:44:46,161 [Test worker] changelog.ChangeSet. - ChangeSet migration/node-services.changelog-init.xml::1521131680317-48::R3.Corda ran successfully in 0ms {changeSet=migration/node-services.changelog-init.xml::1521131680317-48::R3.Corda, databaseChangeLog=master.changelog.json}
?[m?[37m[INFO] 11:44:46,161 [Test worker] jvm.JdbcExecutor. - INSERT INTO PUBLIC.DATABASECHANGELOG (ID, AUTHOR, FILENAME, DATEEXECUTED, ORDEREXECUTED, MD5SUM, DESCRIPTION, COMMENTS, EXECTYPE, CONTEXTS, LABELS, LIQUIBASE, DEPLOYMENT_ID) VALUES ('1521131680317-48', 'R3.Corda', 'migration/node-services.changelog-init.xml', NOW(), 97, '8:7b2392b8e69fe748f22e678d1e8b1d3e', 'addPrimaryKey constraintName=node_notary_request_log_pkey, tableName=node_notary_request_log', '', 'EXECUTED', NULL, NULL, '3.6.3', '2067485978') {changeSet=migration/node-services.changelog-init.xml::1521131680317-48::R3.Corda, databaseChangeLog=master.changelog.json}
?[m?[37m[INFO] 11:44:46,161 [Test worker] jvm.JdbcExecutor. - ALTER TABLE PUBLIC.node_notary_committed_states ALTER COLUMN consuming_transaction_id SET NOT NULL {changeSet=migration/node-services.changelog-init.xml::nullability::R3.Corda, databaseChangeLog=master.changelog.json}
?[m?[37m[INFO] 11:44:46,161 [Test worker] changelog.ChangeSet. - NOT NULL constraint has been added to node_notary_committed_states.consuming_transaction_id {changeSet=migration/node-services.changelog-init.xml::nullability::R3.Corda, databaseChangeLog=master.changelog.json}
?[m?[37m[INFO] 11:44:46,161 [Test worker] changelog.ChangeSet. - ChangeSet migration/node-services.changelog-init.xml::nullability::R3.Corda ran successfully in 0ms {changeSet=migration/node-services.changelog-init.xml::nullability::R3.Corda, databaseChangeLog=master.changelog.json}
?[m?[37m[INFO] 11:44:46,162 [Test worker] jvm.JdbcExecutor. - INSERT INTO PUBLIC.DATABASECHANGELOG (ID, AUTHOR, FILENAME, DATEEXECUTED, ORDEREXECUTED, MD5SUM, DESCRIPTION, COMMENTS, EXECTYPE, CONTEXTS, LABELS, LIQUIBASE, DEPLOYMENT_ID) VALUES ('nullability', 'R3.Corda', 'migration/node-services.changelog-init.xml', NOW(), 98, '8:3a26bc5f7d8e2feba54946ed0460d0a6', 'addNotNullConstraint columnName=consuming_transaction_id, tableName=node_notary_committed_states', '', 'EXECUTED', NULL, NULL, '3.6.3', '2067485978') {changeSet=migration/node-services.changelog-init.xml::nullability::R3.Corda, databaseChangeLog=master.changelog.json}
?[m?[37m[INFO] 11:44:46,163 [Test worker] changelog.ChangeSet. - Marking ChangeSet: migration/node-notary.changelog-v2.xml::rename-table-notary-commit-log::R3.Corda ran despite precondition failure due to onFail='MARK_RAN': 
          master.changelog.json : Table PUBLIC.node_notary_commit_log does not exist
 {changeSet=migration/node-notary.changelog-v2.xml::rename-table-notary-commit-log::R3.Corda, databaseChangeLog=master.changelog.json}
?[m?[37m[INFO] 11:44:46,163 [Test worker] jvm.JdbcExecutor. - INSERT INTO PUBLIC.DATABASECHANGELOG (ID, AUTHOR, FILENAME, DATEEXECUTED, ORDEREXECUTED, MD5SUM, DESCRIPTION, COMMENTS, EXECTYPE, CONTEXTS, LABELS, LIQUIBASE, DEPLOYMENT_ID) VALUES ('rename-table-notary-commit-log', 'R3.Corda', 'migration/node-notary.changelog-v2.xml', NOW(), 99, '8:18c525e013adbd6f729983990933c4f4', 'renameTable newTableName=node_notary_committed_states, oldTableName=node_notary_commit_log', '', 'MARK_RAN', NULL, NULL, '3.6.3', '2067485978') {changeSet=migration/node-notary.changelog-v2.xml::rename-table-notary-commit-log::R3.Corda, databaseChangeLog=master.changelog.json}
?[m?[37m[INFO] 11:44:46,164 [Test worker] changelog.ChangeSet. - Marking ChangeSet: migration/node-notary.changelog-v2.xml::create-notary-request-log-table::R3.Corda ran despite precondition failure due to onFail='MARK_RAN': 
          master.changelog.json : Not precondition failed
 {changeSet=migration/node-notary.changelog-v2.xml::create-notary-request-log-table::R3.Corda, databaseChangeLog=master.changelog.json}
?[m?[37m[INFO] 11:44:46,164 [Test worker] jvm.JdbcExecutor. - INSERT INTO PUBLIC.DATABASECHANGELOG (ID, AUTHOR, FILENAME, DATEEXECUTED, ORDEREXECUTED, MD5SUM, DESCRIPTION, COMMENTS, EXECTYPE, CONTEXTS, LABELS, LIQUIBASE, DEPLOYMENT_ID) VALUES ('create-notary-request-log-table', 'R3.Corda', 'migration/node-notary.changelog-v2.xml', NOW(), 100, '8:d25c67b0275b7f205b89a85407bf51d0', 'createTable tableName=node_notary_request_log; addPrimaryKey constraintName=node_notary_request_log_pkey, tableName=node_notary_request_log', '', 'MARK_RAN', NULL, NULL, '3.6.3', '2067485978') {changeSet=migration/node-notary.changelog-v2.xml::create-notary-request-log-table::R3.Corda, databaseChangeLog=master.changelog.json}
?[m?[37m[INFO] 11:44:46,164 [Test worker] jvm.JdbcExecutor. - INSERT INTO PUBLIC.DATABASECHANGELOG (ID, AUTHOR, FILENAME, DATEEXECUTED, ORDEREXECUTED, MD5SUM, DESCRIPTION, COMMENTS, EXECTYPE, CONTEXTS, LABELS, LIQUIBASE, DEPLOYMENT_ID) VALUES ('non-clustered_pk-notary_state', 'R3.Corda', 'migration/node-notary.changelog-pkey.xml', NOW(), 101, '8:5b30922594a05dde8768e8af608451f5', 'dropPrimaryKey constraintName=node_notary_states_pkey, tableName=node_notary_committed_states; addPrimaryKey constraintName=node_notary_states_pkey, tableName=node_notary_committed_states', '', 'MARK_RAN', NULL, NULL, '3.6.3', '2067485978') {changeSet=migration/node-notary.changelog-pkey.xml::non-clustered_pk-notary_state::R3.Corda, databaseChangeLog=master.changelog.json}
?[m?[37m[INFO] 11:44:46,165 [Test worker] jvm.JdbcExecutor. - CREATE TABLE PUBLIC.node_notary_committed_txs (transaction_id NVARCHAR(64) NOT NULL) {changeSet=migration/node-notary.changelog-committed-transactions-table.xml::create-notary-committed-transactions-table::R3.Corda, databaseChangeLog=master.changelog.json}
?[m?[37m[INFO] 11:44:46,165 [Test worker] changelog.ChangeSet. - Table node_notary_committed_txs created {changeSet=migration/node-notary.changelog-committed-transactions-table.xml::create-notary-committed-transactions-table::R3.Corda, databaseChangeLog=master.changelog.json}
?[m?[37m[INFO] 11:44:46,165 [Test worker] jvm.JdbcExecutor. - ALTER TABLE PUBLIC.node_notary_committed_txs ADD CONSTRAINT node_notary_transactions_pkey PRIMARY KEY (transaction_id) {changeSet=migration/node-notary.changelog-committed-transactions-table.xml::create-notary-committed-transactions-table::R3.Corda, databaseChangeLog=master.changelog.json}
?[m?[37m[INFO] 11:44:46,165 [Test worker] changelog.ChangeSet. - Primary key added to node_notary_committed_txs (transaction_id) {changeSet=migration/node-notary.changelog-committed-transactions-table.xml::create-notary-committed-transactions-table::R3.Corda, databaseChangeLog=master.changelog.json}
?[m?[37m[INFO] 11:44:46,165 [Test worker] changelog.ChangeSet. - ChangeSet migration/node-notary.changelog-committed-transactions-table.xml::create-notary-committed-transactions-table::R3.Corda ran successfully in 0ms {changeSet=migration/node-notary.changelog-committed-transactions-table.xml::create-notary-committed-transactions-table::R3.Corda, databaseChangeLog=master.changelog.json}
?[m?[37m[INFO] 11:44:46,165 [Test worker] jvm.JdbcExecutor. - INSERT INTO PUBLIC.DATABASECHANGELOG (ID, AUTHOR, FILENAME, DATEEXECUTED, ORDEREXECUTED, MD5SUM, DESCRIPTION, COMMENTS, EXECTYPE, CONTEXTS, LABELS, LIQUIBASE, DEPLOYMENT_ID) VALUES ('create-notary-committed-transactions-table', 'R3.Corda', 'migration/node-notary.changelog-committed-transactions-table.xml', NOW(), 102, '8:ab59160cd3f0ceb591177364f90aa039', 'createTable tableName=node_notary_committed_txs; addPrimaryKey constraintName=node_notary_transactions_pkey, tableName=node_notary_committed_txs', '', 'EXECUTED', NULL, NULL, '3.6.3', '2067485978') {changeSet=migration/node-notary.changelog-committed-transactions-table.xml::create-notary-committed-transactions-table::R3.Corda, databaseChangeLog=master.changelog.json}
?[m?[37m[INFO] 11:44:46,165 [Test worker] lockservice.StandardLockService. - Successfully released change log lock
?[m?[37m[INFO] 11:44:46,165 [Test worker] internal.InternalMockNetwork$MockNode. - Connected to H2 database.
?[m?[37m[INFO] 11:44:46,171 [Test worker] persistence.HibernateConfiguration. - Init HibernateConfiguration for schemas: [CommonSchemaV1(name=net.corda.core.schemas.CommonSchema, version=1), VaultSchemaV1(name=net.corda.node.services.vault.VaultSchema, version=1), NodeInfoSchemaV1(name=net.corda.node.internal.schemas.NodeInfoSchema, version=1), NodeCoreV1(name=net.corda.node.services.schema.NodeSchemaService$NodeCore, version=1), AccountsContractsSchemaV1(name=com.r3.corda.lib.accounts.contracts.internal.schemas.AccountsContractsSchema, version=1), AccountsWorkflowsSchemaV1(name=com.r3.corda.lib.accounts.workflows.internal.schemas.AccountsWorkflowsSchema, version=1), FungibleTokenSchemaV1(name=com.r3.corda.lib.tokens.contracts.internal.schemas.FungibleTokenSchema, version=1), NonFungibleTokenSchemaV1(name=com.r3.corda.lib.tokens.contracts.internal.schemas.NonFungibleTokenSchema, version=1), TokenSchemaV1(name=com.r3.corda.lib.tokens.contracts.schemas.TokenSchema, version=1), DistributionRecordSchemaV1(name=com.r3.corda.lib.tokens.workflows.internal.schemas.DistributionRecordSchema, version=1), NodeNotarySchemaV1(name=net.corda.node.services.transactions.NodeNotarySchema, version=1)]
?[m?[37m[INFO] 11:44:46,171 [Test worker] factory.BaseSessionFactoryFactory. - Creating session factory for schemas: [CommonSchemaV1(name=net.corda.core.schemas.CommonSchema, version=1), VaultSchemaV1(name=net.corda.node.services.vault.VaultSchema, version=1), NodeInfoSchemaV1(name=net.corda.node.internal.schemas.NodeInfoSchema, version=1), NodeCoreV1(name=net.corda.node.services.schema.NodeSchemaService$NodeCore, version=1), AccountsContractsSchemaV1(name=com.r3.corda.lib.accounts.contracts.internal.schemas.AccountsContractsSchema, version=1), AccountsWorkflowsSchemaV1(name=com.r3.corda.lib.accounts.workflows.internal.schemas.AccountsWorkflowsSchema, version=1), FungibleTokenSchemaV1(name=com.r3.corda.lib.tokens.contracts.internal.schemas.FungibleTokenSchema, version=1), NonFungibleTokenSchemaV1(name=com.r3.corda.lib.tokens.contracts.internal.schemas.NonFungibleTokenSchema, version=1), TokenSchemaV1(name=com.r3.corda.lib.tokens.contracts.schemas.TokenSchema, version=1), DistributionRecordSchemaV1(name=com.r3.corda.lib.tokens.workflows.internal.schemas.DistributionRecordSchema, version=1), NodeNotarySchemaV1(name=net.corda.node.services.transactions.NodeNotarySchema, version=1)]
?[m?[37m[INFO] 11:44:46,174 [Test worker] internal.ConnectionProviderInitiator. - HHH000130: Instantiating explicit connection provider: net.corda.nodeapi.internal.persistence.HibernateConfiguration$NodeDatabaseConnectionProvider
?[m?[37m[INFO] 11:44:46,174 [Test worker] dialect.Dialect. - HHH000400: Using dialect: org.hibernate.dialect.H2Dialect
?[m?[37m[INFO] 11:44:46,203 [Test worker] connections.access. - HHH10001501: Connection obtained from JdbcConnectionAccess [org.hibernate.engine.jdbc.env.internal.JdbcEnvironmentInitiator$ConnectionProviderJdbcConnectionAccess@79024b73] for (non-JTA) DDL execution was not in auto-commit mode; the Connection 'local transaction' will be committed and the Connection will be set into auto-commit mode.
?[m?[37m[INFO] 11:44:46,226 [Test worker] internal.JtaPlatformInitiator. - HHH000490: Using JtaPlatform implementation: [org.hibernate.engine.transaction.jta.platform.internal.NoJtaPlatform]
?[m?[37m[INFO] 11:44:46,226 [Test worker] factory.BaseSessionFactoryFactory. - Created session factory for schemas: [CommonSchemaV1(name=net.corda.core.schemas.CommonSchema, version=1), VaultSchemaV1(name=net.corda.node.services.vault.VaultSchema, version=1), NodeInfoSchemaV1(name=net.corda.node.internal.schemas.NodeInfoSchema, version=1), NodeCoreV1(name=net.corda.node.services.schema.NodeSchemaService$NodeCore, version=1), AccountsContractsSchemaV1(name=com.r3.corda.lib.accounts.contracts.internal.schemas.AccountsContractsSchema, version=1), AccountsWorkflowsSchemaV1(name=com.r3.corda.lib.accounts.workflows.internal.schemas.AccountsWorkflowsSchema, version=1), FungibleTokenSchemaV1(name=com.r3.corda.lib.tokens.contracts.internal.schemas.FungibleTokenSchema, version=1), NonFungibleTokenSchemaV1(name=com.r3.corda.lib.tokens.contracts.internal.schemas.NonFungibleTokenSchema, version=1), TokenSchemaV1(name=com.r3.corda.lib.tokens.contracts.schemas.TokenSchema, version=1), DistributionRecordSchemaV1(name=com.r3.corda.lib.tokens.workflows.internal.schemas.DistributionRecordSchema, version=1), NodeNotarySchemaV1(name=net.corda.node.services.transactions.NodeNotarySchema, version=1)]
?[m?[37m[INFO] 11:44:46,230 [Test worker] internal.InternalMockNetwork$MockNode. - Node-info has changed so submitting update. Old node-info was null
?[m?[37m[INFO] 11:44:46,230 [Test worker] network.PersistentNetworkMapCache. - Adding node with info: NodeInfo(addresses=[mock.node:1000], legalIdentitiesAndCerts=[O=Notary Service, L=Zurich, C=CH], platformVersion=7, serial=1602067486230)
?[m?[37m[INFO] 11:44:46,230 [Test worker] network.PersistentNetworkMapCache. - No previous node found for O=Notary Service, L=Zurich, C=CH
?[m?[37m[INFO] 11:44:46,235 [Test worker] internal.InternalMockNetwork$MockNode. - New node-info: NodeInfo(addresses=[mock.node:1000], legalIdentitiesAndCerts=[O=Notary Service, L=Zurich, C=CH], platformVersion=7, serial=1602067486230)
?[m?[37m[INFO] 11:44:46,239 [Test worker] network.NetworkMapUpdater. - Auto-accept enabled for network parameter changes which modify only: [epoch, modifiedTime, packageOwnership, whitelistedContractImplementations]
?[m?[37m[INFO] 11:44:46,239 [Test worker] internal.MockNodeMessagingService. - Status change to true
?[m?[37m[INFO] 11:44:46,239 [Test worker] internal.InternalMockNetwork$MockNode. - MessagingService active change to: true
?[m?[37m[INFO] 11:44:46,240 [MockNode-56-2] network.PersistentNetworkMapCache. - Adding node with info: NodeInfo(addresses=[mock.node:1000], legalIdentitiesAndCerts=[O=Notary Service, L=Zurich, C=CH], platformVersion=7, serial=1602067486230)
?[m?[37m[INFO] 11:44:46,241 [MockNode-56-2] network.PersistentNetworkMapCache. - Previous node was identical to incoming one - doing nothing
?[m?[37m[INFO] 11:44:46,250 [Test worker] ClassloaderUtils. - Contracts loading for '/var/folders/25/rhm4m5t16xjclwm998ppz_b40000gp/T/attachment5764299689833471295.jar' took 2 msec
?[m?[37m[INFO] 11:44:46,256 [Test worker] persistence.NodeAttachmentService. - Stored new attachment: id=D370FD972C7E07CE73F4F9B7886D226807F6B16C4EE287398B9C69384109DC14 uploader=app filename=Accounts SDK - States and Contracts
?[m?[37m[INFO] 11:44:46,260 [Test worker] ClassloaderUtils. - Contracts loading for '/var/folders/25/rhm4m5t16xjclwm998ppz_b40000gp/T/attachment807025147311599746.jar' took 2 msec
?[m?[37m[INFO] 11:44:46,272 [Test worker] persistence.NodeAttachmentService. - Stored new attachment: id=A836B59D71384FC77EEE038AD03646FE8D1634D6C63B09FF03D29AA107D55B81 uploader=app filename=re-issuance - contracts
?[m?[37m[INFO] 11:44:46,275 [Test worker] ClassloaderUtils. - Contracts loading for '/var/folders/25/rhm4m5t16xjclwm998ppz_b40000gp/T/attachment532341616849295256.jar' took 2 msec
?[m?[37m[INFO] 11:44:46,286 [Test worker] persistence.NodeAttachmentService. - Stored new attachment: id=34705DC9A2C8599998BBDBA7C3D13609AF04D8B3A772F7134D685ECC926D8320 uploader=app filename=Token SDK Contracts
?[m?[37m[INFO] 11:44:46,287 [Test worker] internal.InternalMockNetwork$MockNode. - Installed com.r3.corda.lib.accounts.workflows.services.KeyManagementBackedAccountService Corda service
?[m?[37m[INFO] 11:44:46,287 [Test worker] internal.InternalMockNetwork$MockNode. - Installed com.r3.corda.lib.tokens.selection.memory.services.VaultMigratorService Corda service
?[m?[37m[INFO] 11:44:46,288 [Test worker] cordapp.CordappConfigFileProvider. - Found config for cordapp tokens-workflows-1.2 in build/mock-network/20201007-104445.669/nodes/0/cordapps/config/tokens-workflows-1.2.conf
?[m?[31m[WARN] 11:44:46,288 [Test worker] inMemoryConfigSelectionLogger. - Did not detect a configuration for InMemory selection - enabling memory usage for token indexing. Please set stateSelection.inMemory.enabled to "false" to disable this
?[m?[31m[WARN] 11:44:46,288 [Test worker] inMemoryConfigSelectionLogger. - No indexing method specified. Indexes will be created at run-time for each invocation of selectTokens
?[m?[37m[INFO] 11:44:46,288 [Test worker] inMemoryConfigSelectionLogger. - Found in memory token selection configuration with values indexing strategy: [], cacheSize: 1024
?[m?[31m[WARN] 11:44:46,288 [Test worker] vault.NodeVaultService. - trackBy is called with an already existing, open DB transaction. As a result, there might be states missing from both the snapshot and observable, included in the returned data feed, because of race conditions.
?[m?[31m[WARN] 11:44:46,289 [Test worker] inMemoryConfigSelectionLogger. - Did not detect a configuration for InMemory selection - enabling memory usage for token indexing. Please set stateSelection.inMemory.enabled to "false" to disable this
?[m?[31m[WARN] 11:44:46,289 [Test worker] inMemoryConfigSelectionLogger. - No indexing method specified. Indexes will be created at run-time for each invocation of selectTokens
?[m?[37m[INFO] 11:44:46,289 [Test worker] inMemoryConfigSelectionLogger. - Found in memory token selection configuration with values indexing strategy: [], cacheSize: 1024
?[m?[37m[INFO] 11:44:46,289 [Test worker] services.VaultWatcherService. - Starting async token loading from vault
?[m?[37m[INFO] 11:44:46,289 [Test worker] internal.InternalMockNetwork$MockNode. - Installed com.r3.corda.lib.tokens.selection.memory.services.VaultWatcherService Corda service
?[m?[37m[INFO] 11:44:46,289 [Test worker] internal.InternalMockNetwork$MockNode. - Installed com.r3.dr.ledgergraph.attachment.AttachmentReaderService Corda service
?[m?[37m[INFO] 11:44:46,289 [Test worker] internal.InternalMockNetwork$MockNode. - Installed com.r3.dr.ledgergraph.networkparameters.NetworkParametersReaderService Corda service
?[m?[37m[INFO] 11:44:46,289 [Test worker] internal.InternalMockNetwork$MockNode. - Installed com.r3.dr.ledgergraph.services.ConfigurationService Corda service
?[m?[37m[INFO] 11:44:46,290 [Test worker] internal.InternalMockNetwork$MockNode. - Installed com.r3.dr.ledgergraph.services.LedgerGraphJMXService Corda service
?[m?[37m[INFO] 11:44:46,290 [Test worker] internal.InternalMockNetwork$MockNode. - Installed com.r3.dr.ledgergraph.services.LedgerGraphService Corda service
?[m?[37m[INFO] 11:44:46,290 [Test worker] internal.InternalMockNetwork$MockNode. - Installed com.r3.dr.ledgergraph.transaction.TransactionReaderService Corda service
?[m?[37m[INFO] 11:44:46,290 [Test worker] utilities.NotaryLoader. - Starting notary service: class net.corda.node.services.transactions.SimpleNotaryService
?[m?[37m[INFO] 11:44:46,290 [Test worker] notary.SinglePartyNotaryService. - Starting notary in non-validating mode
?[m?[37m[INFO] 11:44:46,291 [pool-10-thread-1] services.VaultWatcherService. - publishing 0 to async state loading callback
?[m?[37m[INFO] 11:44:46,291 [pool-10-thread-1] services.VaultWatcherService. - received token vault update with 0 consumed states and: 0 produced states
?[m?[37m[INFO] 11:44:46,291 [pool-10-thread-1] services.VaultWatcherService. - finished token loading
?[m?[37m[INFO] 11:44:46,292 [Test worker] statemachine.SingleThreadedStateMachineManager. - Node ready, info: NodeInfo(addresses=[mock.node:1000], legalIdentitiesAndCerts=[O=Notary Service, L=Zurich, C=CH], platformVersion=7, serial=1602067486230)
?[m?[37m[INFO] 11:44:46,293 [Test worker] network.PersistentNetworkMapCache. - Adding node with info: NodeInfo(addresses=[mock.node:1000], legalIdentitiesAndCerts=[O=Notary Service, L=Zurich, C=CH], platformVersion=7, serial=1602067486230)
?[m?[37m[INFO] 11:44:46,293 [Test worker] network.PersistentNetworkMapCache. - Previous node was identical to incoming one - doing nothing
?[m?[37m[INFO] 11:44:46,293 [Test worker] network.PersistentNetworkMapCache. - Adding node with info: NodeInfo(addresses=[mock.node:1000], legalIdentitiesAndCerts=[O=Notary Service, L=Zurich, C=CH], platformVersion=7, serial=1602067486230)
?[m?[37m[INFO] 11:44:46,293 [Test worker] network.PersistentNetworkMapCache. - Previous node was identical to incoming one - doing nothing
?[m?[37m[INFO] 11:44:46,295 [Thread-268] cordapp.CordappConfigFileProvider. - Found config for cordapp ledger-graph-1.2-SNAPSHOT in build/mock-network/20201007-104445.669/nodes/0/cordapps/config/ledger-graph-1.2-SNAPSHOT.conf
?[m?[37m[INFO] 11:44:46,295 [Thread-268] services.LedgerGraphService. - Configured transaction iterator page size: 100.
?[m?[37m[INFO] 11:44:46,295 [Thread-268] services.LedgerGraphService. - Configured transaction iterator pool size: 10.
?[m?[37m[INFO] 11:44:46,295 [Thread-268] services.LedgerGraphService. - Getting database transaction count...
?[m?[37m[INFO] 11:44:46,299 [Thread-268] services.LedgerGraphService. - Loading 0 transactions from database...
?[m?[37m[INFO] 11:44:46,300 [Thread-268] services.LedgerGraphService. - Done loading transactions from database after 0s.
?[m?[37m[INFO] 11:44:46,300 [Thread-268] services.LedgerGraphService. - The LedgerGraph service has now successfully been initialized.
?[m?[37m[INFO] 11:44:46,318 [Test worker] cordapp.JarScanningCordappLoader. - Looking for CorDapps in [build/mock-network/20201007-104445.669/nodes/1/cordapps]
?[m?[37m[INFO] 11:44:46,318 [Test worker] cordapp.JarScanningCordappLoader. - Loading CorDapps from RestrictedURL(url=file:/Users/agnieszkaszczepanska/workspace/reissue-sample-cordapp/workflows/build/mock-network/20201007-104445.669/nodes/1/cordapps/accounts-contracts-1.0.jar, rootPackageName=null), RestrictedURL(url=file:/Users/agnieszkaszczepanska/workspace/reissue-sample-cordapp/workflows/build/mock-network/20201007-104445.669/nodes/1/cordapps/accounts-workflows-1.0.jar, rootPackageName=null), RestrictedURL(url=file:/Users/agnieszkaszczepanska/workspace/reissue-sample-cordapp/workflows/build/mock-network/20201007-104445.669/nodes/1/cordapps/reissuance-cordapp-contracts-1.0-SNAPSHOT.jar, rootPackageName=null), RestrictedURL(url=file:/Users/agnieszkaszczepanska/workspace/reissue-sample-cordapp/workflows/build/mock-network/20201007-104445.669/nodes/1/cordapps/workflows.jar, rootPackageName=null), RestrictedURL(url=file:/Users/agnieszkaszczepanska/workspace/reissue-sample-cordapp/workflows/build/mock-network/20201007-104445.669/nodes/1/cordapps/reissuance-cordapp-workflows-1.0-SNAPSHOT.jar, rootPackageName=null), RestrictedURL(url=file:/Users/agnieszkaszczepanska/workspace/reissue-sample-cordapp/workflows/build/mock-network/20201007-104445.669/nodes/1/cordapps/ci-workflows-1.0.jar, rootPackageName=null), RestrictedURL(url=file:/Users/agnieszkaszczepanska/workspace/reissue-sample-cordapp/workflows/build/mock-network/20201007-104445.669/nodes/1/cordapps/tokens-contracts-1.2.jar, rootPackageName=null), RestrictedURL(url=file:/Users/agnieszkaszczepanska/workspace/reissue-sample-cordapp/workflows/build/mock-network/20201007-104445.669/nodes/1/cordapps/tokens-workflows-1.2.jar, rootPackageName=null), RestrictedURL(url=file:/Users/agnieszkaszczepanska/workspace/reissue-sample-cordapp/workflows/build/mock-network/20201007-104445.669/nodes/1/cordapps/ledger-graph-1.2-SNAPSHOT.jar, rootPackageName=null)
?[m?[37m[INFO] 11:44:46,318 [Test worker] cordapp.JarScanningCordappLoader. - Scanning CorDapp in file:/Users/agnieszkaszczepanska/workspace/reissue-sample-cordapp/workflows/build/mock-network/20201007-104445.669/nodes/1/cordapps/accounts-contracts-1.0.jar
?[m?[37m[INFO] 11:44:46,326 [Test worker] cordapp.JarScanningCordappLoader. - Scanning CorDapp in file:/Users/agnieszkaszczepanska/workspace/reissue-sample-cordapp/workflows/build/mock-network/20201007-104445.669/nodes/1/cordapps/accounts-workflows-1.0.jar
?[m?[37m[INFO] 11:44:46,334 [Test worker] cordapp.JarScanningCordappLoader. - Scanning CorDapp in file:/Users/agnieszkaszczepanska/workspace/reissue-sample-cordapp/workflows/build/mock-network/20201007-104445.669/nodes/1/cordapps/reissuance-cordapp-contracts-1.0-SNAPSHOT.jar
?[m?[37m[INFO] 11:44:46,340 [Test worker] cordapp.JarScanningCordappLoader. - Scanning CorDapp in file:/Users/agnieszkaszczepanska/workspace/reissue-sample-cordapp/workflows/build/mock-network/20201007-104445.669/nodes/1/cordapps/workflows.jar
?[m?[37m[INFO] 11:44:46,345 [Test worker] cordapp.JarScanningCordappLoader. - Scanning CorDapp in file:/Users/agnieszkaszczepanska/workspace/reissue-sample-cordapp/workflows/build/mock-network/20201007-104445.669/nodes/1/cordapps/reissuance-cordapp-workflows-1.0-SNAPSHOT.jar
?[m?[37m[INFO] 11:44:46,355 [Test worker] cordapp.JarScanningCordappLoader. - Scanning CorDapp in file:/Users/agnieszkaszczepanska/workspace/reissue-sample-cordapp/workflows/build/mock-network/20201007-104445.669/nodes/1/cordapps/ci-workflows-1.0.jar
?[m?[37m[INFO] 11:44:46,362 [Test worker] cordapp.JarScanningCordappLoader. - Scanning CorDapp in file:/Users/agnieszkaszczepanska/workspace/reissue-sample-cordapp/workflows/build/mock-network/20201007-104445.669/nodes/1/cordapps/tokens-contracts-1.2.jar
?[m?[37m[INFO] 11:44:46,368 [Test worker] cordapp.JarScanningCordappLoader. - Scanning CorDapp in file:/Users/agnieszkaszczepanska/workspace/reissue-sample-cordapp/workflows/build/mock-network/20201007-104445.669/nodes/1/cordapps/tokens-workflows-1.2.jar
?[m?[37m[INFO] 11:44:46,385 [Test worker] cordapp.JarScanningCordappLoader. - Scanning CorDapp in file:/Users/agnieszkaszczepanska/workspace/reissue-sample-cordapp/workflows/build/mock-network/20201007-104445.669/nodes/1/cordapps/ledger-graph-1.2-SNAPSHOT.jar
?[m?[37m[INFO] 11:44:46,411 [Test worker] internal.InternalMockNetwork$MockNode. - MessagingService active change to: false
?[m?[37m[INFO] 11:44:46,412 [Test worker] internal.InternalMockNetwork$MockNode. - Flow external operation executor has a max of 2 threads
?[m?[37m[INFO] 11:44:46,413 [Test worker] internal.InternalMockNetwork$MockNode. - Node starting up ...
?[m?[37m[INFO] 11:44:46,430 [Test worker] internal.NodeFlowManager. - Registered com.r3.corda.lib.accounts.workflows.flows.ShareStateAndSyncAccounts to initiate com.r3.corda.lib.accounts.workflows.flows.ReceiveStateAndSyncAccounts (version 1)
?[m?[37m[INFO] 11:44:46,430 [Test worker] internal.NodeFlowManager. - Registered com.r3.corda.lib.accounts.workflows.flows.ShareStateWithAccount to initiate com.r3.corda.lib.accounts.workflows.flows.ReceiveStateForAccount (version 1)
?[m?[37m[INFO] 11:44:46,430 [Test worker] internal.NodeFlowManager. - Registered com.r3.corda.lib.accounts.workflows.flows.RequestAccountInfo to initiate com.r3.corda.lib.accounts.workflows.flows.RequestAccountInfoHandler (version 1)
?[m?[37m[INFO] 11:44:46,430 [Test worker] internal.NodeFlowManager. - Registered com.r3.corda.lib.accounts.workflows.flows.RequestKeyForAccount to initiate com.r3.corda.lib.accounts.workflows.flows.SendKeyForAccount (version 1)
?[m?[37m[INFO] 11:44:46,430 [Test worker] internal.NodeFlowManager. - Registered com.r3.corda.lib.accounts.workflows.flows.ShareAccountInfo to initiate com.r3.corda.lib.accounts.workflows.flows.ShareAccountInfoHandler (version 1)
?[m?[37m[INFO] 11:44:46,430 [Test worker] internal.NodeFlowManager. - Registered net.corda.samples.reissuance.IssueDemoAppTokens to initiate net.corda.samples.reissuance.IssueDemoAppTokensResponder (version 1)
?[m?[37m[INFO] 11:44:46,430 [Test worker] internal.NodeFlowManager. - Registered net.corda.samples.reissuance.MoveDemoAppTokens to initiate net.corda.samples.reissuance.MoveDemoAppTokensResponder (version 1)
?[m?[37m[INFO] 11:44:46,430 [Test worker] internal.NodeFlowManager. - Registered net.corda.samples.reissuance.RedeemDemoAppTokens to initiate net.corda.samples.reissuance.RedeemDemoAppTokensResponder (version 1)
?[m?[37m[INFO] 11:44:46,431 [Test worker] internal.NodeFlowManager. - Registered com.r3.corda.lib.reissuance.flows.DeleteReIssuedStatesAndLock to initiate com.r3.corda.lib.reissuance.flows.DeleteReIssuedStatesAndLockResponder (version 1)
?[m?[37m[INFO] 11:44:46,431 [Test worker] internal.NodeFlowManager. - Registered com.r3.corda.lib.reissuance.flows.ReIssueStates to initiate com.r3.corda.lib.reissuance.flows.ReIssueStatesResponder (version 1)
?[m?[37m[INFO] 11:44:46,431 [Test worker] internal.NodeFlowManager. - Registered com.r3.corda.lib.reissuance.flows.RequestReIssuanceAndShareRequiredTransactions to initiate com.r3.corda.lib.reissuance.flows.ReceiveSignedTransaction (version 1)
?[m?[37m[INFO] 11:44:46,431 [Test worker] internal.NodeFlowManager. - Registered com.r3.corda.lib.reissuance.flows.RejectReIssuanceRequest to initiate com.r3.corda.lib.reissuance.flows.RejectReIssuanceRequestResponder (version 1)
?[m?[37m[INFO] 11:44:46,431 [Test worker] internal.NodeFlowManager. - Registered com.r3.corda.lib.reissuance.flows.RequestReIssuance to initiate com.r3.corda.lib.reissuance.flows.RequestReIssuanceResponder (version 1)
?[m?[37m[INFO] 11:44:46,431 [Test worker] internal.NodeFlowManager. - Registered com.r3.corda.lib.reissuance.flows.UnlockReIssuedStates to initiate com.r3.corda.lib.reissuance.flows.UnlockReIssuedStatesResponder (version 1)
?[m?[37m[INFO] 11:44:46,431 [Test worker] internal.NodeFlowManager. - Registered com.r3.corda.lib.reissuance.flows.example.dummyStateRequiringAcceptance.CreateDummyStateRequiringAcceptance to initiate com.r3.corda.lib.reissuance.flows.example.dummyStateRequiringAcceptance.CreateDummyStateRequiringAcceptanceResponder (version 1)
?[m?[37m[INFO] 11:44:46,431 [Test worker] internal.NodeFlowManager. - Registered com.r3.corda.lib.reissuance.flows.example.dummyStateRequiringAcceptance.DeleteDummyStateRequiringAcceptance to initiate com.r3.corda.lib.reissuance.flows.example.dummyStateRequiringAcceptance.DeleteDummyStateRequiringAcceptanceResponder (version 1)
?[m?[37m[INFO] 11:44:46,431 [Test worker] internal.NodeFlowManager. - Registered com.r3.corda.lib.reissuance.flows.example.dummyStateRequiringAcceptance.UpdateDummyStateRequiringAcceptance to initiate com.r3.corda.lib.reissuance.flows.example.dummyStateRequiringAcceptance.UpdateDummyStateRequiringAcceptanceResponder (version 1)
?[m?[37m[INFO] 11:44:46,431 [Test worker] internal.NodeFlowManager. - Registered com.r3.corda.lib.reissuance.flows.example.dummyStateRequiringAllParticipantsSignatures.CreateDummyStateRequiringAllParticipantsSignatures to initiate com.r3.corda.lib.reissuance.flows.example.dummyStateRequiringAllParticipantsSignatures.CreateDummyStateRequiringAllParticipantsSignaturesResponder (version 1)
?[m?[37m[INFO] 11:44:46,431 [Test worker] internal.NodeFlowManager. - Registered com.r3.corda.lib.reissuance.flows.example.dummyStateRequiringAllParticipantsSignatures.DeleteDummyStateRequiringAllParticipantsSignatures to initiate com.r3.corda.lib.reissuance.flows.example.dummyStateRequiringAllParticipantsSignatures.DeleteDummyStateRequiringAllParticipantsSignaturesResponder (version 1)
?[m?[37m[INFO] 11:44:46,431 [Test worker] internal.NodeFlowManager. - Registered com.r3.corda.lib.reissuance.flows.example.dummyStateRequiringAllParticipantsSignatures.UpdateDummyStateRequiringAllParticipantsSignatures to initiate com.r3.corda.lib.reissuance.flows.example.dummyStateRequiringAllParticipantsSignatures.UpdateDummyStateRequiringAllParticipantsSignaturesResponder (version 1)
?[m?[37m[INFO] 11:44:46,431 [Test worker] internal.NodeFlowManager. - Registered com.r3.corda.lib.reissuance.flows.example.dummyStateWithInvalidEqualsMethod.CreateDummyStateWithInvalidEqualsMethod to initiate com.r3.corda.lib.reissuance.flows.example.dummyStateWithInvalidEqualsMethod.CreateDummyStateRequiringAllParticipantsSignaturesResponder (version 1)
?[m?[37m[INFO] 11:44:46,431 [Test worker] internal.NodeFlowManager. - Registered com.r3.corda.lib.reissuance.flows.example.dummyStateWithInvalidEqualsMethod.DeleteDummyStateWithInvalidEqualsMethod to initiate com.r3.corda.lib.reissuance.flows.example.dummyStateWithInvalidEqualsMethod.DeleteDummyStateRequiringAllParticipantsSignaturesResponder (version 1)
?[m?[37m[INFO] 11:44:46,431 [Test worker] internal.NodeFlowManager. - Registered com.r3.corda.lib.reissuance.flows.example.dummyStateWithInvalidEqualsMethod.UpdateDummyStateWithInvalidEqualsMethod to initiate com.r3.corda.lib.reissuance.flows.example.dummyStateWithInvalidEqualsMethod.UpdateDummyStateWithInvalidEqualsMethodResponder (version 1)
?[m?[37m[INFO] 11:44:46,431 [Test worker] internal.NodeFlowManager. - Registered com.r3.corda.lib.reissuance.flows.example.simpleDummyState.CreateSimpleDummyStateForAccount to initiate com.r3.corda.lib.reissuance.flows.example.simpleDummyState.CreateSimpleDummyStateForAccountResponder (version 1)
?[m?[37m[INFO] 11:44:46,431 [Test worker] internal.NodeFlowManager. - Registered com.r3.corda.lib.reissuance.flows.example.simpleDummyState.CreateSimpleDummyState to initiate com.r3.corda.lib.reissuance.flows.example.simpleDummyState.CreateSimpleDummyStateResponder (version 1)
?[m?[37m[INFO] 11:44:46,431 [Test worker] internal.NodeFlowManager. - Registered com.r3.corda.lib.reissuance.flows.example.simpleDummyState.DeleteSimpleDummyStateForAccount to initiate com.r3.corda.lib.reissuance.flows.example.simpleDummyState.DeleteSimpleDummyStateForAccountResponder (version 1)
?[m?[37m[INFO] 11:44:46,431 [Test worker] internal.NodeFlowManager. - Registered com.r3.corda.lib.reissuance.flows.example.simpleDummyState.DeleteSimpleDummyState to initiate com.r3.corda.lib.reissuance.flows.example.simpleDummyState.DeleteSimpleDummyStateResponder (version 1)
?[m?[37m[INFO] 11:44:46,431 [Test worker] internal.NodeFlowManager. - Registered com.r3.corda.lib.reissuance.flows.example.simpleDummyState.UpdateSimpleDummyState to initiate com.r3.corda.lib.reissuance.flows.example.simpleDummyState.SimpleDummyStateResponder (version 1)
?[m?[37m[INFO] 11:44:46,431 [Test worker] internal.NodeFlowManager. - Registered com.r3.corda.lib.reissuance.flows.example.simpleDummyState.UpdateSimpleDummyStateForAccount to initiate com.r3.corda.lib.reissuance.flows.example.simpleDummyState.UpdateSimpleDummyStateForAccountResponder (version 1)
?[m?[37m[INFO] 11:44:46,431 [Test worker] internal.NodeFlowManager. - Registered com.r3.corda.lib.reissuance.flows.example.tokens.IssueTokens to initiate com.r3.corda.lib.reissuance.flows.example.tokens.IssueTokensResponder (version 1)
?[m?[37m[INFO] 11:44:46,431 [Test worker] internal.NodeFlowManager. - Registered com.r3.corda.lib.reissuance.flows.example.tokens.RedeemTokens to initiate com.r3.corda.lib.reissuance.flows.example.tokens.RedeemTokensResponder (version 1)
?[m?[37m[INFO] 11:44:46,431 [Test worker] internal.NodeFlowManager. - Registered com.r3.corda.lib.reissuance.flows.example.tokens.TransferTokens to initiate com.r3.corda.lib.reissuance.flows.example.tokens.TransferTokensResponder (version 1)
?[m?[37m[INFO] 11:44:46,431 [Test worker] internal.NodeFlowManager. - Registered com.r3.corda.lib.ci.workflows.RequestKeyForUUIDInitiator to initiate com.r3.corda.lib.ci.workflows.RequestKeyForUUIDResponder (version 1)
?[m?[37m[INFO] 11:44:46,431 [Test worker] internal.NodeFlowManager. - Registered com.r3.corda.lib.ci.workflows.RequestKey to initiate com.r3.corda.lib.ci.workflows.RequestKeyResponder (version 1)
?[m?[37m[INFO] 11:44:46,431 [Test worker] internal.NodeFlowManager. - Registered com.r3.corda.lib.ci.workflows.SyncKeyMappingInitiator to initiate com.r3.corda.lib.ci.workflows.SyncKeyMappingResponder (version 1)
?[m?[37m[INFO] 11:44:46,431 [Test worker] internal.NodeFlowManager. - Registered com.r3.corda.lib.ci.workflows.VerifyAndAddKey to initiate com.r3.corda.lib.ci.workflows.VerifyAndAddKeyResponder (version 1)
?[m?[37m[INFO] 11:44:46,431 [Test worker] internal.NodeFlowManager. - Registered com.r3.corda.lib.tokens.workflows.flows.rpc.ConfidentialIssueTokens to initiate com.r3.corda.lib.tokens.workflows.flows.rpc.ConfidentialIssueTokensHandler (version 1)
?[m?[37m[INFO] 11:44:46,431 [Test worker] internal.NodeFlowManager. - Registered com.r3.corda.lib.tokens.workflows.flows.rpc.ConfidentialMoveFungibleTokens to initiate com.r3.corda.lib.tokens.workflows.flows.rpc.ConfidentialMoveFungibleTokensHandler (version 1)
?[m?[37m[INFO] 11:44:46,431 [Test worker] internal.NodeFlowManager. - Registered com.r3.corda.lib.tokens.workflows.flows.rpc.ConfidentialMoveNonFungibleTokens to initiate com.r3.corda.lib.tokens.workflows.flows.rpc.ConfidentialMoveNonFungibleTokensHandler (version 1)
?[m?[37m[INFO] 11:44:46,431 [Test worker] internal.NodeFlowManager. - Registered com.r3.corda.lib.tokens.workflows.flows.rpc.ConfidentialRedeemFungibleTokens to initiate com.r3.corda.lib.tokens.workflows.flows.rpc.ConfidentialRedeemFungibleTokensHandler (version 1)
?[m?[37m[INFO] 11:44:46,431 [Test worker] internal.NodeFlowManager. - Registered com.r3.corda.lib.tokens.workflows.flows.rpc.CreateEvolvableTokens to initiate com.r3.corda.lib.tokens.workflows.flows.rpc.CreateEvolvableTokensHandler (version 1)
?[m?[37m[INFO] 11:44:46,431 [Test worker] internal.NodeFlowManager. - Registered com.r3.corda.lib.tokens.workflows.flows.rpc.IssueTokens to initiate com.r3.corda.lib.tokens.workflows.flows.rpc.IssueTokensHandler (version 1)
?[m?[37m[INFO] 11:44:46,431 [Test worker] internal.NodeFlowManager. - Registered com.r3.corda.lib.tokens.workflows.flows.rpc.MoveFungibleTokens to initiate com.r3.corda.lib.tokens.workflows.flows.rpc.MoveFungibleTokensHandler (version 1)
?[m?[37m[INFO] 11:44:46,431 [Test worker] internal.NodeFlowManager. - Registered com.r3.corda.lib.tokens.workflows.flows.rpc.MoveNonFungibleTokens to initiate com.r3.corda.lib.tokens.workflows.flows.rpc.MoveNonFungibleTokensHandler (version 1)
?[m?[37m[INFO] 11:44:46,431 [Test worker] internal.NodeFlowManager. - Registered com.r3.corda.lib.tokens.workflows.flows.rpc.RedeemFungibleTokens to initiate com.r3.corda.lib.tokens.workflows.flows.rpc.RedeemFungibleTokensHandler (version 1)
?[m?[37m[INFO] 11:44:46,431 [Test worker] internal.NodeFlowManager. - Registered com.r3.corda.lib.tokens.workflows.flows.rpc.RedeemNonFungibleTokens to initiate com.r3.corda.lib.tokens.workflows.flows.rpc.RedeemNonFungibleTokensHandler (version 1)
?[m?[37m[INFO] 11:44:46,431 [Test worker] internal.NodeFlowManager. - Registered com.r3.corda.lib.tokens.workflows.flows.rpc.UpdateEvolvableToken to initiate com.r3.corda.lib.tokens.workflows.flows.rpc.UpdateEvolvableTokenHandler (version 1)
?[m?[37m[INFO] 11:44:46,431 [Test worker] internal.NodeFlowManager. - Registered com.r3.corda.lib.tokens.workflows.internal.flows.distribution.RequestAdditionToDistributionList$Initiator to initiate com.r3.corda.lib.tokens.workflows.internal.flows.distribution.RequestAdditionToDistributionList$Responder (version 1)
?[m?[37m[INFO] 11:44:46,431 [Test worker] internal.NodeFlowManager. - Registered com.r3.corda.lib.tokens.workflows.internal.flows.distribution.UpdateDistributionListFlow to initiate com.r3.corda.lib.tokens.workflows.internal.flows.distribution.UpdateDistributionListFlowHandler (version 1)
?[m?[37m[INFO] 11:44:46,431 [Test worker] internal.NodeFlowManager. - Registered com.r3.corda.lib.tokens.workflows.internal.testflows.DvPFlow to initiate com.r3.corda.lib.tokens.workflows.internal.testflows.DvPFlowHandler (version 1)
?[m?[37m[INFO] 11:44:46,432 [Test worker] internal.InternalMockNetwork$MockNode. - Loaded network parameters: NetworkParameters {
      minimumPlatformVersion=4
      notaries=[NotaryInfo(identity=O=Notary Service, L=Zurich, C=CH, validating=false)]
      maxMessageSize=10485760
      maxTransactionSize=524288000
      whitelistedContractImplementations {
        
      }
      eventHorizon=PT720H
      packageOwnership {
        
      }
      modifiedTime=2020-10-07T10:44:45.669Z
      epoch=1
  }
?[m?[37m[INFO] 11:44:46,433 [Test worker] hikari.HikariDataSource. - HikariPool-57 - Starting...
?[m?[37m[INFO] 11:44:46,433 [Test worker] hikari.HikariDataSource. - HikariPool-57 - Start completed.
?[m?[37m[INFO] 11:44:46,542 [Test worker] changelog.StandardChangeLogHistoryService. - Creating database history table with name: PUBLIC.DATABASECHANGELOG
?[m?[37m[INFO] 11:44:46,543 [Test worker] jvm.JdbcExecutor. - CREATE TABLE PUBLIC.DATABASECHANGELOG (ID VARCHAR(255) NOT NULL, AUTHOR VARCHAR(255) NOT NULL, FILENAME VARCHAR(255) NOT NULL, DATEEXECUTED TIMESTAMP NOT NULL, ORDEREXECUTED INT NOT NULL, EXECTYPE VARCHAR(10) NOT NULL, MD5SUM VARCHAR(35), DESCRIPTION VARCHAR(255), COMMENTS VARCHAR(255), TAG VARCHAR(255), LIQUIBASE VARCHAR(20), CONTEXTS VARCHAR(255), LABELS VARCHAR(255), DEPLOYMENT_ID VARCHAR(10))
?[m?[37m[INFO] 11:44:46,543 [Test worker] jvm.JdbcExecutor. - SELECT COUNT(*) FROM PUBLIC.DATABASECHANGELOG
?[m?[37m[INFO] 11:44:46,543 [Test worker] changelog.StandardChangeLogHistoryService. - Reading from PUBLIC.DATABASECHANGELOG
?[m?[37m[INFO] 11:44:46,543 [Test worker] jvm.JdbcExecutor. - SELECT * FROM PUBLIC.DATABASECHANGELOG ORDER BY DATEEXECUTED ASC, ORDEREXECUTED ASC
?[m?[37m[INFO] 11:44:46,543 [Test worker] jvm.JdbcExecutor. - SELECT COUNT(*) FROM PUBLIC.DATABASECHANGELOGLOCK
?[m?[37m[INFO] 11:44:46,543 [Test worker] jvm.JdbcExecutor. - CREATE TABLE PUBLIC.DATABASECHANGELOGLOCK (ID INT NOT NULL, LOCKED BOOLEAN NOT NULL, LOCKGRANTED TIMESTAMP, LOCKEDBY VARCHAR(255), CONSTRAINT PK_DATABASECHANGELOGLOCK PRIMARY KEY (ID))
?[m?[37m[INFO] 11:44:46,543 [Test worker] jvm.JdbcExecutor. - SELECT COUNT(*) FROM PUBLIC.DATABASECHANGELOGLOCK
?[m?[37m[INFO] 11:44:46,543 [Test worker] jvm.JdbcExecutor. - DELETE FROM PUBLIC.DATABASECHANGELOGLOCK
?[m?[37m[INFO] 11:44:46,543 [Test worker] jvm.JdbcExecutor. - INSERT INTO PUBLIC.DATABASECHANGELOGLOCK (ID, LOCKED) VALUES (1, FALSE)
?[m?[37m[INFO] 11:44:46,548 [Test worker] visitor.ValidatingVisitor. - Skipping change set migration/vault-schema.changelog-pkey.xml::non-clustered_pk-11::R3.Corda due to validation error(s): clustered is not allowed on h2 {changeSet=migration/vault-schema.changelog-pkey.xml::non-clustered_pk-11::R3.Corda, databaseChangeLog=master.changelog.json}
?[m?[37m[INFO] 11:44:46,548 [Test worker] visitor.ValidatingVisitor. - Skipping change set migration/vault-schema.changelog-pkey.xml::non-clustered_pk-12::R3.Corda due to validation error(s): clustered is not allowed on h2 {changeSet=migration/vault-schema.changelog-pkey.xml::non-clustered_pk-12::R3.Corda, databaseChangeLog=master.changelog.json}
?[m?[37m[INFO] 11:44:46,548 [Test worker] visitor.ValidatingVisitor. - Skipping change set migration/vault-schema.changelog-pkey.xml::non-clustered_pk-13::R3.Corda due to validation error(s): clustered is not allowed on h2 {changeSet=migration/vault-schema.changelog-pkey.xml::non-clustered_pk-13::R3.Corda, databaseChangeLog=master.changelog.json}
?[m?[37m[INFO] 11:44:46,557 [Test worker] visitor.ValidatingVisitor. - Skipping change set migration/node-core.changelog-pkey.xml::non-clustered_pk-1::R3.Corda due to validation error(s): clustered is not allowed on h2 {changeSet=migration/node-core.changelog-pkey.xml::non-clustered_pk-1::R3.Corda, databaseChangeLog=master.changelog.json}
?[m?[37m[INFO] 11:44:46,557 [Test worker] visitor.ValidatingVisitor. - Skipping change set migration/node-core.changelog-pkey.xml::non-clustered_pk-2::R3.Corda due to validation error(s): clustered is not allowed on h2 {changeSet=migration/node-core.changelog-pkey.xml::non-clustered_pk-2::R3.Corda, databaseChangeLog=master.changelog.json}
?[m?[37m[INFO] 11:44:46,557 [Test worker] visitor.ValidatingVisitor. - Skipping change set migration/node-core.changelog-pkey.xml::non-clustered_pk-3::R3.Corda due to validation error(s): clustered is not allowed on h2 {changeSet=migration/node-core.changelog-pkey.xml::non-clustered_pk-3::R3.Corda, databaseChangeLog=master.changelog.json}
?[m?[37m[INFO] 11:44:46,557 [Test worker] visitor.ValidatingVisitor. - Skipping change set migration/node-core.changelog-pkey.xml::non-clustered_pk-4::R3.Corda due to validation error(s): clustered is not allowed on h2 {changeSet=migration/node-core.changelog-pkey.xml::non-clustered_pk-4::R3.Corda, databaseChangeLog=master.changelog.json}
?[m?[37m[INFO] 11:44:46,557 [Test worker] visitor.ValidatingVisitor. - Skipping change set migration/node-core.changelog-pkey.xml::non-clustered_pk-5::R3.Corda due to validation error(s): clustered is not allowed on h2 {changeSet=migration/node-core.changelog-pkey.xml::non-clustered_pk-5::R3.Corda, databaseChangeLog=master.changelog.json}
?[m?[37m[INFO] 11:44:46,557 [Test worker] visitor.ValidatingVisitor. - Skipping change set migration/node-core.changelog-pkey.xml::non-clustered_pk-6::R3.Corda due to validation error(s): clustered is not allowed on h2 {changeSet=migration/node-core.changelog-pkey.xml::non-clustered_pk-6::R3.Corda, databaseChangeLog=master.changelog.json}
?[m?[37m[INFO] 11:44:46,557 [Test worker] visitor.ValidatingVisitor. - Skipping change set migration/node-core.changelog-pkey.xml::non-clustered_pk-7::R3.Corda due to validation error(s): clustered is not allowed on h2 {changeSet=migration/node-core.changelog-pkey.xml::non-clustered_pk-7::R3.Corda, databaseChangeLog=master.changelog.json}
?[m?[37m[INFO] 11:44:46,560 [Test worker] jvm.JdbcExecutor. - SELECT COUNT(*) FROM PUBLIC.DATABASECHANGELOGLOCK
?[m?[37m[INFO] 11:44:46,560 [Test worker] jvm.JdbcExecutor. - SELECT LOCKED FROM PUBLIC.DATABASECHANGELOGLOCK WHERE ID=1
?[m?[37m[INFO] 11:44:46,560 [Test worker] lockservice.StandardLockService. - Successfully acquired change log lock
?[m?[37m[INFO] 11:44:46,562 [Test worker] visitor.ValidatingVisitor. - Skipping change set migration/vault-schema.changelog-pkey.xml::non-clustered_pk-11::R3.Corda due to validation error(s): clustered is not allowed on h2 {changeSet=migration/vault-schema.changelog-pkey.xml::non-clustered_pk-11::R3.Corda, databaseChangeLog=master.changelog.json}
?[m?[37m[INFO] 11:44:46,562 [Test worker] visitor.ValidatingVisitor. - Skipping change set migration/vault-schema.changelog-pkey.xml::non-clustered_pk-12::R3.Corda due to validation error(s): clustered is not allowed on h2 {changeSet=migration/vault-schema.changelog-pkey.xml::non-clustered_pk-12::R3.Corda, databaseChangeLog=master.changelog.json}
?[m?[37m[INFO] 11:44:46,562 [Test worker] visitor.ValidatingVisitor. - Skipping change set migration/vault-schema.changelog-pkey.xml::non-clustered_pk-13::R3.Corda due to validation error(s): clustered is not allowed on h2 {changeSet=migration/vault-schema.changelog-pkey.xml::non-clustered_pk-13::R3.Corda, databaseChangeLog=master.changelog.json}
?[m?[37m[INFO] 11:44:46,565 [Test worker] visitor.ValidatingVisitor. - Skipping change set migration/node-core.changelog-pkey.xml::non-clustered_pk-1::R3.Corda due to validation error(s): clustered is not allowed on h2 {changeSet=migration/node-core.changelog-pkey.xml::non-clustered_pk-1::R3.Corda, databaseChangeLog=master.changelog.json}
?[m?[37m[INFO] 11:44:46,565 [Test worker] visitor.ValidatingVisitor. - Skipping change set migration/node-core.changelog-pkey.xml::non-clustered_pk-2::R3.Corda due to validation error(s): clustered is not allowed on h2 {changeSet=migration/node-core.changelog-pkey.xml::non-clustered_pk-2::R3.Corda, databaseChangeLog=master.changelog.json}
?[m?[37m[INFO] 11:44:46,565 [Test worker] visitor.ValidatingVisitor. - Skipping change set migration/node-core.changelog-pkey.xml::non-clustered_pk-3::R3.Corda due to validation error(s): clustered is not allowed on h2 {changeSet=migration/node-core.changelog-pkey.xml::non-clustered_pk-3::R3.Corda, databaseChangeLog=master.changelog.json}
?[m?[37m[INFO] 11:44:46,565 [Test worker] visitor.ValidatingVisitor. - Skipping change set migration/node-core.changelog-pkey.xml::non-clustered_pk-4::R3.Corda due to validation error(s): clustered is not allowed on h2 {changeSet=migration/node-core.changelog-pkey.xml::non-clustered_pk-4::R3.Corda, databaseChangeLog=master.changelog.json}
?[m?[37m[INFO] 11:44:46,565 [Test worker] visitor.ValidatingVisitor. - Skipping change set migration/node-core.changelog-pkey.xml::non-clustered_pk-5::R3.Corda due to validation error(s): clustered is not allowed on h2 {changeSet=migration/node-core.changelog-pkey.xml::non-clustered_pk-5::R3.Corda, databaseChangeLog=master.changelog.json}
?[m?[37m[INFO] 11:44:46,565 [Test worker] visitor.ValidatingVisitor. - Skipping change set migration/node-core.changelog-pkey.xml::non-clustered_pk-6::R3.Corda due to validation error(s): clustered is not allowed on h2 {changeSet=migration/node-core.changelog-pkey.xml::non-clustered_pk-6::R3.Corda, databaseChangeLog=master.changelog.json}
?[m?[37m[INFO] 11:44:46,565 [Test worker] visitor.ValidatingVisitor. - Skipping change set migration/node-core.changelog-pkey.xml::non-clustered_pk-7::R3.Corda due to validation error(s): clustered is not allowed on h2 {changeSet=migration/node-core.changelog-pkey.xml::non-clustered_pk-7::R3.Corda, databaseChangeLog=master.changelog.json}
?[m?[37m[INFO] 11:44:46,566 [Test worker] jvm.JdbcExecutor. - SELECT SEQUENCE_NAME FROM INFORMATION_SCHEMA.SEQUENCES WHERE SEQUENCE_SCHEMA = 'null' AND IS_GENERATED=FALSE {changeSet=migration/common.changelog-init.xml::1511451595465-1.1::R3.Corda, databaseChangeLog=master.changelog.json}
?[m?[37m[INFO] 11:44:46,566 [Test worker] jvm.JdbcExecutor. - SELECT SEQUENCE_NAME FROM INFORMATION_SCHEMA.SEQUENCES WHERE SEQUENCE_SCHEMA = 'PUBLIC' AND IS_GENERATED=FALSE {changeSet=migration/common.changelog-init.xml::1511451595465-1.1::R3.Corda, databaseChangeLog=master.changelog.json}
?[m?[37m[INFO] 11:44:46,566 [Test worker] jvm.JdbcExecutor. - CREATE SEQUENCE PUBLIC.hibernate_sequence {changeSet=migration/common.changelog-init.xml::1511451595465-1.1::R3.Corda, databaseChangeLog=master.changelog.json}
?[m?[37m[INFO] 11:44:46,566 [Test worker] changelog.ChangeSet. - Sequence hibernate_sequence created {changeSet=migration/common.changelog-init.xml::1511451595465-1.1::R3.Corda, databaseChangeLog=master.changelog.json}
?[m?[37m[INFO] 11:44:46,566 [Test worker] changelog.ChangeSet. - ChangeSet migration/common.changelog-init.xml::1511451595465-1.1::R3.Corda ran successfully in 0ms {changeSet=migration/common.changelog-init.xml::1511451595465-1.1::R3.Corda, databaseChangeLog=master.changelog.json}
?[m?[37m[INFO] 11:44:46,566 [Test worker] jvm.JdbcExecutor. - SELECT MAX(ORDEREXECUTED) FROM PUBLIC.DATABASECHANGELOG {changeSet=migration/common.changelog-init.xml::1511451595465-1.1::R3.Corda, databaseChangeLog=master.changelog.json}
?[m?[37m[INFO] 11:44:46,567 [Test worker] jvm.JdbcExecutor. - INSERT INTO PUBLIC.DATABASECHANGELOG (ID, AUTHOR, FILENAME, DATEEXECUTED, ORDEREXECUTED, MD5SUM, DESCRIPTION, COMMENTS, EXECTYPE, CONTEXTS, LABELS, LIQUIBASE, DEPLOYMENT_ID) VALUES ('1511451595465-1.1', 'R3.Corda', 'migration/common.changelog-init.xml', NOW(), 1, '8:9df4ee4464a4a10dfcf2717c73a52620', 'createSequence sequenceName=hibernate_sequence', '', 'EXECUTED', NULL, NULL, '3.6.3', '2067486560') {changeSet=migration/common.changelog-init.xml::1511451595465-1.1::R3.Corda, databaseChangeLog=master.changelog.json}
?[m?[37m[INFO] 11:44:46,567 [Test worker] jvm.JdbcExecutor. - CREATE TABLE PUBLIC.vault_fungible_states (output_index INT NOT NULL, transaction_id NVARCHAR(64) NOT NULL, issuer_name NVARCHAR(255), issuer_ref VARBINARY(512), owner_name NVARCHAR(255), quantity BIGINT) {changeSet=migration/vault-schema.changelog-init.xml::1511451595465-22::R3.Corda, databaseChangeLog=master.changelog.json}
?[m?[37m[INFO] 11:44:46,567 [Test worker] changelog.ChangeSet. - Table vault_fungible_states created {changeSet=migration/vault-schema.changelog-init.xml::1511451595465-22::R3.Corda, databaseChangeLog=master.changelog.json}
?[m?[37m[INFO] 11:44:46,567 [Test worker] changelog.ChangeSet. - ChangeSet migration/vault-schema.changelog-init.xml::1511451595465-22::R3.Corda ran successfully in 0ms {changeSet=migration/vault-schema.changelog-init.xml::1511451595465-22::R3.Corda, databaseChangeLog=master.changelog.json}
?[m?[37m[INFO] 11:44:46,567 [Test worker] jvm.JdbcExecutor. - INSERT INTO PUBLIC.DATABASECHANGELOG (ID, AUTHOR, FILENAME, DATEEXECUTED, ORDEREXECUTED, MD5SUM, DESCRIPTION, COMMENTS, EXECTYPE, CONTEXTS, LABELS, LIQUIBASE, DEPLOYMENT_ID) VALUES ('1511451595465-22', 'R3.Corda', 'migration/vault-schema.changelog-init.xml', NOW(), 2, '8:4ae481f11ac84744a4392bbfd533fa75', 'createTable tableName=vault_fungible_states', '', 'EXECUTED', NULL, NULL, '3.6.3', '2067486560') {changeSet=migration/vault-schema.changelog-init.xml::1511451595465-22::R3.Corda, databaseChangeLog=master.changelog.json}
?[m?[37m[INFO] 11:44:46,567 [Test worker] jvm.JdbcExecutor. - CREATE TABLE PUBLIC.vault_fungible_states_parts (output_index INT NOT NULL, transaction_id NVARCHAR(64) NOT NULL, participants NVARCHAR(255)) {changeSet=migration/vault-schema.changelog-init.xml::1511451595465-23::R3.Corda, databaseChangeLog=master.changelog.json}
?[m?[37m[INFO] 11:44:46,567 [Test worker] changelog.ChangeSet. - Table vault_fungible_states_parts created {changeSet=migration/vault-schema.changelog-init.xml::1511451595465-23::R3.Corda, databaseChangeLog=master.changelog.json}
?[m?[37m[INFO] 11:44:46,567 [Test worker] changelog.ChangeSet. - ChangeSet migration/vault-schema.changelog-init.xml::1511451595465-23::R3.Corda ran successfully in 0ms {changeSet=migration/vault-schema.changelog-init.xml::1511451595465-23::R3.Corda, databaseChangeLog=master.changelog.json}
?[m?[37m[INFO] 11:44:46,568 [Test worker] jvm.JdbcExecutor. - INSERT INTO PUBLIC.DATABASECHANGELOG (ID, AUTHOR, FILENAME, DATEEXECUTED, ORDEREXECUTED, MD5SUM, DESCRIPTION, COMMENTS, EXECTYPE, CONTEXTS, LABELS, LIQUIBASE, DEPLOYMENT_ID) VALUES ('1511451595465-23', 'R3.Corda', 'migration/vault-schema.changelog-init.xml', NOW(), 3, '8:3222255d3b2e04b9dfad42d9acab103e', 'createTable tableName=vault_fungible_states_parts', '', 'EXECUTED', NULL, NULL, '3.6.3', '2067486560') {changeSet=migration/vault-schema.changelog-init.xml::1511451595465-23::R3.Corda, databaseChangeLog=master.changelog.json}
?[m?[37m[INFO] 11:44:46,568 [Test worker] jvm.JdbcExecutor. - CREATE TABLE PUBLIC.vault_linear_states (output_index INT NOT NULL, transaction_id NVARCHAR(64) NOT NULL, external_id NVARCHAR(255), uuid VARCHAR(255) NOT NULL) {changeSet=migration/vault-schema.changelog-init.xml::1511451595465-24::R3.Corda, databaseChangeLog=master.changelog.json}
?[m?[37m[INFO] 11:44:46,568 [Test worker] changelog.ChangeSet. - Table vault_linear_states created {changeSet=migration/vault-schema.changelog-init.xml::1511451595465-24::R3.Corda, databaseChangeLog=master.changelog.json}
?[m?[37m[INFO] 11:44:46,568 [Test worker] changelog.ChangeSet. - ChangeSet migration/vault-schema.changelog-init.xml::1511451595465-24::R3.Corda ran successfully in 0ms {changeSet=migration/vault-schema.changelog-init.xml::1511451595465-24::R3.Corda, databaseChangeLog=master.changelog.json}
?[m?[37m[INFO] 11:44:46,568 [Test worker] jvm.JdbcExecutor. - INSERT INTO PUBLIC.DATABASECHANGELOG (ID, AUTHOR, FILENAME, DATEEXECUTED, ORDEREXECUTED, MD5SUM, DESCRIPTION, COMMENTS, EXECTYPE, CONTEXTS, LABELS, LIQUIBASE, DEPLOYMENT_ID) VALUES ('1511451595465-24', 'R3.Corda', 'migration/vault-schema.changelog-init.xml', NOW(), 4, '8:fb2c5b52213239424320d137dc22059b', 'createTable tableName=vault_linear_states', '', 'EXECUTED', NULL, NULL, '3.6.3', '2067486560') {changeSet=migration/vault-schema.changelog-init.xml::1511451595465-24::R3.Corda, databaseChangeLog=master.changelog.json}
?[m?[37m[INFO] 11:44:46,568 [Test worker] jvm.JdbcExecutor. - CREATE TABLE PUBLIC.vault_linear_states_parts (output_index INT NOT NULL, transaction_id NVARCHAR(64) NOT NULL, participants NVARCHAR(255)) {changeSet=migration/vault-schema.changelog-init.xml::1511451595465-25::R3.Corda, databaseChangeLog=master.changelog.json}
?[m?[37m[INFO] 11:44:46,568 [Test worker] changelog.ChangeSet. - Table vault_linear_states_parts created {changeSet=migration/vault-schema.changelog-init.xml::1511451595465-25::R3.Corda, databaseChangeLog=master.changelog.json}
?[m?[37m[INFO] 11:44:46,568 [Test worker] changelog.ChangeSet. - ChangeSet migration/vault-schema.changelog-init.xml::1511451595465-25::R3.Corda ran successfully in 0ms {changeSet=migration/vault-schema.changelog-init.xml::1511451595465-25::R3.Corda, databaseChangeLog=master.changelog.json}
?[m?[37m[INFO] 11:44:46,568 [Test worker] jvm.JdbcExecutor. - INSERT INTO PUBLIC.DATABASECHANGELOG (ID, AUTHOR, FILENAME, DATEEXECUTED, ORDEREXECUTED, MD5SUM, DESCRIPTION, COMMENTS, EXECTYPE, CONTEXTS, LABELS, LIQUIBASE, DEPLOYMENT_ID) VALUES ('1511451595465-25', 'R3.Corda', 'migration/vault-schema.changelog-init.xml', NOW(), 5, '8:ccb2ca1b37c0eeb2ac12506f17bc8ee0', 'createTable tableName=vault_linear_states_parts', '', 'EXECUTED', NULL, NULL, '3.6.3', '2067486560') {changeSet=migration/vault-schema.changelog-init.xml::1511451595465-25::R3.Corda, databaseChangeLog=master.changelog.json}
?[m?[37m[INFO] 11:44:46,569 [Test worker] jvm.JdbcExecutor. - CREATE TABLE PUBLIC.vault_states (output_index INT NOT NULL, transaction_id NVARCHAR(64) NOT NULL, consumed_timestamp TIMESTAMP, contract_state_class_name NVARCHAR(255), lock_id NVARCHAR(255), lock_timestamp TIMESTAMP, notary_name NVARCHAR(255), recorded_timestamp TIMESTAMP, state_status INT) {changeSet=migration/vault-schema.changelog-init.xml::1511451595465-26::R3.Corda, databaseChangeLog=master.changelog.json}
?[m?[37m[INFO] 11:44:46,569 [Test worker] changelog.ChangeSet. - Table vault_states created {changeSet=migration/vault-schema.changelog-init.xml::1511451595465-26::R3.Corda, databaseChangeLog=master.changelog.json}
?[m?[37m[INFO] 11:44:46,569 [Test worker] changelog.ChangeSet. - ChangeSet migration/vault-schema.changelog-init.xml::1511451595465-26::R3.Corda ran successfully in 1ms {changeSet=migration/vault-schema.changelog-init.xml::1511451595465-26::R3.Corda, databaseChangeLog=master.changelog.json}
?[m?[37m[INFO] 11:44:46,569 [Test worker] jvm.JdbcExecutor. - INSERT INTO PUBLIC.DATABASECHANGELOG (ID, AUTHOR, FILENAME, DATEEXECUTED, ORDEREXECUTED, MD5SUM, DESCRIPTION, COMMENTS, EXECTYPE, CONTEXTS, LABELS, LIQUIBASE, DEPLOYMENT_ID) VALUES ('1511451595465-26', 'R3.Corda', 'migration/vault-schema.changelog-init.xml', NOW(), 6, '8:971edadc2af9e847ed490f418530d40b', 'createTable tableName=vault_states', '', 'EXECUTED', NULL, NULL, '3.6.3', '2067486560') {changeSet=migration/vault-schema.changelog-init.xml::1511451595465-26::R3.Corda, databaseChangeLog=master.changelog.json}
?[m?[37m[INFO] 11:44:46,569 [Test worker] jvm.JdbcExecutor. - CREATE TABLE PUBLIC.vault_transaction_notes (seq_no INT NOT NULL, note NVARCHAR(255), transaction_id NVARCHAR(64)) {changeSet=migration/vault-schema.changelog-init.xml::1511451595465-27::R3.Corda, databaseChangeLog=master.changelog.json}
?[m?[37m[INFO] 11:44:46,569 [Test worker] changelog.ChangeSet. - Table vault_transaction_notes created {changeSet=migration/vault-schema.changelog-init.xml::1511451595465-27::R3.Corda, databaseChangeLog=master.changelog.json}
?[m?[37m[INFO] 11:44:46,569 [Test worker] changelog.ChangeSet. - ChangeSet migration/vault-schema.changelog-init.xml::1511451595465-27::R3.Corda ran successfully in 0ms {changeSet=migration/vault-schema.changelog-init.xml::1511451595465-27::R3.Corda, databaseChangeLog=master.changelog.json}
?[m?[37m[INFO] 11:44:46,569 [Test worker] jvm.JdbcExecutor. - INSERT INTO PUBLIC.DATABASECHANGELOG (ID, AUTHOR, FILENAME, DATEEXECUTED, ORDEREXECUTED, MD5SUM, DESCRIPTION, COMMENTS, EXECTYPE, CONTEXTS, LABELS, LIQUIBASE, DEPLOYMENT_ID) VALUES ('1511451595465-27', 'R3.Corda', 'migration/vault-schema.changelog-init.xml', NOW(), 7, '8:7a8064e58d100a02ed56e538122296e4', 'createTable tableName=vault_transaction_notes', '', 'EXECUTED', NULL, NULL, '3.6.3', '2067486560') {changeSet=migration/vault-schema.changelog-init.xml::1511451595465-27::R3.Corda, databaseChangeLog=master.changelog.json}
?[m?[37m[INFO] 11:44:46,569 [Test worker] jvm.JdbcExecutor. - ALTER TABLE PUBLIC.vault_fungible_states ADD CONSTRAINT vault_fungible_states_pkey PRIMARY KEY (output_index, transaction_id) {changeSet=migration/vault-schema.changelog-init.xml::1511451595465-47::R3.Corda, databaseChangeLog=master.changelog.json}
?[m?[37m[INFO] 11:44:46,569 [Test worker] changelog.ChangeSet. - Primary key added to vault_fungible_states (output_index, transaction_id) {changeSet=migration/vault-schema.changelog-init.xml::1511451595465-47::R3.Corda, databaseChangeLog=master.changelog.json}
?[m?[37m[INFO] 11:44:46,569 [Test worker] changelog.ChangeSet. - ChangeSet migration/vault-schema.changelog-init.xml::1511451595465-47::R3.Corda ran successfully in 0ms {changeSet=migration/vault-schema.changelog-init.xml::1511451595465-47::R3.Corda, databaseChangeLog=master.changelog.json}
?[m?[37m[INFO] 11:44:46,570 [Test worker] jvm.JdbcExecutor. - INSERT INTO PUBLIC.DATABASECHANGELOG (ID, AUTHOR, FILENAME, DATEEXECUTED, ORDEREXECUTED, MD5SUM, DESCRIPTION, COMMENTS, EXECTYPE, CONTEXTS, LABELS, LIQUIBASE, DEPLOYMENT_ID) VALUES ('1511451595465-47', 'R3.Corda', 'migration/vault-schema.changelog-init.xml', NOW(), 8, '8:4eddd48de14b69bdd265a4b0c438f070', 'addPrimaryKey constraintName=vault_fungible_states_pkey, tableName=vault_fungible_states', '', 'EXECUTED', NULL, NULL, '3.6.3', '2067486560') {changeSet=migration/vault-schema.changelog-init.xml::1511451595465-47::R3.Corda, databaseChangeLog=master.changelog.json}
?[m?[37m[INFO] 11:44:46,570 [Test worker] jvm.JdbcExecutor. - ALTER TABLE PUBLIC.vault_linear_states ADD CONSTRAINT vault_linear_states_pkey PRIMARY KEY (output_index, transaction_id) {changeSet=migration/vault-schema.changelog-init.xml::1511451595465-48::R3.Corda, databaseChangeLog=master.changelog.json}
?[m?[37m[INFO] 11:44:46,570 [Test worker] changelog.ChangeSet. - Primary key added to vault_linear_states (output_index, transaction_id) {changeSet=migration/vault-schema.changelog-init.xml::1511451595465-48::R3.Corda, databaseChangeLog=master.changelog.json}
?[m?[37m[INFO] 11:44:46,570 [Test worker] changelog.ChangeSet. - ChangeSet migration/vault-schema.changelog-init.xml::1511451595465-48::R3.Corda ran successfully in 0ms {changeSet=migration/vault-schema.changelog-init.xml::1511451595465-48::R3.Corda, databaseChangeLog=master.changelog.json}
?[m?[37m[INFO] 11:44:46,570 [Test worker] jvm.JdbcExecutor. - INSERT INTO PUBLIC.DATABASECHANGELOG (ID, AUTHOR, FILENAME, DATEEXECUTED, ORDEREXECUTED, MD5SUM, DESCRIPTION, COMMENTS, EXECTYPE, CONTEXTS, LABELS, LIQUIBASE, DEPLOYMENT_ID) VALUES ('1511451595465-48', 'R3.Corda', 'migration/vault-schema.changelog-init.xml', NOW(), 9, '8:3695c44ddebef2dde359dec253a5969a', 'addPrimaryKey constraintName=vault_linear_states_pkey, tableName=vault_linear_states', '', 'EXECUTED', NULL, NULL, '3.6.3', '2067486560') {changeSet=migration/vault-schema.changelog-init.xml::1511451595465-48::R3.Corda, databaseChangeLog=master.changelog.json}
?[m?[37m[INFO] 11:44:46,570 [Test worker] jvm.JdbcExecutor. - ALTER TABLE PUBLIC.vault_states ADD CONSTRAINT vault_states_pkey PRIMARY KEY (output_index, transaction_id) {changeSet=migration/vault-schema.changelog-init.xml::1511451595465-49::R3.Corda, databaseChangeLog=master.changelog.json}
?[m?[37m[INFO] 11:44:46,570 [Test worker] changelog.ChangeSet. - Primary key added to vault_states (output_index, transaction_id) {changeSet=migration/vault-schema.changelog-init.xml::1511451595465-49::R3.Corda, databaseChangeLog=master.changelog.json}
?[m?[37m[INFO] 11:44:46,570 [Test worker] changelog.ChangeSet. - ChangeSet migration/vault-schema.changelog-init.xml::1511451595465-49::R3.Corda ran successfully in 0ms {changeSet=migration/vault-schema.changelog-init.xml::1511451595465-49::R3.Corda, databaseChangeLog=master.changelog.json}
?[m?[37m[INFO] 11:44:46,570 [Test worker] jvm.JdbcExecutor. - INSERT INTO PUBLIC.DATABASECHANGELOG (ID, AUTHOR, FILENAME, DATEEXECUTED, ORDEREXECUTED, MD5SUM, DESCRIPTION, COMMENTS, EXECTYPE, CONTEXTS, LABELS, LIQUIBASE, DEPLOYMENT_ID) VALUES ('1511451595465-49', 'R3.Corda', 'migration/vault-schema.changelog-init.xml', NOW(), 10, '8:5d21dc3c09051ea30475250d25178892', 'addPrimaryKey constraintName=vault_states_pkey, tableName=vault_states', '', 'EXECUTED', NULL, NULL, '3.6.3', '2067486560') {changeSet=migration/vault-schema.changelog-init.xml::1511451595465-49::R3.Corda, databaseChangeLog=master.changelog.json}
?[m?[37m[INFO] 11:44:46,570 [Test worker] jvm.JdbcExecutor. - ALTER TABLE PUBLIC.vault_transaction_notes ADD CONSTRAINT vault_transaction_notes_pkey PRIMARY KEY (seq_no) {changeSet=migration/vault-schema.changelog-init.xml::1511451595465-50::R3.Corda, databaseChangeLog=master.changelog.json}
?[m?[37m[INFO] 11:44:46,570 [Test worker] changelog.ChangeSet. - Primary key added to vault_transaction_notes (seq_no) {changeSet=migration/vault-schema.changelog-init.xml::1511451595465-50::R3.Corda, databaseChangeLog=master.changelog.json}
?[m?[37m[INFO] 11:44:46,570 [Test worker] changelog.ChangeSet. - ChangeSet migration/vault-schema.changelog-init.xml::1511451595465-50::R3.Corda ran successfully in 0ms {changeSet=migration/vault-schema.changelog-init.xml::1511451595465-50::R3.Corda, databaseChangeLog=master.changelog.json}
?[m?[37m[INFO] 11:44:46,571 [Test worker] jvm.JdbcExecutor. - INSERT INTO PUBLIC.DATABASECHANGELOG (ID, AUTHOR, FILENAME, DATEEXECUTED, ORDEREXECUTED, MD5SUM, DESCRIPTION, COMMENTS, EXECTYPE, CONTEXTS, LABELS, LIQUIBASE, DEPLOYMENT_ID) VALUES ('1511451595465-50', 'R3.Corda', 'migration/vault-schema.changelog-init.xml', NOW(), 11, '8:2bf545e5d7593a3456708426c3686ebb', 'addPrimaryKey constraintName=vault_transaction_notes_pkey, tableName=vault_transaction_notes', '', 'EXECUTED', NULL, NULL, '3.6.3', '2067486560') {changeSet=migration/vault-schema.changelog-init.xml::1511451595465-50::R3.Corda, databaseChangeLog=master.changelog.json}
?[m?[37m[INFO] 11:44:46,571 [Test worker] jvm.JdbcExecutor. - CREATE INDEX PUBLIC.external_id_index ON PUBLIC.vault_linear_states(external_id) {changeSet=migration/vault-schema.changelog-init.xml::1511451595465-53::R3.Corda, databaseChangeLog=master.changelog.json}
?[m?[37m[INFO] 11:44:46,571 [Test worker] changelog.ChangeSet. - Index external_id_index created {changeSet=migration/vault-schema.changelog-init.xml::1511451595465-53::R3.Corda, databaseChangeLog=master.changelog.json}
?[m?[37m[INFO] 11:44:46,571 [Test worker] changelog.ChangeSet. - ChangeSet migration/vault-schema.changelog-init.xml::1511451595465-53::R3.Corda ran successfully in 0ms {changeSet=migration/vault-schema.changelog-init.xml::1511451595465-53::R3.Corda, databaseChangeLog=master.changelog.json}
?[m?[37m[INFO] 11:44:46,571 [Test worker] jvm.JdbcExecutor. - INSERT INTO PUBLIC.DATABASECHANGELOG (ID, AUTHOR, FILENAME, DATEEXECUTED, ORDEREXECUTED, MD5SUM, DESCRIPTION, COMMENTS, EXECTYPE, CONTEXTS, LABELS, LIQUIBASE, DEPLOYMENT_ID) VALUES ('1511451595465-53', 'R3.Corda', 'migration/vault-schema.changelog-init.xml', NOW(), 12, '8:b1272090dcd2325b0382f829ce13a1ff', 'createIndex indexName=external_id_index, tableName=vault_linear_states', '', 'EXECUTED', NULL, NULL, '3.6.3', '2067486560') {changeSet=migration/vault-schema.changelog-init.xml::1511451595465-53::R3.Corda, databaseChangeLog=master.changelog.json}
?[m?[37m[INFO] 11:44:46,571 [Test worker] jvm.JdbcExecutor. - CREATE INDEX PUBLIC.lock_id_idx ON PUBLIC.vault_states(lock_id, state_status) {changeSet=migration/vault-schema.changelog-init.xml::1511451595465-55::R3.Corda, databaseChangeLog=master.changelog.json}
?[m?[37m[INFO] 11:44:46,571 [Test worker] changelog.ChangeSet. - Index lock_id_idx created {changeSet=migration/vault-schema.changelog-init.xml::1511451595465-55::R3.Corda, databaseChangeLog=master.changelog.json}
?[m?[37m[INFO] 11:44:46,571 [Test worker] changelog.ChangeSet. - ChangeSet migration/vault-schema.changelog-init.xml::1511451595465-55::R3.Corda ran successfully in 0ms {changeSet=migration/vault-schema.changelog-init.xml::1511451595465-55::R3.Corda, databaseChangeLog=master.changelog.json}
?[m?[37m[INFO] 11:44:46,571 [Test worker] jvm.JdbcExecutor. - INSERT INTO PUBLIC.DATABASECHANGELOG (ID, AUTHOR, FILENAME, DATEEXECUTED, ORDEREXECUTED, MD5SUM, DESCRIPTION, COMMENTS, EXECTYPE, CONTEXTS, LABELS, LIQUIBASE, DEPLOYMENT_ID) VALUES ('1511451595465-55', 'R3.Corda', 'migration/vault-schema.changelog-init.xml', NOW(), 13, '8:0b77fbedaccc2eed4b8efd6fddf6581b', 'createIndex indexName=lock_id_idx, tableName=vault_states', '', 'EXECUTED', NULL, NULL, '3.6.3', '2067486560') {changeSet=migration/vault-schema.changelog-init.xml::1511451595465-55::R3.Corda, databaseChangeLog=master.changelog.json}
?[m?[37m[INFO] 11:44:46,571 [Test worker] jvm.JdbcExecutor. - CREATE INDEX PUBLIC.state_status_idx ON PUBLIC.vault_states(state_status) {changeSet=migration/vault-schema.changelog-init.xml::1511451595465-58::R3.Corda, databaseChangeLog=master.changelog.json}
?[m?[37m[INFO] 11:44:46,571 [Test worker] changelog.ChangeSet. - Index state_status_idx created {changeSet=migration/vault-schema.changelog-init.xml::1511451595465-58::R3.Corda, databaseChangeLog=master.changelog.json}
?[m?[37m[INFO] 11:44:46,571 [Test worker] changelog.ChangeSet. - ChangeSet migration/vault-schema.changelog-init.xml::1511451595465-58::R3.Corda ran successfully in 0ms {changeSet=migration/vault-schema.changelog-init.xml::1511451595465-58::R3.Corda, databaseChangeLog=master.changelog.json}
?[m?[37m[INFO] 11:44:46,572 [Test worker] jvm.JdbcExecutor. - INSERT INTO PUBLIC.DATABASECHANGELOG (ID, AUTHOR, FILENAME, DATEEXECUTED, ORDEREXECUTED, MD5SUM, DESCRIPTION, COMMENTS, EXECTYPE, CONTEXTS, LABELS, LIQUIBASE, DEPLOYMENT_ID) VALUES ('1511451595465-58', 'R3.Corda', 'migration/vault-schema.changelog-init.xml', NOW(), 14, '8:7a1bbb20835907728df143e4cc1bfc04', 'createIndex indexName=state_status_idx, tableName=vault_states', '', 'EXECUTED', NULL, NULL, '3.6.3', '2067486560') {changeSet=migration/vault-schema.changelog-init.xml::1511451595465-58::R3.Corda, databaseChangeLog=master.changelog.json}
?[m?[37m[INFO] 11:44:46,572 [Test worker] jvm.JdbcExecutor. - CREATE INDEX PUBLIC.transaction_id_index ON PUBLIC.vault_transaction_notes(transaction_id) {changeSet=migration/vault-schema.changelog-init.xml::1511451595465-59::R3.Corda, databaseChangeLog=master.changelog.json}
?[m?[37m[INFO] 11:44:46,572 [Test worker] changelog.ChangeSet. - Index transaction_id_index created {changeSet=migration/vault-schema.changelog-init.xml::1511451595465-59::R3.Corda, databaseChangeLog=master.changelog.json}
?[m?[37m[INFO] 11:44:46,572 [Test worker] changelog.ChangeSet. - ChangeSet migration/vault-schema.changelog-init.xml::1511451595465-59::R3.Corda ran successfully in 0ms {changeSet=migration/vault-schema.changelog-init.xml::1511451595465-59::R3.Corda, databaseChangeLog=master.changelog.json}
?[m?[37m[INFO] 11:44:46,572 [Test worker] jvm.JdbcExecutor. - INSERT INTO PUBLIC.DATABASECHANGELOG (ID, AUTHOR, FILENAME, DATEEXECUTED, ORDEREXECUTED, MD5SUM, DESCRIPTION, COMMENTS, EXECTYPE, CONTEXTS, LABELS, LIQUIBASE, DEPLOYMENT_ID) VALUES ('1511451595465-59', 'R3.Corda', 'migration/vault-schema.changelog-init.xml', NOW(), 15, '8:2bfe64cedfc8120dc219d42dc19d49f6', 'createIndex indexName=transaction_id_index, tableName=vault_transaction_notes', '', 'EXECUTED', NULL, NULL, '3.6.3', '2067486560') {changeSet=migration/vault-schema.changelog-init.xml::1511451595465-59::R3.Corda, databaseChangeLog=master.changelog.json}
?[m?[37m[INFO] 11:44:46,572 [Test worker] jvm.JdbcExecutor. - CREATE INDEX PUBLIC.uuid_index ON PUBLIC.vault_linear_states(uuid) {changeSet=migration/vault-schema.changelog-init.xml::1511451595465-60::R3.Corda, databaseChangeLog=master.changelog.json}
?[m?[37m[INFO] 11:44:46,572 [Test worker] changelog.ChangeSet. - Index uuid_index created {changeSet=migration/vault-schema.changelog-init.xml::1511451595465-60::R3.Corda, databaseChangeLog=master.changelog.json}
?[m?[37m[INFO] 11:44:46,572 [Test worker] changelog.ChangeSet. - ChangeSet migration/vault-schema.changelog-init.xml::1511451595465-60::R3.Corda ran successfully in 0ms {changeSet=migration/vault-schema.changelog-init.xml::1511451595465-60::R3.Corda, databaseChangeLog=master.changelog.json}
?[m?[37m[INFO] 11:44:46,572 [Test worker] jvm.JdbcExecutor. - INSERT INTO PUBLIC.DATABASECHANGELOG (ID, AUTHOR, FILENAME, DATEEXECUTED, ORDEREXECUTED, MD5SUM, DESCRIPTION, COMMENTS, EXECTYPE, CONTEXTS, LABELS, LIQUIBASE, DEPLOYMENT_ID) VALUES ('1511451595465-60', 'R3.Corda', 'migration/vault-schema.changelog-init.xml', NOW(), 16, '8:4cffb289ce33d922274cc829175a2a55', 'createIndex indexName=uuid_index, tableName=vault_linear_states', '', 'EXECUTED', NULL, NULL, '3.6.3', '2067486560') {changeSet=migration/vault-schema.changelog-init.xml::1511451595465-60::R3.Corda, databaseChangeLog=master.changelog.json}
?[m?[37m[INFO] 11:44:46,572 [Test worker] jvm.JdbcExecutor. - ALTER TABLE PUBLIC.vault_fungible_states_parts ADD CONSTRAINT FK__fung_st_parts__fung_st FOREIGN KEY (output_index, transaction_id) REFERENCES PUBLIC.vault_fungible_states (output_index, transaction_id) {changeSet=migration/vault-schema.changelog-init.xml::1511451595465-64::R3.Corda, databaseChangeLog=master.changelog.json}
?[m?[37m[INFO] 11:44:46,573 [Test worker] changelog.ChangeSet. - Foreign key constraint added to vault_fungible_states_parts (output_index,transaction_id) {changeSet=migration/vault-schema.changelog-init.xml::1511451595465-64::R3.Corda, databaseChangeLog=master.changelog.json}
?[m?[37m[INFO] 11:44:46,573 [Test worker] changelog.ChangeSet. - ChangeSet migration/vault-schema.changelog-init.xml::1511451595465-64::R3.Corda ran successfully in 1ms {changeSet=migration/vault-schema.changelog-init.xml::1511451595465-64::R3.Corda, databaseChangeLog=master.changelog.json}
?[m?[37m[INFO] 11:44:46,573 [Test worker] jvm.JdbcExecutor. - INSERT INTO PUBLIC.DATABASECHANGELOG (ID, AUTHOR, FILENAME, DATEEXECUTED, ORDEREXECUTED, MD5SUM, DESCRIPTION, COMMENTS, EXECTYPE, CONTEXTS, LABELS, LIQUIBASE, DEPLOYMENT_ID) VALUES ('1511451595465-64', 'R3.Corda', 'migration/vault-schema.changelog-init.xml', NOW(), 17, '8:1bde72346badbbe52e74b189ce1d079c', 'addForeignKeyConstraint baseTableName=vault_fungible_states_parts, constraintName=FK__fung_st_parts__fung_st, referencedTableName=vault_fungible_states', '', 'EXECUTED', NULL, NULL, '3.6.3', '2067486560') {changeSet=migration/vault-schema.changelog-init.xml::1511451595465-64::R3.Corda, databaseChangeLog=master.changelog.json}
?[m?[37m[INFO] 11:44:46,573 [Test worker] jvm.JdbcExecutor. - ALTER TABLE PUBLIC.vault_linear_states_parts ADD CONSTRAINT FK__lin_stat_parts__lin_stat FOREIGN KEY (output_index, transaction_id) REFERENCES PUBLIC.vault_linear_states (output_index, transaction_id) {changeSet=migration/vault-schema.changelog-init.xml::1511451595465-65::R3.Corda, databaseChangeLog=master.changelog.json}
?[m?[37m[INFO] 11:44:46,573 [Test worker] changelog.ChangeSet. - Foreign key constraint added to vault_linear_states_parts (output_index,transaction_id) {changeSet=migration/vault-schema.changelog-init.xml::1511451595465-65::R3.Corda, databaseChangeLog=master.changelog.json}
?[m?[37m[INFO] 11:44:46,573 [Test worker] changelog.ChangeSet. - ChangeSet migration/vault-schema.changelog-init.xml::1511451595465-65::R3.Corda ran successfully in 0ms {changeSet=migration/vault-schema.changelog-init.xml::1511451595465-65::R3.Corda, databaseChangeLog=master.changelog.json}
?[m?[37m[INFO] 11:44:46,573 [Test worker] jvm.JdbcExecutor. - INSERT INTO PUBLIC.DATABASECHANGELOG (ID, AUTHOR, FILENAME, DATEEXECUTED, ORDEREXECUTED, MD5SUM, DESCRIPTION, COMMENTS, EXECTYPE, CONTEXTS, LABELS, LIQUIBASE, DEPLOYMENT_ID) VALUES ('1511451595465-65', 'R3.Corda', 'migration/vault-schema.changelog-init.xml', NOW(), 18, '8:9a5d0106c45f631cb60a3e2f9542d2c2', 'addForeignKeyConstraint baseTableName=vault_linear_states_parts, constraintName=FK__lin_stat_parts__lin_stat, referencedTableName=vault_linear_states', '', 'EXECUTED', NULL, NULL, '3.6.3', '2067486560') {changeSet=migration/vault-schema.changelog-init.xml::1511451595465-65::R3.Corda, databaseChangeLog=master.changelog.json}
?[m?[37m[INFO] 11:44:46,574 [Test worker] jvm.JdbcExecutor. - DELETE FROM PUBLIC.vault_fungible_states_parts {changeSet=migration/vault-schema.changelog-v3.xml::clean_vault::R3.Corda, databaseChangeLog=master.changelog.json}
?[m?[37m[INFO] 11:44:46,574 [Test worker] changelog.ChangeSet. - Data deleted from vault_fungible_states_parts {changeSet=migration/vault-schema.changelog-v3.xml::clean_vault::R3.Corda, databaseChangeLog=master.changelog.json}
?[m?[37m[INFO] 11:44:46,574 [Test worker] jvm.JdbcExecutor. - DELETE FROM PUBLIC.vault_fungible_states {changeSet=migration/vault-schema.changelog-v3.xml::clean_vault::R3.Corda, databaseChangeLog=master.changelog.json}
?[m?[37m[INFO] 11:44:46,574 [Test worker] changelog.ChangeSet. - Data deleted from vault_fungible_states {changeSet=migration/vault-schema.changelog-v3.xml::clean_vault::R3.Corda, databaseChangeLog=master.changelog.json}
?[m?[37m[INFO] 11:44:46,574 [Test worker] jvm.JdbcExecutor. - DELETE FROM PUBLIC.vault_linear_states_parts {changeSet=migration/vault-schema.changelog-v3.xml::clean_vault::R3.Corda, databaseChangeLog=master.changelog.json}
?[m?[37m[INFO] 11:44:46,574 [Test worker] changelog.ChangeSet. - Data deleted from vault_linear_states_parts {changeSet=migration/vault-schema.changelog-v3.xml::clean_vault::R3.Corda, databaseChangeLog=master.changelog.json}
?[m?[37m[INFO] 11:44:46,574 [Test worker] jvm.JdbcExecutor. - DELETE FROM PUBLIC.vault_linear_states {changeSet=migration/vault-schema.changelog-v3.xml::clean_vault::R3.Corda, databaseChangeLog=master.changelog.json}
?[m?[37m[INFO] 11:44:46,574 [Test worker] changelog.ChangeSet. - Data deleted from vault_linear_states {changeSet=migration/vault-schema.changelog-v3.xml::clean_vault::R3.Corda, databaseChangeLog=master.changelog.json}
?[m?[37m[INFO] 11:44:46,574 [Test worker] jvm.JdbcExecutor. - DELETE FROM PUBLIC.vault_states {changeSet=migration/vault-schema.changelog-v3.xml::clean_vault::R3.Corda, databaseChangeLog=master.changelog.json}
?[m?[37m[INFO] 11:44:46,574 [Test worker] changelog.ChangeSet. - Data deleted from vault_states {changeSet=migration/vault-schema.changelog-v3.xml::clean_vault::R3.Corda, databaseChangeLog=master.changelog.json}
?[m?[37m[INFO] 11:44:46,574 [Test worker] jvm.JdbcExecutor. - DELETE FROM PUBLIC.vault_transaction_notes {changeSet=migration/vault-schema.changelog-v3.xml::clean_vault::R3.Corda, databaseChangeLog=master.changelog.json}
?[m?[37m[INFO] 11:44:46,574 [Test worker] changelog.ChangeSet. - Data deleted from vault_transaction_notes {changeSet=migration/vault-schema.changelog-v3.xml::clean_vault::R3.Corda, databaseChangeLog=master.changelog.json}
?[m?[37m[INFO] 11:44:46,574 [Test worker] changelog.ChangeSet. - ChangeSet migration/vault-schema.changelog-v3.xml::clean_vault::R3.Corda ran successfully in 0ms {changeSet=migration/vault-schema.changelog-v3.xml::clean_vault::R3.Corda, databaseChangeLog=master.changelog.json}
?[m?[37m[INFO] 11:44:46,574 [Test worker] jvm.JdbcExecutor. - INSERT INTO PUBLIC.DATABASECHANGELOG (ID, AUTHOR, FILENAME, DATEEXECUTED, ORDEREXECUTED, MD5SUM, DESCRIPTION, COMMENTS, EXECTYPE, CONTEXTS, LABELS, LIQUIBASE, DEPLOYMENT_ID) VALUES ('clean_vault', 'R3.Corda', 'migration/vault-schema.changelog-v3.xml', NOW(), 19, '8:0701d37bf9b322ada2323cea6db9393c', 'delete tableName=vault_fungible_states_parts; delete tableName=vault_fungible_states; delete tableName=vault_linear_states_parts; delete tableName=vault_linear_states; delete tableName=vault_states; delete tableName=vault_transaction_notes', '', 'EXECUTED', NULL, NULL, '3.6.3', '2067486560') {changeSet=migration/vault-schema.changelog-v3.xml::clean_vault::R3.Corda, databaseChangeLog=master.changelog.json}
?[m?[37m[INFO] 11:44:46,574 [Test worker] jvm.JdbcExecutor. - ALTER TABLE PUBLIC.vault_fungible_states ALTER COLUMN quantity SET NOT NULL {changeSet=migration/vault-schema.changelog-v4.xml::nullability::R3.Corda, databaseChangeLog=master.changelog.json}
?[m?[37m[INFO] 11:44:46,574 [Test worker] changelog.ChangeSet. - NOT NULL constraint has been added to vault_fungible_states.quantity {changeSet=migration/vault-schema.changelog-v4.xml::nullability::R3.Corda, databaseChangeLog=master.changelog.json}
?[m?[37m[INFO] 11:44:46,574 [Test worker] jvm.JdbcExecutor. - ALTER TABLE PUBLIC.vault_states ALTER COLUMN contract_state_class_name SET NOT NULL {changeSet=migration/vault-schema.changelog-v4.xml::nullability::R3.Corda, databaseChangeLog=master.changelog.json}
?[m?[37m[INFO] 11:44:46,574 [Test worker] changelog.ChangeSet. - NOT NULL constraint has been added to vault_states.contract_state_class_name {changeSet=migration/vault-schema.changelog-v4.xml::nullability::R3.Corda, databaseChangeLog=master.changelog.json}
?[m?[37m[INFO] 11:44:46,574 [Test worker] jvm.JdbcExecutor. - ALTER TABLE PUBLIC.vault_states ALTER COLUMN notary_name SET NOT NULL {changeSet=migration/vault-schema.changelog-v4.xml::nullability::R3.Corda, databaseChangeLog=master.changelog.json}
?[m?[37m[INFO] 11:44:46,574 [Test worker] changelog.ChangeSet. - NOT NULL constraint has been added to vault_states.notary_name {changeSet=migration/vault-schema.changelog-v4.xml::nullability::R3.Corda, databaseChangeLog=master.changelog.json}
?[m?[37m[INFO] 11:44:46,574 [Test worker] jvm.JdbcExecutor. - ALTER TABLE PUBLIC.vault_states ALTER COLUMN recorded_timestamp SET NOT NULL {changeSet=migration/vault-schema.changelog-v4.xml::nullability::R3.Corda, databaseChangeLog=master.changelog.json}
?[m?[37m[INFO] 11:44:46,574 [Test worker] changelog.ChangeSet. - NOT NULL constraint has been added to vault_states.recorded_timestamp {changeSet=migration/vault-schema.changelog-v4.xml::nullability::R3.Corda, databaseChangeLog=master.changelog.json}
?[m?[37m[INFO] 11:44:46,574 [Test worker] jvm.JdbcExecutor. - DROP INDEX PUBLIC.state_status_idx {changeSet=migration/vault-schema.changelog-v4.xml::nullability::R3.Corda, databaseChangeLog=master.changelog.json}
?[m?[37m[INFO] 11:44:46,575 [Test worker] changelog.ChangeSet. - Index state_status_idx dropped from table vault_states {changeSet=migration/vault-schema.changelog-v4.xml::nullability::R3.Corda, databaseChangeLog=master.changelog.json}
?[m?[37m[INFO] 11:44:46,575 [Test worker] jvm.JdbcExecutor. - DROP INDEX PUBLIC.lock_id_idx {changeSet=migration/vault-schema.changelog-v4.xml::nullability::R3.Corda, databaseChangeLog=master.changelog.json}
?[m?[37m[INFO] 11:44:46,575 [Test worker] changelog.ChangeSet. - Index lock_id_idx dropped from table vault_states {changeSet=migration/vault-schema.changelog-v4.xml::nullability::R3.Corda, databaseChangeLog=master.changelog.json}
?[m?[37m[INFO] 11:44:46,575 [Test worker] jvm.JdbcExecutor. - ALTER TABLE PUBLIC.vault_states ALTER COLUMN state_status SET NOT NULL {changeSet=migration/vault-schema.changelog-v4.xml::nullability::R3.Corda, databaseChangeLog=master.changelog.json}
?[m?[37m[INFO] 11:44:46,575 [Test worker] changelog.ChangeSet. - NOT NULL constraint has been added to vault_states.state_status {changeSet=migration/vault-schema.changelog-v4.xml::nullability::R3.Corda, databaseChangeLog=master.changelog.json}
?[m?[37m[INFO] 11:44:46,575 [Test worker] jvm.JdbcExecutor. - CREATE INDEX PUBLIC.state_status_idx ON PUBLIC.vault_states(state_status) {changeSet=migration/vault-schema.changelog-v4.xml::nullability::R3.Corda, databaseChangeLog=master.changelog.json}
?[m?[37m[INFO] 11:44:46,575 [Test worker] changelog.ChangeSet. - Index state_status_idx created {changeSet=migration/vault-schema.changelog-v4.xml::nullability::R3.Corda, databaseChangeLog=master.changelog.json}
?[m?[37m[INFO] 11:44:46,575 [Test worker] jvm.JdbcExecutor. - CREATE INDEX PUBLIC.lock_id_idx ON PUBLIC.vault_states(lock_id, state_status) {changeSet=migration/vault-schema.changelog-v4.xml::nullability::R3.Corda, databaseChangeLog=master.changelog.json}
?[m?[37m[INFO] 11:44:46,575 [Test worker] changelog.ChangeSet. - Index lock_id_idx created {changeSet=migration/vault-schema.changelog-v4.xml::nullability::R3.Corda, databaseChangeLog=master.changelog.json}
?[m?[37m[INFO] 11:44:46,575 [Test worker] jvm.JdbcExecutor. - DROP INDEX PUBLIC.transaction_id_index {changeSet=migration/vault-schema.changelog-v4.xml::nullability::R3.Corda, databaseChangeLog=master.changelog.json}
?[m?[37m[INFO] 11:44:46,575 [Test worker] changelog.ChangeSet. - Index transaction_id_index dropped from table vault_transaction_notes {changeSet=migration/vault-schema.changelog-v4.xml::nullability::R3.Corda, databaseChangeLog=master.changelog.json}
?[m?[37m[INFO] 11:44:46,575 [Test worker] jvm.JdbcExecutor. - ALTER TABLE PUBLIC.vault_transaction_notes ALTER COLUMN note SET NOT NULL {changeSet=migration/vault-schema.changelog-v4.xml::nullability::R3.Corda, databaseChangeLog=master.changelog.json}
?[m?[37m[INFO] 11:44:46,575 [Test worker] changelog.ChangeSet. - NOT NULL constraint has been added to vault_transaction_notes.note {changeSet=migration/vault-schema.changelog-v4.xml::nullability::R3.Corda, databaseChangeLog=master.changelog.json}
?[m?[37m[INFO] 11:44:46,575 [Test worker] jvm.JdbcExecutor. - ALTER TABLE PUBLIC.vault_transaction_notes ALTER COLUMN transaction_id SET NOT NULL {changeSet=migration/vault-schema.changelog-v4.xml::nullability::R3.Corda, databaseChangeLog=master.changelog.json}
?[m?[37m[INFO] 11:44:46,575 [Test worker] changelog.ChangeSet. - NOT NULL constraint has been added to vault_transaction_notes.transaction_id {changeSet=migration/vault-schema.changelog-v4.xml::nullability::R3.Corda, databaseChangeLog=master.changelog.json}
?[m?[37m[INFO] 11:44:46,575 [Test worker] jvm.JdbcExecutor. - CREATE INDEX PUBLIC.transaction_id_index ON PUBLIC.vault_transaction_notes(transaction_id) {changeSet=migration/vault-schema.changelog-v4.xml::nullability::R3.Corda, databaseChangeLog=master.changelog.json}
?[m?[37m[INFO] 11:44:46,575 [Test worker] changelog.ChangeSet. - Index transaction_id_index created {changeSet=migration/vault-schema.changelog-v4.xml::nullability::R3.Corda, databaseChangeLog=master.changelog.json}
?[m?[37m[INFO] 11:44:46,575 [Test worker] changelog.ChangeSet. - ChangeSet migration/vault-schema.changelog-v4.xml::nullability::R3.Corda ran successfully in 1ms {changeSet=migration/vault-schema.changelog-v4.xml::nullability::R3.Corda, databaseChangeLog=master.changelog.json}
?[m?[37m[INFO] 11:44:46,575 [Test worker] jvm.JdbcExecutor. - INSERT INTO PUBLIC.DATABASECHANGELOG (ID, AUTHOR, FILENAME, DATEEXECUTED, ORDEREXECUTED, MD5SUM, DESCRIPTION, COMMENTS, EXECTYPE, CONTEXTS, LABELS, LIQUIBASE, DEPLOYMENT_ID) VALUES ('nullability', 'R3.Corda', 'migration/vault-schema.changelog-v4.xml', NOW(), 20, '8:853fd1e24b974ff22712322ebb2860bf', 'addNotNullConstraint columnName=quantity, tableName=vault_fungible_states; addNotNullConstraint columnName=contract_state_class_name, tableName=vault_states; addNotNullConstraint columnName=notary_name, tableName=vault_states; addNotNullConstraint...', '', 'EXECUTED', NULL, NULL, '3.6.3', '2067486560') {changeSet=migration/vault-schema.changelog-v4.xml::nullability::R3.Corda, databaseChangeLog=master.changelog.json}
?[m?[37m[INFO] 11:44:46,576 [Test worker] jvm.JdbcExecutor. - INSERT INTO PUBLIC.DATABASECHANGELOG (ID, AUTHOR, FILENAME, DATEEXECUTED, ORDEREXECUTED, MD5SUM, DESCRIPTION, COMMENTS, EXECTYPE, CONTEXTS, LABELS, LIQUIBASE, DEPLOYMENT_ID) VALUES ('non-clustered_pk-11', 'R3.Corda', 'migration/vault-schema.changelog-pkey.xml', NOW(), 21, '8:7fca5375330f0b3b62de65b84274dd6e', 'dropForeignKeyConstraint baseTableName=vault_fungible_states_parts, constraintName=FK__fung_st_parts__fung_st; dropPrimaryKey constraintName=vault_fungible_states_pkey, tableName=vault_fungible_states; addPrimaryKey constraintName=vault_fungible_s...', '', 'MARK_RAN', NULL, NULL, '3.6.3', '2067486560') {changeSet=migration/vault-schema.changelog-pkey.xml::non-clustered_pk-11::R3.Corda, databaseChangeLog=master.changelog.json}
?[m?[37m[INFO] 11:44:46,576 [Test worker] jvm.JdbcExecutor. - INSERT INTO PUBLIC.DATABASECHANGELOG (ID, AUTHOR, FILENAME, DATEEXECUTED, ORDEREXECUTED, MD5SUM, DESCRIPTION, COMMENTS, EXECTYPE, CONTEXTS, LABELS, LIQUIBASE, DEPLOYMENT_ID) VALUES ('non-clustered_pk-12', 'R3.Corda', 'migration/vault-schema.changelog-pkey.xml', NOW(), 22, '8:8469058af292b08d108fcf1b3eb8fca4', 'dropForeignKeyConstraint baseTableName=vault_linear_states_parts, constraintName=FK__lin_stat_parts__lin_stat; dropPrimaryKey constraintName=vault_linear_states_pkey, tableName=vault_linear_states; addPrimaryKey constraintName=vault_linear_states_...', '', 'MARK_RAN', NULL, NULL, '3.6.3', '2067486560') {changeSet=migration/vault-schema.changelog-pkey.xml::non-clustered_pk-12::R3.Corda, databaseChangeLog=master.changelog.json}
?[m?[37m[INFO] 11:44:46,577 [Test worker] jvm.JdbcExecutor. - INSERT INTO PUBLIC.DATABASECHANGELOG (ID, AUTHOR, FILENAME, DATEEXECUTED, ORDEREXECUTED, MD5SUM, DESCRIPTION, COMMENTS, EXECTYPE, CONTEXTS, LABELS, LIQUIBASE, DEPLOYMENT_ID) VALUES ('non-clustered_pk-13', 'R3.Corda', 'migration/vault-schema.changelog-pkey.xml', NOW(), 23, '8:e0ccce8941c28a45870d60f5bf54cd50', 'dropPrimaryKey constraintName=vault_states_pkey, tableName=vault_states; addPrimaryKey constraintName=vault_states_pkey, tableName=vault_states', '', 'MARK_RAN', NULL, NULL, '3.6.3', '2067486560') {changeSet=migration/vault-schema.changelog-pkey.xml::non-clustered_pk-13::R3.Corda, databaseChangeLog=master.changelog.json}
?[m?[37m[INFO] 11:44:46,577 [Test worker] jvm.JdbcExecutor. - ALTER TABLE PUBLIC.vault_states ADD relevancy_status INT {changeSet=migration/vault-schema.changelog-v5.xml::add_relevancy_status_column::R3.Corda, databaseChangeLog=master.changelog.json}
?[m?[37m[INFO] 11:44:46,577 [Test worker] changelog.ChangeSet. - Columns relevancy_status(INT) added to vault_states {changeSet=migration/vault-schema.changelog-v5.xml::add_relevancy_status_column::R3.Corda, databaseChangeLog=master.changelog.json}
?[m?[37m[INFO] 11:44:46,577 [Test worker] jvm.JdbcExecutor. - UPDATE PUBLIC.vault_states SET relevancy_status = 0 {changeSet=migration/vault-schema.changelog-v5.xml::add_relevancy_status_column::R3.Corda, databaseChangeLog=master.changelog.json}
?[m?[37m[INFO] 11:44:46,577 [Test worker] changelog.ChangeSet. - Data updated in vault_states {changeSet=migration/vault-schema.changelog-v5.xml::add_relevancy_status_column::R3.Corda, databaseChangeLog=master.changelog.json}
?[m?[37m[INFO] 11:44:46,577 [Test worker] jvm.JdbcExecutor. - ALTER TABLE PUBLIC.vault_states ALTER COLUMN relevancy_status SET NOT NULL {changeSet=migration/vault-schema.changelog-v5.xml::add_relevancy_status_column::R3.Corda, databaseChangeLog=master.changelog.json}
?[m?[37m[INFO] 11:44:46,578 [Test worker] changelog.ChangeSet. - NOT NULL constraint has been added to vault_states.relevancy_status {changeSet=migration/vault-schema.changelog-v5.xml::add_relevancy_status_column::R3.Corda, databaseChangeLog=master.changelog.json}
?[m?[37m[INFO] 11:44:46,578 [Test worker] changelog.ChangeSet. - ChangeSet migration/vault-schema.changelog-v5.xml::add_relevancy_status_column::R3.Corda ran successfully in 1ms {changeSet=migration/vault-schema.changelog-v5.xml::add_relevancy_status_column::R3.Corda, databaseChangeLog=master.changelog.json}
?[m?[37m[INFO] 11:44:46,578 [Test worker] jvm.JdbcExecutor. - INSERT INTO PUBLIC.DATABASECHANGELOG (ID, AUTHOR, FILENAME, DATEEXECUTED, ORDEREXECUTED, MD5SUM, DESCRIPTION, COMMENTS, EXECTYPE, CONTEXTS, LABELS, LIQUIBASE, DEPLOYMENT_ID) VALUES ('add_relevancy_status_column', 'R3.Corda', 'migration/vault-schema.changelog-v5.xml', NOW(), 24, '8:93c5dcaf00387d4d643def4355a54b56', 'addColumn tableName=vault_states; update tableName=vault_states; addNotNullConstraint columnName=relevancy_status, tableName=vault_states', '', 'EXECUTED', NULL, NULL, '3.6.3', '2067486560') {changeSet=migration/vault-schema.changelog-v5.xml::add_relevancy_status_column::R3.Corda, databaseChangeLog=master.changelog.json}
?[m?[37m[INFO] 11:44:46,578 [Test worker] jvm.JdbcExecutor. - ALTER TABLE PUBLIC.vault_states ADD constraint_type INT DEFAULT '0' NOT NULL {changeSet=migration/vault-schema.changelog-v6.xml::add_is_constraint_information_columns::R3.Corda, databaseChangeLog=master.changelog.json}
?[m?[37m[INFO] 11:44:46,578 [Test worker] changelog.ChangeSet. - Columns constraint_type(INT) added to vault_states {changeSet=migration/vault-schema.changelog-v6.xml::add_is_constraint_information_columns::R3.Corda, databaseChangeLog=master.changelog.json}
?[m?[37m[INFO] 11:44:46,578 [Test worker] jvm.JdbcExecutor. - ALTER TABLE PUBLIC.vault_states ADD constraint_data VARBINARY(563) {changeSet=migration/vault-schema.changelog-v6.xml::add_is_constraint_information_columns::R3.Corda, databaseChangeLog=master.changelog.json}
?[m?[37m[INFO] 11:44:46,579 [Test worker] changelog.ChangeSet. - Columns constraint_data(varbinary(563)) added to vault_states {changeSet=migration/vault-schema.changelog-v6.xml::add_is_constraint_information_columns::R3.Corda, databaseChangeLog=master.changelog.json}
?[m?[37m[INFO] 11:44:46,579 [Test worker] changelog.ChangeSet. - ChangeSet migration/vault-schema.changelog-v6.xml::add_is_constraint_information_columns::R3.Corda ran successfully in 1ms {changeSet=migration/vault-schema.changelog-v6.xml::add_is_constraint_information_columns::R3.Corda, databaseChangeLog=master.changelog.json}
?[m?[37m[INFO] 11:44:46,579 [Test worker] jvm.JdbcExecutor. - INSERT INTO PUBLIC.DATABASECHANGELOG (ID, AUTHOR, FILENAME, DATEEXECUTED, ORDEREXECUTED, MD5SUM, DESCRIPTION, COMMENTS, EXECTYPE, CONTEXTS, LABELS, LIQUIBASE, DEPLOYMENT_ID) VALUES ('add_is_constraint_information_columns', 'R3.Corda', 'migration/vault-schema.changelog-v6.xml', NOW(), 25, '8:acf60bd84f648e157d402de8f8e22f3a', 'addColumn tableName=vault_states; addColumn tableName=vault_states', '', 'EXECUTED', NULL, NULL, '3.6.3', '2067486560') {changeSet=migration/vault-schema.changelog-v6.xml::add_is_constraint_information_columns::R3.Corda, databaseChangeLog=master.changelog.json}
?[m?[37m[INFO] 11:44:46,579 [Test worker] jvm.JdbcExecutor. - ALTER TABLE PUBLIC.vault_fungible_states ALTER COLUMN issuer_ref SET NULL {changeSet=migration/vault-schema.changelog-v7.xml::make_issuer_ref_nullable::R3.Corda, databaseChangeLog=master.changelog.json}
?[m?[37m[INFO] 11:44:46,579 [Test worker] changelog.ChangeSet. - Null constraint dropped from vault_fungible_states.issuer_ref {changeSet=migration/vault-schema.changelog-v7.xml::make_issuer_ref_nullable::R3.Corda, databaseChangeLog=master.changelog.json}
?[m?[37m[INFO] 11:44:46,579 [Test worker] changelog.ChangeSet. - ChangeSet migration/vault-schema.changelog-v7.xml::make_issuer_ref_nullable::R3.Corda ran successfully in 0ms {changeSet=migration/vault-schema.changelog-v7.xml::make_issuer_ref_nullable::R3.Corda, databaseChangeLog=master.changelog.json}
?[m?[37m[INFO] 11:44:46,579 [Test worker] jvm.JdbcExecutor. - INSERT INTO PUBLIC.DATABASECHANGELOG (ID, AUTHOR, FILENAME, DATEEXECUTED, ORDEREXECUTED, MD5SUM, DESCRIPTION, COMMENTS, EXECTYPE, CONTEXTS, LABELS, LIQUIBASE, DEPLOYMENT_ID) VALUES ('make_issuer_ref_nullable', 'R3.Corda', 'migration/vault-schema.changelog-v7.xml', NOW(), 26, '8:58039722b4808e90a7711d3c82e5fc95', 'dropNotNullConstraint columnName=issuer_ref, tableName=vault_fungible_states', '', 'EXECUTED', NULL, NULL, '3.6.3', '2067486560') {changeSet=migration/vault-schema.changelog-v7.xml::make_issuer_ref_nullable::R3.Corda, databaseChangeLog=master.changelog.json}
?[m?[37m[INFO] 11:44:46,579 [Test worker] jvm.JdbcExecutor. - CREATE TABLE PUBLIC.state_party (output_index INT, transaction_id NVARCHAR(64), public_key_hash NVARCHAR(255) NOT NULL, x500_name NVARCHAR(255)) {changeSet=migration/vault-schema.changelog-v8.xml::create-external-id-to-state-party-view::R3.Corda, databaseChangeLog=master.changelog.json}
?[m?[37m[INFO] 11:44:46,579 [Test worker] changelog.ChangeSet. - Table state_party created {changeSet=migration/vault-schema.changelog-v8.xml::create-external-id-to-state-party-view::R3.Corda, databaseChangeLog=master.changelog.json}
?[m?[37m[INFO] 11:44:46,580 [Test worker] jvm.JdbcExecutor. - CREATE INDEX PUBLIC.state_pk_hash_idx ON PUBLIC.state_party(public_key_hash) {changeSet=migration/vault-schema.changelog-v8.xml::create-external-id-to-state-party-view::R3.Corda, databaseChangeLog=master.changelog.json}
?[m?[37m[INFO] 11:44:46,580 [Test worker] changelog.ChangeSet. - Index state_pk_hash_idx created {changeSet=migration/vault-schema.changelog-v8.xml::create-external-id-to-state-party-view::R3.Corda, databaseChangeLog=master.changelog.json}
?[m?[37m[INFO] 11:44:46,580 [Test worker] jvm.JdbcExecutor. - CREATE TABLE PUBLIC.pk_hash_to_ext_id_map (id BIGINT NOT NULL, external_id VARCHAR(255) NOT NULL, public_key_hash NVARCHAR(255) NOT NULL) {changeSet=migration/vault-schema.changelog-v8.xml::create-external-id-to-state-party-view::R3.Corda, databaseChangeLog=master.changelog.json}
?[m?[37m[INFO] 11:44:46,580 [Test worker] changelog.ChangeSet. - Table pk_hash_to_ext_id_map created {changeSet=migration/vault-schema.changelog-v8.xml::create-external-id-to-state-party-view::R3.Corda, databaseChangeLog=master.changelog.json}
?[m?[37m[INFO] 11:44:46,580 [Test worker] jvm.JdbcExecutor. - CREATE INDEX PUBLIC.pk_hash_to_xid_idx ON PUBLIC.pk_hash_to_ext_id_map(public_key_hash) {changeSet=migration/vault-schema.changelog-v8.xml::create-external-id-to-state-party-view::R3.Corda, databaseChangeLog=master.changelog.json}
?[m?[37m[INFO] 11:44:46,580 [Test worker] changelog.ChangeSet. - Index pk_hash_to_xid_idx created {changeSet=migration/vault-schema.changelog-v8.xml::create-external-id-to-state-party-view::R3.Corda, databaseChangeLog=master.changelog.json}
?[m?[37m[INFO] 11:44:46,580 [Test worker] jvm.JdbcExecutor. - CREATE VIEW PUBLIC.v_pkey_hash_ex_id_map AS select
                state_party.public_key_hash,
                state_party.transaction_id,
                state_party.output_index,
                pk_hash_to_ext_id_map.external_id
            from state_party
            join pk_hash_to_ext_id_map
            on state_party.public_key_hash = pk_hash_to_ext_id_map.public_key_hash {changeSet=migration/vault-schema.changelog-v8.xml::create-external-id-to-state-party-view::R3.Corda, databaseChangeLog=master.changelog.json}
?[m?[37m[INFO] 11:44:46,580 [Test worker] changelog.ChangeSet. - View v_pkey_hash_ex_id_map created {changeSet=migration/vault-schema.changelog-v8.xml::create-external-id-to-state-party-view::R3.Corda, databaseChangeLog=master.changelog.json}
?[m?[37m[INFO] 11:44:46,580 [Test worker] changelog.ChangeSet. - ChangeSet migration/vault-schema.changelog-v8.xml::create-external-id-to-state-party-view::R3.Corda ran successfully in 1ms {changeSet=migration/vault-schema.changelog-v8.xml::create-external-id-to-state-party-view::R3.Corda, databaseChangeLog=master.changelog.json}
?[m?[37m[INFO] 11:44:46,580 [Test worker] jvm.JdbcExecutor. - INSERT INTO PUBLIC.DATABASECHANGELOG (ID, AUTHOR, FILENAME, DATEEXECUTED, ORDEREXECUTED, MD5SUM, DESCRIPTION, COMMENTS, EXECTYPE, CONTEXTS, LABELS, LIQUIBASE, DEPLOYMENT_ID) VALUES ('create-external-id-to-state-party-view', 'R3.Corda', 'migration/vault-schema.changelog-v8.xml', NOW(), 27, '8:9a5b20f7b7367bb3b86f600bccaa423b', 'createTable tableName=state_party; createIndex indexName=state_pk_hash_idx, tableName=state_party; createTable tableName=pk_hash_to_ext_id_map; createIndex indexName=pk_hash_to_xid_idx, tableName=pk_hash_to_ext_id_map; createView viewName=v_pkey_h...', '', 'EXECUTED', NULL, NULL, '3.6.3', '2067486560') {changeSet=migration/vault-schema.changelog-v8.xml::create-external-id-to-state-party-view::R3.Corda, databaseChangeLog=master.changelog.json}
?[m?[37m[INFO] 11:44:46,580 [Test worker] jvm.JdbcExecutor. - ALTER TABLE PUBLIC.vault_states ALTER COLUMN constraint_data VARBINARY(20000) {changeSet=migration/vault-schema.changelog-v11.xml::expand_constraint_data_size::R3.Corda, databaseChangeLog=master.changelog.json}
?[m?[37m[INFO] 11:44:46,581 [Test worker] changelog.ChangeSet. - vault_states.constraint_data datatype was changed to varbinary(20000) {changeSet=migration/vault-schema.changelog-v11.xml::expand_constraint_data_size::R3.Corda, databaseChangeLog=master.changelog.json}
?[m?[37m[INFO] 11:44:46,581 [Test worker] changelog.ChangeSet. - ChangeSet migration/vault-schema.changelog-v11.xml::expand_constraint_data_size::R3.Corda ran successfully in 1ms {changeSet=migration/vault-schema.changelog-v11.xml::expand_constraint_data_size::R3.Corda, databaseChangeLog=master.changelog.json}
?[m?[37m[INFO] 11:44:46,581 [Test worker] jvm.JdbcExecutor. - INSERT INTO PUBLIC.DATABASECHANGELOG (ID, AUTHOR, FILENAME, DATEEXECUTED, ORDEREXECUTED, MD5SUM, DESCRIPTION, COMMENTS, EXECTYPE, CONTEXTS, LABELS, LIQUIBASE, DEPLOYMENT_ID) VALUES ('expand_constraint_data_size', 'R3.Corda', 'migration/vault-schema.changelog-v11.xml', NOW(), 28, '8:0bd51f3d930d4b03d7b1075454bb2d70', 'modifyDataType columnName=constraint_data, tableName=vault_states', '', 'EXECUTED', NULL, NULL, '3.6.3', '2067486560') {changeSet=migration/vault-schema.changelog-v11.xml::expand_constraint_data_size::R3.Corda, databaseChangeLog=master.changelog.json}
?[m?[37m[INFO] 11:44:46,581 [Test worker] jvm.JdbcExecutor. - CREATE TABLE PUBLIC.node_link_nodeinfo_party (node_info_id INT NOT NULL, party_name NVARCHAR(255) NOT NULL) {changeSet=migration/node-info.changelog-init.xml::1511451595465-4::R3.Corda, databaseChangeLog=master.changelog.json}
?[m?[37m[INFO] 11:44:46,581 [Test worker] changelog.ChangeSet. - Table node_link_nodeinfo_party created {changeSet=migration/node-info.changelog-init.xml::1511451595465-4::R3.Corda, databaseChangeLog=master.changelog.json}
?[m?[37m[INFO] 11:44:46,581 [Test worker] changelog.ChangeSet. - ChangeSet migration/node-info.changelog-init.xml::1511451595465-4::R3.Corda ran successfully in 0ms {changeSet=migration/node-info.changelog-init.xml::1511451595465-4::R3.Corda, databaseChangeLog=master.changelog.json}
?[m?[37m[INFO] 11:44:46,581 [Test worker] jvm.JdbcExecutor. - INSERT INTO PUBLIC.DATABASECHANGELOG (ID, AUTHOR, FILENAME, DATEEXECUTED, ORDEREXECUTED, MD5SUM, DESCRIPTION, COMMENTS, EXECTYPE, CONTEXTS, LABELS, LIQUIBASE, DEPLOYMENT_ID) VALUES ('1511451595465-4', 'R3.Corda', 'migration/node-info.changelog-init.xml', NOW(), 29, '8:cbf3edf78266c3bd22738eaf20c7c111', 'createTable tableName=node_link_nodeinfo_party', '', 'EXECUTED', NULL, NULL, '3.6.3', '2067486560') {changeSet=migration/node-info.changelog-init.xml::1511451595465-4::R3.Corda, databaseChangeLog=master.changelog.json}
?[m?[37m[INFO] 11:44:46,582 [Test worker] jvm.JdbcExecutor. - CREATE TABLE PUBLIC.node_info_hosts (host NVARCHAR(255) NOT NULL, port INT NOT NULL, node_info_id INT) {changeSet=migration/node-info.changelog-init.xml::1511451595465-10::R3.Corda, databaseChangeLog=master.changelog.json}
?[m?[37m[INFO] 11:44:46,582 [Test worker] changelog.ChangeSet. - Table node_info_hosts created {changeSet=migration/node-info.changelog-init.xml::1511451595465-10::R3.Corda, databaseChangeLog=master.changelog.json}
?[m?[37m[INFO] 11:44:46,582 [Test worker] changelog.ChangeSet. - ChangeSet migration/node-info.changelog-init.xml::1511451595465-10::R3.Corda ran successfully in 0ms {changeSet=migration/node-info.changelog-init.xml::1511451595465-10::R3.Corda, databaseChangeLog=master.changelog.json}
?[m?[37m[INFO] 11:44:46,582 [Test worker] jvm.JdbcExecutor. - INSERT INTO PUBLIC.DATABASECHANGELOG (ID, AUTHOR, FILENAME, DATEEXECUTED, ORDEREXECUTED, MD5SUM, DESCRIPTION, COMMENTS, EXECTYPE, CONTEXTS, LABELS, LIQUIBASE, DEPLOYMENT_ID) VALUES ('1511451595465-10', 'R3.Corda', 'migration/node-info.changelog-init.xml', NOW(), 30, '8:f0b2c5a77ffde6aaa3c417095fc220a9', 'createTable tableName=node_info_hosts', '', 'EXECUTED', NULL, NULL, '3.6.3', '2067486560') {changeSet=migration/node-info.changelog-init.xml::1511451595465-10::R3.Corda, databaseChangeLog=master.changelog.json}
?[m?[37m[INFO] 11:44:46,582 [Test worker] jvm.JdbcExecutor. - CREATE TABLE PUBLIC.node_info_party_cert (party_name NVARCHAR(255) NOT NULL, ismain BOOLEAN NOT NULL, owning_key_hash NVARCHAR(130), party_cert_binary BLOB) {changeSet=migration/node-info.changelog-init.xml::1511451595465-11::R3.Corda, databaseChangeLog=master.changelog.json}
?[m?[37m[INFO] 11:44:46,582 [Test worker] changelog.ChangeSet. - Table node_info_party_cert created {changeSet=migration/node-info.changelog-init.xml::1511451595465-11::R3.Corda, databaseChangeLog=master.changelog.json}
?[m?[37m[INFO] 11:44:46,582 [Test worker] changelog.ChangeSet. - ChangeSet migration/node-info.changelog-init.xml::1511451595465-11::R3.Corda ran successfully in 0ms {changeSet=migration/node-info.changelog-init.xml::1511451595465-11::R3.Corda, databaseChangeLog=master.changelog.json}
?[m?[37m[INFO] 11:44:46,582 [Test worker] jvm.JdbcExecutor. - INSERT INTO PUBLIC.DATABASECHANGELOG (ID, AUTHOR, FILENAME, DATEEXECUTED, ORDEREXECUTED, MD5SUM, DESCRIPTION, COMMENTS, EXECTYPE, CONTEXTS, LABELS, LIQUIBASE, DEPLOYMENT_ID) VALUES ('1511451595465-11', 'R3.Corda', 'migration/node-info.changelog-init.xml', NOW(), 31, '8:5eacbf7ce0d85376219f1903b55f5e18', 'createTable tableName=node_info_party_cert', '', 'EXECUTED', NULL, NULL, '3.6.3', '2067486560') {changeSet=migration/node-info.changelog-init.xml::1511451595465-11::R3.Corda, databaseChangeLog=master.changelog.json}
?[m?[37m[INFO] 11:44:46,582 [Test worker] jvm.JdbcExecutor. - CREATE TABLE PUBLIC.node_infos (node_info_id INT NOT NULL, node_info_hash NVARCHAR(64), platform_version INT, serial BIGINT) {changeSet=migration/node-info.changelog-init.xml::1511451595465-12::R3.Corda, databaseChangeLog=master.changelog.json}
?[m?[37m[INFO] 11:44:46,582 [Test worker] changelog.ChangeSet. - Table node_infos created {changeSet=migration/node-info.changelog-init.xml::1511451595465-12::R3.Corda, databaseChangeLog=master.changelog.json}
?[m?[37m[INFO] 11:44:46,582 [Test worker] changelog.ChangeSet. - ChangeSet migration/node-info.changelog-init.xml::1511451595465-12::R3.Corda ran successfully in 0ms {changeSet=migration/node-info.changelog-init.xml::1511451595465-12::R3.Corda, databaseChangeLog=master.changelog.json}
?[m?[37m[INFO] 11:44:46,583 [Test worker] jvm.JdbcExecutor. - INSERT INTO PUBLIC.DATABASECHANGELOG (ID, AUTHOR, FILENAME, DATEEXECUTED, ORDEREXECUTED, MD5SUM, DESCRIPTION, COMMENTS, EXECTYPE, CONTEXTS, LABELS, LIQUIBASE, DEPLOYMENT_ID) VALUES ('1511451595465-12', 'R3.Corda', 'migration/node-info.changelog-init.xml', NOW(), 32, '8:7e30f20cf268860d637ecfb8635f45a3', 'createTable tableName=node_infos', '', 'EXECUTED', NULL, NULL, '3.6.3', '2067486560') {changeSet=migration/node-info.changelog-init.xml::1511451595465-12::R3.Corda, databaseChangeLog=master.changelog.json}
?[m?[37m[INFO] 11:44:46,583 [Test worker] jvm.JdbcExecutor. - ALTER TABLE PUBLIC.node_info_hosts ADD CONSTRAINT node_info_hosts_pkey PRIMARY KEY (host, port) {changeSet=migration/node-info.changelog-init.xml::1511451595465-35::R3.Corda, databaseChangeLog=master.changelog.json}
?[m?[37m[INFO] 11:44:46,583 [Test worker] changelog.ChangeSet. - Primary key added to node_info_hosts (host, port) {changeSet=migration/node-info.changelog-init.xml::1511451595465-35::R3.Corda, databaseChangeLog=master.changelog.json}
?[m?[37m[INFO] 11:44:46,583 [Test worker] changelog.ChangeSet. - ChangeSet migration/node-info.changelog-init.xml::1511451595465-35::R3.Corda ran successfully in 0ms {changeSet=migration/node-info.changelog-init.xml::1511451595465-35::R3.Corda, databaseChangeLog=master.changelog.json}
?[m?[37m[INFO] 11:44:46,583 [Test worker] jvm.JdbcExecutor. - INSERT INTO PUBLIC.DATABASECHANGELOG (ID, AUTHOR, FILENAME, DATEEXECUTED, ORDEREXECUTED, MD5SUM, DESCRIPTION, COMMENTS, EXECTYPE, CONTEXTS, LABELS, LIQUIBASE, DEPLOYMENT_ID) VALUES ('1511451595465-35', 'R3.Corda', 'migration/node-info.changelog-init.xml', NOW(), 33, '8:0d1a734e7350a8278808f540d992fedf', 'addPrimaryKey constraintName=node_info_hosts_pkey, tableName=node_info_hosts', '', 'EXECUTED', NULL, NULL, '3.6.3', '2067486560') {changeSet=migration/node-info.changelog-init.xml::1511451595465-35::R3.Corda, databaseChangeLog=master.changelog.json}
?[m?[37m[INFO] 11:44:46,583 [Test worker] jvm.JdbcExecutor. - ALTER TABLE PUBLIC.node_info_party_cert ADD CONSTRAINT node_info_party_cert_pkey PRIMARY KEY (party_name) {changeSet=migration/node-info.changelog-init.xml::1511451595465-36::R3.Corda, databaseChangeLog=master.changelog.json}
?[m?[37m[INFO] 11:44:46,583 [Test worker] changelog.ChangeSet. - Primary key added to node_info_party_cert (party_name) {changeSet=migration/node-info.changelog-init.xml::1511451595465-36::R3.Corda, databaseChangeLog=master.changelog.json}
?[m?[37m[INFO] 11:44:46,583 [Test worker] changelog.ChangeSet. - ChangeSet migration/node-info.changelog-init.xml::1511451595465-36::R3.Corda ran successfully in 0ms {changeSet=migration/node-info.changelog-init.xml::1511451595465-36::R3.Corda, databaseChangeLog=master.changelog.json}
?[m?[37m[INFO] 11:44:46,584 [Test worker] jvm.JdbcExecutor. - INSERT INTO PUBLIC.DATABASECHANGELOG (ID, AUTHOR, FILENAME, DATEEXECUTED, ORDEREXECUTED, MD5SUM, DESCRIPTION, COMMENTS, EXECTYPE, CONTEXTS, LABELS, LIQUIBASE, DEPLOYMENT_ID) VALUES ('1511451595465-36', 'R3.Corda', 'migration/node-info.changelog-init.xml', NOW(), 34, '8:dc78ba227ce869f406d2645c2064e8dc', 'addPrimaryKey constraintName=node_info_party_cert_pkey, tableName=node_info_party_cert', '', 'EXECUTED', NULL, NULL, '3.6.3', '2067486560') {changeSet=migration/node-info.changelog-init.xml::1511451595465-36::R3.Corda, databaseChangeLog=master.changelog.json}
?[m?[37m[INFO] 11:44:46,584 [Test worker] jvm.JdbcExecutor. - ALTER TABLE PUBLIC.node_infos ADD CONSTRAINT node_infos_pkey PRIMARY KEY (node_info_id) {changeSet=migration/node-info.changelog-init.xml::1511451595465-37::R3.Corda, databaseChangeLog=master.changelog.json}
?[m?[37m[INFO] 11:44:46,584 [Test worker] changelog.ChangeSet. - Primary key added to node_infos (node_info_id) {changeSet=migration/node-info.changelog-init.xml::1511451595465-37::R3.Corda, databaseChangeLog=master.changelog.json}
?[m?[37m[INFO] 11:44:46,584 [Test worker] changelog.ChangeSet. - ChangeSet migration/node-info.changelog-init.xml::1511451595465-37::R3.Corda ran successfully in 0ms {changeSet=migration/node-info.changelog-init.xml::1511451595465-37::R3.Corda, databaseChangeLog=master.changelog.json}
?[m?[37m[INFO] 11:44:46,584 [Test worker] jvm.JdbcExecutor. - INSERT INTO PUBLIC.DATABASECHANGELOG (ID, AUTHOR, FILENAME, DATEEXECUTED, ORDEREXECUTED, MD5SUM, DESCRIPTION, COMMENTS, EXECTYPE, CONTEXTS, LABELS, LIQUIBASE, DEPLOYMENT_ID) VALUES ('1511451595465-37', 'R3.Corda', 'migration/node-info.changelog-init.xml', NOW(), 35, '8:c07cbda2d04c6d77539ac802c66df023', 'addPrimaryKey constraintName=node_infos_pkey, tableName=node_infos', '', 'EXECUTED', NULL, NULL, '3.6.3', '2067486560') {changeSet=migration/node-info.changelog-init.xml::1511451595465-37::R3.Corda, databaseChangeLog=master.changelog.json}
?[m?[37m[INFO] 11:44:46,584 [Test worker] jvm.JdbcExecutor. - ALTER TABLE PUBLIC.node_link_nodeinfo_party ADD CONSTRAINT FK__link_nodeinfo_party__infos FOREIGN KEY (node_info_id) REFERENCES PUBLIC.node_infos (node_info_id) {changeSet=migration/node-info.changelog-init.xml::1511451595465-62::R3.Corda, databaseChangeLog=master.changelog.json}
?[m?[37m[INFO] 11:44:46,585 [Test worker] changelog.ChangeSet. - Foreign key constraint added to node_link_nodeinfo_party (node_info_id) {changeSet=migration/node-info.changelog-init.xml::1511451595465-62::R3.Corda, databaseChangeLog=master.changelog.json}
?[m?[37m[INFO] 11:44:46,585 [Test worker] changelog.ChangeSet. - ChangeSet migration/node-info.changelog-init.xml::1511451595465-62::R3.Corda ran successfully in 1ms {changeSet=migration/node-info.changelog-init.xml::1511451595465-62::R3.Corda, databaseChangeLog=master.changelog.json}
?[m?[37m[INFO] 11:44:46,585 [Test worker] jvm.JdbcExecutor. - INSERT INTO PUBLIC.DATABASECHANGELOG (ID, AUTHOR, FILENAME, DATEEXECUTED, ORDEREXECUTED, MD5SUM, DESCRIPTION, COMMENTS, EXECTYPE, CONTEXTS, LABELS, LIQUIBASE, DEPLOYMENT_ID) VALUES ('1511451595465-62', 'R3.Corda', 'migration/node-info.changelog-init.xml', NOW(), 36, '8:073bbdb8865055a19cde67340a2063e2', 'addForeignKeyConstraint baseTableName=node_link_nodeinfo_party, constraintName=FK__link_nodeinfo_party__infos, referencedTableName=node_infos', '', 'EXECUTED', NULL, NULL, '3.6.3', '2067486560') {changeSet=migration/node-info.changelog-init.xml::1511451595465-62::R3.Corda, databaseChangeLog=master.changelog.json}
?[m?[37m[INFO] 11:44:46,585 [Test worker] jvm.JdbcExecutor. - ALTER TABLE PUBLIC.node_info_hosts ADD CONSTRAINT FK__info_hosts__infos FOREIGN KEY (node_info_id) REFERENCES PUBLIC.node_infos (node_info_id) {changeSet=migration/node-info.changelog-init.xml::1511451595465-63::R3.Corda, databaseChangeLog=master.changelog.json}
?[m?[37m[INFO] 11:44:46,585 [Test worker] changelog.ChangeSet. - Foreign key constraint added to node_info_hosts (node_info_id) {changeSet=migration/node-info.changelog-init.xml::1511451595465-63::R3.Corda, databaseChangeLog=master.changelog.json}
?[m?[37m[INFO] 11:44:46,585 [Test worker] changelog.ChangeSet. - ChangeSet migration/node-info.changelog-init.xml::1511451595465-63::R3.Corda ran successfully in 0ms {changeSet=migration/node-info.changelog-init.xml::1511451595465-63::R3.Corda, databaseChangeLog=master.changelog.json}
?[m?[37m[INFO] 11:44:46,586 [Test worker] jvm.JdbcExecutor. - INSERT INTO PUBLIC.DATABASECHANGELOG (ID, AUTHOR, FILENAME, DATEEXECUTED, ORDEREXECUTED, MD5SUM, DESCRIPTION, COMMENTS, EXECTYPE, CONTEXTS, LABELS, LIQUIBASE, DEPLOYMENT_ID) VALUES ('1511451595465-63', 'R3.Corda', 'migration/node-info.changelog-init.xml', NOW(), 37, '8:fa5ee007de41334ad2ac991b32969076', 'addForeignKeyConstraint baseTableName=node_info_hosts, constraintName=FK__info_hosts__infos, referencedTableName=node_infos', '', 'EXECUTED', NULL, NULL, '3.6.3', '2067486560') {changeSet=migration/node-info.changelog-init.xml::1511451595465-63::R3.Corda, databaseChangeLog=master.changelog.json}
?[m?[37m[INFO] 11:44:46,586 [Test worker] jvm.JdbcExecutor. - DELETE FROM PUBLIC.node_infos {changeSet=migration/node-info.changelog-init.xml::remove_host_port_pk::R3.Corda, databaseChangeLog=master.changelog.json}
?[m?[37m[INFO] 11:44:46,586 [Test worker] changelog.ChangeSet. - Data deleted from node_infos {changeSet=migration/node-info.changelog-init.xml::remove_host_port_pk::R3.Corda, databaseChangeLog=master.changelog.json}
?[m?[37m[INFO] 11:44:46,586 [Test worker] jvm.JdbcExecutor. - DELETE FROM PUBLIC.node_link_nodeinfo_party {changeSet=migration/node-info.changelog-init.xml::remove_host_port_pk::R3.Corda, databaseChangeLog=master.changelog.json}
?[m?[37m[INFO] 11:44:46,586 [Test worker] changelog.ChangeSet. - Data deleted from node_link_nodeinfo_party {changeSet=migration/node-info.changelog-init.xml::remove_host_port_pk::R3.Corda, databaseChangeLog=master.changelog.json}
?[m?[37m[INFO] 11:44:46,586 [Test worker] jvm.JdbcExecutor. - DELETE FROM PUBLIC.node_info_hosts {changeSet=migration/node-info.changelog-init.xml::remove_host_port_pk::R3.Corda, databaseChangeLog=master.changelog.json}
?[m?[37m[INFO] 11:44:46,586 [Test worker] changelog.ChangeSet. - Data deleted from node_info_hosts {changeSet=migration/node-info.changelog-init.xml::remove_host_port_pk::R3.Corda, databaseChangeLog=master.changelog.json}
?[m?[37m[INFO] 11:44:46,586 [Test worker] jvm.JdbcExecutor. - DELETE FROM PUBLIC.node_info_party_cert {changeSet=migration/node-info.changelog-init.xml::remove_host_port_pk::R3.Corda, databaseChangeLog=master.changelog.json}
?[m?[37m[INFO] 11:44:46,586 [Test worker] changelog.ChangeSet. - Data deleted from node_info_party_cert {changeSet=migration/node-info.changelog-init.xml::remove_host_port_pk::R3.Corda, databaseChangeLog=master.changelog.json}
?[m?[37m[INFO] 11:44:46,586 [Test worker] jvm.JdbcExecutor. - ALTER TABLE PUBLIC.node_info_hosts DROP PRIMARY KEY {changeSet=migration/node-info.changelog-init.xml::remove_host_port_pk::R3.Corda, databaseChangeLog=master.changelog.json}
?[m?[37m[INFO] 11:44:46,586 [Test worker] changelog.ChangeSet. - Primary key dropped from node_info_hosts {changeSet=migration/node-info.changelog-init.xml::remove_host_port_pk::R3.Corda, databaseChangeLog=master.changelog.json}
?[m?[37m[INFO] 11:44:46,586 [Test worker] jvm.JdbcExecutor. - ALTER TABLE PUBLIC.node_info_hosts ADD hosts_id INT NOT NULL {changeSet=migration/node-info.changelog-init.xml::remove_host_port_pk::R3.Corda, databaseChangeLog=master.changelog.json}
?[m?[37m[INFO] 11:44:46,586 [Test worker] changelog.ChangeSet. - Columns hosts_id(INT) added to node_info_hosts {changeSet=migration/node-info.changelog-init.xml::remove_host_port_pk::R3.Corda, databaseChangeLog=master.changelog.json}
?[m?[37m[INFO] 11:44:46,586 [Test worker] jvm.JdbcExecutor. - ALTER TABLE PUBLIC.node_info_hosts ADD CONSTRAINT node_info_hosts_pkey_id PRIMARY KEY (hosts_id) {changeSet=migration/node-info.changelog-init.xml::remove_host_port_pk::R3.Corda, databaseChangeLog=master.changelog.json}
?[m?[37m[INFO] 11:44:46,586 [Test worker] changelog.ChangeSet. - Primary key added to node_info_hosts (hosts_id) {changeSet=migration/node-info.changelog-init.xml::remove_host_port_pk::R3.Corda, databaseChangeLog=master.changelog.json}
?[m?[37m[INFO] 11:44:46,586 [Test worker] changelog.ChangeSet. - ChangeSet migration/node-info.changelog-init.xml::remove_host_port_pk::R3.Corda ran successfully in 0ms {changeSet=migration/node-info.changelog-init.xml::remove_host_port_pk::R3.Corda, databaseChangeLog=master.changelog.json}
?[m?[37m[INFO] 11:44:46,587 [Test worker] jvm.JdbcExecutor. - INSERT INTO PUBLIC.DATABASECHANGELOG (ID, AUTHOR, FILENAME, DATEEXECUTED, ORDEREXECUTED, MD5SUM, DESCRIPTION, COMMENTS, EXECTYPE, CONTEXTS, LABELS, LIQUIBASE, DEPLOYMENT_ID) VALUES ('remove_host_port_pk', 'R3.Corda', 'migration/node-info.changelog-init.xml', NOW(), 38, '8:50fa65c10fd9bb3d89e0ad75d29a0e4d', 'delete tableName=node_infos; delete tableName=node_link_nodeinfo_party; delete tableName=node_info_hosts; delete tableName=node_info_party_cert; dropPrimaryKey constraintName=node_info_hosts_pkey, tableName=node_info_hosts; addColumn tableName=nod...', '', 'EXECUTED', NULL, NULL, '3.6.3', '2067486560') {changeSet=migration/node-info.changelog-init.xml::remove_host_port_pk::R3.Corda, databaseChangeLog=master.changelog.json}
?[m?[37m[INFO] 11:44:46,587 [Test worker] jvm.JdbcExecutor. - CREATE TABLE PUBLIC.node_properties (property_key NVARCHAR(255) NOT NULL, property_value NVARCHAR(255)) {changeSet=migration/node-info.changelog-v1.xml::key/value node properties table::R3.Corda, databaseChangeLog=master.changelog.json}
?[m?[37m[INFO] 11:44:46,587 [Test worker] changelog.ChangeSet. - Table node_properties created {changeSet=migration/node-info.changelog-v1.xml::key/value node properties table::R3.Corda, databaseChangeLog=master.changelog.json}
?[m?[37m[INFO] 11:44:46,587 [Test worker] changelog.ChangeSet. - ChangeSet migration/node-info.changelog-v1.xml::key/value node properties table::R3.Corda ran successfully in 0ms {changeSet=migration/node-info.changelog-v1.xml::key/value node properties table::R3.Corda, databaseChangeLog=master.changelog.json}
?[m?[37m[INFO] 11:44:46,587 [Test worker] jvm.JdbcExecutor. - INSERT INTO PUBLIC.DATABASECHANGELOG (ID, AUTHOR, FILENAME, DATEEXECUTED, ORDEREXECUTED, MD5SUM, DESCRIPTION, COMMENTS, EXECTYPE, CONTEXTS, LABELS, LIQUIBASE, DEPLOYMENT_ID) VALUES ('key/value node properties table', 'R3.Corda', 'migration/node-info.changelog-v1.xml', NOW(), 39, '8:39e4c897aa5e893e79a0434af2948a91', 'createTable tableName=node_properties', '', 'EXECUTED', NULL, NULL, '3.6.3', '2067486560') {changeSet=migration/node-info.changelog-v1.xml::key/value node properties table::R3.Corda, databaseChangeLog=master.changelog.json}
?[m?[37m[INFO] 11:44:46,587 [Test worker] jvm.JdbcExecutor. - ALTER TABLE PUBLIC.node_infos ALTER COLUMN node_info_hash SET NOT NULL {changeSet=migration/node-info.changelog-v2.xml::1525962920::R3.Corda, databaseChangeLog=master.changelog.json}
?[m?[37m[INFO] 11:44:46,587 [Test worker] changelog.ChangeSet. - NOT NULL constraint has been added to node_infos.node_info_hash {changeSet=migration/node-info.changelog-v2.xml::1525962920::R3.Corda, databaseChangeLog=master.changelog.json}
?[m?[37m[INFO] 11:44:46,587 [Test worker] jvm.JdbcExecutor. - ALTER TABLE PUBLIC.node_infos ALTER COLUMN platform_version SET NOT NULL {changeSet=migration/node-info.changelog-v2.xml::1525962920::R3.Corda, databaseChangeLog=master.changelog.json}
?[m?[37m[INFO] 11:44:46,587 [Test worker] changelog.ChangeSet. - NOT NULL constraint has been added to node_infos.platform_version {changeSet=migration/node-info.changelog-v2.xml::1525962920::R3.Corda, databaseChangeLog=master.changelog.json}
?[m?[37m[INFO] 11:44:46,587 [Test worker] jvm.JdbcExecutor. - ALTER TABLE PUBLIC.node_infos ALTER COLUMN serial SET NOT NULL {changeSet=migration/node-info.changelog-v2.xml::1525962920::R3.Corda, databaseChangeLog=master.changelog.json}
?[m?[37m[INFO] 11:44:46,587 [Test worker] changelog.ChangeSet. - NOT NULL constraint has been added to node_infos.serial {changeSet=migration/node-info.changelog-v2.xml::1525962920::R3.Corda, databaseChangeLog=master.changelog.json}
?[m?[37m[INFO] 11:44:46,588 [Test worker] jvm.JdbcExecutor. - ALTER TABLE PUBLIC.node_info_hosts ALTER COLUMN host SET NULL {changeSet=migration/node-info.changelog-v2.xml::1525962920::R3.Corda, databaseChangeLog=master.changelog.json}
?[m?[37m[INFO] 11:44:46,588 [Test worker] changelog.ChangeSet. - Null constraint dropped from node_info_hosts.host {changeSet=migration/node-info.changelog-v2.xml::1525962920::R3.Corda, databaseChangeLog=master.changelog.json}
?[m?[37m[INFO] 11:44:46,588 [Test worker] jvm.JdbcExecutor. - ALTER TABLE PUBLIC.node_info_hosts ALTER COLUMN port SET NULL {changeSet=migration/node-info.changelog-v2.xml::1525962920::R3.Corda, databaseChangeLog=master.changelog.json}
?[m?[37m[INFO] 11:44:46,588 [Test worker] changelog.ChangeSet. - Null constraint dropped from node_info_hosts.port {changeSet=migration/node-info.changelog-v2.xml::1525962920::R3.Corda, databaseChangeLog=master.changelog.json}
?[m?[37m[INFO] 11:44:46,588 [Test worker] jvm.JdbcExecutor. - ALTER TABLE PUBLIC.node_info_party_cert ALTER COLUMN owning_key_hash SET NOT NULL {changeSet=migration/node-info.changelog-v2.xml::1525962920::R3.Corda, databaseChangeLog=master.changelog.json}
?[m?[37m[INFO] 11:44:46,588 [Test worker] changelog.ChangeSet. - NOT NULL constraint has been added to node_info_party_cert.owning_key_hash {changeSet=migration/node-info.changelog-v2.xml::1525962920::R3.Corda, databaseChangeLog=master.changelog.json}
?[m?[37m[INFO] 11:44:46,588 [Test worker] jvm.JdbcExecutor. - ALTER TABLE PUBLIC.node_info_party_cert ALTER COLUMN party_cert_binary SET NOT NULL {changeSet=migration/node-info.changelog-v2.xml::1525962920::R3.Corda, databaseChangeLog=master.changelog.json}
?[m?[37m[INFO] 11:44:46,588 [Test worker] changelog.ChangeSet. - NOT NULL constraint has been added to node_info_party_cert.party_cert_binary {changeSet=migration/node-info.changelog-v2.xml::1525962920::R3.Corda, databaseChangeLog=master.changelog.json}
?[m?[37m[INFO] 11:44:46,588 [Test worker] changelog.ChangeSet. - ChangeSet migration/node-info.changelog-v2.xml::1525962920::R3.Corda ran successfully in 1ms {changeSet=migration/node-info.changelog-v2.xml::1525962920::R3.Corda, databaseChangeLog=master.changelog.json}
?[m?[37m[INFO] 11:44:46,588 [Test worker] jvm.JdbcExecutor. - INSERT INTO PUBLIC.DATABASECHANGELOG (ID, AUTHOR, FILENAME, DATEEXECUTED, ORDEREXECUTED, MD5SUM, DESCRIPTION, COMMENTS, EXECTYPE, CONTEXTS, LABELS, LIQUIBASE, DEPLOYMENT_ID) VALUES ('1525962920', 'R3.Corda', 'migration/node-info.changelog-v2.xml', NOW(), 40, '8:cc835e848ed6cc1f4b2a2e8e31fa92f1', 'addNotNullConstraint columnName=node_info_hash, tableName=node_infos; addNotNullConstraint columnName=platform_version, tableName=node_infos; addNotNullConstraint columnName=serial, tableName=node_infos; dropNotNullConstraint columnName=host, tabl...', '', 'EXECUTED', NULL, NULL, '3.6.3', '2067486560') {changeSet=migration/node-info.changelog-v2.xml::1525962920::R3.Corda, databaseChangeLog=master.changelog.json}
?[m?[37m[INFO] 11:44:46,589 [Test worker] jvm.JdbcExecutor. - ALTER TABLE PUBLIC.node_info_hosts ALTER COLUMN host RENAME TO host_name {changeSet=migration/node-info.changelog-v3.xml::column_host_name::R3.Corda, databaseChangeLog=master.changelog.json}
?[m?[37m[INFO] 11:44:46,589 [Test worker] changelog.ChangeSet. - Column node_info_hosts.host renamed to host_name {changeSet=migration/node-info.changelog-v3.xml::column_host_name::R3.Corda, databaseChangeLog=master.changelog.json}
?[m?[37m[INFO] 11:44:46,589 [Test worker] changelog.ChangeSet. - ChangeSet migration/node-info.changelog-v3.xml::column_host_name::R3.Corda ran successfully in 0ms {changeSet=migration/node-info.changelog-v3.xml::column_host_name::R3.Corda, databaseChangeLog=master.changelog.json}
?[m?[37m[INFO] 11:44:46,589 [Test worker] jvm.JdbcExecutor. - INSERT INTO PUBLIC.DATABASECHANGELOG (ID, AUTHOR, FILENAME, DATEEXECUTED, ORDEREXECUTED, MD5SUM, DESCRIPTION, COMMENTS, EXECTYPE, CONTEXTS, LABELS, LIQUIBASE, DEPLOYMENT_ID) VALUES ('column_host_name', 'R3.Corda', 'migration/node-info.changelog-v3.xml', NOW(), 41, '8:e5fb9380221a91515f45ee44c9c30053', 'renameColumn newColumnName=host_name, oldColumnName=host, tableName=node_info_hosts', '', 'EXECUTED', NULL, NULL, '3.6.3', '2067486560') {changeSet=migration/node-info.changelog-v3.xml::column_host_name::R3.Corda, databaseChangeLog=master.changelog.json}
?[m?[37m[INFO] 11:44:46,590 [Test worker] jvm.JdbcExecutor. - CREATE TABLE PUBLIC.node_attachments (att_id NVARCHAR(255) NOT NULL, content BLOB, filename NVARCHAR(255), insertion_date TIMESTAMP NOT NULL, uploader NVARCHAR(255)) {changeSet=migration/node-services.changelog-init.xml::1511451595465-5::R3.Corda, databaseChangeLog=master.changelog.json}
?[m?[37m[INFO] 11:44:46,590 [Test worker] changelog.ChangeSet. - Table node_attachments created {changeSet=migration/node-services.changelog-init.xml::1511451595465-5::R3.Corda, databaseChangeLog=master.changelog.json}
?[m?[37m[INFO] 11:44:46,590 [Test worker] changelog.ChangeSet. - ChangeSet migration/node-services.changelog-init.xml::1511451595465-5::R3.Corda ran successfully in 0ms {changeSet=migration/node-services.changelog-init.xml::1511451595465-5::R3.Corda, databaseChangeLog=master.changelog.json}
?[m?[37m[INFO] 11:44:46,591 [Test worker] jvm.JdbcExecutor. - INSERT INTO PUBLIC.DATABASECHANGELOG (ID, AUTHOR, FILENAME, DATEEXECUTED, ORDEREXECUTED, MD5SUM, DESCRIPTION, COMMENTS, EXECTYPE, CONTEXTS, LABELS, LIQUIBASE, DEPLOYMENT_ID) VALUES ('1511451595465-5', 'R3.Corda', 'migration/node-services.changelog-init.xml', NOW(), 42, '8:380e64788d9896c1166e4c22336d01e4', 'createTable tableName=node_attachments', '', 'EXECUTED', NULL, NULL, '3.6.3', '2067486560') {changeSet=migration/node-services.changelog-init.xml::1511451595465-5::R3.Corda, databaseChangeLog=master.changelog.json}
?[m?[37m[INFO] 11:44:46,592 [Test worker] jvm.JdbcExecutor. - CREATE TABLE PUBLIC.node_checkpoints (checkpoint_id NVARCHAR(64) NOT NULL, checkpoint_value BLOB) {changeSet=migration/node-services.changelog-init.xml::1511451595465-7::R3.Corda, databaseChangeLog=master.changelog.json}
?[m?[37m[INFO] 11:44:46,592 [Test worker] changelog.ChangeSet. - Table node_checkpoints created {changeSet=migration/node-services.changelog-init.xml::1511451595465-7::R3.Corda, databaseChangeLog=master.changelog.json}
?[m?[37m[INFO] 11:44:46,592 [Test worker] changelog.ChangeSet. - ChangeSet migration/node-services.changelog-init.xml::1511451595465-7::R3.Corda ran successfully in 1ms {changeSet=migration/node-services.changelog-init.xml::1511451595465-7::R3.Corda, databaseChangeLog=master.changelog.json}
?[m?[37m[INFO] 11:44:46,592 [Test worker] jvm.JdbcExecutor. - INSERT INTO PUBLIC.DATABASECHANGELOG (ID, AUTHOR, FILENAME, DATEEXECUTED, ORDEREXECUTED, MD5SUM, DESCRIPTION, COMMENTS, EXECTYPE, CONTEXTS, LABELS, LIQUIBASE, DEPLOYMENT_ID) VALUES ('1511451595465-7', 'R3.Corda', 'migration/node-services.changelog-init.xml', NOW(), 43, '8:8aefa1967ed80f8f98b69247c70c9f24', 'createTable tableName=node_checkpoints', '', 'EXECUTED', NULL, NULL, '3.6.3', '2067486560') {changeSet=migration/node-services.changelog-init.xml::1511451595465-7::R3.Corda, databaseChangeLog=master.changelog.json}
?[m?[37m[INFO] 11:44:46,592 [Test worker] jvm.JdbcExecutor. - CREATE TABLE PUBLIC.node_contract_upgrades (state_ref NVARCHAR(96) NOT NULL, contract_class_name NVARCHAR(255)) {changeSet=migration/node-services.changelog-init.xml::1511451595465-8::R3.Corda, databaseChangeLog=master.changelog.json}
?[m?[37m[INFO] 11:44:46,592 [Test worker] changelog.ChangeSet. - Table node_contract_upgrades created {changeSet=migration/node-services.changelog-init.xml::1511451595465-8::R3.Corda, databaseChangeLog=master.changelog.json}
?[m?[37m[INFO] 11:44:46,592 [Test worker] changelog.ChangeSet. - ChangeSet migration/node-services.changelog-init.xml::1511451595465-8::R3.Corda ran successfully in 0ms {changeSet=migration/node-services.changelog-init.xml::1511451595465-8::R3.Corda, databaseChangeLog=master.changelog.json}
?[m?[37m[INFO] 11:44:46,593 [Test worker] jvm.JdbcExecutor. - INSERT INTO PUBLIC.DATABASECHANGELOG (ID, AUTHOR, FILENAME, DATEEXECUTED, ORDEREXECUTED, MD5SUM, DESCRIPTION, COMMENTS, EXECTYPE, CONTEXTS, LABELS, LIQUIBASE, DEPLOYMENT_ID) VALUES ('1511451595465-8', 'R3.Corda', 'migration/node-services.changelog-init.xml', NOW(), 44, '8:6b06fe4c0ef085967f4dbd00dca08533', 'createTable tableName=node_contract_upgrades', '', 'EXECUTED', NULL, NULL, '3.6.3', '2067486560') {changeSet=migration/node-services.changelog-init.xml::1511451595465-8::R3.Corda, databaseChangeLog=master.changelog.json}
?[m?[37m[INFO] 11:44:46,593 [Test worker] jvm.JdbcExecutor. - CREATE TABLE PUBLIC.node_identities (pk_hash NVARCHAR(130) NOT NULL, identity_value BLOB) {changeSet=migration/node-services.changelog-init.xml::1511451595465-9::R3.Corda, databaseChangeLog=master.changelog.json}
?[m?[37m[INFO] 11:44:46,593 [Test worker] changelog.ChangeSet. - Table node_identities created {changeSet=migration/node-services.changelog-init.xml::1511451595465-9::R3.Corda, databaseChangeLog=master.changelog.json}
?[m?[37m[INFO] 11:44:46,593 [Test worker] changelog.ChangeSet. - ChangeSet migration/node-services.changelog-init.xml::1511451595465-9::R3.Corda ran successfully in 0ms {changeSet=migration/node-services.changelog-init.xml::1511451595465-9::R3.Corda, databaseChangeLog=master.changelog.json}
?[m?[37m[INFO] 11:44:46,593 [Test worker] jvm.JdbcExecutor. - INSERT INTO PUBLIC.DATABASECHANGELOG (ID, AUTHOR, FILENAME, DATEEXECUTED, ORDEREXECUTED, MD5SUM, DESCRIPTION, COMMENTS, EXECTYPE, CONTEXTS, LABELS, LIQUIBASE, DEPLOYMENT_ID) VALUES ('1511451595465-9', 'R3.Corda', 'migration/node-services.changelog-init.xml', NOW(), 45, '8:293963c9989772e272e1397c8ae9dfb1', 'createTable tableName=node_identities', '', 'EXECUTED', NULL, NULL, '3.6.3', '2067486560') {changeSet=migration/node-services.changelog-init.xml::1511451595465-9::R3.Corda, databaseChangeLog=master.changelog.json}
?[m?[37m[INFO] 11:44:46,594 [Test worker] jvm.JdbcExecutor. - CREATE TABLE PUBLIC.node_message_ids (message_id NVARCHAR(64) NOT NULL, insertion_time TIMESTAMP) {changeSet=migration/node-services.changelog-init.xml::1511451595465-13::R3.Corda, databaseChangeLog=master.changelog.json}
?[m?[37m[INFO] 11:44:46,594 [Test worker] changelog.ChangeSet. - Table node_message_ids created {changeSet=migration/node-services.changelog-init.xml::1511451595465-13::R3.Corda, databaseChangeLog=master.changelog.json}
?[m?[37m[INFO] 11:44:46,594 [Test worker] changelog.ChangeSet. - ChangeSet migration/node-services.changelog-init.xml::1511451595465-13::R3.Corda ran successfully in 0ms {changeSet=migration/node-services.changelog-init.xml::1511451595465-13::R3.Corda, databaseChangeLog=master.changelog.json}
?[m?[37m[INFO] 11:44:46,594 [Test worker] jvm.JdbcExecutor. - INSERT INTO PUBLIC.DATABASECHANGELOG (ID, AUTHOR, FILENAME, DATEEXECUTED, ORDEREXECUTED, MD5SUM, DESCRIPTION, COMMENTS, EXECTYPE, CONTEXTS, LABELS, LIQUIBASE, DEPLOYMENT_ID) VALUES ('1511451595465-13', 'R3.Corda', 'migration/node-services.changelog-init.xml', NOW(), 46, '8:421bb9432660d6cdf67a18c6f0acdeb4', 'createTable tableName=node_message_ids', '', 'EXECUTED', NULL, NULL, '3.6.3', '2067486560') {changeSet=migration/node-services.changelog-init.xml::1511451595465-13::R3.Corda, databaseChangeLog=master.changelog.json}
?[m?[37m[INFO] 11:44:46,594 [Test worker] jvm.JdbcExecutor. - CREATE TABLE PUBLIC.node_message_retry (message_id BIGINT NOT NULL, message BLOB, recipients BLOB) {changeSet=migration/node-services.changelog-init.xml::1511451595465-14::R3.Corda, databaseChangeLog=master.changelog.json}
?[m?[37m[INFO] 11:44:46,594 [Test worker] changelog.ChangeSet. - Table node_message_retry created {changeSet=migration/node-services.changelog-init.xml::1511451595465-14::R3.Corda, databaseChangeLog=master.changelog.json}
?[m?[37m[INFO] 11:44:46,594 [Test worker] changelog.ChangeSet. - ChangeSet migration/node-services.changelog-init.xml::1511451595465-14::R3.Corda ran successfully in 0ms {changeSet=migration/node-services.changelog-init.xml::1511451595465-14::R3.Corda, databaseChangeLog=master.changelog.json}
?[m?[37m[INFO] 11:44:46,595 [Test worker] jvm.JdbcExecutor. - INSERT INTO PUBLIC.DATABASECHANGELOG (ID, AUTHOR, FILENAME, DATEEXECUTED, ORDEREXECUTED, MD5SUM, DESCRIPTION, COMMENTS, EXECTYPE, CONTEXTS, LABELS, LIQUIBASE, DEPLOYMENT_ID) VALUES ('1511451595465-14', 'R3.Corda', 'migration/node-services.changelog-init.xml', NOW(), 47, '8:ba7acbbe63086c3c9fb627ea948864b2', 'createTable tableName=node_message_retry', '', 'EXECUTED', NULL, NULL, '3.6.3', '2067486560') {changeSet=migration/node-services.changelog-init.xml::1511451595465-14::R3.Corda, databaseChangeLog=master.changelog.json}
?[m?[37m[INFO] 11:44:46,595 [Test worker] jvm.JdbcExecutor. - CREATE TABLE PUBLIC.node_named_identities (name NVARCHAR(128) NOT NULL, pk_hash NVARCHAR(130)) {changeSet=migration/node-services.changelog-init.xml::1511451595465-15::R3.Corda, databaseChangeLog=master.changelog.json}
?[m?[37m[INFO] 11:44:46,595 [Test worker] changelog.ChangeSet. - Table node_named_identities created {changeSet=migration/node-services.changelog-init.xml::1511451595465-15::R3.Corda, databaseChangeLog=master.changelog.json}
?[m?[37m[INFO] 11:44:46,595 [Test worker] changelog.ChangeSet. - ChangeSet migration/node-services.changelog-init.xml::1511451595465-15::R3.Corda ran successfully in 0ms {changeSet=migration/node-services.changelog-init.xml::1511451595465-15::R3.Corda, databaseChangeLog=master.changelog.json}
?[m?[37m[INFO] 11:44:46,595 [Test worker] jvm.JdbcExecutor. - INSERT INTO PUBLIC.DATABASECHANGELOG (ID, AUTHOR, FILENAME, DATEEXECUTED, ORDEREXECUTED, MD5SUM, DESCRIPTION, COMMENTS, EXECTYPE, CONTEXTS, LABELS, LIQUIBASE, DEPLOYMENT_ID) VALUES ('1511451595465-15', 'R3.Corda', 'migration/node-services.changelog-init.xml', NOW(), 48, '8:bf6ca4e45e140b225f6f934935dd2f34', 'createTable tableName=node_named_identities', '', 'EXECUTED', NULL, NULL, '3.6.3', '2067486560') {changeSet=migration/node-services.changelog-init.xml::1511451595465-15::R3.Corda, databaseChangeLog=master.changelog.json}
?[m?[37m[INFO] 11:44:46,596 [Test worker] jvm.JdbcExecutor. - CREATE TABLE PUBLIC.node_our_key_pairs (public_key_hash NVARCHAR(130) NOT NULL, private_key BLOB, public_key BLOB) {changeSet=migration/node-services.changelog-init.xml::1511451595465-17::R3.Corda, databaseChangeLog=master.changelog.json}
?[m?[37m[INFO] 11:44:46,596 [Test worker] changelog.ChangeSet. - Table node_our_key_pairs created {changeSet=migration/node-services.changelog-init.xml::1511451595465-17::R3.Corda, databaseChangeLog=master.changelog.json}
?[m?[37m[INFO] 11:44:46,596 [Test worker] changelog.ChangeSet. - ChangeSet migration/node-services.changelog-init.xml::1511451595465-17::R3.Corda ran successfully in 0ms {changeSet=migration/node-services.changelog-init.xml::1511451595465-17::R3.Corda, databaseChangeLog=master.changelog.json}
?[m?[37m[INFO] 11:44:46,596 [Test worker] jvm.JdbcExecutor. - INSERT INTO PUBLIC.DATABASECHANGELOG (ID, AUTHOR, FILENAME, DATEEXECUTED, ORDEREXECUTED, MD5SUM, DESCRIPTION, COMMENTS, EXECTYPE, CONTEXTS, LABELS, LIQUIBASE, DEPLOYMENT_ID) VALUES ('1511451595465-17', 'R3.Corda', 'migration/node-services.changelog-init.xml', NOW(), 49, '8:e91eb86cb57176d4605d948f694d8441', 'createTable tableName=node_our_key_pairs', '', 'EXECUTED', NULL, NULL, '3.6.3', '2067486560') {changeSet=migration/node-services.changelog-init.xml::1511451595465-17::R3.Corda, databaseChangeLog=master.changelog.json}
?[m?[37m[INFO] 11:44:46,596 [Test worker] jvm.JdbcExecutor. - CREATE TABLE PUBLIC.node_scheduled_states (output_index INT NOT NULL, transaction_id NVARCHAR(64) NOT NULL, scheduled_at TIMESTAMP NOT NULL) {changeSet=migration/node-services.changelog-init.xml::1511451595465-19::R3.Corda, databaseChangeLog=master.changelog.json}
?[m?[37m[INFO] 11:44:46,596 [Test worker] changelog.ChangeSet. - Table node_scheduled_states created {changeSet=migration/node-services.changelog-init.xml::1511451595465-19::R3.Corda, databaseChangeLog=master.changelog.json}
?[m?[37m[INFO] 11:44:46,596 [Test worker] changelog.ChangeSet. - ChangeSet migration/node-services.changelog-init.xml::1511451595465-19::R3.Corda ran successfully in 0ms {changeSet=migration/node-services.changelog-init.xml::1511451595465-19::R3.Corda, databaseChangeLog=master.changelog.json}
?[m?[37m[INFO] 11:44:46,597 [Test worker] jvm.JdbcExecutor. - INSERT INTO PUBLIC.DATABASECHANGELOG (ID, AUTHOR, FILENAME, DATEEXECUTED, ORDEREXECUTED, MD5SUM, DESCRIPTION, COMMENTS, EXECTYPE, CONTEXTS, LABELS, LIQUIBASE, DEPLOYMENT_ID) VALUES ('1511451595465-19', 'R3.Corda', 'migration/node-services.changelog-init.xml', NOW(), 50, '8:55282f9fbfc1cb8f7583a90173e3ff4c', 'createTable tableName=node_scheduled_states', '', 'EXECUTED', NULL, NULL, '3.6.3', '2067486560') {changeSet=migration/node-services.changelog-init.xml::1511451595465-19::R3.Corda, databaseChangeLog=master.changelog.json}
?[m?[37m[INFO] 11:44:46,598 [Test worker] jvm.JdbcExecutor. - CREATE TABLE PUBLIC.node_transaction_mappings (tx_id NVARCHAR(64) NOT NULL, state_machine_run_id NVARCHAR(36)) {changeSet=migration/node-services.changelog-init.xml::1511451595465-20::R3.Corda, databaseChangeLog=master.changelog.json}
?[m?[37m[INFO] 11:44:46,598 [Test worker] changelog.ChangeSet. - Table node_transaction_mappings created {changeSet=migration/node-services.changelog-init.xml::1511451595465-20::R3.Corda, databaseChangeLog=master.changelog.json}
?[m?[37m[INFO] 11:44:46,598 [Test worker] changelog.ChangeSet. - ChangeSet migration/node-services.changelog-init.xml::1511451595465-20::R3.Corda ran successfully in 0ms {changeSet=migration/node-services.changelog-init.xml::1511451595465-20::R3.Corda, databaseChangeLog=master.changelog.json}
?[m?[37m[INFO] 11:44:46,599 [Test worker] jvm.JdbcExecutor. - INSERT INTO PUBLIC.DATABASECHANGELOG (ID, AUTHOR, FILENAME, DATEEXECUTED, ORDEREXECUTED, MD5SUM, DESCRIPTION, COMMENTS, EXECTYPE, CONTEXTS, LABELS, LIQUIBASE, DEPLOYMENT_ID) VALUES ('1511451595465-20', 'R3.Corda', 'migration/node-services.changelog-init.xml', NOW(), 51, '8:cc085b3d33f3d53b75c8866522653f98', 'createTable tableName=node_transaction_mappings', '', 'EXECUTED', NULL, NULL, '3.6.3', '2067486560') {changeSet=migration/node-services.changelog-init.xml::1511451595465-20::R3.Corda, databaseChangeLog=master.changelog.json}
?[m?[37m[INFO] 11:44:46,600 [Test worker] jvm.JdbcExecutor. - CREATE TABLE PUBLIC.node_transactions (tx_id NVARCHAR(64) NOT NULL, transaction_value BLOB) {changeSet=migration/node-services.changelog-init.xml::1511451595465-21::R3.Corda, databaseChangeLog=master.changelog.json}
?[m?[37m[INFO] 11:44:46,600 [Test worker] changelog.ChangeSet. - Table node_transactions created {changeSet=migration/node-services.changelog-init.xml::1511451595465-21::R3.Corda, databaseChangeLog=master.changelog.json}
?[m?[37m[INFO] 11:44:46,600 [Test worker] changelog.ChangeSet. - ChangeSet migration/node-services.changelog-init.xml::1511451595465-21::R3.Corda ran successfully in 1ms {changeSet=migration/node-services.changelog-init.xml::1511451595465-21::R3.Corda, databaseChangeLog=master.changelog.json}
?[m?[37m[INFO] 11:44:46,600 [Test worker] jvm.JdbcExecutor. - INSERT INTO PUBLIC.DATABASECHANGELOG (ID, AUTHOR, FILENAME, DATEEXECUTED, ORDEREXECUTED, MD5SUM, DESCRIPTION, COMMENTS, EXECTYPE, CONTEXTS, LABELS, LIQUIBASE, DEPLOYMENT_ID) VALUES ('1511451595465-21', 'R3.Corda', 'migration/node-services.changelog-init.xml', NOW(), 52, '8:69feb7582f3b77828510a56cb111cfd8', 'createTable tableName=node_transactions', '', 'EXECUTED', NULL, NULL, '3.6.3', '2067486560') {changeSet=migration/node-services.changelog-init.xml::1511451595465-21::R3.Corda, databaseChangeLog=master.changelog.json}
?[m?[37m[INFO] 11:44:46,601 [Test worker] jvm.JdbcExecutor. - ALTER TABLE PUBLIC.node_attachments ADD CONSTRAINT node_attachments_pkey PRIMARY KEY (att_id) {changeSet=migration/node-services.changelog-init.xml::1511451595465-30::R3.Corda, databaseChangeLog=master.changelog.json}
?[m?[37m[INFO] 11:44:46,601 [Test worker] changelog.ChangeSet. - Primary key added to node_attachments (att_id) {changeSet=migration/node-services.changelog-init.xml::1511451595465-30::R3.Corda, databaseChangeLog=master.changelog.json}
?[m?[37m[INFO] 11:44:46,601 [Test worker] changelog.ChangeSet. - ChangeSet migration/node-services.changelog-init.xml::1511451595465-30::R3.Corda ran successfully in 0ms {changeSet=migration/node-services.changelog-init.xml::1511451595465-30::R3.Corda, databaseChangeLog=master.changelog.json}
?[m?[37m[INFO] 11:44:46,601 [Test worker] jvm.JdbcExecutor. - INSERT INTO PUBLIC.DATABASECHANGELOG (ID, AUTHOR, FILENAME, DATEEXECUTED, ORDEREXECUTED, MD5SUM, DESCRIPTION, COMMENTS, EXECTYPE, CONTEXTS, LABELS, LIQUIBASE, DEPLOYMENT_ID) VALUES ('1511451595465-30', 'R3.Corda', 'migration/node-services.changelog-init.xml', NOW(), 53, '8:97c42d4eac368e79f47df345a072b237', 'addPrimaryKey constraintName=node_attachments_pkey, tableName=node_attachments', '', 'EXECUTED', NULL, NULL, '3.6.3', '2067486560') {changeSet=migration/node-services.changelog-init.xml::1511451595465-30::R3.Corda, databaseChangeLog=master.changelog.json}
?[m?[37m[INFO] 11:44:46,601 [Test worker] jvm.JdbcExecutor. - ALTER TABLE PUBLIC.node_checkpoints ADD CONSTRAINT node_checkpoints_pkey PRIMARY KEY (checkpoint_id) {changeSet=migration/node-services.changelog-init.xml::1511451595465-32::R3.Corda, databaseChangeLog=master.changelog.json}
?[m?[37m[INFO] 11:44:46,601 [Test worker] changelog.ChangeSet. - Primary key added to node_checkpoints (checkpoint_id) {changeSet=migration/node-services.changelog-init.xml::1511451595465-32::R3.Corda, databaseChangeLog=master.changelog.json}
?[m?[37m[INFO] 11:44:46,601 [Test worker] changelog.ChangeSet. - ChangeSet migration/node-services.changelog-init.xml::1511451595465-32::R3.Corda ran successfully in 0ms {changeSet=migration/node-services.changelog-init.xml::1511451595465-32::R3.Corda, databaseChangeLog=master.changelog.json}
?[m?[37m[INFO] 11:44:46,601 [Test worker] jvm.JdbcExecutor. - INSERT INTO PUBLIC.DATABASECHANGELOG (ID, AUTHOR, FILENAME, DATEEXECUTED, ORDEREXECUTED, MD5SUM, DESCRIPTION, COMMENTS, EXECTYPE, CONTEXTS, LABELS, LIQUIBASE, DEPLOYMENT_ID) VALUES ('1511451595465-32', 'R3.Corda', 'migration/node-services.changelog-init.xml', NOW(), 54, '8:7224c32660081d3e820e52e2b70b365f', 'addPrimaryKey constraintName=node_checkpoints_pkey, tableName=node_checkpoints', '', 'EXECUTED', NULL, NULL, '3.6.3', '2067486560') {changeSet=migration/node-services.changelog-init.xml::1511451595465-32::R3.Corda, databaseChangeLog=master.changelog.json}
?[m?[37m[INFO] 11:44:46,602 [Test worker] jvm.JdbcExecutor. - ALTER TABLE PUBLIC.node_contract_upgrades ADD CONSTRAINT node_contract_upgrades_pkey PRIMARY KEY (state_ref) {changeSet=migration/node-services.changelog-init.xml::1511451595465-33::R3.Corda, databaseChangeLog=master.changelog.json}
?[m?[37m[INFO] 11:44:46,602 [Test worker] changelog.ChangeSet. - Primary key added to node_contract_upgrades (state_ref) {changeSet=migration/node-services.changelog-init.xml::1511451595465-33::R3.Corda, databaseChangeLog=master.changelog.json}
?[m?[37m[INFO] 11:44:46,602 [Test worker] changelog.ChangeSet. - ChangeSet migration/node-services.changelog-init.xml::1511451595465-33::R3.Corda ran successfully in 0ms {changeSet=migration/node-services.changelog-init.xml::1511451595465-33::R3.Corda, databaseChangeLog=master.changelog.json}
?[m?[37m[INFO] 11:44:46,602 [Test worker] jvm.JdbcExecutor. - INSERT INTO PUBLIC.DATABASECHANGELOG (ID, AUTHOR, FILENAME, DATEEXECUTED, ORDEREXECUTED, MD5SUM, DESCRIPTION, COMMENTS, EXECTYPE, CONTEXTS, LABELS, LIQUIBASE, DEPLOYMENT_ID) VALUES ('1511451595465-33', 'R3.Corda', 'migration/node-services.changelog-init.xml', NOW(), 55, '8:85bcae037a29317065e3b922e0563902', 'addPrimaryKey constraintName=node_contract_upgrades_pkey, tableName=node_contract_upgrades', '', 'EXECUTED', NULL, NULL, '3.6.3', '2067486560') {changeSet=migration/node-services.changelog-init.xml::1511451595465-33::R3.Corda, databaseChangeLog=master.changelog.json}
?[m?[37m[INFO] 11:44:46,602 [Test worker] jvm.JdbcExecutor. - ALTER TABLE PUBLIC.node_identities ADD CONSTRAINT node_identities_pkey PRIMARY KEY (pk_hash) {changeSet=migration/node-services.changelog-init.xml::1511451595465-34::R3.Corda, databaseChangeLog=master.changelog.json}
?[m?[37m[INFO] 11:44:46,602 [Test worker] changelog.ChangeSet. - Primary key added to node_identities (pk_hash) {changeSet=migration/node-services.changelog-init.xml::1511451595465-34::R3.Corda, databaseChangeLog=master.changelog.json}
?[m?[37m[INFO] 11:44:46,602 [Test worker] changelog.ChangeSet. - ChangeSet migration/node-services.changelog-init.xml::1511451595465-34::R3.Corda ran successfully in 0ms {changeSet=migration/node-services.changelog-init.xml::1511451595465-34::R3.Corda, databaseChangeLog=master.changelog.json}
?[m?[37m[INFO] 11:44:46,602 [Test worker] jvm.JdbcExecutor. - INSERT INTO PUBLIC.DATABASECHANGELOG (ID, AUTHOR, FILENAME, DATEEXECUTED, ORDEREXECUTED, MD5SUM, DESCRIPTION, COMMENTS, EXECTYPE, CONTEXTS, LABELS, LIQUIBASE, DEPLOYMENT_ID) VALUES ('1511451595465-34', 'R3.Corda', 'migration/node-services.changelog-init.xml', NOW(), 56, '8:308ffe9985df3029fc05bd41c60010a9', 'addPrimaryKey constraintName=node_identities_pkey, tableName=node_identities', '', 'EXECUTED', NULL, NULL, '3.6.3', '2067486560') {changeSet=migration/node-services.changelog-init.xml::1511451595465-34::R3.Corda, databaseChangeLog=master.changelog.json}
?[m?[37m[INFO] 11:44:46,602 [Test worker] jvm.JdbcExecutor. - ALTER TABLE PUBLIC.node_message_ids ADD CONSTRAINT node_message_ids_pkey PRIMARY KEY (message_id) {changeSet=migration/node-services.changelog-init.xml::1511451595465-38::R3.Corda, databaseChangeLog=master.changelog.json}
?[m?[37m[INFO] 11:44:46,603 [Test worker] changelog.ChangeSet. - Primary key added to node_message_ids (message_id) {changeSet=migration/node-services.changelog-init.xml::1511451595465-38::R3.Corda, databaseChangeLog=master.changelog.json}
?[m?[37m[INFO] 11:44:46,603 [Test worker] changelog.ChangeSet. - ChangeSet migration/node-services.changelog-init.xml::1511451595465-38::R3.Corda ran successfully in 1ms {changeSet=migration/node-services.changelog-init.xml::1511451595465-38::R3.Corda, databaseChangeLog=master.changelog.json}
?[m?[37m[INFO] 11:44:46,603 [Test worker] jvm.JdbcExecutor. - INSERT INTO PUBLIC.DATABASECHANGELOG (ID, AUTHOR, FILENAME, DATEEXECUTED, ORDEREXECUTED, MD5SUM, DESCRIPTION, COMMENTS, EXECTYPE, CONTEXTS, LABELS, LIQUIBASE, DEPLOYMENT_ID) VALUES ('1511451595465-38', 'R3.Corda', 'migration/node-services.changelog-init.xml', NOW(), 57, '8:18b1b83ce2a778af1a8a8c9c56bb9651', 'addPrimaryKey constraintName=node_message_ids_pkey, tableName=node_message_ids', '', 'EXECUTED', NULL, NULL, '3.6.3', '2067486560') {changeSet=migration/node-services.changelog-init.xml::1511451595465-38::R3.Corda, databaseChangeLog=master.changelog.json}
?[m?[37m[INFO] 11:44:46,603 [Test worker] jvm.JdbcExecutor. - ALTER TABLE PUBLIC.node_message_retry ADD CONSTRAINT node_message_retry_pkey PRIMARY KEY (message_id) {changeSet=migration/node-services.changelog-init.xml::1511451595465-39::R3.Corda, databaseChangeLog=master.changelog.json}
?[m?[37m[INFO] 11:44:46,603 [Test worker] changelog.ChangeSet. - Primary key added to node_message_retry (message_id) {changeSet=migration/node-services.changelog-init.xml::1511451595465-39::R3.Corda, databaseChangeLog=master.changelog.json}
?[m?[37m[INFO] 11:44:46,603 [Test worker] changelog.ChangeSet. - ChangeSet migration/node-services.changelog-init.xml::1511451595465-39::R3.Corda ran successfully in 0ms {changeSet=migration/node-services.changelog-init.xml::1511451595465-39::R3.Corda, databaseChangeLog=master.changelog.json}
?[m?[37m[INFO] 11:44:46,603 [Test worker] jvm.JdbcExecutor. - INSERT INTO PUBLIC.DATABASECHANGELOG (ID, AUTHOR, FILENAME, DATEEXECUTED, ORDEREXECUTED, MD5SUM, DESCRIPTION, COMMENTS, EXECTYPE, CONTEXTS, LABELS, LIQUIBASE, DEPLOYMENT_ID) VALUES ('1511451595465-39', 'R3.Corda', 'migration/node-services.changelog-init.xml', NOW(), 58, '8:0359c73c9db723c73ee0171620ff4ac6', 'addPrimaryKey constraintName=node_message_retry_pkey, tableName=node_message_retry', '', 'EXECUTED', NULL, NULL, '3.6.3', '2067486560') {changeSet=migration/node-services.changelog-init.xml::1511451595465-39::R3.Corda, databaseChangeLog=master.changelog.json}
?[m?[37m[INFO] 11:44:46,604 [Test worker] jvm.JdbcExecutor. - ALTER TABLE PUBLIC.node_named_identities ADD CONSTRAINT node_named_identities_pkey PRIMARY KEY (name) {changeSet=migration/node-services.changelog-init.xml::1511451595465-40::R3.Corda, databaseChangeLog=master.changelog.json}
?[m?[37m[INFO] 11:44:46,604 [Test worker] changelog.ChangeSet. - Primary key added to node_named_identities (name) {changeSet=migration/node-services.changelog-init.xml::1511451595465-40::R3.Corda, databaseChangeLog=master.changelog.json}
?[m?[37m[INFO] 11:44:46,604 [Test worker] changelog.ChangeSet. - ChangeSet migration/node-services.changelog-init.xml::1511451595465-40::R3.Corda ran successfully in 1ms {changeSet=migration/node-services.changelog-init.xml::1511451595465-40::R3.Corda, databaseChangeLog=master.changelog.json}
?[m?[37m[INFO] 11:44:46,604 [Test worker] jvm.JdbcExecutor. - INSERT INTO PUBLIC.DATABASECHANGELOG (ID, AUTHOR, FILENAME, DATEEXECUTED, ORDEREXECUTED, MD5SUM, DESCRIPTION, COMMENTS, EXECTYPE, CONTEXTS, LABELS, LIQUIBASE, DEPLOYMENT_ID) VALUES ('1511451595465-40', 'R3.Corda', 'migration/node-services.changelog-init.xml', NOW(), 59, '8:ef3ab101a3e4c5820f575d5adcb85c08', 'addPrimaryKey constraintName=node_named_identities_pkey, tableName=node_named_identities', '', 'EXECUTED', NULL, NULL, '3.6.3', '2067486560') {changeSet=migration/node-services.changelog-init.xml::1511451595465-40::R3.Corda, databaseChangeLog=master.changelog.json}
?[m?[37m[INFO] 11:44:46,604 [Test worker] jvm.JdbcExecutor. - ALTER TABLE PUBLIC.node_our_key_pairs ADD CONSTRAINT node_our_key_pairs_pkey PRIMARY KEY (public_key_hash) {changeSet=migration/node-services.changelog-init.xml::1511451595465-42::R3.Corda, databaseChangeLog=master.changelog.json}
?[m?[37m[INFO] 11:44:46,605 [Test worker] changelog.ChangeSet. - Primary key added to node_our_key_pairs (public_key_hash) {changeSet=migration/node-services.changelog-init.xml::1511451595465-42::R3.Corda, databaseChangeLog=master.changelog.json}
?[m?[37m[INFO] 11:44:46,605 [Test worker] changelog.ChangeSet. - ChangeSet migration/node-services.changelog-init.xml::1511451595465-42::R3.Corda ran successfully in 1ms {changeSet=migration/node-services.changelog-init.xml::1511451595465-42::R3.Corda, databaseChangeLog=master.changelog.json}
?[m?[37m[INFO] 11:44:46,605 [Test worker] jvm.JdbcExecutor. - INSERT INTO PUBLIC.DATABASECHANGELOG (ID, AUTHOR, FILENAME, DATEEXECUTED, ORDEREXECUTED, MD5SUM, DESCRIPTION, COMMENTS, EXECTYPE, CONTEXTS, LABELS, LIQUIBASE, DEPLOYMENT_ID) VALUES ('1511451595465-42', 'R3.Corda', 'migration/node-services.changelog-init.xml', NOW(), 60, '8:d742088fd258d00e0a1fbffcf2e27c61', 'addPrimaryKey constraintName=node_our_key_pairs_pkey, tableName=node_our_key_pairs', '', 'EXECUTED', NULL, NULL, '3.6.3', '2067486560') {changeSet=migration/node-services.changelog-init.xml::1511451595465-42::R3.Corda, databaseChangeLog=master.changelog.json}
?[m?[37m[INFO] 11:44:46,605 [Test worker] jvm.JdbcExecutor. - ALTER TABLE PUBLIC.node_scheduled_states ADD CONSTRAINT node_scheduled_states_pkey PRIMARY KEY (output_index, transaction_id) {changeSet=migration/node-services.changelog-init.xml::1511451595465-44::R3.Corda, databaseChangeLog=master.changelog.json}
?[m?[37m[INFO] 11:44:46,606 [Test worker] changelog.ChangeSet. - Primary key added to node_scheduled_states (output_index, transaction_id) {changeSet=migration/node-services.changelog-init.xml::1511451595465-44::R3.Corda, databaseChangeLog=master.changelog.json}
?[m?[37m[INFO] 11:44:46,606 [Test worker] changelog.ChangeSet. - ChangeSet migration/node-services.changelog-init.xml::1511451595465-44::R3.Corda ran successfully in 1ms {changeSet=migration/node-services.changelog-init.xml::1511451595465-44::R3.Corda, databaseChangeLog=master.changelog.json}
?[m?[37m[INFO] 11:44:46,607 [Test worker] jvm.JdbcExecutor. - INSERT INTO PUBLIC.DATABASECHANGELOG (ID, AUTHOR, FILENAME, DATEEXECUTED, ORDEREXECUTED, MD5SUM, DESCRIPTION, COMMENTS, EXECTYPE, CONTEXTS, LABELS, LIQUIBASE, DEPLOYMENT_ID) VALUES ('1511451595465-44', 'R3.Corda', 'migration/node-services.changelog-init.xml', NOW(), 61, '8:dc8b980de5154038877f6d2e43b97ad1', 'addPrimaryKey constraintName=node_scheduled_states_pkey, tableName=node_scheduled_states', '', 'EXECUTED', NULL, NULL, '3.6.3', '2067486560') {changeSet=migration/node-services.changelog-init.xml::1511451595465-44::R3.Corda, databaseChangeLog=master.changelog.json}
?[m?[37m[INFO] 11:44:46,608 [Test worker] jvm.JdbcExecutor. - ALTER TABLE PUBLIC.node_transaction_mappings ADD CONSTRAINT node_transaction_mappings_pkey PRIMARY KEY (tx_id) {changeSet=migration/node-services.changelog-init.xml::1511451595465-45::R3.Corda, databaseChangeLog=master.changelog.json}
?[m?[37m[INFO] 11:44:46,608 [Test worker] changelog.ChangeSet. - Primary key added to node_transaction_mappings (tx_id) {changeSet=migration/node-services.changelog-init.xml::1511451595465-45::R3.Corda, databaseChangeLog=master.changelog.json}
?[m?[37m[INFO] 11:44:46,608 [Test worker] changelog.ChangeSet. - ChangeSet migration/node-services.changelog-init.xml::1511451595465-45::R3.Corda ran successfully in 1ms {changeSet=migration/node-services.changelog-init.xml::1511451595465-45::R3.Corda, databaseChangeLog=master.changelog.json}
?[m?[37m[INFO] 11:44:46,608 [Test worker] jvm.JdbcExecutor. - INSERT INTO PUBLIC.DATABASECHANGELOG (ID, AUTHOR, FILENAME, DATEEXECUTED, ORDEREXECUTED, MD5SUM, DESCRIPTION, COMMENTS, EXECTYPE, CONTEXTS, LABELS, LIQUIBASE, DEPLOYMENT_ID) VALUES ('1511451595465-45', 'R3.Corda', 'migration/node-services.changelog-init.xml', NOW(), 62, '8:2ae0fa18530e20aa3bcd6109b7d95247', 'addPrimaryKey constraintName=node_transaction_mappings_pkey, tableName=node_transaction_mappings', '', 'EXECUTED', NULL, NULL, '3.6.3', '2067486560') {changeSet=migration/node-services.changelog-init.xml::1511451595465-45::R3.Corda, databaseChangeLog=master.changelog.json}
?[m?[37m[INFO] 11:44:46,608 [Test worker] jvm.JdbcExecutor. - ALTER TABLE PUBLIC.node_transactions ADD CONSTRAINT node_transactions_pkey PRIMARY KEY (tx_id) {changeSet=migration/node-services.changelog-init.xml::1511451595465-46::R3.Corda, databaseChangeLog=master.changelog.json}
?[m?[37m[INFO] 11:44:46,608 [Test worker] changelog.ChangeSet. - Primary key added to node_transactions (tx_id) {changeSet=migration/node-services.changelog-init.xml::1511451595465-46::R3.Corda, databaseChangeLog=master.changelog.json}
?[m?[37m[INFO] 11:44:46,608 [Test worker] changelog.ChangeSet. - ChangeSet migration/node-services.changelog-init.xml::1511451595465-46::R3.Corda ran successfully in 0ms {changeSet=migration/node-services.changelog-init.xml::1511451595465-46::R3.Corda, databaseChangeLog=master.changelog.json}
?[m?[37m[INFO] 11:44:46,609 [Test worker] jvm.JdbcExecutor. - INSERT INTO PUBLIC.DATABASECHANGELOG (ID, AUTHOR, FILENAME, DATEEXECUTED, ORDEREXECUTED, MD5SUM, DESCRIPTION, COMMENTS, EXECTYPE, CONTEXTS, LABELS, LIQUIBASE, DEPLOYMENT_ID) VALUES ('1511451595465-46', 'R3.Corda', 'migration/node-services.changelog-init.xml', NOW(), 63, '8:d5e4dd3dba8e89f77b6eeff0fc5b7a49', 'addPrimaryKey constraintName=node_transactions_pkey, tableName=node_transactions', '', 'EXECUTED', NULL, NULL, '3.6.3', '2067486560') {changeSet=migration/node-services.changelog-init.xml::1511451595465-46::R3.Corda, databaseChangeLog=master.changelog.json}
?[m?[37m[INFO] 11:44:46,609 [Test worker] jvm.JdbcExecutor. - ALTER TABLE PUBLIC.node_link_nodeinfo_party ADD CONSTRAINT FK__link_ni_p__info_p_cert FOREIGN KEY (party_name) REFERENCES PUBLIC.node_info_party_cert (party_name) {changeSet=migration/node-services.changelog-init.xml::1511451595465-61::R3.Corda, databaseChangeLog=master.changelog.json}
?[m?[37m[INFO] 11:44:46,610 [Test worker] changelog.ChangeSet. - Foreign key constraint added to node_link_nodeinfo_party (party_name) {changeSet=migration/node-services.changelog-init.xml::1511451595465-61::R3.Corda, databaseChangeLog=master.changelog.json}
?[m?[37m[INFO] 11:44:46,610 [Test worker] changelog.ChangeSet. - ChangeSet migration/node-services.changelog-init.xml::1511451595465-61::R3.Corda ran successfully in 1ms {changeSet=migration/node-services.changelog-init.xml::1511451595465-61::R3.Corda, databaseChangeLog=master.changelog.json}
?[m?[37m[INFO] 11:44:46,610 [Test worker] jvm.JdbcExecutor. - INSERT INTO PUBLIC.DATABASECHANGELOG (ID, AUTHOR, FILENAME, DATEEXECUTED, ORDEREXECUTED, MD5SUM, DESCRIPTION, COMMENTS, EXECTYPE, CONTEXTS, LABELS, LIQUIBASE, DEPLOYMENT_ID) VALUES ('1511451595465-61', 'R3.Corda', 'migration/node-services.changelog-init.xml', NOW(), 64, '8:1d4e406a8056aa782ccbd978771f1fb9', 'addForeignKeyConstraint baseTableName=node_link_nodeinfo_party, constraintName=FK__link_ni_p__info_p_cert, referencedTableName=node_info_party_cert', '', 'EXECUTED', NULL, NULL, '3.6.3', '2067486560') {changeSet=migration/node-services.changelog-init.xml::1511451595465-61::R3.Corda, databaseChangeLog=master.changelog.json}
?[m?[37m[INFO] 11:44:46,610 [Test worker] jvm.JdbcExecutor. - CREATE INDEX PUBLIC.att_id_idx ON PUBLIC.node_attachments(att_id) {changeSet=migration/node-services.changelog-init.xml::add index att_id::R3.Corda, databaseChangeLog=master.changelog.json}
?[m?[37m[INFO] 11:44:46,610 [Test worker] changelog.ChangeSet. - Index att_id_idx created {changeSet=migration/node-services.changelog-init.xml::add index att_id::R3.Corda, databaseChangeLog=master.changelog.json}
?[m?[37m[INFO] 11:44:46,610 [Test worker] changelog.ChangeSet. - ChangeSet migration/node-services.changelog-init.xml::add index att_id::R3.Corda ran successfully in 0ms {changeSet=migration/node-services.changelog-init.xml::add index att_id::R3.Corda, databaseChangeLog=master.changelog.json}
?[m?[37m[INFO] 11:44:46,611 [Test worker] jvm.JdbcExecutor. - INSERT INTO PUBLIC.DATABASECHANGELOG (ID, AUTHOR, FILENAME, DATEEXECUTED, ORDEREXECUTED, MD5SUM, DESCRIPTION, COMMENTS, EXECTYPE, CONTEXTS, LABELS, LIQUIBASE, DEPLOYMENT_ID) VALUES ('add index att_id', 'R3.Corda', 'migration/node-services.changelog-init.xml', NOW(), 65, '8:ccf9b08f32d685dc60d6e34a3013bffc', 'createIndex indexName=att_id_idx, tableName=node_attachments', '', 'EXECUTED', NULL, NULL, '3.6.3', '2067486560') {changeSet=migration/node-services.changelog-init.xml::add index att_id::R3.Corda, databaseChangeLog=master.changelog.json}
?[m?[37m[INFO] 11:44:46,611 [Test worker] jvm.JdbcExecutor. - CREATE TABLE PUBLIC.node_attchments_contracts (att_id NVARCHAR(255) NOT NULL, contract_class_name NVARCHAR(255)) {changeSet=migration/node-services.changelog-init.xml::add_contract_attachment::R3.Corda, databaseChangeLog=master.changelog.json}
?[m?[37m[INFO] 11:44:46,611 [Test worker] changelog.ChangeSet. - Table node_attchments_contracts created {changeSet=migration/node-services.changelog-init.xml::add_contract_attachment::R3.Corda, databaseChangeLog=master.changelog.json}
?[m?[37m[INFO] 11:44:46,612 [Test worker] jvm.JdbcExecutor. - ALTER TABLE PUBLIC.node_attchments_contracts ADD CONSTRAINT FK__ctr_class__attachments FOREIGN KEY (att_id) REFERENCES PUBLIC.node_attachments (att_id) {changeSet=migration/node-services.changelog-init.xml::add_contract_attachment::R3.Corda, databaseChangeLog=master.changelog.json}
?[m?[37m[INFO] 11:44:46,612 [Test worker] changelog.ChangeSet. - Foreign key constraint added to node_attchments_contracts (att_id) {changeSet=migration/node-services.changelog-init.xml::add_contract_attachment::R3.Corda, databaseChangeLog=master.changelog.json}
?[m?[37m[INFO] 11:44:46,612 [Test worker] jvm.JdbcExecutor. - DELETE FROM PUBLIC.node_attachments {changeSet=migration/node-services.changelog-init.xml::add_contract_attachment::R3.Corda, databaseChangeLog=master.changelog.json}
?[m?[37m[INFO] 11:44:46,612 [Test worker] changelog.ChangeSet. - Data deleted from node_attachments {changeSet=migration/node-services.changelog-init.xml::add_contract_attachment::R3.Corda, databaseChangeLog=master.changelog.json}
?[m?[37m[INFO] 11:44:46,612 [Test worker] changelog.ChangeSet. - ChangeSet migration/node-services.changelog-init.xml::add_contract_attachment::R3.Corda ran successfully in 1ms {changeSet=migration/node-services.changelog-init.xml::add_contract_attachment::R3.Corda, databaseChangeLog=master.changelog.json}
?[m?[37m[INFO] 11:44:46,613 [Test worker] jvm.JdbcExecutor. - INSERT INTO PUBLIC.DATABASECHANGELOG (ID, AUTHOR, FILENAME, DATEEXECUTED, ORDEREXECUTED, MD5SUM, DESCRIPTION, COMMENTS, EXECTYPE, CONTEXTS, LABELS, LIQUIBASE, DEPLOYMENT_ID) VALUES ('add_contract_attachment', 'R3.Corda', 'migration/node-services.changelog-init.xml', NOW(), 66, '8:8898557cf18644883f6f3b0c5e784c0b', 'createTable tableName=node_attchments_contracts; addForeignKeyConstraint baseTableName=node_attchments_contracts, constraintName=FK__ctr_class__attachments, referencedTableName=node_attachments; delete tableName=node_attachments', '', 'EXECUTED', NULL, NULL, '3.6.3', '2067486560') {changeSet=migration/node-services.changelog-init.xml::add_contract_attachment::R3.Corda, databaseChangeLog=master.changelog.json}
?[m?[37m[INFO] 11:44:46,614 [Test worker] jvm.JdbcExecutor. - ALTER TABLE PUBLIC.node_message_ids ADD sender NVARCHAR(64) {changeSet=migration/node-services.changelog-init.xml::add_dedup_columns::R3.Corda, databaseChangeLog=master.changelog.json}
?[m?[37m[INFO] 11:44:46,615 [Test worker] jvm.JdbcExecutor. - ALTER TABLE PUBLIC.node_message_ids ADD sequence_number BIGINT {changeSet=migration/node-services.changelog-init.xml::add_dedup_columns::R3.Corda, databaseChangeLog=master.changelog.json}
?[m?[37m[INFO] 11:44:46,615 [Test worker] changelog.ChangeSet. - Columns sender(NVARCHAR(64)),sequence_number(BIGINT) added to node_message_ids {changeSet=migration/node-services.changelog-init.xml::add_dedup_columns::R3.Corda, databaseChangeLog=master.changelog.json}
?[m?[37m[INFO] 11:44:46,615 [Test worker] changelog.ChangeSet. - ChangeSet migration/node-services.changelog-init.xml::add_dedup_columns::R3.Corda ran successfully in 1ms {changeSet=migration/node-services.changelog-init.xml::add_dedup_columns::R3.Corda, databaseChangeLog=master.changelog.json}
?[m?[37m[INFO] 11:44:46,616 [Test worker] jvm.JdbcExecutor. - INSERT INTO PUBLIC.DATABASECHANGELOG (ID, AUTHOR, FILENAME, DATEEXECUTED, ORDEREXECUTED, MD5SUM, DESCRIPTION, COMMENTS, EXECTYPE, CONTEXTS, LABELS, LIQUIBASE, DEPLOYMENT_ID) VALUES ('add_dedup_columns', 'R3.Corda', 'migration/node-services.changelog-init.xml', NOW(), 67, '8:5924ebdacff695e1f30aa3e0173eccdf', 'addColumn tableName=node_message_ids', '', 'EXECUTED', NULL, NULL, '3.6.3', '2067486560') {changeSet=migration/node-services.changelog-init.xml::add_dedup_columns::R3.Corda, databaseChangeLog=master.changelog.json}
?[m?[37m[INFO] 11:44:46,616 [Test worker] jvm.JdbcExecutor. - ALTER TABLE PUBLIC.node_attchments_contracts RENAME TO node_attachments_contracts {changeSet=migration/node-core.changelog-v4.xml::attchments_rename::R3.Corda, databaseChangeLog=master.changelog.json}
?[m?[37m[INFO] 11:44:46,616 [Test worker] changelog.ChangeSet. - Table node_attchments_contracts renamed to node_attachments_contracts {changeSet=migration/node-core.changelog-v4.xml::attchments_rename::R3.Corda, databaseChangeLog=master.changelog.json}
?[m?[37m[INFO] 11:44:46,616 [Test worker] changelog.ChangeSet. - ChangeSet migration/node-core.changelog-v4.xml::attchments_rename::R3.Corda ran successfully in 0ms {changeSet=migration/node-core.changelog-v4.xml::attchments_rename::R3.Corda, databaseChangeLog=master.changelog.json}
?[m?[37m[INFO] 11:44:46,617 [Test worker] jvm.JdbcExecutor. - INSERT INTO PUBLIC.DATABASECHANGELOG (ID, AUTHOR, FILENAME, DATEEXECUTED, ORDEREXECUTED, MD5SUM, DESCRIPTION, COMMENTS, EXECTYPE, CONTEXTS, LABELS, LIQUIBASE, DEPLOYMENT_ID) VALUES ('attchments_rename', 'R3.Corda', 'migration/node-core.changelog-v4.xml', NOW(), 68, '8:94816d7657264059f2b8da4e97d4b15d', 'renameTable newTableName=node_attachments_contracts, oldTableName=node_attchments_contracts', '', 'EXECUTED', NULL, NULL, '3.6.3', '2067486560') {changeSet=migration/node-core.changelog-v4.xml::attchments_rename::R3.Corda, databaseChangeLog=master.changelog.json}
?[m?[37m[INFO] 11:44:46,618 [Test worker] jvm.JdbcExecutor. - ALTER TABLE PUBLIC.node_identities ALTER COLUMN identity_value SET NOT NULL {changeSet=migration/node-core.changelog-v4.xml::nullability::R3.Corda, databaseChangeLog=master.changelog.json}
?[m?[37m[INFO] 11:44:46,618 [Test worker] changelog.ChangeSet. - NOT NULL constraint has been added to node_identities.identity_value {changeSet=migration/node-core.changelog-v4.xml::nullability::R3.Corda, databaseChangeLog=master.changelog.json}
?[m?[37m[INFO] 11:44:46,618 [Test worker] jvm.JdbcExecutor. - ALTER TABLE PUBLIC.node_attachments ALTER COLUMN content SET NOT NULL {changeSet=migration/node-core.changelog-v4.xml::nullability::R3.Corda, databaseChangeLog=master.changelog.json}
?[m?[37m[INFO] 11:44:46,618 [Test worker] changelog.ChangeSet. - NOT NULL constraint has been added to node_attachments.content {changeSet=migration/node-core.changelog-v4.xml::nullability::R3.Corda, databaseChangeLog=master.changelog.json}
?[m?[37m[INFO] 11:44:46,618 [Test worker] jvm.JdbcExecutor. - ALTER TABLE PUBLIC.node_attachments_contracts ALTER COLUMN contract_class_name SET NOT NULL {changeSet=migration/node-core.changelog-v4.xml::nullability::R3.Corda, databaseChangeLog=master.changelog.json}
?[m?[37m[INFO] 11:44:46,618 [Test worker] changelog.ChangeSet. - NOT NULL constraint has been added to node_attachments_contracts.contract_class_name {changeSet=migration/node-core.changelog-v4.xml::nullability::R3.Corda, databaseChangeLog=master.changelog.json}
?[m?[37m[INFO] 11:44:46,618 [Test worker] jvm.JdbcExecutor. - ALTER TABLE PUBLIC.node_checkpoints ALTER COLUMN checkpoint_value SET NOT NULL {changeSet=migration/node-core.changelog-v4.xml::nullability::R3.Corda, databaseChangeLog=master.changelog.json}
?[m?[37m[INFO] 11:44:46,618 [Test worker] changelog.ChangeSet. - NOT NULL constraint has been added to node_checkpoints.checkpoint_value {changeSet=migration/node-core.changelog-v4.xml::nullability::R3.Corda, databaseChangeLog=master.changelog.json}
?[m?[37m[INFO] 11:44:46,619 [Test worker] jvm.JdbcExecutor. - ALTER TABLE PUBLIC.node_contract_upgrades ALTER COLUMN contract_class_name SET NOT NULL {changeSet=migration/node-core.changelog-v4.xml::nullability::R3.Corda, databaseChangeLog=master.changelog.json}
?[m?[37m[INFO] 11:44:46,619 [Test worker] changelog.ChangeSet. - NOT NULL constraint has been added to node_contract_upgrades.contract_class_name {changeSet=migration/node-core.changelog-v4.xml::nullability::R3.Corda, databaseChangeLog=master.changelog.json}
?[m?[37m[INFO] 11:44:46,619 [Test worker] jvm.JdbcExecutor. - ALTER TABLE PUBLIC.node_message_ids ALTER COLUMN insertion_time SET NOT NULL {changeSet=migration/node-core.changelog-v4.xml::nullability::R3.Corda, databaseChangeLog=master.changelog.json}
?[m?[37m[INFO] 11:44:46,619 [Test worker] changelog.ChangeSet. - NOT NULL constraint has been added to node_message_ids.insertion_time {changeSet=migration/node-core.changelog-v4.xml::nullability::R3.Corda, databaseChangeLog=master.changelog.json}
?[m?[37m[INFO] 11:44:46,619 [Test worker] jvm.JdbcExecutor. - ALTER TABLE PUBLIC.node_message_retry ALTER COLUMN message SET NOT NULL {changeSet=migration/node-core.changelog-v4.xml::nullability::R3.Corda, databaseChangeLog=master.changelog.json}
?[m?[37m[INFO] 11:44:46,619 [Test worker] changelog.ChangeSet. - NOT NULL constraint has been added to node_message_retry.message {changeSet=migration/node-core.changelog-v4.xml::nullability::R3.Corda, databaseChangeLog=master.changelog.json}
?[m?[37m[INFO] 11:44:46,619 [Test worker] jvm.JdbcExecutor. - ALTER TABLE PUBLIC.node_message_retry ALTER COLUMN recipients SET NOT NULL {changeSet=migration/node-core.changelog-v4.xml::nullability::R3.Corda, databaseChangeLog=master.changelog.json}
?[m?[37m[INFO] 11:44:46,619 [Test worker] changelog.ChangeSet. - NOT NULL constraint has been added to node_message_retry.recipients {changeSet=migration/node-core.changelog-v4.xml::nullability::R3.Corda, databaseChangeLog=master.changelog.json}
?[m?[37m[INFO] 11:44:46,619 [Test worker] jvm.JdbcExecutor. - ALTER TABLE PUBLIC.node_named_identities ALTER COLUMN pk_hash SET NOT NULL {changeSet=migration/node-core.changelog-v4.xml::nullability::R3.Corda, databaseChangeLog=master.changelog.json}
?[m?[37m[INFO] 11:44:46,619 [Test worker] changelog.ChangeSet. - NOT NULL constraint has been added to node_named_identities.pk_hash {changeSet=migration/node-core.changelog-v4.xml::nullability::R3.Corda, databaseChangeLog=master.changelog.json}
?[m?[37m[INFO] 11:44:46,619 [Test worker] jvm.JdbcExecutor. - ALTER TABLE PUBLIC.node_our_key_pairs ALTER COLUMN private_key SET NOT NULL {changeSet=migration/node-core.changelog-v4.xml::nullability::R3.Corda, databaseChangeLog=master.changelog.json}
?[m?[37m[INFO] 11:44:46,619 [Test worker] changelog.ChangeSet. - NOT NULL constraint has been added to node_our_key_pairs.private_key {changeSet=migration/node-core.changelog-v4.xml::nullability::R3.Corda, databaseChangeLog=master.changelog.json}
?[m?[37m[INFO] 11:44:46,619 [Test worker] jvm.JdbcExecutor. - ALTER TABLE PUBLIC.node_our_key_pairs ALTER COLUMN public_key SET NOT NULL {changeSet=migration/node-core.changelog-v4.xml::nullability::R3.Corda, databaseChangeLog=master.changelog.json}
?[m?[37m[INFO] 11:44:46,619 [Test worker] changelog.ChangeSet. - NOT NULL constraint has been added to node_our_key_pairs.public_key {changeSet=migration/node-core.changelog-v4.xml::nullability::R3.Corda, databaseChangeLog=master.changelog.json}
?[m?[37m[INFO] 11:44:46,619 [Test worker] jvm.JdbcExecutor. - ALTER TABLE PUBLIC.node_transaction_mappings ALTER COLUMN state_machine_run_id SET NOT NULL {changeSet=migration/node-core.changelog-v4.xml::nullability::R3.Corda, databaseChangeLog=master.changelog.json}
?[m?[37m[INFO] 11:44:46,619 [Test worker] changelog.ChangeSet. - NOT NULL constraint has been added to node_transaction_mappings.state_machine_run_id {changeSet=migration/node-core.changelog-v4.xml::nullability::R3.Corda, databaseChangeLog=master.changelog.json}
?[m?[37m[INFO] 11:44:46,619 [Test worker] jvm.JdbcExecutor. - ALTER TABLE PUBLIC.node_transactions ALTER COLUMN transaction_value SET NOT NULL {changeSet=migration/node-core.changelog-v4.xml::nullability::R3.Corda, databaseChangeLog=master.changelog.json}
?[m?[37m[INFO] 11:44:46,619 [Test worker] changelog.ChangeSet. - NOT NULL constraint has been added to node_transactions.transaction_value {changeSet=migration/node-core.changelog-v4.xml::nullability::R3.Corda, databaseChangeLog=master.changelog.json}
?[m?[37m[INFO] 11:44:46,619 [Test worker] changelog.ChangeSet. - ChangeSet migration/node-core.changelog-v4.xml::nullability::R3.Corda ran successfully in 1ms {changeSet=migration/node-core.changelog-v4.xml::nullability::R3.Corda, databaseChangeLog=master.changelog.json}
?[m?[37m[INFO] 11:44:46,620 [Test worker] jvm.JdbcExecutor. - INSERT INTO PUBLIC.DATABASECHANGELOG (ID, AUTHOR, FILENAME, DATEEXECUTED, ORDEREXECUTED, MD5SUM, DESCRIPTION, COMMENTS, EXECTYPE, CONTEXTS, LABELS, LIQUIBASE, DEPLOYMENT_ID) VALUES ('nullability', 'R3.Corda', 'migration/node-core.changelog-v4.xml', NOW(), 69, '8:62ddcf64aece5dc383fa400ac8ccc392', 'addNotNullConstraint columnName=identity_value, tableName=node_identities; addNotNullConstraint columnName=content, tableName=node_attachments; addNotNullConstraint columnName=contract_class_name, tableName=node_attachments_contracts; addNotNullCo...', '', 'EXECUTED', NULL, NULL, '3.6.3', '2067486560') {changeSet=migration/node-core.changelog-v4.xml::nullability::R3.Corda, databaseChangeLog=master.changelog.json}
?[m?[37m[INFO] 11:44:46,621 [Test worker] jvm.JdbcExecutor. - DROP TABLE PUBLIC.node_message_retry {changeSet=migration/node-core.changelog-v5.xml::remove_unused_node_message_retry::R3.Corda, databaseChangeLog=master.changelog.json}
?[m?[37m[INFO] 11:44:46,621 [Test worker] changelog.ChangeSet. - Table node_message_retry dropped {changeSet=migration/node-core.changelog-v5.xml::remove_unused_node_message_retry::R3.Corda, databaseChangeLog=master.changelog.json}
?[m?[37m[INFO] 11:44:46,621 [Test worker] changelog.ChangeSet. - ChangeSet migration/node-core.changelog-v5.xml::remove_unused_node_message_retry::R3.Corda ran successfully in 0ms {changeSet=migration/node-core.changelog-v5.xml::remove_unused_node_message_retry::R3.Corda, databaseChangeLog=master.changelog.json}
?[m?[37m[INFO] 11:44:46,622 [Test worker] jvm.JdbcExecutor. - INSERT INTO PUBLIC.DATABASECHANGELOG (ID, AUTHOR, FILENAME, DATEEXECUTED, ORDEREXECUTED, MD5SUM, DESCRIPTION, COMMENTS, EXECTYPE, CONTEXTS, LABELS, LIQUIBASE, DEPLOYMENT_ID) VALUES ('remove_unused_node_message_retry', 'R3.Corda', 'migration/node-core.changelog-v5.xml', NOW(), 70, '8:7f43b1a30ed49119520e7d14de6b57bd', 'dropTable tableName=node_message_retry', '', 'EXECUTED', NULL, NULL, '3.6.3', '2067486560') {changeSet=migration/node-core.changelog-v5.xml::remove_unused_node_message_retry::R3.Corda, databaseChangeLog=master.changelog.json}
?[m?[37m[INFO] 11:44:46,622 [Test worker] jvm.JdbcExecutor. - INSERT INTO PUBLIC.DATABASECHANGELOG (ID, AUTHOR, FILENAME, DATEEXECUTED, ORDEREXECUTED, MD5SUM, DESCRIPTION, COMMENTS, EXECTYPE, CONTEXTS, LABELS, LIQUIBASE, DEPLOYMENT_ID) VALUES ('non-clustered_pk-1', 'R3.Corda', 'migration/node-core.changelog-pkey.xml', NOW(), 71, '8:fc341b0d5ff080f0093d8a528299de25', 'dropPrimaryKey constraintName=node_checkpoints_pkey, tableName=node_checkpoints; addPrimaryKey constraintName=node_checkpoints_pkey, tableName=node_checkpoints', '', 'MARK_RAN', NULL, NULL, '3.6.3', '2067486560') {changeSet=migration/node-core.changelog-pkey.xml::non-clustered_pk-1::R3.Corda, databaseChangeLog=master.changelog.json}
?[m?[37m[INFO] 11:44:46,622 [Test worker] jvm.JdbcExecutor. - INSERT INTO PUBLIC.DATABASECHANGELOG (ID, AUTHOR, FILENAME, DATEEXECUTED, ORDEREXECUTED, MD5SUM, DESCRIPTION, COMMENTS, EXECTYPE, CONTEXTS, LABELS, LIQUIBASE, DEPLOYMENT_ID) VALUES ('non-clustered_pk-2', 'R3.Corda', 'migration/node-core.changelog-pkey.xml', NOW(), 72, '8:438db96910ca09a1e8910e74fe31d943', 'dropPrimaryKey constraintName=node_identities_pkey, tableName=node_identities; addPrimaryKey constraintName=node_identities_pkey, tableName=node_identities', '', 'MARK_RAN', NULL, NULL, '3.6.3', '2067486560') {changeSet=migration/node-core.changelog-pkey.xml::non-clustered_pk-2::R3.Corda, databaseChangeLog=master.changelog.json}
?[m?[37m[INFO] 11:44:46,623 [Test worker] jvm.JdbcExecutor. - INSERT INTO PUBLIC.DATABASECHANGELOG (ID, AUTHOR, FILENAME, DATEEXECUTED, ORDEREXECUTED, MD5SUM, DESCRIPTION, COMMENTS, EXECTYPE, CONTEXTS, LABELS, LIQUIBASE, DEPLOYMENT_ID) VALUES ('non-clustered_pk-3', 'R3.Corda', 'migration/node-core.changelog-pkey.xml', NOW(), 73, '8:b02515ba3eb419e880a62ad581d57d9a', 'dropPrimaryKey constraintName=node_message_ids_pkey, tableName=node_message_ids; addPrimaryKey constraintName=node_message_ids_pkey, tableName=node_message_ids', '', 'MARK_RAN', NULL, NULL, '3.6.3', '2067486560') {changeSet=migration/node-core.changelog-pkey.xml::non-clustered_pk-3::R3.Corda, databaseChangeLog=master.changelog.json}
?[m?[37m[INFO] 11:44:46,623 [Test worker] jvm.JdbcExecutor. - INSERT INTO PUBLIC.DATABASECHANGELOG (ID, AUTHOR, FILENAME, DATEEXECUTED, ORDEREXECUTED, MD5SUM, DESCRIPTION, COMMENTS, EXECTYPE, CONTEXTS, LABELS, LIQUIBASE, DEPLOYMENT_ID) VALUES ('non-clustered_pk-4', 'R3.Corda', 'migration/node-core.changelog-pkey.xml', NOW(), 74, '8:9a733c73c5a8ca979384c41d59473644', 'dropPrimaryKey constraintName=node_named_identities_pkey, tableName=node_named_identities; addPrimaryKey constraintName=node_named_identities_pkey, tableName=node_named_identities', '', 'MARK_RAN', NULL, NULL, '3.6.3', '2067486560') {changeSet=migration/node-core.changelog-pkey.xml::non-clustered_pk-4::R3.Corda, databaseChangeLog=master.changelog.json}
?[m?[37m[INFO] 11:44:46,623 [Test worker] jvm.JdbcExecutor. - INSERT INTO PUBLIC.DATABASECHANGELOG (ID, AUTHOR, FILENAME, DATEEXECUTED, ORDEREXECUTED, MD5SUM, DESCRIPTION, COMMENTS, EXECTYPE, CONTEXTS, LABELS, LIQUIBASE, DEPLOYMENT_ID) VALUES ('non-clustered_pk-5', 'R3.Corda', 'migration/node-core.changelog-pkey.xml', NOW(), 75, '8:48cf4a4dad77b6a8f7c3c73c09cc3959', 'dropPrimaryKey constraintName=node_our_key_pairs_pkey, tableName=node_our_key_pairs; addPrimaryKey constraintName=node_our_key_pairs_pkey, tableName=node_our_key_pairs', '', 'MARK_RAN', NULL, NULL, '3.6.3', '2067486560') {changeSet=migration/node-core.changelog-pkey.xml::non-clustered_pk-5::R3.Corda, databaseChangeLog=master.changelog.json}
?[m?[37m[INFO] 11:44:46,624 [Test worker] jvm.JdbcExecutor. - INSERT INTO PUBLIC.DATABASECHANGELOG (ID, AUTHOR, FILENAME, DATEEXECUTED, ORDEREXECUTED, MD5SUM, DESCRIPTION, COMMENTS, EXECTYPE, CONTEXTS, LABELS, LIQUIBASE, DEPLOYMENT_ID) VALUES ('non-clustered_pk-6', 'R3.Corda', 'migration/node-core.changelog-pkey.xml', NOW(), 76, '8:25c5581ce04f688ea83704ffa44bab8e', 'dropPrimaryKey constraintName=node_transaction_mappings_pkey, tableName=node_transaction_mappings; addPrimaryKey constraintName=node_transaction_mappings_pkey, tableName=node_transaction_mappings', '', 'MARK_RAN', NULL, NULL, '3.6.3', '2067486560') {changeSet=migration/node-core.changelog-pkey.xml::non-clustered_pk-6::R3.Corda, databaseChangeLog=master.changelog.json}
?[m?[37m[INFO] 11:44:46,624 [Test worker] jvm.JdbcExecutor. - INSERT INTO PUBLIC.DATABASECHANGELOG (ID, AUTHOR, FILENAME, DATEEXECUTED, ORDEREXECUTED, MD5SUM, DESCRIPTION, COMMENTS, EXECTYPE, CONTEXTS, LABELS, LIQUIBASE, DEPLOYMENT_ID) VALUES ('non-clustered_pk-7', 'R3.Corda', 'migration/node-core.changelog-pkey.xml', NOW(), 77, '8:64773359f27e2f85fe6df6097823ce69', 'dropPrimaryKey constraintName=node_transactions_pkey, tableName=node_transactions; addPrimaryKey constraintName=node_transactions_pkey, tableName=node_transactions', '', 'MARK_RAN', NULL, NULL, '3.6.3', '2067486560') {changeSet=migration/node-core.changelog-pkey.xml::non-clustered_pk-7::R3.Corda, databaseChangeLog=master.changelog.json}
?[m?[37m[INFO] 11:44:46,627 [Test worker] changelog.ChangeSet. - Marking ChangeSet: migration/node-core.changelog-v8.xml::conditional_attchments_rename::R3.Corda ran despite precondition failure due to onFail='MARK_RAN': 
          master.changelog.json : Table PUBLIC.NODE_ATTCHMENTS_CONTRACTS does not exist
 {changeSet=migration/node-core.changelog-v8.xml::conditional_attchments_rename::R3.Corda, databaseChangeLog=master.changelog.json}
?[m?[37m[INFO] 11:44:46,628 [Test worker] jvm.JdbcExecutor. - INSERT INTO PUBLIC.DATABASECHANGELOG (ID, AUTHOR, FILENAME, DATEEXECUTED, ORDEREXECUTED, MD5SUM, DESCRIPTION, COMMENTS, EXECTYPE, CONTEXTS, LABELS, LIQUIBASE, DEPLOYMENT_ID) VALUES ('conditional_attchments_rename', 'R3.Corda', 'migration/node-core.changelog-v8.xml', NOW(), 78, '8:114fc6d1775676ecf274989170741a5b', 'renameTable newTableName=NODE_ATTACHMENTS_CONTRACTS, oldTableName=NODE_ATTCHMENTS_CONTRACTS', '', 'MARK_RAN', NULL, NULL, '3.6.3', '2067486560') {changeSet=migration/node-core.changelog-v8.xml::conditional_attchments_rename::R3.Corda, databaseChangeLog=master.changelog.json}
?[m?[37m[INFO] 11:44:46,630 [Test worker] changelog.ChangeSet. - Marking ChangeSet: migration/node-core.changelog-v8.xml::conditional_attchments_contracts::R3.Corda ran despite precondition failure due to onFail='MARK_RAN': 
          master.changelog.json : Table PUBLIC.NODE_ATTACHMENTS_CONTRACT_CLASS_NAME does not exist
 {changeSet=migration/node-core.changelog-v8.xml::conditional_attchments_contracts::R3.Corda, databaseChangeLog=master.changelog.json}
?[m?[37m[INFO] 11:44:46,630 [Test worker] jvm.JdbcExecutor. - INSERT INTO PUBLIC.DATABASECHANGELOG (ID, AUTHOR, FILENAME, DATEEXECUTED, ORDEREXECUTED, MD5SUM, DESCRIPTION, COMMENTS, EXECTYPE, CONTEXTS, LABELS, LIQUIBASE, DEPLOYMENT_ID) VALUES ('conditional_attchments_contracts', 'R3.Corda', 'migration/node-core.changelog-v8.xml', NOW(), 79, '8:c26d868db33a85bdd25570b094635db5', 'renameTable newTableName=NODE_ATTACHMENTS_CONTRACTS, oldTableName=NODE_ATTACHMENTS_CONTRACT_CLASS_NAME', '', 'MARK_RAN', NULL, NULL, '3.6.3', '2067486560') {changeSet=migration/node-core.changelog-v8.xml::conditional_attchments_contracts::R3.Corda, databaseChangeLog=master.changelog.json}
?[m?[37m[INFO] 11:44:46,631 [Test worker] jvm.JdbcExecutor. - CREATE TABLE PUBLIC.node_attachments_signers (att_id NVARCHAR(255) NOT NULL, signer NVARCHAR(1024)) {changeSet=migration/node-core.changelog-v8.xml::add_signers::R3.Corda, databaseChangeLog=master.changelog.json}
?[m?[37m[INFO] 11:44:46,631 [Test worker] changelog.ChangeSet. - Table node_attachments_signers created {changeSet=migration/node-core.changelog-v8.xml::add_signers::R3.Corda, databaseChangeLog=master.changelog.json}
?[m?[37m[INFO] 11:44:46,631 [Test worker] jvm.JdbcExecutor. - ALTER TABLE PUBLIC.node_attachments_signers ADD CONSTRAINT FK__signers__attachments FOREIGN KEY (att_id) REFERENCES PUBLIC.node_attachments (att_id) {changeSet=migration/node-core.changelog-v8.xml::add_signers::R3.Corda, databaseChangeLog=master.changelog.json}
?[m?[37m[INFO] 11:44:46,631 [Test worker] changelog.ChangeSet. - Foreign key constraint added to node_attachments_signers (att_id) {changeSet=migration/node-core.changelog-v8.xml::add_signers::R3.Corda, databaseChangeLog=master.changelog.json}
?[m?[37m[INFO] 11:44:46,631 [Test worker] changelog.ChangeSet. - ChangeSet migration/node-core.changelog-v8.xml::add_signers::R3.Corda ran successfully in 0ms {changeSet=migration/node-core.changelog-v8.xml::add_signers::R3.Corda, databaseChangeLog=master.changelog.json}
?[m?[37m[INFO] 11:44:46,632 [Test worker] jvm.JdbcExecutor. - INSERT INTO PUBLIC.DATABASECHANGELOG (ID, AUTHOR, FILENAME, DATEEXECUTED, ORDEREXECUTED, MD5SUM, DESCRIPTION, COMMENTS, EXECTYPE, CONTEXTS, LABELS, LIQUIBASE, DEPLOYMENT_ID) VALUES ('add_signers', 'R3.Corda', 'migration/node-core.changelog-v8.xml', NOW(), 80, '8:6a033a579a3a8e11a35846d455833835', 'createTable tableName=node_attachments_signers; addForeignKeyConstraint baseTableName=node_attachments_signers, constraintName=FK__signers__attachments, referencedTableName=node_attachments', '', 'EXECUTED', NULL, NULL, '3.6.3', '2067486560') {changeSet=migration/node-core.changelog-v8.xml::add_signers::R3.Corda, databaseChangeLog=master.changelog.json}
?[m?[37m[INFO] 11:44:46,633 [Test worker] jvm.JdbcExecutor. - ALTER TABLE PUBLIC.node_transactions ADD state_machine_run_id NVARCHAR(36) {changeSet=migration/node-core.changelog-tx-mapping.xml::add_tx_mapping_column::R3.Corda, databaseChangeLog=master.changelog.json}
?[m?[37m[INFO] 11:44:46,633 [Test worker] changelog.ChangeSet. - Columns state_machine_run_id(NVARCHAR(36)) added to node_transactions {changeSet=migration/node-core.changelog-tx-mapping.xml::add_tx_mapping_column::R3.Corda, databaseChangeLog=master.changelog.json}
?[m?[37m[INFO] 11:44:46,634 [Test worker] jvm.JdbcExecutor. - update node_transactions set state_machine_run_id=(select state_machine_run_id from
            node_transaction_mappings where node_transactions.tx_id = node_transaction_mappings.tx_id) {changeSet=migration/node-core.changelog-tx-mapping.xml::add_tx_mapping_column::R3.Corda, databaseChangeLog=master.changelog.json}
?[m?[37m[INFO] 11:44:46,634 [Test worker] changelog.ChangeSet. - Custom SQL executed {changeSet=migration/node-core.changelog-tx-mapping.xml::add_tx_mapping_column::R3.Corda, databaseChangeLog=master.changelog.json}
?[m?[37m[INFO] 11:44:46,634 [Test worker] jvm.JdbcExecutor. - DROP TABLE PUBLIC.node_transaction_mappings {changeSet=migration/node-core.changelog-tx-mapping.xml::add_tx_mapping_column::R3.Corda, databaseChangeLog=master.changelog.json}
?[m?[37m[INFO] 11:44:46,634 [Test worker] changelog.ChangeSet. - Table node_transaction_mappings dropped {changeSet=migration/node-core.changelog-tx-mapping.xml::add_tx_mapping_column::R3.Corda, databaseChangeLog=master.changelog.json}
?[m?[37m[INFO] 11:44:46,634 [Test worker] changelog.ChangeSet. - ChangeSet migration/node-core.changelog-tx-mapping.xml::add_tx_mapping_column::R3.Corda ran successfully in 2ms {changeSet=migration/node-core.changelog-tx-mapping.xml::add_tx_mapping_column::R3.Corda, databaseChangeLog=master.changelog.json}
?[m?[37m[INFO] 11:44:46,635 [Test worker] jvm.JdbcExecutor. - INSERT INTO PUBLIC.DATABASECHANGELOG (ID, AUTHOR, FILENAME, DATEEXECUTED, ORDEREXECUTED, MD5SUM, DESCRIPTION, COMMENTS, EXECTYPE, CONTEXTS, LABELS, LIQUIBASE, DEPLOYMENT_ID) VALUES ('add_tx_mapping_column', 'R3.Corda', 'migration/node-core.changelog-tx-mapping.xml', NOW(), 81, '8:6d9d8484a635e932dd8e8f45db1b3d7e', 'addColumn tableName=node_transactions; sql; dropTable tableName=node_transaction_mappings', '', 'EXECUTED', NULL, NULL, '3.6.3', '2067486560') {changeSet=migration/node-core.changelog-tx-mapping.xml::add_tx_mapping_column::R3.Corda, databaseChangeLog=master.changelog.json}
?[m?[37m[INFO] 11:44:46,636 [Test worker] jvm.JdbcExecutor. - CREATE TABLE PUBLIC.node_network_parameters (hash NVARCHAR(130) NOT NULL, epoch INT NOT NULL, parameters_bytes BLOB NOT NULL, signature_bytes BLOB NOT NULL, cert BLOB NOT NULL, parent_cert_path BLOB NOT NULL) {changeSet=migration/node-services.changelog-init.xml::add_network_parameters_storage::R3.Corda, databaseChangeLog=master.changelog.json}
?[m?[37m[INFO] 11:44:46,636 [Test worker] changelog.ChangeSet. - Table node_network_parameters created {changeSet=migration/node-services.changelog-init.xml::add_network_parameters_storage::R3.Corda, databaseChangeLog=master.changelog.json}
?[m?[37m[INFO] 11:44:46,636 [Test worker] changelog.ChangeSet. - ChangeSet migration/node-services.changelog-init.xml::add_network_parameters_storage::R3.Corda ran successfully in 0ms {changeSet=migration/node-services.changelog-init.xml::add_network_parameters_storage::R3.Corda, databaseChangeLog=master.changelog.json}
?[m?[37m[INFO] 11:44:46,637 [Test worker] jvm.JdbcExecutor. - INSERT INTO PUBLIC.DATABASECHANGELOG (ID, AUTHOR, FILENAME, DATEEXECUTED, ORDEREXECUTED, MD5SUM, DESCRIPTION, COMMENTS, EXECTYPE, CONTEXTS, LABELS, LIQUIBASE, DEPLOYMENT_ID) VALUES ('add_network_parameters_storage', 'R3.Corda', 'migration/node-services.changelog-init.xml', NOW(), 82, '8:b448755ba392674254c59e2b9489140f', 'createTable tableName=node_network_parameters', '', 'EXECUTED', NULL, NULL, '3.6.3', '2067486560') {changeSet=migration/node-services.changelog-init.xml::add_network_parameters_storage::R3.Corda, databaseChangeLog=master.changelog.json}
?[m?[37m[INFO] 11:44:46,637 [Test worker] jvm.JdbcExecutor. - ALTER TABLE PUBLIC.node_network_parameters ADD CONSTRAINT node_network_parameters_pkey PRIMARY KEY (hash) {changeSet=migration/node-services.changelog-init.xml::network_parameters_pk::R3.Corda, databaseChangeLog=master.changelog.json}
?[m?[37m[INFO] 11:44:46,637 [Test worker] changelog.ChangeSet. - Primary key added to node_network_parameters (hash) {changeSet=migration/node-services.changelog-init.xml::network_parameters_pk::R3.Corda, databaseChangeLog=master.changelog.json}
?[m?[37m[INFO] 11:44:46,637 [Test worker] changelog.ChangeSet. - ChangeSet migration/node-services.changelog-init.xml::network_parameters_pk::R3.Corda ran successfully in 0ms {changeSet=migration/node-services.changelog-init.xml::network_parameters_pk::R3.Corda, databaseChangeLog=master.changelog.json}
?[m?[37m[INFO] 11:44:46,637 [Test worker] jvm.JdbcExecutor. - INSERT INTO PUBLIC.DATABASECHANGELOG (ID, AUTHOR, FILENAME, DATEEXECUTED, ORDEREXECUTED, MD5SUM, DESCRIPTION, COMMENTS, EXECTYPE, CONTEXTS, LABELS, LIQUIBASE, DEPLOYMENT_ID) VALUES ('network_parameters_pk', 'R3.Corda', 'migration/node-services.changelog-init.xml', NOW(), 83, '8:fc0358b8cab487b52558cd68d6feaf9e', 'addPrimaryKey constraintName=node_network_parameters_pkey, tableName=node_network_parameters', '', 'EXECUTED', NULL, NULL, '3.6.3', '2067486560') {changeSet=migration/node-services.changelog-init.xml::network_parameters_pk::R3.Corda, databaseChangeLog=master.changelog.json}
?[m?[37m[INFO] 11:44:46,637 [Test worker] jvm.JdbcExecutor. - ALTER TABLE PUBLIC.node_attachments ADD version INT {changeSet=migration/node-services.changelog-init.xml::add_version_column::R3.Corda, databaseChangeLog=master.changelog.json}
?[m?[37m[INFO] 11:44:46,638 [Test worker] changelog.ChangeSet. - Columns version(INT) added to node_attachments {changeSet=migration/node-services.changelog-init.xml::add_version_column::R3.Corda, databaseChangeLog=master.changelog.json}
?[m?[37m[INFO] 11:44:46,638 [Test worker] jvm.JdbcExecutor. - update node_attachments set version = 1 {changeSet=migration/node-services.changelog-init.xml::add_version_column::R3.Corda, databaseChangeLog=master.changelog.json}
?[m?[37m[INFO] 11:44:46,638 [Test worker] changelog.ChangeSet. - Custom SQL executed {changeSet=migration/node-services.changelog-init.xml::add_version_column::R3.Corda, databaseChangeLog=master.changelog.json}
?[m?[37m[INFO] 11:44:46,638 [Test worker] jvm.JdbcExecutor. - ALTER TABLE PUBLIC.node_attachments ALTER COLUMN version SET NOT NULL {changeSet=migration/node-services.changelog-init.xml::add_version_column::R3.Corda, databaseChangeLog=master.changelog.json}
?[m?[37m[INFO] 11:44:46,638 [Test worker] changelog.ChangeSet. - NOT NULL constraint has been added to node_attachments.version {changeSet=migration/node-services.changelog-init.xml::add_version_column::R3.Corda, databaseChangeLog=master.changelog.json}
?[m?[37m[INFO] 11:44:46,638 [Test worker] changelog.ChangeSet. - ChangeSet migration/node-services.changelog-init.xml::add_version_column::R3.Corda ran successfully in 1ms {changeSet=migration/node-services.changelog-init.xml::add_version_column::R3.Corda, databaseChangeLog=master.changelog.json}
?[m?[37m[INFO] 11:44:46,639 [Test worker] jvm.JdbcExecutor. - INSERT INTO PUBLIC.DATABASECHANGELOG (ID, AUTHOR, FILENAME, DATEEXECUTED, ORDEREXECUTED, MD5SUM, DESCRIPTION, COMMENTS, EXECTYPE, CONTEXTS, LABELS, LIQUIBASE, DEPLOYMENT_ID) VALUES ('add_version_column', 'R3.Corda', 'migration/node-services.changelog-init.xml', NOW(), 84, '8:ab6a3101d1da88b0f174ccc06a62feef', 'addColumn tableName=node_attachments; sql; addNotNullConstraint columnName=version, tableName=node_attachments', '', 'EXECUTED', NULL, NULL, '3.6.3', '2067486560') {changeSet=migration/node-services.changelog-init.xml::add_version_column::R3.Corda, databaseChangeLog=master.changelog.json}
?[m?[37m[INFO] 11:44:46,639 [Test worker] persistence.AttachmentVersionNumberMigration. - Start executing... {changeSet=migration/node-services.changelog-init.xml::update-version-of-whitelisted-jars::R3.Corda, databaseChangeLog=master.changelog.json}
?[m?[37m[INFO] 11:44:46,640 [Test worker] persistence.AttachmentVersionNumberMigration. - Attachment version creation from whitelisted JARs using network parameters from build/mock-network/20201007-104445.669/nodes/1/network-parameters, whitelistedContractImplementations: {}. {changeSet=migration/node-services.changelog-init.xml::update-version-of-whitelisted-jars::R3.Corda, databaseChangeLog=master.changelog.json}
?[m?[37m[INFO] 11:44:46,640 [Test worker] persistence.AttachmentVersionNumberMigration. - Attachment version creation from whitelisted JARs skipped, no attachments not found. {changeSet=migration/node-services.changelog-init.xml::update-version-of-whitelisted-jars::R3.Corda, databaseChangeLog=master.changelog.json}
?[m?[37m[INFO] 11:44:46,640 [Test worker] changelog.ChangeSet. - null {changeSet=migration/node-services.changelog-init.xml::update-version-of-whitelisted-jars::R3.Corda, databaseChangeLog=master.changelog.json}
?[m?[37m[INFO] 11:44:46,640 [Test worker] changelog.ChangeSet. - ChangeSet migration/node-services.changelog-init.xml::update-version-of-whitelisted-jars::R3.Corda ran successfully in 1ms {changeSet=migration/node-services.changelog-init.xml::update-version-of-whitelisted-jars::R3.Corda, databaseChangeLog=master.changelog.json}
?[m?[37m[INFO] 11:44:46,641 [Test worker] jvm.JdbcExecutor. - INSERT INTO PUBLIC.DATABASECHANGELOG (ID, AUTHOR, FILENAME, DATEEXECUTED, ORDEREXECUTED, MD5SUM, DESCRIPTION, COMMENTS, EXECTYPE, CONTEXTS, LABELS, LIQUIBASE, DEPLOYMENT_ID) VALUES ('update-version-of-whitelisted-jars', 'R3.Corda', 'migration/node-services.changelog-init.xml', NOW(), 85, '8:1d4174a12a4902070f6bf2ba624b0e97', 'customChange', '', 'EXECUTED', NULL, NULL, '3.6.3', '2067486560') {changeSet=migration/node-services.changelog-init.xml::update-version-of-whitelisted-jars::R3.Corda, databaseChangeLog=master.changelog.json}
?[m?[37m[INFO] 11:44:46,642 [Test worker] jvm.JdbcExecutor. - CREATE TABLE PUBLIC.node_identities_no_cert (pk_hash NVARCHAR(130) NOT NULL, name NVARCHAR(128) NOT NULL) {changeSet=migration/node-services.changelog-init.xml::add-new-persistence-table::R3.Corda, databaseChangeLog=master.changelog.json}
?[m?[37m[INFO] 11:44:46,642 [Test worker] changelog.ChangeSet. - Table node_identities_no_cert created {changeSet=migration/node-services.changelog-init.xml::add-new-persistence-table::R3.Corda, databaseChangeLog=master.changelog.json}
?[m?[37m[INFO] 11:44:46,642 [Test worker] jvm.JdbcExecutor. - ALTER TABLE PUBLIC.node_identities_no_cert ADD CONSTRAINT node_identities_no_cert_pkey PRIMARY KEY (pk_hash) {changeSet=migration/node-services.changelog-init.xml::add-new-persistence-table::R3.Corda, databaseChangeLog=master.changelog.json}
?[m?[37m[INFO] 11:44:46,642 [Test worker] changelog.ChangeSet. - Primary key added to node_identities_no_cert (pk_hash) {changeSet=migration/node-services.changelog-init.xml::add-new-persistence-table::R3.Corda, databaseChangeLog=master.changelog.json}
?[m?[37m[INFO] 11:44:46,642 [Test worker] changelog.ChangeSet. - ChangeSet migration/node-services.changelog-init.xml::add-new-persistence-table::R3.Corda ran successfully in 1ms {changeSet=migration/node-services.changelog-init.xml::add-new-persistence-table::R3.Corda, databaseChangeLog=master.changelog.json}
?[m?[37m[INFO] 11:44:46,644 [Test worker] jvm.JdbcExecutor. - INSERT INTO PUBLIC.DATABASECHANGELOG (ID, AUTHOR, FILENAME, DATEEXECUTED, ORDEREXECUTED, MD5SUM, DESCRIPTION, COMMENTS, EXECTYPE, CONTEXTS, LABELS, LIQUIBASE, DEPLOYMENT_ID) VALUES ('add-new-persistence-table', 'R3.Corda', 'migration/node-services.changelog-init.xml', NOW(), 86, '8:cb3302a80bf346270e0d8f3509c64a9b', 'createTable tableName=node_identities_no_cert; addPrimaryKey constraintName=node_identities_no_cert_pkey, tableName=node_identities_no_cert', '', 'EXECUTED', NULL, NULL, '3.6.3', '2067486560') {changeSet=migration/node-services.changelog-init.xml::add-new-persistence-table::R3.Corda, databaseChangeLog=master.changelog.json}
?[m?[37m[INFO] 11:44:46,644 [Test worker] jvm.JdbcExecutor. - ALTER TABLE PUBLIC.pk_hash_to_ext_id_map DROP COLUMN id {changeSet=migration/node-services.changelog-init.xml::migrate_pk_hash_to_ext_id::R3.Corda, databaseChangeLog=master.changelog.json}
?[m?[37m[INFO] 11:44:46,645 [Test worker] changelog.ChangeSet. - Column pk_hash_to_ext_id_map.id dropped {changeSet=migration/node-services.changelog-init.xml::migrate_pk_hash_to_ext_id::R3.Corda, databaseChangeLog=master.changelog.json}
?[m?[37m[INFO] 11:44:46,645 [Test worker] jvm.JdbcExecutor. - DROP INDEX PUBLIC.pk_hash_to_xid_idx {changeSet=migration/node-services.changelog-init.xml::migrate_pk_hash_to_ext_id::R3.Corda, databaseChangeLog=master.changelog.json}
?[m?[37m[INFO] 11:44:46,645 [Test worker] changelog.ChangeSet. - Index pk_hash_to_xid_idx dropped from table pk_hash_to_ext_id_map {changeSet=migration/node-services.changelog-init.xml::migrate_pk_hash_to_ext_id::R3.Corda, databaseChangeLog=master.changelog.json}
?[m?[37m[INFO] 11:44:46,645 [Test worker] jvm.JdbcExecutor. - ALTER TABLE PUBLIC.pk_hash_to_ext_id_map ADD CONSTRAINT pubkey_hash_to_external_id_pk PRIMARY KEY (public_key_hash) {changeSet=migration/node-services.changelog-init.xml::migrate_pk_hash_to_ext_id::R3.Corda, databaseChangeLog=master.changelog.json}
?[m?[37m[INFO] 11:44:46,645 [Test worker] changelog.ChangeSet. - Primary key added to pk_hash_to_ext_id_map (public_key_hash) {changeSet=migration/node-services.changelog-init.xml::migrate_pk_hash_to_ext_id::R3.Corda, databaseChangeLog=master.changelog.json}
?[m?[37m[INFO] 11:44:46,645 [Test worker] jvm.JdbcExecutor. - CREATE INDEX PUBLIC.ext_id_idx ON PUBLIC.pk_hash_to_ext_id_map(external_id) {changeSet=migration/node-services.changelog-init.xml::migrate_pk_hash_to_ext_id::R3.Corda, databaseChangeLog=master.changelog.json}
?[m?[37m[INFO] 11:44:46,645 [Test worker] changelog.ChangeSet. - Index ext_id_idx created {changeSet=migration/node-services.changelog-init.xml::migrate_pk_hash_to_ext_id::R3.Corda, databaseChangeLog=master.changelog.json}
?[m?[37m[INFO] 11:44:46,645 [Test worker] changelog.ChangeSet. - ChangeSet migration/node-services.changelog-init.xml::migrate_pk_hash_to_ext_id::R3.Corda ran successfully in 1ms {changeSet=migration/node-services.changelog-init.xml::migrate_pk_hash_to_ext_id::R3.Corda, databaseChangeLog=master.changelog.json}
?[m?[37m[INFO] 11:44:46,646 [Test worker] jvm.JdbcExecutor. - INSERT INTO PUBLIC.DATABASECHANGELOG (ID, AUTHOR, FILENAME, DATEEXECUTED, ORDEREXECUTED, MD5SUM, DESCRIPTION, COMMENTS, EXECTYPE, CONTEXTS, LABELS, LIQUIBASE, DEPLOYMENT_ID) VALUES ('migrate_pk_hash_to_ext_id', 'R3.Corda', 'migration/node-services.changelog-init.xml', NOW(), 87, '8:daf9ba8b9522b5ed5e0c474f220a5ef9', 'dropColumn columnName=id, tableName=pk_hash_to_ext_id_map; dropIndex indexName=pk_hash_to_xid_idx, tableName=pk_hash_to_ext_id_map; addPrimaryKey constraintName=pubkey_hash_to_external_id_pk, tableName=pk_hash_to_ext_id_map; createIndex indexName=...', '', 'EXECUTED', NULL, NULL, '3.6.3', '2067486560') {changeSet=migration/node-services.changelog-init.xml::migrate_pk_hash_to_ext_id::R3.Corda, databaseChangeLog=master.changelog.json}
?[m?[37m[INFO] 11:44:46,646 [Test worker] changelog.ChangeSet. - null {changeSet=migration/node-services.changelog-init.xml::migrate_identity_service_to_use_publicKey.toShortString()::R3.Corda, databaseChangeLog=master.changelog.json}
?[m?[37m[INFO] 11:44:46,646 [Test worker] changelog.ChangeSet. - ChangeSet migration/node-services.changelog-init.xml::migrate_identity_service_to_use_publicKey.toShortString()::R3.Corda ran successfully in 0ms {changeSet=migration/node-services.changelog-init.xml::migrate_identity_service_to_use_publicKey.toShortString()::R3.Corda, databaseChangeLog=master.changelog.json}
?[m?[37m[INFO] 11:44:46,647 [Test worker] jvm.JdbcExecutor. - INSERT INTO PUBLIC.DATABASECHANGELOG (ID, AUTHOR, FILENAME, DATEEXECUTED, ORDEREXECUTED, MD5SUM, DESCRIPTION, COMMENTS, EXECTYPE, CONTEXTS, LABELS, LIQUIBASE, DEPLOYMENT_ID) VALUES ('migrate_identity_service_to_use_publicKey.toShortString()', 'R3.Corda', 'migration/node-services.changelog-init.xml', NOW(), 88, '8:51a17ecff2c7f17e1502992fdda4356d', 'customChange', '', 'EXECUTED', NULL, NULL, '3.6.3', '2067486560') {changeSet=migration/node-services.changelog-init.xml::migrate_identity_service_to_use_publicKey.toShortString()::R3.Corda, databaseChangeLog=master.changelog.json}
?[m?[37m[INFO] 11:44:46,647 [Test worker] jvm.JdbcExecutor. - ALTER TABLE PUBLIC.node_transactions ADD status NVARCHAR(1) DEFAULT 'V' NOT NULL {changeSet=migration/node-services.changelog-init.xml::add_status_column::R3.Corda, databaseChangeLog=master.changelog.json}
?[m?[37m[INFO] 11:44:46,648 [Test worker] changelog.ChangeSet. - Columns status(NVARCHAR(1)) added to node_transactions {changeSet=migration/node-services.changelog-init.xml::add_status_column::R3.Corda, databaseChangeLog=master.changelog.json}
?[m?[37m[INFO] 11:44:46,648 [Test worker] changelog.ChangeSet. - ChangeSet migration/node-services.changelog-init.xml::add_status_column::R3.Corda ran successfully in 1ms {changeSet=migration/node-services.changelog-init.xml::add_status_column::R3.Corda, databaseChangeLog=master.changelog.json}
?[m?[37m[INFO] 11:44:46,649 [Test worker] jvm.JdbcExecutor. - INSERT INTO PUBLIC.DATABASECHANGELOG (ID, AUTHOR, FILENAME, DATEEXECUTED, ORDEREXECUTED, MD5SUM, DESCRIPTION, COMMENTS, EXECTYPE, CONTEXTS, LABELS, LIQUIBASE, DEPLOYMENT_ID) VALUES ('add_status_column', 'R3.Corda', 'migration/node-services.changelog-init.xml', NOW(), 89, '8:163dc66ab97910470ce080cd4c4d33ef', 'addColumn tableName=node_transactions', '', 'EXECUTED', NULL, NULL, '3.6.3', '2067486560') {changeSet=migration/node-services.changelog-init.xml::add_status_column::R3.Corda, databaseChangeLog=master.changelog.json}
?[m?[37m[INFO] 11:44:46,650 [Test worker] jvm.JdbcExecutor. - CREATE TABLE PUBLIC.node_hash_to_key (pk_hash NVARCHAR(130) NOT NULL, public_key BLOB NOT NULL) {changeSet=migration/node-services.changelog-init.xml::add-new-pk-hash-to-pk-table::R3.Corda, databaseChangeLog=master.changelog.json}
?[m?[37m[INFO] 11:44:46,650 [Test worker] changelog.ChangeSet. - Table node_hash_to_key created {changeSet=migration/node-services.changelog-init.xml::add-new-pk-hash-to-pk-table::R3.Corda, databaseChangeLog=master.changelog.json}
?[m?[37m[INFO] 11:44:46,650 [Test worker] jvm.JdbcExecutor. - ALTER TABLE PUBLIC.node_hash_to_key ADD CONSTRAINT node_hash_to_key_pk_hash PRIMARY KEY (pk_hash) {changeSet=migration/node-services.changelog-init.xml::add-new-pk-hash-to-pk-table::R3.Corda, databaseChangeLog=master.changelog.json}
?[m?[37m[INFO] 11:44:46,650 [Test worker] changelog.ChangeSet. - Primary key added to node_hash_to_key (pk_hash) {changeSet=migration/node-services.changelog-init.xml::add-new-pk-hash-to-pk-table::R3.Corda, databaseChangeLog=master.changelog.json}
?[m?[37m[INFO] 11:44:46,650 [Test worker] changelog.ChangeSet. - ChangeSet migration/node-services.changelog-init.xml::add-new-pk-hash-to-pk-table::R3.Corda ran successfully in 0ms {changeSet=migration/node-services.changelog-init.xml::add-new-pk-hash-to-pk-table::R3.Corda, databaseChangeLog=master.changelog.json}
?[m?[37m[INFO] 11:44:46,651 [Test worker] jvm.JdbcExecutor. - INSERT INTO PUBLIC.DATABASECHANGELOG (ID, AUTHOR, FILENAME, DATEEXECUTED, ORDEREXECUTED, MD5SUM, DESCRIPTION, COMMENTS, EXECTYPE, CONTEXTS, LABELS, LIQUIBASE, DEPLOYMENT_ID) VALUES ('add-new-pk-hash-to-pk-table', 'R3.Corda', 'migration/node-services.changelog-init.xml', NOW(), 90, '8:90ed8145a19f497b5c95a5c9542917f0', 'createTable tableName=node_hash_to_key; addPrimaryKey constraintName=node_hash_to_key_pk_hash, tableName=node_hash_to_key', '', 'EXECUTED', NULL, NULL, '3.6.3', '2067486560') {changeSet=migration/node-services.changelog-init.xml::add-new-pk-hash-to-pk-table::R3.Corda, databaseChangeLog=master.changelog.json}
?[m?[37m[INFO] 11:44:46,652 [Test worker] jvm.JdbcExecutor. - ALTER TABLE PUBLIC.node_transactions ADD timestamp TIMESTAMP DEFAULT '2000-01-01 12:00:00' NOT NULL {changeSet=migration/node-services.changelog-init.xml::add_timestamp_column_to_node_transactions::R3.Corda, databaseChangeLog=master.changelog.json}
?[m?[37m[INFO] 11:44:46,653 [Test worker] changelog.ChangeSet. - Columns timestamp(TIMESTAMP) added to node_transactions {changeSet=migration/node-services.changelog-init.xml::add_timestamp_column_to_node_transactions::R3.Corda, databaseChangeLog=master.changelog.json}
?[m?[37m[INFO] 11:44:46,653 [Test worker] changelog.ChangeSet. - ChangeSet migration/node-services.changelog-init.xml::add_timestamp_column_to_node_transactions::R3.Corda ran successfully in 1ms {changeSet=migration/node-services.changelog-init.xml::add_timestamp_column_to_node_transactions::R3.Corda, databaseChangeLog=master.changelog.json}
?[m?[37m[INFO] 11:44:46,654 [Test worker] jvm.JdbcExecutor. - INSERT INTO PUBLIC.DATABASECHANGELOG (ID, AUTHOR, FILENAME, DATEEXECUTED, ORDEREXECUTED, MD5SUM, DESCRIPTION, COMMENTS, EXECTYPE, CONTEXTS, LABELS, LIQUIBASE, DEPLOYMENT_ID) VALUES ('add_timestamp_column_to_node_transactions', 'R3.Corda', 'migration/node-services.changelog-init.xml', NOW(), 91, '8:bc308c6c38c83b58a03f11f0943a944f', 'addColumn tableName=node_transactions', '', 'EXECUTED', NULL, NULL, '3.6.3', '2067486560') {changeSet=migration/node-services.changelog-init.xml::add_timestamp_column_to_node_transactions::R3.Corda, databaseChangeLog=master.changelog.json}
?[m?[37m[INFO] 11:44:46,654 [Test worker] migration.VaultStateMigration. - Migrating vault state data to V4 tables {changeSet=migration/vault-schema.changelog-v9.xml::update-vault-states::R3.Corda, databaseChangeLog=master.changelog.json}
?[m?[37m[INFO] 11:44:46,655 [Test worker] persistence.HibernateConfiguration. - Init HibernateConfiguration for schemas: [VaultMigrationSchemaV1(name=net.corda.node.migration.VaultMigrationSchema, version=1), VaultSchemaV1(name=net.corda.node.services.vault.VaultSchema, version=1)] {changeSet=migration/vault-schema.changelog-v9.xml::update-vault-states::R3.Corda, databaseChangeLog=master.changelog.json}
?[m?[37m[INFO] 11:44:46,655 [Test worker] factory.BaseSessionFactoryFactory. - Creating session factory for schemas: [VaultMigrationSchemaV1(name=net.corda.node.migration.VaultMigrationSchema, version=1), VaultSchemaV1(name=net.corda.node.services.vault.VaultSchema, version=1)] {changeSet=migration/vault-schema.changelog-v9.xml::update-vault-states::R3.Corda, databaseChangeLog=master.changelog.json}
?[m?[37m[INFO] 11:44:46,663 [Test worker] internal.ConnectionProviderInitiator. - HHH000130: Instantiating explicit connection provider: net.corda.nodeapi.internal.persistence.HibernateConfiguration$NodeDatabaseConnectionProvider {changeSet=migration/vault-schema.changelog-v9.xml::update-vault-states::R3.Corda, databaseChangeLog=master.changelog.json}
?[m?[37m[INFO] 11:44:46,663 [Test worker] dialect.Dialect. - HHH000400: Using dialect: org.hibernate.dialect.H2Dialect {changeSet=migration/vault-schema.changelog-v9.xml::update-vault-states::R3.Corda, databaseChangeLog=master.changelog.json}
?[m?[37m[INFO] 11:44:46,702 [Test worker] connections.access. - HHH10001501: Connection obtained from JdbcConnectionAccess [org.hibernate.engine.jdbc.env.internal.JdbcEnvironmentInitiator$ConnectionProviderJdbcConnectionAccess@675b4d23] for (non-JTA) DDL execution was not in auto-commit mode; the Connection 'local transaction' will be committed and the Connection will be set into auto-commit mode. {changeSet=migration/vault-schema.changelog-v9.xml::update-vault-states::R3.Corda, databaseChangeLog=master.changelog.json}
?[m?[37m[INFO] 11:44:46,721 [Test worker] internal.JtaPlatformInitiator. - HHH000490: Using JtaPlatform implementation: [org.hibernate.engine.transaction.jta.platform.internal.NoJtaPlatform] {changeSet=migration/vault-schema.changelog-v9.xml::update-vault-states::R3.Corda, databaseChangeLog=master.changelog.json}
?[m?[37m[INFO] 11:44:46,721 [Test worker] factory.BaseSessionFactoryFactory. - Created session factory for schemas: [VaultMigrationSchemaV1(name=net.corda.node.migration.VaultMigrationSchema, version=1), VaultSchemaV1(name=net.corda.node.services.vault.VaultSchema, version=1)] {changeSet=migration/vault-schema.changelog-v9.xml::update-vault-states::R3.Corda, databaseChangeLog=master.changelog.json}
?[m?[37m[INFO] 11:44:46,723 [Test worker] migration.VaultStateMigration. - Finished performing vault state data migration for 0 states {changeSet=migration/vault-schema.changelog-v9.xml::update-vault-states::R3.Corda, databaseChangeLog=master.changelog.json}
?[m?[37m[INFO] 11:44:46,723 [Test worker] changelog.ChangeSet. - null {changeSet=migration/vault-schema.changelog-v9.xml::update-vault-states::R3.Corda, databaseChangeLog=master.changelog.json}
?[m?[37m[INFO] 11:44:46,723 [Test worker] changelog.ChangeSet. - ChangeSet migration/vault-schema.changelog-v9.xml::update-vault-states::R3.Corda ran successfully in 69ms {changeSet=migration/vault-schema.changelog-v9.xml::update-vault-states::R3.Corda, databaseChangeLog=master.changelog.json}
?[m?[37m[INFO] 11:44:46,724 [Test worker] jvm.JdbcExecutor. - INSERT INTO PUBLIC.DATABASECHANGELOG (ID, AUTHOR, FILENAME, DATEEXECUTED, ORDEREXECUTED, MD5SUM, DESCRIPTION, COMMENTS, EXECTYPE, CONTEXTS, LABELS, LIQUIBASE, DEPLOYMENT_ID) VALUES ('update-vault-states', 'R3.Corda', 'migration/vault-schema.changelog-v9.xml', NOW(), 92, '8:f8f4c73846280164daf6855e1ecf3cc6', 'customChange', '', 'EXECUTED', NULL, NULL, '3.6.3', '2067486560') {changeSet=migration/vault-schema.changelog-v9.xml::update-vault-states::R3.Corda, databaseChangeLog=master.changelog.json}
?[m?[37m[INFO] 11:44:46,724 [Test worker] migration.PersistentIdentityMigrationNewTable. - Migrating persistent identities with certificates table into persistent table with no certificate data. {changeSet=migration/node-services.changelog-init.xml::transfer-to-new-persistence-table::R3.Corda, databaseChangeLog=master.changelog.json}
?[m?[37m[INFO] 11:44:46,725 [Test worker] persistence.HibernateConfiguration. - Init HibernateConfiguration for schemas: [MappedSchema(name=net.corda.node.migration.PersistentIdentitiesMigrationSchema, version=1)] {changeSet=migration/node-services.changelog-init.xml::transfer-to-new-persistence-table::R3.Corda, databaseChangeLog=master.changelog.json}
?[m?[37m[INFO] 11:44:46,725 [Test worker] factory.BaseSessionFactoryFactory. - Creating session factory for schemas: [MappedSchema(name=net.corda.node.migration.PersistentIdentitiesMigrationSchema, version=1)] {changeSet=migration/node-services.changelog-init.xml::transfer-to-new-persistence-table::R3.Corda, databaseChangeLog=master.changelog.json}
?[m?[37m[INFO] 11:44:46,728 [Test worker] internal.ConnectionProviderInitiator. - HHH000130: Instantiating explicit connection provider: net.corda.nodeapi.internal.persistence.HibernateConfiguration$NodeDatabaseConnectionProvider {changeSet=migration/node-services.changelog-init.xml::transfer-to-new-persistence-table::R3.Corda, databaseChangeLog=master.changelog.json}
?[m?[37m[INFO] 11:44:46,728 [Test worker] dialect.Dialect. - HHH000400: Using dialect: org.hibernate.dialect.H2Dialect {changeSet=migration/node-services.changelog-init.xml::transfer-to-new-persistence-table::R3.Corda, databaseChangeLog=master.changelog.json}
?[m?[37m[INFO] 11:44:46,739 [Test worker] connections.access. - HHH10001501: Connection obtained from JdbcConnectionAccess [org.hibernate.engine.jdbc.env.internal.JdbcEnvironmentInitiator$ConnectionProviderJdbcConnectionAccess@4ed2289] for (non-JTA) DDL execution was not in auto-commit mode; the Connection 'local transaction' will be committed and the Connection will be set into auto-commit mode. {changeSet=migration/node-services.changelog-init.xml::transfer-to-new-persistence-table::R3.Corda, databaseChangeLog=master.changelog.json}
?[m?[37m[INFO] 11:44:46,753 [Test worker] internal.JtaPlatformInitiator. - HHH000490: Using JtaPlatform implementation: [org.hibernate.engine.transaction.jta.platform.internal.NoJtaPlatform] {changeSet=migration/node-services.changelog-init.xml::transfer-to-new-persistence-table::R3.Corda, databaseChangeLog=master.changelog.json}
?[m?[37m[INFO] 11:44:46,753 [Test worker] factory.BaseSessionFactoryFactory. - Created session factory for schemas: [MappedSchema(name=net.corda.node.migration.PersistentIdentitiesMigrationSchema, version=1)] {changeSet=migration/node-services.changelog-init.xml::transfer-to-new-persistence-table::R3.Corda, databaseChangeLog=master.changelog.json}
?[m?[37m[INFO] 11:44:46,754 [Test worker] changelog.ChangeSet. - null {changeSet=migration/node-services.changelog-init.xml::transfer-to-new-persistence-table::R3.Corda, databaseChangeLog=master.changelog.json}
?[m?[37m[INFO] 11:44:46,754 [Test worker] changelog.ChangeSet. - ChangeSet migration/node-services.changelog-init.xml::transfer-to-new-persistence-table::R3.Corda ran successfully in 30ms {changeSet=migration/node-services.changelog-init.xml::transfer-to-new-persistence-table::R3.Corda, databaseChangeLog=master.changelog.json}
?[m?[37m[INFO] 11:44:46,755 [Test worker] jvm.JdbcExecutor. - INSERT INTO PUBLIC.DATABASECHANGELOG (ID, AUTHOR, FILENAME, DATEEXECUTED, ORDEREXECUTED, MD5SUM, DESCRIPTION, COMMENTS, EXECTYPE, CONTEXTS, LABELS, LIQUIBASE, DEPLOYMENT_ID) VALUES ('transfer-to-new-persistence-table', 'R3.Corda', 'migration/node-services.changelog-init.xml', NOW(), 93, '8:dc5c1913b593f4a2b95ddca810da11ba', 'customChange', '', 'EXECUTED', NULL, NULL, '3.6.3', '2067486560') {changeSet=migration/node-services.changelog-init.xml::transfer-to-new-persistence-table::R3.Corda, databaseChangeLog=master.changelog.json}
?[m?[37m[INFO] 11:44:46,755 [Test worker] lockservice.StandardLockService. - Successfully released change log lock
?[m?[37m[INFO] 11:44:46,755 [Test worker] internal.InternalMockNetwork$MockNode. - Connected to H2 database.
?[m?[37m[INFO] 11:44:46,756 [Test worker] persistence.HibernateConfiguration. - Init HibernateConfiguration for schemas: [CommonSchemaV1(name=net.corda.core.schemas.CommonSchema, version=1), VaultSchemaV1(name=net.corda.node.services.vault.VaultSchema, version=1), NodeInfoSchemaV1(name=net.corda.node.internal.schemas.NodeInfoSchema, version=1), NodeCoreV1(name=net.corda.node.services.schema.NodeSchemaService$NodeCore, version=1), AccountsContractsSchemaV1(name=com.r3.corda.lib.accounts.contracts.internal.schemas.AccountsContractsSchema, version=1), AccountsWorkflowsSchemaV1(name=com.r3.corda.lib.accounts.workflows.internal.schemas.AccountsWorkflowsSchema, version=1), FungibleTokenSchemaV1(name=com.r3.corda.lib.tokens.contracts.internal.schemas.FungibleTokenSchema, version=1), NonFungibleTokenSchemaV1(name=com.r3.corda.lib.tokens.contracts.internal.schemas.NonFungibleTokenSchema, version=1), TokenSchemaV1(name=com.r3.corda.lib.tokens.contracts.schemas.TokenSchema, version=1), DistributionRecordSchemaV1(name=com.r3.corda.lib.tokens.workflows.internal.schemas.DistributionRecordSchema, version=1)]
?[m?[37m[INFO] 11:44:46,756 [Test worker] factory.BaseSessionFactoryFactory. - Creating session factory for schemas: [CommonSchemaV1(name=net.corda.core.schemas.CommonSchema, version=1), VaultSchemaV1(name=net.corda.node.services.vault.VaultSchema, version=1), NodeInfoSchemaV1(name=net.corda.node.internal.schemas.NodeInfoSchema, version=1), NodeCoreV1(name=net.corda.node.services.schema.NodeSchemaService$NodeCore, version=1), AccountsContractsSchemaV1(name=com.r3.corda.lib.accounts.contracts.internal.schemas.AccountsContractsSchema, version=1), AccountsWorkflowsSchemaV1(name=com.r3.corda.lib.accounts.workflows.internal.schemas.AccountsWorkflowsSchema, version=1), FungibleTokenSchemaV1(name=com.r3.corda.lib.tokens.contracts.internal.schemas.FungibleTokenSchema, version=1), NonFungibleTokenSchemaV1(name=com.r3.corda.lib.tokens.contracts.internal.schemas.NonFungibleTokenSchema, version=1), TokenSchemaV1(name=com.r3.corda.lib.tokens.contracts.schemas.TokenSchema, version=1), DistributionRecordSchemaV1(name=com.r3.corda.lib.tokens.workflows.internal.schemas.DistributionRecordSchema, version=1)]
?[m?[37m[INFO] 11:44:46,760 [Test worker] internal.ConnectionProviderInitiator. - HHH000130: Instantiating explicit connection provider: net.corda.nodeapi.internal.persistence.HibernateConfiguration$NodeDatabaseConnectionProvider
?[m?[37m[INFO] 11:44:46,761 [Test worker] dialect.Dialect. - HHH000400: Using dialect: org.hibernate.dialect.H2Dialect
?[m?[37m[INFO] 11:44:46,790 [Test worker] connections.access. - HHH10001501: Connection obtained from JdbcConnectionAccess [org.hibernate.engine.jdbc.env.internal.JdbcEnvironmentInitiator$ConnectionProviderJdbcConnectionAccess@644aebde] for (non-JTA) DDL execution was not in auto-commit mode; the Connection 'local transaction' will be committed and the Connection will be set into auto-commit mode.
?[m?[37m[INFO] 11:44:46,814 [Test worker] internal.JtaPlatformInitiator. - HHH000490: Using JtaPlatform implementation: [org.hibernate.engine.transaction.jta.platform.internal.NoJtaPlatform]
?[m?[37m[INFO] 11:44:46,814 [Test worker] factory.BaseSessionFactoryFactory. - Created session factory for schemas: [CommonSchemaV1(name=net.corda.core.schemas.CommonSchema, version=1), VaultSchemaV1(name=net.corda.node.services.vault.VaultSchema, version=1), NodeInfoSchemaV1(name=net.corda.node.internal.schemas.NodeInfoSchema, version=1), NodeCoreV1(name=net.corda.node.services.schema.NodeSchemaService$NodeCore, version=1), AccountsContractsSchemaV1(name=com.r3.corda.lib.accounts.contracts.internal.schemas.AccountsContractsSchema, version=1), AccountsWorkflowsSchemaV1(name=com.r3.corda.lib.accounts.workflows.internal.schemas.AccountsWorkflowsSchema, version=1), FungibleTokenSchemaV1(name=com.r3.corda.lib.tokens.contracts.internal.schemas.FungibleTokenSchema, version=1), NonFungibleTokenSchemaV1(name=com.r3.corda.lib.tokens.contracts.internal.schemas.NonFungibleTokenSchema, version=1), TokenSchemaV1(name=com.r3.corda.lib.tokens.contracts.schemas.TokenSchema, version=1), DistributionRecordSchemaV1(name=com.r3.corda.lib.tokens.workflows.internal.schemas.DistributionRecordSchema, version=1)]
?[m?[37m[INFO] 11:44:46,815 [Test worker] internal.InternalMockNetwork$MockNode. - identity-private-key not found in key store, generating fresh key!
?[m?[37m[INFO] 11:44:46,825 [Test worker] internal.InternalMockNetwork$MockNode. - Node-info has changed so submitting update. Old node-info was null
?[m?[37m[INFO] 11:44:46,825 [Test worker] network.PersistentNetworkMapCache. - Adding node with info: NodeInfo(addresses=[mock.node:1000], legalIdentitiesAndCerts=[O=ISSUER, L=London, C=GB], platformVersion=7, serial=1602067486825)
?[m?[37m[INFO] 11:44:46,825 [Test worker] network.PersistentNetworkMapCache. - No previous node found for O=ISSUER, L=London, C=GB
?[m?[37m[INFO] 11:44:46,826 [Test worker] internal.InternalMockNetwork$MockNode. - New node-info: NodeInfo(addresses=[mock.node:1000], legalIdentitiesAndCerts=[O=ISSUER, L=London, C=GB], platformVersion=7, serial=1602067486825)
?[m?[37m[INFO] 11:44:46,828 [Test worker] network.NetworkMapUpdater. - Auto-accept enabled for network parameter changes which modify only: [epoch, modifiedTime, packageOwnership, whitelistedContractImplementations]
?[m?[37m[INFO] 11:44:46,828 [Test worker] internal.MockNodeMessagingService. - Status change to true
?[m?[37m[INFO] 11:44:46,828 [Test worker] internal.InternalMockNetwork$MockNode. - MessagingService active change to: true
?[m?[37m[INFO] 11:44:46,829 [MockNode-57-2] network.PersistentNetworkMapCache. - Adding node with info: NodeInfo(addresses=[mock.node:1000], legalIdentitiesAndCerts=[O=ISSUER, L=London, C=GB], platformVersion=7, serial=1602067486825)
?[m?[37m[INFO] 11:44:46,831 [MockNode-57-2] network.PersistentNetworkMapCache. - Previous node was identical to incoming one - doing nothing
?[m?[37m[INFO] 11:44:46,840 [Test worker] ClassloaderUtils. - Contracts loading for '/var/folders/25/rhm4m5t16xjclwm998ppz_b40000gp/T/attachment6627303624880200085.jar' took 2 msec
?[m?[37m[INFO] 11:44:46,846 [Test worker] persistence.NodeAttachmentService. - Stored new attachment: id=D370FD972C7E07CE73F4F9B7886D226807F6B16C4EE287398B9C69384109DC14 uploader=app filename=Accounts SDK - States and Contracts
?[m?[37m[INFO] 11:44:46,850 [Test worker] ClassloaderUtils. - Contracts loading for '/var/folders/25/rhm4m5t16xjclwm998ppz_b40000gp/T/attachment8737922255853667083.jar' took 3 msec
?[m?[37m[INFO] 11:44:46,864 [Test worker] persistence.NodeAttachmentService. - Stored new attachment: id=A836B59D71384FC77EEE038AD03646FE8D1634D6C63B09FF03D29AA107D55B81 uploader=app filename=re-issuance - contracts
?[m?[37m[INFO] 11:44:46,886 [Test worker] ClassloaderUtils. - Contracts loading for '/var/folders/25/rhm4m5t16xjclwm998ppz_b40000gp/T/attachment9155296375791410056.jar' took 20 msec
?[m?[37m[INFO] 11:44:46,898 [Test worker] persistence.NodeAttachmentService. - Stored new attachment: id=34705DC9A2C8599998BBDBA7C3D13609AF04D8B3A772F7134D685ECC926D8320 uploader=app filename=Token SDK Contracts
?[m?[37m[INFO] 11:44:46,900 [Test worker] internal.InternalMockNetwork$MockNode. - Installed com.r3.corda.lib.accounts.workflows.services.KeyManagementBackedAccountService Corda service
?[m?[37m[INFO] 11:44:46,900 [Test worker] internal.InternalMockNetwork$MockNode. - Installed com.r3.corda.lib.tokens.selection.memory.services.VaultMigratorService Corda service
?[m?[37m[INFO] 11:44:46,900 [Test worker] cordapp.CordappConfigFileProvider. - Found config for cordapp tokens-workflows-1.2 in build/mock-network/20201007-104445.669/nodes/1/cordapps/config/tokens-workflows-1.2.conf
?[m?[31m[WARN] 11:44:46,900 [Test worker] inMemoryConfigSelectionLogger. - Did not detect a configuration for InMemory selection - enabling memory usage for token indexing. Please set stateSelection.inMemory.enabled to "false" to disable this
?[m?[31m[WARN] 11:44:46,900 [Test worker] inMemoryConfigSelectionLogger. - No indexing method specified. Indexes will be created at run-time for each invocation of selectTokens
?[m?[37m[INFO] 11:44:46,900 [Test worker] inMemoryConfigSelectionLogger. - Found in memory token selection configuration with values indexing strategy: [], cacheSize: 1024
?[m?[31m[WARN] 11:44:46,900 [Test worker] vault.NodeVaultService. - trackBy is called with an already existing, open DB transaction. As a result, there might be states missing from both the snapshot and observable, included in the returned data feed, because of race conditions.
?[m?[31m[WARN] 11:44:46,904 [Test worker] inMemoryConfigSelectionLogger. - Did not detect a configuration for InMemory selection - enabling memory usage for token indexing. Please set stateSelection.inMemory.enabled to "false" to disable this
?[m?[31m[WARN] 11:44:46,905 [Test worker] inMemoryConfigSelectionLogger. - No indexing method specified. Indexes will be created at run-time for each invocation of selectTokens
?[m?[37m[INFO] 11:44:46,905 [Test worker] inMemoryConfigSelectionLogger. - Found in memory token selection configuration with values indexing strategy: [], cacheSize: 1024
?[m?[37m[INFO] 11:44:46,905 [Test worker] services.VaultWatcherService. - Starting async token loading from vault
?[m?[37m[INFO] 11:44:46,905 [Test worker] internal.InternalMockNetwork$MockNode. - Installed com.r3.corda.lib.tokens.selection.memory.services.VaultWatcherService Corda service
?[m?[37m[INFO] 11:44:46,905 [Test worker] internal.InternalMockNetwork$MockNode. - Installed com.r3.dr.ledgergraph.attachment.AttachmentReaderService Corda service
?[m?[37m[INFO] 11:44:46,905 [Test worker] internal.InternalMockNetwork$MockNode. - Installed com.r3.dr.ledgergraph.networkparameters.NetworkParametersReaderService Corda service
?[m?[37m[INFO] 11:44:46,905 [Test worker] internal.InternalMockNetwork$MockNode. - Installed com.r3.dr.ledgergraph.services.ConfigurationService Corda service
?[m?[37m[INFO] 11:44:46,905 [Test worker] internal.InternalMockNetwork$MockNode. - Installed com.r3.dr.ledgergraph.services.LedgerGraphJMXService Corda service
?[m?[37m[INFO] 11:44:46,905 [Test worker] internal.InternalMockNetwork$MockNode. - Installed com.r3.dr.ledgergraph.services.LedgerGraphService Corda service
?[m?[37m[INFO] 11:44:46,905 [Test worker] internal.InternalMockNetwork$MockNode. - Installed com.r3.dr.ledgergraph.transaction.TransactionReaderService Corda service
?[m?[37m[INFO] 11:44:46,908 [pool-10-thread-1] services.VaultWatcherService. - publishing 0 to async state loading callback
?[m?[37m[INFO] 11:44:46,908 [pool-10-thread-1] services.VaultWatcherService. - received token vault update with 0 consumed states and: 0 produced states
?[m?[37m[INFO] 11:44:46,908 [pool-10-thread-1] services.VaultWatcherService. - finished token loading
?[m?[37m[INFO] 11:44:46,911 [Test worker] statemachine.SingleThreadedStateMachineManager. - Node ready, info: NodeInfo(addresses=[mock.node:1000], legalIdentitiesAndCerts=[O=ISSUER, L=London, C=GB], platformVersion=7, serial=1602067486825)
?[m?[37m[INFO] 11:44:46,914 [Test worker] network.PersistentNetworkMapCache. - Adding node with info: NodeInfo(addresses=[mock.node:1000], legalIdentitiesAndCerts=[O=Notary Service, L=Zurich, C=CH], platformVersion=7, serial=1602067486230)
?[m?[37m[INFO] 11:44:46,915 [Test worker] network.PersistentNetworkMapCache. - No previous node found for O=Notary Service, L=Zurich, C=CH
?[m?[37m[INFO] 11:44:46,918 [Thread-273] cordapp.CordappConfigFileProvider. - Found config for cordapp ledger-graph-1.2-SNAPSHOT in build/mock-network/20201007-104445.669/nodes/1/cordapps/config/ledger-graph-1.2-SNAPSHOT.conf
?[m?[37m[INFO] 11:44:46,918 [Thread-273] services.LedgerGraphService. - Configured transaction iterator page size: 100.
?[m?[37m[INFO] 11:44:46,918 [Thread-273] services.LedgerGraphService. - Configured transaction iterator pool size: 10.
?[m?[37m[INFO] 11:44:46,919 [Thread-273] services.LedgerGraphService. - Getting database transaction count...
?[m?[37m[INFO] 11:44:46,921 [Test worker] network.PersistentNetworkMapCache. - Adding node with info: NodeInfo(addresses=[mock.node:1000], legalIdentitiesAndCerts=[O=ISSUER, L=London, C=GB], platformVersion=7, serial=1602067486825)
?[m?[37m[INFO] 11:44:46,921 [Thread-273] services.LedgerGraphService. - Loading 0 transactions from database...
?[m?[37m[INFO] 11:44:46,923 [Test worker] network.PersistentNetworkMapCache. - No previous node found for O=ISSUER, L=London, C=GB
?[m?[37m[INFO] 11:44:46,924 [Thread-273] services.LedgerGraphService. - Done loading transactions from database after 0s.
?[m?[37m[INFO] 11:44:46,924 [Thread-273] services.LedgerGraphService. - The LedgerGraph service has now successfully been initialized.
?[m?[37m[INFO] 11:44:46,929 [Test worker] network.PersistentNetworkMapCache. - Adding node with info: NodeInfo(addresses=[mock.node:1000], legalIdentitiesAndCerts=[O=ISSUER, L=London, C=GB], platformVersion=7, serial=1602067486825)
?[m?[37m[INFO] 11:44:46,929 [Test worker] network.PersistentNetworkMapCache. - Previous node was identical to incoming one - doing nothing
?[m?[37m[INFO] 11:44:46,929 [Test worker] network.PersistentNetworkMapCache. - Adding node with info: NodeInfo(addresses=[mock.node:1000], legalIdentitiesAndCerts=[O=ISSUER, L=London, C=GB], platformVersion=7, serial=1602067486825)
?[m?[37m[INFO] 11:44:46,929 [Test worker] network.PersistentNetworkMapCache. - Previous node was identical to incoming one - doing nothing
?[m?[37m[INFO] 11:44:46,949 [Test worker] cordapp.JarScanningCordappLoader. - Looking for CorDapps in [build/mock-network/20201007-104445.669/nodes/2/cordapps]
?[m?[37m[INFO] 11:44:46,950 [Test worker] cordapp.JarScanningCordappLoader. - Loading CorDapps from RestrictedURL(url=file:/Users/agnieszkaszczepanska/workspace/reissue-sample-cordapp/workflows/build/mock-network/20201007-104445.669/nodes/2/cordapps/accounts-contracts-1.0.jar, rootPackageName=null), RestrictedURL(url=file:/Users/agnieszkaszczepanska/workspace/reissue-sample-cordapp/workflows/build/mock-network/20201007-104445.669/nodes/2/cordapps/accounts-workflows-1.0.jar, rootPackageName=null), RestrictedURL(url=file:/Users/agnieszkaszczepanska/workspace/reissue-sample-cordapp/workflows/build/mock-network/20201007-104445.669/nodes/2/cordapps/reissuance-cordapp-contracts-1.0-SNAPSHOT.jar, rootPackageName=null), RestrictedURL(url=file:/Users/agnieszkaszczepanska/workspace/reissue-sample-cordapp/workflows/build/mock-network/20201007-104445.669/nodes/2/cordapps/workflows.jar, rootPackageName=null), RestrictedURL(url=file:/Users/agnieszkaszczepanska/workspace/reissue-sample-cordapp/workflows/build/mock-network/20201007-104445.669/nodes/2/cordapps/reissuance-cordapp-workflows-1.0-SNAPSHOT.jar, rootPackageName=null), RestrictedURL(url=file:/Users/agnieszkaszczepanska/workspace/reissue-sample-cordapp/workflows/build/mock-network/20201007-104445.669/nodes/2/cordapps/ci-workflows-1.0.jar, rootPackageName=null), RestrictedURL(url=file:/Users/agnieszkaszczepanska/workspace/reissue-sample-cordapp/workflows/build/mock-network/20201007-104445.669/nodes/2/cordapps/tokens-contracts-1.2.jar, rootPackageName=null), RestrictedURL(url=file:/Users/agnieszkaszczepanska/workspace/reissue-sample-cordapp/workflows/build/mock-network/20201007-104445.669/nodes/2/cordapps/tokens-workflows-1.2.jar, rootPackageName=null), RestrictedURL(url=file:/Users/agnieszkaszczepanska/workspace/reissue-sample-cordapp/workflows/build/mock-network/20201007-104445.669/nodes/2/cordapps/ledger-graph-1.2-SNAPSHOT.jar, rootPackageName=null)
?[m?[37m[INFO] 11:44:46,950 [Test worker] cordapp.JarScanningCordappLoader. - Scanning CorDapp in file:/Users/agnieszkaszczepanska/workspace/reissue-sample-cordapp/workflows/build/mock-network/20201007-104445.669/nodes/2/cordapps/accounts-contracts-1.0.jar
?[m?[37m[INFO] 11:44:46,962 [Test worker] cordapp.JarScanningCordappLoader. - Scanning CorDapp in file:/Users/agnieszkaszczepanska/workspace/reissue-sample-cordapp/workflows/build/mock-network/20201007-104445.669/nodes/2/cordapps/accounts-workflows-1.0.jar
?[m?[37m[INFO] 11:44:46,971 [Test worker] cordapp.JarScanningCordappLoader. - Scanning CorDapp in file:/Users/agnieszkaszczepanska/workspace/reissue-sample-cordapp/workflows/build/mock-network/20201007-104445.669/nodes/2/cordapps/reissuance-cordapp-contracts-1.0-SNAPSHOT.jar
?[m?[37m[INFO] 11:44:46,978 [Test worker] cordapp.JarScanningCordappLoader. - Scanning CorDapp in file:/Users/agnieszkaszczepanska/workspace/reissue-sample-cordapp/workflows/build/mock-network/20201007-104445.669/nodes/2/cordapps/workflows.jar
?[m?[37m[INFO] 11:44:46,984 [Test worker] cordapp.JarScanningCordappLoader. - Scanning CorDapp in file:/Users/agnieszkaszczepanska/workspace/reissue-sample-cordapp/workflows/build/mock-network/20201007-104445.669/nodes/2/cordapps/reissuance-cordapp-workflows-1.0-SNAPSHOT.jar
?[m?[37m[INFO] 11:44:46,995 [Test worker] cordapp.JarScanningCordappLoader. - Scanning CorDapp in file:/Users/agnieszkaszczepanska/workspace/reissue-sample-cordapp/workflows/build/mock-network/20201007-104445.669/nodes/2/cordapps/ci-workflows-1.0.jar
?[m?[37m[INFO] 11:44:47,001 [Test worker] cordapp.JarScanningCordappLoader. - Scanning CorDapp in file:/Users/agnieszkaszczepanska/workspace/reissue-sample-cordapp/workflows/build/mock-network/20201007-104445.669/nodes/2/cordapps/tokens-contracts-1.2.jar
?[m?[37m[INFO] 11:44:47,008 [Test worker] cordapp.JarScanningCordappLoader. - Scanning CorDapp in file:/Users/agnieszkaszczepanska/workspace/reissue-sample-cordapp/workflows/build/mock-network/20201007-104445.669/nodes/2/cordapps/tokens-workflows-1.2.jar
?[m?[37m[INFO] 11:44:47,026 [Test worker] cordapp.JarScanningCordappLoader. - Scanning CorDapp in file:/Users/agnieszkaszczepanska/workspace/reissue-sample-cordapp/workflows/build/mock-network/20201007-104445.669/nodes/2/cordapps/ledger-graph-1.2-SNAPSHOT.jar
?[m?[37m[INFO] 11:44:47,050 [Test worker] internal.InternalMockNetwork$MockNode. - MessagingService active change to: false
?[m?[37m[INFO] 11:44:47,051 [Test worker] internal.InternalMockNetwork$MockNode. - Flow external operation executor has a max of 2 threads
?[m?[37m[INFO] 11:44:47,051 [Test worker] internal.InternalMockNetwork$MockNode. - Node starting up ...
?[m?[37m[INFO] 11:44:47,067 [Test worker] internal.NodeFlowManager. - Registered com.r3.corda.lib.accounts.workflows.flows.ShareStateAndSyncAccounts to initiate com.r3.corda.lib.accounts.workflows.flows.ReceiveStateAndSyncAccounts (version 1)
?[m?[37m[INFO] 11:44:47,067 [Test worker] internal.NodeFlowManager. - Registered com.r3.corda.lib.accounts.workflows.flows.ShareStateWithAccount to initiate com.r3.corda.lib.accounts.workflows.flows.ReceiveStateForAccount (version 1)
?[m?[37m[INFO] 11:44:47,067 [Test worker] internal.NodeFlowManager. - Registered com.r3.corda.lib.accounts.workflows.flows.RequestAccountInfo to initiate com.r3.corda.lib.accounts.workflows.flows.RequestAccountInfoHandler (version 1)
?[m?[37m[INFO] 11:44:47,067 [Test worker] internal.NodeFlowManager. - Registered com.r3.corda.lib.accounts.workflows.flows.RequestKeyForAccount to initiate com.r3.corda.lib.accounts.workflows.flows.SendKeyForAccount (version 1)
?[m?[37m[INFO] 11:44:47,067 [Test worker] internal.NodeFlowManager. - Registered com.r3.corda.lib.accounts.workflows.flows.ShareAccountInfo to initiate com.r3.corda.lib.accounts.workflows.flows.ShareAccountInfoHandler (version 1)
?[m?[37m[INFO] 11:44:47,067 [Test worker] internal.NodeFlowManager. - Registered net.corda.samples.reissuance.IssueDemoAppTokens to initiate net.corda.samples.reissuance.IssueDemoAppTokensResponder (version 1)
?[m?[37m[INFO] 11:44:47,067 [Test worker] internal.NodeFlowManager. - Registered net.corda.samples.reissuance.MoveDemoAppTokens to initiate net.corda.samples.reissuance.MoveDemoAppTokensResponder (version 1)
?[m?[37m[INFO] 11:44:47,067 [Test worker] internal.NodeFlowManager. - Registered net.corda.samples.reissuance.RedeemDemoAppTokens to initiate net.corda.samples.reissuance.RedeemDemoAppTokensResponder (version 1)
?[m?[37m[INFO] 11:44:47,067 [Test worker] internal.NodeFlowManager. - Registered com.r3.corda.lib.reissuance.flows.DeleteReIssuedStatesAndLock to initiate com.r3.corda.lib.reissuance.flows.DeleteReIssuedStatesAndLockResponder (version 1)
?[m?[37m[INFO] 11:44:47,067 [Test worker] internal.NodeFlowManager. - Registered com.r3.corda.lib.reissuance.flows.ReIssueStates to initiate com.r3.corda.lib.reissuance.flows.ReIssueStatesResponder (version 1)
?[m?[37m[INFO] 11:44:47,067 [Test worker] internal.NodeFlowManager. - Registered com.r3.corda.lib.reissuance.flows.RequestReIssuanceAndShareRequiredTransactions to initiate com.r3.corda.lib.reissuance.flows.ReceiveSignedTransaction (version 1)
?[m?[37m[INFO] 11:44:47,067 [Test worker] internal.NodeFlowManager. - Registered com.r3.corda.lib.reissuance.flows.RejectReIssuanceRequest to initiate com.r3.corda.lib.reissuance.flows.RejectReIssuanceRequestResponder (version 1)
?[m?[37m[INFO] 11:44:47,067 [Test worker] internal.NodeFlowManager. - Registered com.r3.corda.lib.reissuance.flows.RequestReIssuance to initiate com.r3.corda.lib.reissuance.flows.RequestReIssuanceResponder (version 1)
?[m?[37m[INFO] 11:44:47,067 [Test worker] internal.NodeFlowManager. - Registered com.r3.corda.lib.reissuance.flows.UnlockReIssuedStates to initiate com.r3.corda.lib.reissuance.flows.UnlockReIssuedStatesResponder (version 1)
?[m?[37m[INFO] 11:44:47,067 [Test worker] internal.NodeFlowManager. - Registered com.r3.corda.lib.reissuance.flows.example.dummyStateRequiringAcceptance.CreateDummyStateRequiringAcceptance to initiate com.r3.corda.lib.reissuance.flows.example.dummyStateRequiringAcceptance.CreateDummyStateRequiringAcceptanceResponder (version 1)
?[m?[37m[INFO] 11:44:47,067 [Test worker] internal.NodeFlowManager. - Registered com.r3.corda.lib.reissuance.flows.example.dummyStateRequiringAcceptance.DeleteDummyStateRequiringAcceptance to initiate com.r3.corda.lib.reissuance.flows.example.dummyStateRequiringAcceptance.DeleteDummyStateRequiringAcceptanceResponder (version 1)
?[m?[37m[INFO] 11:44:47,067 [Test worker] internal.NodeFlowManager. - Registered com.r3.corda.lib.reissuance.flows.example.dummyStateRequiringAcceptance.UpdateDummyStateRequiringAcceptance to initiate com.r3.corda.lib.reissuance.flows.example.dummyStateRequiringAcceptance.UpdateDummyStateRequiringAcceptanceResponder (version 1)
?[m?[37m[INFO] 11:44:47,067 [Test worker] internal.NodeFlowManager. - Registered com.r3.corda.lib.reissuance.flows.example.dummyStateRequiringAllParticipantsSignatures.CreateDummyStateRequiringAllParticipantsSignatures to initiate com.r3.corda.lib.reissuance.flows.example.dummyStateRequiringAllParticipantsSignatures.CreateDummyStateRequiringAllParticipantsSignaturesResponder (version 1)
?[m?[37m[INFO] 11:44:47,067 [Test worker] internal.NodeFlowManager. - Registered com.r3.corda.lib.reissuance.flows.example.dummyStateRequiringAllParticipantsSignatures.DeleteDummyStateRequiringAllParticipantsSignatures to initiate com.r3.corda.lib.reissuance.flows.example.dummyStateRequiringAllParticipantsSignatures.DeleteDummyStateRequiringAllParticipantsSignaturesResponder (version 1)
?[m?[37m[INFO] 11:44:47,067 [Test worker] internal.NodeFlowManager. - Registered com.r3.corda.lib.reissuance.flows.example.dummyStateRequiringAllParticipantsSignatures.UpdateDummyStateRequiringAllParticipantsSignatures to initiate com.r3.corda.lib.reissuance.flows.example.dummyStateRequiringAllParticipantsSignatures.UpdateDummyStateRequiringAllParticipantsSignaturesResponder (version 1)
?[m?[37m[INFO] 11:44:47,067 [Test worker] internal.NodeFlowManager. - Registered com.r3.corda.lib.reissuance.flows.example.dummyStateWithInvalidEqualsMethod.CreateDummyStateWithInvalidEqualsMethod to initiate com.r3.corda.lib.reissuance.flows.example.dummyStateWithInvalidEqualsMethod.CreateDummyStateRequiringAllParticipantsSignaturesResponder (version 1)
?[m?[37m[INFO] 11:44:47,067 [Test worker] internal.NodeFlowManager. - Registered com.r3.corda.lib.reissuance.flows.example.dummyStateWithInvalidEqualsMethod.DeleteDummyStateWithInvalidEqualsMethod to initiate com.r3.corda.lib.reissuance.flows.example.dummyStateWithInvalidEqualsMethod.DeleteDummyStateRequiringAllParticipantsSignaturesResponder (version 1)
?[m?[37m[INFO] 11:44:47,067 [Test worker] internal.NodeFlowManager. - Registered com.r3.corda.lib.reissuance.flows.example.dummyStateWithInvalidEqualsMethod.UpdateDummyStateWithInvalidEqualsMethod to initiate com.r3.corda.lib.reissuance.flows.example.dummyStateWithInvalidEqualsMethod.UpdateDummyStateWithInvalidEqualsMethodResponder (version 1)
?[m?[37m[INFO] 11:44:47,067 [Test worker] internal.NodeFlowManager. - Registered com.r3.corda.lib.reissuance.flows.example.simpleDummyState.CreateSimpleDummyStateForAccount to initiate com.r3.corda.lib.reissuance.flows.example.simpleDummyState.CreateSimpleDummyStateForAccountResponder (version 1)
?[m?[37m[INFO] 11:44:47,067 [Test worker] internal.NodeFlowManager. - Registered com.r3.corda.lib.reissuance.flows.example.simpleDummyState.CreateSimpleDummyState to initiate com.r3.corda.lib.reissuance.flows.example.simpleDummyState.CreateSimpleDummyStateResponder (version 1)
?[m?[37m[INFO] 11:44:47,067 [Test worker] internal.NodeFlowManager. - Registered com.r3.corda.lib.reissuance.flows.example.simpleDummyState.DeleteSimpleDummyStateForAccount to initiate com.r3.corda.lib.reissuance.flows.example.simpleDummyState.DeleteSimpleDummyStateForAccountResponder (version 1)
?[m?[37m[INFO] 11:44:47,067 [Test worker] internal.NodeFlowManager. - Registered com.r3.corda.lib.reissuance.flows.example.simpleDummyState.DeleteSimpleDummyState to initiate com.r3.corda.lib.reissuance.flows.example.simpleDummyState.DeleteSimpleDummyStateResponder (version 1)
?[m?[37m[INFO] 11:44:47,067 [Test worker] internal.NodeFlowManager. - Registered com.r3.corda.lib.reissuance.flows.example.simpleDummyState.UpdateSimpleDummyState to initiate com.r3.corda.lib.reissuance.flows.example.simpleDummyState.SimpleDummyStateResponder (version 1)
?[m?[37m[INFO] 11:44:47,067 [Test worker] internal.NodeFlowManager. - Registered com.r3.corda.lib.reissuance.flows.example.simpleDummyState.UpdateSimpleDummyStateForAccount to initiate com.r3.corda.lib.reissuance.flows.example.simpleDummyState.UpdateSimpleDummyStateForAccountResponder (version 1)
?[m?[37m[INFO] 11:44:47,068 [Test worker] internal.NodeFlowManager. - Registered com.r3.corda.lib.reissuance.flows.example.tokens.IssueTokens to initiate com.r3.corda.lib.reissuance.flows.example.tokens.IssueTokensResponder (version 1)
?[m?[37m[INFO] 11:44:47,068 [Test worker] internal.NodeFlowManager. - Registered com.r3.corda.lib.reissuance.flows.example.tokens.RedeemTokens to initiate com.r3.corda.lib.reissuance.flows.example.tokens.RedeemTokensResponder (version 1)
?[m?[37m[INFO] 11:44:47,068 [Test worker] internal.NodeFlowManager. - Registered com.r3.corda.lib.reissuance.flows.example.tokens.TransferTokens to initiate com.r3.corda.lib.reissuance.flows.example.tokens.TransferTokensResponder (version 1)
?[m?[37m[INFO] 11:44:47,068 [Test worker] internal.NodeFlowManager. - Registered com.r3.corda.lib.ci.workflows.RequestKeyForUUIDInitiator to initiate com.r3.corda.lib.ci.workflows.RequestKeyForUUIDResponder (version 1)
?[m?[37m[INFO] 11:44:47,068 [Test worker] internal.NodeFlowManager. - Registered com.r3.corda.lib.ci.workflows.RequestKey to initiate com.r3.corda.lib.ci.workflows.RequestKeyResponder (version 1)
?[m?[37m[INFO] 11:44:47,068 [Test worker] internal.NodeFlowManager. - Registered com.r3.corda.lib.ci.workflows.SyncKeyMappingInitiator to initiate com.r3.corda.lib.ci.workflows.SyncKeyMappingResponder (version 1)
?[m?[37m[INFO] 11:44:47,068 [Test worker] internal.NodeFlowManager. - Registered com.r3.corda.lib.ci.workflows.VerifyAndAddKey to initiate com.r3.corda.lib.ci.workflows.VerifyAndAddKeyResponder (version 1)
?[m?[37m[INFO] 11:44:47,068 [Test worker] internal.NodeFlowManager. - Registered com.r3.corda.lib.tokens.workflows.flows.rpc.ConfidentialIssueTokens to initiate com.r3.corda.lib.tokens.workflows.flows.rpc.ConfidentialIssueTokensHandler (version 1)
?[m?[37m[INFO] 11:44:47,068 [Test worker] internal.NodeFlowManager. - Registered com.r3.corda.lib.tokens.workflows.flows.rpc.ConfidentialMoveFungibleTokens to initiate com.r3.corda.lib.tokens.workflows.flows.rpc.ConfidentialMoveFungibleTokensHandler (version 1)
?[m?[37m[INFO] 11:44:47,068 [Test worker] internal.NodeFlowManager. - Registered com.r3.corda.lib.tokens.workflows.flows.rpc.ConfidentialMoveNonFungibleTokens to initiate com.r3.corda.lib.tokens.workflows.flows.rpc.ConfidentialMoveNonFungibleTokensHandler (version 1)
?[m?[37m[INFO] 11:44:47,068 [Test worker] internal.NodeFlowManager. - Registered com.r3.corda.lib.tokens.workflows.flows.rpc.ConfidentialRedeemFungibleTokens to initiate com.r3.corda.lib.tokens.workflows.flows.rpc.ConfidentialRedeemFungibleTokensHandler (version 1)
?[m?[37m[INFO] 11:44:47,068 [Test worker] internal.NodeFlowManager. - Registered com.r3.corda.lib.tokens.workflows.flows.rpc.CreateEvolvableTokens to initiate com.r3.corda.lib.tokens.workflows.flows.rpc.CreateEvolvableTokensHandler (version 1)
?[m?[37m[INFO] 11:44:47,068 [Test worker] internal.NodeFlowManager. - Registered com.r3.corda.lib.tokens.workflows.flows.rpc.IssueTokens to initiate com.r3.corda.lib.tokens.workflows.flows.rpc.IssueTokensHandler (version 1)
?[m?[37m[INFO] 11:44:47,068 [Test worker] internal.NodeFlowManager. - Registered com.r3.corda.lib.tokens.workflows.flows.rpc.MoveFungibleTokens to initiate com.r3.corda.lib.tokens.workflows.flows.rpc.MoveFungibleTokensHandler (version 1)
?[m?[37m[INFO] 11:44:47,068 [Test worker] internal.NodeFlowManager. - Registered com.r3.corda.lib.tokens.workflows.flows.rpc.MoveNonFungibleTokens to initiate com.r3.corda.lib.tokens.workflows.flows.rpc.MoveNonFungibleTokensHandler (version 1)
?[m?[37m[INFO] 11:44:47,068 [Test worker] internal.NodeFlowManager. - Registered com.r3.corda.lib.tokens.workflows.flows.rpc.RedeemFungibleTokens to initiate com.r3.corda.lib.tokens.workflows.flows.rpc.RedeemFungibleTokensHandler (version 1)
?[m?[37m[INFO] 11:44:47,068 [Test worker] internal.NodeFlowManager. - Registered com.r3.corda.lib.tokens.workflows.flows.rpc.RedeemNonFungibleTokens to initiate com.r3.corda.lib.tokens.workflows.flows.rpc.RedeemNonFungibleTokensHandler (version 1)
?[m?[37m[INFO] 11:44:47,068 [Test worker] internal.NodeFlowManager. - Registered com.r3.corda.lib.tokens.workflows.flows.rpc.UpdateEvolvableToken to initiate com.r3.corda.lib.tokens.workflows.flows.rpc.UpdateEvolvableTokenHandler (version 1)
?[m?[37m[INFO] 11:44:47,068 [Test worker] internal.NodeFlowManager. - Registered com.r3.corda.lib.tokens.workflows.internal.flows.distribution.RequestAdditionToDistributionList$Initiator to initiate com.r3.corda.lib.tokens.workflows.internal.flows.distribution.RequestAdditionToDistributionList$Responder (version 1)
?[m?[37m[INFO] 11:44:47,068 [Test worker] internal.NodeFlowManager. - Registered com.r3.corda.lib.tokens.workflows.internal.flows.distribution.UpdateDistributionListFlow to initiate com.r3.corda.lib.tokens.workflows.internal.flows.distribution.UpdateDistributionListFlowHandler (version 1)
?[m?[37m[INFO] 11:44:47,068 [Test worker] internal.NodeFlowManager. - Registered com.r3.corda.lib.tokens.workflows.internal.testflows.DvPFlow to initiate com.r3.corda.lib.tokens.workflows.internal.testflows.DvPFlowHandler (version 1)
?[m?[37m[INFO] 11:44:47,069 [Test worker] internal.InternalMockNetwork$MockNode. - Loaded network parameters: NetworkParameters {
      minimumPlatformVersion=4
      notaries=[NotaryInfo(identity=O=Notary Service, L=Zurich, C=CH, validating=false)]
      maxMessageSize=10485760
      maxTransactionSize=524288000
      whitelistedContractImplementations {
        
      }
      eventHorizon=PT720H
      packageOwnership {
        
      }
      modifiedTime=2020-10-07T10:44:45.669Z
      epoch=1
  }
?[m?[37m[INFO] 11:44:47,069 [Test worker] hikari.HikariDataSource. - HikariPool-58 - Starting...
?[m?[37m[INFO] 11:44:47,070 [Test worker] hikari.HikariDataSource. - HikariPool-58 - Start completed.
?[m?[37m[INFO] 11:44:47,159 [Test worker] changelog.StandardChangeLogHistoryService. - Creating database history table with name: PUBLIC.DATABASECHANGELOG
?[m?[37m[INFO] 11:44:47,159 [Test worker] jvm.JdbcExecutor. - CREATE TABLE PUBLIC.DATABASECHANGELOG (ID VARCHAR(255) NOT NULL, AUTHOR VARCHAR(255) NOT NULL, FILENAME VARCHAR(255) NOT NULL, DATEEXECUTED TIMESTAMP NOT NULL, ORDEREXECUTED INT NOT NULL, EXECTYPE VARCHAR(10) NOT NULL, MD5SUM VARCHAR(35), DESCRIPTION VARCHAR(255), COMMENTS VARCHAR(255), TAG VARCHAR(255), LIQUIBASE VARCHAR(20), CONTEXTS VARCHAR(255), LABELS VARCHAR(255), DEPLOYMENT_ID VARCHAR(10))
?[m?[37m[INFO] 11:44:47,159 [Test worker] jvm.JdbcExecutor. - SELECT COUNT(*) FROM PUBLIC.DATABASECHANGELOG
?[m?[37m[INFO] 11:44:47,159 [Test worker] changelog.StandardChangeLogHistoryService. - Reading from PUBLIC.DATABASECHANGELOG
?[m?[37m[INFO] 11:44:47,159 [Test worker] jvm.JdbcExecutor. - SELECT * FROM PUBLIC.DATABASECHANGELOG ORDER BY DATEEXECUTED ASC, ORDEREXECUTED ASC
?[m?[37m[INFO] 11:44:47,159 [Test worker] jvm.JdbcExecutor. - SELECT COUNT(*) FROM PUBLIC.DATABASECHANGELOGLOCK
?[m?[37m[INFO] 11:44:47,159 [Test worker] jvm.JdbcExecutor. - CREATE TABLE PUBLIC.DATABASECHANGELOGLOCK (ID INT NOT NULL, LOCKED BOOLEAN NOT NULL, LOCKGRANTED TIMESTAMP, LOCKEDBY VARCHAR(255), CONSTRAINT PK_DATABASECHANGELOGLOCK PRIMARY KEY (ID))
?[m?[37m[INFO] 11:44:47,159 [Test worker] jvm.JdbcExecutor. - SELECT COUNT(*) FROM PUBLIC.DATABASECHANGELOGLOCK
?[m?[37m[INFO] 11:44:47,160 [Test worker] jvm.JdbcExecutor. - DELETE FROM PUBLIC.DATABASECHANGELOGLOCK
?[m?[37m[INFO] 11:44:47,160 [Test worker] jvm.JdbcExecutor. - INSERT INTO PUBLIC.DATABASECHANGELOGLOCK (ID, LOCKED) VALUES (1, FALSE)
?[m?[37m[INFO] 11:44:47,163 [Test worker] visitor.ValidatingVisitor. - Skipping change set migration/vault-schema.changelog-pkey.xml::non-clustered_pk-11::R3.Corda due to validation error(s): clustered is not allowed on h2 {changeSet=migration/vault-schema.changelog-pkey.xml::non-clustered_pk-11::R3.Corda, databaseChangeLog=master.changelog.json}
?[m?[37m[INFO] 11:44:47,164 [Test worker] visitor.ValidatingVisitor. - Skipping change set migration/vault-schema.changelog-pkey.xml::non-clustered_pk-12::R3.Corda due to validation error(s): clustered is not allowed on h2 {changeSet=migration/vault-schema.changelog-pkey.xml::non-clustered_pk-12::R3.Corda, databaseChangeLog=master.changelog.json}
?[m?[37m[INFO] 11:44:47,164 [Test worker] visitor.ValidatingVisitor. - Skipping change set migration/vault-schema.changelog-pkey.xml::non-clustered_pk-13::R3.Corda due to validation error(s): clustered is not allowed on h2 {changeSet=migration/vault-schema.changelog-pkey.xml::non-clustered_pk-13::R3.Corda, databaseChangeLog=master.changelog.json}
?[m?[37m[INFO] 11:44:47,170 [Test worker] visitor.ValidatingVisitor. - Skipping change set migration/node-core.changelog-pkey.xml::non-clustered_pk-1::R3.Corda due to validation error(s): clustered is not allowed on h2 {changeSet=migration/node-core.changelog-pkey.xml::non-clustered_pk-1::R3.Corda, databaseChangeLog=master.changelog.json}
?[m?[37m[INFO] 11:44:47,170 [Test worker] visitor.ValidatingVisitor. - Skipping change set migration/node-core.changelog-pkey.xml::non-clustered_pk-2::R3.Corda due to validation error(s): clustered is not allowed on h2 {changeSet=migration/node-core.changelog-pkey.xml::non-clustered_pk-2::R3.Corda, databaseChangeLog=master.changelog.json}
?[m?[37m[INFO] 11:44:47,170 [Test worker] visitor.ValidatingVisitor. - Skipping change set migration/node-core.changelog-pkey.xml::non-clustered_pk-3::R3.Corda due to validation error(s): clustered is not allowed on h2 {changeSet=migration/node-core.changelog-pkey.xml::non-clustered_pk-3::R3.Corda, databaseChangeLog=master.changelog.json}
?[m?[37m[INFO] 11:44:47,171 [Test worker] visitor.ValidatingVisitor. - Skipping change set migration/node-core.changelog-pkey.xml::non-clustered_pk-4::R3.Corda due to validation error(s): clustered is not allowed on h2 {changeSet=migration/node-core.changelog-pkey.xml::non-clustered_pk-4::R3.Corda, databaseChangeLog=master.changelog.json}
?[m?[37m[INFO] 11:44:47,171 [Test worker] visitor.ValidatingVisitor. - Skipping change set migration/node-core.changelog-pkey.xml::non-clustered_pk-5::R3.Corda due to validation error(s): clustered is not allowed on h2 {changeSet=migration/node-core.changelog-pkey.xml::non-clustered_pk-5::R3.Corda, databaseChangeLog=master.changelog.json}
?[m?[37m[INFO] 11:44:47,171 [Test worker] visitor.ValidatingVisitor. - Skipping change set migration/node-core.changelog-pkey.xml::non-clustered_pk-6::R3.Corda due to validation error(s): clustered is not allowed on h2 {changeSet=migration/node-core.changelog-pkey.xml::non-clustered_pk-6::R3.Corda, databaseChangeLog=master.changelog.json}
?[m?[37m[INFO] 11:44:47,171 [Test worker] visitor.ValidatingVisitor. - Skipping change set migration/node-core.changelog-pkey.xml::non-clustered_pk-7::R3.Corda due to validation error(s): clustered is not allowed on h2 {changeSet=migration/node-core.changelog-pkey.xml::non-clustered_pk-7::R3.Corda, databaseChangeLog=master.changelog.json}
?[m?[37m[INFO] 11:44:47,174 [Test worker] jvm.JdbcExecutor. - SELECT COUNT(*) FROM PUBLIC.DATABASECHANGELOGLOCK
?[m?[37m[INFO] 11:44:47,175 [Test worker] jvm.JdbcExecutor. - SELECT LOCKED FROM PUBLIC.DATABASECHANGELOGLOCK WHERE ID=1
?[m?[37m[INFO] 11:44:47,175 [Test worker] lockservice.StandardLockService. - Successfully acquired change log lock
?[m?[37m[INFO] 11:44:47,177 [Test worker] visitor.ValidatingVisitor. - Skipping change set migration/vault-schema.changelog-pkey.xml::non-clustered_pk-11::R3.Corda due to validation error(s): clustered is not allowed on h2 {changeSet=migration/vault-schema.changelog-pkey.xml::non-clustered_pk-11::R3.Corda, databaseChangeLog=master.changelog.json}
?[m?[37m[INFO] 11:44:47,178 [Test worker] visitor.ValidatingVisitor. - Skipping change set migration/vault-schema.changelog-pkey.xml::non-clustered_pk-12::R3.Corda due to validation error(s): clustered is not allowed on h2 {changeSet=migration/vault-schema.changelog-pkey.xml::non-clustered_pk-12::R3.Corda, databaseChangeLog=master.changelog.json}
?[m?[37m[INFO] 11:44:47,178 [Test worker] visitor.ValidatingVisitor. - Skipping change set migration/vault-schema.changelog-pkey.xml::non-clustered_pk-13::R3.Corda due to validation error(s): clustered is not allowed on h2 {changeSet=migration/vault-schema.changelog-pkey.xml::non-clustered_pk-13::R3.Corda, databaseChangeLog=master.changelog.json}
?[m?[37m[INFO] 11:44:47,180 [Test worker] visitor.ValidatingVisitor. - Skipping change set migration/node-core.changelog-pkey.xml::non-clustered_pk-1::R3.Corda due to validation error(s): clustered is not allowed on h2 {changeSet=migration/node-core.changelog-pkey.xml::non-clustered_pk-1::R3.Corda, databaseChangeLog=master.changelog.json}
?[m?[37m[INFO] 11:44:47,180 [Test worker] visitor.ValidatingVisitor. - Skipping change set migration/node-core.changelog-pkey.xml::non-clustered_pk-2::R3.Corda due to validation error(s): clustered is not allowed on h2 {changeSet=migration/node-core.changelog-pkey.xml::non-clustered_pk-2::R3.Corda, databaseChangeLog=master.changelog.json}
?[m?[37m[INFO] 11:44:47,180 [Test worker] visitor.ValidatingVisitor. - Skipping change set migration/node-core.changelog-pkey.xml::non-clustered_pk-3::R3.Corda due to validation error(s): clustered is not allowed on h2 {changeSet=migration/node-core.changelog-pkey.xml::non-clustered_pk-3::R3.Corda, databaseChangeLog=master.changelog.json}
?[m?[37m[INFO] 11:44:47,180 [Test worker] visitor.ValidatingVisitor. - Skipping change set migration/node-core.changelog-pkey.xml::non-clustered_pk-4::R3.Corda due to validation error(s): clustered is not allowed on h2 {changeSet=migration/node-core.changelog-pkey.xml::non-clustered_pk-4::R3.Corda, databaseChangeLog=master.changelog.json}
?[m?[37m[INFO] 11:44:47,180 [Test worker] visitor.ValidatingVisitor. - Skipping change set migration/node-core.changelog-pkey.xml::non-clustered_pk-5::R3.Corda due to validation error(s): clustered is not allowed on h2 {changeSet=migration/node-core.changelog-pkey.xml::non-clustered_pk-5::R3.Corda, databaseChangeLog=master.changelog.json}
?[m?[37m[INFO] 11:44:47,180 [Test worker] visitor.ValidatingVisitor. - Skipping change set migration/node-core.changelog-pkey.xml::non-clustered_pk-6::R3.Corda due to validation error(s): clustered is not allowed on h2 {changeSet=migration/node-core.changelog-pkey.xml::non-clustered_pk-6::R3.Corda, databaseChangeLog=master.changelog.json}
?[m?[37m[INFO] 11:44:47,180 [Test worker] visitor.ValidatingVisitor. - Skipping change set migration/node-core.changelog-pkey.xml::non-clustered_pk-7::R3.Corda due to validation error(s): clustered is not allowed on h2 {changeSet=migration/node-core.changelog-pkey.xml::non-clustered_pk-7::R3.Corda, databaseChangeLog=master.changelog.json}
?[m?[37m[INFO] 11:44:47,181 [Test worker] jvm.JdbcExecutor. - SELECT SEQUENCE_NAME FROM INFORMATION_SCHEMA.SEQUENCES WHERE SEQUENCE_SCHEMA = 'null' AND IS_GENERATED=FALSE {changeSet=migration/common.changelog-init.xml::1511451595465-1.1::R3.Corda, databaseChangeLog=master.changelog.json}
?[m?[37m[INFO] 11:44:47,182 [Test worker] jvm.JdbcExecutor. - SELECT SEQUENCE_NAME FROM INFORMATION_SCHEMA.SEQUENCES WHERE SEQUENCE_SCHEMA = 'PUBLIC' AND IS_GENERATED=FALSE {changeSet=migration/common.changelog-init.xml::1511451595465-1.1::R3.Corda, databaseChangeLog=master.changelog.json}
?[m?[37m[INFO] 11:44:47,182 [Test worker] jvm.JdbcExecutor. - CREATE SEQUENCE PUBLIC.hibernate_sequence {changeSet=migration/common.changelog-init.xml::1511451595465-1.1::R3.Corda, databaseChangeLog=master.changelog.json}
?[m?[37m[INFO] 11:44:47,182 [Test worker] changelog.ChangeSet. - Sequence hibernate_sequence created {changeSet=migration/common.changelog-init.xml::1511451595465-1.1::R3.Corda, databaseChangeLog=master.changelog.json}
?[m?[37m[INFO] 11:44:47,182 [Test worker] changelog.ChangeSet. - ChangeSet migration/common.changelog-init.xml::1511451595465-1.1::R3.Corda ran successfully in 1ms {changeSet=migration/common.changelog-init.xml::1511451595465-1.1::R3.Corda, databaseChangeLog=master.changelog.json}
?[m?[37m[INFO] 11:44:47,182 [Test worker] jvm.JdbcExecutor. - SELECT MAX(ORDEREXECUTED) FROM PUBLIC.DATABASECHANGELOG {changeSet=migration/common.changelog-init.xml::1511451595465-1.1::R3.Corda, databaseChangeLog=master.changelog.json}
?[m?[37m[INFO] 11:44:47,183 [Test worker] jvm.JdbcExecutor. - INSERT INTO PUBLIC.DATABASECHANGELOG (ID, AUTHOR, FILENAME, DATEEXECUTED, ORDEREXECUTED, MD5SUM, DESCRIPTION, COMMENTS, EXECTYPE, CONTEXTS, LABELS, LIQUIBASE, DEPLOYMENT_ID) VALUES ('1511451595465-1.1', 'R3.Corda', 'migration/common.changelog-init.xml', NOW(), 1, '8:9df4ee4464a4a10dfcf2717c73a52620', 'createSequence sequenceName=hibernate_sequence', '', 'EXECUTED', NULL, NULL, '3.6.3', '2067487175') {changeSet=migration/common.changelog-init.xml::1511451595465-1.1::R3.Corda, databaseChangeLog=master.changelog.json}
?[m?[37m[INFO] 11:44:47,183 [Test worker] jvm.JdbcExecutor. - CREATE TABLE PUBLIC.vault_fungible_states (output_index INT NOT NULL, transaction_id NVARCHAR(64) NOT NULL, issuer_name NVARCHAR(255), issuer_ref VARBINARY(512), owner_name NVARCHAR(255), quantity BIGINT) {changeSet=migration/vault-schema.changelog-init.xml::1511451595465-22::R3.Corda, databaseChangeLog=master.changelog.json}
?[m?[37m[INFO] 11:44:47,183 [Test worker] changelog.ChangeSet. - Table vault_fungible_states created {changeSet=migration/vault-schema.changelog-init.xml::1511451595465-22::R3.Corda, databaseChangeLog=master.changelog.json}
?[m?[37m[INFO] 11:44:47,183 [Test worker] changelog.ChangeSet. - ChangeSet migration/vault-schema.changelog-init.xml::1511451595465-22::R3.Corda ran successfully in 0ms {changeSet=migration/vault-schema.changelog-init.xml::1511451595465-22::R3.Corda, databaseChangeLog=master.changelog.json}
?[m?[37m[INFO] 11:44:47,184 [Test worker] jvm.JdbcExecutor. - INSERT INTO PUBLIC.DATABASECHANGELOG (ID, AUTHOR, FILENAME, DATEEXECUTED, ORDEREXECUTED, MD5SUM, DESCRIPTION, COMMENTS, EXECTYPE, CONTEXTS, LABELS, LIQUIBASE, DEPLOYMENT_ID) VALUES ('1511451595465-22', 'R3.Corda', 'migration/vault-schema.changelog-init.xml', NOW(), 2, '8:4ae481f11ac84744a4392bbfd533fa75', 'createTable tableName=vault_fungible_states', '', 'EXECUTED', NULL, NULL, '3.6.3', '2067487175') {changeSet=migration/vault-schema.changelog-init.xml::1511451595465-22::R3.Corda, databaseChangeLog=master.changelog.json}
?[m?[37m[INFO] 11:44:47,184 [Test worker] jvm.JdbcExecutor. - CREATE TABLE PUBLIC.vault_fungible_states_parts (output_index INT NOT NULL, transaction_id NVARCHAR(64) NOT NULL, participants NVARCHAR(255)) {changeSet=migration/vault-schema.changelog-init.xml::1511451595465-23::R3.Corda, databaseChangeLog=master.changelog.json}
?[m?[37m[INFO] 11:44:47,184 [Test worker] changelog.ChangeSet. - Table vault_fungible_states_parts created {changeSet=migration/vault-schema.changelog-init.xml::1511451595465-23::R3.Corda, databaseChangeLog=master.changelog.json}
?[m?[37m[INFO] 11:44:47,184 [Test worker] changelog.ChangeSet. - ChangeSet migration/vault-schema.changelog-init.xml::1511451595465-23::R3.Corda ran successfully in 0ms {changeSet=migration/vault-schema.changelog-init.xml::1511451595465-23::R3.Corda, databaseChangeLog=master.changelog.json}
?[m?[37m[INFO] 11:44:47,184 [Test worker] jvm.JdbcExecutor. - INSERT INTO PUBLIC.DATABASECHANGELOG (ID, AUTHOR, FILENAME, DATEEXECUTED, ORDEREXECUTED, MD5SUM, DESCRIPTION, COMMENTS, EXECTYPE, CONTEXTS, LABELS, LIQUIBASE, DEPLOYMENT_ID) VALUES ('1511451595465-23', 'R3.Corda', 'migration/vault-schema.changelog-init.xml', NOW(), 3, '8:3222255d3b2e04b9dfad42d9acab103e', 'createTable tableName=vault_fungible_states_parts', '', 'EXECUTED', NULL, NULL, '3.6.3', '2067487175') {changeSet=migration/vault-schema.changelog-init.xml::1511451595465-23::R3.Corda, databaseChangeLog=master.changelog.json}
?[m?[37m[INFO] 11:44:47,184 [Test worker] jvm.JdbcExecutor. - CREATE TABLE PUBLIC.vault_linear_states (output_index INT NOT NULL, transaction_id NVARCHAR(64) NOT NULL, external_id NVARCHAR(255), uuid VARCHAR(255) NOT NULL) {changeSet=migration/vault-schema.changelog-init.xml::1511451595465-24::R3.Corda, databaseChangeLog=master.changelog.json}
?[m?[37m[INFO] 11:44:47,184 [Test worker] changelog.ChangeSet. - Table vault_linear_states created {changeSet=migration/vault-schema.changelog-init.xml::1511451595465-24::R3.Corda, databaseChangeLog=master.changelog.json}
?[m?[37m[INFO] 11:44:47,184 [Test worker] changelog.ChangeSet. - ChangeSet migration/vault-schema.changelog-init.xml::1511451595465-24::R3.Corda ran successfully in 0ms {changeSet=migration/vault-schema.changelog-init.xml::1511451595465-24::R3.Corda, databaseChangeLog=master.changelog.json}
?[m?[37m[INFO] 11:44:47,184 [Test worker] jvm.JdbcExecutor. - INSERT INTO PUBLIC.DATABASECHANGELOG (ID, AUTHOR, FILENAME, DATEEXECUTED, ORDEREXECUTED, MD5SUM, DESCRIPTION, COMMENTS, EXECTYPE, CONTEXTS, LABELS, LIQUIBASE, DEPLOYMENT_ID) VALUES ('1511451595465-24', 'R3.Corda', 'migration/vault-schema.changelog-init.xml', NOW(), 4, '8:fb2c5b52213239424320d137dc22059b', 'createTable tableName=vault_linear_states', '', 'EXECUTED', NULL, NULL, '3.6.3', '2067487175') {changeSet=migration/vault-schema.changelog-init.xml::1511451595465-24::R3.Corda, databaseChangeLog=master.changelog.json}
?[m?[37m[INFO] 11:44:47,185 [Test worker] jvm.JdbcExecutor. - CREATE TABLE PUBLIC.vault_linear_states_parts (output_index INT NOT NULL, transaction_id NVARCHAR(64) NOT NULL, participants NVARCHAR(255)) {changeSet=migration/vault-schema.changelog-init.xml::1511451595465-25::R3.Corda, databaseChangeLog=master.changelog.json}
?[m?[37m[INFO] 11:44:47,185 [Test worker] changelog.ChangeSet. - Table vault_linear_states_parts created {changeSet=migration/vault-schema.changelog-init.xml::1511451595465-25::R3.Corda, databaseChangeLog=master.changelog.json}
?[m?[37m[INFO] 11:44:47,185 [Test worker] changelog.ChangeSet. - ChangeSet migration/vault-schema.changelog-init.xml::1511451595465-25::R3.Corda ran successfully in 0ms {changeSet=migration/vault-schema.changelog-init.xml::1511451595465-25::R3.Corda, databaseChangeLog=master.changelog.json}
?[m?[37m[INFO] 11:44:47,185 [Test worker] jvm.JdbcExecutor. - INSERT INTO PUBLIC.DATABASECHANGELOG (ID, AUTHOR, FILENAME, DATEEXECUTED, ORDEREXECUTED, MD5SUM, DESCRIPTION, COMMENTS, EXECTYPE, CONTEXTS, LABELS, LIQUIBASE, DEPLOYMENT_ID) VALUES ('1511451595465-25', 'R3.Corda', 'migration/vault-schema.changelog-init.xml', NOW(), 5, '8:ccb2ca1b37c0eeb2ac12506f17bc8ee0', 'createTable tableName=vault_linear_states_parts', '', 'EXECUTED', NULL, NULL, '3.6.3', '2067487175') {changeSet=migration/vault-schema.changelog-init.xml::1511451595465-25::R3.Corda, databaseChangeLog=master.changelog.json}
?[m?[37m[INFO] 11:44:47,185 [Test worker] jvm.JdbcExecutor. - CREATE TABLE PUBLIC.vault_states (output_index INT NOT NULL, transaction_id NVARCHAR(64) NOT NULL, consumed_timestamp TIMESTAMP, contract_state_class_name NVARCHAR(255), lock_id NVARCHAR(255), lock_timestamp TIMESTAMP, notary_name NVARCHAR(255), recorded_timestamp TIMESTAMP, state_status INT) {changeSet=migration/vault-schema.changelog-init.xml::1511451595465-26::R3.Corda, databaseChangeLog=master.changelog.json}
?[m?[37m[INFO] 11:44:47,185 [Test worker] changelog.ChangeSet. - Table vault_states created {changeSet=migration/vault-schema.changelog-init.xml::1511451595465-26::R3.Corda, databaseChangeLog=master.changelog.json}
?[m?[37m[INFO] 11:44:47,185 [Test worker] changelog.ChangeSet. - ChangeSet migration/vault-schema.changelog-init.xml::1511451595465-26::R3.Corda ran successfully in 0ms {changeSet=migration/vault-schema.changelog-init.xml::1511451595465-26::R3.Corda, databaseChangeLog=master.changelog.json}
?[m?[37m[INFO] 11:44:47,186 [Test worker] jvm.JdbcExecutor. - INSERT INTO PUBLIC.DATABASECHANGELOG (ID, AUTHOR, FILENAME, DATEEXECUTED, ORDEREXECUTED, MD5SUM, DESCRIPTION, COMMENTS, EXECTYPE, CONTEXTS, LABELS, LIQUIBASE, DEPLOYMENT_ID) VALUES ('1511451595465-26', 'R3.Corda', 'migration/vault-schema.changelog-init.xml', NOW(), 6, '8:971edadc2af9e847ed490f418530d40b', 'createTable tableName=vault_states', '', 'EXECUTED', NULL, NULL, '3.6.3', '2067487175') {changeSet=migration/vault-schema.changelog-init.xml::1511451595465-26::R3.Corda, databaseChangeLog=master.changelog.json}
?[m?[37m[INFO] 11:44:47,186 [Test worker] jvm.JdbcExecutor. - CREATE TABLE PUBLIC.vault_transaction_notes (seq_no INT NOT NULL, note NVARCHAR(255), transaction_id NVARCHAR(64)) {changeSet=migration/vault-schema.changelog-init.xml::1511451595465-27::R3.Corda, databaseChangeLog=master.changelog.json}
?[m?[37m[INFO] 11:44:47,186 [Test worker] changelog.ChangeSet. - Table vault_transaction_notes created {changeSet=migration/vault-schema.changelog-init.xml::1511451595465-27::R3.Corda, databaseChangeLog=master.changelog.json}
?[m?[37m[INFO] 11:44:47,186 [Test worker] changelog.ChangeSet. - ChangeSet migration/vault-schema.changelog-init.xml::1511451595465-27::R3.Corda ran successfully in 0ms {changeSet=migration/vault-schema.changelog-init.xml::1511451595465-27::R3.Corda, databaseChangeLog=master.changelog.json}
?[m?[37m[INFO] 11:44:47,186 [Test worker] jvm.JdbcExecutor. - INSERT INTO PUBLIC.DATABASECHANGELOG (ID, AUTHOR, FILENAME, DATEEXECUTED, ORDEREXECUTED, MD5SUM, DESCRIPTION, COMMENTS, EXECTYPE, CONTEXTS, LABELS, LIQUIBASE, DEPLOYMENT_ID) VALUES ('1511451595465-27', 'R3.Corda', 'migration/vault-schema.changelog-init.xml', NOW(), 7, '8:7a8064e58d100a02ed56e538122296e4', 'createTable tableName=vault_transaction_notes', '', 'EXECUTED', NULL, NULL, '3.6.3', '2067487175') {changeSet=migration/vault-schema.changelog-init.xml::1511451595465-27::R3.Corda, databaseChangeLog=master.changelog.json}
?[m?[37m[INFO] 11:44:47,186 [Test worker] jvm.JdbcExecutor. - ALTER TABLE PUBLIC.vault_fungible_states ADD CONSTRAINT vault_fungible_states_pkey PRIMARY KEY (output_index, transaction_id) {changeSet=migration/vault-schema.changelog-init.xml::1511451595465-47::R3.Corda, databaseChangeLog=master.changelog.json}
?[m?[37m[INFO] 11:44:47,186 [Test worker] changelog.ChangeSet. - Primary key added to vault_fungible_states (output_index, transaction_id) {changeSet=migration/vault-schema.changelog-init.xml::1511451595465-47::R3.Corda, databaseChangeLog=master.changelog.json}
?[m?[37m[INFO] 11:44:47,186 [Test worker] changelog.ChangeSet. - ChangeSet migration/vault-schema.changelog-init.xml::1511451595465-47::R3.Corda ran successfully in 0ms {changeSet=migration/vault-schema.changelog-init.xml::1511451595465-47::R3.Corda, databaseChangeLog=master.changelog.json}
?[m?[37m[INFO] 11:44:47,187 [Test worker] jvm.JdbcExecutor. - INSERT INTO PUBLIC.DATABASECHANGELOG (ID, AUTHOR, FILENAME, DATEEXECUTED, ORDEREXECUTED, MD5SUM, DESCRIPTION, COMMENTS, EXECTYPE, CONTEXTS, LABELS, LIQUIBASE, DEPLOYMENT_ID) VALUES ('1511451595465-47', 'R3.Corda', 'migration/vault-schema.changelog-init.xml', NOW(), 8, '8:4eddd48de14b69bdd265a4b0c438f070', 'addPrimaryKey constraintName=vault_fungible_states_pkey, tableName=vault_fungible_states', '', 'EXECUTED', NULL, NULL, '3.6.3', '2067487175') {changeSet=migration/vault-schema.changelog-init.xml::1511451595465-47::R3.Corda, databaseChangeLog=master.changelog.json}
?[m?[37m[INFO] 11:44:47,187 [Test worker] jvm.JdbcExecutor. - ALTER TABLE PUBLIC.vault_linear_states ADD CONSTRAINT vault_linear_states_pkey PRIMARY KEY (output_index, transaction_id) {changeSet=migration/vault-schema.changelog-init.xml::1511451595465-48::R3.Corda, databaseChangeLog=master.changelog.json}
?[m?[37m[INFO] 11:44:47,187 [Test worker] changelog.ChangeSet. - Primary key added to vault_linear_states (output_index, transaction_id) {changeSet=migration/vault-schema.changelog-init.xml::1511451595465-48::R3.Corda, databaseChangeLog=master.changelog.json}
?[m?[37m[INFO] 11:44:47,187 [Test worker] changelog.ChangeSet. - ChangeSet migration/vault-schema.changelog-init.xml::1511451595465-48::R3.Corda ran successfully in 0ms {changeSet=migration/vault-schema.changelog-init.xml::1511451595465-48::R3.Corda, databaseChangeLog=master.changelog.json}
?[m?[37m[INFO] 11:44:47,188 [Test worker] jvm.JdbcExecutor. - INSERT INTO PUBLIC.DATABASECHANGELOG (ID, AUTHOR, FILENAME, DATEEXECUTED, ORDEREXECUTED, MD5SUM, DESCRIPTION, COMMENTS, EXECTYPE, CONTEXTS, LABELS, LIQUIBASE, DEPLOYMENT_ID) VALUES ('1511451595465-48', 'R3.Corda', 'migration/vault-schema.changelog-init.xml', NOW(), 9, '8:3695c44ddebef2dde359dec253a5969a', 'addPrimaryKey constraintName=vault_linear_states_pkey, tableName=vault_linear_states', '', 'EXECUTED', NULL, NULL, '3.6.3', '2067487175') {changeSet=migration/vault-schema.changelog-init.xml::1511451595465-48::R3.Corda, databaseChangeLog=master.changelog.json}
?[m?[37m[INFO] 11:44:47,188 [Test worker] jvm.JdbcExecutor. - ALTER TABLE PUBLIC.vault_states ADD CONSTRAINT vault_states_pkey PRIMARY KEY (output_index, transaction_id) {changeSet=migration/vault-schema.changelog-init.xml::1511451595465-49::R3.Corda, databaseChangeLog=master.changelog.json}
?[m?[37m[INFO] 11:44:47,188 [Test worker] changelog.ChangeSet. - Primary key added to vault_states (output_index, transaction_id) {changeSet=migration/vault-schema.changelog-init.xml::1511451595465-49::R3.Corda, databaseChangeLog=master.changelog.json}
?[m?[37m[INFO] 11:44:47,188 [Test worker] changelog.ChangeSet. - ChangeSet migration/vault-schema.changelog-init.xml::1511451595465-49::R3.Corda ran successfully in 0ms {changeSet=migration/vault-schema.changelog-init.xml::1511451595465-49::R3.Corda, databaseChangeLog=master.changelog.json}
?[m?[37m[INFO] 11:44:47,189 [Test worker] jvm.JdbcExecutor. - INSERT INTO PUBLIC.DATABASECHANGELOG (ID, AUTHOR, FILENAME, DATEEXECUTED, ORDEREXECUTED, MD5SUM, DESCRIPTION, COMMENTS, EXECTYPE, CONTEXTS, LABELS, LIQUIBASE, DEPLOYMENT_ID) VALUES ('1511451595465-49', 'R3.Corda', 'migration/vault-schema.changelog-init.xml', NOW(), 10, '8:5d21dc3c09051ea30475250d25178892', 'addPrimaryKey constraintName=vault_states_pkey, tableName=vault_states', '', 'EXECUTED', NULL, NULL, '3.6.3', '2067487175') {changeSet=migration/vault-schema.changelog-init.xml::1511451595465-49::R3.Corda, databaseChangeLog=master.changelog.json}
?[m?[37m[INFO] 11:44:47,189 [Test worker] jvm.JdbcExecutor. - ALTER TABLE PUBLIC.vault_transaction_notes ADD CONSTRAINT vault_transaction_notes_pkey PRIMARY KEY (seq_no) {changeSet=migration/vault-schema.changelog-init.xml::1511451595465-50::R3.Corda, databaseChangeLog=master.changelog.json}
?[m?[37m[INFO] 11:44:47,189 [Test worker] changelog.ChangeSet. - Primary key added to vault_transaction_notes (seq_no) {changeSet=migration/vault-schema.changelog-init.xml::1511451595465-50::R3.Corda, databaseChangeLog=master.changelog.json}
?[m?[37m[INFO] 11:44:47,189 [Test worker] changelog.ChangeSet. - ChangeSet migration/vault-schema.changelog-init.xml::1511451595465-50::R3.Corda ran successfully in 0ms {changeSet=migration/vault-schema.changelog-init.xml::1511451595465-50::R3.Corda, databaseChangeLog=master.changelog.json}
?[m?[37m[INFO] 11:44:47,190 [Test worker] jvm.JdbcExecutor. - INSERT INTO PUBLIC.DATABASECHANGELOG (ID, AUTHOR, FILENAME, DATEEXECUTED, ORDEREXECUTED, MD5SUM, DESCRIPTION, COMMENTS, EXECTYPE, CONTEXTS, LABELS, LIQUIBASE, DEPLOYMENT_ID) VALUES ('1511451595465-50', 'R3.Corda', 'migration/vault-schema.changelog-init.xml', NOW(), 11, '8:2bf545e5d7593a3456708426c3686ebb', 'addPrimaryKey constraintName=vault_transaction_notes_pkey, tableName=vault_transaction_notes', '', 'EXECUTED', NULL, NULL, '3.6.3', '2067487175') {changeSet=migration/vault-schema.changelog-init.xml::1511451595465-50::R3.Corda, databaseChangeLog=master.changelog.json}
?[m?[37m[INFO] 11:44:47,190 [Test worker] jvm.JdbcExecutor. - CREATE INDEX PUBLIC.external_id_index ON PUBLIC.vault_linear_states(external_id) {changeSet=migration/vault-schema.changelog-init.xml::1511451595465-53::R3.Corda, databaseChangeLog=master.changelog.json}
?[m?[37m[INFO] 11:44:47,190 [Test worker] changelog.ChangeSet. - Index external_id_index created {changeSet=migration/vault-schema.changelog-init.xml::1511451595465-53::R3.Corda, databaseChangeLog=master.changelog.json}
?[m?[37m[INFO] 11:44:47,190 [Test worker] changelog.ChangeSet. - ChangeSet migration/vault-schema.changelog-init.xml::1511451595465-53::R3.Corda ran successfully in 0ms {changeSet=migration/vault-schema.changelog-init.xml::1511451595465-53::R3.Corda, databaseChangeLog=master.changelog.json}
?[m?[37m[INFO] 11:44:47,190 [Test worker] jvm.JdbcExecutor. - INSERT INTO PUBLIC.DATABASECHANGELOG (ID, AUTHOR, FILENAME, DATEEXECUTED, ORDEREXECUTED, MD5SUM, DESCRIPTION, COMMENTS, EXECTYPE, CONTEXTS, LABELS, LIQUIBASE, DEPLOYMENT_ID) VALUES ('1511451595465-53', 'R3.Corda', 'migration/vault-schema.changelog-init.xml', NOW(), 12, '8:b1272090dcd2325b0382f829ce13a1ff', 'createIndex indexName=external_id_index, tableName=vault_linear_states', '', 'EXECUTED', NULL, NULL, '3.6.3', '2067487175') {changeSet=migration/vault-schema.changelog-init.xml::1511451595465-53::R3.Corda, databaseChangeLog=master.changelog.json}
?[m?[37m[INFO] 11:44:47,191 [Test worker] jvm.JdbcExecutor. - CREATE INDEX PUBLIC.lock_id_idx ON PUBLIC.vault_states(lock_id, state_status) {changeSet=migration/vault-schema.changelog-init.xml::1511451595465-55::R3.Corda, databaseChangeLog=master.changelog.json}
?[m?[37m[INFO] 11:44:47,191 [Test worker] changelog.ChangeSet. - Index lock_id_idx created {changeSet=migration/vault-schema.changelog-init.xml::1511451595465-55::R3.Corda, databaseChangeLog=master.changelog.json}
?[m?[37m[INFO] 11:44:47,191 [Test worker] changelog.ChangeSet. - ChangeSet migration/vault-schema.changelog-init.xml::1511451595465-55::R3.Corda ran successfully in 1ms {changeSet=migration/vault-schema.changelog-init.xml::1511451595465-55::R3.Corda, databaseChangeLog=master.changelog.json}
?[m?[37m[INFO] 11:44:47,191 [Test worker] jvm.JdbcExecutor. - INSERT INTO PUBLIC.DATABASECHANGELOG (ID, AUTHOR, FILENAME, DATEEXECUTED, ORDEREXECUTED, MD5SUM, DESCRIPTION, COMMENTS, EXECTYPE, CONTEXTS, LABELS, LIQUIBASE, DEPLOYMENT_ID) VALUES ('1511451595465-55', 'R3.Corda', 'migration/vault-schema.changelog-init.xml', NOW(), 13, '8:0b77fbedaccc2eed4b8efd6fddf6581b', 'createIndex indexName=lock_id_idx, tableName=vault_states', '', 'EXECUTED', NULL, NULL, '3.6.3', '2067487175') {changeSet=migration/vault-schema.changelog-init.xml::1511451595465-55::R3.Corda, databaseChangeLog=master.changelog.json}
?[m?[37m[INFO] 11:44:47,191 [Test worker] jvm.JdbcExecutor. - CREATE INDEX PUBLIC.state_status_idx ON PUBLIC.vault_states(state_status) {changeSet=migration/vault-schema.changelog-init.xml::1511451595465-58::R3.Corda, databaseChangeLog=master.changelog.json}
?[m?[37m[INFO] 11:44:47,191 [Test worker] changelog.ChangeSet. - Index state_status_idx created {changeSet=migration/vault-schema.changelog-init.xml::1511451595465-58::R3.Corda, databaseChangeLog=master.changelog.json}
?[m?[37m[INFO] 11:44:47,191 [Test worker] changelog.ChangeSet. - ChangeSet migration/vault-schema.changelog-init.xml::1511451595465-58::R3.Corda ran successfully in 0ms {changeSet=migration/vault-schema.changelog-init.xml::1511451595465-58::R3.Corda, databaseChangeLog=master.changelog.json}
?[m?[37m[INFO] 11:44:47,192 [Test worker] jvm.JdbcExecutor. - INSERT INTO PUBLIC.DATABASECHANGELOG (ID, AUTHOR, FILENAME, DATEEXECUTED, ORDEREXECUTED, MD5SUM, DESCRIPTION, COMMENTS, EXECTYPE, CONTEXTS, LABELS, LIQUIBASE, DEPLOYMENT_ID) VALUES ('1511451595465-58', 'R3.Corda', 'migration/vault-schema.changelog-init.xml', NOW(), 14, '8:7a1bbb20835907728df143e4cc1bfc04', 'createIndex indexName=state_status_idx, tableName=vault_states', '', 'EXECUTED', NULL, NULL, '3.6.3', '2067487175') {changeSet=migration/vault-schema.changelog-init.xml::1511451595465-58::R3.Corda, databaseChangeLog=master.changelog.json}
?[m?[37m[INFO] 11:44:47,192 [Test worker] jvm.JdbcExecutor. - CREATE INDEX PUBLIC.transaction_id_index ON PUBLIC.vault_transaction_notes(transaction_id) {changeSet=migration/vault-schema.changelog-init.xml::1511451595465-59::R3.Corda, databaseChangeLog=master.changelog.json}
?[m?[37m[INFO] 11:44:47,192 [Test worker] changelog.ChangeSet. - Index transaction_id_index created {changeSet=migration/vault-schema.changelog-init.xml::1511451595465-59::R3.Corda, databaseChangeLog=master.changelog.json}
?[m?[37m[INFO] 11:44:47,192 [Test worker] changelog.ChangeSet. - ChangeSet migration/vault-schema.changelog-init.xml::1511451595465-59::R3.Corda ran successfully in 0ms {changeSet=migration/vault-schema.changelog-init.xml::1511451595465-59::R3.Corda, databaseChangeLog=master.changelog.json}
?[m?[37m[INFO] 11:44:47,193 [Test worker] jvm.JdbcExecutor. - INSERT INTO PUBLIC.DATABASECHANGELOG (ID, AUTHOR, FILENAME, DATEEXECUTED, ORDEREXECUTED, MD5SUM, DESCRIPTION, COMMENTS, EXECTYPE, CONTEXTS, LABELS, LIQUIBASE, DEPLOYMENT_ID) VALUES ('1511451595465-59', 'R3.Corda', 'migration/vault-schema.changelog-init.xml', NOW(), 15, '8:2bfe64cedfc8120dc219d42dc19d49f6', 'createIndex indexName=transaction_id_index, tableName=vault_transaction_notes', '', 'EXECUTED', NULL, NULL, '3.6.3', '2067487175') {changeSet=migration/vault-schema.changelog-init.xml::1511451595465-59::R3.Corda, databaseChangeLog=master.changelog.json}
?[m?[37m[INFO] 11:44:47,193 [Test worker] jvm.JdbcExecutor. - CREATE INDEX PUBLIC.uuid_index ON PUBLIC.vault_linear_states(uuid) {changeSet=migration/vault-schema.changelog-init.xml::1511451595465-60::R3.Corda, databaseChangeLog=master.changelog.json}
?[m?[37m[INFO] 11:44:47,193 [Test worker] changelog.ChangeSet. - Index uuid_index created {changeSet=migration/vault-schema.changelog-init.xml::1511451595465-60::R3.Corda, databaseChangeLog=master.changelog.json}
?[m?[37m[INFO] 11:44:47,193 [Test worker] changelog.ChangeSet. - ChangeSet migration/vault-schema.changelog-init.xml::1511451595465-60::R3.Corda ran successfully in 0ms {changeSet=migration/vault-schema.changelog-init.xml::1511451595465-60::R3.Corda, databaseChangeLog=master.changelog.json}
?[m?[37m[INFO] 11:44:47,193 [Test worker] jvm.JdbcExecutor. - INSERT INTO PUBLIC.DATABASECHANGELOG (ID, AUTHOR, FILENAME, DATEEXECUTED, ORDEREXECUTED, MD5SUM, DESCRIPTION, COMMENTS, EXECTYPE, CONTEXTS, LABELS, LIQUIBASE, DEPLOYMENT_ID) VALUES ('1511451595465-60', 'R3.Corda', 'migration/vault-schema.changelog-init.xml', NOW(), 16, '8:4cffb289ce33d922274cc829175a2a55', 'createIndex indexName=uuid_index, tableName=vault_linear_states', '', 'EXECUTED', NULL, NULL, '3.6.3', '2067487175') {changeSet=migration/vault-schema.changelog-init.xml::1511451595465-60::R3.Corda, databaseChangeLog=master.changelog.json}
?[m?[37m[INFO] 11:44:47,194 [Test worker] jvm.JdbcExecutor. - ALTER TABLE PUBLIC.vault_fungible_states_parts ADD CONSTRAINT FK__fung_st_parts__fung_st FOREIGN KEY (output_index, transaction_id) REFERENCES PUBLIC.vault_fungible_states (output_index, transaction_id) {changeSet=migration/vault-schema.changelog-init.xml::1511451595465-64::R3.Corda, databaseChangeLog=master.changelog.json}
?[m?[37m[INFO] 11:44:47,194 [Test worker] changelog.ChangeSet. - Foreign key constraint added to vault_fungible_states_parts (output_index,transaction_id) {changeSet=migration/vault-schema.changelog-init.xml::1511451595465-64::R3.Corda, databaseChangeLog=master.changelog.json}
?[m?[37m[INFO] 11:44:47,194 [Test worker] changelog.ChangeSet. - ChangeSet migration/vault-schema.changelog-init.xml::1511451595465-64::R3.Corda ran successfully in 1ms {changeSet=migration/vault-schema.changelog-init.xml::1511451595465-64::R3.Corda, databaseChangeLog=master.changelog.json}
?[m?[37m[INFO] 11:44:47,196 [Test worker] jvm.JdbcExecutor. - INSERT INTO PUBLIC.DATABASECHANGELOG (ID, AUTHOR, FILENAME, DATEEXECUTED, ORDEREXECUTED, MD5SUM, DESCRIPTION, COMMENTS, EXECTYPE, CONTEXTS, LABELS, LIQUIBASE, DEPLOYMENT_ID) VALUES ('1511451595465-64', 'R3.Corda', 'migration/vault-schema.changelog-init.xml', NOW(), 17, '8:1bde72346badbbe52e74b189ce1d079c', 'addForeignKeyConstraint baseTableName=vault_fungible_states_parts, constraintName=FK__fung_st_parts__fung_st, referencedTableName=vault_fungible_states', '', 'EXECUTED', NULL, NULL, '3.6.3', '2067487175') {changeSet=migration/vault-schema.changelog-init.xml::1511451595465-64::R3.Corda, databaseChangeLog=master.changelog.json}
?[m?[37m[INFO] 11:44:47,197 [Test worker] jvm.JdbcExecutor. - ALTER TABLE PUBLIC.vault_linear_states_parts ADD CONSTRAINT FK__lin_stat_parts__lin_stat FOREIGN KEY (output_index, transaction_id) REFERENCES PUBLIC.vault_linear_states (output_index, transaction_id) {changeSet=migration/vault-schema.changelog-init.xml::1511451595465-65::R3.Corda, databaseChangeLog=master.changelog.json}
?[m?[37m[INFO] 11:44:47,197 [Test worker] changelog.ChangeSet. - Foreign key constraint added to vault_linear_states_parts (output_index,transaction_id) {changeSet=migration/vault-schema.changelog-init.xml::1511451595465-65::R3.Corda, databaseChangeLog=master.changelog.json}
?[m?[37m[INFO] 11:44:47,197 [Test worker] changelog.ChangeSet. - ChangeSet migration/vault-schema.changelog-init.xml::1511451595465-65::R3.Corda ran successfully in 1ms {changeSet=migration/vault-schema.changelog-init.xml::1511451595465-65::R3.Corda, databaseChangeLog=master.changelog.json}
?[m?[37m[INFO] 11:44:47,198 [Test worker] jvm.JdbcExecutor. - INSERT INTO PUBLIC.DATABASECHANGELOG (ID, AUTHOR, FILENAME, DATEEXECUTED, ORDEREXECUTED, MD5SUM, DESCRIPTION, COMMENTS, EXECTYPE, CONTEXTS, LABELS, LIQUIBASE, DEPLOYMENT_ID) VALUES ('1511451595465-65', 'R3.Corda', 'migration/vault-schema.changelog-init.xml', NOW(), 18, '8:9a5d0106c45f631cb60a3e2f9542d2c2', 'addForeignKeyConstraint baseTableName=vault_linear_states_parts, constraintName=FK__lin_stat_parts__lin_stat, referencedTableName=vault_linear_states', '', 'EXECUTED', NULL, NULL, '3.6.3', '2067487175') {changeSet=migration/vault-schema.changelog-init.xml::1511451595465-65::R3.Corda, databaseChangeLog=master.changelog.json}
?[m?[37m[INFO] 11:44:47,198 [Test worker] jvm.JdbcExecutor. - DELETE FROM PUBLIC.vault_fungible_states_parts {changeSet=migration/vault-schema.changelog-v3.xml::clean_vault::R3.Corda, databaseChangeLog=master.changelog.json}
?[m?[37m[INFO] 11:44:47,198 [Test worker] changelog.ChangeSet. - Data deleted from vault_fungible_states_parts {changeSet=migration/vault-schema.changelog-v3.xml::clean_vault::R3.Corda, databaseChangeLog=master.changelog.json}
?[m?[37m[INFO] 11:44:47,198 [Test worker] jvm.JdbcExecutor. - DELETE FROM PUBLIC.vault_fungible_states {changeSet=migration/vault-schema.changelog-v3.xml::clean_vault::R3.Corda, databaseChangeLog=master.changelog.json}
?[m?[37m[INFO] 11:44:47,198 [Test worker] changelog.ChangeSet. - Data deleted from vault_fungible_states {changeSet=migration/vault-schema.changelog-v3.xml::clean_vault::R3.Corda, databaseChangeLog=master.changelog.json}
?[m?[37m[INFO] 11:44:47,198 [Test worker] jvm.JdbcExecutor. - DELETE FROM PUBLIC.vault_linear_states_parts {changeSet=migration/vault-schema.changelog-v3.xml::clean_vault::R3.Corda, databaseChangeLog=master.changelog.json}
?[m?[37m[INFO] 11:44:47,198 [Test worker] changelog.ChangeSet. - Data deleted from vault_linear_states_parts {changeSet=migration/vault-schema.changelog-v3.xml::clean_vault::R3.Corda, databaseChangeLog=master.changelog.json}
?[m?[37m[INFO] 11:44:47,198 [Test worker] jvm.JdbcExecutor. - DELETE FROM PUBLIC.vault_linear_states {changeSet=migration/vault-schema.changelog-v3.xml::clean_vault::R3.Corda, databaseChangeLog=master.changelog.json}
?[m?[37m[INFO] 11:44:47,198 [Test worker] changelog.ChangeSet. - Data deleted from vault_linear_states {changeSet=migration/vault-schema.changelog-v3.xml::clean_vault::R3.Corda, databaseChangeLog=master.changelog.json}
?[m?[37m[INFO] 11:44:47,198 [Test worker] jvm.JdbcExecutor. - DELETE FROM PUBLIC.vault_states {changeSet=migration/vault-schema.changelog-v3.xml::clean_vault::R3.Corda, databaseChangeLog=master.changelog.json}
?[m?[37m[INFO] 11:44:47,198 [Test worker] changelog.ChangeSet. - Data deleted from vault_states {changeSet=migration/vault-schema.changelog-v3.xml::clean_vault::R3.Corda, databaseChangeLog=master.changelog.json}
?[m?[37m[INFO] 11:44:47,198 [Test worker] jvm.JdbcExecutor. - DELETE FROM PUBLIC.vault_transaction_notes {changeSet=migration/vault-schema.changelog-v3.xml::clean_vault::R3.Corda, databaseChangeLog=master.changelog.json}
?[m?[37m[INFO] 11:44:47,198 [Test worker] changelog.ChangeSet. - Data deleted from vault_transaction_notes {changeSet=migration/vault-schema.changelog-v3.xml::clean_vault::R3.Corda, databaseChangeLog=master.changelog.json}
?[m?[37m[INFO] 11:44:47,198 [Test worker] changelog.ChangeSet. - ChangeSet migration/vault-schema.changelog-v3.xml::clean_vault::R3.Corda ran successfully in 0ms {changeSet=migration/vault-schema.changelog-v3.xml::clean_vault::R3.Corda, databaseChangeLog=master.changelog.json}
?[m?[37m[INFO] 11:44:47,199 [Test worker] jvm.JdbcExecutor. - INSERT INTO PUBLIC.DATABASECHANGELOG (ID, AUTHOR, FILENAME, DATEEXECUTED, ORDEREXECUTED, MD5SUM, DESCRIPTION, COMMENTS, EXECTYPE, CONTEXTS, LABELS, LIQUIBASE, DEPLOYMENT_ID) VALUES ('clean_vault', 'R3.Corda', 'migration/vault-schema.changelog-v3.xml', NOW(), 19, '8:0701d37bf9b322ada2323cea6db9393c', 'delete tableName=vault_fungible_states_parts; delete tableName=vault_fungible_states; delete tableName=vault_linear_states_parts; delete tableName=vault_linear_states; delete tableName=vault_states; delete tableName=vault_transaction_notes', '', 'EXECUTED', NULL, NULL, '3.6.3', '2067487175') {changeSet=migration/vault-schema.changelog-v3.xml::clean_vault::R3.Corda, databaseChangeLog=master.changelog.json}
?[m?[37m[INFO] 11:44:47,199 [Test worker] jvm.JdbcExecutor. - ALTER TABLE PUBLIC.vault_fungible_states ALTER COLUMN quantity SET NOT NULL {changeSet=migration/vault-schema.changelog-v4.xml::nullability::R3.Corda, databaseChangeLog=master.changelog.json}
?[m?[37m[INFO] 11:44:47,199 [Test worker] changelog.ChangeSet. - NOT NULL constraint has been added to vault_fungible_states.quantity {changeSet=migration/vault-schema.changelog-v4.xml::nullability::R3.Corda, databaseChangeLog=master.changelog.json}
?[m?[37m[INFO] 11:44:47,199 [Test worker] jvm.JdbcExecutor. - ALTER TABLE PUBLIC.vault_states ALTER COLUMN contract_state_class_name SET NOT NULL {changeSet=migration/vault-schema.changelog-v4.xml::nullability::R3.Corda, databaseChangeLog=master.changelog.json}
?[m?[37m[INFO] 11:44:47,199 [Test worker] changelog.ChangeSet. - NOT NULL constraint has been added to vault_states.contract_state_class_name {changeSet=migration/vault-schema.changelog-v4.xml::nullability::R3.Corda, databaseChangeLog=master.changelog.json}
?[m?[37m[INFO] 11:44:47,199 [Test worker] jvm.JdbcExecutor. - ALTER TABLE PUBLIC.vault_states ALTER COLUMN notary_name SET NOT NULL {changeSet=migration/vault-schema.changelog-v4.xml::nullability::R3.Corda, databaseChangeLog=master.changelog.json}
?[m?[37m[INFO] 11:44:47,199 [Test worker] changelog.ChangeSet. - NOT NULL constraint has been added to vault_states.notary_name {changeSet=migration/vault-schema.changelog-v4.xml::nullability::R3.Corda, databaseChangeLog=master.changelog.json}
?[m?[37m[INFO] 11:44:47,199 [Test worker] jvm.JdbcExecutor. - ALTER TABLE PUBLIC.vault_states ALTER COLUMN recorded_timestamp SET NOT NULL {changeSet=migration/vault-schema.changelog-v4.xml::nullability::R3.Corda, databaseChangeLog=master.changelog.json}
?[m?[37m[INFO] 11:44:47,199 [Test worker] changelog.ChangeSet. - NOT NULL constraint has been added to vault_states.recorded_timestamp {changeSet=migration/vault-schema.changelog-v4.xml::nullability::R3.Corda, databaseChangeLog=master.changelog.json}
?[m?[37m[INFO] 11:44:47,199 [Test worker] jvm.JdbcExecutor. - DROP INDEX PUBLIC.state_status_idx {changeSet=migration/vault-schema.changelog-v4.xml::nullability::R3.Corda, databaseChangeLog=master.changelog.json}
?[m?[37m[INFO] 11:44:47,199 [Test worker] changelog.ChangeSet. - Index state_status_idx dropped from table vault_states {changeSet=migration/vault-schema.changelog-v4.xml::nullability::R3.Corda, databaseChangeLog=master.changelog.json}
?[m?[37m[INFO] 11:44:47,199 [Test worker] jvm.JdbcExecutor. - DROP INDEX PUBLIC.lock_id_idx {changeSet=migration/vault-schema.changelog-v4.xml::nullability::R3.Corda, databaseChangeLog=master.changelog.json}
?[m?[37m[INFO] 11:44:47,199 [Test worker] changelog.ChangeSet. - Index lock_id_idx dropped from table vault_states {changeSet=migration/vault-schema.changelog-v4.xml::nullability::R3.Corda, databaseChangeLog=master.changelog.json}
?[m?[37m[INFO] 11:44:47,200 [Test worker] jvm.JdbcExecutor. - ALTER TABLE PUBLIC.vault_states ALTER COLUMN state_status SET NOT NULL {changeSet=migration/vault-schema.changelog-v4.xml::nullability::R3.Corda, databaseChangeLog=master.changelog.json}
?[m?[37m[INFO] 11:44:47,200 [Test worker] changelog.ChangeSet. - NOT NULL constraint has been added to vault_states.state_status {changeSet=migration/vault-schema.changelog-v4.xml::nullability::R3.Corda, databaseChangeLog=master.changelog.json}
?[m?[37m[INFO] 11:44:47,200 [Test worker] jvm.JdbcExecutor. - CREATE INDEX PUBLIC.state_status_idx ON PUBLIC.vault_states(state_status) {changeSet=migration/vault-schema.changelog-v4.xml::nullability::R3.Corda, databaseChangeLog=master.changelog.json}
?[m?[37m[INFO] 11:44:47,200 [Test worker] changelog.ChangeSet. - Index state_status_idx created {changeSet=migration/vault-schema.changelog-v4.xml::nullability::R3.Corda, databaseChangeLog=master.changelog.json}
?[m?[37m[INFO] 11:44:47,200 [Test worker] jvm.JdbcExecutor. - CREATE INDEX PUBLIC.lock_id_idx ON PUBLIC.vault_states(lock_id, state_status) {changeSet=migration/vault-schema.changelog-v4.xml::nullability::R3.Corda, databaseChangeLog=master.changelog.json}
?[m?[37m[INFO] 11:44:47,200 [Test worker] changelog.ChangeSet. - Index lock_id_idx created {changeSet=migration/vault-schema.changelog-v4.xml::nullability::R3.Corda, databaseChangeLog=master.changelog.json}
?[m?[37m[INFO] 11:44:47,200 [Test worker] jvm.JdbcExecutor. - DROP INDEX PUBLIC.transaction_id_index {changeSet=migration/vault-schema.changelog-v4.xml::nullability::R3.Corda, databaseChangeLog=master.changelog.json}
?[m?[37m[INFO] 11:44:47,200 [Test worker] changelog.ChangeSet. - Index transaction_id_index dropped from table vault_transaction_notes {changeSet=migration/vault-schema.changelog-v4.xml::nullability::R3.Corda, databaseChangeLog=master.changelog.json}
?[m?[37m[INFO] 11:44:47,200 [Test worker] jvm.JdbcExecutor. - ALTER TABLE PUBLIC.vault_transaction_notes ALTER COLUMN note SET NOT NULL {changeSet=migration/vault-schema.changelog-v4.xml::nullability::R3.Corda, databaseChangeLog=master.changelog.json}
?[m?[37m[INFO] 11:44:47,200 [Test worker] changelog.ChangeSet. - NOT NULL constraint has been added to vault_transaction_notes.note {changeSet=migration/vault-schema.changelog-v4.xml::nullability::R3.Corda, databaseChangeLog=master.changelog.json}
?[m?[37m[INFO] 11:44:47,200 [Test worker] jvm.JdbcExecutor. - ALTER TABLE PUBLIC.vault_transaction_notes ALTER COLUMN transaction_id SET NOT NULL {changeSet=migration/vault-schema.changelog-v4.xml::nullability::R3.Corda, databaseChangeLog=master.changelog.json}
?[m?[37m[INFO] 11:44:47,200 [Test worker] changelog.ChangeSet. - NOT NULL constraint has been added to vault_transaction_notes.transaction_id {changeSet=migration/vault-schema.changelog-v4.xml::nullability::R3.Corda, databaseChangeLog=master.changelog.json}
?[m?[37m[INFO] 11:44:47,200 [Test worker] jvm.JdbcExecutor. - CREATE INDEX PUBLIC.transaction_id_index ON PUBLIC.vault_transaction_notes(transaction_id) {changeSet=migration/vault-schema.changelog-v4.xml::nullability::R3.Corda, databaseChangeLog=master.changelog.json}
?[m?[37m[INFO] 11:44:47,200 [Test worker] changelog.ChangeSet. - Index transaction_id_index created {changeSet=migration/vault-schema.changelog-v4.xml::nullability::R3.Corda, databaseChangeLog=master.changelog.json}
?[m?[37m[INFO] 11:44:47,200 [Test worker] changelog.ChangeSet. - ChangeSet migration/vault-schema.changelog-v4.xml::nullability::R3.Corda ran successfully in 1ms {changeSet=migration/vault-schema.changelog-v4.xml::nullability::R3.Corda, databaseChangeLog=master.changelog.json}
?[m?[37m[INFO] 11:44:47,200 [Test worker] jvm.JdbcExecutor. - INSERT INTO PUBLIC.DATABASECHANGELOG (ID, AUTHOR, FILENAME, DATEEXECUTED, ORDEREXECUTED, MD5SUM, DESCRIPTION, COMMENTS, EXECTYPE, CONTEXTS, LABELS, LIQUIBASE, DEPLOYMENT_ID) VALUES ('nullability', 'R3.Corda', 'migration/vault-schema.changelog-v4.xml', NOW(), 20, '8:853fd1e24b974ff22712322ebb2860bf', 'addNotNullConstraint columnName=quantity, tableName=vault_fungible_states; addNotNullConstraint columnName=contract_state_class_name, tableName=vault_states; addNotNullConstraint columnName=notary_name, tableName=vault_states; addNotNullConstraint...', '', 'EXECUTED', NULL, NULL, '3.6.3', '2067487175') {changeSet=migration/vault-schema.changelog-v4.xml::nullability::R3.Corda, databaseChangeLog=master.changelog.json}
?[m?[37m[INFO] 11:44:47,202 [Test worker] jvm.JdbcExecutor. - INSERT INTO PUBLIC.DATABASECHANGELOG (ID, AUTHOR, FILENAME, DATEEXECUTED, ORDEREXECUTED, MD5SUM, DESCRIPTION, COMMENTS, EXECTYPE, CONTEXTS, LABELS, LIQUIBASE, DEPLOYMENT_ID) VALUES ('non-clustered_pk-11', 'R3.Corda', 'migration/vault-schema.changelog-pkey.xml', NOW(), 21, '8:7fca5375330f0b3b62de65b84274dd6e', 'dropForeignKeyConstraint baseTableName=vault_fungible_states_parts, constraintName=FK__fung_st_parts__fung_st; dropPrimaryKey constraintName=vault_fungible_states_pkey, tableName=vault_fungible_states; addPrimaryKey constraintName=vault_fungible_s...', '', 'MARK_RAN', NULL, NULL, '3.6.3', '2067487175') {changeSet=migration/vault-schema.changelog-pkey.xml::non-clustered_pk-11::R3.Corda, databaseChangeLog=master.changelog.json}
?[m?[37m[INFO] 11:44:47,203 [Test worker] jvm.JdbcExecutor. - INSERT INTO PUBLIC.DATABASECHANGELOG (ID, AUTHOR, FILENAME, DATEEXECUTED, ORDEREXECUTED, MD5SUM, DESCRIPTION, COMMENTS, EXECTYPE, CONTEXTS, LABELS, LIQUIBASE, DEPLOYMENT_ID) VALUES ('non-clustered_pk-12', 'R3.Corda', 'migration/vault-schema.changelog-pkey.xml', NOW(), 22, '8:8469058af292b08d108fcf1b3eb8fca4', 'dropForeignKeyConstraint baseTableName=vault_linear_states_parts, constraintName=FK__lin_stat_parts__lin_stat; dropPrimaryKey constraintName=vault_linear_states_pkey, tableName=vault_linear_states; addPrimaryKey constraintName=vault_linear_states_...', '', 'MARK_RAN', NULL, NULL, '3.6.3', '2067487175') {changeSet=migration/vault-schema.changelog-pkey.xml::non-clustered_pk-12::R3.Corda, databaseChangeLog=master.changelog.json}
?[m?[37m[INFO] 11:44:47,204 [Test worker] jvm.JdbcExecutor. - INSERT INTO PUBLIC.DATABASECHANGELOG (ID, AUTHOR, FILENAME, DATEEXECUTED, ORDEREXECUTED, MD5SUM, DESCRIPTION, COMMENTS, EXECTYPE, CONTEXTS, LABELS, LIQUIBASE, DEPLOYMENT_ID) VALUES ('non-clustered_pk-13', 'R3.Corda', 'migration/vault-schema.changelog-pkey.xml', NOW(), 23, '8:e0ccce8941c28a45870d60f5bf54cd50', 'dropPrimaryKey constraintName=vault_states_pkey, tableName=vault_states; addPrimaryKey constraintName=vault_states_pkey, tableName=vault_states', '', 'MARK_RAN', NULL, NULL, '3.6.3', '2067487175') {changeSet=migration/vault-schema.changelog-pkey.xml::non-clustered_pk-13::R3.Corda, databaseChangeLog=master.changelog.json}
?[m?[37m[INFO] 11:44:47,205 [Test worker] jvm.JdbcExecutor. - ALTER TABLE PUBLIC.vault_states ADD relevancy_status INT {changeSet=migration/vault-schema.changelog-v5.xml::add_relevancy_status_column::R3.Corda, databaseChangeLog=master.changelog.json}
?[m?[37m[INFO] 11:44:47,206 [Test worker] changelog.ChangeSet. - Columns relevancy_status(INT) added to vault_states {changeSet=migration/vault-schema.changelog-v5.xml::add_relevancy_status_column::R3.Corda, databaseChangeLog=master.changelog.json}
?[m?[37m[INFO] 11:44:47,206 [Test worker] jvm.JdbcExecutor. - UPDATE PUBLIC.vault_states SET relevancy_status = 0 {changeSet=migration/vault-schema.changelog-v5.xml::add_relevancy_status_column::R3.Corda, databaseChangeLog=master.changelog.json}
?[m?[37m[INFO] 11:44:47,206 [Test worker] changelog.ChangeSet. - Data updated in vault_states {changeSet=migration/vault-schema.changelog-v5.xml::add_relevancy_status_column::R3.Corda, databaseChangeLog=master.changelog.json}
?[m?[37m[INFO] 11:44:47,206 [Test worker] jvm.JdbcExecutor. - ALTER TABLE PUBLIC.vault_states ALTER COLUMN relevancy_status SET NOT NULL {changeSet=migration/vault-schema.changelog-v5.xml::add_relevancy_status_column::R3.Corda, databaseChangeLog=master.changelog.json}
?[m?[37m[INFO] 11:44:47,206 [Test worker] changelog.ChangeSet. - NOT NULL constraint has been added to vault_states.relevancy_status {changeSet=migration/vault-schema.changelog-v5.xml::add_relevancy_status_column::R3.Corda, databaseChangeLog=master.changelog.json}
?[m?[37m[INFO] 11:44:47,206 [Test worker] changelog.ChangeSet. - ChangeSet migration/vault-schema.changelog-v5.xml::add_relevancy_status_column::R3.Corda ran successfully in 1ms {changeSet=migration/vault-schema.changelog-v5.xml::add_relevancy_status_column::R3.Corda, databaseChangeLog=master.changelog.json}
?[m?[37m[INFO] 11:44:47,207 [Test worker] jvm.JdbcExecutor. - INSERT INTO PUBLIC.DATABASECHANGELOG (ID, AUTHOR, FILENAME, DATEEXECUTED, ORDEREXECUTED, MD5SUM, DESCRIPTION, COMMENTS, EXECTYPE, CONTEXTS, LABELS, LIQUIBASE, DEPLOYMENT_ID) VALUES ('add_relevancy_status_column', 'R3.Corda', 'migration/vault-schema.changelog-v5.xml', NOW(), 24, '8:93c5dcaf00387d4d643def4355a54b56', 'addColumn tableName=vault_states; update tableName=vault_states; addNotNullConstraint columnName=relevancy_status, tableName=vault_states', '', 'EXECUTED', NULL, NULL, '3.6.3', '2067487175') {changeSet=migration/vault-schema.changelog-v5.xml::add_relevancy_status_column::R3.Corda, databaseChangeLog=master.changelog.json}
?[m?[37m[INFO] 11:44:47,207 [Test worker] jvm.JdbcExecutor. - ALTER TABLE PUBLIC.vault_states ADD constraint_type INT DEFAULT '0' NOT NULL {changeSet=migration/vault-schema.changelog-v6.xml::add_is_constraint_information_columns::R3.Corda, databaseChangeLog=master.changelog.json}
?[m?[37m[INFO] 11:44:47,208 [Test worker] changelog.ChangeSet. - Columns constraint_type(INT) added to vault_states {changeSet=migration/vault-schema.changelog-v6.xml::add_is_constraint_information_columns::R3.Corda, databaseChangeLog=master.changelog.json}
?[m?[37m[INFO] 11:44:47,208 [Test worker] jvm.JdbcExecutor. - ALTER TABLE PUBLIC.vault_states ADD constraint_data VARBINARY(563) {changeSet=migration/vault-schema.changelog-v6.xml::add_is_constraint_information_columns::R3.Corda, databaseChangeLog=master.changelog.json}
?[m?[37m[INFO] 11:44:47,208 [Test worker] changelog.ChangeSet. - Columns constraint_data(varbinary(563)) added to vault_states {changeSet=migration/vault-schema.changelog-v6.xml::add_is_constraint_information_columns::R3.Corda, databaseChangeLog=master.changelog.json}
?[m?[37m[INFO] 11:44:47,208 [Test worker] changelog.ChangeSet. - ChangeSet migration/vault-schema.changelog-v6.xml::add_is_constraint_information_columns::R3.Corda ran successfully in 1ms {changeSet=migration/vault-schema.changelog-v6.xml::add_is_constraint_information_columns::R3.Corda, databaseChangeLog=master.changelog.json}
?[m?[37m[INFO] 11:44:47,209 [Test worker] jvm.JdbcExecutor. - INSERT INTO PUBLIC.DATABASECHANGELOG (ID, AUTHOR, FILENAME, DATEEXECUTED, ORDEREXECUTED, MD5SUM, DESCRIPTION, COMMENTS, EXECTYPE, CONTEXTS, LABELS, LIQUIBASE, DEPLOYMENT_ID) VALUES ('add_is_constraint_information_columns', 'R3.Corda', 'migration/vault-schema.changelog-v6.xml', NOW(), 25, '8:acf60bd84f648e157d402de8f8e22f3a', 'addColumn tableName=vault_states; addColumn tableName=vault_states', '', 'EXECUTED', NULL, NULL, '3.6.3', '2067487175') {changeSet=migration/vault-schema.changelog-v6.xml::add_is_constraint_information_columns::R3.Corda, databaseChangeLog=master.changelog.json}
?[m?[37m[INFO] 11:44:47,209 [Test worker] jvm.JdbcExecutor. - ALTER TABLE PUBLIC.vault_fungible_states ALTER COLUMN issuer_ref SET NULL {changeSet=migration/vault-schema.changelog-v7.xml::make_issuer_ref_nullable::R3.Corda, databaseChangeLog=master.changelog.json}
?[m?[37m[INFO] 11:44:47,209 [Test worker] changelog.ChangeSet. - Null constraint dropped from vault_fungible_states.issuer_ref {changeSet=migration/vault-schema.changelog-v7.xml::make_issuer_ref_nullable::R3.Corda, databaseChangeLog=master.changelog.json}
?[m?[37m[INFO] 11:44:47,209 [Test worker] changelog.ChangeSet. - ChangeSet migration/vault-schema.changelog-v7.xml::make_issuer_ref_nullable::R3.Corda ran successfully in 0ms {changeSet=migration/vault-schema.changelog-v7.xml::make_issuer_ref_nullable::R3.Corda, databaseChangeLog=master.changelog.json}
?[m?[37m[INFO] 11:44:47,210 [Test worker] jvm.JdbcExecutor. - INSERT INTO PUBLIC.DATABASECHANGELOG (ID, AUTHOR, FILENAME, DATEEXECUTED, ORDEREXECUTED, MD5SUM, DESCRIPTION, COMMENTS, EXECTYPE, CONTEXTS, LABELS, LIQUIBASE, DEPLOYMENT_ID) VALUES ('make_issuer_ref_nullable', 'R3.Corda', 'migration/vault-schema.changelog-v7.xml', NOW(), 26, '8:58039722b4808e90a7711d3c82e5fc95', 'dropNotNullConstraint columnName=issuer_ref, tableName=vault_fungible_states', '', 'EXECUTED', NULL, NULL, '3.6.3', '2067487175') {changeSet=migration/vault-schema.changelog-v7.xml::make_issuer_ref_nullable::R3.Corda, databaseChangeLog=master.changelog.json}
?[m?[37m[INFO] 11:44:47,210 [Test worker] jvm.JdbcExecutor. - CREATE TABLE PUBLIC.state_party (output_index INT, transaction_id NVARCHAR(64), public_key_hash NVARCHAR(255) NOT NULL, x500_name NVARCHAR(255)) {changeSet=migration/vault-schema.changelog-v8.xml::create-external-id-to-state-party-view::R3.Corda, databaseChangeLog=master.changelog.json}
?[m?[37m[INFO] 11:44:47,210 [Test worker] changelog.ChangeSet. - Table state_party created {changeSet=migration/vault-schema.changelog-v8.xml::create-external-id-to-state-party-view::R3.Corda, databaseChangeLog=master.changelog.json}
?[m?[37m[INFO] 11:44:47,210 [Test worker] jvm.JdbcExecutor. - CREATE INDEX PUBLIC.state_pk_hash_idx ON PUBLIC.state_party(public_key_hash) {changeSet=migration/vault-schema.changelog-v8.xml::create-external-id-to-state-party-view::R3.Corda, databaseChangeLog=master.changelog.json}
?[m?[37m[INFO] 11:44:47,210 [Test worker] changelog.ChangeSet. - Index state_pk_hash_idx created {changeSet=migration/vault-schema.changelog-v8.xml::create-external-id-to-state-party-view::R3.Corda, databaseChangeLog=master.changelog.json}
?[m?[37m[INFO] 11:44:47,211 [Test worker] jvm.JdbcExecutor. - CREATE TABLE PUBLIC.pk_hash_to_ext_id_map (id BIGINT NOT NULL, external_id VARCHAR(255) NOT NULL, public_key_hash NVARCHAR(255) NOT NULL) {changeSet=migration/vault-schema.changelog-v8.xml::create-external-id-to-state-party-view::R3.Corda, databaseChangeLog=master.changelog.json}
?[m?[37m[INFO] 11:44:47,211 [Test worker] changelog.ChangeSet. - Table pk_hash_to_ext_id_map created {changeSet=migration/vault-schema.changelog-v8.xml::create-external-id-to-state-party-view::R3.Corda, databaseChangeLog=master.changelog.json}
?[m?[37m[INFO] 11:44:47,211 [Test worker] jvm.JdbcExecutor. - CREATE INDEX PUBLIC.pk_hash_to_xid_idx ON PUBLIC.pk_hash_to_ext_id_map(public_key_hash) {changeSet=migration/vault-schema.changelog-v8.xml::create-external-id-to-state-party-view::R3.Corda, databaseChangeLog=master.changelog.json}
?[m?[37m[INFO] 11:44:47,211 [Test worker] changelog.ChangeSet. - Index pk_hash_to_xid_idx created {changeSet=migration/vault-schema.changelog-v8.xml::create-external-id-to-state-party-view::R3.Corda, databaseChangeLog=master.changelog.json}
?[m?[37m[INFO] 11:44:47,211 [Test worker] jvm.JdbcExecutor. - CREATE VIEW PUBLIC.v_pkey_hash_ex_id_map AS select
                state_party.public_key_hash,
                state_party.transaction_id,
                state_party.output_index,
                pk_hash_to_ext_id_map.external_id
            from state_party
            join pk_hash_to_ext_id_map
            on state_party.public_key_hash = pk_hash_to_ext_id_map.public_key_hash {changeSet=migration/vault-schema.changelog-v8.xml::create-external-id-to-state-party-view::R3.Corda, databaseChangeLog=master.changelog.json}
?[m?[37m[INFO] 11:44:47,212 [Test worker] changelog.ChangeSet. - View v_pkey_hash_ex_id_map created {changeSet=migration/vault-schema.changelog-v8.xml::create-external-id-to-state-party-view::R3.Corda, databaseChangeLog=master.changelog.json}
?[m?[37m[INFO] 11:44:47,212 [Test worker] changelog.ChangeSet. - ChangeSet migration/vault-schema.changelog-v8.xml::create-external-id-to-state-party-view::R3.Corda ran successfully in 2ms {changeSet=migration/vault-schema.changelog-v8.xml::create-external-id-to-state-party-view::R3.Corda, databaseChangeLog=master.changelog.json}
?[m?[37m[INFO] 11:44:47,213 [Test worker] jvm.JdbcExecutor. - INSERT INTO PUBLIC.DATABASECHANGELOG (ID, AUTHOR, FILENAME, DATEEXECUTED, ORDEREXECUTED, MD5SUM, DESCRIPTION, COMMENTS, EXECTYPE, CONTEXTS, LABELS, LIQUIBASE, DEPLOYMENT_ID) VALUES ('create-external-id-to-state-party-view', 'R3.Corda', 'migration/vault-schema.changelog-v8.xml', NOW(), 27, '8:9a5b20f7b7367bb3b86f600bccaa423b', 'createTable tableName=state_party; createIndex indexName=state_pk_hash_idx, tableName=state_party; createTable tableName=pk_hash_to_ext_id_map; createIndex indexName=pk_hash_to_xid_idx, tableName=pk_hash_to_ext_id_map; createView viewName=v_pkey_h...', '', 'EXECUTED', NULL, NULL, '3.6.3', '2067487175') {changeSet=migration/vault-schema.changelog-v8.xml::create-external-id-to-state-party-view::R3.Corda, databaseChangeLog=master.changelog.json}
?[m?[37m[INFO] 11:44:47,213 [Test worker] jvm.JdbcExecutor. - ALTER TABLE PUBLIC.vault_states ALTER COLUMN constraint_data VARBINARY(20000) {changeSet=migration/vault-schema.changelog-v11.xml::expand_constraint_data_size::R3.Corda, databaseChangeLog=master.changelog.json}
?[m?[37m[INFO] 11:44:47,214 [Test worker] changelog.ChangeSet. - vault_states.constraint_data datatype was changed to varbinary(20000) {changeSet=migration/vault-schema.changelog-v11.xml::expand_constraint_data_size::R3.Corda, databaseChangeLog=master.changelog.json}
?[m?[37m[INFO] 11:44:47,214 [Test worker] changelog.ChangeSet. - ChangeSet migration/vault-schema.changelog-v11.xml::expand_constraint_data_size::R3.Corda ran successfully in 1ms {changeSet=migration/vault-schema.changelog-v11.xml::expand_constraint_data_size::R3.Corda, databaseChangeLog=master.changelog.json}
?[m?[37m[INFO] 11:44:47,215 [Test worker] jvm.JdbcExecutor. - INSERT INTO PUBLIC.DATABASECHANGELOG (ID, AUTHOR, FILENAME, DATEEXECUTED, ORDEREXECUTED, MD5SUM, DESCRIPTION, COMMENTS, EXECTYPE, CONTEXTS, LABELS, LIQUIBASE, DEPLOYMENT_ID) VALUES ('expand_constraint_data_size', 'R3.Corda', 'migration/vault-schema.changelog-v11.xml', NOW(), 28, '8:0bd51f3d930d4b03d7b1075454bb2d70', 'modifyDataType columnName=constraint_data, tableName=vault_states', '', 'EXECUTED', NULL, NULL, '3.6.3', '2067487175') {changeSet=migration/vault-schema.changelog-v11.xml::expand_constraint_data_size::R3.Corda, databaseChangeLog=master.changelog.json}
?[m?[37m[INFO] 11:44:47,215 [Test worker] jvm.JdbcExecutor. - CREATE TABLE PUBLIC.node_link_nodeinfo_party (node_info_id INT NOT NULL, party_name NVARCHAR(255) NOT NULL) {changeSet=migration/node-info.changelog-init.xml::1511451595465-4::R3.Corda, databaseChangeLog=master.changelog.json}
?[m?[37m[INFO] 11:44:47,215 [Test worker] changelog.ChangeSet. - Table node_link_nodeinfo_party created {changeSet=migration/node-info.changelog-init.xml::1511451595465-4::R3.Corda, databaseChangeLog=master.changelog.json}
?[m?[37m[INFO] 11:44:47,215 [Test worker] changelog.ChangeSet. - ChangeSet migration/node-info.changelog-init.xml::1511451595465-4::R3.Corda ran successfully in 0ms {changeSet=migration/node-info.changelog-init.xml::1511451595465-4::R3.Corda, databaseChangeLog=master.changelog.json}
?[m?[37m[INFO] 11:44:47,216 [Test worker] jvm.JdbcExecutor. - INSERT INTO PUBLIC.DATABASECHANGELOG (ID, AUTHOR, FILENAME, DATEEXECUTED, ORDEREXECUTED, MD5SUM, DESCRIPTION, COMMENTS, EXECTYPE, CONTEXTS, LABELS, LIQUIBASE, DEPLOYMENT_ID) VALUES ('1511451595465-4', 'R3.Corda', 'migration/node-info.changelog-init.xml', NOW(), 29, '8:cbf3edf78266c3bd22738eaf20c7c111', 'createTable tableName=node_link_nodeinfo_party', '', 'EXECUTED', NULL, NULL, '3.6.3', '2067487175') {changeSet=migration/node-info.changelog-init.xml::1511451595465-4::R3.Corda, databaseChangeLog=master.changelog.json}
?[m?[37m[INFO] 11:44:47,216 [Test worker] jvm.JdbcExecutor. - CREATE TABLE PUBLIC.node_info_hosts (host NVARCHAR(255) NOT NULL, port INT NOT NULL, node_info_id INT) {changeSet=migration/node-info.changelog-init.xml::1511451595465-10::R3.Corda, databaseChangeLog=master.changelog.json}
?[m?[37m[INFO] 11:44:47,216 [Test worker] changelog.ChangeSet. - Table node_info_hosts created {changeSet=migration/node-info.changelog-init.xml::1511451595465-10::R3.Corda, databaseChangeLog=master.changelog.json}
?[m?[37m[INFO] 11:44:47,216 [Test worker] changelog.ChangeSet. - ChangeSet migration/node-info.changelog-init.xml::1511451595465-10::R3.Corda ran successfully in 0ms {changeSet=migration/node-info.changelog-init.xml::1511451595465-10::R3.Corda, databaseChangeLog=master.changelog.json}
?[m?[37m[INFO] 11:44:47,216 [Test worker] jvm.JdbcExecutor. - INSERT INTO PUBLIC.DATABASECHANGELOG (ID, AUTHOR, FILENAME, DATEEXECUTED, ORDEREXECUTED, MD5SUM, DESCRIPTION, COMMENTS, EXECTYPE, CONTEXTS, LABELS, LIQUIBASE, DEPLOYMENT_ID) VALUES ('1511451595465-10', 'R3.Corda', 'migration/node-info.changelog-init.xml', NOW(), 30, '8:f0b2c5a77ffde6aaa3c417095fc220a9', 'createTable tableName=node_info_hosts', '', 'EXECUTED', NULL, NULL, '3.6.3', '2067487175') {changeSet=migration/node-info.changelog-init.xml::1511451595465-10::R3.Corda, databaseChangeLog=master.changelog.json}
?[m?[37m[INFO] 11:44:47,216 [Test worker] jvm.JdbcExecutor. - CREATE TABLE PUBLIC.node_info_party_cert (party_name NVARCHAR(255) NOT NULL, ismain BOOLEAN NOT NULL, owning_key_hash NVARCHAR(130), party_cert_binary BLOB) {changeSet=migration/node-info.changelog-init.xml::1511451595465-11::R3.Corda, databaseChangeLog=master.changelog.json}
?[m?[37m[INFO] 11:44:47,216 [Test worker] changelog.ChangeSet. - Table node_info_party_cert created {changeSet=migration/node-info.changelog-init.xml::1511451595465-11::R3.Corda, databaseChangeLog=master.changelog.json}
?[m?[37m[INFO] 11:44:47,216 [Test worker] changelog.ChangeSet. - ChangeSet migration/node-info.changelog-init.xml::1511451595465-11::R3.Corda ran successfully in 0ms {changeSet=migration/node-info.changelog-init.xml::1511451595465-11::R3.Corda, databaseChangeLog=master.changelog.json}
?[m?[37m[INFO] 11:44:47,217 [Test worker] jvm.JdbcExecutor. - INSERT INTO PUBLIC.DATABASECHANGELOG (ID, AUTHOR, FILENAME, DATEEXECUTED, ORDEREXECUTED, MD5SUM, DESCRIPTION, COMMENTS, EXECTYPE, CONTEXTS, LABELS, LIQUIBASE, DEPLOYMENT_ID) VALUES ('1511451595465-11', 'R3.Corda', 'migration/node-info.changelog-init.xml', NOW(), 31, '8:5eacbf7ce0d85376219f1903b55f5e18', 'createTable tableName=node_info_party_cert', '', 'EXECUTED', NULL, NULL, '3.6.3', '2067487175') {changeSet=migration/node-info.changelog-init.xml::1511451595465-11::R3.Corda, databaseChangeLog=master.changelog.json}
?[m?[37m[INFO] 11:44:47,217 [Test worker] jvm.JdbcExecutor. - CREATE TABLE PUBLIC.node_infos (node_info_id INT NOT NULL, node_info_hash NVARCHAR(64), platform_version INT, serial BIGINT) {changeSet=migration/node-info.changelog-init.xml::1511451595465-12::R3.Corda, databaseChangeLog=master.changelog.json}
?[m?[37m[INFO] 11:44:47,217 [Test worker] changelog.ChangeSet. - Table node_infos created {changeSet=migration/node-info.changelog-init.xml::1511451595465-12::R3.Corda, databaseChangeLog=master.changelog.json}
?[m?[37m[INFO] 11:44:47,217 [Test worker] changelog.ChangeSet. - ChangeSet migration/node-info.changelog-init.xml::1511451595465-12::R3.Corda ran successfully in 0ms {changeSet=migration/node-info.changelog-init.xml::1511451595465-12::R3.Corda, databaseChangeLog=master.changelog.json}
?[m?[37m[INFO] 11:44:47,218 [Test worker] jvm.JdbcExecutor. - INSERT INTO PUBLIC.DATABASECHANGELOG (ID, AUTHOR, FILENAME, DATEEXECUTED, ORDEREXECUTED, MD5SUM, DESCRIPTION, COMMENTS, EXECTYPE, CONTEXTS, LABELS, LIQUIBASE, DEPLOYMENT_ID) VALUES ('1511451595465-12', 'R3.Corda', 'migration/node-info.changelog-init.xml', NOW(), 32, '8:7e30f20cf268860d637ecfb8635f45a3', 'createTable tableName=node_infos', '', 'EXECUTED', NULL, NULL, '3.6.3', '2067487175') {changeSet=migration/node-info.changelog-init.xml::1511451595465-12::R3.Corda, databaseChangeLog=master.changelog.json}
?[m?[37m[INFO] 11:44:47,218 [Test worker] jvm.JdbcExecutor. - ALTER TABLE PUBLIC.node_info_hosts ADD CONSTRAINT node_info_hosts_pkey PRIMARY KEY (host, port) {changeSet=migration/node-info.changelog-init.xml::1511451595465-35::R3.Corda, databaseChangeLog=master.changelog.json}
?[m?[37m[INFO] 11:44:47,218 [Test worker] changelog.ChangeSet. - Primary key added to node_info_hosts (host, port) {changeSet=migration/node-info.changelog-init.xml::1511451595465-35::R3.Corda, databaseChangeLog=master.changelog.json}
?[m?[37m[INFO] 11:44:47,218 [Test worker] changelog.ChangeSet. - ChangeSet migration/node-info.changelog-init.xml::1511451595465-35::R3.Corda ran successfully in 0ms {changeSet=migration/node-info.changelog-init.xml::1511451595465-35::R3.Corda, databaseChangeLog=master.changelog.json}
?[m?[37m[INFO] 11:44:47,219 [Test worker] jvm.JdbcExecutor. - INSERT INTO PUBLIC.DATABASECHANGELOG (ID, AUTHOR, FILENAME, DATEEXECUTED, ORDEREXECUTED, MD5SUM, DESCRIPTION, COMMENTS, EXECTYPE, CONTEXTS, LABELS, LIQUIBASE, DEPLOYMENT_ID) VALUES ('1511451595465-35', 'R3.Corda', 'migration/node-info.changelog-init.xml', NOW(), 33, '8:0d1a734e7350a8278808f540d992fedf', 'addPrimaryKey constraintName=node_info_hosts_pkey, tableName=node_info_hosts', '', 'EXECUTED', NULL, NULL, '3.6.3', '2067487175') {changeSet=migration/node-info.changelog-init.xml::1511451595465-35::R3.Corda, databaseChangeLog=master.changelog.json}
?[m?[37m[INFO] 11:44:47,220 [Test worker] jvm.JdbcExecutor. - ALTER TABLE PUBLIC.node_info_party_cert ADD CONSTRAINT node_info_party_cert_pkey PRIMARY KEY (party_name) {changeSet=migration/node-info.changelog-init.xml::1511451595465-36::R3.Corda, databaseChangeLog=master.changelog.json}
?[m?[37m[INFO] 11:44:47,220 [Test worker] changelog.ChangeSet. - Primary key added to node_info_party_cert (party_name) {changeSet=migration/node-info.changelog-init.xml::1511451595465-36::R3.Corda, databaseChangeLog=master.changelog.json}
?[m?[37m[INFO] 11:44:47,220 [Test worker] changelog.ChangeSet. - ChangeSet migration/node-info.changelog-init.xml::1511451595465-36::R3.Corda ran successfully in 0ms {changeSet=migration/node-info.changelog-init.xml::1511451595465-36::R3.Corda, databaseChangeLog=master.changelog.json}
?[m?[37m[INFO] 11:44:47,221 [Test worker] jvm.JdbcExecutor. - INSERT INTO PUBLIC.DATABASECHANGELOG (ID, AUTHOR, FILENAME, DATEEXECUTED, ORDEREXECUTED, MD5SUM, DESCRIPTION, COMMENTS, EXECTYPE, CONTEXTS, LABELS, LIQUIBASE, DEPLOYMENT_ID) VALUES ('1511451595465-36', 'R3.Corda', 'migration/node-info.changelog-init.xml', NOW(), 34, '8:dc78ba227ce869f406d2645c2064e8dc', 'addPrimaryKey constraintName=node_info_party_cert_pkey, tableName=node_info_party_cert', '', 'EXECUTED', NULL, NULL, '3.6.3', '2067487175') {changeSet=migration/node-info.changelog-init.xml::1511451595465-36::R3.Corda, databaseChangeLog=master.changelog.json}
?[m?[37m[INFO] 11:44:47,222 [Test worker] jvm.JdbcExecutor. - ALTER TABLE PUBLIC.node_infos ADD CONSTRAINT node_infos_pkey PRIMARY KEY (node_info_id) {changeSet=migration/node-info.changelog-init.xml::1511451595465-37::R3.Corda, databaseChangeLog=master.changelog.json}
?[m?[37m[INFO] 11:44:47,222 [Test worker] changelog.ChangeSet. - Primary key added to node_infos (node_info_id) {changeSet=migration/node-info.changelog-init.xml::1511451595465-37::R3.Corda, databaseChangeLog=master.changelog.json}
?[m?[37m[INFO] 11:44:47,222 [Test worker] changelog.ChangeSet. - ChangeSet migration/node-info.changelog-init.xml::1511451595465-37::R3.Corda ran successfully in 0ms {changeSet=migration/node-info.changelog-init.xml::1511451595465-37::R3.Corda, databaseChangeLog=master.changelog.json}
?[m?[37m[INFO] 11:44:47,223 [Test worker] jvm.JdbcExecutor. - INSERT INTO PUBLIC.DATABASECHANGELOG (ID, AUTHOR, FILENAME, DATEEXECUTED, ORDEREXECUTED, MD5SUM, DESCRIPTION, COMMENTS, EXECTYPE, CONTEXTS, LABELS, LIQUIBASE, DEPLOYMENT_ID) VALUES ('1511451595465-37', 'R3.Corda', 'migration/node-info.changelog-init.xml', NOW(), 35, '8:c07cbda2d04c6d77539ac802c66df023', 'addPrimaryKey constraintName=node_infos_pkey, tableName=node_infos', '', 'EXECUTED', NULL, NULL, '3.6.3', '2067487175') {changeSet=migration/node-info.changelog-init.xml::1511451595465-37::R3.Corda, databaseChangeLog=master.changelog.json}
?[m?[37m[INFO] 11:44:47,223 [Test worker] jvm.JdbcExecutor. - ALTER TABLE PUBLIC.node_link_nodeinfo_party ADD CONSTRAINT FK__link_nodeinfo_party__infos FOREIGN KEY (node_info_id) REFERENCES PUBLIC.node_infos (node_info_id) {changeSet=migration/node-info.changelog-init.xml::1511451595465-62::R3.Corda, databaseChangeLog=master.changelog.json}
?[m?[37m[INFO] 11:44:47,223 [Test worker] changelog.ChangeSet. - Foreign key constraint added to node_link_nodeinfo_party (node_info_id) {changeSet=migration/node-info.changelog-init.xml::1511451595465-62::R3.Corda, databaseChangeLog=master.changelog.json}
?[m?[37m[INFO] 11:44:47,223 [Test worker] changelog.ChangeSet. - ChangeSet migration/node-info.changelog-init.xml::1511451595465-62::R3.Corda ran successfully in 0ms {changeSet=migration/node-info.changelog-init.xml::1511451595465-62::R3.Corda, databaseChangeLog=master.changelog.json}
?[m?[37m[INFO] 11:44:47,224 [Test worker] jvm.JdbcExecutor. - INSERT INTO PUBLIC.DATABASECHANGELOG (ID, AUTHOR, FILENAME, DATEEXECUTED, ORDEREXECUTED, MD5SUM, DESCRIPTION, COMMENTS, EXECTYPE, CONTEXTS, LABELS, LIQUIBASE, DEPLOYMENT_ID) VALUES ('1511451595465-62', 'R3.Corda', 'migration/node-info.changelog-init.xml', NOW(), 36, '8:073bbdb8865055a19cde67340a2063e2', 'addForeignKeyConstraint baseTableName=node_link_nodeinfo_party, constraintName=FK__link_nodeinfo_party__infos, referencedTableName=node_infos', '', 'EXECUTED', NULL, NULL, '3.6.3', '2067487175') {changeSet=migration/node-info.changelog-init.xml::1511451595465-62::R3.Corda, databaseChangeLog=master.changelog.json}
?[m?[37m[INFO] 11:44:47,224 [Test worker] jvm.JdbcExecutor. - ALTER TABLE PUBLIC.node_info_hosts ADD CONSTRAINT FK__info_hosts__infos FOREIGN KEY (node_info_id) REFERENCES PUBLIC.node_infos (node_info_id) {changeSet=migration/node-info.changelog-init.xml::1511451595465-63::R3.Corda, databaseChangeLog=master.changelog.json}
?[m?[37m[INFO] 11:44:47,224 [Test worker] changelog.ChangeSet. - Foreign key constraint added to node_info_hosts (node_info_id) {changeSet=migration/node-info.changelog-init.xml::1511451595465-63::R3.Corda, databaseChangeLog=master.changelog.json}
?[m?[37m[INFO] 11:44:47,224 [Test worker] changelog.ChangeSet. - ChangeSet migration/node-info.changelog-init.xml::1511451595465-63::R3.Corda ran successfully in 0ms {changeSet=migration/node-info.changelog-init.xml::1511451595465-63::R3.Corda, databaseChangeLog=master.changelog.json}
?[m?[37m[INFO] 11:44:47,225 [Test worker] jvm.JdbcExecutor. - INSERT INTO PUBLIC.DATABASECHANGELOG (ID, AUTHOR, FILENAME, DATEEXECUTED, ORDEREXECUTED, MD5SUM, DESCRIPTION, COMMENTS, EXECTYPE, CONTEXTS, LABELS, LIQUIBASE, DEPLOYMENT_ID) VALUES ('1511451595465-63', 'R3.Corda', 'migration/node-info.changelog-init.xml', NOW(), 37, '8:fa5ee007de41334ad2ac991b32969076', 'addForeignKeyConstraint baseTableName=node_info_hosts, constraintName=FK__info_hosts__infos, referencedTableName=node_infos', '', 'EXECUTED', NULL, NULL, '3.6.3', '2067487175') {changeSet=migration/node-info.changelog-init.xml::1511451595465-63::R3.Corda, databaseChangeLog=master.changelog.json}
?[m?[37m[INFO] 11:44:47,225 [Test worker] jvm.JdbcExecutor. - DELETE FROM PUBLIC.node_infos {changeSet=migration/node-info.changelog-init.xml::remove_host_port_pk::R3.Corda, databaseChangeLog=master.changelog.json}
?[m?[37m[INFO] 11:44:47,225 [Test worker] changelog.ChangeSet. - Data deleted from node_infos {changeSet=migration/node-info.changelog-init.xml::remove_host_port_pk::R3.Corda, databaseChangeLog=master.changelog.json}
?[m?[37m[INFO] 11:44:47,225 [Test worker] jvm.JdbcExecutor. - DELETE FROM PUBLIC.node_link_nodeinfo_party {changeSet=migration/node-info.changelog-init.xml::remove_host_port_pk::R3.Corda, databaseChangeLog=master.changelog.json}
?[m?[37m[INFO] 11:44:47,225 [Test worker] changelog.ChangeSet. - Data deleted from node_link_nodeinfo_party {changeSet=migration/node-info.changelog-init.xml::remove_host_port_pk::R3.Corda, databaseChangeLog=master.changelog.json}
?[m?[37m[INFO] 11:44:47,225 [Test worker] jvm.JdbcExecutor. - DELETE FROM PUBLIC.node_info_hosts {changeSet=migration/node-info.changelog-init.xml::remove_host_port_pk::R3.Corda, databaseChangeLog=master.changelog.json}
?[m?[37m[INFO] 11:44:47,225 [Test worker] changelog.ChangeSet. - Data deleted from node_info_hosts {changeSet=migration/node-info.changelog-init.xml::remove_host_port_pk::R3.Corda, databaseChangeLog=master.changelog.json}
?[m?[37m[INFO] 11:44:47,225 [Test worker] jvm.JdbcExecutor. - DELETE FROM PUBLIC.node_info_party_cert {changeSet=migration/node-info.changelog-init.xml::remove_host_port_pk::R3.Corda, databaseChangeLog=master.changelog.json}
?[m?[37m[INFO] 11:44:47,225 [Test worker] changelog.ChangeSet. - Data deleted from node_info_party_cert {changeSet=migration/node-info.changelog-init.xml::remove_host_port_pk::R3.Corda, databaseChangeLog=master.changelog.json}
?[m?[37m[INFO] 11:44:47,225 [Test worker] jvm.JdbcExecutor. - ALTER TABLE PUBLIC.node_info_hosts DROP PRIMARY KEY {changeSet=migration/node-info.changelog-init.xml::remove_host_port_pk::R3.Corda, databaseChangeLog=master.changelog.json}
?[m?[37m[INFO] 11:44:47,225 [Test worker] changelog.ChangeSet. - Primary key dropped from node_info_hosts {changeSet=migration/node-info.changelog-init.xml::remove_host_port_pk::R3.Corda, databaseChangeLog=master.changelog.json}
?[m?[37m[INFO] 11:44:47,225 [Test worker] jvm.JdbcExecutor. - ALTER TABLE PUBLIC.node_info_hosts ADD hosts_id INT NOT NULL {changeSet=migration/node-info.changelog-init.xml::remove_host_port_pk::R3.Corda, databaseChangeLog=master.changelog.json}
?[m?[37m[INFO] 11:44:47,226 [Test worker] changelog.ChangeSet. - Columns hosts_id(INT) added to node_info_hosts {changeSet=migration/node-info.changelog-init.xml::remove_host_port_pk::R3.Corda, databaseChangeLog=master.changelog.json}
?[m?[37m[INFO] 11:44:47,226 [Test worker] jvm.JdbcExecutor. - ALTER TABLE PUBLIC.node_info_hosts ADD CONSTRAINT node_info_hosts_pkey_id PRIMARY KEY (hosts_id) {changeSet=migration/node-info.changelog-init.xml::remove_host_port_pk::R3.Corda, databaseChangeLog=master.changelog.json}
?[m?[37m[INFO] 11:44:47,226 [Test worker] changelog.ChangeSet. - Primary key added to node_info_hosts (hosts_id) {changeSet=migration/node-info.changelog-init.xml::remove_host_port_pk::R3.Corda, databaseChangeLog=master.changelog.json}
?[m?[37m[INFO] 11:44:47,226 [Test worker] changelog.ChangeSet. - ChangeSet migration/node-info.changelog-init.xml::remove_host_port_pk::R3.Corda ran successfully in 1ms {changeSet=migration/node-info.changelog-init.xml::remove_host_port_pk::R3.Corda, databaseChangeLog=master.changelog.json}
?[m?[37m[INFO] 11:44:47,227 [Test worker] jvm.JdbcExecutor. - INSERT INTO PUBLIC.DATABASECHANGELOG (ID, AUTHOR, FILENAME, DATEEXECUTED, ORDEREXECUTED, MD5SUM, DESCRIPTION, COMMENTS, EXECTYPE, CONTEXTS, LABELS, LIQUIBASE, DEPLOYMENT_ID) VALUES ('remove_host_port_pk', 'R3.Corda', 'migration/node-info.changelog-init.xml', NOW(), 38, '8:50fa65c10fd9bb3d89e0ad75d29a0e4d', 'delete tableName=node_infos; delete tableName=node_link_nodeinfo_party; delete tableName=node_info_hosts; delete tableName=node_info_party_cert; dropPrimaryKey constraintName=node_info_hosts_pkey, tableName=node_info_hosts; addColumn tableName=nod...', '', 'EXECUTED', NULL, NULL, '3.6.3', '2067487175') {changeSet=migration/node-info.changelog-init.xml::remove_host_port_pk::R3.Corda, databaseChangeLog=master.changelog.json}
?[m?[37m[INFO] 11:44:47,227 [Test worker] jvm.JdbcExecutor. - CREATE TABLE PUBLIC.node_properties (property_key NVARCHAR(255) NOT NULL, property_value NVARCHAR(255)) {changeSet=migration/node-info.changelog-v1.xml::key/value node properties table::R3.Corda, databaseChangeLog=master.changelog.json}
?[m?[37m[INFO] 11:44:47,228 [Test worker] changelog.ChangeSet. - Table node_properties created {changeSet=migration/node-info.changelog-v1.xml::key/value node properties table::R3.Corda, databaseChangeLog=master.changelog.json}
?[m?[37m[INFO] 11:44:47,228 [Test worker] changelog.ChangeSet. - ChangeSet migration/node-info.changelog-v1.xml::key/value node properties table::R3.Corda ran successfully in 1ms {changeSet=migration/node-info.changelog-v1.xml::key/value node properties table::R3.Corda, databaseChangeLog=master.changelog.json}
?[m?[37m[INFO] 11:44:47,228 [Test worker] jvm.JdbcExecutor. - INSERT INTO PUBLIC.DATABASECHANGELOG (ID, AUTHOR, FILENAME, DATEEXECUTED, ORDEREXECUTED, MD5SUM, DESCRIPTION, COMMENTS, EXECTYPE, CONTEXTS, LABELS, LIQUIBASE, DEPLOYMENT_ID) VALUES ('key/value node properties table', 'R3.Corda', 'migration/node-info.changelog-v1.xml', NOW(), 39, '8:39e4c897aa5e893e79a0434af2948a91', 'createTable tableName=node_properties', '', 'EXECUTED', NULL, NULL, '3.6.3', '2067487175') {changeSet=migration/node-info.changelog-v1.xml::key/value node properties table::R3.Corda, databaseChangeLog=master.changelog.json}
?[m?[37m[INFO] 11:44:47,229 [Test worker] jvm.JdbcExecutor. - ALTER TABLE PUBLIC.node_infos ALTER COLUMN node_info_hash SET NOT NULL {changeSet=migration/node-info.changelog-v2.xml::1525962920::R3.Corda, databaseChangeLog=master.changelog.json}
?[m?[37m[INFO] 11:44:47,229 [Test worker] changelog.ChangeSet. - NOT NULL constraint has been added to node_infos.node_info_hash {changeSet=migration/node-info.changelog-v2.xml::1525962920::R3.Corda, databaseChangeLog=master.changelog.json}
?[m?[37m[INFO] 11:44:47,229 [Test worker] jvm.JdbcExecutor. - ALTER TABLE PUBLIC.node_infos ALTER COLUMN platform_version SET NOT NULL {changeSet=migration/node-info.changelog-v2.xml::1525962920::R3.Corda, databaseChangeLog=master.changelog.json}
?[m?[37m[INFO] 11:44:47,230 [Test worker] changelog.ChangeSet. - NOT NULL constraint has been added to node_infos.platform_version {changeSet=migration/node-info.changelog-v2.xml::1525962920::R3.Corda, databaseChangeLog=master.changelog.json}
?[m?[37m[INFO] 11:44:47,230 [Test worker] jvm.JdbcExecutor. - ALTER TABLE PUBLIC.node_infos ALTER COLUMN serial SET NOT NULL {changeSet=migration/node-info.changelog-v2.xml::1525962920::R3.Corda, databaseChangeLog=master.changelog.json}
?[m?[37m[INFO] 11:44:47,230 [Test worker] changelog.ChangeSet. - NOT NULL constraint has been added to node_infos.serial {changeSet=migration/node-info.changelog-v2.xml::1525962920::R3.Corda, databaseChangeLog=master.changelog.json}
?[m?[37m[INFO] 11:44:47,230 [Test worker] jvm.JdbcExecutor. - ALTER TABLE PUBLIC.node_info_hosts ALTER COLUMN host SET NULL {changeSet=migration/node-info.changelog-v2.xml::1525962920::R3.Corda, databaseChangeLog=master.changelog.json}
?[m?[37m[INFO] 11:44:47,230 [Test worker] changelog.ChangeSet. - Null constraint dropped from node_info_hosts.host {changeSet=migration/node-info.changelog-v2.xml::1525962920::R3.Corda, databaseChangeLog=master.changelog.json}
?[m?[37m[INFO] 11:44:47,230 [Test worker] jvm.JdbcExecutor. - ALTER TABLE PUBLIC.node_info_hosts ALTER COLUMN port SET NULL {changeSet=migration/node-info.changelog-v2.xml::1525962920::R3.Corda, databaseChangeLog=master.changelog.json}
?[m?[37m[INFO] 11:44:47,230 [Test worker] changelog.ChangeSet. - Null constraint dropped from node_info_hosts.port {changeSet=migration/node-info.changelog-v2.xml::1525962920::R3.Corda, databaseChangeLog=master.changelog.json}
?[m?[37m[INFO] 11:44:47,230 [Test worker] jvm.JdbcExecutor. - ALTER TABLE PUBLIC.node_info_party_cert ALTER COLUMN owning_key_hash SET NOT NULL {changeSet=migration/node-info.changelog-v2.xml::1525962920::R3.Corda, databaseChangeLog=master.changelog.json}
?[m?[37m[INFO] 11:44:47,230 [Test worker] changelog.ChangeSet. - NOT NULL constraint has been added to node_info_party_cert.owning_key_hash {changeSet=migration/node-info.changelog-v2.xml::1525962920::R3.Corda, databaseChangeLog=master.changelog.json}
?[m?[37m[INFO] 11:44:47,230 [Test worker] jvm.JdbcExecutor. - ALTER TABLE PUBLIC.node_info_party_cert ALTER COLUMN party_cert_binary SET NOT NULL {changeSet=migration/node-info.changelog-v2.xml::1525962920::R3.Corda, databaseChangeLog=master.changelog.json}
?[m?[37m[INFO] 11:44:47,230 [Test worker] changelog.ChangeSet. - NOT NULL constraint has been added to node_info_party_cert.party_cert_binary {changeSet=migration/node-info.changelog-v2.xml::1525962920::R3.Corda, databaseChangeLog=master.changelog.json}
?[m?[37m[INFO] 11:44:47,230 [Test worker] changelog.ChangeSet. - ChangeSet migration/node-info.changelog-v2.xml::1525962920::R3.Corda ran successfully in 1ms {changeSet=migration/node-info.changelog-v2.xml::1525962920::R3.Corda, databaseChangeLog=master.changelog.json}
?[m?[37m[INFO] 11:44:47,231 [Test worker] jvm.JdbcExecutor. - INSERT INTO PUBLIC.DATABASECHANGELOG (ID, AUTHOR, FILENAME, DATEEXECUTED, ORDEREXECUTED, MD5SUM, DESCRIPTION, COMMENTS, EXECTYPE, CONTEXTS, LABELS, LIQUIBASE, DEPLOYMENT_ID) VALUES ('1525962920', 'R3.Corda', 'migration/node-info.changelog-v2.xml', NOW(), 40, '8:cc835e848ed6cc1f4b2a2e8e31fa92f1', 'addNotNullConstraint columnName=node_info_hash, tableName=node_infos; addNotNullConstraint columnName=platform_version, tableName=node_infos; addNotNullConstraint columnName=serial, tableName=node_infos; dropNotNullConstraint columnName=host, tabl...', '', 'EXECUTED', NULL, NULL, '3.6.3', '2067487175') {changeSet=migration/node-info.changelog-v2.xml::1525962920::R3.Corda, databaseChangeLog=master.changelog.json}
?[m?[37m[INFO] 11:44:47,231 [Test worker] jvm.JdbcExecutor. - ALTER TABLE PUBLIC.node_info_hosts ALTER COLUMN host RENAME TO host_name {changeSet=migration/node-info.changelog-v3.xml::column_host_name::R3.Corda, databaseChangeLog=master.changelog.json}
?[m?[37m[INFO] 11:44:47,231 [Test worker] changelog.ChangeSet. - Column node_info_hosts.host renamed to host_name {changeSet=migration/node-info.changelog-v3.xml::column_host_name::R3.Corda, databaseChangeLog=master.changelog.json}
?[m?[37m[INFO] 11:44:47,231 [Test worker] changelog.ChangeSet. - ChangeSet migration/node-info.changelog-v3.xml::column_host_name::R3.Corda ran successfully in 0ms {changeSet=migration/node-info.changelog-v3.xml::column_host_name::R3.Corda, databaseChangeLog=master.changelog.json}
?[m?[37m[INFO] 11:44:47,232 [Test worker] jvm.JdbcExecutor. - INSERT INTO PUBLIC.DATABASECHANGELOG (ID, AUTHOR, FILENAME, DATEEXECUTED, ORDEREXECUTED, MD5SUM, DESCRIPTION, COMMENTS, EXECTYPE, CONTEXTS, LABELS, LIQUIBASE, DEPLOYMENT_ID) VALUES ('column_host_name', 'R3.Corda', 'migration/node-info.changelog-v3.xml', NOW(), 41, '8:e5fb9380221a91515f45ee44c9c30053', 'renameColumn newColumnName=host_name, oldColumnName=host, tableName=node_info_hosts', '', 'EXECUTED', NULL, NULL, '3.6.3', '2067487175') {changeSet=migration/node-info.changelog-v3.xml::column_host_name::R3.Corda, databaseChangeLog=master.changelog.json}
?[m?[37m[INFO] 11:44:47,233 [Test worker] jvm.JdbcExecutor. - CREATE TABLE PUBLIC.node_attachments (att_id NVARCHAR(255) NOT NULL, content BLOB, filename NVARCHAR(255), insertion_date TIMESTAMP NOT NULL, uploader NVARCHAR(255)) {changeSet=migration/node-services.changelog-init.xml::1511451595465-5::R3.Corda, databaseChangeLog=master.changelog.json}
?[m?[37m[INFO] 11:44:47,233 [Test worker] changelog.ChangeSet. - Table node_attachments created {changeSet=migration/node-services.changelog-init.xml::1511451595465-5::R3.Corda, databaseChangeLog=master.changelog.json}
?[m?[37m[INFO] 11:44:47,233 [Test worker] changelog.ChangeSet. - ChangeSet migration/node-services.changelog-init.xml::1511451595465-5::R3.Corda ran successfully in 1ms {changeSet=migration/node-services.changelog-init.xml::1511451595465-5::R3.Corda, databaseChangeLog=master.changelog.json}
?[m?[37m[INFO] 11:44:47,233 [Test worker] jvm.JdbcExecutor. - INSERT INTO PUBLIC.DATABASECHANGELOG (ID, AUTHOR, FILENAME, DATEEXECUTED, ORDEREXECUTED, MD5SUM, DESCRIPTION, COMMENTS, EXECTYPE, CONTEXTS, LABELS, LIQUIBASE, DEPLOYMENT_ID) VALUES ('1511451595465-5', 'R3.Corda', 'migration/node-services.changelog-init.xml', NOW(), 42, '8:380e64788d9896c1166e4c22336d01e4', 'createTable tableName=node_attachments', '', 'EXECUTED', NULL, NULL, '3.6.3', '2067487175') {changeSet=migration/node-services.changelog-init.xml::1511451595465-5::R3.Corda, databaseChangeLog=master.changelog.json}
?[m?[37m[INFO] 11:44:47,233 [Test worker] jvm.JdbcExecutor. - CREATE TABLE PUBLIC.node_checkpoints (checkpoint_id NVARCHAR(64) NOT NULL, checkpoint_value BLOB) {changeSet=migration/node-services.changelog-init.xml::1511451595465-7::R3.Corda, databaseChangeLog=master.changelog.json}
?[m?[37m[INFO] 11:44:47,234 [Test worker] changelog.ChangeSet. - Table node_checkpoints created {changeSet=migration/node-services.changelog-init.xml::1511451595465-7::R3.Corda, databaseChangeLog=master.changelog.json}
?[m?[37m[INFO] 11:44:47,234 [Test worker] changelog.ChangeSet. - ChangeSet migration/node-services.changelog-init.xml::1511451595465-7::R3.Corda ran successfully in 1ms {changeSet=migration/node-services.changelog-init.xml::1511451595465-7::R3.Corda, databaseChangeLog=master.changelog.json}
?[m?[37m[INFO] 11:44:47,234 [Test worker] jvm.JdbcExecutor. - INSERT INTO PUBLIC.DATABASECHANGELOG (ID, AUTHOR, FILENAME, DATEEXECUTED, ORDEREXECUTED, MD5SUM, DESCRIPTION, COMMENTS, EXECTYPE, CONTEXTS, LABELS, LIQUIBASE, DEPLOYMENT_ID) VALUES ('1511451595465-7', 'R3.Corda', 'migration/node-services.changelog-init.xml', NOW(), 43, '8:8aefa1967ed80f8f98b69247c70c9f24', 'createTable tableName=node_checkpoints', '', 'EXECUTED', NULL, NULL, '3.6.3', '2067487175') {changeSet=migration/node-services.changelog-init.xml::1511451595465-7::R3.Corda, databaseChangeLog=master.changelog.json}
?[m?[37m[INFO] 11:44:47,234 [Test worker] jvm.JdbcExecutor. - CREATE TABLE PUBLIC.node_contract_upgrades (state_ref NVARCHAR(96) NOT NULL, contract_class_name NVARCHAR(255)) {changeSet=migration/node-services.changelog-init.xml::1511451595465-8::R3.Corda, databaseChangeLog=master.changelog.json}
?[m?[37m[INFO] 11:44:47,234 [Test worker] changelog.ChangeSet. - Table node_contract_upgrades created {changeSet=migration/node-services.changelog-init.xml::1511451595465-8::R3.Corda, databaseChangeLog=master.changelog.json}
?[m?[37m[INFO] 11:44:47,234 [Test worker] changelog.ChangeSet. - ChangeSet migration/node-services.changelog-init.xml::1511451595465-8::R3.Corda ran successfully in 0ms {changeSet=migration/node-services.changelog-init.xml::1511451595465-8::R3.Corda, databaseChangeLog=master.changelog.json}
?[m?[37m[INFO] 11:44:47,235 [Test worker] jvm.JdbcExecutor. - INSERT INTO PUBLIC.DATABASECHANGELOG (ID, AUTHOR, FILENAME, DATEEXECUTED, ORDEREXECUTED, MD5SUM, DESCRIPTION, COMMENTS, EXECTYPE, CONTEXTS, LABELS, LIQUIBASE, DEPLOYMENT_ID) VALUES ('1511451595465-8', 'R3.Corda', 'migration/node-services.changelog-init.xml', NOW(), 44, '8:6b06fe4c0ef085967f4dbd00dca08533', 'createTable tableName=node_contract_upgrades', '', 'EXECUTED', NULL, NULL, '3.6.3', '2067487175') {changeSet=migration/node-services.changelog-init.xml::1511451595465-8::R3.Corda, databaseChangeLog=master.changelog.json}
?[m?[37m[INFO] 11:44:47,235 [Test worker] jvm.JdbcExecutor. - CREATE TABLE PUBLIC.node_identities (pk_hash NVARCHAR(130) NOT NULL, identity_value BLOB) {changeSet=migration/node-services.changelog-init.xml::1511451595465-9::R3.Corda, databaseChangeLog=master.changelog.json}
?[m?[37m[INFO] 11:44:47,235 [Test worker] changelog.ChangeSet. - Table node_identities created {changeSet=migration/node-services.changelog-init.xml::1511451595465-9::R3.Corda, databaseChangeLog=master.changelog.json}
?[m?[37m[INFO] 11:44:47,235 [Test worker] changelog.ChangeSet. - ChangeSet migration/node-services.changelog-init.xml::1511451595465-9::R3.Corda ran successfully in 0ms {changeSet=migration/node-services.changelog-init.xml::1511451595465-9::R3.Corda, databaseChangeLog=master.changelog.json}
?[m?[37m[INFO] 11:44:47,236 [Test worker] jvm.JdbcExecutor. - INSERT INTO PUBLIC.DATABASECHANGELOG (ID, AUTHOR, FILENAME, DATEEXECUTED, ORDEREXECUTED, MD5SUM, DESCRIPTION, COMMENTS, EXECTYPE, CONTEXTS, LABELS, LIQUIBASE, DEPLOYMENT_ID) VALUES ('1511451595465-9', 'R3.Corda', 'migration/node-services.changelog-init.xml', NOW(), 45, '8:293963c9989772e272e1397c8ae9dfb1', 'createTable tableName=node_identities', '', 'EXECUTED', NULL, NULL, '3.6.3', '2067487175') {changeSet=migration/node-services.changelog-init.xml::1511451595465-9::R3.Corda, databaseChangeLog=master.changelog.json}
?[m?[37m[INFO] 11:44:47,236 [Test worker] jvm.JdbcExecutor. - CREATE TABLE PUBLIC.node_message_ids (message_id NVARCHAR(64) NOT NULL, insertion_time TIMESTAMP) {changeSet=migration/node-services.changelog-init.xml::1511451595465-13::R3.Corda, databaseChangeLog=master.changelog.json}
?[m?[37m[INFO] 11:44:47,237 [Test worker] changelog.ChangeSet. - Table node_message_ids created {changeSet=migration/node-services.changelog-init.xml::1511451595465-13::R3.Corda, databaseChangeLog=master.changelog.json}
?[m?[37m[INFO] 11:44:47,237 [Test worker] changelog.ChangeSet. - ChangeSet migration/node-services.changelog-init.xml::1511451595465-13::R3.Corda ran successfully in 1ms {changeSet=migration/node-services.changelog-init.xml::1511451595465-13::R3.Corda, databaseChangeLog=master.changelog.json}
?[m?[37m[INFO] 11:44:47,238 [Test worker] jvm.JdbcExecutor. - INSERT INTO PUBLIC.DATABASECHANGELOG (ID, AUTHOR, FILENAME, DATEEXECUTED, ORDEREXECUTED, MD5SUM, DESCRIPTION, COMMENTS, EXECTYPE, CONTEXTS, LABELS, LIQUIBASE, DEPLOYMENT_ID) VALUES ('1511451595465-13', 'R3.Corda', 'migration/node-services.changelog-init.xml', NOW(), 46, '8:421bb9432660d6cdf67a18c6f0acdeb4', 'createTable tableName=node_message_ids', '', 'EXECUTED', NULL, NULL, '3.6.3', '2067487175') {changeSet=migration/node-services.changelog-init.xml::1511451595465-13::R3.Corda, databaseChangeLog=master.changelog.json}
?[m?[37m[INFO] 11:44:47,238 [Test worker] jvm.JdbcExecutor. - CREATE TABLE PUBLIC.node_message_retry (message_id BIGINT NOT NULL, message BLOB, recipients BLOB) {changeSet=migration/node-services.changelog-init.xml::1511451595465-14::R3.Corda, databaseChangeLog=master.changelog.json}
?[m?[37m[INFO] 11:44:47,238 [Test worker] changelog.ChangeSet. - Table node_message_retry created {changeSet=migration/node-services.changelog-init.xml::1511451595465-14::R3.Corda, databaseChangeLog=master.changelog.json}
?[m?[37m[INFO] 11:44:47,238 [Test worker] changelog.ChangeSet. - ChangeSet migration/node-services.changelog-init.xml::1511451595465-14::R3.Corda ran successfully in 0ms {changeSet=migration/node-services.changelog-init.xml::1511451595465-14::R3.Corda, databaseChangeLog=master.changelog.json}
?[m?[37m[INFO] 11:44:47,239 [Test worker] jvm.JdbcExecutor. - INSERT INTO PUBLIC.DATABASECHANGELOG (ID, AUTHOR, FILENAME, DATEEXECUTED, ORDEREXECUTED, MD5SUM, DESCRIPTION, COMMENTS, EXECTYPE, CONTEXTS, LABELS, LIQUIBASE, DEPLOYMENT_ID) VALUES ('1511451595465-14', 'R3.Corda', 'migration/node-services.changelog-init.xml', NOW(), 47, '8:ba7acbbe63086c3c9fb627ea948864b2', 'createTable tableName=node_message_retry', '', 'EXECUTED', NULL, NULL, '3.6.3', '2067487175') {changeSet=migration/node-services.changelog-init.xml::1511451595465-14::R3.Corda, databaseChangeLog=master.changelog.json}
?[m?[37m[INFO] 11:44:47,240 [Test worker] jvm.JdbcExecutor. - CREATE TABLE PUBLIC.node_named_identities (name NVARCHAR(128) NOT NULL, pk_hash NVARCHAR(130)) {changeSet=migration/node-services.changelog-init.xml::1511451595465-15::R3.Corda, databaseChangeLog=master.changelog.json}
?[m?[37m[INFO] 11:44:47,240 [Test worker] changelog.ChangeSet. - Table node_named_identities created {changeSet=migration/node-services.changelog-init.xml::1511451595465-15::R3.Corda, databaseChangeLog=master.changelog.json}
?[m?[37m[INFO] 11:44:47,240 [Test worker] changelog.ChangeSet. - ChangeSet migration/node-services.changelog-init.xml::1511451595465-15::R3.Corda ran successfully in 1ms {changeSet=migration/node-services.changelog-init.xml::1511451595465-15::R3.Corda, databaseChangeLog=master.changelog.json}
?[m?[37m[INFO] 11:44:47,240 [Test worker] jvm.JdbcExecutor. - INSERT INTO PUBLIC.DATABASECHANGELOG (ID, AUTHOR, FILENAME, DATEEXECUTED, ORDEREXECUTED, MD5SUM, DESCRIPTION, COMMENTS, EXECTYPE, CONTEXTS, LABELS, LIQUIBASE, DEPLOYMENT_ID) VALUES ('1511451595465-15', 'R3.Corda', 'migration/node-services.changelog-init.xml', NOW(), 48, '8:bf6ca4e45e140b225f6f934935dd2f34', 'createTable tableName=node_named_identities', '', 'EXECUTED', NULL, NULL, '3.6.3', '2067487175') {changeSet=migration/node-services.changelog-init.xml::1511451595465-15::R3.Corda, databaseChangeLog=master.changelog.json}
?[m?[37m[INFO] 11:44:47,241 [Test worker] jvm.JdbcExecutor. - CREATE TABLE PUBLIC.node_our_key_pairs (public_key_hash NVARCHAR(130) NOT NULL, private_key BLOB, public_key BLOB) {changeSet=migration/node-services.changelog-init.xml::1511451595465-17::R3.Corda, databaseChangeLog=master.changelog.json}
?[m?[37m[INFO] 11:44:47,241 [Test worker] changelog.ChangeSet. - Table node_our_key_pairs created {changeSet=migration/node-services.changelog-init.xml::1511451595465-17::R3.Corda, databaseChangeLog=master.changelog.json}
?[m?[37m[INFO] 11:44:47,241 [Test worker] changelog.ChangeSet. - ChangeSet migration/node-services.changelog-init.xml::1511451595465-17::R3.Corda ran successfully in 1ms {changeSet=migration/node-services.changelog-init.xml::1511451595465-17::R3.Corda, databaseChangeLog=master.changelog.json}
?[m?[37m[INFO] 11:44:47,241 [Test worker] jvm.JdbcExecutor. - INSERT INTO PUBLIC.DATABASECHANGELOG (ID, AUTHOR, FILENAME, DATEEXECUTED, ORDEREXECUTED, MD5SUM, DESCRIPTION, COMMENTS, EXECTYPE, CONTEXTS, LABELS, LIQUIBASE, DEPLOYMENT_ID) VALUES ('1511451595465-17', 'R3.Corda', 'migration/node-services.changelog-init.xml', NOW(), 49, '8:e91eb86cb57176d4605d948f694d8441', 'createTable tableName=node_our_key_pairs', '', 'EXECUTED', NULL, NULL, '3.6.3', '2067487175') {changeSet=migration/node-services.changelog-init.xml::1511451595465-17::R3.Corda, databaseChangeLog=master.changelog.json}
?[m?[37m[INFO] 11:44:47,241 [Test worker] jvm.JdbcExecutor. - CREATE TABLE PUBLIC.node_scheduled_states (output_index INT NOT NULL, transaction_id NVARCHAR(64) NOT NULL, scheduled_at TIMESTAMP NOT NULL) {changeSet=migration/node-services.changelog-init.xml::1511451595465-19::R3.Corda, databaseChangeLog=master.changelog.json}
?[m?[37m[INFO] 11:44:47,241 [Test worker] changelog.ChangeSet. - Table node_scheduled_states created {changeSet=migration/node-services.changelog-init.xml::1511451595465-19::R3.Corda, databaseChangeLog=master.changelog.json}
?[m?[37m[INFO] 11:44:47,241 [Test worker] changelog.ChangeSet. - ChangeSet migration/node-services.changelog-init.xml::1511451595465-19::R3.Corda ran successfully in 0ms {changeSet=migration/node-services.changelog-init.xml::1511451595465-19::R3.Corda, databaseChangeLog=master.changelog.json}
?[m?[37m[INFO] 11:44:47,242 [Test worker] jvm.JdbcExecutor. - INSERT INTO PUBLIC.DATABASECHANGELOG (ID, AUTHOR, FILENAME, DATEEXECUTED, ORDEREXECUTED, MD5SUM, DESCRIPTION, COMMENTS, EXECTYPE, CONTEXTS, LABELS, LIQUIBASE, DEPLOYMENT_ID) VALUES ('1511451595465-19', 'R3.Corda', 'migration/node-services.changelog-init.xml', NOW(), 50, '8:55282f9fbfc1cb8f7583a90173e3ff4c', 'createTable tableName=node_scheduled_states', '', 'EXECUTED', NULL, NULL, '3.6.3', '2067487175') {changeSet=migration/node-services.changelog-init.xml::1511451595465-19::R3.Corda, databaseChangeLog=master.changelog.json}
?[m?[37m[INFO] 11:44:47,242 [Test worker] jvm.JdbcExecutor. - CREATE TABLE PUBLIC.node_transaction_mappings (tx_id NVARCHAR(64) NOT NULL, state_machine_run_id NVARCHAR(36)) {changeSet=migration/node-services.changelog-init.xml::1511451595465-20::R3.Corda, databaseChangeLog=master.changelog.json}
?[m?[37m[INFO] 11:44:47,242 [Test worker] changelog.ChangeSet. - Table node_transaction_mappings created {changeSet=migration/node-services.changelog-init.xml::1511451595465-20::R3.Corda, databaseChangeLog=master.changelog.json}
?[m?[37m[INFO] 11:44:47,242 [Test worker] changelog.ChangeSet. - ChangeSet migration/node-services.changelog-init.xml::1511451595465-20::R3.Corda ran successfully in 0ms {changeSet=migration/node-services.changelog-init.xml::1511451595465-20::R3.Corda, databaseChangeLog=master.changelog.json}
?[m?[37m[INFO] 11:44:47,243 [Test worker] jvm.JdbcExecutor. - INSERT INTO PUBLIC.DATABASECHANGELOG (ID, AUTHOR, FILENAME, DATEEXECUTED, ORDEREXECUTED, MD5SUM, DESCRIPTION, COMMENTS, EXECTYPE, CONTEXTS, LABELS, LIQUIBASE, DEPLOYMENT_ID) VALUES ('1511451595465-20', 'R3.Corda', 'migration/node-services.changelog-init.xml', NOW(), 51, '8:cc085b3d33f3d53b75c8866522653f98', 'createTable tableName=node_transaction_mappings', '', 'EXECUTED', NULL, NULL, '3.6.3', '2067487175') {changeSet=migration/node-services.changelog-init.xml::1511451595465-20::R3.Corda, databaseChangeLog=master.changelog.json}
?[m?[37m[INFO] 11:44:47,243 [Test worker] jvm.JdbcExecutor. - CREATE TABLE PUBLIC.node_transactions (tx_id NVARCHAR(64) NOT NULL, transaction_value BLOB) {changeSet=migration/node-services.changelog-init.xml::1511451595465-21::R3.Corda, databaseChangeLog=master.changelog.json}
?[m?[37m[INFO] 11:44:47,243 [Test worker] changelog.ChangeSet. - Table node_transactions created {changeSet=migration/node-services.changelog-init.xml::1511451595465-21::R3.Corda, databaseChangeLog=master.changelog.json}
?[m?[37m[INFO] 11:44:47,243 [Test worker] changelog.ChangeSet. - ChangeSet migration/node-services.changelog-init.xml::1511451595465-21::R3.Corda ran successfully in 0ms {changeSet=migration/node-services.changelog-init.xml::1511451595465-21::R3.Corda, databaseChangeLog=master.changelog.json}
?[m?[37m[INFO] 11:44:47,244 [Test worker] jvm.JdbcExecutor. - INSERT INTO PUBLIC.DATABASECHANGELOG (ID, AUTHOR, FILENAME, DATEEXECUTED, ORDEREXECUTED, MD5SUM, DESCRIPTION, COMMENTS, EXECTYPE, CONTEXTS, LABELS, LIQUIBASE, DEPLOYMENT_ID) VALUES ('1511451595465-21', 'R3.Corda', 'migration/node-services.changelog-init.xml', NOW(), 52, '8:69feb7582f3b77828510a56cb111cfd8', 'createTable tableName=node_transactions', '', 'EXECUTED', NULL, NULL, '3.6.3', '2067487175') {changeSet=migration/node-services.changelog-init.xml::1511451595465-21::R3.Corda, databaseChangeLog=master.changelog.json}
?[m?[37m[INFO] 11:44:47,244 [Test worker] jvm.JdbcExecutor. - ALTER TABLE PUBLIC.node_attachments ADD CONSTRAINT node_attachments_pkey PRIMARY KEY (att_id) {changeSet=migration/node-services.changelog-init.xml::1511451595465-30::R3.Corda, databaseChangeLog=master.changelog.json}
?[m?[37m[INFO] 11:44:47,245 [Test worker] changelog.ChangeSet. - Primary key added to node_attachments (att_id) {changeSet=migration/node-services.changelog-init.xml::1511451595465-30::R3.Corda, databaseChangeLog=master.changelog.json}
?[m?[37m[INFO] 11:44:47,245 [Test worker] changelog.ChangeSet. - ChangeSet migration/node-services.changelog-init.xml::1511451595465-30::R3.Corda ran successfully in 1ms {changeSet=migration/node-services.changelog-init.xml::1511451595465-30::R3.Corda, databaseChangeLog=master.changelog.json}
?[m?[37m[INFO] 11:44:47,246 [Test worker] jvm.JdbcExecutor. - INSERT INTO PUBLIC.DATABASECHANGELOG (ID, AUTHOR, FILENAME, DATEEXECUTED, ORDEREXECUTED, MD5SUM, DESCRIPTION, COMMENTS, EXECTYPE, CONTEXTS, LABELS, LIQUIBASE, DEPLOYMENT_ID) VALUES ('1511451595465-30', 'R3.Corda', 'migration/node-services.changelog-init.xml', NOW(), 53, '8:97c42d4eac368e79f47df345a072b237', 'addPrimaryKey constraintName=node_attachments_pkey, tableName=node_attachments', '', 'EXECUTED', NULL, NULL, '3.6.3', '2067487175') {changeSet=migration/node-services.changelog-init.xml::1511451595465-30::R3.Corda, databaseChangeLog=master.changelog.json}
?[m?[37m[INFO] 11:44:47,246 [Test worker] jvm.JdbcExecutor. - ALTER TABLE PUBLIC.node_checkpoints ADD CONSTRAINT node_checkpoints_pkey PRIMARY KEY (checkpoint_id) {changeSet=migration/node-services.changelog-init.xml::1511451595465-32::R3.Corda, databaseChangeLog=master.changelog.json}
?[m?[37m[INFO] 11:44:47,247 [Test worker] changelog.ChangeSet. - Primary key added to node_checkpoints (checkpoint_id) {changeSet=migration/node-services.changelog-init.xml::1511451595465-32::R3.Corda, databaseChangeLog=master.changelog.json}
?[m?[37m[INFO] 11:44:47,247 [Test worker] changelog.ChangeSet. - ChangeSet migration/node-services.changelog-init.xml::1511451595465-32::R3.Corda ran successfully in 1ms {changeSet=migration/node-services.changelog-init.xml::1511451595465-32::R3.Corda, databaseChangeLog=master.changelog.json}
?[m?[37m[INFO] 11:44:47,248 [Test worker] jvm.JdbcExecutor. - INSERT INTO PUBLIC.DATABASECHANGELOG (ID, AUTHOR, FILENAME, DATEEXECUTED, ORDEREXECUTED, MD5SUM, DESCRIPTION, COMMENTS, EXECTYPE, CONTEXTS, LABELS, LIQUIBASE, DEPLOYMENT_ID) VALUES ('1511451595465-32', 'R3.Corda', 'migration/node-services.changelog-init.xml', NOW(), 54, '8:7224c32660081d3e820e52e2b70b365f', 'addPrimaryKey constraintName=node_checkpoints_pkey, tableName=node_checkpoints', '', 'EXECUTED', NULL, NULL, '3.6.3', '2067487175') {changeSet=migration/node-services.changelog-init.xml::1511451595465-32::R3.Corda, databaseChangeLog=master.changelog.json}
?[m?[37m[INFO] 11:44:47,248 [Test worker] jvm.JdbcExecutor. - ALTER TABLE PUBLIC.node_contract_upgrades ADD CONSTRAINT node_contract_upgrades_pkey PRIMARY KEY (state_ref) {changeSet=migration/node-services.changelog-init.xml::1511451595465-33::R3.Corda, databaseChangeLog=master.changelog.json}
?[m?[37m[INFO] 11:44:47,248 [Test worker] changelog.ChangeSet. - Primary key added to node_contract_upgrades (state_ref) {changeSet=migration/node-services.changelog-init.xml::1511451595465-33::R3.Corda, databaseChangeLog=master.changelog.json}
?[m?[37m[INFO] 11:44:47,248 [Test worker] changelog.ChangeSet. - ChangeSet migration/node-services.changelog-init.xml::1511451595465-33::R3.Corda ran successfully in 0ms {changeSet=migration/node-services.changelog-init.xml::1511451595465-33::R3.Corda, databaseChangeLog=master.changelog.json}
?[m?[37m[INFO] 11:44:47,249 [Test worker] jvm.JdbcExecutor. - INSERT INTO PUBLIC.DATABASECHANGELOG (ID, AUTHOR, FILENAME, DATEEXECUTED, ORDEREXECUTED, MD5SUM, DESCRIPTION, COMMENTS, EXECTYPE, CONTEXTS, LABELS, LIQUIBASE, DEPLOYMENT_ID) VALUES ('1511451595465-33', 'R3.Corda', 'migration/node-services.changelog-init.xml', NOW(), 55, '8:85bcae037a29317065e3b922e0563902', 'addPrimaryKey constraintName=node_contract_upgrades_pkey, tableName=node_contract_upgrades', '', 'EXECUTED', NULL, NULL, '3.6.3', '2067487175') {changeSet=migration/node-services.changelog-init.xml::1511451595465-33::R3.Corda, databaseChangeLog=master.changelog.json}
?[m?[37m[INFO] 11:44:47,249 [Test worker] jvm.JdbcExecutor. - ALTER TABLE PUBLIC.node_identities ADD CONSTRAINT node_identities_pkey PRIMARY KEY (pk_hash) {changeSet=migration/node-services.changelog-init.xml::1511451595465-34::R3.Corda, databaseChangeLog=master.changelog.json}
?[m?[37m[INFO] 11:44:47,249 [Test worker] changelog.ChangeSet. - Primary key added to node_identities (pk_hash) {changeSet=migration/node-services.changelog-init.xml::1511451595465-34::R3.Corda, databaseChangeLog=master.changelog.json}
?[m?[37m[INFO] 11:44:47,249 [Test worker] changelog.ChangeSet. - ChangeSet migration/node-services.changelog-init.xml::1511451595465-34::R3.Corda ran successfully in 0ms {changeSet=migration/node-services.changelog-init.xml::1511451595465-34::R3.Corda, databaseChangeLog=master.changelog.json}
?[m?[37m[INFO] 11:44:47,250 [Test worker] jvm.JdbcExecutor. - INSERT INTO PUBLIC.DATABASECHANGELOG (ID, AUTHOR, FILENAME, DATEEXECUTED, ORDEREXECUTED, MD5SUM, DESCRIPTION, COMMENTS, EXECTYPE, CONTEXTS, LABELS, LIQUIBASE, DEPLOYMENT_ID) VALUES ('1511451595465-34', 'R3.Corda', 'migration/node-services.changelog-init.xml', NOW(), 56, '8:308ffe9985df3029fc05bd41c60010a9', 'addPrimaryKey constraintName=node_identities_pkey, tableName=node_identities', '', 'EXECUTED', NULL, NULL, '3.6.3', '2067487175') {changeSet=migration/node-services.changelog-init.xml::1511451595465-34::R3.Corda, databaseChangeLog=master.changelog.json}
?[m?[37m[INFO] 11:44:47,250 [Test worker] jvm.JdbcExecutor. - ALTER TABLE PUBLIC.node_message_ids ADD CONSTRAINT node_message_ids_pkey PRIMARY KEY (message_id) {changeSet=migration/node-services.changelog-init.xml::1511451595465-38::R3.Corda, databaseChangeLog=master.changelog.json}
?[m?[37m[INFO] 11:44:47,250 [Test worker] changelog.ChangeSet. - Primary key added to node_message_ids (message_id) {changeSet=migration/node-services.changelog-init.xml::1511451595465-38::R3.Corda, databaseChangeLog=master.changelog.json}
?[m?[37m[INFO] 11:44:47,250 [Test worker] changelog.ChangeSet. - ChangeSet migration/node-services.changelog-init.xml::1511451595465-38::R3.Corda ran successfully in 0ms {changeSet=migration/node-services.changelog-init.xml::1511451595465-38::R3.Corda, databaseChangeLog=master.changelog.json}
?[m?[37m[INFO] 11:44:47,250 [Test worker] jvm.JdbcExecutor. - INSERT INTO PUBLIC.DATABASECHANGELOG (ID, AUTHOR, FILENAME, DATEEXECUTED, ORDEREXECUTED, MD5SUM, DESCRIPTION, COMMENTS, EXECTYPE, CONTEXTS, LABELS, LIQUIBASE, DEPLOYMENT_ID) VALUES ('1511451595465-38', 'R3.Corda', 'migration/node-services.changelog-init.xml', NOW(), 57, '8:18b1b83ce2a778af1a8a8c9c56bb9651', 'addPrimaryKey constraintName=node_message_ids_pkey, tableName=node_message_ids', '', 'EXECUTED', NULL, NULL, '3.6.3', '2067487175') {changeSet=migration/node-services.changelog-init.xml::1511451595465-38::R3.Corda, databaseChangeLog=master.changelog.json}
?[m?[37m[INFO] 11:44:47,251 [Test worker] jvm.JdbcExecutor. - ALTER TABLE PUBLIC.node_message_retry ADD CONSTRAINT node_message_retry_pkey PRIMARY KEY (message_id) {changeSet=migration/node-services.changelog-init.xml::1511451595465-39::R3.Corda, databaseChangeLog=master.changelog.json}
?[m?[37m[INFO] 11:44:47,251 [Test worker] changelog.ChangeSet. - Primary key added to node_message_retry (message_id) {changeSet=migration/node-services.changelog-init.xml::1511451595465-39::R3.Corda, databaseChangeLog=master.changelog.json}
?[m?[37m[INFO] 11:44:47,251 [Test worker] changelog.ChangeSet. - ChangeSet migration/node-services.changelog-init.xml::1511451595465-39::R3.Corda ran successfully in 0ms {changeSet=migration/node-services.changelog-init.xml::1511451595465-39::R3.Corda, databaseChangeLog=master.changelog.json}
?[m?[37m[INFO] 11:44:47,251 [Test worker] jvm.JdbcExecutor. - INSERT INTO PUBLIC.DATABASECHANGELOG (ID, AUTHOR, FILENAME, DATEEXECUTED, ORDEREXECUTED, MD5SUM, DESCRIPTION, COMMENTS, EXECTYPE, CONTEXTS, LABELS, LIQUIBASE, DEPLOYMENT_ID) VALUES ('1511451595465-39', 'R3.Corda', 'migration/node-services.changelog-init.xml', NOW(), 58, '8:0359c73c9db723c73ee0171620ff4ac6', 'addPrimaryKey constraintName=node_message_retry_pkey, tableName=node_message_retry', '', 'EXECUTED', NULL, NULL, '3.6.3', '2067487175') {changeSet=migration/node-services.changelog-init.xml::1511451595465-39::R3.Corda, databaseChangeLog=master.changelog.json}
?[m?[37m[INFO] 11:44:47,251 [Test worker] jvm.JdbcExecutor. - ALTER TABLE PUBLIC.node_named_identities ADD CONSTRAINT node_named_identities_pkey PRIMARY KEY (name) {changeSet=migration/node-services.changelog-init.xml::1511451595465-40::R3.Corda, databaseChangeLog=master.changelog.json}
?[m?[37m[INFO] 11:44:47,252 [Test worker] changelog.ChangeSet. - Primary key added to node_named_identities (name) {changeSet=migration/node-services.changelog-init.xml::1511451595465-40::R3.Corda, databaseChangeLog=master.changelog.json}
?[m?[37m[INFO] 11:44:47,252 [Test worker] changelog.ChangeSet. - ChangeSet migration/node-services.changelog-init.xml::1511451595465-40::R3.Corda ran successfully in 1ms {changeSet=migration/node-services.changelog-init.xml::1511451595465-40::R3.Corda, databaseChangeLog=master.changelog.json}
?[m?[37m[INFO] 11:44:47,252 [Test worker] jvm.JdbcExecutor. - INSERT INTO PUBLIC.DATABASECHANGELOG (ID, AUTHOR, FILENAME, DATEEXECUTED, ORDEREXECUTED, MD5SUM, DESCRIPTION, COMMENTS, EXECTYPE, CONTEXTS, LABELS, LIQUIBASE, DEPLOYMENT_ID) VALUES ('1511451595465-40', 'R3.Corda', 'migration/node-services.changelog-init.xml', NOW(), 59, '8:ef3ab101a3e4c5820f575d5adcb85c08', 'addPrimaryKey constraintName=node_named_identities_pkey, tableName=node_named_identities', '', 'EXECUTED', NULL, NULL, '3.6.3', '2067487175') {changeSet=migration/node-services.changelog-init.xml::1511451595465-40::R3.Corda, databaseChangeLog=master.changelog.json}
?[m?[37m[INFO] 11:44:47,252 [Test worker] jvm.JdbcExecutor. - ALTER TABLE PUBLIC.node_our_key_pairs ADD CONSTRAINT node_our_key_pairs_pkey PRIMARY KEY (public_key_hash) {changeSet=migration/node-services.changelog-init.xml::1511451595465-42::R3.Corda, databaseChangeLog=master.changelog.json}
?[m?[37m[INFO] 11:44:47,252 [Test worker] changelog.ChangeSet. - Primary key added to node_our_key_pairs (public_key_hash) {changeSet=migration/node-services.changelog-init.xml::1511451595465-42::R3.Corda, databaseChangeLog=master.changelog.json}
?[m?[37m[INFO] 11:44:47,253 [Test worker] changelog.ChangeSet. - ChangeSet migration/node-services.changelog-init.xml::1511451595465-42::R3.Corda ran successfully in 1ms {changeSet=migration/node-services.changelog-init.xml::1511451595465-42::R3.Corda, databaseChangeLog=master.changelog.json}
?[m?[37m[INFO] 11:44:47,253 [Test worker] jvm.JdbcExecutor. - INSERT INTO PUBLIC.DATABASECHANGELOG (ID, AUTHOR, FILENAME, DATEEXECUTED, ORDEREXECUTED, MD5SUM, DESCRIPTION, COMMENTS, EXECTYPE, CONTEXTS, LABELS, LIQUIBASE, DEPLOYMENT_ID) VALUES ('1511451595465-42', 'R3.Corda', 'migration/node-services.changelog-init.xml', NOW(), 60, '8:d742088fd258d00e0a1fbffcf2e27c61', 'addPrimaryKey constraintName=node_our_key_pairs_pkey, tableName=node_our_key_pairs', '', 'EXECUTED', NULL, NULL, '3.6.3', '2067487175') {changeSet=migration/node-services.changelog-init.xml::1511451595465-42::R3.Corda, databaseChangeLog=master.changelog.json}
?[m?[37m[INFO] 11:44:47,253 [Test worker] jvm.JdbcExecutor. - ALTER TABLE PUBLIC.node_scheduled_states ADD CONSTRAINT node_scheduled_states_pkey PRIMARY KEY (output_index, transaction_id) {changeSet=migration/node-services.changelog-init.xml::1511451595465-44::R3.Corda, databaseChangeLog=master.changelog.json}
?[m?[37m[INFO] 11:44:47,254 [Test worker] changelog.ChangeSet. - Primary key added to node_scheduled_states (output_index, transaction_id) {changeSet=migration/node-services.changelog-init.xml::1511451595465-44::R3.Corda, databaseChangeLog=master.changelog.json}
?[m?[37m[INFO] 11:44:47,254 [Test worker] changelog.ChangeSet. - ChangeSet migration/node-services.changelog-init.xml::1511451595465-44::R3.Corda ran successfully in 1ms {changeSet=migration/node-services.changelog-init.xml::1511451595465-44::R3.Corda, databaseChangeLog=master.changelog.json}
?[m?[37m[INFO] 11:44:47,254 [Test worker] jvm.JdbcExecutor. - INSERT INTO PUBLIC.DATABASECHANGELOG (ID, AUTHOR, FILENAME, DATEEXECUTED, ORDEREXECUTED, MD5SUM, DESCRIPTION, COMMENTS, EXECTYPE, CONTEXTS, LABELS, LIQUIBASE, DEPLOYMENT_ID) VALUES ('1511451595465-44', 'R3.Corda', 'migration/node-services.changelog-init.xml', NOW(), 61, '8:dc8b980de5154038877f6d2e43b97ad1', 'addPrimaryKey constraintName=node_scheduled_states_pkey, tableName=node_scheduled_states', '', 'EXECUTED', NULL, NULL, '3.6.3', '2067487175') {changeSet=migration/node-services.changelog-init.xml::1511451595465-44::R3.Corda, databaseChangeLog=master.changelog.json}
?[m?[37m[INFO] 11:44:47,255 [Test worker] jvm.JdbcExecutor. - ALTER TABLE PUBLIC.node_transaction_mappings ADD CONSTRAINT node_transaction_mappings_pkey PRIMARY KEY (tx_id) {changeSet=migration/node-services.changelog-init.xml::1511451595465-45::R3.Corda, databaseChangeLog=master.changelog.json}
?[m?[37m[INFO] 11:44:47,256 [Test worker] changelog.ChangeSet. - Primary key added to node_transaction_mappings (tx_id) {changeSet=migration/node-services.changelog-init.xml::1511451595465-45::R3.Corda, databaseChangeLog=master.changelog.json}
?[m?[37m[INFO] 11:44:47,256 [Test worker] changelog.ChangeSet. - ChangeSet migration/node-services.changelog-init.xml::1511451595465-45::R3.Corda ran successfully in 1ms {changeSet=migration/node-services.changelog-init.xml::1511451595465-45::R3.Corda, databaseChangeLog=master.changelog.json}
?[m?[37m[INFO] 11:44:47,256 [Test worker] jvm.JdbcExecutor. - INSERT INTO PUBLIC.DATABASECHANGELOG (ID, AUTHOR, FILENAME, DATEEXECUTED, ORDEREXECUTED, MD5SUM, DESCRIPTION, COMMENTS, EXECTYPE, CONTEXTS, LABELS, LIQUIBASE, DEPLOYMENT_ID) VALUES ('1511451595465-45', 'R3.Corda', 'migration/node-services.changelog-init.xml', NOW(), 62, '8:2ae0fa18530e20aa3bcd6109b7d95247', 'addPrimaryKey constraintName=node_transaction_mappings_pkey, tableName=node_transaction_mappings', '', 'EXECUTED', NULL, NULL, '3.6.3', '2067487175') {changeSet=migration/node-services.changelog-init.xml::1511451595465-45::R3.Corda, databaseChangeLog=master.changelog.json}
?[m?[37m[INFO] 11:44:47,257 [Test worker] jvm.JdbcExecutor. - ALTER TABLE PUBLIC.node_transactions ADD CONSTRAINT node_transactions_pkey PRIMARY KEY (tx_id) {changeSet=migration/node-services.changelog-init.xml::1511451595465-46::R3.Corda, databaseChangeLog=master.changelog.json}
?[m?[37m[INFO] 11:44:47,257 [Test worker] changelog.ChangeSet. - Primary key added to node_transactions (tx_id) {changeSet=migration/node-services.changelog-init.xml::1511451595465-46::R3.Corda, databaseChangeLog=master.changelog.json}
?[m?[37m[INFO] 11:44:47,257 [Test worker] changelog.ChangeSet. - ChangeSet migration/node-services.changelog-init.xml::1511451595465-46::R3.Corda ran successfully in 0ms {changeSet=migration/node-services.changelog-init.xml::1511451595465-46::R3.Corda, databaseChangeLog=master.changelog.json}
?[m?[37m[INFO] 11:44:47,257 [Test worker] jvm.JdbcExecutor. - INSERT INTO PUBLIC.DATABASECHANGELOG (ID, AUTHOR, FILENAME, DATEEXECUTED, ORDEREXECUTED, MD5SUM, DESCRIPTION, COMMENTS, EXECTYPE, CONTEXTS, LABELS, LIQUIBASE, DEPLOYMENT_ID) VALUES ('1511451595465-46', 'R3.Corda', 'migration/node-services.changelog-init.xml', NOW(), 63, '8:d5e4dd3dba8e89f77b6eeff0fc5b7a49', 'addPrimaryKey constraintName=node_transactions_pkey, tableName=node_transactions', '', 'EXECUTED', NULL, NULL, '3.6.3', '2067487175') {changeSet=migration/node-services.changelog-init.xml::1511451595465-46::R3.Corda, databaseChangeLog=master.changelog.json}
?[m?[37m[INFO] 11:44:47,257 [Test worker] jvm.JdbcExecutor. - ALTER TABLE PUBLIC.node_link_nodeinfo_party ADD CONSTRAINT FK__link_ni_p__info_p_cert FOREIGN KEY (party_name) REFERENCES PUBLIC.node_info_party_cert (party_name) {changeSet=migration/node-services.changelog-init.xml::1511451595465-61::R3.Corda, databaseChangeLog=master.changelog.json}
?[m?[37m[INFO] 11:44:47,258 [Test worker] changelog.ChangeSet. - Foreign key constraint added to node_link_nodeinfo_party (party_name) {changeSet=migration/node-services.changelog-init.xml::1511451595465-61::R3.Corda, databaseChangeLog=master.changelog.json}
?[m?[37m[INFO] 11:44:47,258 [Test worker] changelog.ChangeSet. - ChangeSet migration/node-services.changelog-init.xml::1511451595465-61::R3.Corda ran successfully in 1ms {changeSet=migration/node-services.changelog-init.xml::1511451595465-61::R3.Corda, databaseChangeLog=master.changelog.json}
?[m?[37m[INFO] 11:44:47,258 [Test worker] jvm.JdbcExecutor. - INSERT INTO PUBLIC.DATABASECHANGELOG (ID, AUTHOR, FILENAME, DATEEXECUTED, ORDEREXECUTED, MD5SUM, DESCRIPTION, COMMENTS, EXECTYPE, CONTEXTS, LABELS, LIQUIBASE, DEPLOYMENT_ID) VALUES ('1511451595465-61', 'R3.Corda', 'migration/node-services.changelog-init.xml', NOW(), 64, '8:1d4e406a8056aa782ccbd978771f1fb9', 'addForeignKeyConstraint baseTableName=node_link_nodeinfo_party, constraintName=FK__link_ni_p__info_p_cert, referencedTableName=node_info_party_cert', '', 'EXECUTED', NULL, NULL, '3.6.3', '2067487175') {changeSet=migration/node-services.changelog-init.xml::1511451595465-61::R3.Corda, databaseChangeLog=master.changelog.json}
?[m?[37m[INFO] 11:44:47,259 [Test worker] jvm.JdbcExecutor. - CREATE INDEX PUBLIC.att_id_idx ON PUBLIC.node_attachments(att_id) {changeSet=migration/node-services.changelog-init.xml::add index att_id::R3.Corda, databaseChangeLog=master.changelog.json}
?[m?[37m[INFO] 11:44:47,259 [Test worker] changelog.ChangeSet. - Index att_id_idx created {changeSet=migration/node-services.changelog-init.xml::add index att_id::R3.Corda, databaseChangeLog=master.changelog.json}
?[m?[37m[INFO] 11:44:47,259 [Test worker] changelog.ChangeSet. - ChangeSet migration/node-services.changelog-init.xml::add index att_id::R3.Corda ran successfully in 0ms {changeSet=migration/node-services.changelog-init.xml::add index att_id::R3.Corda, databaseChangeLog=master.changelog.json}
?[m?[37m[INFO] 11:44:47,260 [Test worker] jvm.JdbcExecutor. - INSERT INTO PUBLIC.DATABASECHANGELOG (ID, AUTHOR, FILENAME, DATEEXECUTED, ORDEREXECUTED, MD5SUM, DESCRIPTION, COMMENTS, EXECTYPE, CONTEXTS, LABELS, LIQUIBASE, DEPLOYMENT_ID) VALUES ('add index att_id', 'R3.Corda', 'migration/node-services.changelog-init.xml', NOW(), 65, '8:ccf9b08f32d685dc60d6e34a3013bffc', 'createIndex indexName=att_id_idx, tableName=node_attachments', '', 'EXECUTED', NULL, NULL, '3.6.3', '2067487175') {changeSet=migration/node-services.changelog-init.xml::add index att_id::R3.Corda, databaseChangeLog=master.changelog.json}
?[m?[37m[INFO] 11:44:47,261 [Test worker] jvm.JdbcExecutor. - CREATE TABLE PUBLIC.node_attchments_contracts (att_id NVARCHAR(255) NOT NULL, contract_class_name NVARCHAR(255)) {changeSet=migration/node-services.changelog-init.xml::add_contract_attachment::R3.Corda, databaseChangeLog=master.changelog.json}
?[m?[37m[INFO] 11:44:47,261 [Test worker] changelog.ChangeSet. - Table node_attchments_contracts created {changeSet=migration/node-services.changelog-init.xml::add_contract_attachment::R3.Corda, databaseChangeLog=master.changelog.json}
?[m?[37m[INFO] 11:44:47,261 [Test worker] jvm.JdbcExecutor. - ALTER TABLE PUBLIC.node_attchments_contracts ADD CONSTRAINT FK__ctr_class__attachments FOREIGN KEY (att_id) REFERENCES PUBLIC.node_attachments (att_id) {changeSet=migration/node-services.changelog-init.xml::add_contract_attachment::R3.Corda, databaseChangeLog=master.changelog.json}
?[m?[37m[INFO] 11:44:47,261 [Test worker] changelog.ChangeSet. - Foreign key constraint added to node_attchments_contracts (att_id) {changeSet=migration/node-services.changelog-init.xml::add_contract_attachment::R3.Corda, databaseChangeLog=master.changelog.json}
?[m?[37m[INFO] 11:44:47,262 [Test worker] jvm.JdbcExecutor. - DELETE FROM PUBLIC.node_attachments {changeSet=migration/node-services.changelog-init.xml::add_contract_attachment::R3.Corda, databaseChangeLog=master.changelog.json}
?[m?[37m[INFO] 11:44:47,262 [Test worker] changelog.ChangeSet. - Data deleted from node_attachments {changeSet=migration/node-services.changelog-init.xml::add_contract_attachment::R3.Corda, databaseChangeLog=master.changelog.json}
?[m?[37m[INFO] 11:44:47,262 [Test worker] changelog.ChangeSet. - ChangeSet migration/node-services.changelog-init.xml::add_contract_attachment::R3.Corda ran successfully in 2ms {changeSet=migration/node-services.changelog-init.xml::add_contract_attachment::R3.Corda, databaseChangeLog=master.changelog.json}
?[m?[37m[INFO] 11:44:47,263 [Test worker] jvm.JdbcExecutor. - INSERT INTO PUBLIC.DATABASECHANGELOG (ID, AUTHOR, FILENAME, DATEEXECUTED, ORDEREXECUTED, MD5SUM, DESCRIPTION, COMMENTS, EXECTYPE, CONTEXTS, LABELS, LIQUIBASE, DEPLOYMENT_ID) VALUES ('add_contract_attachment', 'R3.Corda', 'migration/node-services.changelog-init.xml', NOW(), 66, '8:8898557cf18644883f6f3b0c5e784c0b', 'createTable tableName=node_attchments_contracts; addForeignKeyConstraint baseTableName=node_attchments_contracts, constraintName=FK__ctr_class__attachments, referencedTableName=node_attachments; delete tableName=node_attachments', '', 'EXECUTED', NULL, NULL, '3.6.3', '2067487175') {changeSet=migration/node-services.changelog-init.xml::add_contract_attachment::R3.Corda, databaseChangeLog=master.changelog.json}
?[m?[37m[INFO] 11:44:47,263 [Test worker] jvm.JdbcExecutor. - ALTER TABLE PUBLIC.node_message_ids ADD sender NVARCHAR(64) {changeSet=migration/node-services.changelog-init.xml::add_dedup_columns::R3.Corda, databaseChangeLog=master.changelog.json}
?[m?[37m[INFO] 11:44:47,264 [Test worker] jvm.JdbcExecutor. - ALTER TABLE PUBLIC.node_message_ids ADD sequence_number BIGINT {changeSet=migration/node-services.changelog-init.xml::add_dedup_columns::R3.Corda, databaseChangeLog=master.changelog.json}
?[m?[37m[INFO] 11:44:47,265 [Test worker] changelog.ChangeSet. - Columns sender(NVARCHAR(64)),sequence_number(BIGINT) added to node_message_ids {changeSet=migration/node-services.changelog-init.xml::add_dedup_columns::R3.Corda, databaseChangeLog=master.changelog.json}
?[m?[37m[INFO] 11:44:47,265 [Test worker] changelog.ChangeSet. - ChangeSet migration/node-services.changelog-init.xml::add_dedup_columns::R3.Corda ran successfully in 2ms {changeSet=migration/node-services.changelog-init.xml::add_dedup_columns::R3.Corda, databaseChangeLog=master.changelog.json}
?[m?[37m[INFO] 11:44:47,265 [Test worker] jvm.JdbcExecutor. - INSERT INTO PUBLIC.DATABASECHANGELOG (ID, AUTHOR, FILENAME, DATEEXECUTED, ORDEREXECUTED, MD5SUM, DESCRIPTION, COMMENTS, EXECTYPE, CONTEXTS, LABELS, LIQUIBASE, DEPLOYMENT_ID) VALUES ('add_dedup_columns', 'R3.Corda', 'migration/node-services.changelog-init.xml', NOW(), 67, '8:5924ebdacff695e1f30aa3e0173eccdf', 'addColumn tableName=node_message_ids', '', 'EXECUTED', NULL, NULL, '3.6.3', '2067487175') {changeSet=migration/node-services.changelog-init.xml::add_dedup_columns::R3.Corda, databaseChangeLog=master.changelog.json}
?[m?[37m[INFO] 11:44:47,265 [Test worker] jvm.JdbcExecutor. - ALTER TABLE PUBLIC.node_attchments_contracts RENAME TO node_attachments_contracts {changeSet=migration/node-core.changelog-v4.xml::attchments_rename::R3.Corda, databaseChangeLog=master.changelog.json}
?[m?[37m[INFO] 11:44:47,265 [Test worker] changelog.ChangeSet. - Table node_attchments_contracts renamed to node_attachments_contracts {changeSet=migration/node-core.changelog-v4.xml::attchments_rename::R3.Corda, databaseChangeLog=master.changelog.json}
?[m?[37m[INFO] 11:44:47,265 [Test worker] changelog.ChangeSet. - ChangeSet migration/node-core.changelog-v4.xml::attchments_rename::R3.Corda ran successfully in 0ms {changeSet=migration/node-core.changelog-v4.xml::attchments_rename::R3.Corda, databaseChangeLog=master.changelog.json}
?[m?[37m[INFO] 11:44:47,266 [Test worker] jvm.JdbcExecutor. - INSERT INTO PUBLIC.DATABASECHANGELOG (ID, AUTHOR, FILENAME, DATEEXECUTED, ORDEREXECUTED, MD5SUM, DESCRIPTION, COMMENTS, EXECTYPE, CONTEXTS, LABELS, LIQUIBASE, DEPLOYMENT_ID) VALUES ('attchments_rename', 'R3.Corda', 'migration/node-core.changelog-v4.xml', NOW(), 68, '8:94816d7657264059f2b8da4e97d4b15d', 'renameTable newTableName=node_attachments_contracts, oldTableName=node_attchments_contracts', '', 'EXECUTED', NULL, NULL, '3.6.3', '2067487175') {changeSet=migration/node-core.changelog-v4.xml::attchments_rename::R3.Corda, databaseChangeLog=master.changelog.json}
?[m?[37m[INFO] 11:44:47,266 [Test worker] jvm.JdbcExecutor. - ALTER TABLE PUBLIC.node_identities ALTER COLUMN identity_value SET NOT NULL {changeSet=migration/node-core.changelog-v4.xml::nullability::R3.Corda, databaseChangeLog=master.changelog.json}
?[m?[37m[INFO] 11:44:47,266 [Test worker] changelog.ChangeSet. - NOT NULL constraint has been added to node_identities.identity_value {changeSet=migration/node-core.changelog-v4.xml::nullability::R3.Corda, databaseChangeLog=master.changelog.json}
?[m?[37m[INFO] 11:44:47,266 [Test worker] jvm.JdbcExecutor. - ALTER TABLE PUBLIC.node_attachments ALTER COLUMN content SET NOT NULL {changeSet=migration/node-core.changelog-v4.xml::nullability::R3.Corda, databaseChangeLog=master.changelog.json}
?[m?[37m[INFO] 11:44:47,266 [Test worker] changelog.ChangeSet. - NOT NULL constraint has been added to node_attachments.content {changeSet=migration/node-core.changelog-v4.xml::nullability::R3.Corda, databaseChangeLog=master.changelog.json}
?[m?[37m[INFO] 11:44:47,266 [Test worker] jvm.JdbcExecutor. - ALTER TABLE PUBLIC.node_attachments_contracts ALTER COLUMN contract_class_name SET NOT NULL {changeSet=migration/node-core.changelog-v4.xml::nullability::R3.Corda, databaseChangeLog=master.changelog.json}
?[m?[37m[INFO] 11:44:47,267 [Test worker] changelog.ChangeSet. - NOT NULL constraint has been added to node_attachments_contracts.contract_class_name {changeSet=migration/node-core.changelog-v4.xml::nullability::R3.Corda, databaseChangeLog=master.changelog.json}
?[m?[37m[INFO] 11:44:47,267 [Test worker] jvm.JdbcExecutor. - ALTER TABLE PUBLIC.node_checkpoints ALTER COLUMN checkpoint_value SET NOT NULL {changeSet=migration/node-core.changelog-v4.xml::nullability::R3.Corda, databaseChangeLog=master.changelog.json}
?[m?[37m[INFO] 11:44:47,267 [Test worker] changelog.ChangeSet. - NOT NULL constraint has been added to node_checkpoints.checkpoint_value {changeSet=migration/node-core.changelog-v4.xml::nullability::R3.Corda, databaseChangeLog=master.changelog.json}
?[m?[37m[INFO] 11:44:47,267 [Test worker] jvm.JdbcExecutor. - ALTER TABLE PUBLIC.node_contract_upgrades ALTER COLUMN contract_class_name SET NOT NULL {changeSet=migration/node-core.changelog-v4.xml::nullability::R3.Corda, databaseChangeLog=master.changelog.json}
?[m?[37m[INFO] 11:44:47,267 [Test worker] changelog.ChangeSet. - NOT NULL constraint has been added to node_contract_upgrades.contract_class_name {changeSet=migration/node-core.changelog-v4.xml::nullability::R3.Corda, databaseChangeLog=master.changelog.json}
?[m?[37m[INFO] 11:44:47,267 [Test worker] jvm.JdbcExecutor. - ALTER TABLE PUBLIC.node_message_ids ALTER COLUMN insertion_time SET NOT NULL {changeSet=migration/node-core.changelog-v4.xml::nullability::R3.Corda, databaseChangeLog=master.changelog.json}
?[m?[37m[INFO] 11:44:47,267 [Test worker] changelog.ChangeSet. - NOT NULL constraint has been added to node_message_ids.insertion_time {changeSet=migration/node-core.changelog-v4.xml::nullability::R3.Corda, databaseChangeLog=master.changelog.json}
?[m?[37m[INFO] 11:44:47,267 [Test worker] jvm.JdbcExecutor. - ALTER TABLE PUBLIC.node_message_retry ALTER COLUMN message SET NOT NULL {changeSet=migration/node-core.changelog-v4.xml::nullability::R3.Corda, databaseChangeLog=master.changelog.json}
?[m?[37m[INFO] 11:44:47,267 [Test worker] changelog.ChangeSet. - NOT NULL constraint has been added to node_message_retry.message {changeSet=migration/node-core.changelog-v4.xml::nullability::R3.Corda, databaseChangeLog=master.changelog.json}
?[m?[37m[INFO] 11:44:47,267 [Test worker] jvm.JdbcExecutor. - ALTER TABLE PUBLIC.node_message_retry ALTER COLUMN recipients SET NOT NULL {changeSet=migration/node-core.changelog-v4.xml::nullability::R3.Corda, databaseChangeLog=master.changelog.json}
?[m?[37m[INFO] 11:44:47,267 [Test worker] changelog.ChangeSet. - NOT NULL constraint has been added to node_message_retry.recipients {changeSet=migration/node-core.changelog-v4.xml::nullability::R3.Corda, databaseChangeLog=master.changelog.json}
?[m?[37m[INFO] 11:44:47,267 [Test worker] jvm.JdbcExecutor. - ALTER TABLE PUBLIC.node_named_identities ALTER COLUMN pk_hash SET NOT NULL {changeSet=migration/node-core.changelog-v4.xml::nullability::R3.Corda, databaseChangeLog=master.changelog.json}
?[m?[37m[INFO] 11:44:47,267 [Test worker] changelog.ChangeSet. - NOT NULL constraint has been added to node_named_identities.pk_hash {changeSet=migration/node-core.changelog-v4.xml::nullability::R3.Corda, databaseChangeLog=master.changelog.json}
?[m?[37m[INFO] 11:44:47,267 [Test worker] jvm.JdbcExecutor. - ALTER TABLE PUBLIC.node_our_key_pairs ALTER COLUMN private_key SET NOT NULL {changeSet=migration/node-core.changelog-v4.xml::nullability::R3.Corda, databaseChangeLog=master.changelog.json}
?[m?[37m[INFO] 11:44:47,267 [Test worker] changelog.ChangeSet. - NOT NULL constraint has been added to node_our_key_pairs.private_key {changeSet=migration/node-core.changelog-v4.xml::nullability::R3.Corda, databaseChangeLog=master.changelog.json}
?[m?[37m[INFO] 11:44:47,267 [Test worker] jvm.JdbcExecutor. - ALTER TABLE PUBLIC.node_our_key_pairs ALTER COLUMN public_key SET NOT NULL {changeSet=migration/node-core.changelog-v4.xml::nullability::R3.Corda, databaseChangeLog=master.changelog.json}
?[m?[37m[INFO] 11:44:47,267 [Test worker] changelog.ChangeSet. - NOT NULL constraint has been added to node_our_key_pairs.public_key {changeSet=migration/node-core.changelog-v4.xml::nullability::R3.Corda, databaseChangeLog=master.changelog.json}
?[m?[37m[INFO] 11:44:47,267 [Test worker] jvm.JdbcExecutor. - ALTER TABLE PUBLIC.node_transaction_mappings ALTER COLUMN state_machine_run_id SET NOT NULL {changeSet=migration/node-core.changelog-v4.xml::nullability::R3.Corda, databaseChangeLog=master.changelog.json}
?[m?[37m[INFO] 11:44:47,267 [Test worker] changelog.ChangeSet. - NOT NULL constraint has been added to node_transaction_mappings.state_machine_run_id {changeSet=migration/node-core.changelog-v4.xml::nullability::R3.Corda, databaseChangeLog=master.changelog.json}
?[m?[37m[INFO] 11:44:47,267 [Test worker] jvm.JdbcExecutor. - ALTER TABLE PUBLIC.node_transactions ALTER COLUMN transaction_value SET NOT NULL {changeSet=migration/node-core.changelog-v4.xml::nullability::R3.Corda, databaseChangeLog=master.changelog.json}
?[m?[37m[INFO] 11:44:47,267 [Test worker] changelog.ChangeSet. - NOT NULL constraint has been added to node_transactions.transaction_value {changeSet=migration/node-core.changelog-v4.xml::nullability::R3.Corda, databaseChangeLog=master.changelog.json}
?[m?[37m[INFO] 11:44:47,267 [Test worker] changelog.ChangeSet. - ChangeSet migration/node-core.changelog-v4.xml::nullability::R3.Corda ran successfully in 1ms {changeSet=migration/node-core.changelog-v4.xml::nullability::R3.Corda, databaseChangeLog=master.changelog.json}
?[m?[37m[INFO] 11:44:47,268 [Test worker] jvm.JdbcExecutor. - INSERT INTO PUBLIC.DATABASECHANGELOG (ID, AUTHOR, FILENAME, DATEEXECUTED, ORDEREXECUTED, MD5SUM, DESCRIPTION, COMMENTS, EXECTYPE, CONTEXTS, LABELS, LIQUIBASE, DEPLOYMENT_ID) VALUES ('nullability', 'R3.Corda', 'migration/node-core.changelog-v4.xml', NOW(), 69, '8:62ddcf64aece5dc383fa400ac8ccc392', 'addNotNullConstraint columnName=identity_value, tableName=node_identities; addNotNullConstraint columnName=content, tableName=node_attachments; addNotNullConstraint columnName=contract_class_name, tableName=node_attachments_contracts; addNotNullCo...', '', 'EXECUTED', NULL, NULL, '3.6.3', '2067487175') {changeSet=migration/node-core.changelog-v4.xml::nullability::R3.Corda, databaseChangeLog=master.changelog.json}
?[m?[37m[INFO] 11:44:47,269 [Test worker] jvm.JdbcExecutor. - DROP TABLE PUBLIC.node_message_retry {changeSet=migration/node-core.changelog-v5.xml::remove_unused_node_message_retry::R3.Corda, databaseChangeLog=master.changelog.json}
?[m?[37m[INFO] 11:44:47,269 [Test worker] changelog.ChangeSet. - Table node_message_retry dropped {changeSet=migration/node-core.changelog-v5.xml::remove_unused_node_message_retry::R3.Corda, databaseChangeLog=master.changelog.json}
?[m?[37m[INFO] 11:44:47,269 [Test worker] changelog.ChangeSet. - ChangeSet migration/node-core.changelog-v5.xml::remove_unused_node_message_retry::R3.Corda ran successfully in 0ms {changeSet=migration/node-core.changelog-v5.xml::remove_unused_node_message_retry::R3.Corda, databaseChangeLog=master.changelog.json}
?[m?[37m[INFO] 11:44:47,270 [Test worker] jvm.JdbcExecutor. - INSERT INTO PUBLIC.DATABASECHANGELOG (ID, AUTHOR, FILENAME, DATEEXECUTED, ORDEREXECUTED, MD5SUM, DESCRIPTION, COMMENTS, EXECTYPE, CONTEXTS, LABELS, LIQUIBASE, DEPLOYMENT_ID) VALUES ('remove_unused_node_message_retry', 'R3.Corda', 'migration/node-core.changelog-v5.xml', NOW(), 70, '8:7f43b1a30ed49119520e7d14de6b57bd', 'dropTable tableName=node_message_retry', '', 'EXECUTED', NULL, NULL, '3.6.3', '2067487175') {changeSet=migration/node-core.changelog-v5.xml::remove_unused_node_message_retry::R3.Corda, databaseChangeLog=master.changelog.json}
?[m?[37m[INFO] 11:44:47,271 [Test worker] jvm.JdbcExecutor. - INSERT INTO PUBLIC.DATABASECHANGELOG (ID, AUTHOR, FILENAME, DATEEXECUTED, ORDEREXECUTED, MD5SUM, DESCRIPTION, COMMENTS, EXECTYPE, CONTEXTS, LABELS, LIQUIBASE, DEPLOYMENT_ID) VALUES ('non-clustered_pk-1', 'R3.Corda', 'migration/node-core.changelog-pkey.xml', NOW(), 71, '8:fc341b0d5ff080f0093d8a528299de25', 'dropPrimaryKey constraintName=node_checkpoints_pkey, tableName=node_checkpoints; addPrimaryKey constraintName=node_checkpoints_pkey, tableName=node_checkpoints', '', 'MARK_RAN', NULL, NULL, '3.6.3', '2067487175') {changeSet=migration/node-core.changelog-pkey.xml::non-clustered_pk-1::R3.Corda, databaseChangeLog=master.changelog.json}
?[m?[37m[INFO] 11:44:47,272 [Test worker] jvm.JdbcExecutor. - INSERT INTO PUBLIC.DATABASECHANGELOG (ID, AUTHOR, FILENAME, DATEEXECUTED, ORDEREXECUTED, MD5SUM, DESCRIPTION, COMMENTS, EXECTYPE, CONTEXTS, LABELS, LIQUIBASE, DEPLOYMENT_ID) VALUES ('non-clustered_pk-2', 'R3.Corda', 'migration/node-core.changelog-pkey.xml', NOW(), 72, '8:438db96910ca09a1e8910e74fe31d943', 'dropPrimaryKey constraintName=node_identities_pkey, tableName=node_identities; addPrimaryKey constraintName=node_identities_pkey, tableName=node_identities', '', 'MARK_RAN', NULL, NULL, '3.6.3', '2067487175') {changeSet=migration/node-core.changelog-pkey.xml::non-clustered_pk-2::R3.Corda, databaseChangeLog=master.changelog.json}
?[m?[37m[INFO] 11:44:47,273 [Test worker] jvm.JdbcExecutor. - INSERT INTO PUBLIC.DATABASECHANGELOG (ID, AUTHOR, FILENAME, DATEEXECUTED, ORDEREXECUTED, MD5SUM, DESCRIPTION, COMMENTS, EXECTYPE, CONTEXTS, LABELS, LIQUIBASE, DEPLOYMENT_ID) VALUES ('non-clustered_pk-3', 'R3.Corda', 'migration/node-core.changelog-pkey.xml', NOW(), 73, '8:b02515ba3eb419e880a62ad581d57d9a', 'dropPrimaryKey constraintName=node_message_ids_pkey, tableName=node_message_ids; addPrimaryKey constraintName=node_message_ids_pkey, tableName=node_message_ids', '', 'MARK_RAN', NULL, NULL, '3.6.3', '2067487175') {changeSet=migration/node-core.changelog-pkey.xml::non-clustered_pk-3::R3.Corda, databaseChangeLog=master.changelog.json}
?[m?[37m[INFO] 11:44:47,274 [Test worker] jvm.JdbcExecutor. - INSERT INTO PUBLIC.DATABASECHANGELOG (ID, AUTHOR, FILENAME, DATEEXECUTED, ORDEREXECUTED, MD5SUM, DESCRIPTION, COMMENTS, EXECTYPE, CONTEXTS, LABELS, LIQUIBASE, DEPLOYMENT_ID) VALUES ('non-clustered_pk-4', 'R3.Corda', 'migration/node-core.changelog-pkey.xml', NOW(), 74, '8:9a733c73c5a8ca979384c41d59473644', 'dropPrimaryKey constraintName=node_named_identities_pkey, tableName=node_named_identities; addPrimaryKey constraintName=node_named_identities_pkey, tableName=node_named_identities', '', 'MARK_RAN', NULL, NULL, '3.6.3', '2067487175') {changeSet=migration/node-core.changelog-pkey.xml::non-clustered_pk-4::R3.Corda, databaseChangeLog=master.changelog.json}
?[m?[37m[INFO] 11:44:47,275 [Test worker] jvm.JdbcExecutor. - INSERT INTO PUBLIC.DATABASECHANGELOG (ID, AUTHOR, FILENAME, DATEEXECUTED, ORDEREXECUTED, MD5SUM, DESCRIPTION, COMMENTS, EXECTYPE, CONTEXTS, LABELS, LIQUIBASE, DEPLOYMENT_ID) VALUES ('non-clustered_pk-5', 'R3.Corda', 'migration/node-core.changelog-pkey.xml', NOW(), 75, '8:48cf4a4dad77b6a8f7c3c73c09cc3959', 'dropPrimaryKey constraintName=node_our_key_pairs_pkey, tableName=node_our_key_pairs; addPrimaryKey constraintName=node_our_key_pairs_pkey, tableName=node_our_key_pairs', '', 'MARK_RAN', NULL, NULL, '3.6.3', '2067487175') {changeSet=migration/node-core.changelog-pkey.xml::non-clustered_pk-5::R3.Corda, databaseChangeLog=master.changelog.json}
?[m?[37m[INFO] 11:44:47,277 [Test worker] jvm.JdbcExecutor. - INSERT INTO PUBLIC.DATABASECHANGELOG (ID, AUTHOR, FILENAME, DATEEXECUTED, ORDEREXECUTED, MD5SUM, DESCRIPTION, COMMENTS, EXECTYPE, CONTEXTS, LABELS, LIQUIBASE, DEPLOYMENT_ID) VALUES ('non-clustered_pk-6', 'R3.Corda', 'migration/node-core.changelog-pkey.xml', NOW(), 76, '8:25c5581ce04f688ea83704ffa44bab8e', 'dropPrimaryKey constraintName=node_transaction_mappings_pkey, tableName=node_transaction_mappings; addPrimaryKey constraintName=node_transaction_mappings_pkey, tableName=node_transaction_mappings', '', 'MARK_RAN', NULL, NULL, '3.6.3', '2067487175') {changeSet=migration/node-core.changelog-pkey.xml::non-clustered_pk-6::R3.Corda, databaseChangeLog=master.changelog.json}
?[m?[37m[INFO] 11:44:47,279 [Test worker] jvm.JdbcExecutor. - INSERT INTO PUBLIC.DATABASECHANGELOG (ID, AUTHOR, FILENAME, DATEEXECUTED, ORDEREXECUTED, MD5SUM, DESCRIPTION, COMMENTS, EXECTYPE, CONTEXTS, LABELS, LIQUIBASE, DEPLOYMENT_ID) VALUES ('non-clustered_pk-7', 'R3.Corda', 'migration/node-core.changelog-pkey.xml', NOW(), 77, '8:64773359f27e2f85fe6df6097823ce69', 'dropPrimaryKey constraintName=node_transactions_pkey, tableName=node_transactions; addPrimaryKey constraintName=node_transactions_pkey, tableName=node_transactions', '', 'MARK_RAN', NULL, NULL, '3.6.3', '2067487175') {changeSet=migration/node-core.changelog-pkey.xml::non-clustered_pk-7::R3.Corda, databaseChangeLog=master.changelog.json}
?[m?[37m[INFO] 11:44:47,282 [Test worker] changelog.ChangeSet. - Marking ChangeSet: migration/node-core.changelog-v8.xml::conditional_attchments_rename::R3.Corda ran despite precondition failure due to onFail='MARK_RAN': 
          master.changelog.json : Table PUBLIC.NODE_ATTCHMENTS_CONTRACTS does not exist
 {changeSet=migration/node-core.changelog-v8.xml::conditional_attchments_rename::R3.Corda, databaseChangeLog=master.changelog.json}
?[m?[37m[INFO] 11:44:47,283 [Test worker] jvm.JdbcExecutor. - INSERT INTO PUBLIC.DATABASECHANGELOG (ID, AUTHOR, FILENAME, DATEEXECUTED, ORDEREXECUTED, MD5SUM, DESCRIPTION, COMMENTS, EXECTYPE, CONTEXTS, LABELS, LIQUIBASE, DEPLOYMENT_ID) VALUES ('conditional_attchments_rename', 'R3.Corda', 'migration/node-core.changelog-v8.xml', NOW(), 78, '8:114fc6d1775676ecf274989170741a5b', 'renameTable newTableName=NODE_ATTACHMENTS_CONTRACTS, oldTableName=NODE_ATTCHMENTS_CONTRACTS', '', 'MARK_RAN', NULL, NULL, '3.6.3', '2067487175') {changeSet=migration/node-core.changelog-v8.xml::conditional_attchments_rename::R3.Corda, databaseChangeLog=master.changelog.json}
?[m?[37m[INFO] 11:44:47,285 [Test worker] changelog.ChangeSet. - Marking ChangeSet: migration/node-core.changelog-v8.xml::conditional_attchments_contracts::R3.Corda ran despite precondition failure due to onFail='MARK_RAN': 
          master.changelog.json : Table PUBLIC.NODE_ATTACHMENTS_CONTRACT_CLASS_NAME does not exist
 {changeSet=migration/node-core.changelog-v8.xml::conditional_attchments_contracts::R3.Corda, databaseChangeLog=master.changelog.json}
?[m?[37m[INFO] 11:44:47,286 [Test worker] jvm.JdbcExecutor. - INSERT INTO PUBLIC.DATABASECHANGELOG (ID, AUTHOR, FILENAME, DATEEXECUTED, ORDEREXECUTED, MD5SUM, DESCRIPTION, COMMENTS, EXECTYPE, CONTEXTS, LABELS, LIQUIBASE, DEPLOYMENT_ID) VALUES ('conditional_attchments_contracts', 'R3.Corda', 'migration/node-core.changelog-v8.xml', NOW(), 79, '8:c26d868db33a85bdd25570b094635db5', 'renameTable newTableName=NODE_ATTACHMENTS_CONTRACTS, oldTableName=NODE_ATTACHMENTS_CONTRACT_CLASS_NAME', '', 'MARK_RAN', NULL, NULL, '3.6.3', '2067487175') {changeSet=migration/node-core.changelog-v8.xml::conditional_attchments_contracts::R3.Corda, databaseChangeLog=master.changelog.json}
?[m?[37m[INFO] 11:44:47,287 [Test worker] jvm.JdbcExecutor. - CREATE TABLE PUBLIC.node_attachments_signers (att_id NVARCHAR(255) NOT NULL, signer NVARCHAR(1024)) {changeSet=migration/node-core.changelog-v8.xml::add_signers::R3.Corda, databaseChangeLog=master.changelog.json}
?[m?[37m[INFO] 11:44:47,288 [Test worker] changelog.ChangeSet. - Table node_attachments_signers created {changeSet=migration/node-core.changelog-v8.xml::add_signers::R3.Corda, databaseChangeLog=master.changelog.json}
?[m?[37m[INFO] 11:44:47,288 [Test worker] jvm.JdbcExecutor. - ALTER TABLE PUBLIC.node_attachments_signers ADD CONSTRAINT FK__signers__attachments FOREIGN KEY (att_id) REFERENCES PUBLIC.node_attachments (att_id) {changeSet=migration/node-core.changelog-v8.xml::add_signers::R3.Corda, databaseChangeLog=master.changelog.json}
?[m?[37m[INFO] 11:44:47,289 [Test worker] changelog.ChangeSet. - Foreign key constraint added to node_attachments_signers (att_id) {changeSet=migration/node-core.changelog-v8.xml::add_signers::R3.Corda, databaseChangeLog=master.changelog.json}
?[m?[37m[INFO] 11:44:47,289 [Test worker] changelog.ChangeSet. - ChangeSet migration/node-core.changelog-v8.xml::add_signers::R3.Corda ran successfully in 2ms {changeSet=migration/node-core.changelog-v8.xml::add_signers::R3.Corda, databaseChangeLog=master.changelog.json}
?[m?[37m[INFO] 11:44:47,290 [Test worker] jvm.JdbcExecutor. - INSERT INTO PUBLIC.DATABASECHANGELOG (ID, AUTHOR, FILENAME, DATEEXECUTED, ORDEREXECUTED, MD5SUM, DESCRIPTION, COMMENTS, EXECTYPE, CONTEXTS, LABELS, LIQUIBASE, DEPLOYMENT_ID) VALUES ('add_signers', 'R3.Corda', 'migration/node-core.changelog-v8.xml', NOW(), 80, '8:6a033a579a3a8e11a35846d455833835', 'createTable tableName=node_attachments_signers; addForeignKeyConstraint baseTableName=node_attachments_signers, constraintName=FK__signers__attachments, referencedTableName=node_attachments', '', 'EXECUTED', NULL, NULL, '3.6.3', '2067487175') {changeSet=migration/node-core.changelog-v8.xml::add_signers::R3.Corda, databaseChangeLog=master.changelog.json}
?[m?[37m[INFO] 11:44:47,291 [Test worker] jvm.JdbcExecutor. - ALTER TABLE PUBLIC.node_transactions ADD state_machine_run_id NVARCHAR(36) {changeSet=migration/node-core.changelog-tx-mapping.xml::add_tx_mapping_column::R3.Corda, databaseChangeLog=master.changelog.json}
?[m?[37m[INFO] 11:44:47,292 [Test worker] changelog.ChangeSet. - Columns state_machine_run_id(NVARCHAR(36)) added to node_transactions {changeSet=migration/node-core.changelog-tx-mapping.xml::add_tx_mapping_column::R3.Corda, databaseChangeLog=master.changelog.json}
?[m?[37m[INFO] 11:44:47,292 [Test worker] jvm.JdbcExecutor. - update node_transactions set state_machine_run_id=(select state_machine_run_id from
            node_transaction_mappings where node_transactions.tx_id = node_transaction_mappings.tx_id) {changeSet=migration/node-core.changelog-tx-mapping.xml::add_tx_mapping_column::R3.Corda, databaseChangeLog=master.changelog.json}
?[m?[37m[INFO] 11:44:47,292 [Test worker] changelog.ChangeSet. - Custom SQL executed {changeSet=migration/node-core.changelog-tx-mapping.xml::add_tx_mapping_column::R3.Corda, databaseChangeLog=master.changelog.json}
?[m?[37m[INFO] 11:44:47,293 [Test worker] jvm.JdbcExecutor. - DROP TABLE PUBLIC.node_transaction_mappings {changeSet=migration/node-core.changelog-tx-mapping.xml::add_tx_mapping_column::R3.Corda, databaseChangeLog=master.changelog.json}
?[m?[37m[INFO] 11:44:47,293 [Test worker] changelog.ChangeSet. - Table node_transaction_mappings dropped {changeSet=migration/node-core.changelog-tx-mapping.xml::add_tx_mapping_column::R3.Corda, databaseChangeLog=master.changelog.json}
?[m?[37m[INFO] 11:44:47,293 [Test worker] changelog.ChangeSet. - ChangeSet migration/node-core.changelog-tx-mapping.xml::add_tx_mapping_column::R3.Corda ran successfully in 3ms {changeSet=migration/node-core.changelog-tx-mapping.xml::add_tx_mapping_column::R3.Corda, databaseChangeLog=master.changelog.json}
?[m?[37m[INFO] 11:44:47,294 [Test worker] jvm.JdbcExecutor. - INSERT INTO PUBLIC.DATABASECHANGELOG (ID, AUTHOR, FILENAME, DATEEXECUTED, ORDEREXECUTED, MD5SUM, DESCRIPTION, COMMENTS, EXECTYPE, CONTEXTS, LABELS, LIQUIBASE, DEPLOYMENT_ID) VALUES ('add_tx_mapping_column', 'R3.Corda', 'migration/node-core.changelog-tx-mapping.xml', NOW(), 81, '8:6d9d8484a635e932dd8e8f45db1b3d7e', 'addColumn tableName=node_transactions; sql; dropTable tableName=node_transaction_mappings', '', 'EXECUTED', NULL, NULL, '3.6.3', '2067487175') {changeSet=migration/node-core.changelog-tx-mapping.xml::add_tx_mapping_column::R3.Corda, databaseChangeLog=master.changelog.json}
?[m?[37m[INFO] 11:44:47,295 [Test worker] jvm.JdbcExecutor. - CREATE TABLE PUBLIC.node_network_parameters (hash NVARCHAR(130) NOT NULL, epoch INT NOT NULL, parameters_bytes BLOB NOT NULL, signature_bytes BLOB NOT NULL, cert BLOB NOT NULL, parent_cert_path BLOB NOT NULL) {changeSet=migration/node-services.changelog-init.xml::add_network_parameters_storage::R3.Corda, databaseChangeLog=master.changelog.json}
?[m?[37m[INFO] 11:44:47,295 [Test worker] changelog.ChangeSet. - Table node_network_parameters created {changeSet=migration/node-services.changelog-init.xml::add_network_parameters_storage::R3.Corda, databaseChangeLog=master.changelog.json}
?[m?[37m[INFO] 11:44:47,295 [Test worker] changelog.ChangeSet. - ChangeSet migration/node-services.changelog-init.xml::add_network_parameters_storage::R3.Corda ran successfully in 0ms {changeSet=migration/node-services.changelog-init.xml::add_network_parameters_storage::R3.Corda, databaseChangeLog=master.changelog.json}
?[m?[37m[INFO] 11:44:47,296 [Test worker] jvm.JdbcExecutor. - INSERT INTO PUBLIC.DATABASECHANGELOG (ID, AUTHOR, FILENAME, DATEEXECUTED, ORDEREXECUTED, MD5SUM, DESCRIPTION, COMMENTS, EXECTYPE, CONTEXTS, LABELS, LIQUIBASE, DEPLOYMENT_ID) VALUES ('add_network_parameters_storage', 'R3.Corda', 'migration/node-services.changelog-init.xml', NOW(), 82, '8:b448755ba392674254c59e2b9489140f', 'createTable tableName=node_network_parameters', '', 'EXECUTED', NULL, NULL, '3.6.3', '2067487175') {changeSet=migration/node-services.changelog-init.xml::add_network_parameters_storage::R3.Corda, databaseChangeLog=master.changelog.json}
?[m?[37m[INFO] 11:44:47,297 [Test worker] jvm.JdbcExecutor. - ALTER TABLE PUBLIC.node_network_parameters ADD CONSTRAINT node_network_parameters_pkey PRIMARY KEY (hash) {changeSet=migration/node-services.changelog-init.xml::network_parameters_pk::R3.Corda, databaseChangeLog=master.changelog.json}
?[m?[37m[INFO] 11:44:47,297 [Test worker] changelog.ChangeSet. - Primary key added to node_network_parameters (hash) {changeSet=migration/node-services.changelog-init.xml::network_parameters_pk::R3.Corda, databaseChangeLog=master.changelog.json}
?[m?[37m[INFO] 11:44:47,297 [Test worker] changelog.ChangeSet. - ChangeSet migration/node-services.changelog-init.xml::network_parameters_pk::R3.Corda ran successfully in 1ms {changeSet=migration/node-services.changelog-init.xml::network_parameters_pk::R3.Corda, databaseChangeLog=master.changelog.json}
?[m?[37m[INFO] 11:44:47,297 [Test worker] jvm.JdbcExecutor. - INSERT INTO PUBLIC.DATABASECHANGELOG (ID, AUTHOR, FILENAME, DATEEXECUTED, ORDEREXECUTED, MD5SUM, DESCRIPTION, COMMENTS, EXECTYPE, CONTEXTS, LABELS, LIQUIBASE, DEPLOYMENT_ID) VALUES ('network_parameters_pk', 'R3.Corda', 'migration/node-services.changelog-init.xml', NOW(), 83, '8:fc0358b8cab487b52558cd68d6feaf9e', 'addPrimaryKey constraintName=node_network_parameters_pkey, tableName=node_network_parameters', '', 'EXECUTED', NULL, NULL, '3.6.3', '2067487175') {changeSet=migration/node-services.changelog-init.xml::network_parameters_pk::R3.Corda, databaseChangeLog=master.changelog.json}
?[m?[37m[INFO] 11:44:47,298 [Test worker] jvm.JdbcExecutor. - ALTER TABLE PUBLIC.node_attachments ADD version INT {changeSet=migration/node-services.changelog-init.xml::add_version_column::R3.Corda, databaseChangeLog=master.changelog.json}
?[m?[37m[INFO] 11:44:47,299 [Test worker] changelog.ChangeSet. - Columns version(INT) added to node_attachments {changeSet=migration/node-services.changelog-init.xml::add_version_column::R3.Corda, databaseChangeLog=master.changelog.json}
?[m?[37m[INFO] 11:44:47,299 [Test worker] jvm.JdbcExecutor. - update node_attachments set version = 1 {changeSet=migration/node-services.changelog-init.xml::add_version_column::R3.Corda, databaseChangeLog=master.changelog.json}
?[m?[37m[INFO] 11:44:47,299 [Test worker] changelog.ChangeSet. - Custom SQL executed {changeSet=migration/node-services.changelog-init.xml::add_version_column::R3.Corda, databaseChangeLog=master.changelog.json}
?[m?[37m[INFO] 11:44:47,299 [Test worker] jvm.JdbcExecutor. - ALTER TABLE PUBLIC.node_attachments ALTER COLUMN version SET NOT NULL {changeSet=migration/node-services.changelog-init.xml::add_version_column::R3.Corda, databaseChangeLog=master.changelog.json}
?[m?[37m[INFO] 11:44:47,299 [Test worker] changelog.ChangeSet. - NOT NULL constraint has been added to node_attachments.version {changeSet=migration/node-services.changelog-init.xml::add_version_column::R3.Corda, databaseChangeLog=master.changelog.json}
?[m?[37m[INFO] 11:44:47,299 [Test worker] changelog.ChangeSet. - ChangeSet migration/node-services.changelog-init.xml::add_version_column::R3.Corda ran successfully in 1ms {changeSet=migration/node-services.changelog-init.xml::add_version_column::R3.Corda, databaseChangeLog=master.changelog.json}
?[m?[37m[INFO] 11:44:47,300 [Test worker] jvm.JdbcExecutor. - INSERT INTO PUBLIC.DATABASECHANGELOG (ID, AUTHOR, FILENAME, DATEEXECUTED, ORDEREXECUTED, MD5SUM, DESCRIPTION, COMMENTS, EXECTYPE, CONTEXTS, LABELS, LIQUIBASE, DEPLOYMENT_ID) VALUES ('add_version_column', 'R3.Corda', 'migration/node-services.changelog-init.xml', NOW(), 84, '8:ab6a3101d1da88b0f174ccc06a62feef', 'addColumn tableName=node_attachments; sql; addNotNullConstraint columnName=version, tableName=node_attachments', '', 'EXECUTED', NULL, NULL, '3.6.3', '2067487175') {changeSet=migration/node-services.changelog-init.xml::add_version_column::R3.Corda, databaseChangeLog=master.changelog.json}
?[m?[37m[INFO] 11:44:47,300 [Test worker] persistence.AttachmentVersionNumberMigration. - Start executing... {changeSet=migration/node-services.changelog-init.xml::update-version-of-whitelisted-jars::R3.Corda, databaseChangeLog=master.changelog.json}
?[m?[37m[INFO] 11:44:47,301 [Test worker] persistence.AttachmentVersionNumberMigration. - Attachment version creation from whitelisted JARs using network parameters from build/mock-network/20201007-104445.669/nodes/2/network-parameters, whitelistedContractImplementations: {}. {changeSet=migration/node-services.changelog-init.xml::update-version-of-whitelisted-jars::R3.Corda, databaseChangeLog=master.changelog.json}
?[m?[37m[INFO] 11:44:47,301 [Test worker] persistence.AttachmentVersionNumberMigration. - Attachment version creation from whitelisted JARs skipped, no attachments not found. {changeSet=migration/node-services.changelog-init.xml::update-version-of-whitelisted-jars::R3.Corda, databaseChangeLog=master.changelog.json}
?[m?[37m[INFO] 11:44:47,301 [Test worker] changelog.ChangeSet. - null {changeSet=migration/node-services.changelog-init.xml::update-version-of-whitelisted-jars::R3.Corda, databaseChangeLog=master.changelog.json}
?[m?[37m[INFO] 11:44:47,301 [Test worker] changelog.ChangeSet. - ChangeSet migration/node-services.changelog-init.xml::update-version-of-whitelisted-jars::R3.Corda ran successfully in 1ms {changeSet=migration/node-services.changelog-init.xml::update-version-of-whitelisted-jars::R3.Corda, databaseChangeLog=master.changelog.json}
?[m?[37m[INFO] 11:44:47,302 [Test worker] jvm.JdbcExecutor. - INSERT INTO PUBLIC.DATABASECHANGELOG (ID, AUTHOR, FILENAME, DATEEXECUTED, ORDEREXECUTED, MD5SUM, DESCRIPTION, COMMENTS, EXECTYPE, CONTEXTS, LABELS, LIQUIBASE, DEPLOYMENT_ID) VALUES ('update-version-of-whitelisted-jars', 'R3.Corda', 'migration/node-services.changelog-init.xml', NOW(), 85, '8:1d4174a12a4902070f6bf2ba624b0e97', 'customChange', '', 'EXECUTED', NULL, NULL, '3.6.3', '2067487175') {changeSet=migration/node-services.changelog-init.xml::update-version-of-whitelisted-jars::R3.Corda, databaseChangeLog=master.changelog.json}
?[m?[37m[INFO] 11:44:47,303 [Test worker] jvm.JdbcExecutor. - CREATE TABLE PUBLIC.node_identities_no_cert (pk_hash NVARCHAR(130) NOT NULL, name NVARCHAR(128) NOT NULL) {changeSet=migration/node-services.changelog-init.xml::add-new-persistence-table::R3.Corda, databaseChangeLog=master.changelog.json}
?[m?[37m[INFO] 11:44:47,304 [Test worker] changelog.ChangeSet. - Table node_identities_no_cert created {changeSet=migration/node-services.changelog-init.xml::add-new-persistence-table::R3.Corda, databaseChangeLog=master.changelog.json}
?[m?[37m[INFO] 11:44:47,304 [Test worker] jvm.JdbcExecutor. - ALTER TABLE PUBLIC.node_identities_no_cert ADD CONSTRAINT node_identities_no_cert_pkey PRIMARY KEY (pk_hash) {changeSet=migration/node-services.changelog-init.xml::add-new-persistence-table::R3.Corda, databaseChangeLog=master.changelog.json}
?[m?[37m[INFO] 11:44:47,304 [Test worker] changelog.ChangeSet. - Primary key added to node_identities_no_cert (pk_hash) {changeSet=migration/node-services.changelog-init.xml::add-new-persistence-table::R3.Corda, databaseChangeLog=master.changelog.json}
?[m?[37m[INFO] 11:44:47,304 [Test worker] changelog.ChangeSet. - ChangeSet migration/node-services.changelog-init.xml::add-new-persistence-table::R3.Corda ran successfully in 1ms {changeSet=migration/node-services.changelog-init.xml::add-new-persistence-table::R3.Corda, databaseChangeLog=master.changelog.json}
?[m?[37m[INFO] 11:44:47,304 [Test worker] jvm.JdbcExecutor. - INSERT INTO PUBLIC.DATABASECHANGELOG (ID, AUTHOR, FILENAME, DATEEXECUTED, ORDEREXECUTED, MD5SUM, DESCRIPTION, COMMENTS, EXECTYPE, CONTEXTS, LABELS, LIQUIBASE, DEPLOYMENT_ID) VALUES ('add-new-persistence-table', 'R3.Corda', 'migration/node-services.changelog-init.xml', NOW(), 86, '8:cb3302a80bf346270e0d8f3509c64a9b', 'createTable tableName=node_identities_no_cert; addPrimaryKey constraintName=node_identities_no_cert_pkey, tableName=node_identities_no_cert', '', 'EXECUTED', NULL, NULL, '3.6.3', '2067487175') {changeSet=migration/node-services.changelog-init.xml::add-new-persistence-table::R3.Corda, databaseChangeLog=master.changelog.json}
?[m?[37m[INFO] 11:44:47,305 [Test worker] jvm.JdbcExecutor. - ALTER TABLE PUBLIC.pk_hash_to_ext_id_map DROP COLUMN id {changeSet=migration/node-services.changelog-init.xml::migrate_pk_hash_to_ext_id::R3.Corda, databaseChangeLog=master.changelog.json}
?[m?[37m[INFO] 11:44:47,305 [Test worker] changelog.ChangeSet. - Column pk_hash_to_ext_id_map.id dropped {changeSet=migration/node-services.changelog-init.xml::migrate_pk_hash_to_ext_id::R3.Corda, databaseChangeLog=master.changelog.json}
?[m?[37m[INFO] 11:44:47,305 [Test worker] jvm.JdbcExecutor. - DROP INDEX PUBLIC.pk_hash_to_xid_idx {changeSet=migration/node-services.changelog-init.xml::migrate_pk_hash_to_ext_id::R3.Corda, databaseChangeLog=master.changelog.json}
?[m?[37m[INFO] 11:44:47,306 [Test worker] changelog.ChangeSet. - Index pk_hash_to_xid_idx dropped from table pk_hash_to_ext_id_map {changeSet=migration/node-services.changelog-init.xml::migrate_pk_hash_to_ext_id::R3.Corda, databaseChangeLog=master.changelog.json}
?[m?[37m[INFO] 11:44:47,306 [Test worker] jvm.JdbcExecutor. - ALTER TABLE PUBLIC.pk_hash_to_ext_id_map ADD CONSTRAINT pubkey_hash_to_external_id_pk PRIMARY KEY (public_key_hash) {changeSet=migration/node-services.changelog-init.xml::migrate_pk_hash_to_ext_id::R3.Corda, databaseChangeLog=master.changelog.json}
?[m?[37m[INFO] 11:44:47,306 [Test worker] changelog.ChangeSet. - Primary key added to pk_hash_to_ext_id_map (public_key_hash) {changeSet=migration/node-services.changelog-init.xml::migrate_pk_hash_to_ext_id::R3.Corda, databaseChangeLog=master.changelog.json}
?[m?[37m[INFO] 11:44:47,306 [Test worker] jvm.JdbcExecutor. - CREATE INDEX PUBLIC.ext_id_idx ON PUBLIC.pk_hash_to_ext_id_map(external_id) {changeSet=migration/node-services.changelog-init.xml::migrate_pk_hash_to_ext_id::R3.Corda, databaseChangeLog=master.changelog.json}
?[m?[37m[INFO] 11:44:47,307 [Test worker] changelog.ChangeSet. - Index ext_id_idx created {changeSet=migration/node-services.changelog-init.xml::migrate_pk_hash_to_ext_id::R3.Corda, databaseChangeLog=master.changelog.json}
?[m?[37m[INFO] 11:44:47,307 [Test worker] changelog.ChangeSet. - ChangeSet migration/node-services.changelog-init.xml::migrate_pk_hash_to_ext_id::R3.Corda ran successfully in 2ms {changeSet=migration/node-services.changelog-init.xml::migrate_pk_hash_to_ext_id::R3.Corda, databaseChangeLog=master.changelog.json}
?[m?[37m[INFO] 11:44:47,308 [Test worker] jvm.JdbcExecutor. - INSERT INTO PUBLIC.DATABASECHANGELOG (ID, AUTHOR, FILENAME, DATEEXECUTED, ORDEREXECUTED, MD5SUM, DESCRIPTION, COMMENTS, EXECTYPE, CONTEXTS, LABELS, LIQUIBASE, DEPLOYMENT_ID) VALUES ('migrate_pk_hash_to_ext_id', 'R3.Corda', 'migration/node-services.changelog-init.xml', NOW(), 87, '8:daf9ba8b9522b5ed5e0c474f220a5ef9', 'dropColumn columnName=id, tableName=pk_hash_to_ext_id_map; dropIndex indexName=pk_hash_to_xid_idx, tableName=pk_hash_to_ext_id_map; addPrimaryKey constraintName=pubkey_hash_to_external_id_pk, tableName=pk_hash_to_ext_id_map; createIndex indexName=...', '', 'EXECUTED', NULL, NULL, '3.6.3', '2067487175') {changeSet=migration/node-services.changelog-init.xml::migrate_pk_hash_to_ext_id::R3.Corda, databaseChangeLog=master.changelog.json}
?[m?[37m[INFO] 11:44:47,309 [Test worker] changelog.ChangeSet. - null {changeSet=migration/node-services.changelog-init.xml::migrate_identity_service_to_use_publicKey.toShortString()::R3.Corda, databaseChangeLog=master.changelog.json}
?[m?[37m[INFO] 11:44:47,309 [Test worker] changelog.ChangeSet. - ChangeSet migration/node-services.changelog-init.xml::migrate_identity_service_to_use_publicKey.toShortString()::R3.Corda ran successfully in 1ms {changeSet=migration/node-services.changelog-init.xml::migrate_identity_service_to_use_publicKey.toShortString()::R3.Corda, databaseChangeLog=master.changelog.json}
?[m?[37m[INFO] 11:44:47,310 [Test worker] jvm.JdbcExecutor. - INSERT INTO PUBLIC.DATABASECHANGELOG (ID, AUTHOR, FILENAME, DATEEXECUTED, ORDEREXECUTED, MD5SUM, DESCRIPTION, COMMENTS, EXECTYPE, CONTEXTS, LABELS, LIQUIBASE, DEPLOYMENT_ID) VALUES ('migrate_identity_service_to_use_publicKey.toShortString()', 'R3.Corda', 'migration/node-services.changelog-init.xml', NOW(), 88, '8:51a17ecff2c7f17e1502992fdda4356d', 'customChange', '', 'EXECUTED', NULL, NULL, '3.6.3', '2067487175') {changeSet=migration/node-services.changelog-init.xml::migrate_identity_service_to_use_publicKey.toShortString()::R3.Corda, databaseChangeLog=master.changelog.json}
?[m?[37m[INFO] 11:44:47,310 [Test worker] jvm.JdbcExecutor. - ALTER TABLE PUBLIC.node_transactions ADD status NVARCHAR(1) DEFAULT 'V' NOT NULL {changeSet=migration/node-services.changelog-init.xml::add_status_column::R3.Corda, databaseChangeLog=master.changelog.json}
?[m?[37m[INFO] 11:44:47,311 [Test worker] changelog.ChangeSet. - Columns status(NVARCHAR(1)) added to node_transactions {changeSet=migration/node-services.changelog-init.xml::add_status_column::R3.Corda, databaseChangeLog=master.changelog.json}
?[m?[37m[INFO] 11:44:47,311 [Test worker] changelog.ChangeSet. - ChangeSet migration/node-services.changelog-init.xml::add_status_column::R3.Corda ran successfully in 1ms {changeSet=migration/node-services.changelog-init.xml::add_status_column::R3.Corda, databaseChangeLog=master.changelog.json}
?[m?[37m[INFO] 11:44:47,313 [Test worker] jvm.JdbcExecutor. - INSERT INTO PUBLIC.DATABASECHANGELOG (ID, AUTHOR, FILENAME, DATEEXECUTED, ORDEREXECUTED, MD5SUM, DESCRIPTION, COMMENTS, EXECTYPE, CONTEXTS, LABELS, LIQUIBASE, DEPLOYMENT_ID) VALUES ('add_status_column', 'R3.Corda', 'migration/node-services.changelog-init.xml', NOW(), 89, '8:163dc66ab97910470ce080cd4c4d33ef', 'addColumn tableName=node_transactions', '', 'EXECUTED', NULL, NULL, '3.6.3', '2067487175') {changeSet=migration/node-services.changelog-init.xml::add_status_column::R3.Corda, databaseChangeLog=master.changelog.json}
?[m?[37m[INFO] 11:44:47,314 [Test worker] jvm.JdbcExecutor. - CREATE TABLE PUBLIC.node_hash_to_key (pk_hash NVARCHAR(130) NOT NULL, public_key BLOB NOT NULL) {changeSet=migration/node-services.changelog-init.xml::add-new-pk-hash-to-pk-table::R3.Corda, databaseChangeLog=master.changelog.json}
?[m?[37m[INFO] 11:44:47,314 [Test worker] changelog.ChangeSet. - Table node_hash_to_key created {changeSet=migration/node-services.changelog-init.xml::add-new-pk-hash-to-pk-table::R3.Corda, databaseChangeLog=master.changelog.json}
?[m?[37m[INFO] 11:44:47,314 [Test worker] jvm.JdbcExecutor. - ALTER TABLE PUBLIC.node_hash_to_key ADD CONSTRAINT node_hash_to_key_pk_hash PRIMARY KEY (pk_hash) {changeSet=migration/node-services.changelog-init.xml::add-new-pk-hash-to-pk-table::R3.Corda, databaseChangeLog=master.changelog.json}
?[m?[37m[INFO] 11:44:47,314 [Test worker] changelog.ChangeSet. - Primary key added to node_hash_to_key (pk_hash) {changeSet=migration/node-services.changelog-init.xml::add-new-pk-hash-to-pk-table::R3.Corda, databaseChangeLog=master.changelog.json}
?[m?[37m[INFO] 11:44:47,314 [Test worker] changelog.ChangeSet. - ChangeSet migration/node-services.changelog-init.xml::add-new-pk-hash-to-pk-table::R3.Corda ran successfully in 1ms {changeSet=migration/node-services.changelog-init.xml::add-new-pk-hash-to-pk-table::R3.Corda, databaseChangeLog=master.changelog.json}
?[m?[37m[INFO] 11:44:47,314 [Test worker] jvm.JdbcExecutor. - INSERT INTO PUBLIC.DATABASECHANGELOG (ID, AUTHOR, FILENAME, DATEEXECUTED, ORDEREXECUTED, MD5SUM, DESCRIPTION, COMMENTS, EXECTYPE, CONTEXTS, LABELS, LIQUIBASE, DEPLOYMENT_ID) VALUES ('add-new-pk-hash-to-pk-table', 'R3.Corda', 'migration/node-services.changelog-init.xml', NOW(), 90, '8:90ed8145a19f497b5c95a5c9542917f0', 'createTable tableName=node_hash_to_key; addPrimaryKey constraintName=node_hash_to_key_pk_hash, tableName=node_hash_to_key', '', 'EXECUTED', NULL, NULL, '3.6.3', '2067487175') {changeSet=migration/node-services.changelog-init.xml::add-new-pk-hash-to-pk-table::R3.Corda, databaseChangeLog=master.changelog.json}
?[m?[37m[INFO] 11:44:47,315 [Test worker] jvm.JdbcExecutor. - ALTER TABLE PUBLIC.node_transactions ADD timestamp TIMESTAMP DEFAULT '2000-01-01 12:00:00' NOT NULL {changeSet=migration/node-services.changelog-init.xml::add_timestamp_column_to_node_transactions::R3.Corda, databaseChangeLog=master.changelog.json}
?[m?[37m[INFO] 11:44:47,315 [Test worker] changelog.ChangeSet. - Columns timestamp(TIMESTAMP) added to node_transactions {changeSet=migration/node-services.changelog-init.xml::add_timestamp_column_to_node_transactions::R3.Corda, databaseChangeLog=master.changelog.json}
?[m?[37m[INFO] 11:44:47,315 [Test worker] changelog.ChangeSet. - ChangeSet migration/node-services.changelog-init.xml::add_timestamp_column_to_node_transactions::R3.Corda ran successfully in 0ms {changeSet=migration/node-services.changelog-init.xml::add_timestamp_column_to_node_transactions::R3.Corda, databaseChangeLog=master.changelog.json}
?[m?[37m[INFO] 11:44:47,316 [Test worker] jvm.JdbcExecutor. - INSERT INTO PUBLIC.DATABASECHANGELOG (ID, AUTHOR, FILENAME, DATEEXECUTED, ORDEREXECUTED, MD5SUM, DESCRIPTION, COMMENTS, EXECTYPE, CONTEXTS, LABELS, LIQUIBASE, DEPLOYMENT_ID) VALUES ('add_timestamp_column_to_node_transactions', 'R3.Corda', 'migration/node-services.changelog-init.xml', NOW(), 91, '8:bc308c6c38c83b58a03f11f0943a944f', 'addColumn tableName=node_transactions', '', 'EXECUTED', NULL, NULL, '3.6.3', '2067487175') {changeSet=migration/node-services.changelog-init.xml::add_timestamp_column_to_node_transactions::R3.Corda, databaseChangeLog=master.changelog.json}
?[m?[37m[INFO] 11:44:47,316 [Test worker] migration.VaultStateMigration. - Migrating vault state data to V4 tables {changeSet=migration/vault-schema.changelog-v9.xml::update-vault-states::R3.Corda, databaseChangeLog=master.changelog.json}
?[m?[37m[INFO] 11:44:47,319 [Test worker] persistence.HibernateConfiguration. - Init HibernateConfiguration for schemas: [VaultMigrationSchemaV1(name=net.corda.node.migration.VaultMigrationSchema, version=1), VaultSchemaV1(name=net.corda.node.services.vault.VaultSchema, version=1)] {changeSet=migration/vault-schema.changelog-v9.xml::update-vault-states::R3.Corda, databaseChangeLog=master.changelog.json}
?[m?[37m[INFO] 11:44:47,319 [Test worker] factory.BaseSessionFactoryFactory. - Creating session factory for schemas: [VaultMigrationSchemaV1(name=net.corda.node.migration.VaultMigrationSchema, version=1), VaultSchemaV1(name=net.corda.node.services.vault.VaultSchema, version=1)] {changeSet=migration/vault-schema.changelog-v9.xml::update-vault-states::R3.Corda, databaseChangeLog=master.changelog.json}
?[m?[37m[INFO] 11:44:47,327 [Test worker] internal.ConnectionProviderInitiator. - HHH000130: Instantiating explicit connection provider: net.corda.nodeapi.internal.persistence.HibernateConfiguration$NodeDatabaseConnectionProvider {changeSet=migration/vault-schema.changelog-v9.xml::update-vault-states::R3.Corda, databaseChangeLog=master.changelog.json}
?[m?[37m[INFO] 11:44:47,327 [Test worker] dialect.Dialect. - HHH000400: Using dialect: org.hibernate.dialect.H2Dialect {changeSet=migration/vault-schema.changelog-v9.xml::update-vault-states::R3.Corda, databaseChangeLog=master.changelog.json}
?[m?[37m[INFO] 11:44:47,348 [Test worker] connections.access. - HHH10001501: Connection obtained from JdbcConnectionAccess [org.hibernate.engine.jdbc.env.internal.JdbcEnvironmentInitiator$ConnectionProviderJdbcConnectionAccess@f19c833] for (non-JTA) DDL execution was not in auto-commit mode; the Connection 'local transaction' will be committed and the Connection will be set into auto-commit mode. {changeSet=migration/vault-schema.changelog-v9.xml::update-vault-states::R3.Corda, databaseChangeLog=master.changelog.json}
?[m?[37m[INFO] 11:44:47,362 [Test worker] internal.JtaPlatformInitiator. - HHH000490: Using JtaPlatform implementation: [org.hibernate.engine.transaction.jta.platform.internal.NoJtaPlatform] {changeSet=migration/vault-schema.changelog-v9.xml::update-vault-states::R3.Corda, databaseChangeLog=master.changelog.json}
?[m?[37m[INFO] 11:44:47,362 [Test worker] factory.BaseSessionFactoryFactory. - Created session factory for schemas: [VaultMigrationSchemaV1(name=net.corda.node.migration.VaultMigrationSchema, version=1), VaultSchemaV1(name=net.corda.node.services.vault.VaultSchema, version=1)] {changeSet=migration/vault-schema.changelog-v9.xml::update-vault-states::R3.Corda, databaseChangeLog=master.changelog.json}
?[m?[37m[INFO] 11:44:47,364 [Test worker] migration.VaultStateMigration. - Finished performing vault state data migration for 0 states {changeSet=migration/vault-schema.changelog-v9.xml::update-vault-states::R3.Corda, databaseChangeLog=master.changelog.json}
?[m?[37m[INFO] 11:44:47,364 [Test worker] changelog.ChangeSet. - null {changeSet=migration/vault-schema.changelog-v9.xml::update-vault-states::R3.Corda, databaseChangeLog=master.changelog.json}
?[m?[37m[INFO] 11:44:47,364 [Test worker] changelog.ChangeSet. - ChangeSet migration/vault-schema.changelog-v9.xml::update-vault-states::R3.Corda ran successfully in 48ms {changeSet=migration/vault-schema.changelog-v9.xml::update-vault-states::R3.Corda, databaseChangeLog=master.changelog.json}
?[m?[37m[INFO] 11:44:47,364 [Test worker] jvm.JdbcExecutor. - INSERT INTO PUBLIC.DATABASECHANGELOG (ID, AUTHOR, FILENAME, DATEEXECUTED, ORDEREXECUTED, MD5SUM, DESCRIPTION, COMMENTS, EXECTYPE, CONTEXTS, LABELS, LIQUIBASE, DEPLOYMENT_ID) VALUES ('update-vault-states', 'R3.Corda', 'migration/vault-schema.changelog-v9.xml', NOW(), 92, '8:f8f4c73846280164daf6855e1ecf3cc6', 'customChange', '', 'EXECUTED', NULL, NULL, '3.6.3', '2067487175') {changeSet=migration/vault-schema.changelog-v9.xml::update-vault-states::R3.Corda, databaseChangeLog=master.changelog.json}
?[m?[37m[INFO] 11:44:47,364 [Test worker] migration.PersistentIdentityMigrationNewTable. - Migrating persistent identities with certificates table into persistent table with no certificate data. {changeSet=migration/node-services.changelog-init.xml::transfer-to-new-persistence-table::R3.Corda, databaseChangeLog=master.changelog.json}
?[m?[37m[INFO] 11:44:47,365 [Test worker] persistence.HibernateConfiguration. - Init HibernateConfiguration for schemas: [MappedSchema(name=net.corda.node.migration.PersistentIdentitiesMigrationSchema, version=1)] {changeSet=migration/node-services.changelog-init.xml::transfer-to-new-persistence-table::R3.Corda, databaseChangeLog=master.changelog.json}
?[m?[37m[INFO] 11:44:47,365 [Test worker] factory.BaseSessionFactoryFactory. - Creating session factory for schemas: [MappedSchema(name=net.corda.node.migration.PersistentIdentitiesMigrationSchema, version=1)] {changeSet=migration/node-services.changelog-init.xml::transfer-to-new-persistence-table::R3.Corda, databaseChangeLog=master.changelog.json}
?[m?[37m[INFO] 11:44:47,368 [Test worker] internal.ConnectionProviderInitiator. - HHH000130: Instantiating explicit connection provider: net.corda.nodeapi.internal.persistence.HibernateConfiguration$NodeDatabaseConnectionProvider {changeSet=migration/node-services.changelog-init.xml::transfer-to-new-persistence-table::R3.Corda, databaseChangeLog=master.changelog.json}
?[m?[37m[INFO] 11:44:47,368 [Test worker] dialect.Dialect. - HHH000400: Using dialect: org.hibernate.dialect.H2Dialect {changeSet=migration/node-services.changelog-init.xml::transfer-to-new-persistence-table::R3.Corda, databaseChangeLog=master.changelog.json}
?[m?[37m[INFO] 11:44:47,377 [Test worker] connections.access. - HHH10001501: Connection obtained from JdbcConnectionAccess [org.hibernate.engine.jdbc.env.internal.JdbcEnvironmentInitiator$ConnectionProviderJdbcConnectionAccess@23cc85ef] for (non-JTA) DDL execution was not in auto-commit mode; the Connection 'local transaction' will be committed and the Connection will be set into auto-commit mode. {changeSet=migration/node-services.changelog-init.xml::transfer-to-new-persistence-table::R3.Corda, databaseChangeLog=master.changelog.json}
?[m?[37m[INFO] 11:44:47,390 [Test worker] internal.JtaPlatformInitiator. - HHH000490: Using JtaPlatform implementation: [org.hibernate.engine.transaction.jta.platform.internal.NoJtaPlatform] {changeSet=migration/node-services.changelog-init.xml::transfer-to-new-persistence-table::R3.Corda, databaseChangeLog=master.changelog.json}
?[m?[37m[INFO] 11:44:47,390 [Test worker] factory.BaseSessionFactoryFactory. - Created session factory for schemas: [MappedSchema(name=net.corda.node.migration.PersistentIdentitiesMigrationSchema, version=1)] {changeSet=migration/node-services.changelog-init.xml::transfer-to-new-persistence-table::R3.Corda, databaseChangeLog=master.changelog.json}
?[m?[37m[INFO] 11:44:47,390 [Test worker] changelog.ChangeSet. - null {changeSet=migration/node-services.changelog-init.xml::transfer-to-new-persistence-table::R3.Corda, databaseChangeLog=master.changelog.json}
?[m?[37m[INFO] 11:44:47,390 [Test worker] changelog.ChangeSet. - ChangeSet migration/node-services.changelog-init.xml::transfer-to-new-persistence-table::R3.Corda ran successfully in 26ms {changeSet=migration/node-services.changelog-init.xml::transfer-to-new-persistence-table::R3.Corda, databaseChangeLog=master.changelog.json}
?[m?[37m[INFO] 11:44:47,391 [Test worker] jvm.JdbcExecutor. - INSERT INTO PUBLIC.DATABASECHANGELOG (ID, AUTHOR, FILENAME, DATEEXECUTED, ORDEREXECUTED, MD5SUM, DESCRIPTION, COMMENTS, EXECTYPE, CONTEXTS, LABELS, LIQUIBASE, DEPLOYMENT_ID) VALUES ('transfer-to-new-persistence-table', 'R3.Corda', 'migration/node-services.changelog-init.xml', NOW(), 93, '8:dc5c1913b593f4a2b95ddca810da11ba', 'customChange', '', 'EXECUTED', NULL, NULL, '3.6.3', '2067487175') {changeSet=migration/node-services.changelog-init.xml::transfer-to-new-persistence-table::R3.Corda, databaseChangeLog=master.changelog.json}
?[m?[37m[INFO] 11:44:47,391 [Test worker] lockservice.StandardLockService. - Successfully released change log lock
?[m?[37m[INFO] 11:44:47,391 [Test worker] internal.InternalMockNetwork$MockNode. - Connected to H2 database.
?[m?[37m[INFO] 11:44:47,392 [Test worker] persistence.HibernateConfiguration. - Init HibernateConfiguration for schemas: [CommonSchemaV1(name=net.corda.core.schemas.CommonSchema, version=1), VaultSchemaV1(name=net.corda.node.services.vault.VaultSchema, version=1), NodeInfoSchemaV1(name=net.corda.node.internal.schemas.NodeInfoSchema, version=1), NodeCoreV1(name=net.corda.node.services.schema.NodeSchemaService$NodeCore, version=1), AccountsContractsSchemaV1(name=com.r3.corda.lib.accounts.contracts.internal.schemas.AccountsContractsSchema, version=1), AccountsWorkflowsSchemaV1(name=com.r3.corda.lib.accounts.workflows.internal.schemas.AccountsWorkflowsSchema, version=1), FungibleTokenSchemaV1(name=com.r3.corda.lib.tokens.contracts.internal.schemas.FungibleTokenSchema, version=1), NonFungibleTokenSchemaV1(name=com.r3.corda.lib.tokens.contracts.internal.schemas.NonFungibleTokenSchema, version=1), TokenSchemaV1(name=com.r3.corda.lib.tokens.contracts.schemas.TokenSchema, version=1), DistributionRecordSchemaV1(name=com.r3.corda.lib.tokens.workflows.internal.schemas.DistributionRecordSchema, version=1)]
?[m?[37m[INFO] 11:44:47,392 [Test worker] factory.BaseSessionFactoryFactory. - Creating session factory for schemas: [CommonSchemaV1(name=net.corda.core.schemas.CommonSchema, version=1), VaultSchemaV1(name=net.corda.node.services.vault.VaultSchema, version=1), NodeInfoSchemaV1(name=net.corda.node.internal.schemas.NodeInfoSchema, version=1), NodeCoreV1(name=net.corda.node.services.schema.NodeSchemaService$NodeCore, version=1), AccountsContractsSchemaV1(name=com.r3.corda.lib.accounts.contracts.internal.schemas.AccountsContractsSchema, version=1), AccountsWorkflowsSchemaV1(name=com.r3.corda.lib.accounts.workflows.internal.schemas.AccountsWorkflowsSchema, version=1), FungibleTokenSchemaV1(name=com.r3.corda.lib.tokens.contracts.internal.schemas.FungibleTokenSchema, version=1), NonFungibleTokenSchemaV1(name=com.r3.corda.lib.tokens.contracts.internal.schemas.NonFungibleTokenSchema, version=1), TokenSchemaV1(name=com.r3.corda.lib.tokens.contracts.schemas.TokenSchema, version=1), DistributionRecordSchemaV1(name=com.r3.corda.lib.tokens.workflows.internal.schemas.DistributionRecordSchema, version=1)]
?[m?[37m[INFO] 11:44:47,397 [Test worker] internal.ConnectionProviderInitiator. - HHH000130: Instantiating explicit connection provider: net.corda.nodeapi.internal.persistence.HibernateConfiguration$NodeDatabaseConnectionProvider
?[m?[37m[INFO] 11:44:47,397 [Test worker] dialect.Dialect. - HHH000400: Using dialect: org.hibernate.dialect.H2Dialect
?[m?[37m[INFO] 11:44:47,450 [Test worker] connections.access. - HHH10001501: Connection obtained from JdbcConnectionAccess [org.hibernate.engine.jdbc.env.internal.JdbcEnvironmentInitiator$ConnectionProviderJdbcConnectionAccess@710a53a5] for (non-JTA) DDL execution was not in auto-commit mode; the Connection 'local transaction' will be committed and the Connection will be set into auto-commit mode.
?[m?[37m[INFO] 11:44:47,493 [Test worker] internal.JtaPlatformInitiator. - HHH000490: Using JtaPlatform implementation: [org.hibernate.engine.transaction.jta.platform.internal.NoJtaPlatform]
?[m?[37m[INFO] 11:44:47,493 [Test worker] factory.BaseSessionFactoryFactory. - Created session factory for schemas: [CommonSchemaV1(name=net.corda.core.schemas.CommonSchema, version=1), VaultSchemaV1(name=net.corda.node.services.vault.VaultSchema, version=1), NodeInfoSchemaV1(name=net.corda.node.internal.schemas.NodeInfoSchema, version=1), NodeCoreV1(name=net.corda.node.services.schema.NodeSchemaService$NodeCore, version=1), AccountsContractsSchemaV1(name=com.r3.corda.lib.accounts.contracts.internal.schemas.AccountsContractsSchema, version=1), AccountsWorkflowsSchemaV1(name=com.r3.corda.lib.accounts.workflows.internal.schemas.AccountsWorkflowsSchema, version=1), FungibleTokenSchemaV1(name=com.r3.corda.lib.tokens.contracts.internal.schemas.FungibleTokenSchema, version=1), NonFungibleTokenSchemaV1(name=com.r3.corda.lib.tokens.contracts.internal.schemas.NonFungibleTokenSchema, version=1), TokenSchemaV1(name=com.r3.corda.lib.tokens.contracts.schemas.TokenSchema, version=1), DistributionRecordSchemaV1(name=com.r3.corda.lib.tokens.workflows.internal.schemas.DistributionRecordSchema, version=1)]
?[m?[37m[INFO] 11:44:47,494 [Test worker] internal.InternalMockNetwork$MockNode. - identity-private-key not found in key store, generating fresh key!
?[m?[37m[INFO] 11:44:47,513 [Test worker] internal.InternalMockNetwork$MockNode. - Node-info has changed so submitting update. Old node-info was null
?[m?[37m[INFO] 11:44:47,513 [Test worker] network.PersistentNetworkMapCache. - Adding node with info: NodeInfo(addresses=[mock.node:1000], legalIdentitiesAndCerts=[O=ALICE, L=London, C=GB], platformVersion=7, serial=1602067487513)
?[m?[37m[INFO] 11:44:47,514 [Test worker] network.PersistentNetworkMapCache. - No previous node found for O=ALICE, L=London, C=GB
?[m?[37m[INFO] 11:44:47,517 [Test worker] internal.InternalMockNetwork$MockNode. - New node-info: NodeInfo(addresses=[mock.node:1000], legalIdentitiesAndCerts=[O=ALICE, L=London, C=GB], platformVersion=7, serial=1602067487513)
?[m?[37m[INFO] 11:44:47,520 [Test worker] network.NetworkMapUpdater. - Auto-accept enabled for network parameter changes which modify only: [epoch, modifiedTime, packageOwnership, whitelistedContractImplementations]
?[m?[37m[INFO] 11:44:47,520 [Test worker] internal.MockNodeMessagingService. - Status change to true
?[m?[37m[INFO] 11:44:47,520 [Test worker] internal.InternalMockNetwork$MockNode. - MessagingService active change to: true
?[m?[37m[INFO] 11:44:47,521 [MockNode-58-2] network.PersistentNetworkMapCache. - Adding node with info: NodeInfo(addresses=[mock.node:1000], legalIdentitiesAndCerts=[O=ALICE, L=London, C=GB], platformVersion=7, serial=1602067487513)
?[m?[37m[INFO] 11:44:47,522 [MockNode-58-2] network.PersistentNetworkMapCache. - Previous node was identical to incoming one - doing nothing
?[m?[37m[INFO] 11:44:47,533 [Test worker] ClassloaderUtils. - Contracts loading for '/var/folders/25/rhm4m5t16xjclwm998ppz_b40000gp/T/attachment6090076659675888707.jar' took 2 msec
?[m?[37m[INFO] 11:44:47,540 [Test worker] persistence.NodeAttachmentService. - Stored new attachment: id=D370FD972C7E07CE73F4F9B7886D226807F6B16C4EE287398B9C69384109DC14 uploader=app filename=Accounts SDK - States and Contracts
?[m?[37m[INFO] 11:44:47,543 [Test worker] ClassloaderUtils. - Contracts loading for '/var/folders/25/rhm4m5t16xjclwm998ppz_b40000gp/T/attachment8466220224734734752.jar' took 2 msec
?[m?[37m[INFO] 11:44:47,556 [Test worker] persistence.NodeAttachmentService. - Stored new attachment: id=A836B59D71384FC77EEE038AD03646FE8D1634D6C63B09FF03D29AA107D55B81 uploader=app filename=re-issuance - contracts
?[m?[37m[INFO] 11:44:47,559 [Test worker] ClassloaderUtils. - Contracts loading for '/var/folders/25/rhm4m5t16xjclwm998ppz_b40000gp/T/attachment9025887571447209556.jar' took 2 msec
?[m?[37m[INFO] 11:44:47,571 [Test worker] persistence.NodeAttachmentService. - Stored new attachment: id=34705DC9A2C8599998BBDBA7C3D13609AF04D8B3A772F7134D685ECC926D8320 uploader=app filename=Token SDK Contracts
?[m?[37m[INFO] 11:44:47,572 [Test worker] internal.InternalMockNetwork$MockNode. - Installed com.r3.corda.lib.accounts.workflows.services.KeyManagementBackedAccountService Corda service
?[m?[37m[INFO] 11:44:47,572 [Test worker] internal.InternalMockNetwork$MockNode. - Installed com.r3.corda.lib.tokens.selection.memory.services.VaultMigratorService Corda service
?[m?[37m[INFO] 11:44:47,572 [Test worker] cordapp.CordappConfigFileProvider. - Found config for cordapp tokens-workflows-1.2 in build/mock-network/20201007-104445.669/nodes/2/cordapps/config/tokens-workflows-1.2.conf
?[m?[31m[WARN] 11:44:47,573 [Test worker] inMemoryConfigSelectionLogger. - Did not detect a configuration for InMemory selection - enabling memory usage for token indexing. Please set stateSelection.inMemory.enabled to "false" to disable this
?[m?[31m[WARN] 11:44:47,573 [Test worker] inMemoryConfigSelectionLogger. - No indexing method specified. Indexes will be created at run-time for each invocation of selectTokens
?[m?[37m[INFO] 11:44:47,573 [Test worker] inMemoryConfigSelectionLogger. - Found in memory token selection configuration with values indexing strategy: [], cacheSize: 1024
?[m?[31m[WARN] 11:44:47,573 [Test worker] vault.NodeVaultService. - trackBy is called with an already existing, open DB transaction. As a result, there might be states missing from both the snapshot and observable, included in the returned data feed, because of race conditions.
?[m?[31m[WARN] 11:44:47,574 [Test worker] inMemoryConfigSelectionLogger. - Did not detect a configuration for InMemory selection - enabling memory usage for token indexing. Please set stateSelection.inMemory.enabled to "false" to disable this
?[m?[31m[WARN] 11:44:47,575 [Test worker] inMemoryConfigSelectionLogger. - No indexing method specified. Indexes will be created at run-time for each invocation of selectTokens
?[m?[37m[INFO] 11:44:47,575 [Test worker] inMemoryConfigSelectionLogger. - Found in memory token selection configuration with values indexing strategy: [], cacheSize: 1024
?[m?[37m[INFO] 11:44:47,575 [Test worker] services.VaultWatcherService. - Starting async token loading from vault
?[m?[37m[INFO] 11:44:47,575 [Test worker] internal.InternalMockNetwork$MockNode. - Installed com.r3.corda.lib.tokens.selection.memory.services.VaultWatcherService Corda service
?[m?[37m[INFO] 11:44:47,575 [Test worker] internal.InternalMockNetwork$MockNode. - Installed com.r3.dr.ledgergraph.attachment.AttachmentReaderService Corda service
?[m?[37m[INFO] 11:44:47,575 [Test worker] internal.InternalMockNetwork$MockNode. - Installed com.r3.dr.ledgergraph.networkparameters.NetworkParametersReaderService Corda service
?[m?[37m[INFO] 11:44:47,575 [Test worker] internal.InternalMockNetwork$MockNode. - Installed com.r3.dr.ledgergraph.services.ConfigurationService Corda service
?[m?[37m[INFO] 11:44:47,575 [Test worker] internal.InternalMockNetwork$MockNode. - Installed com.r3.dr.ledgergraph.services.LedgerGraphJMXService Corda service
?[m?[37m[INFO] 11:44:47,575 [Test worker] internal.InternalMockNetwork$MockNode. - Installed com.r3.dr.ledgergraph.services.LedgerGraphService Corda service
?[m?[37m[INFO] 11:44:47,575 [Test worker] internal.InternalMockNetwork$MockNode. - Installed com.r3.dr.ledgergraph.transaction.TransactionReaderService Corda service
?[m?[37m[INFO] 11:44:47,576 [pool-10-thread-1] services.VaultWatcherService. - publishing 0 to async state loading callback
?[m?[37m[INFO] 11:44:47,576 [pool-10-thread-1] services.VaultWatcherService. - received token vault update with 0 consumed states and: 0 produced states
?[m?[37m[INFO] 11:44:47,576 [pool-10-thread-1] services.VaultWatcherService. - finished token loading
?[m?[37m[INFO] 11:44:47,577 [Test worker] statemachine.SingleThreadedStateMachineManager. - Node ready, info: NodeInfo(addresses=[mock.node:1000], legalIdentitiesAndCerts=[O=ALICE, L=London, C=GB], platformVersion=7, serial=1602067487513)
?[m?[37m[INFO] 11:44:47,578 [Test worker] network.PersistentNetworkMapCache. - Adding node with info: NodeInfo(addresses=[mock.node:1000], legalIdentitiesAndCerts=[O=Notary Service, L=Zurich, C=CH], platformVersion=7, serial=1602067486230)
?[m?[37m[INFO] 11:44:47,579 [Test worker] network.PersistentNetworkMapCache. - No previous node found for O=Notary Service, L=Zurich, C=CH
?[m?[37m[INFO] 11:44:47,582 [Thread-277] cordapp.CordappConfigFileProvider. - Found config for cordapp ledger-graph-1.2-SNAPSHOT in build/mock-network/20201007-104445.669/nodes/2/cordapps/config/ledger-graph-1.2-SNAPSHOT.conf
?[m?[37m[INFO] 11:44:47,583 [Thread-277] services.LedgerGraphService. - Configured transaction iterator page size: 100.
?[m?[37m[INFO] 11:44:47,583 [Thread-277] services.LedgerGraphService. - Configured transaction iterator pool size: 10.
?[m?[37m[INFO] 11:44:47,583 [Thread-277] services.LedgerGraphService. - Getting database transaction count...
?[m?[37m[INFO] 11:44:47,584 [Test worker] network.PersistentNetworkMapCache. - Adding node with info: NodeInfo(addresses=[mock.node:1000], legalIdentitiesAndCerts=[O=ALICE, L=London, C=GB], platformVersion=7, serial=1602067487513)
?[m?[37m[INFO] 11:44:47,584 [Test worker] network.PersistentNetworkMapCache. - No previous node found for O=ALICE, L=London, C=GB
?[m?[37m[INFO] 11:44:47,585 [Thread-277] services.LedgerGraphService. - Loading 0 transactions from database...
?[m?[37m[INFO] 11:44:47,585 [Thread-277] services.LedgerGraphService. - Done loading transactions from database after 0s.
?[m?[37m[INFO] 11:44:47,585 [Thread-277] services.LedgerGraphService. - The LedgerGraph service has now successfully been initialized.
?[m?[37m[INFO] 11:44:47,586 [Test worker] network.PersistentNetworkMapCache. - Adding node with info: NodeInfo(addresses=[mock.node:1000], legalIdentitiesAndCerts=[O=ISSUER, L=London, C=GB], platformVersion=7, serial=1602067486825)
?[m?[37m[INFO] 11:44:47,587 [Test worker] network.PersistentNetworkMapCache. - No previous node found for O=ISSUER, L=London, C=GB
?[m?[37m[INFO] 11:44:47,588 [Test worker] network.PersistentNetworkMapCache. - Adding node with info: NodeInfo(addresses=[mock.node:1000], legalIdentitiesAndCerts=[O=ALICE, L=London, C=GB], platformVersion=7, serial=1602067487513)
?[m?[37m[INFO] 11:44:47,589 [Test worker] network.PersistentNetworkMapCache. - No previous node found for O=ALICE, L=London, C=GB
?[m?[37m[INFO] 11:44:47,592 [Test worker] network.PersistentNetworkMapCache. - Adding node with info: NodeInfo(addresses=[mock.node:1000], legalIdentitiesAndCerts=[O=ALICE, L=London, C=GB], platformVersion=7, serial=1602067487513)
?[m?[37m[INFO] 11:44:47,592 [Test worker] network.PersistentNetworkMapCache. - Previous node was identical to incoming one - doing nothing
?[m?[37m[INFO] 11:44:47,592 [Test worker] network.PersistentNetworkMapCache. - Adding node with info: NodeInfo(addresses=[mock.node:1000], legalIdentitiesAndCerts=[O=ALICE, L=London, C=GB], platformVersion=7, serial=1602067487513)
?[m?[37m[INFO] 11:44:47,592 [Test worker] network.PersistentNetworkMapCache. - Previous node was identical to incoming one - doing nothing
?[m?[37m[INFO] 11:44:47,609 [Test worker] cordapp.JarScanningCordappLoader. - Looking for CorDapps in [build/mock-network/20201007-104445.669/nodes/3/cordapps]
?[m?[37m[INFO] 11:44:47,610 [Test worker] cordapp.JarScanningCordappLoader. - Loading CorDapps from RestrictedURL(url=file:/Users/agnieszkaszczepanska/workspace/reissue-sample-cordapp/workflows/build/mock-network/20201007-104445.669/nodes/3/cordapps/accounts-contracts-1.0.jar, rootPackageName=null), RestrictedURL(url=file:/Users/agnieszkaszczepanska/workspace/reissue-sample-cordapp/workflows/build/mock-network/20201007-104445.669/nodes/3/cordapps/accounts-workflows-1.0.jar, rootPackageName=null), RestrictedURL(url=file:/Users/agnieszkaszczepanska/workspace/reissue-sample-cordapp/workflows/build/mock-network/20201007-104445.669/nodes/3/cordapps/reissuance-cordapp-contracts-1.0-SNAPSHOT.jar, rootPackageName=null), RestrictedURL(url=file:/Users/agnieszkaszczepanska/workspace/reissue-sample-cordapp/workflows/build/mock-network/20201007-104445.669/nodes/3/cordapps/workflows.jar, rootPackageName=null), RestrictedURL(url=file:/Users/agnieszkaszczepanska/workspace/reissue-sample-cordapp/workflows/build/mock-network/20201007-104445.669/nodes/3/cordapps/reissuance-cordapp-workflows-1.0-SNAPSHOT.jar, rootPackageName=null), RestrictedURL(url=file:/Users/agnieszkaszczepanska/workspace/reissue-sample-cordapp/workflows/build/mock-network/20201007-104445.669/nodes/3/cordapps/ci-workflows-1.0.jar, rootPackageName=null), RestrictedURL(url=file:/Users/agnieszkaszczepanska/workspace/reissue-sample-cordapp/workflows/build/mock-network/20201007-104445.669/nodes/3/cordapps/tokens-contracts-1.2.jar, rootPackageName=null), RestrictedURL(url=file:/Users/agnieszkaszczepanska/workspace/reissue-sample-cordapp/workflows/build/mock-network/20201007-104445.669/nodes/3/cordapps/tokens-workflows-1.2.jar, rootPackageName=null), RestrictedURL(url=file:/Users/agnieszkaszczepanska/workspace/reissue-sample-cordapp/workflows/build/mock-network/20201007-104445.669/nodes/3/cordapps/ledger-graph-1.2-SNAPSHOT.jar, rootPackageName=null)
?[m?[37m[INFO] 11:44:47,610 [Test worker] cordapp.JarScanningCordappLoader. - Scanning CorDapp in file:/Users/agnieszkaszczepanska/workspace/reissue-sample-cordapp/workflows/build/mock-network/20201007-104445.669/nodes/3/cordapps/accounts-contracts-1.0.jar
?[m?[37m[INFO] 11:44:47,621 [Test worker] cordapp.JarScanningCordappLoader. - Scanning CorDapp in file:/Users/agnieszkaszczepanska/workspace/reissue-sample-cordapp/workflows/build/mock-network/20201007-104445.669/nodes/3/cordapps/accounts-workflows-1.0.jar
?[m?[37m[INFO] 11:44:47,630 [Test worker] cordapp.JarScanningCordappLoader. - Scanning CorDapp in file:/Users/agnieszkaszczepanska/workspace/reissue-sample-cordapp/workflows/build/mock-network/20201007-104445.669/nodes/3/cordapps/reissuance-cordapp-contracts-1.0-SNAPSHOT.jar
?[m?[37m[INFO] 11:44:47,636 [Test worker] cordapp.JarScanningCordappLoader. - Scanning CorDapp in file:/Users/agnieszkaszczepanska/workspace/reissue-sample-cordapp/workflows/build/mock-network/20201007-104445.669/nodes/3/cordapps/workflows.jar
?[m?[37m[INFO] 11:44:47,642 [Test worker] cordapp.JarScanningCordappLoader. - Scanning CorDapp in file:/Users/agnieszkaszczepanska/workspace/reissue-sample-cordapp/workflows/build/mock-network/20201007-104445.669/nodes/3/cordapps/reissuance-cordapp-workflows-1.0-SNAPSHOT.jar
?[m?[37m[INFO] 11:44:47,652 [Test worker] cordapp.JarScanningCordappLoader. - Scanning CorDapp in file:/Users/agnieszkaszczepanska/workspace/reissue-sample-cordapp/workflows/build/mock-network/20201007-104445.669/nodes/3/cordapps/ci-workflows-1.0.jar
?[m?[37m[INFO] 11:44:47,658 [Test worker] cordapp.JarScanningCordappLoader. - Scanning CorDapp in file:/Users/agnieszkaszczepanska/workspace/reissue-sample-cordapp/workflows/build/mock-network/20201007-104445.669/nodes/3/cordapps/tokens-contracts-1.2.jar
?[m?[37m[INFO] 11:44:47,665 [Test worker] cordapp.JarScanningCordappLoader. - Scanning CorDapp in file:/Users/agnieszkaszczepanska/workspace/reissue-sample-cordapp/workflows/build/mock-network/20201007-104445.669/nodes/3/cordapps/tokens-workflows-1.2.jar
?[m?[37m[INFO] 11:44:47,709 [Test worker] cordapp.JarScanningCordappLoader. - Scanning CorDapp in file:/Users/agnieszkaszczepanska/workspace/reissue-sample-cordapp/workflows/build/mock-network/20201007-104445.669/nodes/3/cordapps/ledger-graph-1.2-SNAPSHOT.jar
?[m?[37m[INFO] 11:44:47,732 [Test worker] internal.InternalMockNetwork$MockNode. - MessagingService active change to: false
?[m?[37m[INFO] 11:44:47,732 [Test worker] internal.InternalMockNetwork$MockNode. - Flow external operation executor has a max of 2 threads
?[m?[37m[INFO] 11:44:47,733 [Test worker] internal.InternalMockNetwork$MockNode. - Node starting up ...
?[m?[37m[INFO] 11:44:47,748 [Test worker] internal.NodeFlowManager. - Registered com.r3.corda.lib.accounts.workflows.flows.ShareStateAndSyncAccounts to initiate com.r3.corda.lib.accounts.workflows.flows.ReceiveStateAndSyncAccounts (version 1)
?[m?[37m[INFO] 11:44:47,748 [Test worker] internal.NodeFlowManager. - Registered com.r3.corda.lib.accounts.workflows.flows.ShareStateWithAccount to initiate com.r3.corda.lib.accounts.workflows.flows.ReceiveStateForAccount (version 1)
?[m?[37m[INFO] 11:44:47,748 [Test worker] internal.NodeFlowManager. - Registered com.r3.corda.lib.accounts.workflows.flows.RequestAccountInfo to initiate com.r3.corda.lib.accounts.workflows.flows.RequestAccountInfoHandler (version 1)
?[m?[37m[INFO] 11:44:47,748 [Test worker] internal.NodeFlowManager. - Registered com.r3.corda.lib.accounts.workflows.flows.RequestKeyForAccount to initiate com.r3.corda.lib.accounts.workflows.flows.SendKeyForAccount (version 1)
?[m?[37m[INFO] 11:44:47,748 [Test worker] internal.NodeFlowManager. - Registered com.r3.corda.lib.accounts.workflows.flows.ShareAccountInfo to initiate com.r3.corda.lib.accounts.workflows.flows.ShareAccountInfoHandler (version 1)
?[m?[37m[INFO] 11:44:47,748 [Test worker] internal.NodeFlowManager. - Registered net.corda.samples.reissuance.IssueDemoAppTokens to initiate net.corda.samples.reissuance.IssueDemoAppTokensResponder (version 1)
?[m?[37m[INFO] 11:44:47,748 [Test worker] internal.NodeFlowManager. - Registered net.corda.samples.reissuance.MoveDemoAppTokens to initiate net.corda.samples.reissuance.MoveDemoAppTokensResponder (version 1)
?[m?[37m[INFO] 11:44:47,748 [Test worker] internal.NodeFlowManager. - Registered net.corda.samples.reissuance.RedeemDemoAppTokens to initiate net.corda.samples.reissuance.RedeemDemoAppTokensResponder (version 1)
?[m?[37m[INFO] 11:44:47,748 [Test worker] internal.NodeFlowManager. - Registered com.r3.corda.lib.reissuance.flows.DeleteReIssuedStatesAndLock to initiate com.r3.corda.lib.reissuance.flows.DeleteReIssuedStatesAndLockResponder (version 1)
?[m?[37m[INFO] 11:44:47,748 [Test worker] internal.NodeFlowManager. - Registered com.r3.corda.lib.reissuance.flows.ReIssueStates to initiate com.r3.corda.lib.reissuance.flows.ReIssueStatesResponder (version 1)
?[m?[37m[INFO] 11:44:47,748 [Test worker] internal.NodeFlowManager. - Registered com.r3.corda.lib.reissuance.flows.RequestReIssuanceAndShareRequiredTransactions to initiate com.r3.corda.lib.reissuance.flows.ReceiveSignedTransaction (version 1)
?[m?[37m[INFO] 11:44:47,749 [Test worker] internal.NodeFlowManager. - Registered com.r3.corda.lib.reissuance.flows.RejectReIssuanceRequest to initiate com.r3.corda.lib.reissuance.flows.RejectReIssuanceRequestResponder (version 1)
?[m?[37m[INFO] 11:44:47,749 [Test worker] internal.NodeFlowManager. - Registered com.r3.corda.lib.reissuance.flows.RequestReIssuance to initiate com.r3.corda.lib.reissuance.flows.RequestReIssuanceResponder (version 1)
?[m?[37m[INFO] 11:44:47,749 [Test worker] internal.NodeFlowManager. - Registered com.r3.corda.lib.reissuance.flows.UnlockReIssuedStates to initiate com.r3.corda.lib.reissuance.flows.UnlockReIssuedStatesResponder (version 1)
?[m?[37m[INFO] 11:44:47,749 [Test worker] internal.NodeFlowManager. - Registered com.r3.corda.lib.reissuance.flows.example.dummyStateRequiringAcceptance.CreateDummyStateRequiringAcceptance to initiate com.r3.corda.lib.reissuance.flows.example.dummyStateRequiringAcceptance.CreateDummyStateRequiringAcceptanceResponder (version 1)
?[m?[37m[INFO] 11:44:47,749 [Test worker] internal.NodeFlowManager. - Registered com.r3.corda.lib.reissuance.flows.example.dummyStateRequiringAcceptance.DeleteDummyStateRequiringAcceptance to initiate com.r3.corda.lib.reissuance.flows.example.dummyStateRequiringAcceptance.DeleteDummyStateRequiringAcceptanceResponder (version 1)
?[m?[37m[INFO] 11:44:47,749 [Test worker] internal.NodeFlowManager. - Registered com.r3.corda.lib.reissuance.flows.example.dummyStateRequiringAcceptance.UpdateDummyStateRequiringAcceptance to initiate com.r3.corda.lib.reissuance.flows.example.dummyStateRequiringAcceptance.UpdateDummyStateRequiringAcceptanceResponder (version 1)
?[m?[37m[INFO] 11:44:47,749 [Test worker] internal.NodeFlowManager. - Registered com.r3.corda.lib.reissuance.flows.example.dummyStateRequiringAllParticipantsSignatures.CreateDummyStateRequiringAllParticipantsSignatures to initiate com.r3.corda.lib.reissuance.flows.example.dummyStateRequiringAllParticipantsSignatures.CreateDummyStateRequiringAllParticipantsSignaturesResponder (version 1)
?[m?[37m[INFO] 11:44:47,749 [Test worker] internal.NodeFlowManager. - Registered com.r3.corda.lib.reissuance.flows.example.dummyStateRequiringAllParticipantsSignatures.DeleteDummyStateRequiringAllParticipantsSignatures to initiate com.r3.corda.lib.reissuance.flows.example.dummyStateRequiringAllParticipantsSignatures.DeleteDummyStateRequiringAllParticipantsSignaturesResponder (version 1)
?[m?[37m[INFO] 11:44:47,749 [Test worker] internal.NodeFlowManager. - Registered com.r3.corda.lib.reissuance.flows.example.dummyStateRequiringAllParticipantsSignatures.UpdateDummyStateRequiringAllParticipantsSignatures to initiate com.r3.corda.lib.reissuance.flows.example.dummyStateRequiringAllParticipantsSignatures.UpdateDummyStateRequiringAllParticipantsSignaturesResponder (version 1)
?[m?[37m[INFO] 11:44:47,749 [Test worker] internal.NodeFlowManager. - Registered com.r3.corda.lib.reissuance.flows.example.dummyStateWithInvalidEqualsMethod.CreateDummyStateWithInvalidEqualsMethod to initiate com.r3.corda.lib.reissuance.flows.example.dummyStateWithInvalidEqualsMethod.CreateDummyStateRequiringAllParticipantsSignaturesResponder (version 1)
?[m?[37m[INFO] 11:44:47,749 [Test worker] internal.NodeFlowManager. - Registered com.r3.corda.lib.reissuance.flows.example.dummyStateWithInvalidEqualsMethod.DeleteDummyStateWithInvalidEqualsMethod to initiate com.r3.corda.lib.reissuance.flows.example.dummyStateWithInvalidEqualsMethod.DeleteDummyStateRequiringAllParticipantsSignaturesResponder (version 1)
?[m?[37m[INFO] 11:44:47,749 [Test worker] internal.NodeFlowManager. - Registered com.r3.corda.lib.reissuance.flows.example.dummyStateWithInvalidEqualsMethod.UpdateDummyStateWithInvalidEqualsMethod to initiate com.r3.corda.lib.reissuance.flows.example.dummyStateWithInvalidEqualsMethod.UpdateDummyStateWithInvalidEqualsMethodResponder (version 1)
?[m?[37m[INFO] 11:44:47,749 [Test worker] internal.NodeFlowManager. - Registered com.r3.corda.lib.reissuance.flows.example.simpleDummyState.CreateSimpleDummyStateForAccount to initiate com.r3.corda.lib.reissuance.flows.example.simpleDummyState.CreateSimpleDummyStateForAccountResponder (version 1)
?[m?[37m[INFO] 11:44:47,749 [Test worker] internal.NodeFlowManager. - Registered com.r3.corda.lib.reissuance.flows.example.simpleDummyState.CreateSimpleDummyState to initiate com.r3.corda.lib.reissuance.flows.example.simpleDummyState.CreateSimpleDummyStateResponder (version 1)
?[m?[37m[INFO] 11:44:47,749 [Test worker] internal.NodeFlowManager. - Registered com.r3.corda.lib.reissuance.flows.example.simpleDummyState.DeleteSimpleDummyStateForAccount to initiate com.r3.corda.lib.reissuance.flows.example.simpleDummyState.DeleteSimpleDummyStateForAccountResponder (version 1)
?[m?[37m[INFO] 11:44:47,749 [Test worker] internal.NodeFlowManager. - Registered com.r3.corda.lib.reissuance.flows.example.simpleDummyState.DeleteSimpleDummyState to initiate com.r3.corda.lib.reissuance.flows.example.simpleDummyState.DeleteSimpleDummyStateResponder (version 1)
?[m?[37m[INFO] 11:44:47,749 [Test worker] internal.NodeFlowManager. - Registered com.r3.corda.lib.reissuance.flows.example.simpleDummyState.UpdateSimpleDummyState to initiate com.r3.corda.lib.reissuance.flows.example.simpleDummyState.SimpleDummyStateResponder (version 1)
?[m?[37m[INFO] 11:44:47,749 [Test worker] internal.NodeFlowManager. - Registered com.r3.corda.lib.reissuance.flows.example.simpleDummyState.UpdateSimpleDummyStateForAccount to initiate com.r3.corda.lib.reissuance.flows.example.simpleDummyState.UpdateSimpleDummyStateForAccountResponder (version 1)
?[m?[37m[INFO] 11:44:47,749 [Test worker] internal.NodeFlowManager. - Registered com.r3.corda.lib.reissuance.flows.example.tokens.IssueTokens to initiate com.r3.corda.lib.reissuance.flows.example.tokens.IssueTokensResponder (version 1)
?[m?[37m[INFO] 11:44:47,749 [Test worker] internal.NodeFlowManager. - Registered com.r3.corda.lib.reissuance.flows.example.tokens.RedeemTokens to initiate com.r3.corda.lib.reissuance.flows.example.tokens.RedeemTokensResponder (version 1)
?[m?[37m[INFO] 11:44:47,749 [Test worker] internal.NodeFlowManager. - Registered com.r3.corda.lib.reissuance.flows.example.tokens.TransferTokens to initiate com.r3.corda.lib.reissuance.flows.example.tokens.TransferTokensResponder (version 1)
?[m?[37m[INFO] 11:44:47,749 [Test worker] internal.NodeFlowManager. - Registered com.r3.corda.lib.ci.workflows.RequestKeyForUUIDInitiator to initiate com.r3.corda.lib.ci.workflows.RequestKeyForUUIDResponder (version 1)
?[m?[37m[INFO] 11:44:47,749 [Test worker] internal.NodeFlowManager. - Registered com.r3.corda.lib.ci.workflows.RequestKey to initiate com.r3.corda.lib.ci.workflows.RequestKeyResponder (version 1)
?[m?[37m[INFO] 11:44:47,749 [Test worker] internal.NodeFlowManager. - Registered com.r3.corda.lib.ci.workflows.SyncKeyMappingInitiator to initiate com.r3.corda.lib.ci.workflows.SyncKeyMappingResponder (version 1)
?[m?[37m[INFO] 11:44:47,749 [Test worker] internal.NodeFlowManager. - Registered com.r3.corda.lib.ci.workflows.VerifyAndAddKey to initiate com.r3.corda.lib.ci.workflows.VerifyAndAddKeyResponder (version 1)
?[m?[37m[INFO] 11:44:47,749 [Test worker] internal.NodeFlowManager. - Registered com.r3.corda.lib.tokens.workflows.flows.rpc.ConfidentialIssueTokens to initiate com.r3.corda.lib.tokens.workflows.flows.rpc.ConfidentialIssueTokensHandler (version 1)
?[m?[37m[INFO] 11:44:47,749 [Test worker] internal.NodeFlowManager. - Registered com.r3.corda.lib.tokens.workflows.flows.rpc.ConfidentialMoveFungibleTokens to initiate com.r3.corda.lib.tokens.workflows.flows.rpc.ConfidentialMoveFungibleTokensHandler (version 1)
?[m?[37m[INFO] 11:44:47,749 [Test worker] internal.NodeFlowManager. - Registered com.r3.corda.lib.tokens.workflows.flows.rpc.ConfidentialMoveNonFungibleTokens to initiate com.r3.corda.lib.tokens.workflows.flows.rpc.ConfidentialMoveNonFungibleTokensHandler (version 1)
?[m?[37m[INFO] 11:44:47,749 [Test worker] internal.NodeFlowManager. - Registered com.r3.corda.lib.tokens.workflows.flows.rpc.ConfidentialRedeemFungibleTokens to initiate com.r3.corda.lib.tokens.workflows.flows.rpc.ConfidentialRedeemFungibleTokensHandler (version 1)
?[m?[37m[INFO] 11:44:47,749 [Test worker] internal.NodeFlowManager. - Registered com.r3.corda.lib.tokens.workflows.flows.rpc.CreateEvolvableTokens to initiate com.r3.corda.lib.tokens.workflows.flows.rpc.CreateEvolvableTokensHandler (version 1)
?[m?[37m[INFO] 11:44:47,749 [Test worker] internal.NodeFlowManager. - Registered com.r3.corda.lib.tokens.workflows.flows.rpc.IssueTokens to initiate com.r3.corda.lib.tokens.workflows.flows.rpc.IssueTokensHandler (version 1)
?[m?[37m[INFO] 11:44:47,749 [Test worker] internal.NodeFlowManager. - Registered com.r3.corda.lib.tokens.workflows.flows.rpc.MoveFungibleTokens to initiate com.r3.corda.lib.tokens.workflows.flows.rpc.MoveFungibleTokensHandler (version 1)
?[m?[37m[INFO] 11:44:47,749 [Test worker] internal.NodeFlowManager. - Registered com.r3.corda.lib.tokens.workflows.flows.rpc.MoveNonFungibleTokens to initiate com.r3.corda.lib.tokens.workflows.flows.rpc.MoveNonFungibleTokensHandler (version 1)
?[m?[37m[INFO] 11:44:47,749 [Test worker] internal.NodeFlowManager. - Registered com.r3.corda.lib.tokens.workflows.flows.rpc.RedeemFungibleTokens to initiate com.r3.corda.lib.tokens.workflows.flows.rpc.RedeemFungibleTokensHandler (version 1)
?[m?[37m[INFO] 11:44:47,749 [Test worker] internal.NodeFlowManager. - Registered com.r3.corda.lib.tokens.workflows.flows.rpc.RedeemNonFungibleTokens to initiate com.r3.corda.lib.tokens.workflows.flows.rpc.RedeemNonFungibleTokensHandler (version 1)
?[m?[37m[INFO] 11:44:47,749 [Test worker] internal.NodeFlowManager. - Registered com.r3.corda.lib.tokens.workflows.flows.rpc.UpdateEvolvableToken to initiate com.r3.corda.lib.tokens.workflows.flows.rpc.UpdateEvolvableTokenHandler (version 1)
?[m?[37m[INFO] 11:44:47,749 [Test worker] internal.NodeFlowManager. - Registered com.r3.corda.lib.tokens.workflows.internal.flows.distribution.RequestAdditionToDistributionList$Initiator to initiate com.r3.corda.lib.tokens.workflows.internal.flows.distribution.RequestAdditionToDistributionList$Responder (version 1)
?[m?[37m[INFO] 11:44:47,749 [Test worker] internal.NodeFlowManager. - Registered com.r3.corda.lib.tokens.workflows.internal.flows.distribution.UpdateDistributionListFlow to initiate com.r3.corda.lib.tokens.workflows.internal.flows.distribution.UpdateDistributionListFlowHandler (version 1)
?[m?[37m[INFO] 11:44:47,749 [Test worker] internal.NodeFlowManager. - Registered com.r3.corda.lib.tokens.workflows.internal.testflows.DvPFlow to initiate com.r3.corda.lib.tokens.workflows.internal.testflows.DvPFlowHandler (version 1)
?[m?[37m[INFO] 11:44:47,750 [Test worker] internal.InternalMockNetwork$MockNode. - Loaded network parameters: NetworkParameters {
      minimumPlatformVersion=4
      notaries=[NotaryInfo(identity=O=Notary Service, L=Zurich, C=CH, validating=false)]
      maxMessageSize=10485760
      maxTransactionSize=524288000
      whitelistedContractImplementations {
        
      }
      eventHorizon=PT720H
      packageOwnership {
        
      }
      modifiedTime=2020-10-07T10:44:45.669Z
      epoch=1
  }
?[m?[37m[INFO] 11:44:47,750 [Test worker] hikari.HikariDataSource. - HikariPool-59 - Starting...
?[m?[37m[INFO] 11:44:47,751 [Test worker] hikari.HikariDataSource. - HikariPool-59 - Start completed.
?[m?[37m[INFO] 11:44:47,860 [Test worker] changelog.StandardChangeLogHistoryService. - Creating database history table with name: PUBLIC.DATABASECHANGELOG
?[m?[37m[INFO] 11:44:47,861 [Test worker] jvm.JdbcExecutor. - CREATE TABLE PUBLIC.DATABASECHANGELOG (ID VARCHAR(255) NOT NULL, AUTHOR VARCHAR(255) NOT NULL, FILENAME VARCHAR(255) NOT NULL, DATEEXECUTED TIMESTAMP NOT NULL, ORDEREXECUTED INT NOT NULL, EXECTYPE VARCHAR(10) NOT NULL, MD5SUM VARCHAR(35), DESCRIPTION VARCHAR(255), COMMENTS VARCHAR(255), TAG VARCHAR(255), LIQUIBASE VARCHAR(20), CONTEXTS VARCHAR(255), LABELS VARCHAR(255), DEPLOYMENT_ID VARCHAR(10))
?[m?[37m[INFO] 11:44:47,861 [Test worker] jvm.JdbcExecutor. - SELECT COUNT(*) FROM PUBLIC.DATABASECHANGELOG
?[m?[37m[INFO] 11:44:47,861 [Test worker] changelog.StandardChangeLogHistoryService. - Reading from PUBLIC.DATABASECHANGELOG
?[m?[37m[INFO] 11:44:47,861 [Test worker] jvm.JdbcExecutor. - SELECT * FROM PUBLIC.DATABASECHANGELOG ORDER BY DATEEXECUTED ASC, ORDEREXECUTED ASC
?[m?[37m[INFO] 11:44:47,862 [Test worker] jvm.JdbcExecutor. - SELECT COUNT(*) FROM PUBLIC.DATABASECHANGELOGLOCK
?[m?[37m[INFO] 11:44:47,862 [Test worker] jvm.JdbcExecutor. - CREATE TABLE PUBLIC.DATABASECHANGELOGLOCK (ID INT NOT NULL, LOCKED BOOLEAN NOT NULL, LOCKGRANTED TIMESTAMP, LOCKEDBY VARCHAR(255), CONSTRAINT PK_DATABASECHANGELOGLOCK PRIMARY KEY (ID))
?[m?[37m[INFO] 11:44:47,862 [Test worker] jvm.JdbcExecutor. - SELECT COUNT(*) FROM PUBLIC.DATABASECHANGELOGLOCK
?[m?[37m[INFO] 11:44:47,862 [Test worker] jvm.JdbcExecutor. - DELETE FROM PUBLIC.DATABASECHANGELOGLOCK
?[m?[37m[INFO] 11:44:47,862 [Test worker] jvm.JdbcExecutor. - INSERT INTO PUBLIC.DATABASECHANGELOGLOCK (ID, LOCKED) VALUES (1, FALSE)
?[m?[37m[INFO] 11:44:47,867 [Test worker] visitor.ValidatingVisitor. - Skipping change set migration/vault-schema.changelog-pkey.xml::non-clustered_pk-11::R3.Corda due to validation error(s): clustered is not allowed on h2 {changeSet=migration/vault-schema.changelog-pkey.xml::non-clustered_pk-11::R3.Corda, databaseChangeLog=master.changelog.json}
?[m?[37m[INFO] 11:44:47,867 [Test worker] visitor.ValidatingVisitor. - Skipping change set migration/vault-schema.changelog-pkey.xml::non-clustered_pk-12::R3.Corda due to validation error(s): clustered is not allowed on h2 {changeSet=migration/vault-schema.changelog-pkey.xml::non-clustered_pk-12::R3.Corda, databaseChangeLog=master.changelog.json}
?[m?[37m[INFO] 11:44:47,867 [Test worker] visitor.ValidatingVisitor. - Skipping change set migration/vault-schema.changelog-pkey.xml::non-clustered_pk-13::R3.Corda due to validation error(s): clustered is not allowed on h2 {changeSet=migration/vault-schema.changelog-pkey.xml::non-clustered_pk-13::R3.Corda, databaseChangeLog=master.changelog.json}
?[m?[37m[INFO] 11:44:47,876 [Test worker] visitor.ValidatingVisitor. - Skipping change set migration/node-core.changelog-pkey.xml::non-clustered_pk-1::R3.Corda due to validation error(s): clustered is not allowed on h2 {changeSet=migration/node-core.changelog-pkey.xml::non-clustered_pk-1::R3.Corda, databaseChangeLog=master.changelog.json}
?[m?[37m[INFO] 11:44:47,876 [Test worker] visitor.ValidatingVisitor. - Skipping change set migration/node-core.changelog-pkey.xml::non-clustered_pk-2::R3.Corda due to validation error(s): clustered is not allowed on h2 {changeSet=migration/node-core.changelog-pkey.xml::non-clustered_pk-2::R3.Corda, databaseChangeLog=master.changelog.json}
?[m?[37m[INFO] 11:44:47,876 [Test worker] visitor.ValidatingVisitor. - Skipping change set migration/node-core.changelog-pkey.xml::non-clustered_pk-3::R3.Corda due to validation error(s): clustered is not allowed on h2 {changeSet=migration/node-core.changelog-pkey.xml::non-clustered_pk-3::R3.Corda, databaseChangeLog=master.changelog.json}
?[m?[37m[INFO] 11:44:47,877 [Test worker] visitor.ValidatingVisitor. - Skipping change set migration/node-core.changelog-pkey.xml::non-clustered_pk-4::R3.Corda due to validation error(s): clustered is not allowed on h2 {changeSet=migration/node-core.changelog-pkey.xml::non-clustered_pk-4::R3.Corda, databaseChangeLog=master.changelog.json}
?[m?[37m[INFO] 11:44:47,877 [Test worker] visitor.ValidatingVisitor. - Skipping change set migration/node-core.changelog-pkey.xml::non-clustered_pk-5::R3.Corda due to validation error(s): clustered is not allowed on h2 {changeSet=migration/node-core.changelog-pkey.xml::non-clustered_pk-5::R3.Corda, databaseChangeLog=master.changelog.json}
?[m?[37m[INFO] 11:44:47,877 [Test worker] visitor.ValidatingVisitor. - Skipping change set migration/node-core.changelog-pkey.xml::non-clustered_pk-6::R3.Corda due to validation error(s): clustered is not allowed on h2 {changeSet=migration/node-core.changelog-pkey.xml::non-clustered_pk-6::R3.Corda, databaseChangeLog=master.changelog.json}
?[m?[37m[INFO] 11:44:47,877 [Test worker] visitor.ValidatingVisitor. - Skipping change set migration/node-core.changelog-pkey.xml::non-clustered_pk-7::R3.Corda due to validation error(s): clustered is not allowed on h2 {changeSet=migration/node-core.changelog-pkey.xml::non-clustered_pk-7::R3.Corda, databaseChangeLog=master.changelog.json}
?[m?[37m[INFO] 11:44:47,880 [Test worker] jvm.JdbcExecutor. - SELECT COUNT(*) FROM PUBLIC.DATABASECHANGELOGLOCK
?[m?[37m[INFO] 11:44:47,881 [Test worker] jvm.JdbcExecutor. - SELECT LOCKED FROM PUBLIC.DATABASECHANGELOGLOCK WHERE ID=1
?[m?[37m[INFO] 11:44:47,881 [Test worker] lockservice.StandardLockService. - Successfully acquired change log lock
?[m?[37m[INFO] 11:44:47,883 [Test worker] visitor.ValidatingVisitor. - Skipping change set migration/vault-schema.changelog-pkey.xml::non-clustered_pk-11::R3.Corda due to validation error(s): clustered is not allowed on h2 {changeSet=migration/vault-schema.changelog-pkey.xml::non-clustered_pk-11::R3.Corda, databaseChangeLog=master.changelog.json}
?[m?[37m[INFO] 11:44:47,883 [Test worker] visitor.ValidatingVisitor. - Skipping change set migration/vault-schema.changelog-pkey.xml::non-clustered_pk-12::R3.Corda due to validation error(s): clustered is not allowed on h2 {changeSet=migration/vault-schema.changelog-pkey.xml::non-clustered_pk-12::R3.Corda, databaseChangeLog=master.changelog.json}
?[m?[37m[INFO] 11:44:47,883 [Test worker] visitor.ValidatingVisitor. - Skipping change set migration/vault-schema.changelog-pkey.xml::non-clustered_pk-13::R3.Corda due to validation error(s): clustered is not allowed on h2 {changeSet=migration/vault-schema.changelog-pkey.xml::non-clustered_pk-13::R3.Corda, databaseChangeLog=master.changelog.json}
?[m?[37m[INFO] 11:44:47,887 [Test worker] visitor.ValidatingVisitor. - Skipping change set migration/node-core.changelog-pkey.xml::non-clustered_pk-1::R3.Corda due to validation error(s): clustered is not allowed on h2 {changeSet=migration/node-core.changelog-pkey.xml::non-clustered_pk-1::R3.Corda, databaseChangeLog=master.changelog.json}
?[m?[37m[INFO] 11:44:47,887 [Test worker] visitor.ValidatingVisitor. - Skipping change set migration/node-core.changelog-pkey.xml::non-clustered_pk-2::R3.Corda due to validation error(s): clustered is not allowed on h2 {changeSet=migration/node-core.changelog-pkey.xml::non-clustered_pk-2::R3.Corda, databaseChangeLog=master.changelog.json}
?[m?[37m[INFO] 11:44:47,887 [Test worker] visitor.ValidatingVisitor. - Skipping change set migration/node-core.changelog-pkey.xml::non-clustered_pk-3::R3.Corda due to validation error(s): clustered is not allowed on h2 {changeSet=migration/node-core.changelog-pkey.xml::non-clustered_pk-3::R3.Corda, databaseChangeLog=master.changelog.json}
?[m?[37m[INFO] 11:44:47,887 [Test worker] visitor.ValidatingVisitor. - Skipping change set migration/node-core.changelog-pkey.xml::non-clustered_pk-4::R3.Corda due to validation error(s): clustered is not allowed on h2 {changeSet=migration/node-core.changelog-pkey.xml::non-clustered_pk-4::R3.Corda, databaseChangeLog=master.changelog.json}
?[m?[37m[INFO] 11:44:47,887 [Test worker] visitor.ValidatingVisitor. - Skipping change set migration/node-core.changelog-pkey.xml::non-clustered_pk-5::R3.Corda due to validation error(s): clustered is not allowed on h2 {changeSet=migration/node-core.changelog-pkey.xml::non-clustered_pk-5::R3.Corda, databaseChangeLog=master.changelog.json}
?[m?[37m[INFO] 11:44:47,887 [Test worker] visitor.ValidatingVisitor. - Skipping change set migration/node-core.changelog-pkey.xml::non-clustered_pk-6::R3.Corda due to validation error(s): clustered is not allowed on h2 {changeSet=migration/node-core.changelog-pkey.xml::non-clustered_pk-6::R3.Corda, databaseChangeLog=master.changelog.json}
?[m?[37m[INFO] 11:44:47,887 [Test worker] visitor.ValidatingVisitor. - Skipping change set migration/node-core.changelog-pkey.xml::non-clustered_pk-7::R3.Corda due to validation error(s): clustered is not allowed on h2 {changeSet=migration/node-core.changelog-pkey.xml::non-clustered_pk-7::R3.Corda, databaseChangeLog=master.changelog.json}
?[m?[37m[INFO] 11:44:47,888 [Test worker] jvm.JdbcExecutor. - SELECT SEQUENCE_NAME FROM INFORMATION_SCHEMA.SEQUENCES WHERE SEQUENCE_SCHEMA = 'null' AND IS_GENERATED=FALSE {changeSet=migration/common.changelog-init.xml::1511451595465-1.1::R3.Corda, databaseChangeLog=master.changelog.json}
?[m?[37m[INFO] 11:44:47,888 [Test worker] jvm.JdbcExecutor. - SELECT SEQUENCE_NAME FROM INFORMATION_SCHEMA.SEQUENCES WHERE SEQUENCE_SCHEMA = 'PUBLIC' AND IS_GENERATED=FALSE {changeSet=migration/common.changelog-init.xml::1511451595465-1.1::R3.Corda, databaseChangeLog=master.changelog.json}
?[m?[37m[INFO] 11:44:47,888 [Test worker] jvm.JdbcExecutor. - CREATE SEQUENCE PUBLIC.hibernate_sequence {changeSet=migration/common.changelog-init.xml::1511451595465-1.1::R3.Corda, databaseChangeLog=master.changelog.json}
?[m?[37m[INFO] 11:44:47,889 [Test worker] changelog.ChangeSet. - Sequence hibernate_sequence created {changeSet=migration/common.changelog-init.xml::1511451595465-1.1::R3.Corda, databaseChangeLog=master.changelog.json}
?[m?[37m[INFO] 11:44:47,889 [Test worker] changelog.ChangeSet. - ChangeSet migration/common.changelog-init.xml::1511451595465-1.1::R3.Corda ran successfully in 1ms {changeSet=migration/common.changelog-init.xml::1511451595465-1.1::R3.Corda, databaseChangeLog=master.changelog.json}
?[m?[37m[INFO] 11:44:47,889 [Test worker] jvm.JdbcExecutor. - SELECT MAX(ORDEREXECUTED) FROM PUBLIC.DATABASECHANGELOG {changeSet=migration/common.changelog-init.xml::1511451595465-1.1::R3.Corda, databaseChangeLog=master.changelog.json}
?[m?[37m[INFO] 11:44:47,889 [Test worker] jvm.JdbcExecutor. - INSERT INTO PUBLIC.DATABASECHANGELOG (ID, AUTHOR, FILENAME, DATEEXECUTED, ORDEREXECUTED, MD5SUM, DESCRIPTION, COMMENTS, EXECTYPE, CONTEXTS, LABELS, LIQUIBASE, DEPLOYMENT_ID) VALUES ('1511451595465-1.1', 'R3.Corda', 'migration/common.changelog-init.xml', NOW(), 1, '8:9df4ee4464a4a10dfcf2717c73a52620', 'createSequence sequenceName=hibernate_sequence', '', 'EXECUTED', NULL, NULL, '3.6.3', '2067487881') {changeSet=migration/common.changelog-init.xml::1511451595465-1.1::R3.Corda, databaseChangeLog=master.changelog.json}
?[m?[37m[INFO] 11:44:47,889 [Test worker] jvm.JdbcExecutor. - CREATE TABLE PUBLIC.vault_fungible_states (output_index INT NOT NULL, transaction_id NVARCHAR(64) NOT NULL, issuer_name NVARCHAR(255), issuer_ref VARBINARY(512), owner_name NVARCHAR(255), quantity BIGINT) {changeSet=migration/vault-schema.changelog-init.xml::1511451595465-22::R3.Corda, databaseChangeLog=master.changelog.json}
?[m?[37m[INFO] 11:44:47,889 [Test worker] changelog.ChangeSet. - Table vault_fungible_states created {changeSet=migration/vault-schema.changelog-init.xml::1511451595465-22::R3.Corda, databaseChangeLog=master.changelog.json}
?[m?[37m[INFO] 11:44:47,889 [Test worker] changelog.ChangeSet. - ChangeSet migration/vault-schema.changelog-init.xml::1511451595465-22::R3.Corda ran successfully in 0ms {changeSet=migration/vault-schema.changelog-init.xml::1511451595465-22::R3.Corda, databaseChangeLog=master.changelog.json}
?[m?[37m[INFO] 11:44:47,890 [Test worker] jvm.JdbcExecutor. - INSERT INTO PUBLIC.DATABASECHANGELOG (ID, AUTHOR, FILENAME, DATEEXECUTED, ORDEREXECUTED, MD5SUM, DESCRIPTION, COMMENTS, EXECTYPE, CONTEXTS, LABELS, LIQUIBASE, DEPLOYMENT_ID) VALUES ('1511451595465-22', 'R3.Corda', 'migration/vault-schema.changelog-init.xml', NOW(), 2, '8:4ae481f11ac84744a4392bbfd533fa75', 'createTable tableName=vault_fungible_states', '', 'EXECUTED', NULL, NULL, '3.6.3', '2067487881') {changeSet=migration/vault-schema.changelog-init.xml::1511451595465-22::R3.Corda, databaseChangeLog=master.changelog.json}
?[m?[37m[INFO] 11:44:47,890 [Test worker] jvm.JdbcExecutor. - CREATE TABLE PUBLIC.vault_fungible_states_parts (output_index INT NOT NULL, transaction_id NVARCHAR(64) NOT NULL, participants NVARCHAR(255)) {changeSet=migration/vault-schema.changelog-init.xml::1511451595465-23::R3.Corda, databaseChangeLog=master.changelog.json}
?[m?[37m[INFO] 11:44:47,890 [Test worker] changelog.ChangeSet. - Table vault_fungible_states_parts created {changeSet=migration/vault-schema.changelog-init.xml::1511451595465-23::R3.Corda, databaseChangeLog=master.changelog.json}
?[m?[37m[INFO] 11:44:47,890 [Test worker] changelog.ChangeSet. - ChangeSet migration/vault-schema.changelog-init.xml::1511451595465-23::R3.Corda ran successfully in 0ms {changeSet=migration/vault-schema.changelog-init.xml::1511451595465-23::R3.Corda, databaseChangeLog=master.changelog.json}
?[m?[37m[INFO] 11:44:47,891 [Test worker] jvm.JdbcExecutor. - INSERT INTO PUBLIC.DATABASECHANGELOG (ID, AUTHOR, FILENAME, DATEEXECUTED, ORDEREXECUTED, MD5SUM, DESCRIPTION, COMMENTS, EXECTYPE, CONTEXTS, LABELS, LIQUIBASE, DEPLOYMENT_ID) VALUES ('1511451595465-23', 'R3.Corda', 'migration/vault-schema.changelog-init.xml', NOW(), 3, '8:3222255d3b2e04b9dfad42d9acab103e', 'createTable tableName=vault_fungible_states_parts', '', 'EXECUTED', NULL, NULL, '3.6.3', '2067487881') {changeSet=migration/vault-schema.changelog-init.xml::1511451595465-23::R3.Corda, databaseChangeLog=master.changelog.json}
?[m?[37m[INFO] 11:44:47,891 [Test worker] jvm.JdbcExecutor. - CREATE TABLE PUBLIC.vault_linear_states (output_index INT NOT NULL, transaction_id NVARCHAR(64) NOT NULL, external_id NVARCHAR(255), uuid VARCHAR(255) NOT NULL) {changeSet=migration/vault-schema.changelog-init.xml::1511451595465-24::R3.Corda, databaseChangeLog=master.changelog.json}
?[m?[37m[INFO] 11:44:47,891 [Test worker] changelog.ChangeSet. - Table vault_linear_states created {changeSet=migration/vault-schema.changelog-init.xml::1511451595465-24::R3.Corda, databaseChangeLog=master.changelog.json}
?[m?[37m[INFO] 11:44:47,891 [Test worker] changelog.ChangeSet. - ChangeSet migration/vault-schema.changelog-init.xml::1511451595465-24::R3.Corda ran successfully in 0ms {changeSet=migration/vault-schema.changelog-init.xml::1511451595465-24::R3.Corda, databaseChangeLog=master.changelog.json}
?[m?[37m[INFO] 11:44:47,892 [Test worker] jvm.JdbcExecutor. - INSERT INTO PUBLIC.DATABASECHANGELOG (ID, AUTHOR, FILENAME, DATEEXECUTED, ORDEREXECUTED, MD5SUM, DESCRIPTION, COMMENTS, EXECTYPE, CONTEXTS, LABELS, LIQUIBASE, DEPLOYMENT_ID) VALUES ('1511451595465-24', 'R3.Corda', 'migration/vault-schema.changelog-init.xml', NOW(), 4, '8:fb2c5b52213239424320d137dc22059b', 'createTable tableName=vault_linear_states', '', 'EXECUTED', NULL, NULL, '3.6.3', '2067487881') {changeSet=migration/vault-schema.changelog-init.xml::1511451595465-24::R3.Corda, databaseChangeLog=master.changelog.json}
?[m?[37m[INFO] 11:44:47,892 [Test worker] jvm.JdbcExecutor. - CREATE TABLE PUBLIC.vault_linear_states_parts (output_index INT NOT NULL, transaction_id NVARCHAR(64) NOT NULL, participants NVARCHAR(255)) {changeSet=migration/vault-schema.changelog-init.xml::1511451595465-25::R3.Corda, databaseChangeLog=master.changelog.json}
?[m?[37m[INFO] 11:44:47,892 [Test worker] changelog.ChangeSet. - Table vault_linear_states_parts created {changeSet=migration/vault-schema.changelog-init.xml::1511451595465-25::R3.Corda, databaseChangeLog=master.changelog.json}
?[m?[37m[INFO] 11:44:47,892 [Test worker] changelog.ChangeSet. - ChangeSet migration/vault-schema.changelog-init.xml::1511451595465-25::R3.Corda ran successfully in 0ms {changeSet=migration/vault-schema.changelog-init.xml::1511451595465-25::R3.Corda, databaseChangeLog=master.changelog.json}
?[m?[37m[INFO] 11:44:47,893 [Test worker] jvm.JdbcExecutor. - INSERT INTO PUBLIC.DATABASECHANGELOG (ID, AUTHOR, FILENAME, DATEEXECUTED, ORDEREXECUTED, MD5SUM, DESCRIPTION, COMMENTS, EXECTYPE, CONTEXTS, LABELS, LIQUIBASE, DEPLOYMENT_ID) VALUES ('1511451595465-25', 'R3.Corda', 'migration/vault-schema.changelog-init.xml', NOW(), 5, '8:ccb2ca1b37c0eeb2ac12506f17bc8ee0', 'createTable tableName=vault_linear_states_parts', '', 'EXECUTED', NULL, NULL, '3.6.3', '2067487881') {changeSet=migration/vault-schema.changelog-init.xml::1511451595465-25::R3.Corda, databaseChangeLog=master.changelog.json}
?[m?[37m[INFO] 11:44:47,893 [Test worker] jvm.JdbcExecutor. - CREATE TABLE PUBLIC.vault_states (output_index INT NOT NULL, transaction_id NVARCHAR(64) NOT NULL, consumed_timestamp TIMESTAMP, contract_state_class_name NVARCHAR(255), lock_id NVARCHAR(255), lock_timestamp TIMESTAMP, notary_name NVARCHAR(255), recorded_timestamp TIMESTAMP, state_status INT) {changeSet=migration/vault-schema.changelog-init.xml::1511451595465-26::R3.Corda, databaseChangeLog=master.changelog.json}
?[m?[37m[INFO] 11:44:47,893 [Test worker] changelog.ChangeSet. - Table vault_states created {changeSet=migration/vault-schema.changelog-init.xml::1511451595465-26::R3.Corda, databaseChangeLog=master.changelog.json}
?[m?[37m[INFO] 11:44:47,893 [Test worker] changelog.ChangeSet. - ChangeSet migration/vault-schema.changelog-init.xml::1511451595465-26::R3.Corda ran successfully in 0ms {changeSet=migration/vault-schema.changelog-init.xml::1511451595465-26::R3.Corda, databaseChangeLog=master.changelog.json}
?[m?[37m[INFO] 11:44:47,894 [Test worker] jvm.JdbcExecutor. - INSERT INTO PUBLIC.DATABASECHANGELOG (ID, AUTHOR, FILENAME, DATEEXECUTED, ORDEREXECUTED, MD5SUM, DESCRIPTION, COMMENTS, EXECTYPE, CONTEXTS, LABELS, LIQUIBASE, DEPLOYMENT_ID) VALUES ('1511451595465-26', 'R3.Corda', 'migration/vault-schema.changelog-init.xml', NOW(), 6, '8:971edadc2af9e847ed490f418530d40b', 'createTable tableName=vault_states', '', 'EXECUTED', NULL, NULL, '3.6.3', '2067487881') {changeSet=migration/vault-schema.changelog-init.xml::1511451595465-26::R3.Corda, databaseChangeLog=master.changelog.json}
?[m?[37m[INFO] 11:44:47,895 [Test worker] jvm.JdbcExecutor. - CREATE TABLE PUBLIC.vault_transaction_notes (seq_no INT NOT NULL, note NVARCHAR(255), transaction_id NVARCHAR(64)) {changeSet=migration/vault-schema.changelog-init.xml::1511451595465-27::R3.Corda, databaseChangeLog=master.changelog.json}
?[m?[37m[INFO] 11:44:47,895 [Test worker] changelog.ChangeSet. - Table vault_transaction_notes created {changeSet=migration/vault-schema.changelog-init.xml::1511451595465-27::R3.Corda, databaseChangeLog=master.changelog.json}
?[m?[37m[INFO] 11:44:47,895 [Test worker] changelog.ChangeSet. - ChangeSet migration/vault-schema.changelog-init.xml::1511451595465-27::R3.Corda ran successfully in 1ms {changeSet=migration/vault-schema.changelog-init.xml::1511451595465-27::R3.Corda, databaseChangeLog=master.changelog.json}
?[m?[37m[INFO] 11:44:47,896 [Test worker] jvm.JdbcExecutor. - INSERT INTO PUBLIC.DATABASECHANGELOG (ID, AUTHOR, FILENAME, DATEEXECUTED, ORDEREXECUTED, MD5SUM, DESCRIPTION, COMMENTS, EXECTYPE, CONTEXTS, LABELS, LIQUIBASE, DEPLOYMENT_ID) VALUES ('1511451595465-27', 'R3.Corda', 'migration/vault-schema.changelog-init.xml', NOW(), 7, '8:7a8064e58d100a02ed56e538122296e4', 'createTable tableName=vault_transaction_notes', '', 'EXECUTED', NULL, NULL, '3.6.3', '2067487881') {changeSet=migration/vault-schema.changelog-init.xml::1511451595465-27::R3.Corda, databaseChangeLog=master.changelog.json}
?[m?[37m[INFO] 11:44:47,896 [Test worker] jvm.JdbcExecutor. - ALTER TABLE PUBLIC.vault_fungible_states ADD CONSTRAINT vault_fungible_states_pkey PRIMARY KEY (output_index, transaction_id) {changeSet=migration/vault-schema.changelog-init.xml::1511451595465-47::R3.Corda, databaseChangeLog=master.changelog.json}
?[m?[37m[INFO] 11:44:47,897 [Test worker] changelog.ChangeSet. - Primary key added to vault_fungible_states (output_index, transaction_id) {changeSet=migration/vault-schema.changelog-init.xml::1511451595465-47::R3.Corda, databaseChangeLog=master.changelog.json}
?[m?[37m[INFO] 11:44:47,897 [Test worker] changelog.ChangeSet. - ChangeSet migration/vault-schema.changelog-init.xml::1511451595465-47::R3.Corda ran successfully in 1ms {changeSet=migration/vault-schema.changelog-init.xml::1511451595465-47::R3.Corda, databaseChangeLog=master.changelog.json}
?[m?[37m[INFO] 11:44:47,897 [Test worker] jvm.JdbcExecutor. - INSERT INTO PUBLIC.DATABASECHANGELOG (ID, AUTHOR, FILENAME, DATEEXECUTED, ORDEREXECUTED, MD5SUM, DESCRIPTION, COMMENTS, EXECTYPE, CONTEXTS, LABELS, LIQUIBASE, DEPLOYMENT_ID) VALUES ('1511451595465-47', 'R3.Corda', 'migration/vault-schema.changelog-init.xml', NOW(), 8, '8:4eddd48de14b69bdd265a4b0c438f070', 'addPrimaryKey constraintName=vault_fungible_states_pkey, tableName=vault_fungible_states', '', 'EXECUTED', NULL, NULL, '3.6.3', '2067487881') {changeSet=migration/vault-schema.changelog-init.xml::1511451595465-47::R3.Corda, databaseChangeLog=master.changelog.json}
?[m?[37m[INFO] 11:44:47,897 [Test worker] jvm.JdbcExecutor. - ALTER TABLE PUBLIC.vault_linear_states ADD CONSTRAINT vault_linear_states_pkey PRIMARY KEY (output_index, transaction_id) {changeSet=migration/vault-schema.changelog-init.xml::1511451595465-48::R3.Corda, databaseChangeLog=master.changelog.json}
?[m?[37m[INFO] 11:44:47,898 [Test worker] changelog.ChangeSet. - Primary key added to vault_linear_states (output_index, transaction_id) {changeSet=migration/vault-schema.changelog-init.xml::1511451595465-48::R3.Corda, databaseChangeLog=master.changelog.json}
?[m?[37m[INFO] 11:44:47,898 [Test worker] changelog.ChangeSet. - ChangeSet migration/vault-schema.changelog-init.xml::1511451595465-48::R3.Corda ran successfully in 1ms {changeSet=migration/vault-schema.changelog-init.xml::1511451595465-48::R3.Corda, databaseChangeLog=master.changelog.json}
?[m?[37m[INFO] 11:44:47,898 [Test worker] jvm.JdbcExecutor. - INSERT INTO PUBLIC.DATABASECHANGELOG (ID, AUTHOR, FILENAME, DATEEXECUTED, ORDEREXECUTED, MD5SUM, DESCRIPTION, COMMENTS, EXECTYPE, CONTEXTS, LABELS, LIQUIBASE, DEPLOYMENT_ID) VALUES ('1511451595465-48', 'R3.Corda', 'migration/vault-schema.changelog-init.xml', NOW(), 9, '8:3695c44ddebef2dde359dec253a5969a', 'addPrimaryKey constraintName=vault_linear_states_pkey, tableName=vault_linear_states', '', 'EXECUTED', NULL, NULL, '3.6.3', '2067487881') {changeSet=migration/vault-schema.changelog-init.xml::1511451595465-48::R3.Corda, databaseChangeLog=master.changelog.json}
?[m?[37m[INFO] 11:44:47,898 [Test worker] jvm.JdbcExecutor. - ALTER TABLE PUBLIC.vault_states ADD CONSTRAINT vault_states_pkey PRIMARY KEY (output_index, transaction_id) {changeSet=migration/vault-schema.changelog-init.xml::1511451595465-49::R3.Corda, databaseChangeLog=master.changelog.json}
?[m?[37m[INFO] 11:44:47,898 [Test worker] changelog.ChangeSet. - Primary key added to vault_states (output_index, transaction_id) {changeSet=migration/vault-schema.changelog-init.xml::1511451595465-49::R3.Corda, databaseChangeLog=master.changelog.json}
?[m?[37m[INFO] 11:44:47,898 [Test worker] changelog.ChangeSet. - ChangeSet migration/vault-schema.changelog-init.xml::1511451595465-49::R3.Corda ran successfully in 0ms {changeSet=migration/vault-schema.changelog-init.xml::1511451595465-49::R3.Corda, databaseChangeLog=master.changelog.json}
?[m?[37m[INFO] 11:44:47,898 [Test worker] jvm.JdbcExecutor. - INSERT INTO PUBLIC.DATABASECHANGELOG (ID, AUTHOR, FILENAME, DATEEXECUTED, ORDEREXECUTED, MD5SUM, DESCRIPTION, COMMENTS, EXECTYPE, CONTEXTS, LABELS, LIQUIBASE, DEPLOYMENT_ID) VALUES ('1511451595465-49', 'R3.Corda', 'migration/vault-schema.changelog-init.xml', NOW(), 10, '8:5d21dc3c09051ea30475250d25178892', 'addPrimaryKey constraintName=vault_states_pkey, tableName=vault_states', '', 'EXECUTED', NULL, NULL, '3.6.3', '2067487881') {changeSet=migration/vault-schema.changelog-init.xml::1511451595465-49::R3.Corda, databaseChangeLog=master.changelog.json}
?[m?[37m[INFO] 11:44:47,899 [Test worker] jvm.JdbcExecutor. - ALTER TABLE PUBLIC.vault_transaction_notes ADD CONSTRAINT vault_transaction_notes_pkey PRIMARY KEY (seq_no) {changeSet=migration/vault-schema.changelog-init.xml::1511451595465-50::R3.Corda, databaseChangeLog=master.changelog.json}
?[m?[37m[INFO] 11:44:47,899 [Test worker] changelog.ChangeSet. - Primary key added to vault_transaction_notes (seq_no) {changeSet=migration/vault-schema.changelog-init.xml::1511451595465-50::R3.Corda, databaseChangeLog=master.changelog.json}
?[m?[37m[INFO] 11:44:47,899 [Test worker] changelog.ChangeSet. - ChangeSet migration/vault-schema.changelog-init.xml::1511451595465-50::R3.Corda ran successfully in 1ms {changeSet=migration/vault-schema.changelog-init.xml::1511451595465-50::R3.Corda, databaseChangeLog=master.changelog.json}
?[m?[37m[INFO] 11:44:47,899 [Test worker] jvm.JdbcExecutor. - INSERT INTO PUBLIC.DATABASECHANGELOG (ID, AUTHOR, FILENAME, DATEEXECUTED, ORDEREXECUTED, MD5SUM, DESCRIPTION, COMMENTS, EXECTYPE, CONTEXTS, LABELS, LIQUIBASE, DEPLOYMENT_ID) VALUES ('1511451595465-50', 'R3.Corda', 'migration/vault-schema.changelog-init.xml', NOW(), 11, '8:2bf545e5d7593a3456708426c3686ebb', 'addPrimaryKey constraintName=vault_transaction_notes_pkey, tableName=vault_transaction_notes', '', 'EXECUTED', NULL, NULL, '3.6.3', '2067487881') {changeSet=migration/vault-schema.changelog-init.xml::1511451595465-50::R3.Corda, databaseChangeLog=master.changelog.json}
?[m?[37m[INFO] 11:44:47,899 [Test worker] jvm.JdbcExecutor. - CREATE INDEX PUBLIC.external_id_index ON PUBLIC.vault_linear_states(external_id) {changeSet=migration/vault-schema.changelog-init.xml::1511451595465-53::R3.Corda, databaseChangeLog=master.changelog.json}
?[m?[37m[INFO] 11:44:47,899 [Test worker] changelog.ChangeSet. - Index external_id_index created {changeSet=migration/vault-schema.changelog-init.xml::1511451595465-53::R3.Corda, databaseChangeLog=master.changelog.json}
?[m?[37m[INFO] 11:44:47,899 [Test worker] changelog.ChangeSet. - ChangeSet migration/vault-schema.changelog-init.xml::1511451595465-53::R3.Corda ran successfully in 0ms {changeSet=migration/vault-schema.changelog-init.xml::1511451595465-53::R3.Corda, databaseChangeLog=master.changelog.json}
?[m?[37m[INFO] 11:44:47,899 [Test worker] jvm.JdbcExecutor. - INSERT INTO PUBLIC.DATABASECHANGELOG (ID, AUTHOR, FILENAME, DATEEXECUTED, ORDEREXECUTED, MD5SUM, DESCRIPTION, COMMENTS, EXECTYPE, CONTEXTS, LABELS, LIQUIBASE, DEPLOYMENT_ID) VALUES ('1511451595465-53', 'R3.Corda', 'migration/vault-schema.changelog-init.xml', NOW(), 12, '8:b1272090dcd2325b0382f829ce13a1ff', 'createIndex indexName=external_id_index, tableName=vault_linear_states', '', 'EXECUTED', NULL, NULL, '3.6.3', '2067487881') {changeSet=migration/vault-schema.changelog-init.xml::1511451595465-53::R3.Corda, databaseChangeLog=master.changelog.json}
?[m?[37m[INFO] 11:44:47,899 [Test worker] jvm.JdbcExecutor. - CREATE INDEX PUBLIC.lock_id_idx ON PUBLIC.vault_states(lock_id, state_status) {changeSet=migration/vault-schema.changelog-init.xml::1511451595465-55::R3.Corda, databaseChangeLog=master.changelog.json}
?[m?[37m[INFO] 11:44:47,899 [Test worker] changelog.ChangeSet. - Index lock_id_idx created {changeSet=migration/vault-schema.changelog-init.xml::1511451595465-55::R3.Corda, databaseChangeLog=master.changelog.json}
?[m?[37m[INFO] 11:44:47,899 [Test worker] changelog.ChangeSet. - ChangeSet migration/vault-schema.changelog-init.xml::1511451595465-55::R3.Corda ran successfully in 0ms {changeSet=migration/vault-schema.changelog-init.xml::1511451595465-55::R3.Corda, databaseChangeLog=master.changelog.json}
?[m?[37m[INFO] 11:44:47,900 [Test worker] jvm.JdbcExecutor. - INSERT INTO PUBLIC.DATABASECHANGELOG (ID, AUTHOR, FILENAME, DATEEXECUTED, ORDEREXECUTED, MD5SUM, DESCRIPTION, COMMENTS, EXECTYPE, CONTEXTS, LABELS, LIQUIBASE, DEPLOYMENT_ID) VALUES ('1511451595465-55', 'R3.Corda', 'migration/vault-schema.changelog-init.xml', NOW(), 13, '8:0b77fbedaccc2eed4b8efd6fddf6581b', 'createIndex indexName=lock_id_idx, tableName=vault_states', '', 'EXECUTED', NULL, NULL, '3.6.3', '2067487881') {changeSet=migration/vault-schema.changelog-init.xml::1511451595465-55::R3.Corda, databaseChangeLog=master.changelog.json}
?[m?[37m[INFO] 11:44:47,900 [Test worker] jvm.JdbcExecutor. - CREATE INDEX PUBLIC.state_status_idx ON PUBLIC.vault_states(state_status) {changeSet=migration/vault-schema.changelog-init.xml::1511451595465-58::R3.Corda, databaseChangeLog=master.changelog.json}
?[m?[37m[INFO] 11:44:47,900 [Test worker] changelog.ChangeSet. - Index state_status_idx created {changeSet=migration/vault-schema.changelog-init.xml::1511451595465-58::R3.Corda, databaseChangeLog=master.changelog.json}
?[m?[37m[INFO] 11:44:47,900 [Test worker] changelog.ChangeSet. - ChangeSet migration/vault-schema.changelog-init.xml::1511451595465-58::R3.Corda ran successfully in 0ms {changeSet=migration/vault-schema.changelog-init.xml::1511451595465-58::R3.Corda, databaseChangeLog=master.changelog.json}
?[m?[37m[INFO] 11:44:47,900 [Test worker] jvm.JdbcExecutor. - INSERT INTO PUBLIC.DATABASECHANGELOG (ID, AUTHOR, FILENAME, DATEEXECUTED, ORDEREXECUTED, MD5SUM, DESCRIPTION, COMMENTS, EXECTYPE, CONTEXTS, LABELS, LIQUIBASE, DEPLOYMENT_ID) VALUES ('1511451595465-58', 'R3.Corda', 'migration/vault-schema.changelog-init.xml', NOW(), 14, '8:7a1bbb20835907728df143e4cc1bfc04', 'createIndex indexName=state_status_idx, tableName=vault_states', '', 'EXECUTED', NULL, NULL, '3.6.3', '2067487881') {changeSet=migration/vault-schema.changelog-init.xml::1511451595465-58::R3.Corda, databaseChangeLog=master.changelog.json}
?[m?[37m[INFO] 11:44:47,901 [Test worker] jvm.JdbcExecutor. - CREATE INDEX PUBLIC.transaction_id_index ON PUBLIC.vault_transaction_notes(transaction_id) {changeSet=migration/vault-schema.changelog-init.xml::1511451595465-59::R3.Corda, databaseChangeLog=master.changelog.json}
?[m?[37m[INFO] 11:44:47,901 [Test worker] changelog.ChangeSet. - Index transaction_id_index created {changeSet=migration/vault-schema.changelog-init.xml::1511451595465-59::R3.Corda, databaseChangeLog=master.changelog.json}
?[m?[37m[INFO] 11:44:47,901 [Test worker] changelog.ChangeSet. - ChangeSet migration/vault-schema.changelog-init.xml::1511451595465-59::R3.Corda ran successfully in 0ms {changeSet=migration/vault-schema.changelog-init.xml::1511451595465-59::R3.Corda, databaseChangeLog=master.changelog.json}
?[m?[37m[INFO] 11:44:47,902 [Test worker] jvm.JdbcExecutor. - INSERT INTO PUBLIC.DATABASECHANGELOG (ID, AUTHOR, FILENAME, DATEEXECUTED, ORDEREXECUTED, MD5SUM, DESCRIPTION, COMMENTS, EXECTYPE, CONTEXTS, LABELS, LIQUIBASE, DEPLOYMENT_ID) VALUES ('1511451595465-59', 'R3.Corda', 'migration/vault-schema.changelog-init.xml', NOW(), 15, '8:2bfe64cedfc8120dc219d42dc19d49f6', 'createIndex indexName=transaction_id_index, tableName=vault_transaction_notes', '', 'EXECUTED', NULL, NULL, '3.6.3', '2067487881') {changeSet=migration/vault-schema.changelog-init.xml::1511451595465-59::R3.Corda, databaseChangeLog=master.changelog.json}
?[m?[37m[INFO] 11:44:47,902 [Test worker] jvm.JdbcExecutor. - CREATE INDEX PUBLIC.uuid_index ON PUBLIC.vault_linear_states(uuid) {changeSet=migration/vault-schema.changelog-init.xml::1511451595465-60::R3.Corda, databaseChangeLog=master.changelog.json}
?[m?[37m[INFO] 11:44:47,903 [Test worker] changelog.ChangeSet. - Index uuid_index created {changeSet=migration/vault-schema.changelog-init.xml::1511451595465-60::R3.Corda, databaseChangeLog=master.changelog.json}
?[m?[37m[INFO] 11:44:47,903 [Test worker] changelog.ChangeSet. - ChangeSet migration/vault-schema.changelog-init.xml::1511451595465-60::R3.Corda ran successfully in 1ms {changeSet=migration/vault-schema.changelog-init.xml::1511451595465-60::R3.Corda, databaseChangeLog=master.changelog.json}
?[m?[37m[INFO] 11:44:47,903 [Test worker] jvm.JdbcExecutor. - INSERT INTO PUBLIC.DATABASECHANGELOG (ID, AUTHOR, FILENAME, DATEEXECUTED, ORDEREXECUTED, MD5SUM, DESCRIPTION, COMMENTS, EXECTYPE, CONTEXTS, LABELS, LIQUIBASE, DEPLOYMENT_ID) VALUES ('1511451595465-60', 'R3.Corda', 'migration/vault-schema.changelog-init.xml', NOW(), 16, '8:4cffb289ce33d922274cc829175a2a55', 'createIndex indexName=uuid_index, tableName=vault_linear_states', '', 'EXECUTED', NULL, NULL, '3.6.3', '2067487881') {changeSet=migration/vault-schema.changelog-init.xml::1511451595465-60::R3.Corda, databaseChangeLog=master.changelog.json}
?[m?[37m[INFO] 11:44:47,904 [Test worker] jvm.JdbcExecutor. - ALTER TABLE PUBLIC.vault_fungible_states_parts ADD CONSTRAINT FK__fung_st_parts__fung_st FOREIGN KEY (output_index, transaction_id) REFERENCES PUBLIC.vault_fungible_states (output_index, transaction_id) {changeSet=migration/vault-schema.changelog-init.xml::1511451595465-64::R3.Corda, databaseChangeLog=master.changelog.json}
?[m?[37m[INFO] 11:44:47,905 [Test worker] changelog.ChangeSet. - Foreign key constraint added to vault_fungible_states_parts (output_index,transaction_id) {changeSet=migration/vault-schema.changelog-init.xml::1511451595465-64::R3.Corda, databaseChangeLog=master.changelog.json}
?[m?[37m[INFO] 11:44:47,905 [Test worker] changelog.ChangeSet. - ChangeSet migration/vault-schema.changelog-init.xml::1511451595465-64::R3.Corda ran successfully in 1ms {changeSet=migration/vault-schema.changelog-init.xml::1511451595465-64::R3.Corda, databaseChangeLog=master.changelog.json}
?[m?[37m[INFO] 11:44:47,906 [Test worker] jvm.JdbcExecutor. - INSERT INTO PUBLIC.DATABASECHANGELOG (ID, AUTHOR, FILENAME, DATEEXECUTED, ORDEREXECUTED, MD5SUM, DESCRIPTION, COMMENTS, EXECTYPE, CONTEXTS, LABELS, LIQUIBASE, DEPLOYMENT_ID) VALUES ('1511451595465-64', 'R3.Corda', 'migration/vault-schema.changelog-init.xml', NOW(), 17, '8:1bde72346badbbe52e74b189ce1d079c', 'addForeignKeyConstraint baseTableName=vault_fungible_states_parts, constraintName=FK__fung_st_parts__fung_st, referencedTableName=vault_fungible_states', '', 'EXECUTED', NULL, NULL, '3.6.3', '2067487881') {changeSet=migration/vault-schema.changelog-init.xml::1511451595465-64::R3.Corda, databaseChangeLog=master.changelog.json}
?[m?[37m[INFO] 11:44:47,907 [Test worker] jvm.JdbcExecutor. - ALTER TABLE PUBLIC.vault_linear_states_parts ADD CONSTRAINT FK__lin_stat_parts__lin_stat FOREIGN KEY (output_index, transaction_id) REFERENCES PUBLIC.vault_linear_states (output_index, transaction_id) {changeSet=migration/vault-schema.changelog-init.xml::1511451595465-65::R3.Corda, databaseChangeLog=master.changelog.json}
?[m?[37m[INFO] 11:44:47,908 [Test worker] changelog.ChangeSet. - Foreign key constraint added to vault_linear_states_parts (output_index,transaction_id) {changeSet=migration/vault-schema.changelog-init.xml::1511451595465-65::R3.Corda, databaseChangeLog=master.changelog.json}
?[m?[37m[INFO] 11:44:47,908 [Test worker] changelog.ChangeSet. - ChangeSet migration/vault-schema.changelog-init.xml::1511451595465-65::R3.Corda ran successfully in 1ms {changeSet=migration/vault-schema.changelog-init.xml::1511451595465-65::R3.Corda, databaseChangeLog=master.changelog.json}
?[m?[37m[INFO] 11:44:47,909 [Test worker] jvm.JdbcExecutor. - INSERT INTO PUBLIC.DATABASECHANGELOG (ID, AUTHOR, FILENAME, DATEEXECUTED, ORDEREXECUTED, MD5SUM, DESCRIPTION, COMMENTS, EXECTYPE, CONTEXTS, LABELS, LIQUIBASE, DEPLOYMENT_ID) VALUES ('1511451595465-65', 'R3.Corda', 'migration/vault-schema.changelog-init.xml', NOW(), 18, '8:9a5d0106c45f631cb60a3e2f9542d2c2', 'addForeignKeyConstraint baseTableName=vault_linear_states_parts, constraintName=FK__lin_stat_parts__lin_stat, referencedTableName=vault_linear_states', '', 'EXECUTED', NULL, NULL, '3.6.3', '2067487881') {changeSet=migration/vault-schema.changelog-init.xml::1511451595465-65::R3.Corda, databaseChangeLog=master.changelog.json}
?[m?[37m[INFO] 11:44:47,909 [Test worker] jvm.JdbcExecutor. - DELETE FROM PUBLIC.vault_fungible_states_parts {changeSet=migration/vault-schema.changelog-v3.xml::clean_vault::R3.Corda, databaseChangeLog=master.changelog.json}
?[m?[37m[INFO] 11:44:47,909 [Test worker] changelog.ChangeSet. - Data deleted from vault_fungible_states_parts {changeSet=migration/vault-schema.changelog-v3.xml::clean_vault::R3.Corda, databaseChangeLog=master.changelog.json}
?[m?[37m[INFO] 11:44:47,909 [Test worker] jvm.JdbcExecutor. - DELETE FROM PUBLIC.vault_fungible_states {changeSet=migration/vault-schema.changelog-v3.xml::clean_vault::R3.Corda, databaseChangeLog=master.changelog.json}
?[m?[37m[INFO] 11:44:47,909 [Test worker] changelog.ChangeSet. - Data deleted from vault_fungible_states {changeSet=migration/vault-schema.changelog-v3.xml::clean_vault::R3.Corda, databaseChangeLog=master.changelog.json}
?[m?[37m[INFO] 11:44:47,909 [Test worker] jvm.JdbcExecutor. - DELETE FROM PUBLIC.vault_linear_states_parts {changeSet=migration/vault-schema.changelog-v3.xml::clean_vault::R3.Corda, databaseChangeLog=master.changelog.json}
?[m?[37m[INFO] 11:44:47,909 [Test worker] changelog.ChangeSet. - Data deleted from vault_linear_states_parts {changeSet=migration/vault-schema.changelog-v3.xml::clean_vault::R3.Corda, databaseChangeLog=master.changelog.json}
?[m?[37m[INFO] 11:44:47,909 [Test worker] jvm.JdbcExecutor. - DELETE FROM PUBLIC.vault_linear_states {changeSet=migration/vault-schema.changelog-v3.xml::clean_vault::R3.Corda, databaseChangeLog=master.changelog.json}
?[m?[37m[INFO] 11:44:47,909 [Test worker] changelog.ChangeSet. - Data deleted from vault_linear_states {changeSet=migration/vault-schema.changelog-v3.xml::clean_vault::R3.Corda, databaseChangeLog=master.changelog.json}
?[m?[37m[INFO] 11:44:47,909 [Test worker] jvm.JdbcExecutor. - DELETE FROM PUBLIC.vault_states {changeSet=migration/vault-schema.changelog-v3.xml::clean_vault::R3.Corda, databaseChangeLog=master.changelog.json}
?[m?[37m[INFO] 11:44:47,909 [Test worker] changelog.ChangeSet. - Data deleted from vault_states {changeSet=migration/vault-schema.changelog-v3.xml::clean_vault::R3.Corda, databaseChangeLog=master.changelog.json}
?[m?[37m[INFO] 11:44:47,909 [Test worker] jvm.JdbcExecutor. - DELETE FROM PUBLIC.vault_transaction_notes {changeSet=migration/vault-schema.changelog-v3.xml::clean_vault::R3.Corda, databaseChangeLog=master.changelog.json}
?[m?[37m[INFO] 11:44:47,909 [Test worker] changelog.ChangeSet. - Data deleted from vault_transaction_notes {changeSet=migration/vault-schema.changelog-v3.xml::clean_vault::R3.Corda, databaseChangeLog=master.changelog.json}
?[m?[37m[INFO] 11:44:47,909 [Test worker] changelog.ChangeSet. - ChangeSet migration/vault-schema.changelog-v3.xml::clean_vault::R3.Corda ran successfully in 0ms {changeSet=migration/vault-schema.changelog-v3.xml::clean_vault::R3.Corda, databaseChangeLog=master.changelog.json}
?[m?[37m[INFO] 11:44:47,909 [Test worker] jvm.JdbcExecutor. - INSERT INTO PUBLIC.DATABASECHANGELOG (ID, AUTHOR, FILENAME, DATEEXECUTED, ORDEREXECUTED, MD5SUM, DESCRIPTION, COMMENTS, EXECTYPE, CONTEXTS, LABELS, LIQUIBASE, DEPLOYMENT_ID) VALUES ('clean_vault', 'R3.Corda', 'migration/vault-schema.changelog-v3.xml', NOW(), 19, '8:0701d37bf9b322ada2323cea6db9393c', 'delete tableName=vault_fungible_states_parts; delete tableName=vault_fungible_states; delete tableName=vault_linear_states_parts; delete tableName=vault_linear_states; delete tableName=vault_states; delete tableName=vault_transaction_notes', '', 'EXECUTED', NULL, NULL, '3.6.3', '2067487881') {changeSet=migration/vault-schema.changelog-v3.xml::clean_vault::R3.Corda, databaseChangeLog=master.changelog.json}
?[m?[37m[INFO] 11:44:47,910 [Test worker] jvm.JdbcExecutor. - ALTER TABLE PUBLIC.vault_fungible_states ALTER COLUMN quantity SET NOT NULL {changeSet=migration/vault-schema.changelog-v4.xml::nullability::R3.Corda, databaseChangeLog=master.changelog.json}
?[m?[37m[INFO] 11:44:47,910 [Test worker] changelog.ChangeSet. - NOT NULL constraint has been added to vault_fungible_states.quantity {changeSet=migration/vault-schema.changelog-v4.xml::nullability::R3.Corda, databaseChangeLog=master.changelog.json}
?[m?[37m[INFO] 11:44:47,910 [Test worker] jvm.JdbcExecutor. - ALTER TABLE PUBLIC.vault_states ALTER COLUMN contract_state_class_name SET NOT NULL {changeSet=migration/vault-schema.changelog-v4.xml::nullability::R3.Corda, databaseChangeLog=master.changelog.json}
?[m?[37m[INFO] 11:44:47,910 [Test worker] changelog.ChangeSet. - NOT NULL constraint has been added to vault_states.contract_state_class_name {changeSet=migration/vault-schema.changelog-v4.xml::nullability::R3.Corda, databaseChangeLog=master.changelog.json}
?[m?[37m[INFO] 11:44:47,910 [Test worker] jvm.JdbcExecutor. - ALTER TABLE PUBLIC.vault_states ALTER COLUMN notary_name SET NOT NULL {changeSet=migration/vault-schema.changelog-v4.xml::nullability::R3.Corda, databaseChangeLog=master.changelog.json}
?[m?[37m[INFO] 11:44:47,910 [Test worker] changelog.ChangeSet. - NOT NULL constraint has been added to vault_states.notary_name {changeSet=migration/vault-schema.changelog-v4.xml::nullability::R3.Corda, databaseChangeLog=master.changelog.json}
?[m?[37m[INFO] 11:44:47,910 [Test worker] jvm.JdbcExecutor. - ALTER TABLE PUBLIC.vault_states ALTER COLUMN recorded_timestamp SET NOT NULL {changeSet=migration/vault-schema.changelog-v4.xml::nullability::R3.Corda, databaseChangeLog=master.changelog.json}
?[m?[37m[INFO] 11:44:47,910 [Test worker] changelog.ChangeSet. - NOT NULL constraint has been added to vault_states.recorded_timestamp {changeSet=migration/vault-schema.changelog-v4.xml::nullability::R3.Corda, databaseChangeLog=master.changelog.json}
?[m?[37m[INFO] 11:44:47,910 [Test worker] jvm.JdbcExecutor. - DROP INDEX PUBLIC.state_status_idx {changeSet=migration/vault-schema.changelog-v4.xml::nullability::R3.Corda, databaseChangeLog=master.changelog.json}
?[m?[37m[INFO] 11:44:47,910 [Test worker] changelog.ChangeSet. - Index state_status_idx dropped from table vault_states {changeSet=migration/vault-schema.changelog-v4.xml::nullability::R3.Corda, databaseChangeLog=master.changelog.json}
?[m?[37m[INFO] 11:44:47,910 [Test worker] jvm.JdbcExecutor. - DROP INDEX PUBLIC.lock_id_idx {changeSet=migration/vault-schema.changelog-v4.xml::nullability::R3.Corda, databaseChangeLog=master.changelog.json}
?[m?[37m[INFO] 11:44:47,910 [Test worker] changelog.ChangeSet. - Index lock_id_idx dropped from table vault_states {changeSet=migration/vault-schema.changelog-v4.xml::nullability::R3.Corda, databaseChangeLog=master.changelog.json}
?[m?[37m[INFO] 11:44:47,910 [Test worker] jvm.JdbcExecutor. - ALTER TABLE PUBLIC.vault_states ALTER COLUMN state_status SET NOT NULL {changeSet=migration/vault-schema.changelog-v4.xml::nullability::R3.Corda, databaseChangeLog=master.changelog.json}
?[m?[37m[INFO] 11:44:47,910 [Test worker] changelog.ChangeSet. - NOT NULL constraint has been added to vault_states.state_status {changeSet=migration/vault-schema.changelog-v4.xml::nullability::R3.Corda, databaseChangeLog=master.changelog.json}
?[m?[37m[INFO] 11:44:47,910 [Test worker] jvm.JdbcExecutor. - CREATE INDEX PUBLIC.state_status_idx ON PUBLIC.vault_states(state_status) {changeSet=migration/vault-schema.changelog-v4.xml::nullability::R3.Corda, databaseChangeLog=master.changelog.json}
?[m?[37m[INFO] 11:44:47,910 [Test worker] changelog.ChangeSet. - Index state_status_idx created {changeSet=migration/vault-schema.changelog-v4.xml::nullability::R3.Corda, databaseChangeLog=master.changelog.json}
?[m?[37m[INFO] 11:44:47,910 [Test worker] jvm.JdbcExecutor. - CREATE INDEX PUBLIC.lock_id_idx ON PUBLIC.vault_states(lock_id, state_status) {changeSet=migration/vault-schema.changelog-v4.xml::nullability::R3.Corda, databaseChangeLog=master.changelog.json}
?[m?[37m[INFO] 11:44:47,910 [Test worker] changelog.ChangeSet. - Index lock_id_idx created {changeSet=migration/vault-schema.changelog-v4.xml::nullability::R3.Corda, databaseChangeLog=master.changelog.json}
?[m?[37m[INFO] 11:44:47,911 [Test worker] jvm.JdbcExecutor. - DROP INDEX PUBLIC.transaction_id_index {changeSet=migration/vault-schema.changelog-v4.xml::nullability::R3.Corda, databaseChangeLog=master.changelog.json}
?[m?[37m[INFO] 11:44:47,911 [Test worker] changelog.ChangeSet. - Index transaction_id_index dropped from table vault_transaction_notes {changeSet=migration/vault-schema.changelog-v4.xml::nullability::R3.Corda, databaseChangeLog=master.changelog.json}
?[m?[37m[INFO] 11:44:47,911 [Test worker] jvm.JdbcExecutor. - ALTER TABLE PUBLIC.vault_transaction_notes ALTER COLUMN note SET NOT NULL {changeSet=migration/vault-schema.changelog-v4.xml::nullability::R3.Corda, databaseChangeLog=master.changelog.json}
?[m?[37m[INFO] 11:44:47,911 [Test worker] changelog.ChangeSet. - NOT NULL constraint has been added to vault_transaction_notes.note {changeSet=migration/vault-schema.changelog-v4.xml::nullability::R3.Corda, databaseChangeLog=master.changelog.json}
?[m?[37m[INFO] 11:44:47,911 [Test worker] jvm.JdbcExecutor. - ALTER TABLE PUBLIC.vault_transaction_notes ALTER COLUMN transaction_id SET NOT NULL {changeSet=migration/vault-schema.changelog-v4.xml::nullability::R3.Corda, databaseChangeLog=master.changelog.json}
?[m?[37m[INFO] 11:44:47,911 [Test worker] changelog.ChangeSet. - NOT NULL constraint has been added to vault_transaction_notes.transaction_id {changeSet=migration/vault-schema.changelog-v4.xml::nullability::R3.Corda, databaseChangeLog=master.changelog.json}
?[m?[37m[INFO] 11:44:47,911 [Test worker] jvm.JdbcExecutor. - CREATE INDEX PUBLIC.transaction_id_index ON PUBLIC.vault_transaction_notes(transaction_id) {changeSet=migration/vault-schema.changelog-v4.xml::nullability::R3.Corda, databaseChangeLog=master.changelog.json}
?[m?[37m[INFO] 11:44:47,911 [Test worker] changelog.ChangeSet. - Index transaction_id_index created {changeSet=migration/vault-schema.changelog-v4.xml::nullability::R3.Corda, databaseChangeLog=master.changelog.json}
?[m?[37m[INFO] 11:44:47,911 [Test worker] changelog.ChangeSet. - ChangeSet migration/vault-schema.changelog-v4.xml::nullability::R3.Corda ran successfully in 1ms {changeSet=migration/vault-schema.changelog-v4.xml::nullability::R3.Corda, databaseChangeLog=master.changelog.json}
?[m?[37m[INFO] 11:44:47,911 [Test worker] jvm.JdbcExecutor. - INSERT INTO PUBLIC.DATABASECHANGELOG (ID, AUTHOR, FILENAME, DATEEXECUTED, ORDEREXECUTED, MD5SUM, DESCRIPTION, COMMENTS, EXECTYPE, CONTEXTS, LABELS, LIQUIBASE, DEPLOYMENT_ID) VALUES ('nullability', 'R3.Corda', 'migration/vault-schema.changelog-v4.xml', NOW(), 20, '8:853fd1e24b974ff22712322ebb2860bf', 'addNotNullConstraint columnName=quantity, tableName=vault_fungible_states; addNotNullConstraint columnName=contract_state_class_name, tableName=vault_states; addNotNullConstraint columnName=notary_name, tableName=vault_states; addNotNullConstraint...', '', 'EXECUTED', NULL, NULL, '3.6.3', '2067487881') {changeSet=migration/vault-schema.changelog-v4.xml::nullability::R3.Corda, databaseChangeLog=master.changelog.json}
?[m?[37m[INFO] 11:44:47,913 [Test worker] jvm.JdbcExecutor. - INSERT INTO PUBLIC.DATABASECHANGELOG (ID, AUTHOR, FILENAME, DATEEXECUTED, ORDEREXECUTED, MD5SUM, DESCRIPTION, COMMENTS, EXECTYPE, CONTEXTS, LABELS, LIQUIBASE, DEPLOYMENT_ID) VALUES ('non-clustered_pk-11', 'R3.Corda', 'migration/vault-schema.changelog-pkey.xml', NOW(), 21, '8:7fca5375330f0b3b62de65b84274dd6e', 'dropForeignKeyConstraint baseTableName=vault_fungible_states_parts, constraintName=FK__fung_st_parts__fung_st; dropPrimaryKey constraintName=vault_fungible_states_pkey, tableName=vault_fungible_states; addPrimaryKey constraintName=vault_fungible_s...', '', 'MARK_RAN', NULL, NULL, '3.6.3', '2067487881') {changeSet=migration/vault-schema.changelog-pkey.xml::non-clustered_pk-11::R3.Corda, databaseChangeLog=master.changelog.json}
?[m?[37m[INFO] 11:44:47,915 [Test worker] jvm.JdbcExecutor. - INSERT INTO PUBLIC.DATABASECHANGELOG (ID, AUTHOR, FILENAME, DATEEXECUTED, ORDEREXECUTED, MD5SUM, DESCRIPTION, COMMENTS, EXECTYPE, CONTEXTS, LABELS, LIQUIBASE, DEPLOYMENT_ID) VALUES ('non-clustered_pk-12', 'R3.Corda', 'migration/vault-schema.changelog-pkey.xml', NOW(), 22, '8:8469058af292b08d108fcf1b3eb8fca4', 'dropForeignKeyConstraint baseTableName=vault_linear_states_parts, constraintName=FK__lin_stat_parts__lin_stat; dropPrimaryKey constraintName=vault_linear_states_pkey, tableName=vault_linear_states; addPrimaryKey constraintName=vault_linear_states_...', '', 'MARK_RAN', NULL, NULL, '3.6.3', '2067487881') {changeSet=migration/vault-schema.changelog-pkey.xml::non-clustered_pk-12::R3.Corda, databaseChangeLog=master.changelog.json}
?[m?[37m[INFO] 11:44:47,916 [Test worker] jvm.JdbcExecutor. - INSERT INTO PUBLIC.DATABASECHANGELOG (ID, AUTHOR, FILENAME, DATEEXECUTED, ORDEREXECUTED, MD5SUM, DESCRIPTION, COMMENTS, EXECTYPE, CONTEXTS, LABELS, LIQUIBASE, DEPLOYMENT_ID) VALUES ('non-clustered_pk-13', 'R3.Corda', 'migration/vault-schema.changelog-pkey.xml', NOW(), 23, '8:e0ccce8941c28a45870d60f5bf54cd50', 'dropPrimaryKey constraintName=vault_states_pkey, tableName=vault_states; addPrimaryKey constraintName=vault_states_pkey, tableName=vault_states', '', 'MARK_RAN', NULL, NULL, '3.6.3', '2067487881') {changeSet=migration/vault-schema.changelog-pkey.xml::non-clustered_pk-13::R3.Corda, databaseChangeLog=master.changelog.json}
?[m?[37m[INFO] 11:44:47,917 [Test worker] jvm.JdbcExecutor. - ALTER TABLE PUBLIC.vault_states ADD relevancy_status INT {changeSet=migration/vault-schema.changelog-v5.xml::add_relevancy_status_column::R3.Corda, databaseChangeLog=master.changelog.json}
?[m?[37m[INFO] 11:44:47,917 [Test worker] changelog.ChangeSet. - Columns relevancy_status(INT) added to vault_states {changeSet=migration/vault-schema.changelog-v5.xml::add_relevancy_status_column::R3.Corda, databaseChangeLog=master.changelog.json}
?[m?[37m[INFO] 11:44:47,917 [Test worker] jvm.JdbcExecutor. - UPDATE PUBLIC.vault_states SET relevancy_status = 0 {changeSet=migration/vault-schema.changelog-v5.xml::add_relevancy_status_column::R3.Corda, databaseChangeLog=master.changelog.json}
?[m?[37m[INFO] 11:44:47,917 [Test worker] changelog.ChangeSet. - Data updated in vault_states {changeSet=migration/vault-schema.changelog-v5.xml::add_relevancy_status_column::R3.Corda, databaseChangeLog=master.changelog.json}
?[m?[37m[INFO] 11:44:47,918 [Test worker] jvm.JdbcExecutor. - ALTER TABLE PUBLIC.vault_states ALTER COLUMN relevancy_status SET NOT NULL {changeSet=migration/vault-schema.changelog-v5.xml::add_relevancy_status_column::R3.Corda, databaseChangeLog=master.changelog.json}
?[m?[37m[INFO] 11:44:47,918 [Test worker] changelog.ChangeSet. - NOT NULL constraint has been added to vault_states.relevancy_status {changeSet=migration/vault-schema.changelog-v5.xml::add_relevancy_status_column::R3.Corda, databaseChangeLog=master.changelog.json}
?[m?[37m[INFO] 11:44:47,918 [Test worker] changelog.ChangeSet. - ChangeSet migration/vault-schema.changelog-v5.xml::add_relevancy_status_column::R3.Corda ran successfully in 2ms {changeSet=migration/vault-schema.changelog-v5.xml::add_relevancy_status_column::R3.Corda, databaseChangeLog=master.changelog.json}
?[m?[37m[INFO] 11:44:47,919 [Test worker] jvm.JdbcExecutor. - INSERT INTO PUBLIC.DATABASECHANGELOG (ID, AUTHOR, FILENAME, DATEEXECUTED, ORDEREXECUTED, MD5SUM, DESCRIPTION, COMMENTS, EXECTYPE, CONTEXTS, LABELS, LIQUIBASE, DEPLOYMENT_ID) VALUES ('add_relevancy_status_column', 'R3.Corda', 'migration/vault-schema.changelog-v5.xml', NOW(), 24, '8:93c5dcaf00387d4d643def4355a54b56', 'addColumn tableName=vault_states; update tableName=vault_states; addNotNullConstraint columnName=relevancy_status, tableName=vault_states', '', 'EXECUTED', NULL, NULL, '3.6.3', '2067487881') {changeSet=migration/vault-schema.changelog-v5.xml::add_relevancy_status_column::R3.Corda, databaseChangeLog=master.changelog.json}
?[m?[37m[INFO] 11:44:47,920 [Test worker] jvm.JdbcExecutor. - ALTER TABLE PUBLIC.vault_states ADD constraint_type INT DEFAULT '0' NOT NULL {changeSet=migration/vault-schema.changelog-v6.xml::add_is_constraint_information_columns::R3.Corda, databaseChangeLog=master.changelog.json}
?[m?[37m[INFO] 11:44:47,921 [Test worker] changelog.ChangeSet. - Columns constraint_type(INT) added to vault_states {changeSet=migration/vault-schema.changelog-v6.xml::add_is_constraint_information_columns::R3.Corda, databaseChangeLog=master.changelog.json}
?[m?[37m[INFO] 11:44:47,921 [Test worker] jvm.JdbcExecutor. - ALTER TABLE PUBLIC.vault_states ADD constraint_data VARBINARY(563) {changeSet=migration/vault-schema.changelog-v6.xml::add_is_constraint_information_columns::R3.Corda, databaseChangeLog=master.changelog.json}
?[m?[37m[INFO] 11:44:47,923 [Test worker] changelog.ChangeSet. - Columns constraint_data(varbinary(563)) added to vault_states {changeSet=migration/vault-schema.changelog-v6.xml::add_is_constraint_information_columns::R3.Corda, databaseChangeLog=master.changelog.json}
?[m?[37m[INFO] 11:44:47,923 [Test worker] changelog.ChangeSet. - ChangeSet migration/vault-schema.changelog-v6.xml::add_is_constraint_information_columns::R3.Corda ran successfully in 4ms {changeSet=migration/vault-schema.changelog-v6.xml::add_is_constraint_information_columns::R3.Corda, databaseChangeLog=master.changelog.json}
?[m?[37m[INFO] 11:44:47,924 [Test worker] jvm.JdbcExecutor. - INSERT INTO PUBLIC.DATABASECHANGELOG (ID, AUTHOR, FILENAME, DATEEXECUTED, ORDEREXECUTED, MD5SUM, DESCRIPTION, COMMENTS, EXECTYPE, CONTEXTS, LABELS, LIQUIBASE, DEPLOYMENT_ID) VALUES ('add_is_constraint_information_columns', 'R3.Corda', 'migration/vault-schema.changelog-v6.xml', NOW(), 25, '8:acf60bd84f648e157d402de8f8e22f3a', 'addColumn tableName=vault_states; addColumn tableName=vault_states', '', 'EXECUTED', NULL, NULL, '3.6.3', '2067487881') {changeSet=migration/vault-schema.changelog-v6.xml::add_is_constraint_information_columns::R3.Corda, databaseChangeLog=master.changelog.json}
?[m?[37m[INFO] 11:44:47,924 [Test worker] jvm.JdbcExecutor. - ALTER TABLE PUBLIC.vault_fungible_states ALTER COLUMN issuer_ref SET NULL {changeSet=migration/vault-schema.changelog-v7.xml::make_issuer_ref_nullable::R3.Corda, databaseChangeLog=master.changelog.json}
?[m?[37m[INFO] 11:44:47,924 [Test worker] changelog.ChangeSet. - Null constraint dropped from vault_fungible_states.issuer_ref {changeSet=migration/vault-schema.changelog-v7.xml::make_issuer_ref_nullable::R3.Corda, databaseChangeLog=master.changelog.json}
?[m?[37m[INFO] 11:44:47,924 [Test worker] changelog.ChangeSet. - ChangeSet migration/vault-schema.changelog-v7.xml::make_issuer_ref_nullable::R3.Corda ran successfully in 0ms {changeSet=migration/vault-schema.changelog-v7.xml::make_issuer_ref_nullable::R3.Corda, databaseChangeLog=master.changelog.json}
?[m?[37m[INFO] 11:44:47,925 [Test worker] jvm.JdbcExecutor. - INSERT INTO PUBLIC.DATABASECHANGELOG (ID, AUTHOR, FILENAME, DATEEXECUTED, ORDEREXECUTED, MD5SUM, DESCRIPTION, COMMENTS, EXECTYPE, CONTEXTS, LABELS, LIQUIBASE, DEPLOYMENT_ID) VALUES ('make_issuer_ref_nullable', 'R3.Corda', 'migration/vault-schema.changelog-v7.xml', NOW(), 26, '8:58039722b4808e90a7711d3c82e5fc95', 'dropNotNullConstraint columnName=issuer_ref, tableName=vault_fungible_states', '', 'EXECUTED', NULL, NULL, '3.6.3', '2067487881') {changeSet=migration/vault-schema.changelog-v7.xml::make_issuer_ref_nullable::R3.Corda, databaseChangeLog=master.changelog.json}
?[m?[37m[INFO] 11:44:47,925 [Test worker] jvm.JdbcExecutor. - CREATE TABLE PUBLIC.state_party (output_index INT, transaction_id NVARCHAR(64), public_key_hash NVARCHAR(255) NOT NULL, x500_name NVARCHAR(255)) {changeSet=migration/vault-schema.changelog-v8.xml::create-external-id-to-state-party-view::R3.Corda, databaseChangeLog=master.changelog.json}
?[m?[37m[INFO] 11:44:47,926 [Test worker] changelog.ChangeSet. - Table state_party created {changeSet=migration/vault-schema.changelog-v8.xml::create-external-id-to-state-party-view::R3.Corda, databaseChangeLog=master.changelog.json}
?[m?[37m[INFO] 11:44:47,926 [Test worker] jvm.JdbcExecutor. - CREATE INDEX PUBLIC.state_pk_hash_idx ON PUBLIC.state_party(public_key_hash) {changeSet=migration/vault-schema.changelog-v8.xml::create-external-id-to-state-party-view::R3.Corda, databaseChangeLog=master.changelog.json}
?[m?[37m[INFO] 11:44:47,926 [Test worker] changelog.ChangeSet. - Index state_pk_hash_idx created {changeSet=migration/vault-schema.changelog-v8.xml::create-external-id-to-state-party-view::R3.Corda, databaseChangeLog=master.changelog.json}
?[m?[37m[INFO] 11:44:47,926 [Test worker] jvm.JdbcExecutor. - CREATE TABLE PUBLIC.pk_hash_to_ext_id_map (id BIGINT NOT NULL, external_id VARCHAR(255) NOT NULL, public_key_hash NVARCHAR(255) NOT NULL) {changeSet=migration/vault-schema.changelog-v8.xml::create-external-id-to-state-party-view::R3.Corda, databaseChangeLog=master.changelog.json}
?[m?[37m[INFO] 11:44:47,926 [Test worker] changelog.ChangeSet. - Table pk_hash_to_ext_id_map created {changeSet=migration/vault-schema.changelog-v8.xml::create-external-id-to-state-party-view::R3.Corda, databaseChangeLog=master.changelog.json}
?[m?[37m[INFO] 11:44:47,926 [Test worker] jvm.JdbcExecutor. - CREATE INDEX PUBLIC.pk_hash_to_xid_idx ON PUBLIC.pk_hash_to_ext_id_map(public_key_hash) {changeSet=migration/vault-schema.changelog-v8.xml::create-external-id-to-state-party-view::R3.Corda, databaseChangeLog=master.changelog.json}
?[m?[37m[INFO] 11:44:47,926 [Test worker] changelog.ChangeSet. - Index pk_hash_to_xid_idx created {changeSet=migration/vault-schema.changelog-v8.xml::create-external-id-to-state-party-view::R3.Corda, databaseChangeLog=master.changelog.json}
?[m?[37m[INFO] 11:44:47,926 [Test worker] jvm.JdbcExecutor. - CREATE VIEW PUBLIC.v_pkey_hash_ex_id_map AS select
                state_party.public_key_hash,
                state_party.transaction_id,
                state_party.output_index,
                pk_hash_to_ext_id_map.external_id
            from state_party
            join pk_hash_to_ext_id_map
            on state_party.public_key_hash = pk_hash_to_ext_id_map.public_key_hash {changeSet=migration/vault-schema.changelog-v8.xml::create-external-id-to-state-party-view::R3.Corda, databaseChangeLog=master.changelog.json}
?[m?[37m[INFO] 11:44:47,926 [Test worker] changelog.ChangeSet. - View v_pkey_hash_ex_id_map created {changeSet=migration/vault-schema.changelog-v8.xml::create-external-id-to-state-party-view::R3.Corda, databaseChangeLog=master.changelog.json}
?[m?[37m[INFO] 11:44:47,926 [Test worker] changelog.ChangeSet. - ChangeSet migration/vault-schema.changelog-v8.xml::create-external-id-to-state-party-view::R3.Corda ran successfully in 1ms {changeSet=migration/vault-schema.changelog-v8.xml::create-external-id-to-state-party-view::R3.Corda, databaseChangeLog=master.changelog.json}
?[m?[37m[INFO] 11:44:47,927 [Test worker] jvm.JdbcExecutor. - INSERT INTO PUBLIC.DATABASECHANGELOG (ID, AUTHOR, FILENAME, DATEEXECUTED, ORDEREXECUTED, MD5SUM, DESCRIPTION, COMMENTS, EXECTYPE, CONTEXTS, LABELS, LIQUIBASE, DEPLOYMENT_ID) VALUES ('create-external-id-to-state-party-view', 'R3.Corda', 'migration/vault-schema.changelog-v8.xml', NOW(), 27, '8:9a5b20f7b7367bb3b86f600bccaa423b', 'createTable tableName=state_party; createIndex indexName=state_pk_hash_idx, tableName=state_party; createTable tableName=pk_hash_to_ext_id_map; createIndex indexName=pk_hash_to_xid_idx, tableName=pk_hash_to_ext_id_map; createView viewName=v_pkey_h...', '', 'EXECUTED', NULL, NULL, '3.6.3', '2067487881') {changeSet=migration/vault-schema.changelog-v8.xml::create-external-id-to-state-party-view::R3.Corda, databaseChangeLog=master.changelog.json}
?[m?[37m[INFO] 11:44:47,927 [Test worker] jvm.JdbcExecutor. - ALTER TABLE PUBLIC.vault_states ALTER COLUMN constraint_data VARBINARY(20000) {changeSet=migration/vault-schema.changelog-v11.xml::expand_constraint_data_size::R3.Corda, databaseChangeLog=master.changelog.json}
?[m?[37m[INFO] 11:44:47,928 [Test worker] changelog.ChangeSet. - vault_states.constraint_data datatype was changed to varbinary(20000) {changeSet=migration/vault-schema.changelog-v11.xml::expand_constraint_data_size::R3.Corda, databaseChangeLog=master.changelog.json}
?[m?[37m[INFO] 11:44:47,928 [Test worker] changelog.ChangeSet. - ChangeSet migration/vault-schema.changelog-v11.xml::expand_constraint_data_size::R3.Corda ran successfully in 1ms {changeSet=migration/vault-schema.changelog-v11.xml::expand_constraint_data_size::R3.Corda, databaseChangeLog=master.changelog.json}
?[m?[37m[INFO] 11:44:47,928 [Test worker] jvm.JdbcExecutor. - INSERT INTO PUBLIC.DATABASECHANGELOG (ID, AUTHOR, FILENAME, DATEEXECUTED, ORDEREXECUTED, MD5SUM, DESCRIPTION, COMMENTS, EXECTYPE, CONTEXTS, LABELS, LIQUIBASE, DEPLOYMENT_ID) VALUES ('expand_constraint_data_size', 'R3.Corda', 'migration/vault-schema.changelog-v11.xml', NOW(), 28, '8:0bd51f3d930d4b03d7b1075454bb2d70', 'modifyDataType columnName=constraint_data, tableName=vault_states', '', 'EXECUTED', NULL, NULL, '3.6.3', '2067487881') {changeSet=migration/vault-schema.changelog-v11.xml::expand_constraint_data_size::R3.Corda, databaseChangeLog=master.changelog.json}
?[m?[37m[INFO] 11:44:47,929 [Test worker] jvm.JdbcExecutor. - CREATE TABLE PUBLIC.node_link_nodeinfo_party (node_info_id INT NOT NULL, party_name NVARCHAR(255) NOT NULL) {changeSet=migration/node-info.changelog-init.xml::1511451595465-4::R3.Corda, databaseChangeLog=master.changelog.json}
?[m?[37m[INFO] 11:44:47,929 [Test worker] changelog.ChangeSet. - Table node_link_nodeinfo_party created {changeSet=migration/node-info.changelog-init.xml::1511451595465-4::R3.Corda, databaseChangeLog=master.changelog.json}
?[m?[37m[INFO] 11:44:47,929 [Test worker] changelog.ChangeSet. - ChangeSet migration/node-info.changelog-init.xml::1511451595465-4::R3.Corda ran successfully in 0ms {changeSet=migration/node-info.changelog-init.xml::1511451595465-4::R3.Corda, databaseChangeLog=master.changelog.json}
?[m?[37m[INFO] 11:44:47,930 [Test worker] jvm.JdbcExecutor. - INSERT INTO PUBLIC.DATABASECHANGELOG (ID, AUTHOR, FILENAME, DATEEXECUTED, ORDEREXECUTED, MD5SUM, DESCRIPTION, COMMENTS, EXECTYPE, CONTEXTS, LABELS, LIQUIBASE, DEPLOYMENT_ID) VALUES ('1511451595465-4', 'R3.Corda', 'migration/node-info.changelog-init.xml', NOW(), 29, '8:cbf3edf78266c3bd22738eaf20c7c111', 'createTable tableName=node_link_nodeinfo_party', '', 'EXECUTED', NULL, NULL, '3.6.3', '2067487881') {changeSet=migration/node-info.changelog-init.xml::1511451595465-4::R3.Corda, databaseChangeLog=master.changelog.json}
?[m?[37m[INFO] 11:44:47,931 [Test worker] jvm.JdbcExecutor. - CREATE TABLE PUBLIC.node_info_hosts (host NVARCHAR(255) NOT NULL, port INT NOT NULL, node_info_id INT) {changeSet=migration/node-info.changelog-init.xml::1511451595465-10::R3.Corda, databaseChangeLog=master.changelog.json}
?[m?[37m[INFO] 11:44:47,931 [Test worker] changelog.ChangeSet. - Table node_info_hosts created {changeSet=migration/node-info.changelog-init.xml::1511451595465-10::R3.Corda, databaseChangeLog=master.changelog.json}
?[m?[37m[INFO] 11:44:47,931 [Test worker] changelog.ChangeSet. - ChangeSet migration/node-info.changelog-init.xml::1511451595465-10::R3.Corda ran successfully in 0ms {changeSet=migration/node-info.changelog-init.xml::1511451595465-10::R3.Corda, databaseChangeLog=master.changelog.json}
?[m?[37m[INFO] 11:44:47,932 [Test worker] jvm.JdbcExecutor. - INSERT INTO PUBLIC.DATABASECHANGELOG (ID, AUTHOR, FILENAME, DATEEXECUTED, ORDEREXECUTED, MD5SUM, DESCRIPTION, COMMENTS, EXECTYPE, CONTEXTS, LABELS, LIQUIBASE, DEPLOYMENT_ID) VALUES ('1511451595465-10', 'R3.Corda', 'migration/node-info.changelog-init.xml', NOW(), 30, '8:f0b2c5a77ffde6aaa3c417095fc220a9', 'createTable tableName=node_info_hosts', '', 'EXECUTED', NULL, NULL, '3.6.3', '2067487881') {changeSet=migration/node-info.changelog-init.xml::1511451595465-10::R3.Corda, databaseChangeLog=master.changelog.json}
?[m?[37m[INFO] 11:44:47,933 [Test worker] jvm.JdbcExecutor. - CREATE TABLE PUBLIC.node_info_party_cert (party_name NVARCHAR(255) NOT NULL, ismain BOOLEAN NOT NULL, owning_key_hash NVARCHAR(130), party_cert_binary BLOB) {changeSet=migration/node-info.changelog-init.xml::1511451595465-11::R3.Corda, databaseChangeLog=master.changelog.json}
?[m?[37m[INFO] 11:44:47,933 [Test worker] changelog.ChangeSet. - Table node_info_party_cert created {changeSet=migration/node-info.changelog-init.xml::1511451595465-11::R3.Corda, databaseChangeLog=master.changelog.json}
?[m?[37m[INFO] 11:44:47,933 [Test worker] changelog.ChangeSet. - ChangeSet migration/node-info.changelog-init.xml::1511451595465-11::R3.Corda ran successfully in 0ms {changeSet=migration/node-info.changelog-init.xml::1511451595465-11::R3.Corda, databaseChangeLog=master.changelog.json}
?[m?[37m[INFO] 11:44:47,934 [Test worker] jvm.JdbcExecutor. - INSERT INTO PUBLIC.DATABASECHANGELOG (ID, AUTHOR, FILENAME, DATEEXECUTED, ORDEREXECUTED, MD5SUM, DESCRIPTION, COMMENTS, EXECTYPE, CONTEXTS, LABELS, LIQUIBASE, DEPLOYMENT_ID) VALUES ('1511451595465-11', 'R3.Corda', 'migration/node-info.changelog-init.xml', NOW(), 31, '8:5eacbf7ce0d85376219f1903b55f5e18', 'createTable tableName=node_info_party_cert', '', 'EXECUTED', NULL, NULL, '3.6.3', '2067487881') {changeSet=migration/node-info.changelog-init.xml::1511451595465-11::R3.Corda, databaseChangeLog=master.changelog.json}
?[m?[37m[INFO] 11:44:47,935 [Test worker] jvm.JdbcExecutor. - CREATE TABLE PUBLIC.node_infos (node_info_id INT NOT NULL, node_info_hash NVARCHAR(64), platform_version INT, serial BIGINT) {changeSet=migration/node-info.changelog-init.xml::1511451595465-12::R3.Corda, databaseChangeLog=master.changelog.json}
?[m?[37m[INFO] 11:44:47,935 [Test worker] changelog.ChangeSet. - Table node_infos created {changeSet=migration/node-info.changelog-init.xml::1511451595465-12::R3.Corda, databaseChangeLog=master.changelog.json}
?[m?[37m[INFO] 11:44:47,935 [Test worker] changelog.ChangeSet. - ChangeSet migration/node-info.changelog-init.xml::1511451595465-12::R3.Corda ran successfully in 0ms {changeSet=migration/node-info.changelog-init.xml::1511451595465-12::R3.Corda, databaseChangeLog=master.changelog.json}
?[m?[37m[INFO] 11:44:47,935 [Test worker] jvm.JdbcExecutor. - INSERT INTO PUBLIC.DATABASECHANGELOG (ID, AUTHOR, FILENAME, DATEEXECUTED, ORDEREXECUTED, MD5SUM, DESCRIPTION, COMMENTS, EXECTYPE, CONTEXTS, LABELS, LIQUIBASE, DEPLOYMENT_ID) VALUES ('1511451595465-12', 'R3.Corda', 'migration/node-info.changelog-init.xml', NOW(), 32, '8:7e30f20cf268860d637ecfb8635f45a3', 'createTable tableName=node_infos', '', 'EXECUTED', NULL, NULL, '3.6.3', '2067487881') {changeSet=migration/node-info.changelog-init.xml::1511451595465-12::R3.Corda, databaseChangeLog=master.changelog.json}
?[m?[37m[INFO] 11:44:47,936 [Test worker] jvm.JdbcExecutor. - ALTER TABLE PUBLIC.node_info_hosts ADD CONSTRAINT node_info_hosts_pkey PRIMARY KEY (host, port) {changeSet=migration/node-info.changelog-init.xml::1511451595465-35::R3.Corda, databaseChangeLog=master.changelog.json}
?[m?[37m[INFO] 11:44:47,936 [Test worker] changelog.ChangeSet. - Primary key added to node_info_hosts (host, port) {changeSet=migration/node-info.changelog-init.xml::1511451595465-35::R3.Corda, databaseChangeLog=master.changelog.json}
?[m?[37m[INFO] 11:44:47,936 [Test worker] changelog.ChangeSet. - ChangeSet migration/node-info.changelog-init.xml::1511451595465-35::R3.Corda ran successfully in 0ms {changeSet=migration/node-info.changelog-init.xml::1511451595465-35::R3.Corda, databaseChangeLog=master.changelog.json}
?[m?[37m[INFO] 11:44:47,936 [Test worker] jvm.JdbcExecutor. - INSERT INTO PUBLIC.DATABASECHANGELOG (ID, AUTHOR, FILENAME, DATEEXECUTED, ORDEREXECUTED, MD5SUM, DESCRIPTION, COMMENTS, EXECTYPE, CONTEXTS, LABELS, LIQUIBASE, DEPLOYMENT_ID) VALUES ('1511451595465-35', 'R3.Corda', 'migration/node-info.changelog-init.xml', NOW(), 33, '8:0d1a734e7350a8278808f540d992fedf', 'addPrimaryKey constraintName=node_info_hosts_pkey, tableName=node_info_hosts', '', 'EXECUTED', NULL, NULL, '3.6.3', '2067487881') {changeSet=migration/node-info.changelog-init.xml::1511451595465-35::R3.Corda, databaseChangeLog=master.changelog.json}
?[m?[37m[INFO] 11:44:47,936 [Test worker] jvm.JdbcExecutor. - ALTER TABLE PUBLIC.node_info_party_cert ADD CONSTRAINT node_info_party_cert_pkey PRIMARY KEY (party_name) {changeSet=migration/node-info.changelog-init.xml::1511451595465-36::R3.Corda, databaseChangeLog=master.changelog.json}
?[m?[37m[INFO] 11:44:47,936 [Test worker] changelog.ChangeSet. - Primary key added to node_info_party_cert (party_name) {changeSet=migration/node-info.changelog-init.xml::1511451595465-36::R3.Corda, databaseChangeLog=master.changelog.json}
?[m?[37m[INFO] 11:44:47,936 [Test worker] changelog.ChangeSet. - ChangeSet migration/node-info.changelog-init.xml::1511451595465-36::R3.Corda ran successfully in 0ms {changeSet=migration/node-info.changelog-init.xml::1511451595465-36::R3.Corda, databaseChangeLog=master.changelog.json}
?[m?[37m[INFO] 11:44:47,937 [Test worker] jvm.JdbcExecutor. - INSERT INTO PUBLIC.DATABASECHANGELOG (ID, AUTHOR, FILENAME, DATEEXECUTED, ORDEREXECUTED, MD5SUM, DESCRIPTION, COMMENTS, EXECTYPE, CONTEXTS, LABELS, LIQUIBASE, DEPLOYMENT_ID) VALUES ('1511451595465-36', 'R3.Corda', 'migration/node-info.changelog-init.xml', NOW(), 34, '8:dc78ba227ce869f406d2645c2064e8dc', 'addPrimaryKey constraintName=node_info_party_cert_pkey, tableName=node_info_party_cert', '', 'EXECUTED', NULL, NULL, '3.6.3', '2067487881') {changeSet=migration/node-info.changelog-init.xml::1511451595465-36::R3.Corda, databaseChangeLog=master.changelog.json}
?[m?[37m[INFO] 11:44:47,937 [Test worker] jvm.JdbcExecutor. - ALTER TABLE PUBLIC.node_infos ADD CONSTRAINT node_infos_pkey PRIMARY KEY (node_info_id) {changeSet=migration/node-info.changelog-init.xml::1511451595465-37::R3.Corda, databaseChangeLog=master.changelog.json}
?[m?[37m[INFO] 11:44:47,937 [Test worker] changelog.ChangeSet. - Primary key added to node_infos (node_info_id) {changeSet=migration/node-info.changelog-init.xml::1511451595465-37::R3.Corda, databaseChangeLog=master.changelog.json}
?[m?[37m[INFO] 11:44:47,937 [Test worker] changelog.ChangeSet. - ChangeSet migration/node-info.changelog-init.xml::1511451595465-37::R3.Corda ran successfully in 0ms {changeSet=migration/node-info.changelog-init.xml::1511451595465-37::R3.Corda, databaseChangeLog=master.changelog.json}
?[m?[37m[INFO] 11:44:47,938 [Test worker] jvm.JdbcExecutor. - INSERT INTO PUBLIC.DATABASECHANGELOG (ID, AUTHOR, FILENAME, DATEEXECUTED, ORDEREXECUTED, MD5SUM, DESCRIPTION, COMMENTS, EXECTYPE, CONTEXTS, LABELS, LIQUIBASE, DEPLOYMENT_ID) VALUES ('1511451595465-37', 'R3.Corda', 'migration/node-info.changelog-init.xml', NOW(), 35, '8:c07cbda2d04c6d77539ac802c66df023', 'addPrimaryKey constraintName=node_infos_pkey, tableName=node_infos', '', 'EXECUTED', NULL, NULL, '3.6.3', '2067487881') {changeSet=migration/node-info.changelog-init.xml::1511451595465-37::R3.Corda, databaseChangeLog=master.changelog.json}
?[m?[37m[INFO] 11:44:47,938 [Test worker] jvm.JdbcExecutor. - ALTER TABLE PUBLIC.node_link_nodeinfo_party ADD CONSTRAINT FK__link_nodeinfo_party__infos FOREIGN KEY (node_info_id) REFERENCES PUBLIC.node_infos (node_info_id) {changeSet=migration/node-info.changelog-init.xml::1511451595465-62::R3.Corda, databaseChangeLog=master.changelog.json}
?[m?[37m[INFO] 11:44:47,939 [Test worker] changelog.ChangeSet. - Foreign key constraint added to node_link_nodeinfo_party (node_info_id) {changeSet=migration/node-info.changelog-init.xml::1511451595465-62::R3.Corda, databaseChangeLog=master.changelog.json}
?[m?[37m[INFO] 11:44:47,939 [Test worker] changelog.ChangeSet. - ChangeSet migration/node-info.changelog-init.xml::1511451595465-62::R3.Corda ran successfully in 1ms {changeSet=migration/node-info.changelog-init.xml::1511451595465-62::R3.Corda, databaseChangeLog=master.changelog.json}
?[m?[37m[INFO] 11:44:47,940 [Test worker] jvm.JdbcExecutor. - INSERT INTO PUBLIC.DATABASECHANGELOG (ID, AUTHOR, FILENAME, DATEEXECUTED, ORDEREXECUTED, MD5SUM, DESCRIPTION, COMMENTS, EXECTYPE, CONTEXTS, LABELS, LIQUIBASE, DEPLOYMENT_ID) VALUES ('1511451595465-62', 'R3.Corda', 'migration/node-info.changelog-init.xml', NOW(), 36, '8:073bbdb8865055a19cde67340a2063e2', 'addForeignKeyConstraint baseTableName=node_link_nodeinfo_party, constraintName=FK__link_nodeinfo_party__infos, referencedTableName=node_infos', '', 'EXECUTED', NULL, NULL, '3.6.3', '2067487881') {changeSet=migration/node-info.changelog-init.xml::1511451595465-62::R3.Corda, databaseChangeLog=master.changelog.json}
?[m?[37m[INFO] 11:44:47,940 [Test worker] jvm.JdbcExecutor. - ALTER TABLE PUBLIC.node_info_hosts ADD CONSTRAINT FK__info_hosts__infos FOREIGN KEY (node_info_id) REFERENCES PUBLIC.node_infos (node_info_id) {changeSet=migration/node-info.changelog-init.xml::1511451595465-63::R3.Corda, databaseChangeLog=master.changelog.json}
?[m?[37m[INFO] 11:44:47,941 [Test worker] changelog.ChangeSet. - Foreign key constraint added to node_info_hosts (node_info_id) {changeSet=migration/node-info.changelog-init.xml::1511451595465-63::R3.Corda, databaseChangeLog=master.changelog.json}
?[m?[37m[INFO] 11:44:47,941 [Test worker] changelog.ChangeSet. - ChangeSet migration/node-info.changelog-init.xml::1511451595465-63::R3.Corda ran successfully in 1ms {changeSet=migration/node-info.changelog-init.xml::1511451595465-63::R3.Corda, databaseChangeLog=master.changelog.json}
?[m?[37m[INFO] 11:44:47,943 [Test worker] jvm.JdbcExecutor. - INSERT INTO PUBLIC.DATABASECHANGELOG (ID, AUTHOR, FILENAME, DATEEXECUTED, ORDEREXECUTED, MD5SUM, DESCRIPTION, COMMENTS, EXECTYPE, CONTEXTS, LABELS, LIQUIBASE, DEPLOYMENT_ID) VALUES ('1511451595465-63', 'R3.Corda', 'migration/node-info.changelog-init.xml', NOW(), 37, '8:fa5ee007de41334ad2ac991b32969076', 'addForeignKeyConstraint baseTableName=node_info_hosts, constraintName=FK__info_hosts__infos, referencedTableName=node_infos', '', 'EXECUTED', NULL, NULL, '3.6.3', '2067487881') {changeSet=migration/node-info.changelog-init.xml::1511451595465-63::R3.Corda, databaseChangeLog=master.changelog.json}
?[m?[37m[INFO] 11:44:47,943 [Test worker] jvm.JdbcExecutor. - DELETE FROM PUBLIC.node_infos {changeSet=migration/node-info.changelog-init.xml::remove_host_port_pk::R3.Corda, databaseChangeLog=master.changelog.json}
?[m?[37m[INFO] 11:44:47,943 [Test worker] changelog.ChangeSet. - Data deleted from node_infos {changeSet=migration/node-info.changelog-init.xml::remove_host_port_pk::R3.Corda, databaseChangeLog=master.changelog.json}
?[m?[37m[INFO] 11:44:47,943 [Test worker] jvm.JdbcExecutor. - DELETE FROM PUBLIC.node_link_nodeinfo_party {changeSet=migration/node-info.changelog-init.xml::remove_host_port_pk::R3.Corda, databaseChangeLog=master.changelog.json}
?[m?[37m[INFO] 11:44:47,943 [Test worker] changelog.ChangeSet. - Data deleted from node_link_nodeinfo_party {changeSet=migration/node-info.changelog-init.xml::remove_host_port_pk::R3.Corda, databaseChangeLog=master.changelog.json}
?[m?[37m[INFO] 11:44:47,943 [Test worker] jvm.JdbcExecutor. - DELETE FROM PUBLIC.node_info_hosts {changeSet=migration/node-info.changelog-init.xml::remove_host_port_pk::R3.Corda, databaseChangeLog=master.changelog.json}
?[m?[37m[INFO] 11:44:47,943 [Test worker] changelog.ChangeSet. - Data deleted from node_info_hosts {changeSet=migration/node-info.changelog-init.xml::remove_host_port_pk::R3.Corda, databaseChangeLog=master.changelog.json}
?[m?[37m[INFO] 11:44:47,943 [Test worker] jvm.JdbcExecutor. - DELETE FROM PUBLIC.node_info_party_cert {changeSet=migration/node-info.changelog-init.xml::remove_host_port_pk::R3.Corda, databaseChangeLog=master.changelog.json}
?[m?[37m[INFO] 11:44:47,943 [Test worker] changelog.ChangeSet. - Data deleted from node_info_party_cert {changeSet=migration/node-info.changelog-init.xml::remove_host_port_pk::R3.Corda, databaseChangeLog=master.changelog.json}
?[m?[37m[INFO] 11:44:47,943 [Test worker] jvm.JdbcExecutor. - ALTER TABLE PUBLIC.node_info_hosts DROP PRIMARY KEY {changeSet=migration/node-info.changelog-init.xml::remove_host_port_pk::R3.Corda, databaseChangeLog=master.changelog.json}
?[m?[37m[INFO] 11:44:47,943 [Test worker] changelog.ChangeSet. - Primary key dropped from node_info_hosts {changeSet=migration/node-info.changelog-init.xml::remove_host_port_pk::R3.Corda, databaseChangeLog=master.changelog.json}
?[m?[37m[INFO] 11:44:47,943 [Test worker] jvm.JdbcExecutor. - ALTER TABLE PUBLIC.node_info_hosts ADD hosts_id INT NOT NULL {changeSet=migration/node-info.changelog-init.xml::remove_host_port_pk::R3.Corda, databaseChangeLog=master.changelog.json}
?[m?[37m[INFO] 11:44:47,944 [Test worker] changelog.ChangeSet. - Columns hosts_id(INT) added to node_info_hosts {changeSet=migration/node-info.changelog-init.xml::remove_host_port_pk::R3.Corda, databaseChangeLog=master.changelog.json}
?[m?[37m[INFO] 11:44:47,944 [Test worker] jvm.JdbcExecutor. - ALTER TABLE PUBLIC.node_info_hosts ADD CONSTRAINT node_info_hosts_pkey_id PRIMARY KEY (hosts_id) {changeSet=migration/node-info.changelog-init.xml::remove_host_port_pk::R3.Corda, databaseChangeLog=master.changelog.json}
?[m?[37m[INFO] 11:44:47,944 [Test worker] changelog.ChangeSet. - Primary key added to node_info_hosts (hosts_id) {changeSet=migration/node-info.changelog-init.xml::remove_host_port_pk::R3.Corda, databaseChangeLog=master.changelog.json}
?[m?[37m[INFO] 11:44:47,944 [Test worker] changelog.ChangeSet. - ChangeSet migration/node-info.changelog-init.xml::remove_host_port_pk::R3.Corda ran successfully in 1ms {changeSet=migration/node-info.changelog-init.xml::remove_host_port_pk::R3.Corda, databaseChangeLog=master.changelog.json}
?[m?[37m[INFO] 11:44:47,944 [Test worker] jvm.JdbcExecutor. - INSERT INTO PUBLIC.DATABASECHANGELOG (ID, AUTHOR, FILENAME, DATEEXECUTED, ORDEREXECUTED, MD5SUM, DESCRIPTION, COMMENTS, EXECTYPE, CONTEXTS, LABELS, LIQUIBASE, DEPLOYMENT_ID) VALUES ('remove_host_port_pk', 'R3.Corda', 'migration/node-info.changelog-init.xml', NOW(), 38, '8:50fa65c10fd9bb3d89e0ad75d29a0e4d', 'delete tableName=node_infos; delete tableName=node_link_nodeinfo_party; delete tableName=node_info_hosts; delete tableName=node_info_party_cert; dropPrimaryKey constraintName=node_info_hosts_pkey, tableName=node_info_hosts; addColumn tableName=nod...', '', 'EXECUTED', NULL, NULL, '3.6.3', '2067487881') {changeSet=migration/node-info.changelog-init.xml::remove_host_port_pk::R3.Corda, databaseChangeLog=master.changelog.json}
?[m?[37m[INFO] 11:44:47,945 [Test worker] jvm.JdbcExecutor. - CREATE TABLE PUBLIC.node_properties (property_key NVARCHAR(255) NOT NULL, property_value NVARCHAR(255)) {changeSet=migration/node-info.changelog-v1.xml::key/value node properties table::R3.Corda, databaseChangeLog=master.changelog.json}
?[m?[37m[INFO] 11:44:47,945 [Test worker] changelog.ChangeSet. - Table node_properties created {changeSet=migration/node-info.changelog-v1.xml::key/value node properties table::R3.Corda, databaseChangeLog=master.changelog.json}
?[m?[37m[INFO] 11:44:47,945 [Test worker] changelog.ChangeSet. - ChangeSet migration/node-info.changelog-v1.xml::key/value node properties table::R3.Corda ran successfully in 0ms {changeSet=migration/node-info.changelog-v1.xml::key/value node properties table::R3.Corda, databaseChangeLog=master.changelog.json}
?[m?[37m[INFO] 11:44:47,946 [Test worker] jvm.JdbcExecutor. - INSERT INTO PUBLIC.DATABASECHANGELOG (ID, AUTHOR, FILENAME, DATEEXECUTED, ORDEREXECUTED, MD5SUM, DESCRIPTION, COMMENTS, EXECTYPE, CONTEXTS, LABELS, LIQUIBASE, DEPLOYMENT_ID) VALUES ('key/value node properties table', 'R3.Corda', 'migration/node-info.changelog-v1.xml', NOW(), 39, '8:39e4c897aa5e893e79a0434af2948a91', 'createTable tableName=node_properties', '', 'EXECUTED', NULL, NULL, '3.6.3', '2067487881') {changeSet=migration/node-info.changelog-v1.xml::key/value node properties table::R3.Corda, databaseChangeLog=master.changelog.json}
?[m?[37m[INFO] 11:44:47,946 [Test worker] jvm.JdbcExecutor. - ALTER TABLE PUBLIC.node_infos ALTER COLUMN node_info_hash SET NOT NULL {changeSet=migration/node-info.changelog-v2.xml::1525962920::R3.Corda, databaseChangeLog=master.changelog.json}
?[m?[37m[INFO] 11:44:47,946 [Test worker] changelog.ChangeSet. - NOT NULL constraint has been added to node_infos.node_info_hash {changeSet=migration/node-info.changelog-v2.xml::1525962920::R3.Corda, databaseChangeLog=master.changelog.json}
?[m?[37m[INFO] 11:44:47,946 [Test worker] jvm.JdbcExecutor. - ALTER TABLE PUBLIC.node_infos ALTER COLUMN platform_version SET NOT NULL {changeSet=migration/node-info.changelog-v2.xml::1525962920::R3.Corda, databaseChangeLog=master.changelog.json}
?[m?[37m[INFO] 11:44:47,946 [Test worker] changelog.ChangeSet. - NOT NULL constraint has been added to node_infos.platform_version {changeSet=migration/node-info.changelog-v2.xml::1525962920::R3.Corda, databaseChangeLog=master.changelog.json}
?[m?[37m[INFO] 11:44:47,946 [Test worker] jvm.JdbcExecutor. - ALTER TABLE PUBLIC.node_infos ALTER COLUMN serial SET NOT NULL {changeSet=migration/node-info.changelog-v2.xml::1525962920::R3.Corda, databaseChangeLog=master.changelog.json}
?[m?[37m[INFO] 11:44:47,946 [Test worker] changelog.ChangeSet. - NOT NULL constraint has been added to node_infos.serial {changeSet=migration/node-info.changelog-v2.xml::1525962920::R3.Corda, databaseChangeLog=master.changelog.json}
?[m?[37m[INFO] 11:44:47,946 [Test worker] jvm.JdbcExecutor. - ALTER TABLE PUBLIC.node_info_hosts ALTER COLUMN host SET NULL {changeSet=migration/node-info.changelog-v2.xml::1525962920::R3.Corda, databaseChangeLog=master.changelog.json}
?[m?[37m[INFO] 11:44:47,947 [Test worker] changelog.ChangeSet. - Null constraint dropped from node_info_hosts.host {changeSet=migration/node-info.changelog-v2.xml::1525962920::R3.Corda, databaseChangeLog=master.changelog.json}
?[m?[37m[INFO] 11:44:47,947 [Test worker] jvm.JdbcExecutor. - ALTER TABLE PUBLIC.node_info_hosts ALTER COLUMN port SET NULL {changeSet=migration/node-info.changelog-v2.xml::1525962920::R3.Corda, databaseChangeLog=master.changelog.json}
?[m?[37m[INFO] 11:44:47,947 [Test worker] changelog.ChangeSet. - Null constraint dropped from node_info_hosts.port {changeSet=migration/node-info.changelog-v2.xml::1525962920::R3.Corda, databaseChangeLog=master.changelog.json}
?[m?[37m[INFO] 11:44:47,947 [Test worker] jvm.JdbcExecutor. - ALTER TABLE PUBLIC.node_info_party_cert ALTER COLUMN owning_key_hash SET NOT NULL {changeSet=migration/node-info.changelog-v2.xml::1525962920::R3.Corda, databaseChangeLog=master.changelog.json}
?[m?[37m[INFO] 11:44:47,947 [Test worker] changelog.ChangeSet. - NOT NULL constraint has been added to node_info_party_cert.owning_key_hash {changeSet=migration/node-info.changelog-v2.xml::1525962920::R3.Corda, databaseChangeLog=master.changelog.json}
?[m?[37m[INFO] 11:44:47,947 [Test worker] jvm.JdbcExecutor. - ALTER TABLE PUBLIC.node_info_party_cert ALTER COLUMN party_cert_binary SET NOT NULL {changeSet=migration/node-info.changelog-v2.xml::1525962920::R3.Corda, databaseChangeLog=master.changelog.json}
?[m?[37m[INFO] 11:44:47,947 [Test worker] changelog.ChangeSet. - NOT NULL constraint has been added to node_info_party_cert.party_cert_binary {changeSet=migration/node-info.changelog-v2.xml::1525962920::R3.Corda, databaseChangeLog=master.changelog.json}
?[m?[37m[INFO] 11:44:47,947 [Test worker] changelog.ChangeSet. - ChangeSet migration/node-info.changelog-v2.xml::1525962920::R3.Corda ran successfully in 1ms {changeSet=migration/node-info.changelog-v2.xml::1525962920::R3.Corda, databaseChangeLog=master.changelog.json}
?[m?[37m[INFO] 11:44:47,948 [Test worker] jvm.JdbcExecutor. - INSERT INTO PUBLIC.DATABASECHANGELOG (ID, AUTHOR, FILENAME, DATEEXECUTED, ORDEREXECUTED, MD5SUM, DESCRIPTION, COMMENTS, EXECTYPE, CONTEXTS, LABELS, LIQUIBASE, DEPLOYMENT_ID) VALUES ('1525962920', 'R3.Corda', 'migration/node-info.changelog-v2.xml', NOW(), 40, '8:cc835e848ed6cc1f4b2a2e8e31fa92f1', 'addNotNullConstraint columnName=node_info_hash, tableName=node_infos; addNotNullConstraint columnName=platform_version, tableName=node_infos; addNotNullConstraint columnName=serial, tableName=node_infos; dropNotNullConstraint columnName=host, tabl...', '', 'EXECUTED', NULL, NULL, '3.6.3', '2067487881') {changeSet=migration/node-info.changelog-v2.xml::1525962920::R3.Corda, databaseChangeLog=master.changelog.json}
?[m?[37m[INFO] 11:44:47,949 [Test worker] jvm.JdbcExecutor. - ALTER TABLE PUBLIC.node_info_hosts ALTER COLUMN host RENAME TO host_name {changeSet=migration/node-info.changelog-v3.xml::column_host_name::R3.Corda, databaseChangeLog=master.changelog.json}
?[m?[37m[INFO] 11:44:47,949 [Test worker] changelog.ChangeSet. - Column node_info_hosts.host renamed to host_name {changeSet=migration/node-info.changelog-v3.xml::column_host_name::R3.Corda, databaseChangeLog=master.changelog.json}
?[m?[37m[INFO] 11:44:47,949 [Test worker] changelog.ChangeSet. - ChangeSet migration/node-info.changelog-v3.xml::column_host_name::R3.Corda ran successfully in 0ms {changeSet=migration/node-info.changelog-v3.xml::column_host_name::R3.Corda, databaseChangeLog=master.changelog.json}
?[m?[37m[INFO] 11:44:47,950 [Test worker] jvm.JdbcExecutor. - INSERT INTO PUBLIC.DATABASECHANGELOG (ID, AUTHOR, FILENAME, DATEEXECUTED, ORDEREXECUTED, MD5SUM, DESCRIPTION, COMMENTS, EXECTYPE, CONTEXTS, LABELS, LIQUIBASE, DEPLOYMENT_ID) VALUES ('column_host_name', 'R3.Corda', 'migration/node-info.changelog-v3.xml', NOW(), 41, '8:e5fb9380221a91515f45ee44c9c30053', 'renameColumn newColumnName=host_name, oldColumnName=host, tableName=node_info_hosts', '', 'EXECUTED', NULL, NULL, '3.6.3', '2067487881') {changeSet=migration/node-info.changelog-v3.xml::column_host_name::R3.Corda, databaseChangeLog=master.changelog.json}
?[m?[37m[INFO] 11:44:47,951 [Test worker] jvm.JdbcExecutor. - CREATE TABLE PUBLIC.node_attachments (att_id NVARCHAR(255) NOT NULL, content BLOB, filename NVARCHAR(255), insertion_date TIMESTAMP NOT NULL, uploader NVARCHAR(255)) {changeSet=migration/node-services.changelog-init.xml::1511451595465-5::R3.Corda, databaseChangeLog=master.changelog.json}
?[m?[37m[INFO] 11:44:47,951 [Test worker] changelog.ChangeSet. - Table node_attachments created {changeSet=migration/node-services.changelog-init.xml::1511451595465-5::R3.Corda, databaseChangeLog=master.changelog.json}
?[m?[37m[INFO] 11:44:47,951 [Test worker] changelog.ChangeSet. - ChangeSet migration/node-services.changelog-init.xml::1511451595465-5::R3.Corda ran successfully in 1ms {changeSet=migration/node-services.changelog-init.xml::1511451595465-5::R3.Corda, databaseChangeLog=master.changelog.json}
?[m?[37m[INFO] 11:44:47,952 [Test worker] jvm.JdbcExecutor. - INSERT INTO PUBLIC.DATABASECHANGELOG (ID, AUTHOR, FILENAME, DATEEXECUTED, ORDEREXECUTED, MD5SUM, DESCRIPTION, COMMENTS, EXECTYPE, CONTEXTS, LABELS, LIQUIBASE, DEPLOYMENT_ID) VALUES ('1511451595465-5', 'R3.Corda', 'migration/node-services.changelog-init.xml', NOW(), 42, '8:380e64788d9896c1166e4c22336d01e4', 'createTable tableName=node_attachments', '', 'EXECUTED', NULL, NULL, '3.6.3', '2067487881') {changeSet=migration/node-services.changelog-init.xml::1511451595465-5::R3.Corda, databaseChangeLog=master.changelog.json}
?[m?[37m[INFO] 11:44:47,952 [Test worker] jvm.JdbcExecutor. - CREATE TABLE PUBLIC.node_checkpoints (checkpoint_id NVARCHAR(64) NOT NULL, checkpoint_value BLOB) {changeSet=migration/node-services.changelog-init.xml::1511451595465-7::R3.Corda, databaseChangeLog=master.changelog.json}
?[m?[37m[INFO] 11:44:47,952 [Test worker] changelog.ChangeSet. - Table node_checkpoints created {changeSet=migration/node-services.changelog-init.xml::1511451595465-7::R3.Corda, databaseChangeLog=master.changelog.json}
?[m?[37m[INFO] 11:44:47,952 [Test worker] changelog.ChangeSet. - ChangeSet migration/node-services.changelog-init.xml::1511451595465-7::R3.Corda ran successfully in 0ms {changeSet=migration/node-services.changelog-init.xml::1511451595465-7::R3.Corda, databaseChangeLog=master.changelog.json}
?[m?[37m[INFO] 11:44:47,952 [Test worker] jvm.JdbcExecutor. - INSERT INTO PUBLIC.DATABASECHANGELOG (ID, AUTHOR, FILENAME, DATEEXECUTED, ORDEREXECUTED, MD5SUM, DESCRIPTION, COMMENTS, EXECTYPE, CONTEXTS, LABELS, LIQUIBASE, DEPLOYMENT_ID) VALUES ('1511451595465-7', 'R3.Corda', 'migration/node-services.changelog-init.xml', NOW(), 43, '8:8aefa1967ed80f8f98b69247c70c9f24', 'createTable tableName=node_checkpoints', '', 'EXECUTED', NULL, NULL, '3.6.3', '2067487881') {changeSet=migration/node-services.changelog-init.xml::1511451595465-7::R3.Corda, databaseChangeLog=master.changelog.json}
?[m?[37m[INFO] 11:44:47,953 [Test worker] jvm.JdbcExecutor. - CREATE TABLE PUBLIC.node_contract_upgrades (state_ref NVARCHAR(96) NOT NULL, contract_class_name NVARCHAR(255)) {changeSet=migration/node-services.changelog-init.xml::1511451595465-8::R3.Corda, databaseChangeLog=master.changelog.json}
?[m?[37m[INFO] 11:44:47,953 [Test worker] changelog.ChangeSet. - Table node_contract_upgrades created {changeSet=migration/node-services.changelog-init.xml::1511451595465-8::R3.Corda, databaseChangeLog=master.changelog.json}
?[m?[37m[INFO] 11:44:47,953 [Test worker] changelog.ChangeSet. - ChangeSet migration/node-services.changelog-init.xml::1511451595465-8::R3.Corda ran successfully in 1ms {changeSet=migration/node-services.changelog-init.xml::1511451595465-8::R3.Corda, databaseChangeLog=master.changelog.json}
?[m?[37m[INFO] 11:44:47,953 [Test worker] jvm.JdbcExecutor. - INSERT INTO PUBLIC.DATABASECHANGELOG (ID, AUTHOR, FILENAME, DATEEXECUTED, ORDEREXECUTED, MD5SUM, DESCRIPTION, COMMENTS, EXECTYPE, CONTEXTS, LABELS, LIQUIBASE, DEPLOYMENT_ID) VALUES ('1511451595465-8', 'R3.Corda', 'migration/node-services.changelog-init.xml', NOW(), 44, '8:6b06fe4c0ef085967f4dbd00dca08533', 'createTable tableName=node_contract_upgrades', '', 'EXECUTED', NULL, NULL, '3.6.3', '2067487881') {changeSet=migration/node-services.changelog-init.xml::1511451595465-8::R3.Corda, databaseChangeLog=master.changelog.json}
?[m?[37m[INFO] 11:44:47,954 [Test worker] jvm.JdbcExecutor. - CREATE TABLE PUBLIC.node_identities (pk_hash NVARCHAR(130) NOT NULL, identity_value BLOB) {changeSet=migration/node-services.changelog-init.xml::1511451595465-9::R3.Corda, databaseChangeLog=master.changelog.json}
?[m?[37m[INFO] 11:44:47,954 [Test worker] changelog.ChangeSet. - Table node_identities created {changeSet=migration/node-services.changelog-init.xml::1511451595465-9::R3.Corda, databaseChangeLog=master.changelog.json}
?[m?[37m[INFO] 11:44:47,954 [Test worker] changelog.ChangeSet. - ChangeSet migration/node-services.changelog-init.xml::1511451595465-9::R3.Corda ran successfully in 1ms {changeSet=migration/node-services.changelog-init.xml::1511451595465-9::R3.Corda, databaseChangeLog=master.changelog.json}
?[m?[37m[INFO] 11:44:47,954 [Test worker] jvm.JdbcExecutor. - INSERT INTO PUBLIC.DATABASECHANGELOG (ID, AUTHOR, FILENAME, DATEEXECUTED, ORDEREXECUTED, MD5SUM, DESCRIPTION, COMMENTS, EXECTYPE, CONTEXTS, LABELS, LIQUIBASE, DEPLOYMENT_ID) VALUES ('1511451595465-9', 'R3.Corda', 'migration/node-services.changelog-init.xml', NOW(), 45, '8:293963c9989772e272e1397c8ae9dfb1', 'createTable tableName=node_identities', '', 'EXECUTED', NULL, NULL, '3.6.3', '2067487881') {changeSet=migration/node-services.changelog-init.xml::1511451595465-9::R3.Corda, databaseChangeLog=master.changelog.json}
?[m?[37m[INFO] 11:44:47,955 [Test worker] jvm.JdbcExecutor. - CREATE TABLE PUBLIC.node_message_ids (message_id NVARCHAR(64) NOT NULL, insertion_time TIMESTAMP) {changeSet=migration/node-services.changelog-init.xml::1511451595465-13::R3.Corda, databaseChangeLog=master.changelog.json}
?[m?[37m[INFO] 11:44:47,955 [Test worker] changelog.ChangeSet. - Table node_message_ids created {changeSet=migration/node-services.changelog-init.xml::1511451595465-13::R3.Corda, databaseChangeLog=master.changelog.json}
?[m?[37m[INFO] 11:44:47,955 [Test worker] changelog.ChangeSet. - ChangeSet migration/node-services.changelog-init.xml::1511451595465-13::R3.Corda ran successfully in 1ms {changeSet=migration/node-services.changelog-init.xml::1511451595465-13::R3.Corda, databaseChangeLog=master.changelog.json}
?[m?[37m[INFO] 11:44:47,955 [Test worker] jvm.JdbcExecutor. - INSERT INTO PUBLIC.DATABASECHANGELOG (ID, AUTHOR, FILENAME, DATEEXECUTED, ORDEREXECUTED, MD5SUM, DESCRIPTION, COMMENTS, EXECTYPE, CONTEXTS, LABELS, LIQUIBASE, DEPLOYMENT_ID) VALUES ('1511451595465-13', 'R3.Corda', 'migration/node-services.changelog-init.xml', NOW(), 46, '8:421bb9432660d6cdf67a18c6f0acdeb4', 'createTable tableName=node_message_ids', '', 'EXECUTED', NULL, NULL, '3.6.3', '2067487881') {changeSet=migration/node-services.changelog-init.xml::1511451595465-13::R3.Corda, databaseChangeLog=master.changelog.json}
?[m?[37m[INFO] 11:44:47,956 [Test worker] jvm.JdbcExecutor. - CREATE TABLE PUBLIC.node_message_retry (message_id BIGINT NOT NULL, message BLOB, recipients BLOB) {changeSet=migration/node-services.changelog-init.xml::1511451595465-14::R3.Corda, databaseChangeLog=master.changelog.json}
?[m?[37m[INFO] 11:44:47,956 [Test worker] changelog.ChangeSet. - Table node_message_retry created {changeSet=migration/node-services.changelog-init.xml::1511451595465-14::R3.Corda, databaseChangeLog=master.changelog.json}
?[m?[37m[INFO] 11:44:47,956 [Test worker] changelog.ChangeSet. - ChangeSet migration/node-services.changelog-init.xml::1511451595465-14::R3.Corda ran successfully in 0ms {changeSet=migration/node-services.changelog-init.xml::1511451595465-14::R3.Corda, databaseChangeLog=master.changelog.json}
?[m?[37m[INFO] 11:44:47,956 [Test worker] jvm.JdbcExecutor. - INSERT INTO PUBLIC.DATABASECHANGELOG (ID, AUTHOR, FILENAME, DATEEXECUTED, ORDEREXECUTED, MD5SUM, DESCRIPTION, COMMENTS, EXECTYPE, CONTEXTS, LABELS, LIQUIBASE, DEPLOYMENT_ID) VALUES ('1511451595465-14', 'R3.Corda', 'migration/node-services.changelog-init.xml', NOW(), 47, '8:ba7acbbe63086c3c9fb627ea948864b2', 'createTable tableName=node_message_retry', '', 'EXECUTED', NULL, NULL, '3.6.3', '2067487881') {changeSet=migration/node-services.changelog-init.xml::1511451595465-14::R3.Corda, databaseChangeLog=master.changelog.json}
?[m?[37m[INFO] 11:44:47,956 [Test worker] jvm.JdbcExecutor. - CREATE TABLE PUBLIC.node_named_identities (name NVARCHAR(128) NOT NULL, pk_hash NVARCHAR(130)) {changeSet=migration/node-services.changelog-init.xml::1511451595465-15::R3.Corda, databaseChangeLog=master.changelog.json}
?[m?[37m[INFO] 11:44:47,956 [Test worker] changelog.ChangeSet. - Table node_named_identities created {changeSet=migration/node-services.changelog-init.xml::1511451595465-15::R3.Corda, databaseChangeLog=master.changelog.json}
?[m?[37m[INFO] 11:44:47,956 [Test worker] changelog.ChangeSet. - ChangeSet migration/node-services.changelog-init.xml::1511451595465-15::R3.Corda ran successfully in 0ms {changeSet=migration/node-services.changelog-init.xml::1511451595465-15::R3.Corda, databaseChangeLog=master.changelog.json}
?[m?[37m[INFO] 11:44:47,957 [Test worker] jvm.JdbcExecutor. - INSERT INTO PUBLIC.DATABASECHANGELOG (ID, AUTHOR, FILENAME, DATEEXECUTED, ORDEREXECUTED, MD5SUM, DESCRIPTION, COMMENTS, EXECTYPE, CONTEXTS, LABELS, LIQUIBASE, DEPLOYMENT_ID) VALUES ('1511451595465-15', 'R3.Corda', 'migration/node-services.changelog-init.xml', NOW(), 48, '8:bf6ca4e45e140b225f6f934935dd2f34', 'createTable tableName=node_named_identities', '', 'EXECUTED', NULL, NULL, '3.6.3', '2067487881') {changeSet=migration/node-services.changelog-init.xml::1511451595465-15::R3.Corda, databaseChangeLog=master.changelog.json}
?[m?[37m[INFO] 11:44:47,958 [Test worker] jvm.JdbcExecutor. - CREATE TABLE PUBLIC.node_our_key_pairs (public_key_hash NVARCHAR(130) NOT NULL, private_key BLOB, public_key BLOB) {changeSet=migration/node-services.changelog-init.xml::1511451595465-17::R3.Corda, databaseChangeLog=master.changelog.json}
?[m?[37m[INFO] 11:44:47,958 [Test worker] changelog.ChangeSet. - Table node_our_key_pairs created {changeSet=migration/node-services.changelog-init.xml::1511451595465-17::R3.Corda, databaseChangeLog=master.changelog.json}
?[m?[37m[INFO] 11:44:47,958 [Test worker] changelog.ChangeSet. - ChangeSet migration/node-services.changelog-init.xml::1511451595465-17::R3.Corda ran successfully in 1ms {changeSet=migration/node-services.changelog-init.xml::1511451595465-17::R3.Corda, databaseChangeLog=master.changelog.json}
?[m?[37m[INFO] 11:44:47,959 [Test worker] jvm.JdbcExecutor. - INSERT INTO PUBLIC.DATABASECHANGELOG (ID, AUTHOR, FILENAME, DATEEXECUTED, ORDEREXECUTED, MD5SUM, DESCRIPTION, COMMENTS, EXECTYPE, CONTEXTS, LABELS, LIQUIBASE, DEPLOYMENT_ID) VALUES ('1511451595465-17', 'R3.Corda', 'migration/node-services.changelog-init.xml', NOW(), 49, '8:e91eb86cb57176d4605d948f694d8441', 'createTable tableName=node_our_key_pairs', '', 'EXECUTED', NULL, NULL, '3.6.3', '2067487881') {changeSet=migration/node-services.changelog-init.xml::1511451595465-17::R3.Corda, databaseChangeLog=master.changelog.json}
?[m?[37m[INFO] 11:44:47,959 [Test worker] jvm.JdbcExecutor. - CREATE TABLE PUBLIC.node_scheduled_states (output_index INT NOT NULL, transaction_id NVARCHAR(64) NOT NULL, scheduled_at TIMESTAMP NOT NULL) {changeSet=migration/node-services.changelog-init.xml::1511451595465-19::R3.Corda, databaseChangeLog=master.changelog.json}
?[m?[37m[INFO] 11:44:47,959 [Test worker] changelog.ChangeSet. - Table node_scheduled_states created {changeSet=migration/node-services.changelog-init.xml::1511451595465-19::R3.Corda, databaseChangeLog=master.changelog.json}
?[m?[37m[INFO] 11:44:47,959 [Test worker] changelog.ChangeSet. - ChangeSet migration/node-services.changelog-init.xml::1511451595465-19::R3.Corda ran successfully in 0ms {changeSet=migration/node-services.changelog-init.xml::1511451595465-19::R3.Corda, databaseChangeLog=master.changelog.json}
?[m?[37m[INFO] 11:44:47,960 [Test worker] jvm.JdbcExecutor. - INSERT INTO PUBLIC.DATABASECHANGELOG (ID, AUTHOR, FILENAME, DATEEXECUTED, ORDEREXECUTED, MD5SUM, DESCRIPTION, COMMENTS, EXECTYPE, CONTEXTS, LABELS, LIQUIBASE, DEPLOYMENT_ID) VALUES ('1511451595465-19', 'R3.Corda', 'migration/node-services.changelog-init.xml', NOW(), 50, '8:55282f9fbfc1cb8f7583a90173e3ff4c', 'createTable tableName=node_scheduled_states', '', 'EXECUTED', NULL, NULL, '3.6.3', '2067487881') {changeSet=migration/node-services.changelog-init.xml::1511451595465-19::R3.Corda, databaseChangeLog=master.changelog.json}
?[m?[37m[INFO] 11:44:47,960 [Test worker] jvm.JdbcExecutor. - CREATE TABLE PUBLIC.node_transaction_mappings (tx_id NVARCHAR(64) NOT NULL, state_machine_run_id NVARCHAR(36)) {changeSet=migration/node-services.changelog-init.xml::1511451595465-20::R3.Corda, databaseChangeLog=master.changelog.json}
?[m?[37m[INFO] 11:44:47,960 [Test worker] changelog.ChangeSet. - Table node_transaction_mappings created {changeSet=migration/node-services.changelog-init.xml::1511451595465-20::R3.Corda, databaseChangeLog=master.changelog.json}
?[m?[37m[INFO] 11:44:47,960 [Test worker] changelog.ChangeSet. - ChangeSet migration/node-services.changelog-init.xml::1511451595465-20::R3.Corda ran successfully in 0ms {changeSet=migration/node-services.changelog-init.xml::1511451595465-20::R3.Corda, databaseChangeLog=master.changelog.json}
?[m?[37m[INFO] 11:44:47,960 [Test worker] jvm.JdbcExecutor. - INSERT INTO PUBLIC.DATABASECHANGELOG (ID, AUTHOR, FILENAME, DATEEXECUTED, ORDEREXECUTED, MD5SUM, DESCRIPTION, COMMENTS, EXECTYPE, CONTEXTS, LABELS, LIQUIBASE, DEPLOYMENT_ID) VALUES ('1511451595465-20', 'R3.Corda', 'migration/node-services.changelog-init.xml', NOW(), 51, '8:cc085b3d33f3d53b75c8866522653f98', 'createTable tableName=node_transaction_mappings', '', 'EXECUTED', NULL, NULL, '3.6.3', '2067487881') {changeSet=migration/node-services.changelog-init.xml::1511451595465-20::R3.Corda, databaseChangeLog=master.changelog.json}
?[m?[37m[INFO] 11:44:47,961 [Test worker] jvm.JdbcExecutor. - CREATE TABLE PUBLIC.node_transactions (tx_id NVARCHAR(64) NOT NULL, transaction_value BLOB) {changeSet=migration/node-services.changelog-init.xml::1511451595465-21::R3.Corda, databaseChangeLog=master.changelog.json}
?[m?[37m[INFO] 11:44:47,961 [Test worker] changelog.ChangeSet. - Table node_transactions created {changeSet=migration/node-services.changelog-init.xml::1511451595465-21::R3.Corda, databaseChangeLog=master.changelog.json}
?[m?[37m[INFO] 11:44:47,961 [Test worker] changelog.ChangeSet. - ChangeSet migration/node-services.changelog-init.xml::1511451595465-21::R3.Corda ran successfully in 1ms {changeSet=migration/node-services.changelog-init.xml::1511451595465-21::R3.Corda, databaseChangeLog=master.changelog.json}
?[m?[37m[INFO] 11:44:47,961 [Test worker] jvm.JdbcExecutor. - INSERT INTO PUBLIC.DATABASECHANGELOG (ID, AUTHOR, FILENAME, DATEEXECUTED, ORDEREXECUTED, MD5SUM, DESCRIPTION, COMMENTS, EXECTYPE, CONTEXTS, LABELS, LIQUIBASE, DEPLOYMENT_ID) VALUES ('1511451595465-21', 'R3.Corda', 'migration/node-services.changelog-init.xml', NOW(), 52, '8:69feb7582f3b77828510a56cb111cfd8', 'createTable tableName=node_transactions', '', 'EXECUTED', NULL, NULL, '3.6.3', '2067487881') {changeSet=migration/node-services.changelog-init.xml::1511451595465-21::R3.Corda, databaseChangeLog=master.changelog.json}
?[m?[37m[INFO] 11:44:47,962 [Test worker] jvm.JdbcExecutor. - ALTER TABLE PUBLIC.node_attachments ADD CONSTRAINT node_attachments_pkey PRIMARY KEY (att_id) {changeSet=migration/node-services.changelog-init.xml::1511451595465-30::R3.Corda, databaseChangeLog=master.changelog.json}
?[m?[37m[INFO] 11:44:47,962 [Test worker] changelog.ChangeSet. - Primary key added to node_attachments (att_id) {changeSet=migration/node-services.changelog-init.xml::1511451595465-30::R3.Corda, databaseChangeLog=master.changelog.json}
?[m?[37m[INFO] 11:44:47,962 [Test worker] changelog.ChangeSet. - ChangeSet migration/node-services.changelog-init.xml::1511451595465-30::R3.Corda ran successfully in 1ms {changeSet=migration/node-services.changelog-init.xml::1511451595465-30::R3.Corda, databaseChangeLog=master.changelog.json}
?[m?[37m[INFO] 11:44:47,962 [Test worker] jvm.JdbcExecutor. - INSERT INTO PUBLIC.DATABASECHANGELOG (ID, AUTHOR, FILENAME, DATEEXECUTED, ORDEREXECUTED, MD5SUM, DESCRIPTION, COMMENTS, EXECTYPE, CONTEXTS, LABELS, LIQUIBASE, DEPLOYMENT_ID) VALUES ('1511451595465-30', 'R3.Corda', 'migration/node-services.changelog-init.xml', NOW(), 53, '8:97c42d4eac368e79f47df345a072b237', 'addPrimaryKey constraintName=node_attachments_pkey, tableName=node_attachments', '', 'EXECUTED', NULL, NULL, '3.6.3', '2067487881') {changeSet=migration/node-services.changelog-init.xml::1511451595465-30::R3.Corda, databaseChangeLog=master.changelog.json}
?[m?[37m[INFO] 11:44:47,963 [Test worker] jvm.JdbcExecutor. - ALTER TABLE PUBLIC.node_checkpoints ADD CONSTRAINT node_checkpoints_pkey PRIMARY KEY (checkpoint_id) {changeSet=migration/node-services.changelog-init.xml::1511451595465-32::R3.Corda, databaseChangeLog=master.changelog.json}
?[m?[37m[INFO] 11:44:47,963 [Test worker] changelog.ChangeSet. - Primary key added to node_checkpoints (checkpoint_id) {changeSet=migration/node-services.changelog-init.xml::1511451595465-32::R3.Corda, databaseChangeLog=master.changelog.json}
?[m?[37m[INFO] 11:44:47,963 [Test worker] changelog.ChangeSet. - ChangeSet migration/node-services.changelog-init.xml::1511451595465-32::R3.Corda ran successfully in 1ms {changeSet=migration/node-services.changelog-init.xml::1511451595465-32::R3.Corda, databaseChangeLog=master.changelog.json}
?[m?[37m[INFO] 11:44:47,964 [Test worker] jvm.JdbcExecutor. - INSERT INTO PUBLIC.DATABASECHANGELOG (ID, AUTHOR, FILENAME, DATEEXECUTED, ORDEREXECUTED, MD5SUM, DESCRIPTION, COMMENTS, EXECTYPE, CONTEXTS, LABELS, LIQUIBASE, DEPLOYMENT_ID) VALUES ('1511451595465-32', 'R3.Corda', 'migration/node-services.changelog-init.xml', NOW(), 54, '8:7224c32660081d3e820e52e2b70b365f', 'addPrimaryKey constraintName=node_checkpoints_pkey, tableName=node_checkpoints', '', 'EXECUTED', NULL, NULL, '3.6.3', '2067487881') {changeSet=migration/node-services.changelog-init.xml::1511451595465-32::R3.Corda, databaseChangeLog=master.changelog.json}
?[m?[37m[INFO] 11:44:47,965 [Test worker] jvm.JdbcExecutor. - ALTER TABLE PUBLIC.node_contract_upgrades ADD CONSTRAINT node_contract_upgrades_pkey PRIMARY KEY (state_ref) {changeSet=migration/node-services.changelog-init.xml::1511451595465-33::R3.Corda, databaseChangeLog=master.changelog.json}
?[m?[37m[INFO] 11:44:47,965 [Test worker] changelog.ChangeSet. - Primary key added to node_contract_upgrades (state_ref) {changeSet=migration/node-services.changelog-init.xml::1511451595465-33::R3.Corda, databaseChangeLog=master.changelog.json}
?[m?[37m[INFO] 11:44:47,965 [Test worker] changelog.ChangeSet. - ChangeSet migration/node-services.changelog-init.xml::1511451595465-33::R3.Corda ran successfully in 0ms {changeSet=migration/node-services.changelog-init.xml::1511451595465-33::R3.Corda, databaseChangeLog=master.changelog.json}
?[m?[37m[INFO] 11:44:47,966 [Test worker] jvm.JdbcExecutor. - INSERT INTO PUBLIC.DATABASECHANGELOG (ID, AUTHOR, FILENAME, DATEEXECUTED, ORDEREXECUTED, MD5SUM, DESCRIPTION, COMMENTS, EXECTYPE, CONTEXTS, LABELS, LIQUIBASE, DEPLOYMENT_ID) VALUES ('1511451595465-33', 'R3.Corda', 'migration/node-services.changelog-init.xml', NOW(), 55, '8:85bcae037a29317065e3b922e0563902', 'addPrimaryKey constraintName=node_contract_upgrades_pkey, tableName=node_contract_upgrades', '', 'EXECUTED', NULL, NULL, '3.6.3', '2067487881') {changeSet=migration/node-services.changelog-init.xml::1511451595465-33::R3.Corda, databaseChangeLog=master.changelog.json}
?[m?[37m[INFO] 11:44:47,966 [Test worker] jvm.JdbcExecutor. - ALTER TABLE PUBLIC.node_identities ADD CONSTRAINT node_identities_pkey PRIMARY KEY (pk_hash) {changeSet=migration/node-services.changelog-init.xml::1511451595465-34::R3.Corda, databaseChangeLog=master.changelog.json}
?[m?[37m[INFO] 11:44:47,966 [Test worker] changelog.ChangeSet. - Primary key added to node_identities (pk_hash) {changeSet=migration/node-services.changelog-init.xml::1511451595465-34::R3.Corda, databaseChangeLog=master.changelog.json}
?[m?[37m[INFO] 11:44:47,966 [Test worker] changelog.ChangeSet. - ChangeSet migration/node-services.changelog-init.xml::1511451595465-34::R3.Corda ran successfully in 0ms {changeSet=migration/node-services.changelog-init.xml::1511451595465-34::R3.Corda, databaseChangeLog=master.changelog.json}
?[m?[37m[INFO] 11:44:47,967 [Test worker] jvm.JdbcExecutor. - INSERT INTO PUBLIC.DATABASECHANGELOG (ID, AUTHOR, FILENAME, DATEEXECUTED, ORDEREXECUTED, MD5SUM, DESCRIPTION, COMMENTS, EXECTYPE, CONTEXTS, LABELS, LIQUIBASE, DEPLOYMENT_ID) VALUES ('1511451595465-34', 'R3.Corda', 'migration/node-services.changelog-init.xml', NOW(), 56, '8:308ffe9985df3029fc05bd41c60010a9', 'addPrimaryKey constraintName=node_identities_pkey, tableName=node_identities', '', 'EXECUTED', NULL, NULL, '3.6.3', '2067487881') {changeSet=migration/node-services.changelog-init.xml::1511451595465-34::R3.Corda, databaseChangeLog=master.changelog.json}
?[m?[37m[INFO] 11:44:47,967 [Test worker] jvm.JdbcExecutor. - ALTER TABLE PUBLIC.node_message_ids ADD CONSTRAINT node_message_ids_pkey PRIMARY KEY (message_id) {changeSet=migration/node-services.changelog-init.xml::1511451595465-38::R3.Corda, databaseChangeLog=master.changelog.json}
?[m?[37m[INFO] 11:44:47,968 [Test worker] changelog.ChangeSet. - Primary key added to node_message_ids (message_id) {changeSet=migration/node-services.changelog-init.xml::1511451595465-38::R3.Corda, databaseChangeLog=master.changelog.json}
?[m?[37m[INFO] 11:44:47,968 [Test worker] changelog.ChangeSet. - ChangeSet migration/node-services.changelog-init.xml::1511451595465-38::R3.Corda ran successfully in 1ms {changeSet=migration/node-services.changelog-init.xml::1511451595465-38::R3.Corda, databaseChangeLog=master.changelog.json}
?[m?[37m[INFO] 11:44:47,968 [Test worker] jvm.JdbcExecutor. - INSERT INTO PUBLIC.DATABASECHANGELOG (ID, AUTHOR, FILENAME, DATEEXECUTED, ORDEREXECUTED, MD5SUM, DESCRIPTION, COMMENTS, EXECTYPE, CONTEXTS, LABELS, LIQUIBASE, DEPLOYMENT_ID) VALUES ('1511451595465-38', 'R3.Corda', 'migration/node-services.changelog-init.xml', NOW(), 57, '8:18b1b83ce2a778af1a8a8c9c56bb9651', 'addPrimaryKey constraintName=node_message_ids_pkey, tableName=node_message_ids', '', 'EXECUTED', NULL, NULL, '3.6.3', '2067487881') {changeSet=migration/node-services.changelog-init.xml::1511451595465-38::R3.Corda, databaseChangeLog=master.changelog.json}
?[m?[37m[INFO] 11:44:47,968 [Test worker] jvm.JdbcExecutor. - ALTER TABLE PUBLIC.node_message_retry ADD CONSTRAINT node_message_retry_pkey PRIMARY KEY (message_id) {changeSet=migration/node-services.changelog-init.xml::1511451595465-39::R3.Corda, databaseChangeLog=master.changelog.json}
?[m?[37m[INFO] 11:44:47,968 [Test worker] changelog.ChangeSet. - Primary key added to node_message_retry (message_id) {changeSet=migration/node-services.changelog-init.xml::1511451595465-39::R3.Corda, databaseChangeLog=master.changelog.json}
?[m?[37m[INFO] 11:44:47,968 [Test worker] changelog.ChangeSet. - ChangeSet migration/node-services.changelog-init.xml::1511451595465-39::R3.Corda ran successfully in 0ms {changeSet=migration/node-services.changelog-init.xml::1511451595465-39::R3.Corda, databaseChangeLog=master.changelog.json}
?[m?[37m[INFO] 11:44:47,969 [Test worker] jvm.JdbcExecutor. - INSERT INTO PUBLIC.DATABASECHANGELOG (ID, AUTHOR, FILENAME, DATEEXECUTED, ORDEREXECUTED, MD5SUM, DESCRIPTION, COMMENTS, EXECTYPE, CONTEXTS, LABELS, LIQUIBASE, DEPLOYMENT_ID) VALUES ('1511451595465-39', 'R3.Corda', 'migration/node-services.changelog-init.xml', NOW(), 58, '8:0359c73c9db723c73ee0171620ff4ac6', 'addPrimaryKey constraintName=node_message_retry_pkey, tableName=node_message_retry', '', 'EXECUTED', NULL, NULL, '3.6.3', '2067487881') {changeSet=migration/node-services.changelog-init.xml::1511451595465-39::R3.Corda, databaseChangeLog=master.changelog.json}
?[m?[37m[INFO] 11:44:47,969 [Test worker] jvm.JdbcExecutor. - ALTER TABLE PUBLIC.node_named_identities ADD CONSTRAINT node_named_identities_pkey PRIMARY KEY (name) {changeSet=migration/node-services.changelog-init.xml::1511451595465-40::R3.Corda, databaseChangeLog=master.changelog.json}
?[m?[37m[INFO] 11:44:47,969 [Test worker] changelog.ChangeSet. - Primary key added to node_named_identities (name) {changeSet=migration/node-services.changelog-init.xml::1511451595465-40::R3.Corda, databaseChangeLog=master.changelog.json}
?[m?[37m[INFO] 11:44:47,969 [Test worker] changelog.ChangeSet. - ChangeSet migration/node-services.changelog-init.xml::1511451595465-40::R3.Corda ran successfully in 0ms {changeSet=migration/node-services.changelog-init.xml::1511451595465-40::R3.Corda, databaseChangeLog=master.changelog.json}
?[m?[37m[INFO] 11:44:47,969 [Test worker] jvm.JdbcExecutor. - INSERT INTO PUBLIC.DATABASECHANGELOG (ID, AUTHOR, FILENAME, DATEEXECUTED, ORDEREXECUTED, MD5SUM, DESCRIPTION, COMMENTS, EXECTYPE, CONTEXTS, LABELS, LIQUIBASE, DEPLOYMENT_ID) VALUES ('1511451595465-40', 'R3.Corda', 'migration/node-services.changelog-init.xml', NOW(), 59, '8:ef3ab101a3e4c5820f575d5adcb85c08', 'addPrimaryKey constraintName=node_named_identities_pkey, tableName=node_named_identities', '', 'EXECUTED', NULL, NULL, '3.6.3', '2067487881') {changeSet=migration/node-services.changelog-init.xml::1511451595465-40::R3.Corda, databaseChangeLog=master.changelog.json}
?[m?[37m[INFO] 11:44:47,970 [Test worker] jvm.JdbcExecutor. - ALTER TABLE PUBLIC.node_our_key_pairs ADD CONSTRAINT node_our_key_pairs_pkey PRIMARY KEY (public_key_hash) {changeSet=migration/node-services.changelog-init.xml::1511451595465-42::R3.Corda, databaseChangeLog=master.changelog.json}
?[m?[37m[INFO] 11:44:47,970 [Test worker] changelog.ChangeSet. - Primary key added to node_our_key_pairs (public_key_hash) {changeSet=migration/node-services.changelog-init.xml::1511451595465-42::R3.Corda, databaseChangeLog=master.changelog.json}
?[m?[37m[INFO] 11:44:47,970 [Test worker] changelog.ChangeSet. - ChangeSet migration/node-services.changelog-init.xml::1511451595465-42::R3.Corda ran successfully in 0ms {changeSet=migration/node-services.changelog-init.xml::1511451595465-42::R3.Corda, databaseChangeLog=master.changelog.json}
?[m?[37m[INFO] 11:44:47,971 [Test worker] jvm.JdbcExecutor. - INSERT INTO PUBLIC.DATABASECHANGELOG (ID, AUTHOR, FILENAME, DATEEXECUTED, ORDEREXECUTED, MD5SUM, DESCRIPTION, COMMENTS, EXECTYPE, CONTEXTS, LABELS, LIQUIBASE, DEPLOYMENT_ID) VALUES ('1511451595465-42', 'R3.Corda', 'migration/node-services.changelog-init.xml', NOW(), 60, '8:d742088fd258d00e0a1fbffcf2e27c61', 'addPrimaryKey constraintName=node_our_key_pairs_pkey, tableName=node_our_key_pairs', '', 'EXECUTED', NULL, NULL, '3.6.3', '2067487881') {changeSet=migration/node-services.changelog-init.xml::1511451595465-42::R3.Corda, databaseChangeLog=master.changelog.json}
?[m?[37m[INFO] 11:44:47,971 [Test worker] jvm.JdbcExecutor. - ALTER TABLE PUBLIC.node_scheduled_states ADD CONSTRAINT node_scheduled_states_pkey PRIMARY KEY (output_index, transaction_id) {changeSet=migration/node-services.changelog-init.xml::1511451595465-44::R3.Corda, databaseChangeLog=master.changelog.json}
?[m?[37m[INFO] 11:44:47,972 [Test worker] changelog.ChangeSet. - Primary key added to node_scheduled_states (output_index, transaction_id) {changeSet=migration/node-services.changelog-init.xml::1511451595465-44::R3.Corda, databaseChangeLog=master.changelog.json}
?[m?[37m[INFO] 11:44:47,972 [Test worker] changelog.ChangeSet. - ChangeSet migration/node-services.changelog-init.xml::1511451595465-44::R3.Corda ran successfully in 1ms {changeSet=migration/node-services.changelog-init.xml::1511451595465-44::R3.Corda, databaseChangeLog=master.changelog.json}
?[m?[37m[INFO] 11:44:47,973 [Test worker] jvm.JdbcExecutor. - INSERT INTO PUBLIC.DATABASECHANGELOG (ID, AUTHOR, FILENAME, DATEEXECUTED, ORDEREXECUTED, MD5SUM, DESCRIPTION, COMMENTS, EXECTYPE, CONTEXTS, LABELS, LIQUIBASE, DEPLOYMENT_ID) VALUES ('1511451595465-44', 'R3.Corda', 'migration/node-services.changelog-init.xml', NOW(), 61, '8:dc8b980de5154038877f6d2e43b97ad1', 'addPrimaryKey constraintName=node_scheduled_states_pkey, tableName=node_scheduled_states', '', 'EXECUTED', NULL, NULL, '3.6.3', '2067487881') {changeSet=migration/node-services.changelog-init.xml::1511451595465-44::R3.Corda, databaseChangeLog=master.changelog.json}
?[m?[37m[INFO] 11:44:47,973 [Test worker] jvm.JdbcExecutor. - ALTER TABLE PUBLIC.node_transaction_mappings ADD CONSTRAINT node_transaction_mappings_pkey PRIMARY KEY (tx_id) {changeSet=migration/node-services.changelog-init.xml::1511451595465-45::R3.Corda, databaseChangeLog=master.changelog.json}
?[m?[37m[INFO] 11:44:47,973 [Test worker] changelog.ChangeSet. - Primary key added to node_transaction_mappings (tx_id) {changeSet=migration/node-services.changelog-init.xml::1511451595465-45::R3.Corda, databaseChangeLog=master.changelog.json}
?[m?[37m[INFO] 11:44:47,973 [Test worker] changelog.ChangeSet. - ChangeSet migration/node-services.changelog-init.xml::1511451595465-45::R3.Corda ran successfully in 0ms {changeSet=migration/node-services.changelog-init.xml::1511451595465-45::R3.Corda, databaseChangeLog=master.changelog.json}
?[m?[37m[INFO] 11:44:47,975 [Test worker] jvm.JdbcExecutor. - INSERT INTO PUBLIC.DATABASECHANGELOG (ID, AUTHOR, FILENAME, DATEEXECUTED, ORDEREXECUTED, MD5SUM, DESCRIPTION, COMMENTS, EXECTYPE, CONTEXTS, LABELS, LIQUIBASE, DEPLOYMENT_ID) VALUES ('1511451595465-45', 'R3.Corda', 'migration/node-services.changelog-init.xml', NOW(), 62, '8:2ae0fa18530e20aa3bcd6109b7d95247', 'addPrimaryKey constraintName=node_transaction_mappings_pkey, tableName=node_transaction_mappings', '', 'EXECUTED', NULL, NULL, '3.6.3', '2067487881') {changeSet=migration/node-services.changelog-init.xml::1511451595465-45::R3.Corda, databaseChangeLog=master.changelog.json}
?[m?[37m[INFO] 11:44:47,976 [Test worker] jvm.JdbcExecutor. - ALTER TABLE PUBLIC.node_transactions ADD CONSTRAINT node_transactions_pkey PRIMARY KEY (tx_id) {changeSet=migration/node-services.changelog-init.xml::1511451595465-46::R3.Corda, databaseChangeLog=master.changelog.json}
?[m?[37m[INFO] 11:44:47,976 [Test worker] changelog.ChangeSet. - Primary key added to node_transactions (tx_id) {changeSet=migration/node-services.changelog-init.xml::1511451595465-46::R3.Corda, databaseChangeLog=master.changelog.json}
?[m?[37m[INFO] 11:44:47,976 [Test worker] changelog.ChangeSet. - ChangeSet migration/node-services.changelog-init.xml::1511451595465-46::R3.Corda ran successfully in 1ms {changeSet=migration/node-services.changelog-init.xml::1511451595465-46::R3.Corda, databaseChangeLog=master.changelog.json}
?[m?[37m[INFO] 11:44:47,977 [Test worker] jvm.JdbcExecutor. - INSERT INTO PUBLIC.DATABASECHANGELOG (ID, AUTHOR, FILENAME, DATEEXECUTED, ORDEREXECUTED, MD5SUM, DESCRIPTION, COMMENTS, EXECTYPE, CONTEXTS, LABELS, LIQUIBASE, DEPLOYMENT_ID) VALUES ('1511451595465-46', 'R3.Corda', 'migration/node-services.changelog-init.xml', NOW(), 63, '8:d5e4dd3dba8e89f77b6eeff0fc5b7a49', 'addPrimaryKey constraintName=node_transactions_pkey, tableName=node_transactions', '', 'EXECUTED', NULL, NULL, '3.6.3', '2067487881') {changeSet=migration/node-services.changelog-init.xml::1511451595465-46::R3.Corda, databaseChangeLog=master.changelog.json}
?[m?[37m[INFO] 11:44:47,977 [Test worker] jvm.JdbcExecutor. - ALTER TABLE PUBLIC.node_link_nodeinfo_party ADD CONSTRAINT FK__link_ni_p__info_p_cert FOREIGN KEY (party_name) REFERENCES PUBLIC.node_info_party_cert (party_name) {changeSet=migration/node-services.changelog-init.xml::1511451595465-61::R3.Corda, databaseChangeLog=master.changelog.json}
?[m?[37m[INFO] 11:44:47,978 [Test worker] changelog.ChangeSet. - Foreign key constraint added to node_link_nodeinfo_party (party_name) {changeSet=migration/node-services.changelog-init.xml::1511451595465-61::R3.Corda, databaseChangeLog=master.changelog.json}
?[m?[37m[INFO] 11:44:47,978 [Test worker] changelog.ChangeSet. - ChangeSet migration/node-services.changelog-init.xml::1511451595465-61::R3.Corda ran successfully in 1ms {changeSet=migration/node-services.changelog-init.xml::1511451595465-61::R3.Corda, databaseChangeLog=master.changelog.json}
?[m?[37m[INFO] 11:44:47,979 [Test worker] jvm.JdbcExecutor. - INSERT INTO PUBLIC.DATABASECHANGELOG (ID, AUTHOR, FILENAME, DATEEXECUTED, ORDEREXECUTED, MD5SUM, DESCRIPTION, COMMENTS, EXECTYPE, CONTEXTS, LABELS, LIQUIBASE, DEPLOYMENT_ID) VALUES ('1511451595465-61', 'R3.Corda', 'migration/node-services.changelog-init.xml', NOW(), 64, '8:1d4e406a8056aa782ccbd978771f1fb9', 'addForeignKeyConstraint baseTableName=node_link_nodeinfo_party, constraintName=FK__link_ni_p__info_p_cert, referencedTableName=node_info_party_cert', '', 'EXECUTED', NULL, NULL, '3.6.3', '2067487881') {changeSet=migration/node-services.changelog-init.xml::1511451595465-61::R3.Corda, databaseChangeLog=master.changelog.json}
?[m?[37m[INFO] 11:44:47,980 [Test worker] jvm.JdbcExecutor. - CREATE INDEX PUBLIC.att_id_idx ON PUBLIC.node_attachments(att_id) {changeSet=migration/node-services.changelog-init.xml::add index att_id::R3.Corda, databaseChangeLog=master.changelog.json}
?[m?[37m[INFO] 11:44:47,981 [Test worker] changelog.ChangeSet. - Index att_id_idx created {changeSet=migration/node-services.changelog-init.xml::add index att_id::R3.Corda, databaseChangeLog=master.changelog.json}
?[m?[37m[INFO] 11:44:47,981 [Test worker] changelog.ChangeSet. - ChangeSet migration/node-services.changelog-init.xml::add index att_id::R3.Corda ran successfully in 1ms {changeSet=migration/node-services.changelog-init.xml::add index att_id::R3.Corda, databaseChangeLog=master.changelog.json}
?[m?[37m[INFO] 11:44:47,982 [Test worker] jvm.JdbcExecutor. - INSERT INTO PUBLIC.DATABASECHANGELOG (ID, AUTHOR, FILENAME, DATEEXECUTED, ORDEREXECUTED, MD5SUM, DESCRIPTION, COMMENTS, EXECTYPE, CONTEXTS, LABELS, LIQUIBASE, DEPLOYMENT_ID) VALUES ('add index att_id', 'R3.Corda', 'migration/node-services.changelog-init.xml', NOW(), 65, '8:ccf9b08f32d685dc60d6e34a3013bffc', 'createIndex indexName=att_id_idx, tableName=node_attachments', '', 'EXECUTED', NULL, NULL, '3.6.3', '2067487881') {changeSet=migration/node-services.changelog-init.xml::add index att_id::R3.Corda, databaseChangeLog=master.changelog.json}
?[m?[37m[INFO] 11:44:47,983 [Test worker] jvm.JdbcExecutor. - CREATE TABLE PUBLIC.node_attchments_contracts (att_id NVARCHAR(255) NOT NULL, contract_class_name NVARCHAR(255)) {changeSet=migration/node-services.changelog-init.xml::add_contract_attachment::R3.Corda, databaseChangeLog=master.changelog.json}
?[m?[37m[INFO] 11:44:47,983 [Test worker] changelog.ChangeSet. - Table node_attchments_contracts created {changeSet=migration/node-services.changelog-init.xml::add_contract_attachment::R3.Corda, databaseChangeLog=master.changelog.json}
?[m?[37m[INFO] 11:44:47,983 [Test worker] jvm.JdbcExecutor. - ALTER TABLE PUBLIC.node_attchments_contracts ADD CONSTRAINT FK__ctr_class__attachments FOREIGN KEY (att_id) REFERENCES PUBLIC.node_attachments (att_id) {changeSet=migration/node-services.changelog-init.xml::add_contract_attachment::R3.Corda, databaseChangeLog=master.changelog.json}
?[m?[37m[INFO] 11:44:47,984 [Test worker] changelog.ChangeSet. - Foreign key constraint added to node_attchments_contracts (att_id) {changeSet=migration/node-services.changelog-init.xml::add_contract_attachment::R3.Corda, databaseChangeLog=master.changelog.json}
?[m?[37m[INFO] 11:44:47,984 [Test worker] jvm.JdbcExecutor. - DELETE FROM PUBLIC.node_attachments {changeSet=migration/node-services.changelog-init.xml::add_contract_attachment::R3.Corda, databaseChangeLog=master.changelog.json}
?[m?[37m[INFO] 11:44:47,984 [Test worker] changelog.ChangeSet. - Data deleted from node_attachments {changeSet=migration/node-services.changelog-init.xml::add_contract_attachment::R3.Corda, databaseChangeLog=master.changelog.json}
?[m?[37m[INFO] 11:44:47,984 [Test worker] changelog.ChangeSet. - ChangeSet migration/node-services.changelog-init.xml::add_contract_attachment::R3.Corda ran successfully in 1ms {changeSet=migration/node-services.changelog-init.xml::add_contract_attachment::R3.Corda, databaseChangeLog=master.changelog.json}
?[m?[37m[INFO] 11:44:47,985 [Test worker] jvm.JdbcExecutor. - INSERT INTO PUBLIC.DATABASECHANGELOG (ID, AUTHOR, FILENAME, DATEEXECUTED, ORDEREXECUTED, MD5SUM, DESCRIPTION, COMMENTS, EXECTYPE, CONTEXTS, LABELS, LIQUIBASE, DEPLOYMENT_ID) VALUES ('add_contract_attachment', 'R3.Corda', 'migration/node-services.changelog-init.xml', NOW(), 66, '8:8898557cf18644883f6f3b0c5e784c0b', 'createTable tableName=node_attchments_contracts; addForeignKeyConstraint baseTableName=node_attchments_contracts, constraintName=FK__ctr_class__attachments, referencedTableName=node_attachments; delete tableName=node_attachments', '', 'EXECUTED', NULL, NULL, '3.6.3', '2067487881') {changeSet=migration/node-services.changelog-init.xml::add_contract_attachment::R3.Corda, databaseChangeLog=master.changelog.json}
?[m?[37m[INFO] 11:44:47,985 [Test worker] jvm.JdbcExecutor. - ALTER TABLE PUBLIC.node_message_ids ADD sender NVARCHAR(64) {changeSet=migration/node-services.changelog-init.xml::add_dedup_columns::R3.Corda, databaseChangeLog=master.changelog.json}
?[m?[37m[INFO] 11:44:47,986 [Test worker] jvm.JdbcExecutor. - ALTER TABLE PUBLIC.node_message_ids ADD sequence_number BIGINT {changeSet=migration/node-services.changelog-init.xml::add_dedup_columns::R3.Corda, databaseChangeLog=master.changelog.json}
?[m?[37m[INFO] 11:44:47,987 [Test worker] changelog.ChangeSet. - Columns sender(NVARCHAR(64)),sequence_number(BIGINT) added to node_message_ids {changeSet=migration/node-services.changelog-init.xml::add_dedup_columns::R3.Corda, databaseChangeLog=master.changelog.json}
?[m?[37m[INFO] 11:44:47,987 [Test worker] changelog.ChangeSet. - ChangeSet migration/node-services.changelog-init.xml::add_dedup_columns::R3.Corda ran successfully in 2ms {changeSet=migration/node-services.changelog-init.xml::add_dedup_columns::R3.Corda, databaseChangeLog=master.changelog.json}
?[m?[37m[INFO] 11:44:47,987 [Test worker] jvm.JdbcExecutor. - INSERT INTO PUBLIC.DATABASECHANGELOG (ID, AUTHOR, FILENAME, DATEEXECUTED, ORDEREXECUTED, MD5SUM, DESCRIPTION, COMMENTS, EXECTYPE, CONTEXTS, LABELS, LIQUIBASE, DEPLOYMENT_ID) VALUES ('add_dedup_columns', 'R3.Corda', 'migration/node-services.changelog-init.xml', NOW(), 67, '8:5924ebdacff695e1f30aa3e0173eccdf', 'addColumn tableName=node_message_ids', '', 'EXECUTED', NULL, NULL, '3.6.3', '2067487881') {changeSet=migration/node-services.changelog-init.xml::add_dedup_columns::R3.Corda, databaseChangeLog=master.changelog.json}
?[m?[37m[INFO] 11:44:47,988 [Test worker] jvm.JdbcExecutor. - ALTER TABLE PUBLIC.node_attchments_contracts RENAME TO node_attachments_contracts {changeSet=migration/node-core.changelog-v4.xml::attchments_rename::R3.Corda, databaseChangeLog=master.changelog.json}
?[m?[37m[INFO] 11:44:47,988 [Test worker] changelog.ChangeSet. - Table node_attchments_contracts renamed to node_attachments_contracts {changeSet=migration/node-core.changelog-v4.xml::attchments_rename::R3.Corda, databaseChangeLog=master.changelog.json}
?[m?[37m[INFO] 11:44:47,988 [Test worker] changelog.ChangeSet. - ChangeSet migration/node-core.changelog-v4.xml::attchments_rename::R3.Corda ran successfully in 0ms {changeSet=migration/node-core.changelog-v4.xml::attchments_rename::R3.Corda, databaseChangeLog=master.changelog.json}
?[m?[37m[INFO] 11:44:47,989 [Test worker] jvm.JdbcExecutor. - INSERT INTO PUBLIC.DATABASECHANGELOG (ID, AUTHOR, FILENAME, DATEEXECUTED, ORDEREXECUTED, MD5SUM, DESCRIPTION, COMMENTS, EXECTYPE, CONTEXTS, LABELS, LIQUIBASE, DEPLOYMENT_ID) VALUES ('attchments_rename', 'R3.Corda', 'migration/node-core.changelog-v4.xml', NOW(), 68, '8:94816d7657264059f2b8da4e97d4b15d', 'renameTable newTableName=node_attachments_contracts, oldTableName=node_attchments_contracts', '', 'EXECUTED', NULL, NULL, '3.6.3', '2067487881') {changeSet=migration/node-core.changelog-v4.xml::attchments_rename::R3.Corda, databaseChangeLog=master.changelog.json}
?[m?[37m[INFO] 11:44:47,989 [Test worker] jvm.JdbcExecutor. - ALTER TABLE PUBLIC.node_identities ALTER COLUMN identity_value SET NOT NULL {changeSet=migration/node-core.changelog-v4.xml::nullability::R3.Corda, databaseChangeLog=master.changelog.json}
?[m?[37m[INFO] 11:44:47,990 [Test worker] changelog.ChangeSet. - NOT NULL constraint has been added to node_identities.identity_value {changeSet=migration/node-core.changelog-v4.xml::nullability::R3.Corda, databaseChangeLog=master.changelog.json}
?[m?[37m[INFO] 11:44:47,990 [Test worker] jvm.JdbcExecutor. - ALTER TABLE PUBLIC.node_attachments ALTER COLUMN content SET NOT NULL {changeSet=migration/node-core.changelog-v4.xml::nullability::R3.Corda, databaseChangeLog=master.changelog.json}
?[m?[37m[INFO] 11:44:47,990 [Test worker] changelog.ChangeSet. - NOT NULL constraint has been added to node_attachments.content {changeSet=migration/node-core.changelog-v4.xml::nullability::R3.Corda, databaseChangeLog=master.changelog.json}
?[m?[37m[INFO] 11:44:47,990 [Test worker] jvm.JdbcExecutor. - ALTER TABLE PUBLIC.node_attachments_contracts ALTER COLUMN contract_class_name SET NOT NULL {changeSet=migration/node-core.changelog-v4.xml::nullability::R3.Corda, databaseChangeLog=master.changelog.json}
?[m?[37m[INFO] 11:44:47,990 [Test worker] changelog.ChangeSet. - NOT NULL constraint has been added to node_attachments_contracts.contract_class_name {changeSet=migration/node-core.changelog-v4.xml::nullability::R3.Corda, databaseChangeLog=master.changelog.json}
?[m?[37m[INFO] 11:44:47,990 [Test worker] jvm.JdbcExecutor. - ALTER TABLE PUBLIC.node_checkpoints ALTER COLUMN checkpoint_value SET NOT NULL {changeSet=migration/node-core.changelog-v4.xml::nullability::R3.Corda, databaseChangeLog=master.changelog.json}
?[m?[37m[INFO] 11:44:47,991 [Test worker] changelog.ChangeSet. - NOT NULL constraint has been added to node_checkpoints.checkpoint_value {changeSet=migration/node-core.changelog-v4.xml::nullability::R3.Corda, databaseChangeLog=master.changelog.json}
?[m?[37m[INFO] 11:44:47,991 [Test worker] jvm.JdbcExecutor. - ALTER TABLE PUBLIC.node_contract_upgrades ALTER COLUMN contract_class_name SET NOT NULL {changeSet=migration/node-core.changelog-v4.xml::nullability::R3.Corda, databaseChangeLog=master.changelog.json}
?[m?[37m[INFO] 11:44:47,991 [Test worker] changelog.ChangeSet. - NOT NULL constraint has been added to node_contract_upgrades.contract_class_name {changeSet=migration/node-core.changelog-v4.xml::nullability::R3.Corda, databaseChangeLog=master.changelog.json}
?[m?[37m[INFO] 11:44:47,991 [Test worker] jvm.JdbcExecutor. - ALTER TABLE PUBLIC.node_message_ids ALTER COLUMN insertion_time SET NOT NULL {changeSet=migration/node-core.changelog-v4.xml::nullability::R3.Corda, databaseChangeLog=master.changelog.json}
?[m?[37m[INFO] 11:44:47,991 [Test worker] changelog.ChangeSet. - NOT NULL constraint has been added to node_message_ids.insertion_time {changeSet=migration/node-core.changelog-v4.xml::nullability::R3.Corda, databaseChangeLog=master.changelog.json}
?[m?[37m[INFO] 11:44:47,991 [Test worker] jvm.JdbcExecutor. - ALTER TABLE PUBLIC.node_message_retry ALTER COLUMN message SET NOT NULL {changeSet=migration/node-core.changelog-v4.xml::nullability::R3.Corda, databaseChangeLog=master.changelog.json}
?[m?[37m[INFO] 11:44:47,991 [Test worker] changelog.ChangeSet. - NOT NULL constraint has been added to node_message_retry.message {changeSet=migration/node-core.changelog-v4.xml::nullability::R3.Corda, databaseChangeLog=master.changelog.json}
?[m?[37m[INFO] 11:44:47,991 [Test worker] jvm.JdbcExecutor. - ALTER TABLE PUBLIC.node_message_retry ALTER COLUMN recipients SET NOT NULL {changeSet=migration/node-core.changelog-v4.xml::nullability::R3.Corda, databaseChangeLog=master.changelog.json}
?[m?[37m[INFO] 11:44:47,991 [Test worker] changelog.ChangeSet. - NOT NULL constraint has been added to node_message_retry.recipients {changeSet=migration/node-core.changelog-v4.xml::nullability::R3.Corda, databaseChangeLog=master.changelog.json}
?[m?[37m[INFO] 11:44:47,991 [Test worker] jvm.JdbcExecutor. - ALTER TABLE PUBLIC.node_named_identities ALTER COLUMN pk_hash SET NOT NULL {changeSet=migration/node-core.changelog-v4.xml::nullability::R3.Corda, databaseChangeLog=master.changelog.json}
?[m?[37m[INFO] 11:44:47,991 [Test worker] changelog.ChangeSet. - NOT NULL constraint has been added to node_named_identities.pk_hash {changeSet=migration/node-core.changelog-v4.xml::nullability::R3.Corda, databaseChangeLog=master.changelog.json}
?[m?[37m[INFO] 11:44:47,991 [Test worker] jvm.JdbcExecutor. - ALTER TABLE PUBLIC.node_our_key_pairs ALTER COLUMN private_key SET NOT NULL {changeSet=migration/node-core.changelog-v4.xml::nullability::R3.Corda, databaseChangeLog=master.changelog.json}
?[m?[37m[INFO] 11:44:47,991 [Test worker] changelog.ChangeSet. - NOT NULL constraint has been added to node_our_key_pairs.private_key {changeSet=migration/node-core.changelog-v4.xml::nullability::R3.Corda, databaseChangeLog=master.changelog.json}
?[m?[37m[INFO] 11:44:47,991 [Test worker] jvm.JdbcExecutor. - ALTER TABLE PUBLIC.node_our_key_pairs ALTER COLUMN public_key SET NOT NULL {changeSet=migration/node-core.changelog-v4.xml::nullability::R3.Corda, databaseChangeLog=master.changelog.json}
?[m?[37m[INFO] 11:44:47,991 [Test worker] changelog.ChangeSet. - NOT NULL constraint has been added to node_our_key_pairs.public_key {changeSet=migration/node-core.changelog-v4.xml::nullability::R3.Corda, databaseChangeLog=master.changelog.json}
?[m?[37m[INFO] 11:44:47,991 [Test worker] jvm.JdbcExecutor. - ALTER TABLE PUBLIC.node_transaction_mappings ALTER COLUMN state_machine_run_id SET NOT NULL {changeSet=migration/node-core.changelog-v4.xml::nullability::R3.Corda, databaseChangeLog=master.changelog.json}
?[m?[37m[INFO] 11:44:47,992 [Test worker] changelog.ChangeSet. - NOT NULL constraint has been added to node_transaction_mappings.state_machine_run_id {changeSet=migration/node-core.changelog-v4.xml::nullability::R3.Corda, databaseChangeLog=master.changelog.json}
?[m?[37m[INFO] 11:44:47,992 [Test worker] jvm.JdbcExecutor. - ALTER TABLE PUBLIC.node_transactions ALTER COLUMN transaction_value SET NOT NULL {changeSet=migration/node-core.changelog-v4.xml::nullability::R3.Corda, databaseChangeLog=master.changelog.json}
?[m?[37m[INFO] 11:44:47,992 [Test worker] changelog.ChangeSet. - NOT NULL constraint has been added to node_transactions.transaction_value {changeSet=migration/node-core.changelog-v4.xml::nullability::R3.Corda, databaseChangeLog=master.changelog.json}
?[m?[37m[INFO] 11:44:47,992 [Test worker] changelog.ChangeSet. - ChangeSet migration/node-core.changelog-v4.xml::nullability::R3.Corda ran successfully in 3ms {changeSet=migration/node-core.changelog-v4.xml::nullability::R3.Corda, databaseChangeLog=master.changelog.json}
?[m?[37m[INFO] 11:44:47,992 [Test worker] jvm.JdbcExecutor. - INSERT INTO PUBLIC.DATABASECHANGELOG (ID, AUTHOR, FILENAME, DATEEXECUTED, ORDEREXECUTED, MD5SUM, DESCRIPTION, COMMENTS, EXECTYPE, CONTEXTS, LABELS, LIQUIBASE, DEPLOYMENT_ID) VALUES ('nullability', 'R3.Corda', 'migration/node-core.changelog-v4.xml', NOW(), 69, '8:62ddcf64aece5dc383fa400ac8ccc392', 'addNotNullConstraint columnName=identity_value, tableName=node_identities; addNotNullConstraint columnName=content, tableName=node_attachments; addNotNullConstraint columnName=contract_class_name, tableName=node_attachments_contracts; addNotNullCo...', '', 'EXECUTED', NULL, NULL, '3.6.3', '2067487881') {changeSet=migration/node-core.changelog-v4.xml::nullability::R3.Corda, databaseChangeLog=master.changelog.json}
?[m?[37m[INFO] 11:44:47,993 [Test worker] jvm.JdbcExecutor. - DROP TABLE PUBLIC.node_message_retry {changeSet=migration/node-core.changelog-v5.xml::remove_unused_node_message_retry::R3.Corda, databaseChangeLog=master.changelog.json}
?[m?[37m[INFO] 11:44:47,993 [Test worker] changelog.ChangeSet. - Table node_message_retry dropped {changeSet=migration/node-core.changelog-v5.xml::remove_unused_node_message_retry::R3.Corda, databaseChangeLog=master.changelog.json}
?[m?[37m[INFO] 11:44:47,994 [Test worker] changelog.ChangeSet. - ChangeSet migration/node-core.changelog-v5.xml::remove_unused_node_message_retry::R3.Corda ran successfully in 1ms {changeSet=migration/node-core.changelog-v5.xml::remove_unused_node_message_retry::R3.Corda, databaseChangeLog=master.changelog.json}
?[m?[37m[INFO] 11:44:47,994 [Test worker] jvm.JdbcExecutor. - INSERT INTO PUBLIC.DATABASECHANGELOG (ID, AUTHOR, FILENAME, DATEEXECUTED, ORDEREXECUTED, MD5SUM, DESCRIPTION, COMMENTS, EXECTYPE, CONTEXTS, LABELS, LIQUIBASE, DEPLOYMENT_ID) VALUES ('remove_unused_node_message_retry', 'R3.Corda', 'migration/node-core.changelog-v5.xml', NOW(), 70, '8:7f43b1a30ed49119520e7d14de6b57bd', 'dropTable tableName=node_message_retry', '', 'EXECUTED', NULL, NULL, '3.6.3', '2067487881') {changeSet=migration/node-core.changelog-v5.xml::remove_unused_node_message_retry::R3.Corda, databaseChangeLog=master.changelog.json}
?[m?[37m[INFO] 11:44:47,996 [Test worker] jvm.JdbcExecutor. - INSERT INTO PUBLIC.DATABASECHANGELOG (ID, AUTHOR, FILENAME, DATEEXECUTED, ORDEREXECUTED, MD5SUM, DESCRIPTION, COMMENTS, EXECTYPE, CONTEXTS, LABELS, LIQUIBASE, DEPLOYMENT_ID) VALUES ('non-clustered_pk-1', 'R3.Corda', 'migration/node-core.changelog-pkey.xml', NOW(), 71, '8:fc341b0d5ff080f0093d8a528299de25', 'dropPrimaryKey constraintName=node_checkpoints_pkey, tableName=node_checkpoints; addPrimaryKey constraintName=node_checkpoints_pkey, tableName=node_checkpoints', '', 'MARK_RAN', NULL, NULL, '3.6.3', '2067487881') {changeSet=migration/node-core.changelog-pkey.xml::non-clustered_pk-1::R3.Corda, databaseChangeLog=master.changelog.json}
?[m?[37m[INFO] 11:44:47,998 [Test worker] jvm.JdbcExecutor. - INSERT INTO PUBLIC.DATABASECHANGELOG (ID, AUTHOR, FILENAME, DATEEXECUTED, ORDEREXECUTED, MD5SUM, DESCRIPTION, COMMENTS, EXECTYPE, CONTEXTS, LABELS, LIQUIBASE, DEPLOYMENT_ID) VALUES ('non-clustered_pk-2', 'R3.Corda', 'migration/node-core.changelog-pkey.xml', NOW(), 72, '8:438db96910ca09a1e8910e74fe31d943', 'dropPrimaryKey constraintName=node_identities_pkey, tableName=node_identities; addPrimaryKey constraintName=node_identities_pkey, tableName=node_identities', '', 'MARK_RAN', NULL, NULL, '3.6.3', '2067487881') {changeSet=migration/node-core.changelog-pkey.xml::non-clustered_pk-2::R3.Corda, databaseChangeLog=master.changelog.json}
?[m?[37m[INFO] 11:44:47,999 [Test worker] jvm.JdbcExecutor. - INSERT INTO PUBLIC.DATABASECHANGELOG (ID, AUTHOR, FILENAME, DATEEXECUTED, ORDEREXECUTED, MD5SUM, DESCRIPTION, COMMENTS, EXECTYPE, CONTEXTS, LABELS, LIQUIBASE, DEPLOYMENT_ID) VALUES ('non-clustered_pk-3', 'R3.Corda', 'migration/node-core.changelog-pkey.xml', NOW(), 73, '8:b02515ba3eb419e880a62ad581d57d9a', 'dropPrimaryKey constraintName=node_message_ids_pkey, tableName=node_message_ids; addPrimaryKey constraintName=node_message_ids_pkey, tableName=node_message_ids', '', 'MARK_RAN', NULL, NULL, '3.6.3', '2067487881') {changeSet=migration/node-core.changelog-pkey.xml::non-clustered_pk-3::R3.Corda, databaseChangeLog=master.changelog.json}
?[m?[37m[INFO] 11:44:48,001 [Test worker] jvm.JdbcExecutor. - INSERT INTO PUBLIC.DATABASECHANGELOG (ID, AUTHOR, FILENAME, DATEEXECUTED, ORDEREXECUTED, MD5SUM, DESCRIPTION, COMMENTS, EXECTYPE, CONTEXTS, LABELS, LIQUIBASE, DEPLOYMENT_ID) VALUES ('non-clustered_pk-4', 'R3.Corda', 'migration/node-core.changelog-pkey.xml', NOW(), 74, '8:9a733c73c5a8ca979384c41d59473644', 'dropPrimaryKey constraintName=node_named_identities_pkey, tableName=node_named_identities; addPrimaryKey constraintName=node_named_identities_pkey, tableName=node_named_identities', '', 'MARK_RAN', NULL, NULL, '3.6.3', '2067487881') {changeSet=migration/node-core.changelog-pkey.xml::non-clustered_pk-4::R3.Corda, databaseChangeLog=master.changelog.json}
?[m?[37m[INFO] 11:44:48,002 [Test worker] jvm.JdbcExecutor. - INSERT INTO PUBLIC.DATABASECHANGELOG (ID, AUTHOR, FILENAME, DATEEXECUTED, ORDEREXECUTED, MD5SUM, DESCRIPTION, COMMENTS, EXECTYPE, CONTEXTS, LABELS, LIQUIBASE, DEPLOYMENT_ID) VALUES ('non-clustered_pk-5', 'R3.Corda', 'migration/node-core.changelog-pkey.xml', NOW(), 75, '8:48cf4a4dad77b6a8f7c3c73c09cc3959', 'dropPrimaryKey constraintName=node_our_key_pairs_pkey, tableName=node_our_key_pairs; addPrimaryKey constraintName=node_our_key_pairs_pkey, tableName=node_our_key_pairs', '', 'MARK_RAN', NULL, NULL, '3.6.3', '2067487881') {changeSet=migration/node-core.changelog-pkey.xml::non-clustered_pk-5::R3.Corda, databaseChangeLog=master.changelog.json}
?[m?[37m[INFO] 11:44:48,003 [Test worker] jvm.JdbcExecutor. - INSERT INTO PUBLIC.DATABASECHANGELOG (ID, AUTHOR, FILENAME, DATEEXECUTED, ORDEREXECUTED, MD5SUM, DESCRIPTION, COMMENTS, EXECTYPE, CONTEXTS, LABELS, LIQUIBASE, DEPLOYMENT_ID) VALUES ('non-clustered_pk-6', 'R3.Corda', 'migration/node-core.changelog-pkey.xml', NOW(), 76, '8:25c5581ce04f688ea83704ffa44bab8e', 'dropPrimaryKey constraintName=node_transaction_mappings_pkey, tableName=node_transaction_mappings; addPrimaryKey constraintName=node_transaction_mappings_pkey, tableName=node_transaction_mappings', '', 'MARK_RAN', NULL, NULL, '3.6.3', '2067487881') {changeSet=migration/node-core.changelog-pkey.xml::non-clustered_pk-6::R3.Corda, databaseChangeLog=master.changelog.json}
?[m?[37m[INFO] 11:44:48,003 [Test worker] jvm.JdbcExecutor. - INSERT INTO PUBLIC.DATABASECHANGELOG (ID, AUTHOR, FILENAME, DATEEXECUTED, ORDEREXECUTED, MD5SUM, DESCRIPTION, COMMENTS, EXECTYPE, CONTEXTS, LABELS, LIQUIBASE, DEPLOYMENT_ID) VALUES ('non-clustered_pk-7', 'R3.Corda', 'migration/node-core.changelog-pkey.xml', NOW(), 77, '8:64773359f27e2f85fe6df6097823ce69', 'dropPrimaryKey constraintName=node_transactions_pkey, tableName=node_transactions; addPrimaryKey constraintName=node_transactions_pkey, tableName=node_transactions', '', 'MARK_RAN', NULL, NULL, '3.6.3', '2067487881') {changeSet=migration/node-core.changelog-pkey.xml::non-clustered_pk-7::R3.Corda, databaseChangeLog=master.changelog.json}
?[m?[37m[INFO] 11:44:48,006 [Test worker] changelog.ChangeSet. - Marking ChangeSet: migration/node-core.changelog-v8.xml::conditional_attchments_rename::R3.Corda ran despite precondition failure due to onFail='MARK_RAN': 
          master.changelog.json : Table PUBLIC.NODE_ATTCHMENTS_CONTRACTS does not exist
 {changeSet=migration/node-core.changelog-v8.xml::conditional_attchments_rename::R3.Corda, databaseChangeLog=master.changelog.json}
?[m?[37m[INFO] 11:44:48,007 [Test worker] jvm.JdbcExecutor. - INSERT INTO PUBLIC.DATABASECHANGELOG (ID, AUTHOR, FILENAME, DATEEXECUTED, ORDEREXECUTED, MD5SUM, DESCRIPTION, COMMENTS, EXECTYPE, CONTEXTS, LABELS, LIQUIBASE, DEPLOYMENT_ID) VALUES ('conditional_attchments_rename', 'R3.Corda', 'migration/node-core.changelog-v8.xml', NOW(), 78, '8:114fc6d1775676ecf274989170741a5b', 'renameTable newTableName=NODE_ATTACHMENTS_CONTRACTS, oldTableName=NODE_ATTCHMENTS_CONTRACTS', '', 'MARK_RAN', NULL, NULL, '3.6.3', '2067487881') {changeSet=migration/node-core.changelog-v8.xml::conditional_attchments_rename::R3.Corda, databaseChangeLog=master.changelog.json}
?[m?[37m[INFO] 11:44:48,009 [Test worker] changelog.ChangeSet. - Marking ChangeSet: migration/node-core.changelog-v8.xml::conditional_attchments_contracts::R3.Corda ran despite precondition failure due to onFail='MARK_RAN': 
          master.changelog.json : Table PUBLIC.NODE_ATTACHMENTS_CONTRACT_CLASS_NAME does not exist
 {changeSet=migration/node-core.changelog-v8.xml::conditional_attchments_contracts::R3.Corda, databaseChangeLog=master.changelog.json}
?[m?[37m[INFO] 11:44:48,009 [Test worker] jvm.JdbcExecutor. - INSERT INTO PUBLIC.DATABASECHANGELOG (ID, AUTHOR, FILENAME, DATEEXECUTED, ORDEREXECUTED, MD5SUM, DESCRIPTION, COMMENTS, EXECTYPE, CONTEXTS, LABELS, LIQUIBASE, DEPLOYMENT_ID) VALUES ('conditional_attchments_contracts', 'R3.Corda', 'migration/node-core.changelog-v8.xml', NOW(), 79, '8:c26d868db33a85bdd25570b094635db5', 'renameTable newTableName=NODE_ATTACHMENTS_CONTRACTS, oldTableName=NODE_ATTACHMENTS_CONTRACT_CLASS_NAME', '', 'MARK_RAN', NULL, NULL, '3.6.3', '2067487881') {changeSet=migration/node-core.changelog-v8.xml::conditional_attchments_contracts::R3.Corda, databaseChangeLog=master.changelog.json}
?[m?[37m[INFO] 11:44:48,009 [Test worker] jvm.JdbcExecutor. - CREATE TABLE PUBLIC.node_attachments_signers (att_id NVARCHAR(255) NOT NULL, signer NVARCHAR(1024)) {changeSet=migration/node-core.changelog-v8.xml::add_signers::R3.Corda, databaseChangeLog=master.changelog.json}
?[m?[37m[INFO] 11:44:48,009 [Test worker] changelog.ChangeSet. - Table node_attachments_signers created {changeSet=migration/node-core.changelog-v8.xml::add_signers::R3.Corda, databaseChangeLog=master.changelog.json}
?[m?[37m[INFO] 11:44:48,010 [Test worker] jvm.JdbcExecutor. - ALTER TABLE PUBLIC.node_attachments_signers ADD CONSTRAINT FK__signers__attachments FOREIGN KEY (att_id) REFERENCES PUBLIC.node_attachments (att_id) {changeSet=migration/node-core.changelog-v8.xml::add_signers::R3.Corda, databaseChangeLog=master.changelog.json}
?[m?[37m[INFO] 11:44:48,010 [Test worker] changelog.ChangeSet. - Foreign key constraint added to node_attachments_signers (att_id) {changeSet=migration/node-core.changelog-v8.xml::add_signers::R3.Corda, databaseChangeLog=master.changelog.json}
?[m?[37m[INFO] 11:44:48,010 [Test worker] changelog.ChangeSet. - ChangeSet migration/node-core.changelog-v8.xml::add_signers::R3.Corda ran successfully in 1ms {changeSet=migration/node-core.changelog-v8.xml::add_signers::R3.Corda, databaseChangeLog=master.changelog.json}
?[m?[37m[INFO] 11:44:48,010 [Test worker] jvm.JdbcExecutor. - INSERT INTO PUBLIC.DATABASECHANGELOG (ID, AUTHOR, FILENAME, DATEEXECUTED, ORDEREXECUTED, MD5SUM, DESCRIPTION, COMMENTS, EXECTYPE, CONTEXTS, LABELS, LIQUIBASE, DEPLOYMENT_ID) VALUES ('add_signers', 'R3.Corda', 'migration/node-core.changelog-v8.xml', NOW(), 80, '8:6a033a579a3a8e11a35846d455833835', 'createTable tableName=node_attachments_signers; addForeignKeyConstraint baseTableName=node_attachments_signers, constraintName=FK__signers__attachments, referencedTableName=node_attachments', '', 'EXECUTED', NULL, NULL, '3.6.3', '2067487881') {changeSet=migration/node-core.changelog-v8.xml::add_signers::R3.Corda, databaseChangeLog=master.changelog.json}
?[m?[37m[INFO] 11:44:48,011 [Test worker] jvm.JdbcExecutor. - ALTER TABLE PUBLIC.node_transactions ADD state_machine_run_id NVARCHAR(36) {changeSet=migration/node-core.changelog-tx-mapping.xml::add_tx_mapping_column::R3.Corda, databaseChangeLog=master.changelog.json}
?[m?[37m[INFO] 11:44:48,011 [Test worker] changelog.ChangeSet. - Columns state_machine_run_id(NVARCHAR(36)) added to node_transactions {changeSet=migration/node-core.changelog-tx-mapping.xml::add_tx_mapping_column::R3.Corda, databaseChangeLog=master.changelog.json}
?[m?[37m[INFO] 11:44:48,011 [Test worker] jvm.JdbcExecutor. - update node_transactions set state_machine_run_id=(select state_machine_run_id from
            node_transaction_mappings where node_transactions.tx_id = node_transaction_mappings.tx_id) {changeSet=migration/node-core.changelog-tx-mapping.xml::add_tx_mapping_column::R3.Corda, databaseChangeLog=master.changelog.json}
?[m?[37m[INFO] 11:44:48,011 [Test worker] changelog.ChangeSet. - Custom SQL executed {changeSet=migration/node-core.changelog-tx-mapping.xml::add_tx_mapping_column::R3.Corda, databaseChangeLog=master.changelog.json}
?[m?[37m[INFO] 11:44:48,011 [Test worker] jvm.JdbcExecutor. - DROP TABLE PUBLIC.node_transaction_mappings {changeSet=migration/node-core.changelog-tx-mapping.xml::add_tx_mapping_column::R3.Corda, databaseChangeLog=master.changelog.json}
?[m?[37m[INFO] 11:44:48,011 [Test worker] changelog.ChangeSet. - Table node_transaction_mappings dropped {changeSet=migration/node-core.changelog-tx-mapping.xml::add_tx_mapping_column::R3.Corda, databaseChangeLog=master.changelog.json}
?[m?[37m[INFO] 11:44:48,011 [Test worker] changelog.ChangeSet. - ChangeSet migration/node-core.changelog-tx-mapping.xml::add_tx_mapping_column::R3.Corda ran successfully in 1ms {changeSet=migration/node-core.changelog-tx-mapping.xml::add_tx_mapping_column::R3.Corda, databaseChangeLog=master.changelog.json}
?[m?[37m[INFO] 11:44:48,012 [Test worker] jvm.JdbcExecutor. - INSERT INTO PUBLIC.DATABASECHANGELOG (ID, AUTHOR, FILENAME, DATEEXECUTED, ORDEREXECUTED, MD5SUM, DESCRIPTION, COMMENTS, EXECTYPE, CONTEXTS, LABELS, LIQUIBASE, DEPLOYMENT_ID) VALUES ('add_tx_mapping_column', 'R3.Corda', 'migration/node-core.changelog-tx-mapping.xml', NOW(), 81, '8:6d9d8484a635e932dd8e8f45db1b3d7e', 'addColumn tableName=node_transactions; sql; dropTable tableName=node_transaction_mappings', '', 'EXECUTED', NULL, NULL, '3.6.3', '2067487881') {changeSet=migration/node-core.changelog-tx-mapping.xml::add_tx_mapping_column::R3.Corda, databaseChangeLog=master.changelog.json}
?[m?[37m[INFO] 11:44:48,012 [Test worker] jvm.JdbcExecutor. - CREATE TABLE PUBLIC.node_network_parameters (hash NVARCHAR(130) NOT NULL, epoch INT NOT NULL, parameters_bytes BLOB NOT NULL, signature_bytes BLOB NOT NULL, cert BLOB NOT NULL, parent_cert_path BLOB NOT NULL) {changeSet=migration/node-services.changelog-init.xml::add_network_parameters_storage::R3.Corda, databaseChangeLog=master.changelog.json}
?[m?[37m[INFO] 11:44:48,012 [Test worker] changelog.ChangeSet. - Table node_network_parameters created {changeSet=migration/node-services.changelog-init.xml::add_network_parameters_storage::R3.Corda, databaseChangeLog=master.changelog.json}
?[m?[37m[INFO] 11:44:48,012 [Test worker] changelog.ChangeSet. - ChangeSet migration/node-services.changelog-init.xml::add_network_parameters_storage::R3.Corda ran successfully in 0ms {changeSet=migration/node-services.changelog-init.xml::add_network_parameters_storage::R3.Corda, databaseChangeLog=master.changelog.json}
?[m?[37m[INFO] 11:44:48,012 [Test worker] jvm.JdbcExecutor. - INSERT INTO PUBLIC.DATABASECHANGELOG (ID, AUTHOR, FILENAME, DATEEXECUTED, ORDEREXECUTED, MD5SUM, DESCRIPTION, COMMENTS, EXECTYPE, CONTEXTS, LABELS, LIQUIBASE, DEPLOYMENT_ID) VALUES ('add_network_parameters_storage', 'R3.Corda', 'migration/node-services.changelog-init.xml', NOW(), 82, '8:b448755ba392674254c59e2b9489140f', 'createTable tableName=node_network_parameters', '', 'EXECUTED', NULL, NULL, '3.6.3', '2067487881') {changeSet=migration/node-services.changelog-init.xml::add_network_parameters_storage::R3.Corda, databaseChangeLog=master.changelog.json}
?[m?[37m[INFO] 11:44:48,013 [Test worker] jvm.JdbcExecutor. - ALTER TABLE PUBLIC.node_network_parameters ADD CONSTRAINT node_network_parameters_pkey PRIMARY KEY (hash) {changeSet=migration/node-services.changelog-init.xml::network_parameters_pk::R3.Corda, databaseChangeLog=master.changelog.json}
?[m?[37m[INFO] 11:44:48,013 [Test worker] changelog.ChangeSet. - Primary key added to node_network_parameters (hash) {changeSet=migration/node-services.changelog-init.xml::network_parameters_pk::R3.Corda, databaseChangeLog=master.changelog.json}
?[m?[37m[INFO] 11:44:48,013 [Test worker] changelog.ChangeSet. - ChangeSet migration/node-services.changelog-init.xml::network_parameters_pk::R3.Corda ran successfully in 0ms {changeSet=migration/node-services.changelog-init.xml::network_parameters_pk::R3.Corda, databaseChangeLog=master.changelog.json}
?[m?[37m[INFO] 11:44:48,013 [Test worker] jvm.JdbcExecutor. - INSERT INTO PUBLIC.DATABASECHANGELOG (ID, AUTHOR, FILENAME, DATEEXECUTED, ORDEREXECUTED, MD5SUM, DESCRIPTION, COMMENTS, EXECTYPE, CONTEXTS, LABELS, LIQUIBASE, DEPLOYMENT_ID) VALUES ('network_parameters_pk', 'R3.Corda', 'migration/node-services.changelog-init.xml', NOW(), 83, '8:fc0358b8cab487b52558cd68d6feaf9e', 'addPrimaryKey constraintName=node_network_parameters_pkey, tableName=node_network_parameters', '', 'EXECUTED', NULL, NULL, '3.6.3', '2067487881') {changeSet=migration/node-services.changelog-init.xml::network_parameters_pk::R3.Corda, databaseChangeLog=master.changelog.json}
?[m?[37m[INFO] 11:44:48,013 [Test worker] jvm.JdbcExecutor. - ALTER TABLE PUBLIC.node_attachments ADD version INT {changeSet=migration/node-services.changelog-init.xml::add_version_column::R3.Corda, databaseChangeLog=master.changelog.json}
?[m?[37m[INFO] 11:44:48,014 [Test worker] changelog.ChangeSet. - Columns version(INT) added to node_attachments {changeSet=migration/node-services.changelog-init.xml::add_version_column::R3.Corda, databaseChangeLog=master.changelog.json}
?[m?[37m[INFO] 11:44:48,014 [Test worker] jvm.JdbcExecutor. - update node_attachments set version = 1 {changeSet=migration/node-services.changelog-init.xml::add_version_column::R3.Corda, databaseChangeLog=master.changelog.json}
?[m?[37m[INFO] 11:44:48,014 [Test worker] changelog.ChangeSet. - Custom SQL executed {changeSet=migration/node-services.changelog-init.xml::add_version_column::R3.Corda, databaseChangeLog=master.changelog.json}
?[m?[37m[INFO] 11:44:48,014 [Test worker] jvm.JdbcExecutor. - ALTER TABLE PUBLIC.node_attachments ALTER COLUMN version SET NOT NULL {changeSet=migration/node-services.changelog-init.xml::add_version_column::R3.Corda, databaseChangeLog=master.changelog.json}
?[m?[37m[INFO] 11:44:48,014 [Test worker] changelog.ChangeSet. - NOT NULL constraint has been added to node_attachments.version {changeSet=migration/node-services.changelog-init.xml::add_version_column::R3.Corda, databaseChangeLog=master.changelog.json}
?[m?[37m[INFO] 11:44:48,014 [Test worker] changelog.ChangeSet. - ChangeSet migration/node-services.changelog-init.xml::add_version_column::R3.Corda ran successfully in 1ms {changeSet=migration/node-services.changelog-init.xml::add_version_column::R3.Corda, databaseChangeLog=master.changelog.json}
?[m?[37m[INFO] 11:44:48,015 [Test worker] jvm.JdbcExecutor. - INSERT INTO PUBLIC.DATABASECHANGELOG (ID, AUTHOR, FILENAME, DATEEXECUTED, ORDEREXECUTED, MD5SUM, DESCRIPTION, COMMENTS, EXECTYPE, CONTEXTS, LABELS, LIQUIBASE, DEPLOYMENT_ID) VALUES ('add_version_column', 'R3.Corda', 'migration/node-services.changelog-init.xml', NOW(), 84, '8:ab6a3101d1da88b0f174ccc06a62feef', 'addColumn tableName=node_attachments; sql; addNotNullConstraint columnName=version, tableName=node_attachments', '', 'EXECUTED', NULL, NULL, '3.6.3', '2067487881') {changeSet=migration/node-services.changelog-init.xml::add_version_column::R3.Corda, databaseChangeLog=master.changelog.json}
?[m?[37m[INFO] 11:44:48,015 [Test worker] persistence.AttachmentVersionNumberMigration. - Start executing... {changeSet=migration/node-services.changelog-init.xml::update-version-of-whitelisted-jars::R3.Corda, databaseChangeLog=master.changelog.json}
?[m?[37m[INFO] 11:44:48,015 [Test worker] persistence.AttachmentVersionNumberMigration. - Attachment version creation from whitelisted JARs using network parameters from build/mock-network/20201007-104445.669/nodes/3/network-parameters, whitelistedContractImplementations: {}. {changeSet=migration/node-services.changelog-init.xml::update-version-of-whitelisted-jars::R3.Corda, databaseChangeLog=master.changelog.json}
?[m?[37m[INFO] 11:44:48,015 [Test worker] persistence.AttachmentVersionNumberMigration. - Attachment version creation from whitelisted JARs skipped, no attachments not found. {changeSet=migration/node-services.changelog-init.xml::update-version-of-whitelisted-jars::R3.Corda, databaseChangeLog=master.changelog.json}
?[m?[37m[INFO] 11:44:48,015 [Test worker] changelog.ChangeSet. - null {changeSet=migration/node-services.changelog-init.xml::update-version-of-whitelisted-jars::R3.Corda, databaseChangeLog=master.changelog.json}
?[m?[37m[INFO] 11:44:48,015 [Test worker] changelog.ChangeSet. - ChangeSet migration/node-services.changelog-init.xml::update-version-of-whitelisted-jars::R3.Corda ran successfully in 0ms {changeSet=migration/node-services.changelog-init.xml::update-version-of-whitelisted-jars::R3.Corda, databaseChangeLog=master.changelog.json}
?[m?[37m[INFO] 11:44:48,016 [Test worker] jvm.JdbcExecutor. - INSERT INTO PUBLIC.DATABASECHANGELOG (ID, AUTHOR, FILENAME, DATEEXECUTED, ORDEREXECUTED, MD5SUM, DESCRIPTION, COMMENTS, EXECTYPE, CONTEXTS, LABELS, LIQUIBASE, DEPLOYMENT_ID) VALUES ('update-version-of-whitelisted-jars', 'R3.Corda', 'migration/node-services.changelog-init.xml', NOW(), 85, '8:1d4174a12a4902070f6bf2ba624b0e97', 'customChange', '', 'EXECUTED', NULL, NULL, '3.6.3', '2067487881') {changeSet=migration/node-services.changelog-init.xml::update-version-of-whitelisted-jars::R3.Corda, databaseChangeLog=master.changelog.json}
?[m?[37m[INFO] 11:44:48,016 [Test worker] jvm.JdbcExecutor. - CREATE TABLE PUBLIC.node_identities_no_cert (pk_hash NVARCHAR(130) NOT NULL, name NVARCHAR(128) NOT NULL) {changeSet=migration/node-services.changelog-init.xml::add-new-persistence-table::R3.Corda, databaseChangeLog=master.changelog.json}
?[m?[37m[INFO] 11:44:48,016 [Test worker] changelog.ChangeSet. - Table node_identities_no_cert created {changeSet=migration/node-services.changelog-init.xml::add-new-persistence-table::R3.Corda, databaseChangeLog=master.changelog.json}
?[m?[37m[INFO] 11:44:48,016 [Test worker] jvm.JdbcExecutor. - ALTER TABLE PUBLIC.node_identities_no_cert ADD CONSTRAINT node_identities_no_cert_pkey PRIMARY KEY (pk_hash) {changeSet=migration/node-services.changelog-init.xml::add-new-persistence-table::R3.Corda, databaseChangeLog=master.changelog.json}
?[m?[37m[INFO] 11:44:48,016 [Test worker] changelog.ChangeSet. - Primary key added to node_identities_no_cert (pk_hash) {changeSet=migration/node-services.changelog-init.xml::add-new-persistence-table::R3.Corda, databaseChangeLog=master.changelog.json}
?[m?[37m[INFO] 11:44:48,016 [Test worker] changelog.ChangeSet. - ChangeSet migration/node-services.changelog-init.xml::add-new-persistence-table::R3.Corda ran successfully in 0ms {changeSet=migration/node-services.changelog-init.xml::add-new-persistence-table::R3.Corda, databaseChangeLog=master.changelog.json}
?[m?[37m[INFO] 11:44:48,016 [Test worker] jvm.JdbcExecutor. - INSERT INTO PUBLIC.DATABASECHANGELOG (ID, AUTHOR, FILENAME, DATEEXECUTED, ORDEREXECUTED, MD5SUM, DESCRIPTION, COMMENTS, EXECTYPE, CONTEXTS, LABELS, LIQUIBASE, DEPLOYMENT_ID) VALUES ('add-new-persistence-table', 'R3.Corda', 'migration/node-services.changelog-init.xml', NOW(), 86, '8:cb3302a80bf346270e0d8f3509c64a9b', 'createTable tableName=node_identities_no_cert; addPrimaryKey constraintName=node_identities_no_cert_pkey, tableName=node_identities_no_cert', '', 'EXECUTED', NULL, NULL, '3.6.3', '2067487881') {changeSet=migration/node-services.changelog-init.xml::add-new-persistence-table::R3.Corda, databaseChangeLog=master.changelog.json}
?[m?[37m[INFO] 11:44:48,017 [Test worker] jvm.JdbcExecutor. - ALTER TABLE PUBLIC.pk_hash_to_ext_id_map DROP COLUMN id {changeSet=migration/node-services.changelog-init.xml::migrate_pk_hash_to_ext_id::R3.Corda, databaseChangeLog=master.changelog.json}
?[m?[37m[INFO] 11:44:48,017 [Test worker] changelog.ChangeSet. - Column pk_hash_to_ext_id_map.id dropped {changeSet=migration/node-services.changelog-init.xml::migrate_pk_hash_to_ext_id::R3.Corda, databaseChangeLog=master.changelog.json}
?[m?[37m[INFO] 11:44:48,017 [Test worker] jvm.JdbcExecutor. - DROP INDEX PUBLIC.pk_hash_to_xid_idx {changeSet=migration/node-services.changelog-init.xml::migrate_pk_hash_to_ext_id::R3.Corda, databaseChangeLog=master.changelog.json}
?[m?[37m[INFO] 11:44:48,017 [Test worker] changelog.ChangeSet. - Index pk_hash_to_xid_idx dropped from table pk_hash_to_ext_id_map {changeSet=migration/node-services.changelog-init.xml::migrate_pk_hash_to_ext_id::R3.Corda, databaseChangeLog=master.changelog.json}
?[m?[37m[INFO] 11:44:48,017 [Test worker] jvm.JdbcExecutor. - ALTER TABLE PUBLIC.pk_hash_to_ext_id_map ADD CONSTRAINT pubkey_hash_to_external_id_pk PRIMARY KEY (public_key_hash) {changeSet=migration/node-services.changelog-init.xml::migrate_pk_hash_to_ext_id::R3.Corda, databaseChangeLog=master.changelog.json}
?[m?[37m[INFO] 11:44:48,017 [Test worker] changelog.ChangeSet. - Primary key added to pk_hash_to_ext_id_map (public_key_hash) {changeSet=migration/node-services.changelog-init.xml::migrate_pk_hash_to_ext_id::R3.Corda, databaseChangeLog=master.changelog.json}
?[m?[37m[INFO] 11:44:48,017 [Test worker] jvm.JdbcExecutor. - CREATE INDEX PUBLIC.ext_id_idx ON PUBLIC.pk_hash_to_ext_id_map(external_id) {changeSet=migration/node-services.changelog-init.xml::migrate_pk_hash_to_ext_id::R3.Corda, databaseChangeLog=master.changelog.json}
?[m?[37m[INFO] 11:44:48,017 [Test worker] changelog.ChangeSet. - Index ext_id_idx created {changeSet=migration/node-services.changelog-init.xml::migrate_pk_hash_to_ext_id::R3.Corda, databaseChangeLog=master.changelog.json}
?[m?[37m[INFO] 11:44:48,017 [Test worker] changelog.ChangeSet. - ChangeSet migration/node-services.changelog-init.xml::migrate_pk_hash_to_ext_id::R3.Corda ran successfully in 1ms {changeSet=migration/node-services.changelog-init.xml::migrate_pk_hash_to_ext_id::R3.Corda, databaseChangeLog=master.changelog.json}
?[m?[37m[INFO] 11:44:48,018 [Test worker] jvm.JdbcExecutor. - INSERT INTO PUBLIC.DATABASECHANGELOG (ID, AUTHOR, FILENAME, DATEEXECUTED, ORDEREXECUTED, MD5SUM, DESCRIPTION, COMMENTS, EXECTYPE, CONTEXTS, LABELS, LIQUIBASE, DEPLOYMENT_ID) VALUES ('migrate_pk_hash_to_ext_id', 'R3.Corda', 'migration/node-services.changelog-init.xml', NOW(), 87, '8:daf9ba8b9522b5ed5e0c474f220a5ef9', 'dropColumn columnName=id, tableName=pk_hash_to_ext_id_map; dropIndex indexName=pk_hash_to_xid_idx, tableName=pk_hash_to_ext_id_map; addPrimaryKey constraintName=pubkey_hash_to_external_id_pk, tableName=pk_hash_to_ext_id_map; createIndex indexName=...', '', 'EXECUTED', NULL, NULL, '3.6.3', '2067487881') {changeSet=migration/node-services.changelog-init.xml::migrate_pk_hash_to_ext_id::R3.Corda, databaseChangeLog=master.changelog.json}
?[m?[37m[INFO] 11:44:48,018 [Test worker] changelog.ChangeSet. - null {changeSet=migration/node-services.changelog-init.xml::migrate_identity_service_to_use_publicKey.toShortString()::R3.Corda, databaseChangeLog=master.changelog.json}
?[m?[37m[INFO] 11:44:48,018 [Test worker] changelog.ChangeSet. - ChangeSet migration/node-services.changelog-init.xml::migrate_identity_service_to_use_publicKey.toShortString()::R3.Corda ran successfully in 0ms {changeSet=migration/node-services.changelog-init.xml::migrate_identity_service_to_use_publicKey.toShortString()::R3.Corda, databaseChangeLog=master.changelog.json}
?[m?[37m[INFO] 11:44:48,018 [Test worker] jvm.JdbcExecutor. - INSERT INTO PUBLIC.DATABASECHANGELOG (ID, AUTHOR, FILENAME, DATEEXECUTED, ORDEREXECUTED, MD5SUM, DESCRIPTION, COMMENTS, EXECTYPE, CONTEXTS, LABELS, LIQUIBASE, DEPLOYMENT_ID) VALUES ('migrate_identity_service_to_use_publicKey.toShortString()', 'R3.Corda', 'migration/node-services.changelog-init.xml', NOW(), 88, '8:51a17ecff2c7f17e1502992fdda4356d', 'customChange', '', 'EXECUTED', NULL, NULL, '3.6.3', '2067487881') {changeSet=migration/node-services.changelog-init.xml::migrate_identity_service_to_use_publicKey.toShortString()::R3.Corda, databaseChangeLog=master.changelog.json}
?[m?[37m[INFO] 11:44:48,019 [Test worker] jvm.JdbcExecutor. - ALTER TABLE PUBLIC.node_transactions ADD status NVARCHAR(1) DEFAULT 'V' NOT NULL {changeSet=migration/node-services.changelog-init.xml::add_status_column::R3.Corda, databaseChangeLog=master.changelog.json}
?[m?[37m[INFO] 11:44:48,019 [Test worker] changelog.ChangeSet. - Columns status(NVARCHAR(1)) added to node_transactions {changeSet=migration/node-services.changelog-init.xml::add_status_column::R3.Corda, databaseChangeLog=master.changelog.json}
?[m?[37m[INFO] 11:44:48,019 [Test worker] changelog.ChangeSet. - ChangeSet migration/node-services.changelog-init.xml::add_status_column::R3.Corda ran successfully in 1ms {changeSet=migration/node-services.changelog-init.xml::add_status_column::R3.Corda, databaseChangeLog=master.changelog.json}
?[m?[37m[INFO] 11:44:48,019 [Test worker] jvm.JdbcExecutor. - INSERT INTO PUBLIC.DATABASECHANGELOG (ID, AUTHOR, FILENAME, DATEEXECUTED, ORDEREXECUTED, MD5SUM, DESCRIPTION, COMMENTS, EXECTYPE, CONTEXTS, LABELS, LIQUIBASE, DEPLOYMENT_ID) VALUES ('add_status_column', 'R3.Corda', 'migration/node-services.changelog-init.xml', NOW(), 89, '8:163dc66ab97910470ce080cd4c4d33ef', 'addColumn tableName=node_transactions', '', 'EXECUTED', NULL, NULL, '3.6.3', '2067487881') {changeSet=migration/node-services.changelog-init.xml::add_status_column::R3.Corda, databaseChangeLog=master.changelog.json}
?[m?[37m[INFO] 11:44:48,020 [Test worker] jvm.JdbcExecutor. - CREATE TABLE PUBLIC.node_hash_to_key (pk_hash NVARCHAR(130) NOT NULL, public_key BLOB NOT NULL) {changeSet=migration/node-services.changelog-init.xml::add-new-pk-hash-to-pk-table::R3.Corda, databaseChangeLog=master.changelog.json}
?[m?[37m[INFO] 11:44:48,020 [Test worker] changelog.ChangeSet. - Table node_hash_to_key created {changeSet=migration/node-services.changelog-init.xml::add-new-pk-hash-to-pk-table::R3.Corda, databaseChangeLog=master.changelog.json}
?[m?[37m[INFO] 11:44:48,020 [Test worker] jvm.JdbcExecutor. - ALTER TABLE PUBLIC.node_hash_to_key ADD CONSTRAINT node_hash_to_key_pk_hash PRIMARY KEY (pk_hash) {changeSet=migration/node-services.changelog-init.xml::add-new-pk-hash-to-pk-table::R3.Corda, databaseChangeLog=master.changelog.json}
?[m?[37m[INFO] 11:44:48,020 [Test worker] changelog.ChangeSet. - Primary key added to node_hash_to_key (pk_hash) {changeSet=migration/node-services.changelog-init.xml::add-new-pk-hash-to-pk-table::R3.Corda, databaseChangeLog=master.changelog.json}
?[m?[37m[INFO] 11:44:48,020 [Test worker] changelog.ChangeSet. - ChangeSet migration/node-services.changelog-init.xml::add-new-pk-hash-to-pk-table::R3.Corda ran successfully in 0ms {changeSet=migration/node-services.changelog-init.xml::add-new-pk-hash-to-pk-table::R3.Corda, databaseChangeLog=master.changelog.json}
?[m?[37m[INFO] 11:44:48,021 [Test worker] jvm.JdbcExecutor. - INSERT INTO PUBLIC.DATABASECHANGELOG (ID, AUTHOR, FILENAME, DATEEXECUTED, ORDEREXECUTED, MD5SUM, DESCRIPTION, COMMENTS, EXECTYPE, CONTEXTS, LABELS, LIQUIBASE, DEPLOYMENT_ID) VALUES ('add-new-pk-hash-to-pk-table', 'R3.Corda', 'migration/node-services.changelog-init.xml', NOW(), 90, '8:90ed8145a19f497b5c95a5c9542917f0', 'createTable tableName=node_hash_to_key; addPrimaryKey constraintName=node_hash_to_key_pk_hash, tableName=node_hash_to_key', '', 'EXECUTED', NULL, NULL, '3.6.3', '2067487881') {changeSet=migration/node-services.changelog-init.xml::add-new-pk-hash-to-pk-table::R3.Corda, databaseChangeLog=master.changelog.json}
?[m?[37m[INFO] 11:44:48,021 [Test worker] jvm.JdbcExecutor. - ALTER TABLE PUBLIC.node_transactions ADD timestamp TIMESTAMP DEFAULT '2000-01-01 12:00:00' NOT NULL {changeSet=migration/node-services.changelog-init.xml::add_timestamp_column_to_node_transactions::R3.Corda, databaseChangeLog=master.changelog.json}
?[m?[37m[INFO] 11:44:48,021 [Test worker] changelog.ChangeSet. - Columns timestamp(TIMESTAMP) added to node_transactions {changeSet=migration/node-services.changelog-init.xml::add_timestamp_column_to_node_transactions::R3.Corda, databaseChangeLog=master.changelog.json}
?[m?[37m[INFO] 11:44:48,021 [Test worker] changelog.ChangeSet. - ChangeSet migration/node-services.changelog-init.xml::add_timestamp_column_to_node_transactions::R3.Corda ran successfully in 0ms {changeSet=migration/node-services.changelog-init.xml::add_timestamp_column_to_node_transactions::R3.Corda, databaseChangeLog=master.changelog.json}
?[m?[37m[INFO] 11:44:48,022 [Test worker] jvm.JdbcExecutor. - INSERT INTO PUBLIC.DATABASECHANGELOG (ID, AUTHOR, FILENAME, DATEEXECUTED, ORDEREXECUTED, MD5SUM, DESCRIPTION, COMMENTS, EXECTYPE, CONTEXTS, LABELS, LIQUIBASE, DEPLOYMENT_ID) VALUES ('add_timestamp_column_to_node_transactions', 'R3.Corda', 'migration/node-services.changelog-init.xml', NOW(), 91, '8:bc308c6c38c83b58a03f11f0943a944f', 'addColumn tableName=node_transactions', '', 'EXECUTED', NULL, NULL, '3.6.3', '2067487881') {changeSet=migration/node-services.changelog-init.xml::add_timestamp_column_to_node_transactions::R3.Corda, databaseChangeLog=master.changelog.json}
?[m?[37m[INFO] 11:44:48,022 [Test worker] migration.VaultStateMigration. - Migrating vault state data to V4 tables {changeSet=migration/vault-schema.changelog-v9.xml::update-vault-states::R3.Corda, databaseChangeLog=master.changelog.json}
?[m?[37m[INFO] 11:44:48,023 [Test worker] persistence.HibernateConfiguration. - Init HibernateConfiguration for schemas: [VaultMigrationSchemaV1(name=net.corda.node.migration.VaultMigrationSchema, version=1), VaultSchemaV1(name=net.corda.node.services.vault.VaultSchema, version=1)] {changeSet=migration/vault-schema.changelog-v9.xml::update-vault-states::R3.Corda, databaseChangeLog=master.changelog.json}
?[m?[37m[INFO] 11:44:48,023 [Test worker] factory.BaseSessionFactoryFactory. - Creating session factory for schemas: [VaultMigrationSchemaV1(name=net.corda.node.migration.VaultMigrationSchema, version=1), VaultSchemaV1(name=net.corda.node.services.vault.VaultSchema, version=1)] {changeSet=migration/vault-schema.changelog-v9.xml::update-vault-states::R3.Corda, databaseChangeLog=master.changelog.json}
?[m?[37m[INFO] 11:44:48,027 [Test worker] internal.ConnectionProviderInitiator. - HHH000130: Instantiating explicit connection provider: net.corda.nodeapi.internal.persistence.HibernateConfiguration$NodeDatabaseConnectionProvider {changeSet=migration/vault-schema.changelog-v9.xml::update-vault-states::R3.Corda, databaseChangeLog=master.changelog.json}
?[m?[37m[INFO] 11:44:48,027 [Test worker] dialect.Dialect. - HHH000400: Using dialect: org.hibernate.dialect.H2Dialect {changeSet=migration/vault-schema.changelog-v9.xml::update-vault-states::R3.Corda, databaseChangeLog=master.changelog.json}
?[m?[37m[INFO] 11:44:48,047 [Test worker] connections.access. - HHH10001501: Connection obtained from JdbcConnectionAccess [org.hibernate.engine.jdbc.env.internal.JdbcEnvironmentInitiator$ConnectionProviderJdbcConnectionAccess@35baf5d0] for (non-JTA) DDL execution was not in auto-commit mode; the Connection 'local transaction' will be committed and the Connection will be set into auto-commit mode. {changeSet=migration/vault-schema.changelog-v9.xml::update-vault-states::R3.Corda, databaseChangeLog=master.changelog.json}
?[m?[37m[INFO] 11:44:48,062 [Test worker] internal.JtaPlatformInitiator. - HHH000490: Using JtaPlatform implementation: [org.hibernate.engine.transaction.jta.platform.internal.NoJtaPlatform] {changeSet=migration/vault-schema.changelog-v9.xml::update-vault-states::R3.Corda, databaseChangeLog=master.changelog.json}
?[m?[37m[INFO] 11:44:48,063 [Test worker] factory.BaseSessionFactoryFactory. - Created session factory for schemas: [VaultMigrationSchemaV1(name=net.corda.node.migration.VaultMigrationSchema, version=1), VaultSchemaV1(name=net.corda.node.services.vault.VaultSchema, version=1)] {changeSet=migration/vault-schema.changelog-v9.xml::update-vault-states::R3.Corda, databaseChangeLog=master.changelog.json}
?[m?[37m[INFO] 11:44:48,065 [Test worker] migration.VaultStateMigration. - Finished performing vault state data migration for 0 states {changeSet=migration/vault-schema.changelog-v9.xml::update-vault-states::R3.Corda, databaseChangeLog=master.changelog.json}
?[m?[37m[INFO] 11:44:48,065 [Test worker] changelog.ChangeSet. - null {changeSet=migration/vault-schema.changelog-v9.xml::update-vault-states::R3.Corda, databaseChangeLog=master.changelog.json}
?[m?[37m[INFO] 11:44:48,065 [Test worker] changelog.ChangeSet. - ChangeSet migration/vault-schema.changelog-v9.xml::update-vault-states::R3.Corda ran successfully in 43ms {changeSet=migration/vault-schema.changelog-v9.xml::update-vault-states::R3.Corda, databaseChangeLog=master.changelog.json}
?[m?[37m[INFO] 11:44:48,065 [Test worker] jvm.JdbcExecutor. - INSERT INTO PUBLIC.DATABASECHANGELOG (ID, AUTHOR, FILENAME, DATEEXECUTED, ORDEREXECUTED, MD5SUM, DESCRIPTION, COMMENTS, EXECTYPE, CONTEXTS, LABELS, LIQUIBASE, DEPLOYMENT_ID) VALUES ('update-vault-states', 'R3.Corda', 'migration/vault-schema.changelog-v9.xml', NOW(), 92, '8:f8f4c73846280164daf6855e1ecf3cc6', 'customChange', '', 'EXECUTED', NULL, NULL, '3.6.3', '2067487881') {changeSet=migration/vault-schema.changelog-v9.xml::update-vault-states::R3.Corda, databaseChangeLog=master.changelog.json}
?[m?[37m[INFO] 11:44:48,066 [Test worker] migration.PersistentIdentityMigrationNewTable. - Migrating persistent identities with certificates table into persistent table with no certificate data. {changeSet=migration/node-services.changelog-init.xml::transfer-to-new-persistence-table::R3.Corda, databaseChangeLog=master.changelog.json}
?[m?[37m[INFO] 11:44:48,067 [Test worker] persistence.HibernateConfiguration. - Init HibernateConfiguration for schemas: [MappedSchema(name=net.corda.node.migration.PersistentIdentitiesMigrationSchema, version=1)] {changeSet=migration/node-services.changelog-init.xml::transfer-to-new-persistence-table::R3.Corda, databaseChangeLog=master.changelog.json}
?[m?[37m[INFO] 11:44:48,067 [Test worker] factory.BaseSessionFactoryFactory. - Creating session factory for schemas: [MappedSchema(name=net.corda.node.migration.PersistentIdentitiesMigrationSchema, version=1)] {changeSet=migration/node-services.changelog-init.xml::transfer-to-new-persistence-table::R3.Corda, databaseChangeLog=master.changelog.json}
?[m?[37m[INFO] 11:44:48,070 [Test worker] internal.ConnectionProviderInitiator. - HHH000130: Instantiating explicit connection provider: net.corda.nodeapi.internal.persistence.HibernateConfiguration$NodeDatabaseConnectionProvider {changeSet=migration/node-services.changelog-init.xml::transfer-to-new-persistence-table::R3.Corda, databaseChangeLog=master.changelog.json}
?[m?[37m[INFO] 11:44:48,070 [Test worker] dialect.Dialect. - HHH000400: Using dialect: org.hibernate.dialect.H2Dialect {changeSet=migration/node-services.changelog-init.xml::transfer-to-new-persistence-table::R3.Corda, databaseChangeLog=master.changelog.json}
?[m?[37m[INFO] 11:44:48,081 [Test worker] connections.access. - HHH10001501: Connection obtained from JdbcConnectionAccess [org.hibernate.engine.jdbc.env.internal.JdbcEnvironmentInitiator$ConnectionProviderJdbcConnectionAccess@4de29464] for (non-JTA) DDL execution was not in auto-commit mode; the Connection 'local transaction' will be committed and the Connection will be set into auto-commit mode. {changeSet=migration/node-services.changelog-init.xml::transfer-to-new-persistence-table::R3.Corda, databaseChangeLog=master.changelog.json}
?[m?[37m[INFO] 11:44:48,093 [Test worker] internal.JtaPlatformInitiator. - HHH000490: Using JtaPlatform implementation: [org.hibernate.engine.transaction.jta.platform.internal.NoJtaPlatform] {changeSet=migration/node-services.changelog-init.xml::transfer-to-new-persistence-table::R3.Corda, databaseChangeLog=master.changelog.json}
?[m?[37m[INFO] 11:44:48,093 [Test worker] factory.BaseSessionFactoryFactory. - Created session factory for schemas: [MappedSchema(name=net.corda.node.migration.PersistentIdentitiesMigrationSchema, version=1)] {changeSet=migration/node-services.changelog-init.xml::transfer-to-new-persistence-table::R3.Corda, databaseChangeLog=master.changelog.json}
?[m?[37m[INFO] 11:44:48,094 [Test worker] changelog.ChangeSet. - null {changeSet=migration/node-services.changelog-init.xml::transfer-to-new-persistence-table::R3.Corda, databaseChangeLog=master.changelog.json}
?[m?[37m[INFO] 11:44:48,094 [Test worker] changelog.ChangeSet. - ChangeSet migration/node-services.changelog-init.xml::transfer-to-new-persistence-table::R3.Corda ran successfully in 28ms {changeSet=migration/node-services.changelog-init.xml::transfer-to-new-persistence-table::R3.Corda, databaseChangeLog=master.changelog.json}
?[m?[37m[INFO] 11:44:48,095 [Test worker] jvm.JdbcExecutor. - INSERT INTO PUBLIC.DATABASECHANGELOG (ID, AUTHOR, FILENAME, DATEEXECUTED, ORDEREXECUTED, MD5SUM, DESCRIPTION, COMMENTS, EXECTYPE, CONTEXTS, LABELS, LIQUIBASE, DEPLOYMENT_ID) VALUES ('transfer-to-new-persistence-table', 'R3.Corda', 'migration/node-services.changelog-init.xml', NOW(), 93, '8:dc5c1913b593f4a2b95ddca810da11ba', 'customChange', '', 'EXECUTED', NULL, NULL, '3.6.3', '2067487881') {changeSet=migration/node-services.changelog-init.xml::transfer-to-new-persistence-table::R3.Corda, databaseChangeLog=master.changelog.json}
?[m?[37m[INFO] 11:44:48,095 [Test worker] lockservice.StandardLockService. - Successfully released change log lock
?[m?[37m[INFO] 11:44:48,095 [Test worker] internal.InternalMockNetwork$MockNode. - Connected to H2 database.
?[m?[37m[INFO] 11:44:48,096 [Test worker] persistence.HibernateConfiguration. - Init HibernateConfiguration for schemas: [CommonSchemaV1(name=net.corda.core.schemas.CommonSchema, version=1), VaultSchemaV1(name=net.corda.node.services.vault.VaultSchema, version=1), NodeInfoSchemaV1(name=net.corda.node.internal.schemas.NodeInfoSchema, version=1), NodeCoreV1(name=net.corda.node.services.schema.NodeSchemaService$NodeCore, version=1), AccountsContractsSchemaV1(name=com.r3.corda.lib.accounts.contracts.internal.schemas.AccountsContractsSchema, version=1), AccountsWorkflowsSchemaV1(name=com.r3.corda.lib.accounts.workflows.internal.schemas.AccountsWorkflowsSchema, version=1), FungibleTokenSchemaV1(name=com.r3.corda.lib.tokens.contracts.internal.schemas.FungibleTokenSchema, version=1), NonFungibleTokenSchemaV1(name=com.r3.corda.lib.tokens.contracts.internal.schemas.NonFungibleTokenSchema, version=1), TokenSchemaV1(name=com.r3.corda.lib.tokens.contracts.schemas.TokenSchema, version=1), DistributionRecordSchemaV1(name=com.r3.corda.lib.tokens.workflows.internal.schemas.DistributionRecordSchema, version=1)]
?[m?[37m[INFO] 11:44:48,096 [Test worker] factory.BaseSessionFactoryFactory. - Creating session factory for schemas: [CommonSchemaV1(name=net.corda.core.schemas.CommonSchema, version=1), VaultSchemaV1(name=net.corda.node.services.vault.VaultSchema, version=1), NodeInfoSchemaV1(name=net.corda.node.internal.schemas.NodeInfoSchema, version=1), NodeCoreV1(name=net.corda.node.services.schema.NodeSchemaService$NodeCore, version=1), AccountsContractsSchemaV1(name=com.r3.corda.lib.accounts.contracts.internal.schemas.AccountsContractsSchema, version=1), AccountsWorkflowsSchemaV1(name=com.r3.corda.lib.accounts.workflows.internal.schemas.AccountsWorkflowsSchema, version=1), FungibleTokenSchemaV1(name=com.r3.corda.lib.tokens.contracts.internal.schemas.FungibleTokenSchema, version=1), NonFungibleTokenSchemaV1(name=com.r3.corda.lib.tokens.contracts.internal.schemas.NonFungibleTokenSchema, version=1), TokenSchemaV1(name=com.r3.corda.lib.tokens.contracts.schemas.TokenSchema, version=1), DistributionRecordSchemaV1(name=com.r3.corda.lib.tokens.workflows.internal.schemas.DistributionRecordSchema, version=1)]
?[m?[37m[INFO] 11:44:48,099 [Test worker] internal.ConnectionProviderInitiator. - HHH000130: Instantiating explicit connection provider: net.corda.nodeapi.internal.persistence.HibernateConfiguration$NodeDatabaseConnectionProvider
?[m?[37m[INFO] 11:44:48,099 [Test worker] dialect.Dialect. - HHH000400: Using dialect: org.hibernate.dialect.H2Dialect
?[m?[37m[INFO] 11:44:48,128 [Test worker] connections.access. - HHH10001501: Connection obtained from JdbcConnectionAccess [org.hibernate.engine.jdbc.env.internal.JdbcEnvironmentInitiator$ConnectionProviderJdbcConnectionAccess@38f69e66] for (non-JTA) DDL execution was not in auto-commit mode; the Connection 'local transaction' will be committed and the Connection will be set into auto-commit mode.
?[m?[37m[INFO] 11:44:48,152 [Test worker] internal.JtaPlatformInitiator. - HHH000490: Using JtaPlatform implementation: [org.hibernate.engine.transaction.jta.platform.internal.NoJtaPlatform]
?[m?[37m[INFO] 11:44:48,152 [Test worker] factory.BaseSessionFactoryFactory. - Created session factory for schemas: [CommonSchemaV1(name=net.corda.core.schemas.CommonSchema, version=1), VaultSchemaV1(name=net.corda.node.services.vault.VaultSchema, version=1), NodeInfoSchemaV1(name=net.corda.node.internal.schemas.NodeInfoSchema, version=1), NodeCoreV1(name=net.corda.node.services.schema.NodeSchemaService$NodeCore, version=1), AccountsContractsSchemaV1(name=com.r3.corda.lib.accounts.contracts.internal.schemas.AccountsContractsSchema, version=1), AccountsWorkflowsSchemaV1(name=com.r3.corda.lib.accounts.workflows.internal.schemas.AccountsWorkflowsSchema, version=1), FungibleTokenSchemaV1(name=com.r3.corda.lib.tokens.contracts.internal.schemas.FungibleTokenSchema, version=1), NonFungibleTokenSchemaV1(name=com.r3.corda.lib.tokens.contracts.internal.schemas.NonFungibleTokenSchema, version=1), TokenSchemaV1(name=com.r3.corda.lib.tokens.contracts.schemas.TokenSchema, version=1), DistributionRecordSchemaV1(name=com.r3.corda.lib.tokens.workflows.internal.schemas.DistributionRecordSchema, version=1)]
?[m?[37m[INFO] 11:44:48,152 [Test worker] internal.InternalMockNetwork$MockNode. - identity-private-key not found in key store, generating fresh key!
?[m?[37m[INFO] 11:44:48,163 [Test worker] internal.InternalMockNetwork$MockNode. - Node-info has changed so submitting update. Old node-info was null
?[m?[37m[INFO] 11:44:48,163 [Test worker] network.PersistentNetworkMapCache. - Adding node with info: NodeInfo(addresses=[mock.node:1000], legalIdentitiesAndCerts=[O=BOB, L=London, C=GB], platformVersion=7, serial=1602067488163)
?[m?[37m[INFO] 11:44:48,163 [Test worker] network.PersistentNetworkMapCache. - No previous node found for O=BOB, L=London, C=GB
?[m?[37m[INFO] 11:44:48,165 [Test worker] internal.InternalMockNetwork$MockNode. - New node-info: NodeInfo(addresses=[mock.node:1000], legalIdentitiesAndCerts=[O=BOB, L=London, C=GB], platformVersion=7, serial=1602067488163)
?[m?[37m[INFO] 11:44:48,167 [Test worker] network.NetworkMapUpdater. - Auto-accept enabled for network parameter changes which modify only: [epoch, modifiedTime, packageOwnership, whitelistedContractImplementations]
?[m?[37m[INFO] 11:44:48,167 [Test worker] internal.MockNodeMessagingService. - Status change to true
?[m?[37m[INFO] 11:44:48,167 [Test worker] internal.InternalMockNetwork$MockNode. - MessagingService active change to: true
?[m?[37m[INFO] 11:44:48,168 [MockNode-59-2] network.PersistentNetworkMapCache. - Adding node with info: NodeInfo(addresses=[mock.node:1000], legalIdentitiesAndCerts=[O=BOB, L=London, C=GB], platformVersion=7, serial=1602067488163)
?[m?[37m[INFO] 11:44:48,169 [MockNode-59-2] network.PersistentNetworkMapCache. - Previous node was identical to incoming one - doing nothing
?[m?[37m[INFO] 11:44:48,179 [Test worker] ClassloaderUtils. - Contracts loading for '/var/folders/25/rhm4m5t16xjclwm998ppz_b40000gp/T/attachment1607724985294949083.jar' took 2 msec
?[m?[37m[INFO] 11:44:48,185 [Test worker] persistence.NodeAttachmentService. - Stored new attachment: id=D370FD972C7E07CE73F4F9B7886D226807F6B16C4EE287398B9C69384109DC14 uploader=app filename=Accounts SDK - States and Contracts
?[m?[37m[INFO] 11:44:48,189 [Test worker] ClassloaderUtils. - Contracts loading for '/var/folders/25/rhm4m5t16xjclwm998ppz_b40000gp/T/attachment1388263301609055286.jar' took 2 msec
?[m?[37m[INFO] 11:44:48,203 [Test worker] persistence.NodeAttachmentService. - Stored new attachment: id=A836B59D71384FC77EEE038AD03646FE8D1634D6C63B09FF03D29AA107D55B81 uploader=app filename=re-issuance - contracts
?[m?[37m[INFO] 11:44:48,208 [Test worker] ClassloaderUtils. - Contracts loading for '/var/folders/25/rhm4m5t16xjclwm998ppz_b40000gp/T/attachment1007452741816276451.jar' took 3 msec
?[m?[37m[INFO] 11:44:48,221 [Test worker] persistence.NodeAttachmentService. - Stored new attachment: id=34705DC9A2C8599998BBDBA7C3D13609AF04D8B3A772F7134D685ECC926D8320 uploader=app filename=Token SDK Contracts
?[m?[37m[INFO] 11:44:48,224 [Test worker] internal.InternalMockNetwork$MockNode. - Installed com.r3.corda.lib.accounts.workflows.services.KeyManagementBackedAccountService Corda service
?[m?[37m[INFO] 11:44:48,224 [Test worker] internal.InternalMockNetwork$MockNode. - Installed com.r3.corda.lib.tokens.selection.memory.services.VaultMigratorService Corda service
?[m?[37m[INFO] 11:44:48,224 [Test worker] cordapp.CordappConfigFileProvider. - Found config for cordapp tokens-workflows-1.2 in build/mock-network/20201007-104445.669/nodes/3/cordapps/config/tokens-workflows-1.2.conf
?[m?[31m[WARN] 11:44:48,225 [Test worker] inMemoryConfigSelectionLogger. - Did not detect a configuration for InMemory selection - enabling memory usage for token indexing. Please set stateSelection.inMemory.enabled to "false" to disable this
?[m?[31m[WARN] 11:44:48,225 [Test worker] inMemoryConfigSelectionLogger. - No indexing method specified. Indexes will be created at run-time for each invocation of selectTokens
?[m?[37m[INFO] 11:44:48,225 [Test worker] inMemoryConfigSelectionLogger. - Found in memory token selection configuration with values indexing strategy: [], cacheSize: 1024
?[m?[31m[WARN] 11:44:48,225 [Test worker] vault.NodeVaultService. - trackBy is called with an already existing, open DB transaction. As a result, there might be states missing from both the snapshot and observable, included in the returned data feed, because of race conditions.
?[m?[31m[WARN] 11:44:48,228 [Test worker] inMemoryConfigSelectionLogger. - Did not detect a configuration for InMemory selection - enabling memory usage for token indexing. Please set stateSelection.inMemory.enabled to "false" to disable this
?[m?[31m[WARN] 11:44:48,228 [Test worker] inMemoryConfigSelectionLogger. - No indexing method specified. Indexes will be created at run-time for each invocation of selectTokens
?[m?[37m[INFO] 11:44:48,228 [Test worker] inMemoryConfigSelectionLogger. - Found in memory token selection configuration with values indexing strategy: [], cacheSize: 1024
?[m?[37m[INFO] 11:44:48,228 [Test worker] services.VaultWatcherService. - Starting async token loading from vault
?[m?[37m[INFO] 11:44:48,228 [Test worker] internal.InternalMockNetwork$MockNode. - Installed com.r3.corda.lib.tokens.selection.memory.services.VaultWatcherService Corda service
?[m?[37m[INFO] 11:44:48,228 [Test worker] internal.InternalMockNetwork$MockNode. - Installed com.r3.dr.ledgergraph.attachment.AttachmentReaderService Corda service
?[m?[37m[INFO] 11:44:48,228 [Test worker] internal.InternalMockNetwork$MockNode. - Installed com.r3.dr.ledgergraph.networkparameters.NetworkParametersReaderService Corda service
?[m?[37m[INFO] 11:44:48,228 [Test worker] internal.InternalMockNetwork$MockNode. - Installed com.r3.dr.ledgergraph.services.ConfigurationService Corda service
?[m?[37m[INFO] 11:44:48,228 [Test worker] internal.InternalMockNetwork$MockNode. - Installed com.r3.dr.ledgergraph.services.LedgerGraphJMXService Corda service
?[m?[37m[INFO] 11:44:48,229 [Test worker] internal.InternalMockNetwork$MockNode. - Installed com.r3.dr.ledgergraph.services.LedgerGraphService Corda service
?[m?[37m[INFO] 11:44:48,229 [Test worker] internal.InternalMockNetwork$MockNode. - Installed com.r3.dr.ledgergraph.transaction.TransactionReaderService Corda service
?[m?[37m[INFO] 11:44:48,232 [pool-10-thread-1] services.VaultWatcherService. - publishing 0 to async state loading callback
?[m?[37m[INFO] 11:44:48,232 [pool-10-thread-1] services.VaultWatcherService. - received token vault update with 0 consumed states and: 0 produced states
?[m?[37m[INFO] 11:44:48,232 [pool-10-thread-1] services.VaultWatcherService. - finished token loading
?[m?[37m[INFO] 11:44:48,234 [Test worker] statemachine.SingleThreadedStateMachineManager. - Node ready, info: NodeInfo(addresses=[mock.node:1000], legalIdentitiesAndCerts=[O=BOB, L=London, C=GB], platformVersion=7, serial=1602067488163)
?[m?[37m[INFO] 11:44:48,235 [Test worker] network.PersistentNetworkMapCache. - Adding node with info: NodeInfo(addresses=[mock.node:1000], legalIdentitiesAndCerts=[O=Notary Service, L=Zurich, C=CH], platformVersion=7, serial=1602067486230)
?[m?[37m[INFO] 11:44:48,236 [Test worker] network.PersistentNetworkMapCache. - No previous node found for O=Notary Service, L=Zurich, C=CH
?[m?[37m[INFO] 11:44:48,238 [Thread-281] cordapp.CordappConfigFileProvider. - Found config for cordapp ledger-graph-1.2-SNAPSHOT in build/mock-network/20201007-104445.669/nodes/3/cordapps/config/ledger-graph-1.2-SNAPSHOT.conf
?[m?[37m[INFO] 11:44:48,239 [Thread-281] services.LedgerGraphService. - Configured transaction iterator page size: 100.
?[m?[37m[INFO] 11:44:48,240 [Thread-281] services.LedgerGraphService. - Configured transaction iterator pool size: 10.
?[m?[37m[INFO] 11:44:48,240 [Thread-281] services.LedgerGraphService. - Getting database transaction count...
?[m?[37m[INFO] 11:44:48,243 [Test worker] network.PersistentNetworkMapCache. - Adding node with info: NodeInfo(addresses=[mock.node:1000], legalIdentitiesAndCerts=[O=BOB, L=London, C=GB], platformVersion=7, serial=1602067488163)
?[m?[37m[INFO] 11:44:48,243 [Test worker] network.PersistentNetworkMapCache. - No previous node found for O=BOB, L=London, C=GB
?[m?[37m[INFO] 11:44:48,244 [Thread-281] services.LedgerGraphService. - Loading 0 transactions from database...
?[m?[37m[INFO] 11:44:48,246 [Thread-281] services.LedgerGraphService. - Done loading transactions from database after 0s.
?[m?[37m[INFO] 11:44:48,247 [Thread-281] services.LedgerGraphService. - The LedgerGraph service has now successfully been initialized.
?[m?[37m[INFO] 11:44:48,250 [Test worker] network.PersistentNetworkMapCache. - Adding node with info: NodeInfo(addresses=[mock.node:1000], legalIdentitiesAndCerts=[O=ISSUER, L=London, C=GB], platformVersion=7, serial=1602067486825)
?[m?[37m[INFO] 11:44:48,250 [Test worker] network.PersistentNetworkMapCache. - No previous node found for O=ISSUER, L=London, C=GB
?[m?[37m[INFO] 11:44:48,253 [Test worker] network.PersistentNetworkMapCache. - Adding node with info: NodeInfo(addresses=[mock.node:1000], legalIdentitiesAndCerts=[O=BOB, L=London, C=GB], platformVersion=7, serial=1602067488163)
?[m?[37m[INFO] 11:44:48,254 [Test worker] network.PersistentNetworkMapCache. - No previous node found for O=BOB, L=London, C=GB
?[m?[37m[INFO] 11:44:48,260 [Test worker] network.PersistentNetworkMapCache. - Adding node with info: NodeInfo(addresses=[mock.node:1000], legalIdentitiesAndCerts=[O=ALICE, L=London, C=GB], platformVersion=7, serial=1602067487513)
?[m?[37m[INFO] 11:44:48,260 [Test worker] network.PersistentNetworkMapCache. - No previous node found for O=ALICE, L=London, C=GB
?[m?[37m[INFO] 11:44:48,264 [Test worker] network.PersistentNetworkMapCache. - Adding node with info: NodeInfo(addresses=[mock.node:1000], legalIdentitiesAndCerts=[O=BOB, L=London, C=GB], platformVersion=7, serial=1602067488163)
?[m?[37m[INFO] 11:44:48,265 [Test worker] network.PersistentNetworkMapCache. - No previous node found for O=BOB, L=London, C=GB
?[m?[37m[INFO] 11:44:48,268 [Test worker] network.PersistentNetworkMapCache. - Adding node with info: NodeInfo(addresses=[mock.node:1000], legalIdentitiesAndCerts=[O=BOB, L=London, C=GB], platformVersion=7, serial=1602067488163)
?[m?[37m[INFO] 11:44:48,269 [Test worker] network.PersistentNetworkMapCache. - Previous node was identical to incoming one - doing nothing
?[m?[37m[INFO] 11:44:48,269 [Test worker] network.PersistentNetworkMapCache. - Adding node with info: NodeInfo(addresses=[mock.node:1000], legalIdentitiesAndCerts=[O=BOB, L=London, C=GB], platformVersion=7, serial=1602067488163)
?[m?[37m[INFO] 11:44:48,269 [Test worker] network.PersistentNetworkMapCache. - Previous node was identical to incoming one - doing nothing
?[m?[37m[INFO] 11:44:48,284 [Test worker] cordapp.JarScanningCordappLoader. - Looking for CorDapps in [build/mock-network/20201007-104445.669/nodes/4/cordapps]
?[m?[37m[INFO] 11:44:48,285 [Test worker] cordapp.JarScanningCordappLoader. - Loading CorDapps from RestrictedURL(url=file:/Users/agnieszkaszczepanska/workspace/reissue-sample-cordapp/workflows/build/mock-network/20201007-104445.669/nodes/4/cordapps/accounts-contracts-1.0.jar, rootPackageName=null), RestrictedURL(url=file:/Users/agnieszkaszczepanska/workspace/reissue-sample-cordapp/workflows/build/mock-network/20201007-104445.669/nodes/4/cordapps/accounts-workflows-1.0.jar, rootPackageName=null), RestrictedURL(url=file:/Users/agnieszkaszczepanska/workspace/reissue-sample-cordapp/workflows/build/mock-network/20201007-104445.669/nodes/4/cordapps/reissuance-cordapp-contracts-1.0-SNAPSHOT.jar, rootPackageName=null), RestrictedURL(url=file:/Users/agnieszkaszczepanska/workspace/reissue-sample-cordapp/workflows/build/mock-network/20201007-104445.669/nodes/4/cordapps/workflows.jar, rootPackageName=null), RestrictedURL(url=file:/Users/agnieszkaszczepanska/workspace/reissue-sample-cordapp/workflows/build/mock-network/20201007-104445.669/nodes/4/cordapps/reissuance-cordapp-workflows-1.0-SNAPSHOT.jar, rootPackageName=null), RestrictedURL(url=file:/Users/agnieszkaszczepanska/workspace/reissue-sample-cordapp/workflows/build/mock-network/20201007-104445.669/nodes/4/cordapps/ci-workflows-1.0.jar, rootPackageName=null), RestrictedURL(url=file:/Users/agnieszkaszczepanska/workspace/reissue-sample-cordapp/workflows/build/mock-network/20201007-104445.669/nodes/4/cordapps/tokens-contracts-1.2.jar, rootPackageName=null), RestrictedURL(url=file:/Users/agnieszkaszczepanska/workspace/reissue-sample-cordapp/workflows/build/mock-network/20201007-104445.669/nodes/4/cordapps/tokens-workflows-1.2.jar, rootPackageName=null), RestrictedURL(url=file:/Users/agnieszkaszczepanska/workspace/reissue-sample-cordapp/workflows/build/mock-network/20201007-104445.669/nodes/4/cordapps/ledger-graph-1.2-SNAPSHOT.jar, rootPackageName=null)
?[m?[37m[INFO] 11:44:48,285 [Test worker] cordapp.JarScanningCordappLoader. - Scanning CorDapp in file:/Users/agnieszkaszczepanska/workspace/reissue-sample-cordapp/workflows/build/mock-network/20201007-104445.669/nodes/4/cordapps/accounts-contracts-1.0.jar
?[m?[37m[INFO] 11:44:48,298 [Test worker] cordapp.JarScanningCordappLoader. - Scanning CorDapp in file:/Users/agnieszkaszczepanska/workspace/reissue-sample-cordapp/workflows/build/mock-network/20201007-104445.669/nodes/4/cordapps/accounts-workflows-1.0.jar
?[m?[37m[INFO] 11:44:48,307 [Test worker] cordapp.JarScanningCordappLoader. - Scanning CorDapp in file:/Users/agnieszkaszczepanska/workspace/reissue-sample-cordapp/workflows/build/mock-network/20201007-104445.669/nodes/4/cordapps/reissuance-cordapp-contracts-1.0-SNAPSHOT.jar
?[m?[37m[INFO] 11:44:48,313 [Test worker] cordapp.JarScanningCordappLoader. - Scanning CorDapp in file:/Users/agnieszkaszczepanska/workspace/reissue-sample-cordapp/workflows/build/mock-network/20201007-104445.669/nodes/4/cordapps/workflows.jar
?[m?[37m[INFO] 11:44:48,320 [Test worker] cordapp.JarScanningCordappLoader. - Scanning CorDapp in file:/Users/agnieszkaszczepanska/workspace/reissue-sample-cordapp/workflows/build/mock-network/20201007-104445.669/nodes/4/cordapps/reissuance-cordapp-workflows-1.0-SNAPSHOT.jar
?[m?[37m[INFO] 11:44:48,330 [Test worker] cordapp.JarScanningCordappLoader. - Scanning CorDapp in file:/Users/agnieszkaszczepanska/workspace/reissue-sample-cordapp/workflows/build/mock-network/20201007-104445.669/nodes/4/cordapps/ci-workflows-1.0.jar
?[m?[37m[INFO] 11:44:48,334 [Test worker] cordapp.JarScanningCordappLoader. - Scanning CorDapp in file:/Users/agnieszkaszczepanska/workspace/reissue-sample-cordapp/workflows/build/mock-network/20201007-104445.669/nodes/4/cordapps/tokens-contracts-1.2.jar
?[m?[37m[INFO] 11:44:48,338 [Test worker] cordapp.JarScanningCordappLoader. - Scanning CorDapp in file:/Users/agnieszkaszczepanska/workspace/reissue-sample-cordapp/workflows/build/mock-network/20201007-104445.669/nodes/4/cordapps/tokens-workflows-1.2.jar
?[m?[37m[INFO] 11:44:48,347 [Test worker] cordapp.JarScanningCordappLoader. - Scanning CorDapp in file:/Users/agnieszkaszczepanska/workspace/reissue-sample-cordapp/workflows/build/mock-network/20201007-104445.669/nodes/4/cordapps/ledger-graph-1.2-SNAPSHOT.jar
?[m?[37m[INFO] 11:44:48,363 [Test worker] internal.InternalMockNetwork$MockNode. - MessagingService active change to: false
?[m?[37m[INFO] 11:44:48,364 [Test worker] internal.InternalMockNetwork$MockNode. - Flow external operation executor has a max of 2 threads
?[m?[37m[INFO] 11:44:48,364 [Test worker] internal.InternalMockNetwork$MockNode. - Node starting up ...
?[m?[37m[INFO] 11:44:48,378 [Test worker] internal.NodeFlowManager. - Registered com.r3.corda.lib.accounts.workflows.flows.ShareStateAndSyncAccounts to initiate com.r3.corda.lib.accounts.workflows.flows.ReceiveStateAndSyncAccounts (version 1)
?[m?[37m[INFO] 11:44:48,378 [Test worker] internal.NodeFlowManager. - Registered com.r3.corda.lib.accounts.workflows.flows.ShareStateWithAccount to initiate com.r3.corda.lib.accounts.workflows.flows.ReceiveStateForAccount (version 1)
?[m?[37m[INFO] 11:44:48,378 [Test worker] internal.NodeFlowManager. - Registered com.r3.corda.lib.accounts.workflows.flows.RequestAccountInfo to initiate com.r3.corda.lib.accounts.workflows.flows.RequestAccountInfoHandler (version 1)
?[m?[37m[INFO] 11:44:48,378 [Test worker] internal.NodeFlowManager. - Registered com.r3.corda.lib.accounts.workflows.flows.RequestKeyForAccount to initiate com.r3.corda.lib.accounts.workflows.flows.SendKeyForAccount (version 1)
?[m?[37m[INFO] 11:44:48,378 [Test worker] internal.NodeFlowManager. - Registered com.r3.corda.lib.accounts.workflows.flows.ShareAccountInfo to initiate com.r3.corda.lib.accounts.workflows.flows.ShareAccountInfoHandler (version 1)
?[m?[37m[INFO] 11:44:48,378 [Test worker] internal.NodeFlowManager. - Registered net.corda.samples.reissuance.IssueDemoAppTokens to initiate net.corda.samples.reissuance.IssueDemoAppTokensResponder (version 1)
?[m?[37m[INFO] 11:44:48,378 [Test worker] internal.NodeFlowManager. - Registered net.corda.samples.reissuance.MoveDemoAppTokens to initiate net.corda.samples.reissuance.MoveDemoAppTokensResponder (version 1)
?[m?[37m[INFO] 11:44:48,378 [Test worker] internal.NodeFlowManager. - Registered net.corda.samples.reissuance.RedeemDemoAppTokens to initiate net.corda.samples.reissuance.RedeemDemoAppTokensResponder (version 1)
?[m?[37m[INFO] 11:44:48,378 [Test worker] internal.NodeFlowManager. - Registered com.r3.corda.lib.reissuance.flows.DeleteReIssuedStatesAndLock to initiate com.r3.corda.lib.reissuance.flows.DeleteReIssuedStatesAndLockResponder (version 1)
?[m?[37m[INFO] 11:44:48,378 [Test worker] internal.NodeFlowManager. - Registered com.r3.corda.lib.reissuance.flows.ReIssueStates to initiate com.r3.corda.lib.reissuance.flows.ReIssueStatesResponder (version 1)
?[m?[37m[INFO] 11:44:48,378 [Test worker] internal.NodeFlowManager. - Registered com.r3.corda.lib.reissuance.flows.RequestReIssuanceAndShareRequiredTransactions to initiate com.r3.corda.lib.reissuance.flows.ReceiveSignedTransaction (version 1)
?[m?[37m[INFO] 11:44:48,378 [Test worker] internal.NodeFlowManager. - Registered com.r3.corda.lib.reissuance.flows.RejectReIssuanceRequest to initiate com.r3.corda.lib.reissuance.flows.RejectReIssuanceRequestResponder (version 1)
?[m?[37m[INFO] 11:44:48,378 [Test worker] internal.NodeFlowManager. - Registered com.r3.corda.lib.reissuance.flows.RequestReIssuance to initiate com.r3.corda.lib.reissuance.flows.RequestReIssuanceResponder (version 1)
?[m?[37m[INFO] 11:44:48,378 [Test worker] internal.NodeFlowManager. - Registered com.r3.corda.lib.reissuance.flows.UnlockReIssuedStates to initiate com.r3.corda.lib.reissuance.flows.UnlockReIssuedStatesResponder (version 1)
?[m?[37m[INFO] 11:44:48,378 [Test worker] internal.NodeFlowManager. - Registered com.r3.corda.lib.reissuance.flows.example.dummyStateRequiringAcceptance.CreateDummyStateRequiringAcceptance to initiate com.r3.corda.lib.reissuance.flows.example.dummyStateRequiringAcceptance.CreateDummyStateRequiringAcceptanceResponder (version 1)
?[m?[37m[INFO] 11:44:48,378 [Test worker] internal.NodeFlowManager. - Registered com.r3.corda.lib.reissuance.flows.example.dummyStateRequiringAcceptance.DeleteDummyStateRequiringAcceptance to initiate com.r3.corda.lib.reissuance.flows.example.dummyStateRequiringAcceptance.DeleteDummyStateRequiringAcceptanceResponder (version 1)
?[m?[37m[INFO] 11:44:48,378 [Test worker] internal.NodeFlowManager. - Registered com.r3.corda.lib.reissuance.flows.example.dummyStateRequiringAcceptance.UpdateDummyStateRequiringAcceptance to initiate com.r3.corda.lib.reissuance.flows.example.dummyStateRequiringAcceptance.UpdateDummyStateRequiringAcceptanceResponder (version 1)
?[m?[37m[INFO] 11:44:48,379 [Test worker] internal.NodeFlowManager. - Registered com.r3.corda.lib.reissuance.flows.example.dummyStateRequiringAllParticipantsSignatures.CreateDummyStateRequiringAllParticipantsSignatures to initiate com.r3.corda.lib.reissuance.flows.example.dummyStateRequiringAllParticipantsSignatures.CreateDummyStateRequiringAllParticipantsSignaturesResponder (version 1)
?[m?[37m[INFO] 11:44:48,379 [Test worker] internal.NodeFlowManager. - Registered com.r3.corda.lib.reissuance.flows.example.dummyStateRequiringAllParticipantsSignatures.DeleteDummyStateRequiringAllParticipantsSignatures to initiate com.r3.corda.lib.reissuance.flows.example.dummyStateRequiringAllParticipantsSignatures.DeleteDummyStateRequiringAllParticipantsSignaturesResponder (version 1)
?[m?[37m[INFO] 11:44:48,379 [Test worker] internal.NodeFlowManager. - Registered com.r3.corda.lib.reissuance.flows.example.dummyStateRequiringAllParticipantsSignatures.UpdateDummyStateRequiringAllParticipantsSignatures to initiate com.r3.corda.lib.reissuance.flows.example.dummyStateRequiringAllParticipantsSignatures.UpdateDummyStateRequiringAllParticipantsSignaturesResponder (version 1)
?[m?[37m[INFO] 11:44:48,379 [Test worker] internal.NodeFlowManager. - Registered com.r3.corda.lib.reissuance.flows.example.dummyStateWithInvalidEqualsMethod.CreateDummyStateWithInvalidEqualsMethod to initiate com.r3.corda.lib.reissuance.flows.example.dummyStateWithInvalidEqualsMethod.CreateDummyStateRequiringAllParticipantsSignaturesResponder (version 1)
?[m?[37m[INFO] 11:44:48,379 [Test worker] internal.NodeFlowManager. - Registered com.r3.corda.lib.reissuance.flows.example.dummyStateWithInvalidEqualsMethod.DeleteDummyStateWithInvalidEqualsMethod to initiate com.r3.corda.lib.reissuance.flows.example.dummyStateWithInvalidEqualsMethod.DeleteDummyStateRequiringAllParticipantsSignaturesResponder (version 1)
?[m?[37m[INFO] 11:44:48,379 [Test worker] internal.NodeFlowManager. - Registered com.r3.corda.lib.reissuance.flows.example.dummyStateWithInvalidEqualsMethod.UpdateDummyStateWithInvalidEqualsMethod to initiate com.r3.corda.lib.reissuance.flows.example.dummyStateWithInvalidEqualsMethod.UpdateDummyStateWithInvalidEqualsMethodResponder (version 1)
?[m?[37m[INFO] 11:44:48,379 [Test worker] internal.NodeFlowManager. - Registered com.r3.corda.lib.reissuance.flows.example.simpleDummyState.CreateSimpleDummyStateForAccount to initiate com.r3.corda.lib.reissuance.flows.example.simpleDummyState.CreateSimpleDummyStateForAccountResponder (version 1)
?[m?[37m[INFO] 11:44:48,379 [Test worker] internal.NodeFlowManager. - Registered com.r3.corda.lib.reissuance.flows.example.simpleDummyState.CreateSimpleDummyState to initiate com.r3.corda.lib.reissuance.flows.example.simpleDummyState.CreateSimpleDummyStateResponder (version 1)
?[m?[37m[INFO] 11:44:48,379 [Test worker] internal.NodeFlowManager. - Registered com.r3.corda.lib.reissuance.flows.example.simpleDummyState.DeleteSimpleDummyStateForAccount to initiate com.r3.corda.lib.reissuance.flows.example.simpleDummyState.DeleteSimpleDummyStateForAccountResponder (version 1)
?[m?[37m[INFO] 11:44:48,379 [Test worker] internal.NodeFlowManager. - Registered com.r3.corda.lib.reissuance.flows.example.simpleDummyState.DeleteSimpleDummyState to initiate com.r3.corda.lib.reissuance.flows.example.simpleDummyState.DeleteSimpleDummyStateResponder (version 1)
?[m?[37m[INFO] 11:44:48,379 [Test worker] internal.NodeFlowManager. - Registered com.r3.corda.lib.reissuance.flows.example.simpleDummyState.UpdateSimpleDummyState to initiate com.r3.corda.lib.reissuance.flows.example.simpleDummyState.SimpleDummyStateResponder (version 1)
?[m?[37m[INFO] 11:44:48,379 [Test worker] internal.NodeFlowManager. - Registered com.r3.corda.lib.reissuance.flows.example.simpleDummyState.UpdateSimpleDummyStateForAccount to initiate com.r3.corda.lib.reissuance.flows.example.simpleDummyState.UpdateSimpleDummyStateForAccountResponder (version 1)
?[m?[37m[INFO] 11:44:48,379 [Test worker] internal.NodeFlowManager. - Registered com.r3.corda.lib.reissuance.flows.example.tokens.IssueTokens to initiate com.r3.corda.lib.reissuance.flows.example.tokens.IssueTokensResponder (version 1)
?[m?[37m[INFO] 11:44:48,379 [Test worker] internal.NodeFlowManager. - Registered com.r3.corda.lib.reissuance.flows.example.tokens.RedeemTokens to initiate com.r3.corda.lib.reissuance.flows.example.tokens.RedeemTokensResponder (version 1)
?[m?[37m[INFO] 11:44:48,379 [Test worker] internal.NodeFlowManager. - Registered com.r3.corda.lib.reissuance.flows.example.tokens.TransferTokens to initiate com.r3.corda.lib.reissuance.flows.example.tokens.TransferTokensResponder (version 1)
?[m?[37m[INFO] 11:44:48,379 [Test worker] internal.NodeFlowManager. - Registered com.r3.corda.lib.ci.workflows.RequestKeyForUUIDInitiator to initiate com.r3.corda.lib.ci.workflows.RequestKeyForUUIDResponder (version 1)
?[m?[37m[INFO] 11:44:48,379 [Test worker] internal.NodeFlowManager. - Registered com.r3.corda.lib.ci.workflows.RequestKey to initiate com.r3.corda.lib.ci.workflows.RequestKeyResponder (version 1)
?[m?[37m[INFO] 11:44:48,379 [Test worker] internal.NodeFlowManager. - Registered com.r3.corda.lib.ci.workflows.SyncKeyMappingInitiator to initiate com.r3.corda.lib.ci.workflows.SyncKeyMappingResponder (version 1)
?[m?[37m[INFO] 11:44:48,379 [Test worker] internal.NodeFlowManager. - Registered com.r3.corda.lib.ci.workflows.VerifyAndAddKey to initiate com.r3.corda.lib.ci.workflows.VerifyAndAddKeyResponder (version 1)
?[m?[37m[INFO] 11:44:48,379 [Test worker] internal.NodeFlowManager. - Registered com.r3.corda.lib.tokens.workflows.flows.rpc.ConfidentialIssueTokens to initiate com.r3.corda.lib.tokens.workflows.flows.rpc.ConfidentialIssueTokensHandler (version 1)
?[m?[37m[INFO] 11:44:48,379 [Test worker] internal.NodeFlowManager. - Registered com.r3.corda.lib.tokens.workflows.flows.rpc.ConfidentialMoveFungibleTokens to initiate com.r3.corda.lib.tokens.workflows.flows.rpc.ConfidentialMoveFungibleTokensHandler (version 1)
?[m?[37m[INFO] 11:44:48,379 [Test worker] internal.NodeFlowManager. - Registered com.r3.corda.lib.tokens.workflows.flows.rpc.ConfidentialMoveNonFungibleTokens to initiate com.r3.corda.lib.tokens.workflows.flows.rpc.ConfidentialMoveNonFungibleTokensHandler (version 1)
?[m?[37m[INFO] 11:44:48,379 [Test worker] internal.NodeFlowManager. - Registered com.r3.corda.lib.tokens.workflows.flows.rpc.ConfidentialRedeemFungibleTokens to initiate com.r3.corda.lib.tokens.workflows.flows.rpc.ConfidentialRedeemFungibleTokensHandler (version 1)
?[m?[37m[INFO] 11:44:48,379 [Test worker] internal.NodeFlowManager. - Registered com.r3.corda.lib.tokens.workflows.flows.rpc.CreateEvolvableTokens to initiate com.r3.corda.lib.tokens.workflows.flows.rpc.CreateEvolvableTokensHandler (version 1)
?[m?[37m[INFO] 11:44:48,379 [Test worker] internal.NodeFlowManager. - Registered com.r3.corda.lib.tokens.workflows.flows.rpc.IssueTokens to initiate com.r3.corda.lib.tokens.workflows.flows.rpc.IssueTokensHandler (version 1)
?[m?[37m[INFO] 11:44:48,379 [Test worker] internal.NodeFlowManager. - Registered com.r3.corda.lib.tokens.workflows.flows.rpc.MoveFungibleTokens to initiate com.r3.corda.lib.tokens.workflows.flows.rpc.MoveFungibleTokensHandler (version 1)
?[m?[37m[INFO] 11:44:48,379 [Test worker] internal.NodeFlowManager. - Registered com.r3.corda.lib.tokens.workflows.flows.rpc.MoveNonFungibleTokens to initiate com.r3.corda.lib.tokens.workflows.flows.rpc.MoveNonFungibleTokensHandler (version 1)
?[m?[37m[INFO] 11:44:48,379 [Test worker] internal.NodeFlowManager. - Registered com.r3.corda.lib.tokens.workflows.flows.rpc.RedeemFungibleTokens to initiate com.r3.corda.lib.tokens.workflows.flows.rpc.RedeemFungibleTokensHandler (version 1)
?[m?[37m[INFO] 11:44:48,379 [Test worker] internal.NodeFlowManager. - Registered com.r3.corda.lib.tokens.workflows.flows.rpc.RedeemNonFungibleTokens to initiate com.r3.corda.lib.tokens.workflows.flows.rpc.RedeemNonFungibleTokensHandler (version 1)
?[m?[37m[INFO] 11:44:48,379 [Test worker] internal.NodeFlowManager. - Registered com.r3.corda.lib.tokens.workflows.flows.rpc.UpdateEvolvableToken to initiate com.r3.corda.lib.tokens.workflows.flows.rpc.UpdateEvolvableTokenHandler (version 1)
?[m?[37m[INFO] 11:44:48,379 [Test worker] internal.NodeFlowManager. - Registered com.r3.corda.lib.tokens.workflows.internal.flows.distribution.RequestAdditionToDistributionList$Initiator to initiate com.r3.corda.lib.tokens.workflows.internal.flows.distribution.RequestAdditionToDistributionList$Responder (version 1)
?[m?[37m[INFO] 11:44:48,379 [Test worker] internal.NodeFlowManager. - Registered com.r3.corda.lib.tokens.workflows.internal.flows.distribution.UpdateDistributionListFlow to initiate com.r3.corda.lib.tokens.workflows.internal.flows.distribution.UpdateDistributionListFlowHandler (version 1)
?[m?[37m[INFO] 11:44:48,379 [Test worker] internal.NodeFlowManager. - Registered com.r3.corda.lib.tokens.workflows.internal.testflows.DvPFlow to initiate com.r3.corda.lib.tokens.workflows.internal.testflows.DvPFlowHandler (version 1)
?[m?[37m[INFO] 11:44:48,380 [Test worker] internal.InternalMockNetwork$MockNode. - Loaded network parameters: NetworkParameters {
      minimumPlatformVersion=4
      notaries=[NotaryInfo(identity=O=Notary Service, L=Zurich, C=CH, validating=false)]
      maxMessageSize=10485760
      maxTransactionSize=524288000
      whitelistedContractImplementations {
        
      }
      eventHorizon=PT720H
      packageOwnership {
        
      }
      modifiedTime=2020-10-07T10:44:45.669Z
      epoch=1
  }
?[m?[37m[INFO] 11:44:48,381 [Test worker] hikari.HikariDataSource. - HikariPool-60 - Starting...
?[m?[37m[INFO] 11:44:48,382 [Test worker] hikari.HikariDataSource. - HikariPool-60 - Start completed.
?[m?[37m[INFO] 11:44:48,575 [Test worker] changelog.StandardChangeLogHistoryService. - Creating database history table with name: PUBLIC.DATABASECHANGELOG
?[m?[37m[INFO] 11:44:48,575 [Test worker] jvm.JdbcExecutor. - CREATE TABLE PUBLIC.DATABASECHANGELOG (ID VARCHAR(255) NOT NULL, AUTHOR VARCHAR(255) NOT NULL, FILENAME VARCHAR(255) NOT NULL, DATEEXECUTED TIMESTAMP NOT NULL, ORDEREXECUTED INT NOT NULL, EXECTYPE VARCHAR(10) NOT NULL, MD5SUM VARCHAR(35), DESCRIPTION VARCHAR(255), COMMENTS VARCHAR(255), TAG VARCHAR(255), LIQUIBASE VARCHAR(20), CONTEXTS VARCHAR(255), LABELS VARCHAR(255), DEPLOYMENT_ID VARCHAR(10))
?[m?[37m[INFO] 11:44:48,575 [Test worker] jvm.JdbcExecutor. - SELECT COUNT(*) FROM PUBLIC.DATABASECHANGELOG
?[m?[37m[INFO] 11:44:48,575 [Test worker] changelog.StandardChangeLogHistoryService. - Reading from PUBLIC.DATABASECHANGELOG
?[m?[37m[INFO] 11:44:48,575 [Test worker] jvm.JdbcExecutor. - SELECT * FROM PUBLIC.DATABASECHANGELOG ORDER BY DATEEXECUTED ASC, ORDEREXECUTED ASC
?[m?[37m[INFO] 11:44:48,575 [Test worker] jvm.JdbcExecutor. - SELECT COUNT(*) FROM PUBLIC.DATABASECHANGELOGLOCK
?[m?[37m[INFO] 11:44:48,576 [Test worker] jvm.JdbcExecutor. - CREATE TABLE PUBLIC.DATABASECHANGELOGLOCK (ID INT NOT NULL, LOCKED BOOLEAN NOT NULL, LOCKGRANTED TIMESTAMP, LOCKEDBY VARCHAR(255), CONSTRAINT PK_DATABASECHANGELOGLOCK PRIMARY KEY (ID))
?[m?[37m[INFO] 11:44:48,576 [Test worker] jvm.JdbcExecutor. - SELECT COUNT(*) FROM PUBLIC.DATABASECHANGELOGLOCK
?[m?[37m[INFO] 11:44:48,576 [Test worker] jvm.JdbcExecutor. - DELETE FROM PUBLIC.DATABASECHANGELOGLOCK
?[m?[37m[INFO] 11:44:48,576 [Test worker] jvm.JdbcExecutor. - INSERT INTO PUBLIC.DATABASECHANGELOGLOCK (ID, LOCKED) VALUES (1, FALSE)
?[m?[37m[INFO] 11:44:48,580 [Test worker] visitor.ValidatingVisitor. - Skipping change set migration/vault-schema.changelog-pkey.xml::non-clustered_pk-11::R3.Corda due to validation error(s): clustered is not allowed on h2 {changeSet=migration/vault-schema.changelog-pkey.xml::non-clustered_pk-11::R3.Corda, databaseChangeLog=master.changelog.json}
?[m?[37m[INFO] 11:44:48,581 [Test worker] visitor.ValidatingVisitor. - Skipping change set migration/vault-schema.changelog-pkey.xml::non-clustered_pk-12::R3.Corda due to validation error(s): clustered is not allowed on h2 {changeSet=migration/vault-schema.changelog-pkey.xml::non-clustered_pk-12::R3.Corda, databaseChangeLog=master.changelog.json}
?[m?[37m[INFO] 11:44:48,581 [Test worker] visitor.ValidatingVisitor. - Skipping change set migration/vault-schema.changelog-pkey.xml::non-clustered_pk-13::R3.Corda due to validation error(s): clustered is not allowed on h2 {changeSet=migration/vault-schema.changelog-pkey.xml::non-clustered_pk-13::R3.Corda, databaseChangeLog=master.changelog.json}
?[m?[37m[INFO] 11:44:48,590 [Test worker] visitor.ValidatingVisitor. - Skipping change set migration/node-core.changelog-pkey.xml::non-clustered_pk-1::R3.Corda due to validation error(s): clustered is not allowed on h2 {changeSet=migration/node-core.changelog-pkey.xml::non-clustered_pk-1::R3.Corda, databaseChangeLog=master.changelog.json}
?[m?[37m[INFO] 11:44:48,590 [Test worker] visitor.ValidatingVisitor. - Skipping change set migration/node-core.changelog-pkey.xml::non-clustered_pk-2::R3.Corda due to validation error(s): clustered is not allowed on h2 {changeSet=migration/node-core.changelog-pkey.xml::non-clustered_pk-2::R3.Corda, databaseChangeLog=master.changelog.json}
?[m?[37m[INFO] 11:44:48,590 [Test worker] visitor.ValidatingVisitor. - Skipping change set migration/node-core.changelog-pkey.xml::non-clustered_pk-3::R3.Corda due to validation error(s): clustered is not allowed on h2 {changeSet=migration/node-core.changelog-pkey.xml::non-clustered_pk-3::R3.Corda, databaseChangeLog=master.changelog.json}
?[m?[37m[INFO] 11:44:48,590 [Test worker] visitor.ValidatingVisitor. - Skipping change set migration/node-core.changelog-pkey.xml::non-clustered_pk-4::R3.Corda due to validation error(s): clustered is not allowed on h2 {changeSet=migration/node-core.changelog-pkey.xml::non-clustered_pk-4::R3.Corda, databaseChangeLog=master.changelog.json}
?[m?[37m[INFO] 11:44:48,590 [Test worker] visitor.ValidatingVisitor. - Skipping change set migration/node-core.changelog-pkey.xml::non-clustered_pk-5::R3.Corda due to validation error(s): clustered is not allowed on h2 {changeSet=migration/node-core.changelog-pkey.xml::non-clustered_pk-5::R3.Corda, databaseChangeLog=master.changelog.json}
?[m?[37m[INFO] 11:44:48,590 [Test worker] visitor.ValidatingVisitor. - Skipping change set migration/node-core.changelog-pkey.xml::non-clustered_pk-6::R3.Corda due to validation error(s): clustered is not allowed on h2 {changeSet=migration/node-core.changelog-pkey.xml::non-clustered_pk-6::R3.Corda, databaseChangeLog=master.changelog.json}
?[m?[37m[INFO] 11:44:48,591 [Test worker] visitor.ValidatingVisitor. - Skipping change set migration/node-core.changelog-pkey.xml::non-clustered_pk-7::R3.Corda due to validation error(s): clustered is not allowed on h2 {changeSet=migration/node-core.changelog-pkey.xml::non-clustered_pk-7::R3.Corda, databaseChangeLog=master.changelog.json}
?[m?[37m[INFO] 11:44:48,593 [Test worker] jvm.JdbcExecutor. - SELECT COUNT(*) FROM PUBLIC.DATABASECHANGELOGLOCK
?[m?[37m[INFO] 11:44:48,593 [Test worker] jvm.JdbcExecutor. - SELECT LOCKED FROM PUBLIC.DATABASECHANGELOGLOCK WHERE ID=1
?[m?[37m[INFO] 11:44:48,594 [Test worker] lockservice.StandardLockService. - Successfully acquired change log lock
?[m?[37m[INFO] 11:44:48,595 [Test worker] visitor.ValidatingVisitor. - Skipping change set migration/vault-schema.changelog-pkey.xml::non-clustered_pk-11::R3.Corda due to validation error(s): clustered is not allowed on h2 {changeSet=migration/vault-schema.changelog-pkey.xml::non-clustered_pk-11::R3.Corda, databaseChangeLog=master.changelog.json}
?[m?[37m[INFO] 11:44:48,595 [Test worker] visitor.ValidatingVisitor. - Skipping change set migration/vault-schema.changelog-pkey.xml::non-clustered_pk-12::R3.Corda due to validation error(s): clustered is not allowed on h2 {changeSet=migration/vault-schema.changelog-pkey.xml::non-clustered_pk-12::R3.Corda, databaseChangeLog=master.changelog.json}
?[m?[37m[INFO] 11:44:48,595 [Test worker] visitor.ValidatingVisitor. - Skipping change set migration/vault-schema.changelog-pkey.xml::non-clustered_pk-13::R3.Corda due to validation error(s): clustered is not allowed on h2 {changeSet=migration/vault-schema.changelog-pkey.xml::non-clustered_pk-13::R3.Corda, databaseChangeLog=master.changelog.json}
?[m?[37m[INFO] 11:44:48,598 [Test worker] visitor.ValidatingVisitor. - Skipping change set migration/node-core.changelog-pkey.xml::non-clustered_pk-1::R3.Corda due to validation error(s): clustered is not allowed on h2 {changeSet=migration/node-core.changelog-pkey.xml::non-clustered_pk-1::R3.Corda, databaseChangeLog=master.changelog.json}
?[m?[37m[INFO] 11:44:48,598 [Test worker] visitor.ValidatingVisitor. - Skipping change set migration/node-core.changelog-pkey.xml::non-clustered_pk-2::R3.Corda due to validation error(s): clustered is not allowed on h2 {changeSet=migration/node-core.changelog-pkey.xml::non-clustered_pk-2::R3.Corda, databaseChangeLog=master.changelog.json}
?[m?[37m[INFO] 11:44:48,598 [Test worker] visitor.ValidatingVisitor. - Skipping change set migration/node-core.changelog-pkey.xml::non-clustered_pk-3::R3.Corda due to validation error(s): clustered is not allowed on h2 {changeSet=migration/node-core.changelog-pkey.xml::non-clustered_pk-3::R3.Corda, databaseChangeLog=master.changelog.json}
?[m?[37m[INFO] 11:44:48,598 [Test worker] visitor.ValidatingVisitor. - Skipping change set migration/node-core.changelog-pkey.xml::non-clustered_pk-4::R3.Corda due to validation error(s): clustered is not allowed on h2 {changeSet=migration/node-core.changelog-pkey.xml::non-clustered_pk-4::R3.Corda, databaseChangeLog=master.changelog.json}
?[m?[37m[INFO] 11:44:48,598 [Test worker] visitor.ValidatingVisitor. - Skipping change set migration/node-core.changelog-pkey.xml::non-clustered_pk-5::R3.Corda due to validation error(s): clustered is not allowed on h2 {changeSet=migration/node-core.changelog-pkey.xml::non-clustered_pk-5::R3.Corda, databaseChangeLog=master.changelog.json}
?[m?[37m[INFO] 11:44:48,598 [Test worker] visitor.ValidatingVisitor. - Skipping change set migration/node-core.changelog-pkey.xml::non-clustered_pk-6::R3.Corda due to validation error(s): clustered is not allowed on h2 {changeSet=migration/node-core.changelog-pkey.xml::non-clustered_pk-6::R3.Corda, databaseChangeLog=master.changelog.json}
?[m?[37m[INFO] 11:44:48,598 [Test worker] visitor.ValidatingVisitor. - Skipping change set migration/node-core.changelog-pkey.xml::non-clustered_pk-7::R3.Corda due to validation error(s): clustered is not allowed on h2 {changeSet=migration/node-core.changelog-pkey.xml::non-clustered_pk-7::R3.Corda, databaseChangeLog=master.changelog.json}
?[m?[37m[INFO] 11:44:48,599 [Test worker] jvm.JdbcExecutor. - SELECT SEQUENCE_NAME FROM INFORMATION_SCHEMA.SEQUENCES WHERE SEQUENCE_SCHEMA = 'null' AND IS_GENERATED=FALSE {changeSet=migration/common.changelog-init.xml::1511451595465-1.1::R3.Corda, databaseChangeLog=master.changelog.json}
?[m?[37m[INFO] 11:44:48,599 [Test worker] jvm.JdbcExecutor. - SELECT SEQUENCE_NAME FROM INFORMATION_SCHEMA.SEQUENCES WHERE SEQUENCE_SCHEMA = 'PUBLIC' AND IS_GENERATED=FALSE {changeSet=migration/common.changelog-init.xml::1511451595465-1.1::R3.Corda, databaseChangeLog=master.changelog.json}
?[m?[37m[INFO] 11:44:48,599 [Test worker] jvm.JdbcExecutor. - CREATE SEQUENCE PUBLIC.hibernate_sequence {changeSet=migration/common.changelog-init.xml::1511451595465-1.1::R3.Corda, databaseChangeLog=master.changelog.json}
?[m?[37m[INFO] 11:44:48,600 [Test worker] changelog.ChangeSet. - Sequence hibernate_sequence created {changeSet=migration/common.changelog-init.xml::1511451595465-1.1::R3.Corda, databaseChangeLog=master.changelog.json}
?[m?[37m[INFO] 11:44:48,600 [Test worker] changelog.ChangeSet. - ChangeSet migration/common.changelog-init.xml::1511451595465-1.1::R3.Corda ran successfully in 1ms {changeSet=migration/common.changelog-init.xml::1511451595465-1.1::R3.Corda, databaseChangeLog=master.changelog.json}
?[m?[37m[INFO] 11:44:48,600 [Test worker] jvm.JdbcExecutor. - SELECT MAX(ORDEREXECUTED) FROM PUBLIC.DATABASECHANGELOG {changeSet=migration/common.changelog-init.xml::1511451595465-1.1::R3.Corda, databaseChangeLog=master.changelog.json}
?[m?[37m[INFO] 11:44:48,600 [Test worker] jvm.JdbcExecutor. - INSERT INTO PUBLIC.DATABASECHANGELOG (ID, AUTHOR, FILENAME, DATEEXECUTED, ORDEREXECUTED, MD5SUM, DESCRIPTION, COMMENTS, EXECTYPE, CONTEXTS, LABELS, LIQUIBASE, DEPLOYMENT_ID) VALUES ('1511451595465-1.1', 'R3.Corda', 'migration/common.changelog-init.xml', NOW(), 1, '8:9df4ee4464a4a10dfcf2717c73a52620', 'createSequence sequenceName=hibernate_sequence', '', 'EXECUTED', NULL, NULL, '3.6.3', '2067488594') {changeSet=migration/common.changelog-init.xml::1511451595465-1.1::R3.Corda, databaseChangeLog=master.changelog.json}
?[m?[37m[INFO] 11:44:48,600 [Test worker] jvm.JdbcExecutor. - CREATE TABLE PUBLIC.vault_fungible_states (output_index INT NOT NULL, transaction_id NVARCHAR(64) NOT NULL, issuer_name NVARCHAR(255), issuer_ref VARBINARY(512), owner_name NVARCHAR(255), quantity BIGINT) {changeSet=migration/vault-schema.changelog-init.xml::1511451595465-22::R3.Corda, databaseChangeLog=master.changelog.json}
?[m?[37m[INFO] 11:44:48,600 [Test worker] changelog.ChangeSet. - Table vault_fungible_states created {changeSet=migration/vault-schema.changelog-init.xml::1511451595465-22::R3.Corda, databaseChangeLog=master.changelog.json}
?[m?[37m[INFO] 11:44:48,600 [Test worker] changelog.ChangeSet. - ChangeSet migration/vault-schema.changelog-init.xml::1511451595465-22::R3.Corda ran successfully in 0ms {changeSet=migration/vault-schema.changelog-init.xml::1511451595465-22::R3.Corda, databaseChangeLog=master.changelog.json}
?[m?[37m[INFO] 11:44:48,600 [Test worker] jvm.JdbcExecutor. - INSERT INTO PUBLIC.DATABASECHANGELOG (ID, AUTHOR, FILENAME, DATEEXECUTED, ORDEREXECUTED, MD5SUM, DESCRIPTION, COMMENTS, EXECTYPE, CONTEXTS, LABELS, LIQUIBASE, DEPLOYMENT_ID) VALUES ('1511451595465-22', 'R3.Corda', 'migration/vault-schema.changelog-init.xml', NOW(), 2, '8:4ae481f11ac84744a4392bbfd533fa75', 'createTable tableName=vault_fungible_states', '', 'EXECUTED', NULL, NULL, '3.6.3', '2067488594') {changeSet=migration/vault-schema.changelog-init.xml::1511451595465-22::R3.Corda, databaseChangeLog=master.changelog.json}
?[m?[37m[INFO] 11:44:48,601 [Test worker] jvm.JdbcExecutor. - CREATE TABLE PUBLIC.vault_fungible_states_parts (output_index INT NOT NULL, transaction_id NVARCHAR(64) NOT NULL, participants NVARCHAR(255)) {changeSet=migration/vault-schema.changelog-init.xml::1511451595465-23::R3.Corda, databaseChangeLog=master.changelog.json}
?[m?[37m[INFO] 11:44:48,601 [Test worker] changelog.ChangeSet. - Table vault_fungible_states_parts created {changeSet=migration/vault-schema.changelog-init.xml::1511451595465-23::R3.Corda, databaseChangeLog=master.changelog.json}
?[m?[37m[INFO] 11:44:48,601 [Test worker] changelog.ChangeSet. - ChangeSet migration/vault-schema.changelog-init.xml::1511451595465-23::R3.Corda ran successfully in 0ms {changeSet=migration/vault-schema.changelog-init.xml::1511451595465-23::R3.Corda, databaseChangeLog=master.changelog.json}
?[m?[37m[INFO] 11:44:48,601 [Test worker] jvm.JdbcExecutor. - INSERT INTO PUBLIC.DATABASECHANGELOG (ID, AUTHOR, FILENAME, DATEEXECUTED, ORDEREXECUTED, MD5SUM, DESCRIPTION, COMMENTS, EXECTYPE, CONTEXTS, LABELS, LIQUIBASE, DEPLOYMENT_ID) VALUES ('1511451595465-23', 'R3.Corda', 'migration/vault-schema.changelog-init.xml', NOW(), 3, '8:3222255d3b2e04b9dfad42d9acab103e', 'createTable tableName=vault_fungible_states_parts', '', 'EXECUTED', NULL, NULL, '3.6.3', '2067488594') {changeSet=migration/vault-schema.changelog-init.xml::1511451595465-23::R3.Corda, databaseChangeLog=master.changelog.json}
?[m?[37m[INFO] 11:44:48,601 [Test worker] jvm.JdbcExecutor. - CREATE TABLE PUBLIC.vault_linear_states (output_index INT NOT NULL, transaction_id NVARCHAR(64) NOT NULL, external_id NVARCHAR(255), uuid VARCHAR(255) NOT NULL) {changeSet=migration/vault-schema.changelog-init.xml::1511451595465-24::R3.Corda, databaseChangeLog=master.changelog.json}
?[m?[37m[INFO] 11:44:48,601 [Test worker] changelog.ChangeSet. - Table vault_linear_states created {changeSet=migration/vault-schema.changelog-init.xml::1511451595465-24::R3.Corda, databaseChangeLog=master.changelog.json}
?[m?[37m[INFO] 11:44:48,601 [Test worker] changelog.ChangeSet. - ChangeSet migration/vault-schema.changelog-init.xml::1511451595465-24::R3.Corda ran successfully in 0ms {changeSet=migration/vault-schema.changelog-init.xml::1511451595465-24::R3.Corda, databaseChangeLog=master.changelog.json}
?[m?[37m[INFO] 11:44:48,601 [Test worker] jvm.JdbcExecutor. - INSERT INTO PUBLIC.DATABASECHANGELOG (ID, AUTHOR, FILENAME, DATEEXECUTED, ORDEREXECUTED, MD5SUM, DESCRIPTION, COMMENTS, EXECTYPE, CONTEXTS, LABELS, LIQUIBASE, DEPLOYMENT_ID) VALUES ('1511451595465-24', 'R3.Corda', 'migration/vault-schema.changelog-init.xml', NOW(), 4, '8:fb2c5b52213239424320d137dc22059b', 'createTable tableName=vault_linear_states', '', 'EXECUTED', NULL, NULL, '3.6.3', '2067488594') {changeSet=migration/vault-schema.changelog-init.xml::1511451595465-24::R3.Corda, databaseChangeLog=master.changelog.json}
?[m?[37m[INFO] 11:44:48,601 [Test worker] jvm.JdbcExecutor. - CREATE TABLE PUBLIC.vault_linear_states_parts (output_index INT NOT NULL, transaction_id NVARCHAR(64) NOT NULL, participants NVARCHAR(255)) {changeSet=migration/vault-schema.changelog-init.xml::1511451595465-25::R3.Corda, databaseChangeLog=master.changelog.json}
?[m?[37m[INFO] 11:44:48,601 [Test worker] changelog.ChangeSet. - Table vault_linear_states_parts created {changeSet=migration/vault-schema.changelog-init.xml::1511451595465-25::R3.Corda, databaseChangeLog=master.changelog.json}
?[m?[37m[INFO] 11:44:48,601 [Test worker] changelog.ChangeSet. - ChangeSet migration/vault-schema.changelog-init.xml::1511451595465-25::R3.Corda ran successfully in 0ms {changeSet=migration/vault-schema.changelog-init.xml::1511451595465-25::R3.Corda, databaseChangeLog=master.changelog.json}
?[m?[37m[INFO] 11:44:48,602 [Test worker] jvm.JdbcExecutor. - INSERT INTO PUBLIC.DATABASECHANGELOG (ID, AUTHOR, FILENAME, DATEEXECUTED, ORDEREXECUTED, MD5SUM, DESCRIPTION, COMMENTS, EXECTYPE, CONTEXTS, LABELS, LIQUIBASE, DEPLOYMENT_ID) VALUES ('1511451595465-25', 'R3.Corda', 'migration/vault-schema.changelog-init.xml', NOW(), 5, '8:ccb2ca1b37c0eeb2ac12506f17bc8ee0', 'createTable tableName=vault_linear_states_parts', '', 'EXECUTED', NULL, NULL, '3.6.3', '2067488594') {changeSet=migration/vault-schema.changelog-init.xml::1511451595465-25::R3.Corda, databaseChangeLog=master.changelog.json}
?[m?[37m[INFO] 11:44:48,602 [Test worker] jvm.JdbcExecutor. - CREATE TABLE PUBLIC.vault_states (output_index INT NOT NULL, transaction_id NVARCHAR(64) NOT NULL, consumed_timestamp TIMESTAMP, contract_state_class_name NVARCHAR(255), lock_id NVARCHAR(255), lock_timestamp TIMESTAMP, notary_name NVARCHAR(255), recorded_timestamp TIMESTAMP, state_status INT) {changeSet=migration/vault-schema.changelog-init.xml::1511451595465-26::R3.Corda, databaseChangeLog=master.changelog.json}
?[m?[37m[INFO] 11:44:48,602 [Test worker] changelog.ChangeSet. - Table vault_states created {changeSet=migration/vault-schema.changelog-init.xml::1511451595465-26::R3.Corda, databaseChangeLog=master.changelog.json}
?[m?[37m[INFO] 11:44:48,602 [Test worker] changelog.ChangeSet. - ChangeSet migration/vault-schema.changelog-init.xml::1511451595465-26::R3.Corda ran successfully in 0ms {changeSet=migration/vault-schema.changelog-init.xml::1511451595465-26::R3.Corda, databaseChangeLog=master.changelog.json}
?[m?[37m[INFO] 11:44:48,602 [Test worker] jvm.JdbcExecutor. - INSERT INTO PUBLIC.DATABASECHANGELOG (ID, AUTHOR, FILENAME, DATEEXECUTED, ORDEREXECUTED, MD5SUM, DESCRIPTION, COMMENTS, EXECTYPE, CONTEXTS, LABELS, LIQUIBASE, DEPLOYMENT_ID) VALUES ('1511451595465-26', 'R3.Corda', 'migration/vault-schema.changelog-init.xml', NOW(), 6, '8:971edadc2af9e847ed490f418530d40b', 'createTable tableName=vault_states', '', 'EXECUTED', NULL, NULL, '3.6.3', '2067488594') {changeSet=migration/vault-schema.changelog-init.xml::1511451595465-26::R3.Corda, databaseChangeLog=master.changelog.json}
?[m?[37m[INFO] 11:44:48,602 [Test worker] jvm.JdbcExecutor. - CREATE TABLE PUBLIC.vault_transaction_notes (seq_no INT NOT NULL, note NVARCHAR(255), transaction_id NVARCHAR(64)) {changeSet=migration/vault-schema.changelog-init.xml::1511451595465-27::R3.Corda, databaseChangeLog=master.changelog.json}
?[m?[37m[INFO] 11:44:48,602 [Test worker] changelog.ChangeSet. - Table vault_transaction_notes created {changeSet=migration/vault-schema.changelog-init.xml::1511451595465-27::R3.Corda, databaseChangeLog=master.changelog.json}
?[m?[37m[INFO] 11:44:48,602 [Test worker] changelog.ChangeSet. - ChangeSet migration/vault-schema.changelog-init.xml::1511451595465-27::R3.Corda ran successfully in 0ms {changeSet=migration/vault-schema.changelog-init.xml::1511451595465-27::R3.Corda, databaseChangeLog=master.changelog.json}
?[m?[37m[INFO] 11:44:48,603 [Test worker] jvm.JdbcExecutor. - INSERT INTO PUBLIC.DATABASECHANGELOG (ID, AUTHOR, FILENAME, DATEEXECUTED, ORDEREXECUTED, MD5SUM, DESCRIPTION, COMMENTS, EXECTYPE, CONTEXTS, LABELS, LIQUIBASE, DEPLOYMENT_ID) VALUES ('1511451595465-27', 'R3.Corda', 'migration/vault-schema.changelog-init.xml', NOW(), 7, '8:7a8064e58d100a02ed56e538122296e4', 'createTable tableName=vault_transaction_notes', '', 'EXECUTED', NULL, NULL, '3.6.3', '2067488594') {changeSet=migration/vault-schema.changelog-init.xml::1511451595465-27::R3.Corda, databaseChangeLog=master.changelog.json}
?[m?[37m[INFO] 11:44:48,603 [Test worker] jvm.JdbcExecutor. - ALTER TABLE PUBLIC.vault_fungible_states ADD CONSTRAINT vault_fungible_states_pkey PRIMARY KEY (output_index, transaction_id) {changeSet=migration/vault-schema.changelog-init.xml::1511451595465-47::R3.Corda, databaseChangeLog=master.changelog.json}
?[m?[37m[INFO] 11:44:48,603 [Test worker] changelog.ChangeSet. - Primary key added to vault_fungible_states (output_index, transaction_id) {changeSet=migration/vault-schema.changelog-init.xml::1511451595465-47::R3.Corda, databaseChangeLog=master.changelog.json}
?[m?[37m[INFO] 11:44:48,603 [Test worker] changelog.ChangeSet. - ChangeSet migration/vault-schema.changelog-init.xml::1511451595465-47::R3.Corda ran successfully in 0ms {changeSet=migration/vault-schema.changelog-init.xml::1511451595465-47::R3.Corda, databaseChangeLog=master.changelog.json}
?[m?[37m[INFO] 11:44:48,603 [Test worker] jvm.JdbcExecutor. - INSERT INTO PUBLIC.DATABASECHANGELOG (ID, AUTHOR, FILENAME, DATEEXECUTED, ORDEREXECUTED, MD5SUM, DESCRIPTION, COMMENTS, EXECTYPE, CONTEXTS, LABELS, LIQUIBASE, DEPLOYMENT_ID) VALUES ('1511451595465-47', 'R3.Corda', 'migration/vault-schema.changelog-init.xml', NOW(), 8, '8:4eddd48de14b69bdd265a4b0c438f070', 'addPrimaryKey constraintName=vault_fungible_states_pkey, tableName=vault_fungible_states', '', 'EXECUTED', NULL, NULL, '3.6.3', '2067488594') {changeSet=migration/vault-schema.changelog-init.xml::1511451595465-47::R3.Corda, databaseChangeLog=master.changelog.json}
?[m?[37m[INFO] 11:44:48,603 [Test worker] jvm.JdbcExecutor. - ALTER TABLE PUBLIC.vault_linear_states ADD CONSTRAINT vault_linear_states_pkey PRIMARY KEY (output_index, transaction_id) {changeSet=migration/vault-schema.changelog-init.xml::1511451595465-48::R3.Corda, databaseChangeLog=master.changelog.json}
?[m?[37m[INFO] 11:44:48,603 [Test worker] changelog.ChangeSet. - Primary key added to vault_linear_states (output_index, transaction_id) {changeSet=migration/vault-schema.changelog-init.xml::1511451595465-48::R3.Corda, databaseChangeLog=master.changelog.json}
?[m?[37m[INFO] 11:44:48,603 [Test worker] changelog.ChangeSet. - ChangeSet migration/vault-schema.changelog-init.xml::1511451595465-48::R3.Corda ran successfully in 0ms {changeSet=migration/vault-schema.changelog-init.xml::1511451595465-48::R3.Corda, databaseChangeLog=master.changelog.json}
?[m?[37m[INFO] 11:44:48,603 [Test worker] jvm.JdbcExecutor. - INSERT INTO PUBLIC.DATABASECHANGELOG (ID, AUTHOR, FILENAME, DATEEXECUTED, ORDEREXECUTED, MD5SUM, DESCRIPTION, COMMENTS, EXECTYPE, CONTEXTS, LABELS, LIQUIBASE, DEPLOYMENT_ID) VALUES ('1511451595465-48', 'R3.Corda', 'migration/vault-schema.changelog-init.xml', NOW(), 9, '8:3695c44ddebef2dde359dec253a5969a', 'addPrimaryKey constraintName=vault_linear_states_pkey, tableName=vault_linear_states', '', 'EXECUTED', NULL, NULL, '3.6.3', '2067488594') {changeSet=migration/vault-schema.changelog-init.xml::1511451595465-48::R3.Corda, databaseChangeLog=master.changelog.json}
?[m?[37m[INFO] 11:44:48,604 [Test worker] jvm.JdbcExecutor. - ALTER TABLE PUBLIC.vault_states ADD CONSTRAINT vault_states_pkey PRIMARY KEY (output_index, transaction_id) {changeSet=migration/vault-schema.changelog-init.xml::1511451595465-49::R3.Corda, databaseChangeLog=master.changelog.json}
?[m?[37m[INFO] 11:44:48,604 [Test worker] changelog.ChangeSet. - Primary key added to vault_states (output_index, transaction_id) {changeSet=migration/vault-schema.changelog-init.xml::1511451595465-49::R3.Corda, databaseChangeLog=master.changelog.json}
?[m?[37m[INFO] 11:44:48,604 [Test worker] changelog.ChangeSet. - ChangeSet migration/vault-schema.changelog-init.xml::1511451595465-49::R3.Corda ran successfully in 1ms {changeSet=migration/vault-schema.changelog-init.xml::1511451595465-49::R3.Corda, databaseChangeLog=master.changelog.json}
?[m?[37m[INFO] 11:44:48,604 [Test worker] jvm.JdbcExecutor. - INSERT INTO PUBLIC.DATABASECHANGELOG (ID, AUTHOR, FILENAME, DATEEXECUTED, ORDEREXECUTED, MD5SUM, DESCRIPTION, COMMENTS, EXECTYPE, CONTEXTS, LABELS, LIQUIBASE, DEPLOYMENT_ID) VALUES ('1511451595465-49', 'R3.Corda', 'migration/vault-schema.changelog-init.xml', NOW(), 10, '8:5d21dc3c09051ea30475250d25178892', 'addPrimaryKey constraintName=vault_states_pkey, tableName=vault_states', '', 'EXECUTED', NULL, NULL, '3.6.3', '2067488594') {changeSet=migration/vault-schema.changelog-init.xml::1511451595465-49::R3.Corda, databaseChangeLog=master.changelog.json}
?[m?[37m[INFO] 11:44:48,604 [Test worker] jvm.JdbcExecutor. - ALTER TABLE PUBLIC.vault_transaction_notes ADD CONSTRAINT vault_transaction_notes_pkey PRIMARY KEY (seq_no) {changeSet=migration/vault-schema.changelog-init.xml::1511451595465-50::R3.Corda, databaseChangeLog=master.changelog.json}
?[m?[37m[INFO] 11:44:48,604 [Test worker] changelog.ChangeSet. - Primary key added to vault_transaction_notes (seq_no) {changeSet=migration/vault-schema.changelog-init.xml::1511451595465-50::R3.Corda, databaseChangeLog=master.changelog.json}
?[m?[37m[INFO] 11:44:48,604 [Test worker] changelog.ChangeSet. - ChangeSet migration/vault-schema.changelog-init.xml::1511451595465-50::R3.Corda ran successfully in 0ms {changeSet=migration/vault-schema.changelog-init.xml::1511451595465-50::R3.Corda, databaseChangeLog=master.changelog.json}
?[m?[37m[INFO] 11:44:48,604 [Test worker] jvm.JdbcExecutor. - INSERT INTO PUBLIC.DATABASECHANGELOG (ID, AUTHOR, FILENAME, DATEEXECUTED, ORDEREXECUTED, MD5SUM, DESCRIPTION, COMMENTS, EXECTYPE, CONTEXTS, LABELS, LIQUIBASE, DEPLOYMENT_ID) VALUES ('1511451595465-50', 'R3.Corda', 'migration/vault-schema.changelog-init.xml', NOW(), 11, '8:2bf545e5d7593a3456708426c3686ebb', 'addPrimaryKey constraintName=vault_transaction_notes_pkey, tableName=vault_transaction_notes', '', 'EXECUTED', NULL, NULL, '3.6.3', '2067488594') {changeSet=migration/vault-schema.changelog-init.xml::1511451595465-50::R3.Corda, databaseChangeLog=master.changelog.json}
?[m?[37m[INFO] 11:44:48,604 [Test worker] jvm.JdbcExecutor. - CREATE INDEX PUBLIC.external_id_index ON PUBLIC.vault_linear_states(external_id) {changeSet=migration/vault-schema.changelog-init.xml::1511451595465-53::R3.Corda, databaseChangeLog=master.changelog.json}
?[m?[37m[INFO] 11:44:48,604 [Test worker] changelog.ChangeSet. - Index external_id_index created {changeSet=migration/vault-schema.changelog-init.xml::1511451595465-53::R3.Corda, databaseChangeLog=master.changelog.json}
?[m?[37m[INFO] 11:44:48,604 [Test worker] changelog.ChangeSet. - ChangeSet migration/vault-schema.changelog-init.xml::1511451595465-53::R3.Corda ran successfully in 0ms {changeSet=migration/vault-schema.changelog-init.xml::1511451595465-53::R3.Corda, databaseChangeLog=master.changelog.json}
?[m?[37m[INFO] 11:44:48,605 [Test worker] jvm.JdbcExecutor. - INSERT INTO PUBLIC.DATABASECHANGELOG (ID, AUTHOR, FILENAME, DATEEXECUTED, ORDEREXECUTED, MD5SUM, DESCRIPTION, COMMENTS, EXECTYPE, CONTEXTS, LABELS, LIQUIBASE, DEPLOYMENT_ID) VALUES ('1511451595465-53', 'R3.Corda', 'migration/vault-schema.changelog-init.xml', NOW(), 12, '8:b1272090dcd2325b0382f829ce13a1ff', 'createIndex indexName=external_id_index, tableName=vault_linear_states', '', 'EXECUTED', NULL, NULL, '3.6.3', '2067488594') {changeSet=migration/vault-schema.changelog-init.xml::1511451595465-53::R3.Corda, databaseChangeLog=master.changelog.json}
?[m?[37m[INFO] 11:44:48,605 [Test worker] jvm.JdbcExecutor. - CREATE INDEX PUBLIC.lock_id_idx ON PUBLIC.vault_states(lock_id, state_status) {changeSet=migration/vault-schema.changelog-init.xml::1511451595465-55::R3.Corda, databaseChangeLog=master.changelog.json}
?[m?[37m[INFO] 11:44:48,605 [Test worker] changelog.ChangeSet. - Index lock_id_idx created {changeSet=migration/vault-schema.changelog-init.xml::1511451595465-55::R3.Corda, databaseChangeLog=master.changelog.json}
?[m?[37m[INFO] 11:44:48,605 [Test worker] changelog.ChangeSet. - ChangeSet migration/vault-schema.changelog-init.xml::1511451595465-55::R3.Corda ran successfully in 0ms {changeSet=migration/vault-schema.changelog-init.xml::1511451595465-55::R3.Corda, databaseChangeLog=master.changelog.json}
?[m?[37m[INFO] 11:44:48,605 [Test worker] jvm.JdbcExecutor. - INSERT INTO PUBLIC.DATABASECHANGELOG (ID, AUTHOR, FILENAME, DATEEXECUTED, ORDEREXECUTED, MD5SUM, DESCRIPTION, COMMENTS, EXECTYPE, CONTEXTS, LABELS, LIQUIBASE, DEPLOYMENT_ID) VALUES ('1511451595465-55', 'R3.Corda', 'migration/vault-schema.changelog-init.xml', NOW(), 13, '8:0b77fbedaccc2eed4b8efd6fddf6581b', 'createIndex indexName=lock_id_idx, tableName=vault_states', '', 'EXECUTED', NULL, NULL, '3.6.3', '2067488594') {changeSet=migration/vault-schema.changelog-init.xml::1511451595465-55::R3.Corda, databaseChangeLog=master.changelog.json}
?[m?[37m[INFO] 11:44:48,605 [Test worker] jvm.JdbcExecutor. - CREATE INDEX PUBLIC.state_status_idx ON PUBLIC.vault_states(state_status) {changeSet=migration/vault-schema.changelog-init.xml::1511451595465-58::R3.Corda, databaseChangeLog=master.changelog.json}
?[m?[37m[INFO] 11:44:48,605 [Test worker] changelog.ChangeSet. - Index state_status_idx created {changeSet=migration/vault-schema.changelog-init.xml::1511451595465-58::R3.Corda, databaseChangeLog=master.changelog.json}
?[m?[37m[INFO] 11:44:48,605 [Test worker] changelog.ChangeSet. - ChangeSet migration/vault-schema.changelog-init.xml::1511451595465-58::R3.Corda ran successfully in 0ms {changeSet=migration/vault-schema.changelog-init.xml::1511451595465-58::R3.Corda, databaseChangeLog=master.changelog.json}
?[m?[37m[INFO] 11:44:48,605 [Test worker] jvm.JdbcExecutor. - INSERT INTO PUBLIC.DATABASECHANGELOG (ID, AUTHOR, FILENAME, DATEEXECUTED, ORDEREXECUTED, MD5SUM, DESCRIPTION, COMMENTS, EXECTYPE, CONTEXTS, LABELS, LIQUIBASE, DEPLOYMENT_ID) VALUES ('1511451595465-58', 'R3.Corda', 'migration/vault-schema.changelog-init.xml', NOW(), 14, '8:7a1bbb20835907728df143e4cc1bfc04', 'createIndex indexName=state_status_idx, tableName=vault_states', '', 'EXECUTED', NULL, NULL, '3.6.3', '2067488594') {changeSet=migration/vault-schema.changelog-init.xml::1511451595465-58::R3.Corda, databaseChangeLog=master.changelog.json}
?[m?[37m[INFO] 11:44:48,605 [Test worker] jvm.JdbcExecutor. - CREATE INDEX PUBLIC.transaction_id_index ON PUBLIC.vault_transaction_notes(transaction_id) {changeSet=migration/vault-schema.changelog-init.xml::1511451595465-59::R3.Corda, databaseChangeLog=master.changelog.json}
?[m?[37m[INFO] 11:44:48,606 [Test worker] changelog.ChangeSet. - Index transaction_id_index created {changeSet=migration/vault-schema.changelog-init.xml::1511451595465-59::R3.Corda, databaseChangeLog=master.changelog.json}
?[m?[37m[INFO] 11:44:48,606 [Test worker] changelog.ChangeSet. - ChangeSet migration/vault-schema.changelog-init.xml::1511451595465-59::R3.Corda ran successfully in 1ms {changeSet=migration/vault-schema.changelog-init.xml::1511451595465-59::R3.Corda, databaseChangeLog=master.changelog.json}
?[m?[37m[INFO] 11:44:48,606 [Test worker] jvm.JdbcExecutor. - INSERT INTO PUBLIC.DATABASECHANGELOG (ID, AUTHOR, FILENAME, DATEEXECUTED, ORDEREXECUTED, MD5SUM, DESCRIPTION, COMMENTS, EXECTYPE, CONTEXTS, LABELS, LIQUIBASE, DEPLOYMENT_ID) VALUES ('1511451595465-59', 'R3.Corda', 'migration/vault-schema.changelog-init.xml', NOW(), 15, '8:2bfe64cedfc8120dc219d42dc19d49f6', 'createIndex indexName=transaction_id_index, tableName=vault_transaction_notes', '', 'EXECUTED', NULL, NULL, '3.6.3', '2067488594') {changeSet=migration/vault-schema.changelog-init.xml::1511451595465-59::R3.Corda, databaseChangeLog=master.changelog.json}
?[m?[37m[INFO] 11:44:48,606 [Test worker] jvm.JdbcExecutor. - CREATE INDEX PUBLIC.uuid_index ON PUBLIC.vault_linear_states(uuid) {changeSet=migration/vault-schema.changelog-init.xml::1511451595465-60::R3.Corda, databaseChangeLog=master.changelog.json}
?[m?[37m[INFO] 11:44:48,606 [Test worker] changelog.ChangeSet. - Index uuid_index created {changeSet=migration/vault-schema.changelog-init.xml::1511451595465-60::R3.Corda, databaseChangeLog=master.changelog.json}
?[m?[37m[INFO] 11:44:48,606 [Test worker] changelog.ChangeSet. - ChangeSet migration/vault-schema.changelog-init.xml::1511451595465-60::R3.Corda ran successfully in 0ms {changeSet=migration/vault-schema.changelog-init.xml::1511451595465-60::R3.Corda, databaseChangeLog=master.changelog.json}
?[m?[37m[INFO] 11:44:48,606 [Test worker] jvm.JdbcExecutor. - INSERT INTO PUBLIC.DATABASECHANGELOG (ID, AUTHOR, FILENAME, DATEEXECUTED, ORDEREXECUTED, MD5SUM, DESCRIPTION, COMMENTS, EXECTYPE, CONTEXTS, LABELS, LIQUIBASE, DEPLOYMENT_ID) VALUES ('1511451595465-60', 'R3.Corda', 'migration/vault-schema.changelog-init.xml', NOW(), 16, '8:4cffb289ce33d922274cc829175a2a55', 'createIndex indexName=uuid_index, tableName=vault_linear_states', '', 'EXECUTED', NULL, NULL, '3.6.3', '2067488594') {changeSet=migration/vault-schema.changelog-init.xml::1511451595465-60::R3.Corda, databaseChangeLog=master.changelog.json}
?[m?[37m[INFO] 11:44:48,606 [Test worker] jvm.JdbcExecutor. - ALTER TABLE PUBLIC.vault_fungible_states_parts ADD CONSTRAINT FK__fung_st_parts__fung_st FOREIGN KEY (output_index, transaction_id) REFERENCES PUBLIC.vault_fungible_states (output_index, transaction_id) {changeSet=migration/vault-schema.changelog-init.xml::1511451595465-64::R3.Corda, databaseChangeLog=master.changelog.json}
?[m?[37m[INFO] 11:44:48,607 [Test worker] changelog.ChangeSet. - Foreign key constraint added to vault_fungible_states_parts (output_index,transaction_id) {changeSet=migration/vault-schema.changelog-init.xml::1511451595465-64::R3.Corda, databaseChangeLog=master.changelog.json}
?[m?[37m[INFO] 11:44:48,607 [Test worker] changelog.ChangeSet. - ChangeSet migration/vault-schema.changelog-init.xml::1511451595465-64::R3.Corda ran successfully in 1ms {changeSet=migration/vault-schema.changelog-init.xml::1511451595465-64::R3.Corda, databaseChangeLog=master.changelog.json}
?[m?[37m[INFO] 11:44:48,607 [Test worker] jvm.JdbcExecutor. - INSERT INTO PUBLIC.DATABASECHANGELOG (ID, AUTHOR, FILENAME, DATEEXECUTED, ORDEREXECUTED, MD5SUM, DESCRIPTION, COMMENTS, EXECTYPE, CONTEXTS, LABELS, LIQUIBASE, DEPLOYMENT_ID) VALUES ('1511451595465-64', 'R3.Corda', 'migration/vault-schema.changelog-init.xml', NOW(), 17, '8:1bde72346badbbe52e74b189ce1d079c', 'addForeignKeyConstraint baseTableName=vault_fungible_states_parts, constraintName=FK__fung_st_parts__fung_st, referencedTableName=vault_fungible_states', '', 'EXECUTED', NULL, NULL, '3.6.3', '2067488594') {changeSet=migration/vault-schema.changelog-init.xml::1511451595465-64::R3.Corda, databaseChangeLog=master.changelog.json}
?[m?[37m[INFO] 11:44:48,607 [Test worker] jvm.JdbcExecutor. - ALTER TABLE PUBLIC.vault_linear_states_parts ADD CONSTRAINT FK__lin_stat_parts__lin_stat FOREIGN KEY (output_index, transaction_id) REFERENCES PUBLIC.vault_linear_states (output_index, transaction_id) {changeSet=migration/vault-schema.changelog-init.xml::1511451595465-65::R3.Corda, databaseChangeLog=master.changelog.json}
?[m?[37m[INFO] 11:44:48,607 [Test worker] changelog.ChangeSet. - Foreign key constraint added to vault_linear_states_parts (output_index,transaction_id) {changeSet=migration/vault-schema.changelog-init.xml::1511451595465-65::R3.Corda, databaseChangeLog=master.changelog.json}
?[m?[37m[INFO] 11:44:48,607 [Test worker] changelog.ChangeSet. - ChangeSet migration/vault-schema.changelog-init.xml::1511451595465-65::R3.Corda ran successfully in 0ms {changeSet=migration/vault-schema.changelog-init.xml::1511451595465-65::R3.Corda, databaseChangeLog=master.changelog.json}
?[m?[37m[INFO] 11:44:48,607 [Test worker] jvm.JdbcExecutor. - INSERT INTO PUBLIC.DATABASECHANGELOG (ID, AUTHOR, FILENAME, DATEEXECUTED, ORDEREXECUTED, MD5SUM, DESCRIPTION, COMMENTS, EXECTYPE, CONTEXTS, LABELS, LIQUIBASE, DEPLOYMENT_ID) VALUES ('1511451595465-65', 'R3.Corda', 'migration/vault-schema.changelog-init.xml', NOW(), 18, '8:9a5d0106c45f631cb60a3e2f9542d2c2', 'addForeignKeyConstraint baseTableName=vault_linear_states_parts, constraintName=FK__lin_stat_parts__lin_stat, referencedTableName=vault_linear_states', '', 'EXECUTED', NULL, NULL, '3.6.3', '2067488594') {changeSet=migration/vault-schema.changelog-init.xml::1511451595465-65::R3.Corda, databaseChangeLog=master.changelog.json}
?[m?[37m[INFO] 11:44:48,607 [Test worker] jvm.JdbcExecutor. - DELETE FROM PUBLIC.vault_fungible_states_parts {changeSet=migration/vault-schema.changelog-v3.xml::clean_vault::R3.Corda, databaseChangeLog=master.changelog.json}
?[m?[37m[INFO] 11:44:48,607 [Test worker] changelog.ChangeSet. - Data deleted from vault_fungible_states_parts {changeSet=migration/vault-schema.changelog-v3.xml::clean_vault::R3.Corda, databaseChangeLog=master.changelog.json}
?[m?[37m[INFO] 11:44:48,608 [Test worker] jvm.JdbcExecutor. - DELETE FROM PUBLIC.vault_fungible_states {changeSet=migration/vault-schema.changelog-v3.xml::clean_vault::R3.Corda, databaseChangeLog=master.changelog.json}
?[m?[37m[INFO] 11:44:48,608 [Test worker] changelog.ChangeSet. - Data deleted from vault_fungible_states {changeSet=migration/vault-schema.changelog-v3.xml::clean_vault::R3.Corda, databaseChangeLog=master.changelog.json}
?[m?[37m[INFO] 11:44:48,608 [Test worker] jvm.JdbcExecutor. - DELETE FROM PUBLIC.vault_linear_states_parts {changeSet=migration/vault-schema.changelog-v3.xml::clean_vault::R3.Corda, databaseChangeLog=master.changelog.json}
?[m?[37m[INFO] 11:44:48,608 [Test worker] changelog.ChangeSet. - Data deleted from vault_linear_states_parts {changeSet=migration/vault-schema.changelog-v3.xml::clean_vault::R3.Corda, databaseChangeLog=master.changelog.json}
?[m?[37m[INFO] 11:44:48,608 [Test worker] jvm.JdbcExecutor. - DELETE FROM PUBLIC.vault_linear_states {changeSet=migration/vault-schema.changelog-v3.xml::clean_vault::R3.Corda, databaseChangeLog=master.changelog.json}
?[m?[37m[INFO] 11:44:48,608 [Test worker] changelog.ChangeSet. - Data deleted from vault_linear_states {changeSet=migration/vault-schema.changelog-v3.xml::clean_vault::R3.Corda, databaseChangeLog=master.changelog.json}
?[m?[37m[INFO] 11:44:48,608 [Test worker] jvm.JdbcExecutor. - DELETE FROM PUBLIC.vault_states {changeSet=migration/vault-schema.changelog-v3.xml::clean_vault::R3.Corda, databaseChangeLog=master.changelog.json}
?[m?[37m[INFO] 11:44:48,608 [Test worker] changelog.ChangeSet. - Data deleted from vault_states {changeSet=migration/vault-schema.changelog-v3.xml::clean_vault::R3.Corda, databaseChangeLog=master.changelog.json}
?[m?[37m[INFO] 11:44:48,608 [Test worker] jvm.JdbcExecutor. - DELETE FROM PUBLIC.vault_transaction_notes {changeSet=migration/vault-schema.changelog-v3.xml::clean_vault::R3.Corda, databaseChangeLog=master.changelog.json}
?[m?[37m[INFO] 11:44:48,608 [Test worker] changelog.ChangeSet. - Data deleted from vault_transaction_notes {changeSet=migration/vault-schema.changelog-v3.xml::clean_vault::R3.Corda, databaseChangeLog=master.changelog.json}
?[m?[37m[INFO] 11:44:48,608 [Test worker] changelog.ChangeSet. - ChangeSet migration/vault-schema.changelog-v3.xml::clean_vault::R3.Corda ran successfully in 1ms {changeSet=migration/vault-schema.changelog-v3.xml::clean_vault::R3.Corda, databaseChangeLog=master.changelog.json}
?[m?[37m[INFO] 11:44:48,608 [Test worker] jvm.JdbcExecutor. - INSERT INTO PUBLIC.DATABASECHANGELOG (ID, AUTHOR, FILENAME, DATEEXECUTED, ORDEREXECUTED, MD5SUM, DESCRIPTION, COMMENTS, EXECTYPE, CONTEXTS, LABELS, LIQUIBASE, DEPLOYMENT_ID) VALUES ('clean_vault', 'R3.Corda', 'migration/vault-schema.changelog-v3.xml', NOW(), 19, '8:0701d37bf9b322ada2323cea6db9393c', 'delete tableName=vault_fungible_states_parts; delete tableName=vault_fungible_states; delete tableName=vault_linear_states_parts; delete tableName=vault_linear_states; delete tableName=vault_states; delete tableName=vault_transaction_notes', '', 'EXECUTED', NULL, NULL, '3.6.3', '2067488594') {changeSet=migration/vault-schema.changelog-v3.xml::clean_vault::R3.Corda, databaseChangeLog=master.changelog.json}
?[m?[37m[INFO] 11:44:48,608 [Test worker] jvm.JdbcExecutor. - ALTER TABLE PUBLIC.vault_fungible_states ALTER COLUMN quantity SET NOT NULL {changeSet=migration/vault-schema.changelog-v4.xml::nullability::R3.Corda, databaseChangeLog=master.changelog.json}
?[m?[37m[INFO] 11:44:48,608 [Test worker] changelog.ChangeSet. - NOT NULL constraint has been added to vault_fungible_states.quantity {changeSet=migration/vault-schema.changelog-v4.xml::nullability::R3.Corda, databaseChangeLog=master.changelog.json}
?[m?[37m[INFO] 11:44:48,608 [Test worker] jvm.JdbcExecutor. - ALTER TABLE PUBLIC.vault_states ALTER COLUMN contract_state_class_name SET NOT NULL {changeSet=migration/vault-schema.changelog-v4.xml::nullability::R3.Corda, databaseChangeLog=master.changelog.json}
?[m?[37m[INFO] 11:44:48,608 [Test worker] changelog.ChangeSet. - NOT NULL constraint has been added to vault_states.contract_state_class_name {changeSet=migration/vault-schema.changelog-v4.xml::nullability::R3.Corda, databaseChangeLog=master.changelog.json}
?[m?[37m[INFO] 11:44:48,608 [Test worker] jvm.JdbcExecutor. - ALTER TABLE PUBLIC.vault_states ALTER COLUMN notary_name SET NOT NULL {changeSet=migration/vault-schema.changelog-v4.xml::nullability::R3.Corda, databaseChangeLog=master.changelog.json}
?[m?[37m[INFO] 11:44:48,608 [Test worker] changelog.ChangeSet. - NOT NULL constraint has been added to vault_states.notary_name {changeSet=migration/vault-schema.changelog-v4.xml::nullability::R3.Corda, databaseChangeLog=master.changelog.json}
?[m?[37m[INFO] 11:44:48,608 [Test worker] jvm.JdbcExecutor. - ALTER TABLE PUBLIC.vault_states ALTER COLUMN recorded_timestamp SET NOT NULL {changeSet=migration/vault-schema.changelog-v4.xml::nullability::R3.Corda, databaseChangeLog=master.changelog.json}
?[m?[37m[INFO] 11:44:48,608 [Test worker] changelog.ChangeSet. - NOT NULL constraint has been added to vault_states.recorded_timestamp {changeSet=migration/vault-schema.changelog-v4.xml::nullability::R3.Corda, databaseChangeLog=master.changelog.json}
?[m?[37m[INFO] 11:44:48,608 [Test worker] jvm.JdbcExecutor. - DROP INDEX PUBLIC.state_status_idx {changeSet=migration/vault-schema.changelog-v4.xml::nullability::R3.Corda, databaseChangeLog=master.changelog.json}
?[m?[37m[INFO] 11:44:48,608 [Test worker] changelog.ChangeSet. - Index state_status_idx dropped from table vault_states {changeSet=migration/vault-schema.changelog-v4.xml::nullability::R3.Corda, databaseChangeLog=master.changelog.json}
?[m?[37m[INFO] 11:44:48,608 [Test worker] jvm.JdbcExecutor. - DROP INDEX PUBLIC.lock_id_idx {changeSet=migration/vault-schema.changelog-v4.xml::nullability::R3.Corda, databaseChangeLog=master.changelog.json}
?[m?[37m[INFO] 11:44:48,608 [Test worker] changelog.ChangeSet. - Index lock_id_idx dropped from table vault_states {changeSet=migration/vault-schema.changelog-v4.xml::nullability::R3.Corda, databaseChangeLog=master.changelog.json}
?[m?[37m[INFO] 11:44:48,608 [Test worker] jvm.JdbcExecutor. - ALTER TABLE PUBLIC.vault_states ALTER COLUMN state_status SET NOT NULL {changeSet=migration/vault-schema.changelog-v4.xml::nullability::R3.Corda, databaseChangeLog=master.changelog.json}
?[m?[37m[INFO] 11:44:48,608 [Test worker] changelog.ChangeSet. - NOT NULL constraint has been added to vault_states.state_status {changeSet=migration/vault-schema.changelog-v4.xml::nullability::R3.Corda, databaseChangeLog=master.changelog.json}
?[m?[37m[INFO] 11:44:48,608 [Test worker] jvm.JdbcExecutor. - CREATE INDEX PUBLIC.state_status_idx ON PUBLIC.vault_states(state_status) {changeSet=migration/vault-schema.changelog-v4.xml::nullability::R3.Corda, databaseChangeLog=master.changelog.json}
?[m?[37m[INFO] 11:44:48,609 [Test worker] changelog.ChangeSet. - Index state_status_idx created {changeSet=migration/vault-schema.changelog-v4.xml::nullability::R3.Corda, databaseChangeLog=master.changelog.json}
?[m?[37m[INFO] 11:44:48,609 [Test worker] jvm.JdbcExecutor. - CREATE INDEX PUBLIC.lock_id_idx ON PUBLIC.vault_states(lock_id, state_status) {changeSet=migration/vault-schema.changelog-v4.xml::nullability::R3.Corda, databaseChangeLog=master.changelog.json}
?[m?[37m[INFO] 11:44:48,609 [Test worker] changelog.ChangeSet. - Index lock_id_idx created {changeSet=migration/vault-schema.changelog-v4.xml::nullability::R3.Corda, databaseChangeLog=master.changelog.json}
?[m?[37m[INFO] 11:44:48,609 [Test worker] jvm.JdbcExecutor. - DROP INDEX PUBLIC.transaction_id_index {changeSet=migration/vault-schema.changelog-v4.xml::nullability::R3.Corda, databaseChangeLog=master.changelog.json}
?[m?[37m[INFO] 11:44:48,609 [Test worker] changelog.ChangeSet. - Index transaction_id_index dropped from table vault_transaction_notes {changeSet=migration/vault-schema.changelog-v4.xml::nullability::R3.Corda, databaseChangeLog=master.changelog.json}
?[m?[37m[INFO] 11:44:48,609 [Test worker] jvm.JdbcExecutor. - ALTER TABLE PUBLIC.vault_transaction_notes ALTER COLUMN note SET NOT NULL {changeSet=migration/vault-schema.changelog-v4.xml::nullability::R3.Corda, databaseChangeLog=master.changelog.json}
?[m?[37m[INFO] 11:44:48,609 [Test worker] changelog.ChangeSet. - NOT NULL constraint has been added to vault_transaction_notes.note {changeSet=migration/vault-schema.changelog-v4.xml::nullability::R3.Corda, databaseChangeLog=master.changelog.json}
?[m?[37m[INFO] 11:44:48,609 [Test worker] jvm.JdbcExecutor. - ALTER TABLE PUBLIC.vault_transaction_notes ALTER COLUMN transaction_id SET NOT NULL {changeSet=migration/vault-schema.changelog-v4.xml::nullability::R3.Corda, databaseChangeLog=master.changelog.json}
?[m?[37m[INFO] 11:44:48,609 [Test worker] changelog.ChangeSet. - NOT NULL constraint has been added to vault_transaction_notes.transaction_id {changeSet=migration/vault-schema.changelog-v4.xml::nullability::R3.Corda, databaseChangeLog=master.changelog.json}
?[m?[37m[INFO] 11:44:48,609 [Test worker] jvm.JdbcExecutor. - CREATE INDEX PUBLIC.transaction_id_index ON PUBLIC.vault_transaction_notes(transaction_id) {changeSet=migration/vault-schema.changelog-v4.xml::nullability::R3.Corda, databaseChangeLog=master.changelog.json}
?[m?[37m[INFO] 11:44:48,609 [Test worker] changelog.ChangeSet. - Index transaction_id_index created {changeSet=migration/vault-schema.changelog-v4.xml::nullability::R3.Corda, databaseChangeLog=master.changelog.json}
?[m?[37m[INFO] 11:44:48,609 [Test worker] changelog.ChangeSet. - ChangeSet migration/vault-schema.changelog-v4.xml::nullability::R3.Corda ran successfully in 1ms {changeSet=migration/vault-schema.changelog-v4.xml::nullability::R3.Corda, databaseChangeLog=master.changelog.json}
?[m?[37m[INFO] 11:44:48,609 [Test worker] jvm.JdbcExecutor. - INSERT INTO PUBLIC.DATABASECHANGELOG (ID, AUTHOR, FILENAME, DATEEXECUTED, ORDEREXECUTED, MD5SUM, DESCRIPTION, COMMENTS, EXECTYPE, CONTEXTS, LABELS, LIQUIBASE, DEPLOYMENT_ID) VALUES ('nullability', 'R3.Corda', 'migration/vault-schema.changelog-v4.xml', NOW(), 20, '8:853fd1e24b974ff22712322ebb2860bf', 'addNotNullConstraint columnName=quantity, tableName=vault_fungible_states; addNotNullConstraint columnName=contract_state_class_name, tableName=vault_states; addNotNullConstraint columnName=notary_name, tableName=vault_states; addNotNullConstraint...', '', 'EXECUTED', NULL, NULL, '3.6.3', '2067488594') {changeSet=migration/vault-schema.changelog-v4.xml::nullability::R3.Corda, databaseChangeLog=master.changelog.json}
?[m?[37m[INFO] 11:44:48,610 [Test worker] jvm.JdbcExecutor. - INSERT INTO PUBLIC.DATABASECHANGELOG (ID, AUTHOR, FILENAME, DATEEXECUTED, ORDEREXECUTED, MD5SUM, DESCRIPTION, COMMENTS, EXECTYPE, CONTEXTS, LABELS, LIQUIBASE, DEPLOYMENT_ID) VALUES ('non-clustered_pk-11', 'R3.Corda', 'migration/vault-schema.changelog-pkey.xml', NOW(), 21, '8:7fca5375330f0b3b62de65b84274dd6e', 'dropForeignKeyConstraint baseTableName=vault_fungible_states_parts, constraintName=FK__fung_st_parts__fung_st; dropPrimaryKey constraintName=vault_fungible_states_pkey, tableName=vault_fungible_states; addPrimaryKey constraintName=vault_fungible_s...', '', 'MARK_RAN', NULL, NULL, '3.6.3', '2067488594') {changeSet=migration/vault-schema.changelog-pkey.xml::non-clustered_pk-11::R3.Corda, databaseChangeLog=master.changelog.json}
?[m?[37m[INFO] 11:44:48,610 [Test worker] jvm.JdbcExecutor. - INSERT INTO PUBLIC.DATABASECHANGELOG (ID, AUTHOR, FILENAME, DATEEXECUTED, ORDEREXECUTED, MD5SUM, DESCRIPTION, COMMENTS, EXECTYPE, CONTEXTS, LABELS, LIQUIBASE, DEPLOYMENT_ID) VALUES ('non-clustered_pk-12', 'R3.Corda', 'migration/vault-schema.changelog-pkey.xml', NOW(), 22, '8:8469058af292b08d108fcf1b3eb8fca4', 'dropForeignKeyConstraint baseTableName=vault_linear_states_parts, constraintName=FK__lin_stat_parts__lin_stat; dropPrimaryKey constraintName=vault_linear_states_pkey, tableName=vault_linear_states; addPrimaryKey constraintName=vault_linear_states_...', '', 'MARK_RAN', NULL, NULL, '3.6.3', '2067488594') {changeSet=migration/vault-schema.changelog-pkey.xml::non-clustered_pk-12::R3.Corda, databaseChangeLog=master.changelog.json}
?[m?[37m[INFO] 11:44:48,610 [Test worker] jvm.JdbcExecutor. - INSERT INTO PUBLIC.DATABASECHANGELOG (ID, AUTHOR, FILENAME, DATEEXECUTED, ORDEREXECUTED, MD5SUM, DESCRIPTION, COMMENTS, EXECTYPE, CONTEXTS, LABELS, LIQUIBASE, DEPLOYMENT_ID) VALUES ('non-clustered_pk-13', 'R3.Corda', 'migration/vault-schema.changelog-pkey.xml', NOW(), 23, '8:e0ccce8941c28a45870d60f5bf54cd50', 'dropPrimaryKey constraintName=vault_states_pkey, tableName=vault_states; addPrimaryKey constraintName=vault_states_pkey, tableName=vault_states', '', 'MARK_RAN', NULL, NULL, '3.6.3', '2067488594') {changeSet=migration/vault-schema.changelog-pkey.xml::non-clustered_pk-13::R3.Corda, databaseChangeLog=master.changelog.json}
?[m?[37m[INFO] 11:44:48,611 [Test worker] jvm.JdbcExecutor. - ALTER TABLE PUBLIC.vault_states ADD relevancy_status INT {changeSet=migration/vault-schema.changelog-v5.xml::add_relevancy_status_column::R3.Corda, databaseChangeLog=master.changelog.json}
?[m?[37m[INFO] 11:44:48,611 [Test worker] changelog.ChangeSet. - Columns relevancy_status(INT) added to vault_states {changeSet=migration/vault-schema.changelog-v5.xml::add_relevancy_status_column::R3.Corda, databaseChangeLog=master.changelog.json}
?[m?[37m[INFO] 11:44:48,611 [Test worker] jvm.JdbcExecutor. - UPDATE PUBLIC.vault_states SET relevancy_status = 0 {changeSet=migration/vault-schema.changelog-v5.xml::add_relevancy_status_column::R3.Corda, databaseChangeLog=master.changelog.json}
?[m?[37m[INFO] 11:44:48,611 [Test worker] changelog.ChangeSet. - Data updated in vault_states {changeSet=migration/vault-schema.changelog-v5.xml::add_relevancy_status_column::R3.Corda, databaseChangeLog=master.changelog.json}
?[m?[37m[INFO] 11:44:48,611 [Test worker] jvm.JdbcExecutor. - ALTER TABLE PUBLIC.vault_states ALTER COLUMN relevancy_status SET NOT NULL {changeSet=migration/vault-schema.changelog-v5.xml::add_relevancy_status_column::R3.Corda, databaseChangeLog=master.changelog.json}
?[m?[37m[INFO] 11:44:48,611 [Test worker] changelog.ChangeSet. - NOT NULL constraint has been added to vault_states.relevancy_status {changeSet=migration/vault-schema.changelog-v5.xml::add_relevancy_status_column::R3.Corda, databaseChangeLog=master.changelog.json}
?[m?[37m[INFO] 11:44:48,611 [Test worker] changelog.ChangeSet. - ChangeSet migration/vault-schema.changelog-v5.xml::add_relevancy_status_column::R3.Corda ran successfully in 0ms {changeSet=migration/vault-schema.changelog-v5.xml::add_relevancy_status_column::R3.Corda, databaseChangeLog=master.changelog.json}
?[m?[37m[INFO] 11:44:48,612 [Test worker] jvm.JdbcExecutor. - INSERT INTO PUBLIC.DATABASECHANGELOG (ID, AUTHOR, FILENAME, DATEEXECUTED, ORDEREXECUTED, MD5SUM, DESCRIPTION, COMMENTS, EXECTYPE, CONTEXTS, LABELS, LIQUIBASE, DEPLOYMENT_ID) VALUES ('add_relevancy_status_column', 'R3.Corda', 'migration/vault-schema.changelog-v5.xml', NOW(), 24, '8:93c5dcaf00387d4d643def4355a54b56', 'addColumn tableName=vault_states; update tableName=vault_states; addNotNullConstraint columnName=relevancy_status, tableName=vault_states', '', 'EXECUTED', NULL, NULL, '3.6.3', '2067488594') {changeSet=migration/vault-schema.changelog-v5.xml::add_relevancy_status_column::R3.Corda, databaseChangeLog=master.changelog.json}
?[m?[37m[INFO] 11:44:48,612 [Test worker] jvm.JdbcExecutor. - ALTER TABLE PUBLIC.vault_states ADD constraint_type INT DEFAULT '0' NOT NULL {changeSet=migration/vault-schema.changelog-v6.xml::add_is_constraint_information_columns::R3.Corda, databaseChangeLog=master.changelog.json}
?[m?[37m[INFO] 11:44:48,612 [Test worker] changelog.ChangeSet. - Columns constraint_type(INT) added to vault_states {changeSet=migration/vault-schema.changelog-v6.xml::add_is_constraint_information_columns::R3.Corda, databaseChangeLog=master.changelog.json}
?[m?[37m[INFO] 11:44:48,612 [Test worker] jvm.JdbcExecutor. - ALTER TABLE PUBLIC.vault_states ADD constraint_data VARBINARY(563) {changeSet=migration/vault-schema.changelog-v6.xml::add_is_constraint_information_columns::R3.Corda, databaseChangeLog=master.changelog.json}
?[m?[37m[INFO] 11:44:48,613 [Test worker] changelog.ChangeSet. - Columns constraint_data(varbinary(563)) added to vault_states {changeSet=migration/vault-schema.changelog-v6.xml::add_is_constraint_information_columns::R3.Corda, databaseChangeLog=master.changelog.json}
?[m?[37m[INFO] 11:44:48,613 [Test worker] changelog.ChangeSet. - ChangeSet migration/vault-schema.changelog-v6.xml::add_is_constraint_information_columns::R3.Corda ran successfully in 1ms {changeSet=migration/vault-schema.changelog-v6.xml::add_is_constraint_information_columns::R3.Corda, databaseChangeLog=master.changelog.json}
?[m?[37m[INFO] 11:44:48,613 [Test worker] jvm.JdbcExecutor. - INSERT INTO PUBLIC.DATABASECHANGELOG (ID, AUTHOR, FILENAME, DATEEXECUTED, ORDEREXECUTED, MD5SUM, DESCRIPTION, COMMENTS, EXECTYPE, CONTEXTS, LABELS, LIQUIBASE, DEPLOYMENT_ID) VALUES ('add_is_constraint_information_columns', 'R3.Corda', 'migration/vault-schema.changelog-v6.xml', NOW(), 25, '8:acf60bd84f648e157d402de8f8e22f3a', 'addColumn tableName=vault_states; addColumn tableName=vault_states', '', 'EXECUTED', NULL, NULL, '3.6.3', '2067488594') {changeSet=migration/vault-schema.changelog-v6.xml::add_is_constraint_information_columns::R3.Corda, databaseChangeLog=master.changelog.json}
?[m?[37m[INFO] 11:44:48,613 [Test worker] jvm.JdbcExecutor. - ALTER TABLE PUBLIC.vault_fungible_states ALTER COLUMN issuer_ref SET NULL {changeSet=migration/vault-schema.changelog-v7.xml::make_issuer_ref_nullable::R3.Corda, databaseChangeLog=master.changelog.json}
?[m?[37m[INFO] 11:44:48,613 [Test worker] changelog.ChangeSet. - Null constraint dropped from vault_fungible_states.issuer_ref {changeSet=migration/vault-schema.changelog-v7.xml::make_issuer_ref_nullable::R3.Corda, databaseChangeLog=master.changelog.json}
?[m?[37m[INFO] 11:44:48,613 [Test worker] changelog.ChangeSet. - ChangeSet migration/vault-schema.changelog-v7.xml::make_issuer_ref_nullable::R3.Corda ran successfully in 0ms {changeSet=migration/vault-schema.changelog-v7.xml::make_issuer_ref_nullable::R3.Corda, databaseChangeLog=master.changelog.json}
?[m?[37m[INFO] 11:44:48,613 [Test worker] jvm.JdbcExecutor. - INSERT INTO PUBLIC.DATABASECHANGELOG (ID, AUTHOR, FILENAME, DATEEXECUTED, ORDEREXECUTED, MD5SUM, DESCRIPTION, COMMENTS, EXECTYPE, CONTEXTS, LABELS, LIQUIBASE, DEPLOYMENT_ID) VALUES ('make_issuer_ref_nullable', 'R3.Corda', 'migration/vault-schema.changelog-v7.xml', NOW(), 26, '8:58039722b4808e90a7711d3c82e5fc95', 'dropNotNullConstraint columnName=issuer_ref, tableName=vault_fungible_states', '', 'EXECUTED', NULL, NULL, '3.6.3', '2067488594') {changeSet=migration/vault-schema.changelog-v7.xml::make_issuer_ref_nullable::R3.Corda, databaseChangeLog=master.changelog.json}
?[m?[37m[INFO] 11:44:48,613 [Test worker] jvm.JdbcExecutor. - CREATE TABLE PUBLIC.state_party (output_index INT, transaction_id NVARCHAR(64), public_key_hash NVARCHAR(255) NOT NULL, x500_name NVARCHAR(255)) {changeSet=migration/vault-schema.changelog-v8.xml::create-external-id-to-state-party-view::R3.Corda, databaseChangeLog=master.changelog.json}
?[m?[37m[INFO] 11:44:48,613 [Test worker] changelog.ChangeSet. - Table state_party created {changeSet=migration/vault-schema.changelog-v8.xml::create-external-id-to-state-party-view::R3.Corda, databaseChangeLog=master.changelog.json}
?[m?[37m[INFO] 11:44:48,613 [Test worker] jvm.JdbcExecutor. - CREATE INDEX PUBLIC.state_pk_hash_idx ON PUBLIC.state_party(public_key_hash) {changeSet=migration/vault-schema.changelog-v8.xml::create-external-id-to-state-party-view::R3.Corda, databaseChangeLog=master.changelog.json}
?[m?[37m[INFO] 11:44:48,613 [Test worker] changelog.ChangeSet. - Index state_pk_hash_idx created {changeSet=migration/vault-schema.changelog-v8.xml::create-external-id-to-state-party-view::R3.Corda, databaseChangeLog=master.changelog.json}
?[m?[37m[INFO] 11:44:48,613 [Test worker] jvm.JdbcExecutor. - CREATE TABLE PUBLIC.pk_hash_to_ext_id_map (id BIGINT NOT NULL, external_id VARCHAR(255) NOT NULL, public_key_hash NVARCHAR(255) NOT NULL) {changeSet=migration/vault-schema.changelog-v8.xml::create-external-id-to-state-party-view::R3.Corda, databaseChangeLog=master.changelog.json}
?[m?[37m[INFO] 11:44:48,614 [Test worker] changelog.ChangeSet. - Table pk_hash_to_ext_id_map created {changeSet=migration/vault-schema.changelog-v8.xml::create-external-id-to-state-party-view::R3.Corda, databaseChangeLog=master.changelog.json}
?[m?[37m[INFO] 11:44:48,614 [Test worker] jvm.JdbcExecutor. - CREATE INDEX PUBLIC.pk_hash_to_xid_idx ON PUBLIC.pk_hash_to_ext_id_map(public_key_hash) {changeSet=migration/vault-schema.changelog-v8.xml::create-external-id-to-state-party-view::R3.Corda, databaseChangeLog=master.changelog.json}
?[m?[37m[INFO] 11:44:48,614 [Test worker] changelog.ChangeSet. - Index pk_hash_to_xid_idx created {changeSet=migration/vault-schema.changelog-v8.xml::create-external-id-to-state-party-view::R3.Corda, databaseChangeLog=master.changelog.json}
?[m?[37m[INFO] 11:44:48,614 [Test worker] jvm.JdbcExecutor. - CREATE VIEW PUBLIC.v_pkey_hash_ex_id_map AS select
                state_party.public_key_hash,
                state_party.transaction_id,
                state_party.output_index,
                pk_hash_to_ext_id_map.external_id
            from state_party
            join pk_hash_to_ext_id_map
            on state_party.public_key_hash = pk_hash_to_ext_id_map.public_key_hash {changeSet=migration/vault-schema.changelog-v8.xml::create-external-id-to-state-party-view::R3.Corda, databaseChangeLog=master.changelog.json}
?[m?[37m[INFO] 11:44:48,614 [Test worker] changelog.ChangeSet. - View v_pkey_hash_ex_id_map created {changeSet=migration/vault-schema.changelog-v8.xml::create-external-id-to-state-party-view::R3.Corda, databaseChangeLog=master.changelog.json}
?[m?[37m[INFO] 11:44:48,614 [Test worker] changelog.ChangeSet. - ChangeSet migration/vault-schema.changelog-v8.xml::create-external-id-to-state-party-view::R3.Corda ran successfully in 1ms {changeSet=migration/vault-schema.changelog-v8.xml::create-external-id-to-state-party-view::R3.Corda, databaseChangeLog=master.changelog.json}
?[m?[37m[INFO] 11:44:48,614 [Test worker] jvm.JdbcExecutor. - INSERT INTO PUBLIC.DATABASECHANGELOG (ID, AUTHOR, FILENAME, DATEEXECUTED, ORDEREXECUTED, MD5SUM, DESCRIPTION, COMMENTS, EXECTYPE, CONTEXTS, LABELS, LIQUIBASE, DEPLOYMENT_ID) VALUES ('create-external-id-to-state-party-view', 'R3.Corda', 'migration/vault-schema.changelog-v8.xml', NOW(), 27, '8:9a5b20f7b7367bb3b86f600bccaa423b', 'createTable tableName=state_party; createIndex indexName=state_pk_hash_idx, tableName=state_party; createTable tableName=pk_hash_to_ext_id_map; createIndex indexName=pk_hash_to_xid_idx, tableName=pk_hash_to_ext_id_map; createView viewName=v_pkey_h...', '', 'EXECUTED', NULL, NULL, '3.6.3', '2067488594') {changeSet=migration/vault-schema.changelog-v8.xml::create-external-id-to-state-party-view::R3.Corda, databaseChangeLog=master.changelog.json}
?[m?[37m[INFO] 11:44:48,614 [Test worker] jvm.JdbcExecutor. - ALTER TABLE PUBLIC.vault_states ALTER COLUMN constraint_data VARBINARY(20000) {changeSet=migration/vault-schema.changelog-v11.xml::expand_constraint_data_size::R3.Corda, databaseChangeLog=master.changelog.json}
?[m?[37m[INFO] 11:44:48,615 [Test worker] changelog.ChangeSet. - vault_states.constraint_data datatype was changed to varbinary(20000) {changeSet=migration/vault-schema.changelog-v11.xml::expand_constraint_data_size::R3.Corda, databaseChangeLog=master.changelog.json}
?[m?[37m[INFO] 11:44:48,615 [Test worker] changelog.ChangeSet. - ChangeSet migration/vault-schema.changelog-v11.xml::expand_constraint_data_size::R3.Corda ran successfully in 1ms {changeSet=migration/vault-schema.changelog-v11.xml::expand_constraint_data_size::R3.Corda, databaseChangeLog=master.changelog.json}
?[m?[37m[INFO] 11:44:48,615 [Test worker] jvm.JdbcExecutor. - INSERT INTO PUBLIC.DATABASECHANGELOG (ID, AUTHOR, FILENAME, DATEEXECUTED, ORDEREXECUTED, MD5SUM, DESCRIPTION, COMMENTS, EXECTYPE, CONTEXTS, LABELS, LIQUIBASE, DEPLOYMENT_ID) VALUES ('expand_constraint_data_size', 'R3.Corda', 'migration/vault-schema.changelog-v11.xml', NOW(), 28, '8:0bd51f3d930d4b03d7b1075454bb2d70', 'modifyDataType columnName=constraint_data, tableName=vault_states', '', 'EXECUTED', NULL, NULL, '3.6.3', '2067488594') {changeSet=migration/vault-schema.changelog-v11.xml::expand_constraint_data_size::R3.Corda, databaseChangeLog=master.changelog.json}
?[m?[37m[INFO] 11:44:48,615 [Test worker] jvm.JdbcExecutor. - CREATE TABLE PUBLIC.node_link_nodeinfo_party (node_info_id INT NOT NULL, party_name NVARCHAR(255) NOT NULL) {changeSet=migration/node-info.changelog-init.xml::1511451595465-4::R3.Corda, databaseChangeLog=master.changelog.json}
?[m?[37m[INFO] 11:44:48,615 [Test worker] changelog.ChangeSet. - Table node_link_nodeinfo_party created {changeSet=migration/node-info.changelog-init.xml::1511451595465-4::R3.Corda, databaseChangeLog=master.changelog.json}
?[m?[37m[INFO] 11:44:48,615 [Test worker] changelog.ChangeSet. - ChangeSet migration/node-info.changelog-init.xml::1511451595465-4::R3.Corda ran successfully in 0ms {changeSet=migration/node-info.changelog-init.xml::1511451595465-4::R3.Corda, databaseChangeLog=master.changelog.json}
?[m?[37m[INFO] 11:44:48,615 [Test worker] jvm.JdbcExecutor. - INSERT INTO PUBLIC.DATABASECHANGELOG (ID, AUTHOR, FILENAME, DATEEXECUTED, ORDEREXECUTED, MD5SUM, DESCRIPTION, COMMENTS, EXECTYPE, CONTEXTS, LABELS, LIQUIBASE, DEPLOYMENT_ID) VALUES ('1511451595465-4', 'R3.Corda', 'migration/node-info.changelog-init.xml', NOW(), 29, '8:cbf3edf78266c3bd22738eaf20c7c111', 'createTable tableName=node_link_nodeinfo_party', '', 'EXECUTED', NULL, NULL, '3.6.3', '2067488594') {changeSet=migration/node-info.changelog-init.xml::1511451595465-4::R3.Corda, databaseChangeLog=master.changelog.json}
?[m?[37m[INFO] 11:44:48,616 [Test worker] jvm.JdbcExecutor. - CREATE TABLE PUBLIC.node_info_hosts (host NVARCHAR(255) NOT NULL, port INT NOT NULL, node_info_id INT) {changeSet=migration/node-info.changelog-init.xml::1511451595465-10::R3.Corda, databaseChangeLog=master.changelog.json}
?[m?[37m[INFO] 11:44:48,616 [Test worker] changelog.ChangeSet. - Table node_info_hosts created {changeSet=migration/node-info.changelog-init.xml::1511451595465-10::R3.Corda, databaseChangeLog=master.changelog.json}
?[m?[37m[INFO] 11:44:48,616 [Test worker] changelog.ChangeSet. - ChangeSet migration/node-info.changelog-init.xml::1511451595465-10::R3.Corda ran successfully in 1ms {changeSet=migration/node-info.changelog-init.xml::1511451595465-10::R3.Corda, databaseChangeLog=master.changelog.json}
?[m?[37m[INFO] 11:44:48,616 [Test worker] jvm.JdbcExecutor. - INSERT INTO PUBLIC.DATABASECHANGELOG (ID, AUTHOR, FILENAME, DATEEXECUTED, ORDEREXECUTED, MD5SUM, DESCRIPTION, COMMENTS, EXECTYPE, CONTEXTS, LABELS, LIQUIBASE, DEPLOYMENT_ID) VALUES ('1511451595465-10', 'R3.Corda', 'migration/node-info.changelog-init.xml', NOW(), 30, '8:f0b2c5a77ffde6aaa3c417095fc220a9', 'createTable tableName=node_info_hosts', '', 'EXECUTED', NULL, NULL, '3.6.3', '2067488594') {changeSet=migration/node-info.changelog-init.xml::1511451595465-10::R3.Corda, databaseChangeLog=master.changelog.json}
?[m?[37m[INFO] 11:44:48,616 [Test worker] jvm.JdbcExecutor. - CREATE TABLE PUBLIC.node_info_party_cert (party_name NVARCHAR(255) NOT NULL, ismain BOOLEAN NOT NULL, owning_key_hash NVARCHAR(130), party_cert_binary BLOB) {changeSet=migration/node-info.changelog-init.xml::1511451595465-11::R3.Corda, databaseChangeLog=master.changelog.json}
?[m?[37m[INFO] 11:44:48,616 [Test worker] changelog.ChangeSet. - Table node_info_party_cert created {changeSet=migration/node-info.changelog-init.xml::1511451595465-11::R3.Corda, databaseChangeLog=master.changelog.json}
?[m?[37m[INFO] 11:44:48,616 [Test worker] changelog.ChangeSet. - ChangeSet migration/node-info.changelog-init.xml::1511451595465-11::R3.Corda ran successfully in 0ms {changeSet=migration/node-info.changelog-init.xml::1511451595465-11::R3.Corda, databaseChangeLog=master.changelog.json}
?[m?[37m[INFO] 11:44:48,616 [Test worker] jvm.JdbcExecutor. - INSERT INTO PUBLIC.DATABASECHANGELOG (ID, AUTHOR, FILENAME, DATEEXECUTED, ORDEREXECUTED, MD5SUM, DESCRIPTION, COMMENTS, EXECTYPE, CONTEXTS, LABELS, LIQUIBASE, DEPLOYMENT_ID) VALUES ('1511451595465-11', 'R3.Corda', 'migration/node-info.changelog-init.xml', NOW(), 31, '8:5eacbf7ce0d85376219f1903b55f5e18', 'createTable tableName=node_info_party_cert', '', 'EXECUTED', NULL, NULL, '3.6.3', '2067488594') {changeSet=migration/node-info.changelog-init.xml::1511451595465-11::R3.Corda, databaseChangeLog=master.changelog.json}
?[m?[37m[INFO] 11:44:48,616 [Test worker] jvm.JdbcExecutor. - CREATE TABLE PUBLIC.node_infos (node_info_id INT NOT NULL, node_info_hash NVARCHAR(64), platform_version INT, serial BIGINT) {changeSet=migration/node-info.changelog-init.xml::1511451595465-12::R3.Corda, databaseChangeLog=master.changelog.json}
?[m?[37m[INFO] 11:44:48,616 [Test worker] changelog.ChangeSet. - Table node_infos created {changeSet=migration/node-info.changelog-init.xml::1511451595465-12::R3.Corda, databaseChangeLog=master.changelog.json}
?[m?[37m[INFO] 11:44:48,616 [Test worker] changelog.ChangeSet. - ChangeSet migration/node-info.changelog-init.xml::1511451595465-12::R3.Corda ran successfully in 0ms {changeSet=migration/node-info.changelog-init.xml::1511451595465-12::R3.Corda, databaseChangeLog=master.changelog.json}
?[m?[37m[INFO] 11:44:48,617 [Test worker] jvm.JdbcExecutor. - INSERT INTO PUBLIC.DATABASECHANGELOG (ID, AUTHOR, FILENAME, DATEEXECUTED, ORDEREXECUTED, MD5SUM, DESCRIPTION, COMMENTS, EXECTYPE, CONTEXTS, LABELS, LIQUIBASE, DEPLOYMENT_ID) VALUES ('1511451595465-12', 'R3.Corda', 'migration/node-info.changelog-init.xml', NOW(), 32, '8:7e30f20cf268860d637ecfb8635f45a3', 'createTable tableName=node_infos', '', 'EXECUTED', NULL, NULL, '3.6.3', '2067488594') {changeSet=migration/node-info.changelog-init.xml::1511451595465-12::R3.Corda, databaseChangeLog=master.changelog.json}
?[m?[37m[INFO] 11:44:48,617 [Test worker] jvm.JdbcExecutor. - ALTER TABLE PUBLIC.node_info_hosts ADD CONSTRAINT node_info_hosts_pkey PRIMARY KEY (host, port) {changeSet=migration/node-info.changelog-init.xml::1511451595465-35::R3.Corda, databaseChangeLog=master.changelog.json}
?[m?[37m[INFO] 11:44:48,617 [Test worker] changelog.ChangeSet. - Primary key added to node_info_hosts (host, port) {changeSet=migration/node-info.changelog-init.xml::1511451595465-35::R3.Corda, databaseChangeLog=master.changelog.json}
?[m?[37m[INFO] 11:44:48,617 [Test worker] changelog.ChangeSet. - ChangeSet migration/node-info.changelog-init.xml::1511451595465-35::R3.Corda ran successfully in 0ms {changeSet=migration/node-info.changelog-init.xml::1511451595465-35::R3.Corda, databaseChangeLog=master.changelog.json}
?[m?[37m[INFO] 11:44:48,617 [Test worker] jvm.JdbcExecutor. - INSERT INTO PUBLIC.DATABASECHANGELOG (ID, AUTHOR, FILENAME, DATEEXECUTED, ORDEREXECUTED, MD5SUM, DESCRIPTION, COMMENTS, EXECTYPE, CONTEXTS, LABELS, LIQUIBASE, DEPLOYMENT_ID) VALUES ('1511451595465-35', 'R3.Corda', 'migration/node-info.changelog-init.xml', NOW(), 33, '8:0d1a734e7350a8278808f540d992fedf', 'addPrimaryKey constraintName=node_info_hosts_pkey, tableName=node_info_hosts', '', 'EXECUTED', NULL, NULL, '3.6.3', '2067488594') {changeSet=migration/node-info.changelog-init.xml::1511451595465-35::R3.Corda, databaseChangeLog=master.changelog.json}
?[m?[37m[INFO] 11:44:48,617 [Test worker] jvm.JdbcExecutor. - ALTER TABLE PUBLIC.node_info_party_cert ADD CONSTRAINT node_info_party_cert_pkey PRIMARY KEY (party_name) {changeSet=migration/node-info.changelog-init.xml::1511451595465-36::R3.Corda, databaseChangeLog=master.changelog.json}
?[m?[37m[INFO] 11:44:48,617 [Test worker] changelog.ChangeSet. - Primary key added to node_info_party_cert (party_name) {changeSet=migration/node-info.changelog-init.xml::1511451595465-36::R3.Corda, databaseChangeLog=master.changelog.json}
?[m?[37m[INFO] 11:44:48,617 [Test worker] changelog.ChangeSet. - ChangeSet migration/node-info.changelog-init.xml::1511451595465-36::R3.Corda ran successfully in 0ms {changeSet=migration/node-info.changelog-init.xml::1511451595465-36::R3.Corda, databaseChangeLog=master.changelog.json}
?[m?[37m[INFO] 11:44:48,617 [Test worker] jvm.JdbcExecutor. - INSERT INTO PUBLIC.DATABASECHANGELOG (ID, AUTHOR, FILENAME, DATEEXECUTED, ORDEREXECUTED, MD5SUM, DESCRIPTION, COMMENTS, EXECTYPE, CONTEXTS, LABELS, LIQUIBASE, DEPLOYMENT_ID) VALUES ('1511451595465-36', 'R3.Corda', 'migration/node-info.changelog-init.xml', NOW(), 34, '8:dc78ba227ce869f406d2645c2064e8dc', 'addPrimaryKey constraintName=node_info_party_cert_pkey, tableName=node_info_party_cert', '', 'EXECUTED', NULL, NULL, '3.6.3', '2067488594') {changeSet=migration/node-info.changelog-init.xml::1511451595465-36::R3.Corda, databaseChangeLog=master.changelog.json}
?[m?[37m[INFO] 11:44:48,617 [Test worker] jvm.JdbcExecutor. - ALTER TABLE PUBLIC.node_infos ADD CONSTRAINT node_infos_pkey PRIMARY KEY (node_info_id) {changeSet=migration/node-info.changelog-init.xml::1511451595465-37::R3.Corda, databaseChangeLog=master.changelog.json}
?[m?[37m[INFO] 11:44:48,618 [Test worker] changelog.ChangeSet. - Primary key added to node_infos (node_info_id) {changeSet=migration/node-info.changelog-init.xml::1511451595465-37::R3.Corda, databaseChangeLog=master.changelog.json}
?[m?[37m[INFO] 11:44:48,618 [Test worker] changelog.ChangeSet. - ChangeSet migration/node-info.changelog-init.xml::1511451595465-37::R3.Corda ran successfully in 1ms {changeSet=migration/node-info.changelog-init.xml::1511451595465-37::R3.Corda, databaseChangeLog=master.changelog.json}
?[m?[37m[INFO] 11:44:48,618 [Test worker] jvm.JdbcExecutor. - INSERT INTO PUBLIC.DATABASECHANGELOG (ID, AUTHOR, FILENAME, DATEEXECUTED, ORDEREXECUTED, MD5SUM, DESCRIPTION, COMMENTS, EXECTYPE, CONTEXTS, LABELS, LIQUIBASE, DEPLOYMENT_ID) VALUES ('1511451595465-37', 'R3.Corda', 'migration/node-info.changelog-init.xml', NOW(), 35, '8:c07cbda2d04c6d77539ac802c66df023', 'addPrimaryKey constraintName=node_infos_pkey, tableName=node_infos', '', 'EXECUTED', NULL, NULL, '3.6.3', '2067488594') {changeSet=migration/node-info.changelog-init.xml::1511451595465-37::R3.Corda, databaseChangeLog=master.changelog.json}
?[m?[37m[INFO] 11:44:48,618 [Test worker] jvm.JdbcExecutor. - ALTER TABLE PUBLIC.node_link_nodeinfo_party ADD CONSTRAINT FK__link_nodeinfo_party__infos FOREIGN KEY (node_info_id) REFERENCES PUBLIC.node_infos (node_info_id) {changeSet=migration/node-info.changelog-init.xml::1511451595465-62::R3.Corda, databaseChangeLog=master.changelog.json}
?[m?[37m[INFO] 11:44:48,618 [Test worker] changelog.ChangeSet. - Foreign key constraint added to node_link_nodeinfo_party (node_info_id) {changeSet=migration/node-info.changelog-init.xml::1511451595465-62::R3.Corda, databaseChangeLog=master.changelog.json}
?[m?[37m[INFO] 11:44:48,618 [Test worker] changelog.ChangeSet. - ChangeSet migration/node-info.changelog-init.xml::1511451595465-62::R3.Corda ran successfully in 0ms {changeSet=migration/node-info.changelog-init.xml::1511451595465-62::R3.Corda, databaseChangeLog=master.changelog.json}
?[m?[37m[INFO] 11:44:48,618 [Test worker] jvm.JdbcExecutor. - INSERT INTO PUBLIC.DATABASECHANGELOG (ID, AUTHOR, FILENAME, DATEEXECUTED, ORDEREXECUTED, MD5SUM, DESCRIPTION, COMMENTS, EXECTYPE, CONTEXTS, LABELS, LIQUIBASE, DEPLOYMENT_ID) VALUES ('1511451595465-62', 'R3.Corda', 'migration/node-info.changelog-init.xml', NOW(), 36, '8:073bbdb8865055a19cde67340a2063e2', 'addForeignKeyConstraint baseTableName=node_link_nodeinfo_party, constraintName=FK__link_nodeinfo_party__infos, referencedTableName=node_infos', '', 'EXECUTED', NULL, NULL, '3.6.3', '2067488594') {changeSet=migration/node-info.changelog-init.xml::1511451595465-62::R3.Corda, databaseChangeLog=master.changelog.json}
?[m?[37m[INFO] 11:44:48,618 [Test worker] jvm.JdbcExecutor. - ALTER TABLE PUBLIC.node_info_hosts ADD CONSTRAINT FK__info_hosts__infos FOREIGN KEY (node_info_id) REFERENCES PUBLIC.node_infos (node_info_id) {changeSet=migration/node-info.changelog-init.xml::1511451595465-63::R3.Corda, databaseChangeLog=master.changelog.json}
?[m?[37m[INFO] 11:44:48,619 [Test worker] changelog.ChangeSet. - Foreign key constraint added to node_info_hosts (node_info_id) {changeSet=migration/node-info.changelog-init.xml::1511451595465-63::R3.Corda, databaseChangeLog=master.changelog.json}
?[m?[37m[INFO] 11:44:48,619 [Test worker] changelog.ChangeSet. - ChangeSet migration/node-info.changelog-init.xml::1511451595465-63::R3.Corda ran successfully in 1ms {changeSet=migration/node-info.changelog-init.xml::1511451595465-63::R3.Corda, databaseChangeLog=master.changelog.json}
?[m?[37m[INFO] 11:44:48,619 [Test worker] jvm.JdbcExecutor. - INSERT INTO PUBLIC.DATABASECHANGELOG (ID, AUTHOR, FILENAME, DATEEXECUTED, ORDEREXECUTED, MD5SUM, DESCRIPTION, COMMENTS, EXECTYPE, CONTEXTS, LABELS, LIQUIBASE, DEPLOYMENT_ID) VALUES ('1511451595465-63', 'R3.Corda', 'migration/node-info.changelog-init.xml', NOW(), 37, '8:fa5ee007de41334ad2ac991b32969076', 'addForeignKeyConstraint baseTableName=node_info_hosts, constraintName=FK__info_hosts__infos, referencedTableName=node_infos', '', 'EXECUTED', NULL, NULL, '3.6.3', '2067488594') {changeSet=migration/node-info.changelog-init.xml::1511451595465-63::R3.Corda, databaseChangeLog=master.changelog.json}
?[m?[37m[INFO] 11:44:48,619 [Test worker] jvm.JdbcExecutor. - DELETE FROM PUBLIC.node_infos {changeSet=migration/node-info.changelog-init.xml::remove_host_port_pk::R3.Corda, databaseChangeLog=master.changelog.json}
?[m?[37m[INFO] 11:44:48,619 [Test worker] changelog.ChangeSet. - Data deleted from node_infos {changeSet=migration/node-info.changelog-init.xml::remove_host_port_pk::R3.Corda, databaseChangeLog=master.changelog.json}
?[m?[37m[INFO] 11:44:48,619 [Test worker] jvm.JdbcExecutor. - DELETE FROM PUBLIC.node_link_nodeinfo_party {changeSet=migration/node-info.changelog-init.xml::remove_host_port_pk::R3.Corda, databaseChangeLog=master.changelog.json}
?[m?[37m[INFO] 11:44:48,619 [Test worker] changelog.ChangeSet. - Data deleted from node_link_nodeinfo_party {changeSet=migration/node-info.changelog-init.xml::remove_host_port_pk::R3.Corda, databaseChangeLog=master.changelog.json}
?[m?[37m[INFO] 11:44:48,619 [Test worker] jvm.JdbcExecutor. - DELETE FROM PUBLIC.node_info_hosts {changeSet=migration/node-info.changelog-init.xml::remove_host_port_pk::R3.Corda, databaseChangeLog=master.changelog.json}
?[m?[37m[INFO] 11:44:48,619 [Test worker] changelog.ChangeSet. - Data deleted from node_info_hosts {changeSet=migration/node-info.changelog-init.xml::remove_host_port_pk::R3.Corda, databaseChangeLog=master.changelog.json}
?[m?[37m[INFO] 11:44:48,619 [Test worker] jvm.JdbcExecutor. - DELETE FROM PUBLIC.node_info_party_cert {changeSet=migration/node-info.changelog-init.xml::remove_host_port_pk::R3.Corda, databaseChangeLog=master.changelog.json}
?[m?[37m[INFO] 11:44:48,619 [Test worker] changelog.ChangeSet. - Data deleted from node_info_party_cert {changeSet=migration/node-info.changelog-init.xml::remove_host_port_pk::R3.Corda, databaseChangeLog=master.changelog.json}
?[m?[37m[INFO] 11:44:48,619 [Test worker] jvm.JdbcExecutor. - ALTER TABLE PUBLIC.node_info_hosts DROP PRIMARY KEY {changeSet=migration/node-info.changelog-init.xml::remove_host_port_pk::R3.Corda, databaseChangeLog=master.changelog.json}
?[m?[37m[INFO] 11:44:48,619 [Test worker] changelog.ChangeSet. - Primary key dropped from node_info_hosts {changeSet=migration/node-info.changelog-init.xml::remove_host_port_pk::R3.Corda, databaseChangeLog=master.changelog.json}
?[m?[37m[INFO] 11:44:48,619 [Test worker] jvm.JdbcExecutor. - ALTER TABLE PUBLIC.node_info_hosts ADD hosts_id INT NOT NULL {changeSet=migration/node-info.changelog-init.xml::remove_host_port_pk::R3.Corda, databaseChangeLog=master.changelog.json}
?[m?[37m[INFO] 11:44:48,620 [Test worker] changelog.ChangeSet. - Columns hosts_id(INT) added to node_info_hosts {changeSet=migration/node-info.changelog-init.xml::remove_host_port_pk::R3.Corda, databaseChangeLog=master.changelog.json}
?[m?[37m[INFO] 11:44:48,620 [Test worker] jvm.JdbcExecutor. - ALTER TABLE PUBLIC.node_info_hosts ADD CONSTRAINT node_info_hosts_pkey_id PRIMARY KEY (hosts_id) {changeSet=migration/node-info.changelog-init.xml::remove_host_port_pk::R3.Corda, databaseChangeLog=master.changelog.json}
?[m?[37m[INFO] 11:44:48,620 [Test worker] changelog.ChangeSet. - Primary key added to node_info_hosts (hosts_id) {changeSet=migration/node-info.changelog-init.xml::remove_host_port_pk::R3.Corda, databaseChangeLog=master.changelog.json}
?[m?[37m[INFO] 11:44:48,620 [Test worker] changelog.ChangeSet. - ChangeSet migration/node-info.changelog-init.xml::remove_host_port_pk::R3.Corda ran successfully in 1ms {changeSet=migration/node-info.changelog-init.xml::remove_host_port_pk::R3.Corda, databaseChangeLog=master.changelog.json}
?[m?[37m[INFO] 11:44:48,620 [Test worker] jvm.JdbcExecutor. - INSERT INTO PUBLIC.DATABASECHANGELOG (ID, AUTHOR, FILENAME, DATEEXECUTED, ORDEREXECUTED, MD5SUM, DESCRIPTION, COMMENTS, EXECTYPE, CONTEXTS, LABELS, LIQUIBASE, DEPLOYMENT_ID) VALUES ('remove_host_port_pk', 'R3.Corda', 'migration/node-info.changelog-init.xml', NOW(), 38, '8:50fa65c10fd9bb3d89e0ad75d29a0e4d', 'delete tableName=node_infos; delete tableName=node_link_nodeinfo_party; delete tableName=node_info_hosts; delete tableName=node_info_party_cert; dropPrimaryKey constraintName=node_info_hosts_pkey, tableName=node_info_hosts; addColumn tableName=nod...', '', 'EXECUTED', NULL, NULL, '3.6.3', '2067488594') {changeSet=migration/node-info.changelog-init.xml::remove_host_port_pk::R3.Corda, databaseChangeLog=master.changelog.json}
?[m?[37m[INFO] 11:44:48,620 [Test worker] jvm.JdbcExecutor. - CREATE TABLE PUBLIC.node_properties (property_key NVARCHAR(255) NOT NULL, property_value NVARCHAR(255)) {changeSet=migration/node-info.changelog-v1.xml::key/value node properties table::R3.Corda, databaseChangeLog=master.changelog.json}
?[m?[37m[INFO] 11:44:48,620 [Test worker] changelog.ChangeSet. - Table node_properties created {changeSet=migration/node-info.changelog-v1.xml::key/value node properties table::R3.Corda, databaseChangeLog=master.changelog.json}
?[m?[37m[INFO] 11:44:48,620 [Test worker] changelog.ChangeSet. - ChangeSet migration/node-info.changelog-v1.xml::key/value node properties table::R3.Corda ran successfully in 0ms {changeSet=migration/node-info.changelog-v1.xml::key/value node properties table::R3.Corda, databaseChangeLog=master.changelog.json}
?[m?[37m[INFO] 11:44:48,620 [Test worker] jvm.JdbcExecutor. - INSERT INTO PUBLIC.DATABASECHANGELOG (ID, AUTHOR, FILENAME, DATEEXECUTED, ORDEREXECUTED, MD5SUM, DESCRIPTION, COMMENTS, EXECTYPE, CONTEXTS, LABELS, LIQUIBASE, DEPLOYMENT_ID) VALUES ('key/value node properties table', 'R3.Corda', 'migration/node-info.changelog-v1.xml', NOW(), 39, '8:39e4c897aa5e893e79a0434af2948a91', 'createTable tableName=node_properties', '', 'EXECUTED', NULL, NULL, '3.6.3', '2067488594') {changeSet=migration/node-info.changelog-v1.xml::key/value node properties table::R3.Corda, databaseChangeLog=master.changelog.json}
?[m?[37m[INFO] 11:44:48,621 [Test worker] jvm.JdbcExecutor. - ALTER TABLE PUBLIC.node_infos ALTER COLUMN node_info_hash SET NOT NULL {changeSet=migration/node-info.changelog-v2.xml::1525962920::R3.Corda, databaseChangeLog=master.changelog.json}
?[m?[37m[INFO] 11:44:48,621 [Test worker] changelog.ChangeSet. - NOT NULL constraint has been added to node_infos.node_info_hash {changeSet=migration/node-info.changelog-v2.xml::1525962920::R3.Corda, databaseChangeLog=master.changelog.json}
?[m?[37m[INFO] 11:44:48,621 [Test worker] jvm.JdbcExecutor. - ALTER TABLE PUBLIC.node_infos ALTER COLUMN platform_version SET NOT NULL {changeSet=migration/node-info.changelog-v2.xml::1525962920::R3.Corda, databaseChangeLog=master.changelog.json}
?[m?[37m[INFO] 11:44:48,621 [Test worker] changelog.ChangeSet. - NOT NULL constraint has been added to node_infos.platform_version {changeSet=migration/node-info.changelog-v2.xml::1525962920::R3.Corda, databaseChangeLog=master.changelog.json}
?[m?[37m[INFO] 11:44:48,621 [Test worker] jvm.JdbcExecutor. - ALTER TABLE PUBLIC.node_infos ALTER COLUMN serial SET NOT NULL {changeSet=migration/node-info.changelog-v2.xml::1525962920::R3.Corda, databaseChangeLog=master.changelog.json}
?[m?[37m[INFO] 11:44:48,621 [Test worker] changelog.ChangeSet. - NOT NULL constraint has been added to node_infos.serial {changeSet=migration/node-info.changelog-v2.xml::1525962920::R3.Corda, databaseChangeLog=master.changelog.json}
?[m?[37m[INFO] 11:44:48,621 [Test worker] jvm.JdbcExecutor. - ALTER TABLE PUBLIC.node_info_hosts ALTER COLUMN host SET NULL {changeSet=migration/node-info.changelog-v2.xml::1525962920::R3.Corda, databaseChangeLog=master.changelog.json}
?[m?[37m[INFO] 11:44:48,621 [Test worker] changelog.ChangeSet. - Null constraint dropped from node_info_hosts.host {changeSet=migration/node-info.changelog-v2.xml::1525962920::R3.Corda, databaseChangeLog=master.changelog.json}
?[m?[37m[INFO] 11:44:48,621 [Test worker] jvm.JdbcExecutor. - ALTER TABLE PUBLIC.node_info_hosts ALTER COLUMN port SET NULL {changeSet=migration/node-info.changelog-v2.xml::1525962920::R3.Corda, databaseChangeLog=master.changelog.json}
?[m?[37m[INFO] 11:44:48,621 [Test worker] changelog.ChangeSet. - Null constraint dropped from node_info_hosts.port {changeSet=migration/node-info.changelog-v2.xml::1525962920::R3.Corda, databaseChangeLog=master.changelog.json}
?[m?[37m[INFO] 11:44:48,621 [Test worker] jvm.JdbcExecutor. - ALTER TABLE PUBLIC.node_info_party_cert ALTER COLUMN owning_key_hash SET NOT NULL {changeSet=migration/node-info.changelog-v2.xml::1525962920::R3.Corda, databaseChangeLog=master.changelog.json}
?[m?[37m[INFO] 11:44:48,621 [Test worker] changelog.ChangeSet. - NOT NULL constraint has been added to node_info_party_cert.owning_key_hash {changeSet=migration/node-info.changelog-v2.xml::1525962920::R3.Corda, databaseChangeLog=master.changelog.json}
?[m?[37m[INFO] 11:44:48,621 [Test worker] jvm.JdbcExecutor. - ALTER TABLE PUBLIC.node_info_party_cert ALTER COLUMN party_cert_binary SET NOT NULL {changeSet=migration/node-info.changelog-v2.xml::1525962920::R3.Corda, databaseChangeLog=master.changelog.json}
?[m?[37m[INFO] 11:44:48,621 [Test worker] changelog.ChangeSet. - NOT NULL constraint has been added to node_info_party_cert.party_cert_binary {changeSet=migration/node-info.changelog-v2.xml::1525962920::R3.Corda, databaseChangeLog=master.changelog.json}
?[m?[37m[INFO] 11:44:48,621 [Test worker] changelog.ChangeSet. - ChangeSet migration/node-info.changelog-v2.xml::1525962920::R3.Corda ran successfully in 1ms {changeSet=migration/node-info.changelog-v2.xml::1525962920::R3.Corda, databaseChangeLog=master.changelog.json}
?[m?[37m[INFO] 11:44:48,621 [Test worker] jvm.JdbcExecutor. - INSERT INTO PUBLIC.DATABASECHANGELOG (ID, AUTHOR, FILENAME, DATEEXECUTED, ORDEREXECUTED, MD5SUM, DESCRIPTION, COMMENTS, EXECTYPE, CONTEXTS, LABELS, LIQUIBASE, DEPLOYMENT_ID) VALUES ('1525962920', 'R3.Corda', 'migration/node-info.changelog-v2.xml', NOW(), 40, '8:cc835e848ed6cc1f4b2a2e8e31fa92f1', 'addNotNullConstraint columnName=node_info_hash, tableName=node_infos; addNotNullConstraint columnName=platform_version, tableName=node_infos; addNotNullConstraint columnName=serial, tableName=node_infos; dropNotNullConstraint columnName=host, tabl...', '', 'EXECUTED', NULL, NULL, '3.6.3', '2067488594') {changeSet=migration/node-info.changelog-v2.xml::1525962920::R3.Corda, databaseChangeLog=master.changelog.json}
?[m?[37m[INFO] 11:44:48,621 [Test worker] jvm.JdbcExecutor. - ALTER TABLE PUBLIC.node_info_hosts ALTER COLUMN host RENAME TO host_name {changeSet=migration/node-info.changelog-v3.xml::column_host_name::R3.Corda, databaseChangeLog=master.changelog.json}
?[m?[37m[INFO] 11:44:48,621 [Test worker] changelog.ChangeSet. - Column node_info_hosts.host renamed to host_name {changeSet=migration/node-info.changelog-v3.xml::column_host_name::R3.Corda, databaseChangeLog=master.changelog.json}
?[m?[37m[INFO] 11:44:48,621 [Test worker] changelog.ChangeSet. - ChangeSet migration/node-info.changelog-v3.xml::column_host_name::R3.Corda ran successfully in 0ms {changeSet=migration/node-info.changelog-v3.xml::column_host_name::R3.Corda, databaseChangeLog=master.changelog.json}
?[m?[37m[INFO] 11:44:48,622 [Test worker] jvm.JdbcExecutor. - INSERT INTO PUBLIC.DATABASECHANGELOG (ID, AUTHOR, FILENAME, DATEEXECUTED, ORDEREXECUTED, MD5SUM, DESCRIPTION, COMMENTS, EXECTYPE, CONTEXTS, LABELS, LIQUIBASE, DEPLOYMENT_ID) VALUES ('column_host_name', 'R3.Corda', 'migration/node-info.changelog-v3.xml', NOW(), 41, '8:e5fb9380221a91515f45ee44c9c30053', 'renameColumn newColumnName=host_name, oldColumnName=host, tableName=node_info_hosts', '', 'EXECUTED', NULL, NULL, '3.6.3', '2067488594') {changeSet=migration/node-info.changelog-v3.xml::column_host_name::R3.Corda, databaseChangeLog=master.changelog.json}
?[m?[37m[INFO] 11:44:48,622 [Test worker] jvm.JdbcExecutor. - CREATE TABLE PUBLIC.node_attachments (att_id NVARCHAR(255) NOT NULL, content BLOB, filename NVARCHAR(255), insertion_date TIMESTAMP NOT NULL, uploader NVARCHAR(255)) {changeSet=migration/node-services.changelog-init.xml::1511451595465-5::R3.Corda, databaseChangeLog=master.changelog.json}
?[m?[37m[INFO] 11:44:48,622 [Test worker] changelog.ChangeSet. - Table node_attachments created {changeSet=migration/node-services.changelog-init.xml::1511451595465-5::R3.Corda, databaseChangeLog=master.changelog.json}
?[m?[37m[INFO] 11:44:48,622 [Test worker] changelog.ChangeSet. - ChangeSet migration/node-services.changelog-init.xml::1511451595465-5::R3.Corda ran successfully in 0ms {changeSet=migration/node-services.changelog-init.xml::1511451595465-5::R3.Corda, databaseChangeLog=master.changelog.json}
?[m?[37m[INFO] 11:44:48,622 [Test worker] jvm.JdbcExecutor. - INSERT INTO PUBLIC.DATABASECHANGELOG (ID, AUTHOR, FILENAME, DATEEXECUTED, ORDEREXECUTED, MD5SUM, DESCRIPTION, COMMENTS, EXECTYPE, CONTEXTS, LABELS, LIQUIBASE, DEPLOYMENT_ID) VALUES ('1511451595465-5', 'R3.Corda', 'migration/node-services.changelog-init.xml', NOW(), 42, '8:380e64788d9896c1166e4c22336d01e4', 'createTable tableName=node_attachments', '', 'EXECUTED', NULL, NULL, '3.6.3', '2067488594') {changeSet=migration/node-services.changelog-init.xml::1511451595465-5::R3.Corda, databaseChangeLog=master.changelog.json}
?[m?[37m[INFO] 11:44:48,622 [Test worker] jvm.JdbcExecutor. - CREATE TABLE PUBLIC.node_checkpoints (checkpoint_id NVARCHAR(64) NOT NULL, checkpoint_value BLOB) {changeSet=migration/node-services.changelog-init.xml::1511451595465-7::R3.Corda, databaseChangeLog=master.changelog.json}
?[m?[37m[INFO] 11:44:48,622 [Test worker] changelog.ChangeSet. - Table node_checkpoints created {changeSet=migration/node-services.changelog-init.xml::1511451595465-7::R3.Corda, databaseChangeLog=master.changelog.json}
?[m?[37m[INFO] 11:44:48,622 [Test worker] changelog.ChangeSet. - ChangeSet migration/node-services.changelog-init.xml::1511451595465-7::R3.Corda ran successfully in 0ms {changeSet=migration/node-services.changelog-init.xml::1511451595465-7::R3.Corda, databaseChangeLog=master.changelog.json}
?[m?[37m[INFO] 11:44:48,623 [Test worker] jvm.JdbcExecutor. - INSERT INTO PUBLIC.DATABASECHANGELOG (ID, AUTHOR, FILENAME, DATEEXECUTED, ORDEREXECUTED, MD5SUM, DESCRIPTION, COMMENTS, EXECTYPE, CONTEXTS, LABELS, LIQUIBASE, DEPLOYMENT_ID) VALUES ('1511451595465-7', 'R3.Corda', 'migration/node-services.changelog-init.xml', NOW(), 43, '8:8aefa1967ed80f8f98b69247c70c9f24', 'createTable tableName=node_checkpoints', '', 'EXECUTED', NULL, NULL, '3.6.3', '2067488594') {changeSet=migration/node-services.changelog-init.xml::1511451595465-7::R3.Corda, databaseChangeLog=master.changelog.json}
?[m?[37m[INFO] 11:44:48,623 [Test worker] jvm.JdbcExecutor. - CREATE TABLE PUBLIC.node_contract_upgrades (state_ref NVARCHAR(96) NOT NULL, contract_class_name NVARCHAR(255)) {changeSet=migration/node-services.changelog-init.xml::1511451595465-8::R3.Corda, databaseChangeLog=master.changelog.json}
?[m?[37m[INFO] 11:44:48,623 [Test worker] changelog.ChangeSet. - Table node_contract_upgrades created {changeSet=migration/node-services.changelog-init.xml::1511451595465-8::R3.Corda, databaseChangeLog=master.changelog.json}
?[m?[37m[INFO] 11:44:48,623 [Test worker] changelog.ChangeSet. - ChangeSet migration/node-services.changelog-init.xml::1511451595465-8::R3.Corda ran successfully in 0ms {changeSet=migration/node-services.changelog-init.xml::1511451595465-8::R3.Corda, databaseChangeLog=master.changelog.json}
?[m?[37m[INFO] 11:44:48,623 [Test worker] jvm.JdbcExecutor. - INSERT INTO PUBLIC.DATABASECHANGELOG (ID, AUTHOR, FILENAME, DATEEXECUTED, ORDEREXECUTED, MD5SUM, DESCRIPTION, COMMENTS, EXECTYPE, CONTEXTS, LABELS, LIQUIBASE, DEPLOYMENT_ID) VALUES ('1511451595465-8', 'R3.Corda', 'migration/node-services.changelog-init.xml', NOW(), 44, '8:6b06fe4c0ef085967f4dbd00dca08533', 'createTable tableName=node_contract_upgrades', '', 'EXECUTED', NULL, NULL, '3.6.3', '2067488594') {changeSet=migration/node-services.changelog-init.xml::1511451595465-8::R3.Corda, databaseChangeLog=master.changelog.json}
?[m?[37m[INFO] 11:44:48,623 [Test worker] jvm.JdbcExecutor. - CREATE TABLE PUBLIC.node_identities (pk_hash NVARCHAR(130) NOT NULL, identity_value BLOB) {changeSet=migration/node-services.changelog-init.xml::1511451595465-9::R3.Corda, databaseChangeLog=master.changelog.json}
?[m?[37m[INFO] 11:44:48,623 [Test worker] changelog.ChangeSet. - Table node_identities created {changeSet=migration/node-services.changelog-init.xml::1511451595465-9::R3.Corda, databaseChangeLog=master.changelog.json}
?[m?[37m[INFO] 11:44:48,623 [Test worker] changelog.ChangeSet. - ChangeSet migration/node-services.changelog-init.xml::1511451595465-9::R3.Corda ran successfully in 0ms {changeSet=migration/node-services.changelog-init.xml::1511451595465-9::R3.Corda, databaseChangeLog=master.changelog.json}
?[m?[37m[INFO] 11:44:48,623 [Test worker] jvm.JdbcExecutor. - INSERT INTO PUBLIC.DATABASECHANGELOG (ID, AUTHOR, FILENAME, DATEEXECUTED, ORDEREXECUTED, MD5SUM, DESCRIPTION, COMMENTS, EXECTYPE, CONTEXTS, LABELS, LIQUIBASE, DEPLOYMENT_ID) VALUES ('1511451595465-9', 'R3.Corda', 'migration/node-services.changelog-init.xml', NOW(), 45, '8:293963c9989772e272e1397c8ae9dfb1', 'createTable tableName=node_identities', '', 'EXECUTED', NULL, NULL, '3.6.3', '2067488594') {changeSet=migration/node-services.changelog-init.xml::1511451595465-9::R3.Corda, databaseChangeLog=master.changelog.json}
?[m?[37m[INFO] 11:44:48,623 [Test worker] jvm.JdbcExecutor. - CREATE TABLE PUBLIC.node_message_ids (message_id NVARCHAR(64) NOT NULL, insertion_time TIMESTAMP) {changeSet=migration/node-services.changelog-init.xml::1511451595465-13::R3.Corda, databaseChangeLog=master.changelog.json}
?[m?[37m[INFO] 11:44:48,624 [Test worker] changelog.ChangeSet. - Table node_message_ids created {changeSet=migration/node-services.changelog-init.xml::1511451595465-13::R3.Corda, databaseChangeLog=master.changelog.json}
?[m?[37m[INFO] 11:44:48,624 [Test worker] changelog.ChangeSet. - ChangeSet migration/node-services.changelog-init.xml::1511451595465-13::R3.Corda ran successfully in 1ms {changeSet=migration/node-services.changelog-init.xml::1511451595465-13::R3.Corda, databaseChangeLog=master.changelog.json}
?[m?[37m[INFO] 11:44:48,624 [Test worker] jvm.JdbcExecutor. - INSERT INTO PUBLIC.DATABASECHANGELOG (ID, AUTHOR, FILENAME, DATEEXECUTED, ORDEREXECUTED, MD5SUM, DESCRIPTION, COMMENTS, EXECTYPE, CONTEXTS, LABELS, LIQUIBASE, DEPLOYMENT_ID) VALUES ('1511451595465-13', 'R3.Corda', 'migration/node-services.changelog-init.xml', NOW(), 46, '8:421bb9432660d6cdf67a18c6f0acdeb4', 'createTable tableName=node_message_ids', '', 'EXECUTED', NULL, NULL, '3.6.3', '2067488594') {changeSet=migration/node-services.changelog-init.xml::1511451595465-13::R3.Corda, databaseChangeLog=master.changelog.json}
?[m?[37m[INFO] 11:44:48,624 [Test worker] jvm.JdbcExecutor. - CREATE TABLE PUBLIC.node_message_retry (message_id BIGINT NOT NULL, message BLOB, recipients BLOB) {changeSet=migration/node-services.changelog-init.xml::1511451595465-14::R3.Corda, databaseChangeLog=master.changelog.json}
?[m?[37m[INFO] 11:44:48,624 [Test worker] changelog.ChangeSet. - Table node_message_retry created {changeSet=migration/node-services.changelog-init.xml::1511451595465-14::R3.Corda, databaseChangeLog=master.changelog.json}
?[m?[37m[INFO] 11:44:48,624 [Test worker] changelog.ChangeSet. - ChangeSet migration/node-services.changelog-init.xml::1511451595465-14::R3.Corda ran successfully in 0ms {changeSet=migration/node-services.changelog-init.xml::1511451595465-14::R3.Corda, databaseChangeLog=master.changelog.json}
?[m?[37m[INFO] 11:44:48,624 [Test worker] jvm.JdbcExecutor. - INSERT INTO PUBLIC.DATABASECHANGELOG (ID, AUTHOR, FILENAME, DATEEXECUTED, ORDEREXECUTED, MD5SUM, DESCRIPTION, COMMENTS, EXECTYPE, CONTEXTS, LABELS, LIQUIBASE, DEPLOYMENT_ID) VALUES ('1511451595465-14', 'R3.Corda', 'migration/node-services.changelog-init.xml', NOW(), 47, '8:ba7acbbe63086c3c9fb627ea948864b2', 'createTable tableName=node_message_retry', '', 'EXECUTED', NULL, NULL, '3.6.3', '2067488594') {changeSet=migration/node-services.changelog-init.xml::1511451595465-14::R3.Corda, databaseChangeLog=master.changelog.json}
?[m?[37m[INFO] 11:44:48,624 [Test worker] jvm.JdbcExecutor. - CREATE TABLE PUBLIC.node_named_identities (name NVARCHAR(128) NOT NULL, pk_hash NVARCHAR(130)) {changeSet=migration/node-services.changelog-init.xml::1511451595465-15::R3.Corda, databaseChangeLog=master.changelog.json}
?[m?[37m[INFO] 11:44:48,624 [Test worker] changelog.ChangeSet. - Table node_named_identities created {changeSet=migration/node-services.changelog-init.xml::1511451595465-15::R3.Corda, databaseChangeLog=master.changelog.json}
?[m?[37m[INFO] 11:44:48,624 [Test worker] changelog.ChangeSet. - ChangeSet migration/node-services.changelog-init.xml::1511451595465-15::R3.Corda ran successfully in 0ms {changeSet=migration/node-services.changelog-init.xml::1511451595465-15::R3.Corda, databaseChangeLog=master.changelog.json}
?[m?[37m[INFO] 11:44:48,624 [Test worker] jvm.JdbcExecutor. - INSERT INTO PUBLIC.DATABASECHANGELOG (ID, AUTHOR, FILENAME, DATEEXECUTED, ORDEREXECUTED, MD5SUM, DESCRIPTION, COMMENTS, EXECTYPE, CONTEXTS, LABELS, LIQUIBASE, DEPLOYMENT_ID) VALUES ('1511451595465-15', 'R3.Corda', 'migration/node-services.changelog-init.xml', NOW(), 48, '8:bf6ca4e45e140b225f6f934935dd2f34', 'createTable tableName=node_named_identities', '', 'EXECUTED', NULL, NULL, '3.6.3', '2067488594') {changeSet=migration/node-services.changelog-init.xml::1511451595465-15::R3.Corda, databaseChangeLog=master.changelog.json}
?[m?[37m[INFO] 11:44:48,625 [Test worker] jvm.JdbcExecutor. - CREATE TABLE PUBLIC.node_our_key_pairs (public_key_hash NVARCHAR(130) NOT NULL, private_key BLOB, public_key BLOB) {changeSet=migration/node-services.changelog-init.xml::1511451595465-17::R3.Corda, databaseChangeLog=master.changelog.json}
?[m?[37m[INFO] 11:44:48,625 [Test worker] changelog.ChangeSet. - Table node_our_key_pairs created {changeSet=migration/node-services.changelog-init.xml::1511451595465-17::R3.Corda, databaseChangeLog=master.changelog.json}
?[m?[37m[INFO] 11:44:48,625 [Test worker] changelog.ChangeSet. - ChangeSet migration/node-services.changelog-init.xml::1511451595465-17::R3.Corda ran successfully in 0ms {changeSet=migration/node-services.changelog-init.xml::1511451595465-17::R3.Corda, databaseChangeLog=master.changelog.json}
?[m?[37m[INFO] 11:44:48,625 [Test worker] jvm.JdbcExecutor. - INSERT INTO PUBLIC.DATABASECHANGELOG (ID, AUTHOR, FILENAME, DATEEXECUTED, ORDEREXECUTED, MD5SUM, DESCRIPTION, COMMENTS, EXECTYPE, CONTEXTS, LABELS, LIQUIBASE, DEPLOYMENT_ID) VALUES ('1511451595465-17', 'R3.Corda', 'migration/node-services.changelog-init.xml', NOW(), 49, '8:e91eb86cb57176d4605d948f694d8441', 'createTable tableName=node_our_key_pairs', '', 'EXECUTED', NULL, NULL, '3.6.3', '2067488594') {changeSet=migration/node-services.changelog-init.xml::1511451595465-17::R3.Corda, databaseChangeLog=master.changelog.json}
?[m?[37m[INFO] 11:44:48,625 [Test worker] jvm.JdbcExecutor. - CREATE TABLE PUBLIC.node_scheduled_states (output_index INT NOT NULL, transaction_id NVARCHAR(64) NOT NULL, scheduled_at TIMESTAMP NOT NULL) {changeSet=migration/node-services.changelog-init.xml::1511451595465-19::R3.Corda, databaseChangeLog=master.changelog.json}
?[m?[37m[INFO] 11:44:48,625 [Test worker] changelog.ChangeSet. - Table node_scheduled_states created {changeSet=migration/node-services.changelog-init.xml::1511451595465-19::R3.Corda, databaseChangeLog=master.changelog.json}
?[m?[37m[INFO] 11:44:48,625 [Test worker] changelog.ChangeSet. - ChangeSet migration/node-services.changelog-init.xml::1511451595465-19::R3.Corda ran successfully in 0ms {changeSet=migration/node-services.changelog-init.xml::1511451595465-19::R3.Corda, databaseChangeLog=master.changelog.json}
?[m?[37m[INFO] 11:44:48,625 [Test worker] jvm.JdbcExecutor. - INSERT INTO PUBLIC.DATABASECHANGELOG (ID, AUTHOR, FILENAME, DATEEXECUTED, ORDEREXECUTED, MD5SUM, DESCRIPTION, COMMENTS, EXECTYPE, CONTEXTS, LABELS, LIQUIBASE, DEPLOYMENT_ID) VALUES ('1511451595465-19', 'R3.Corda', 'migration/node-services.changelog-init.xml', NOW(), 50, '8:55282f9fbfc1cb8f7583a90173e3ff4c', 'createTable tableName=node_scheduled_states', '', 'EXECUTED', NULL, NULL, '3.6.3', '2067488594') {changeSet=migration/node-services.changelog-init.xml::1511451595465-19::R3.Corda, databaseChangeLog=master.changelog.json}
?[m?[37m[INFO] 11:44:48,625 [Test worker] jvm.JdbcExecutor. - CREATE TABLE PUBLIC.node_transaction_mappings (tx_id NVARCHAR(64) NOT NULL, state_machine_run_id NVARCHAR(36)) {changeSet=migration/node-services.changelog-init.xml::1511451595465-20::R3.Corda, databaseChangeLog=master.changelog.json}
?[m?[37m[INFO] 11:44:48,625 [Test worker] changelog.ChangeSet. - Table node_transaction_mappings created {changeSet=migration/node-services.changelog-init.xml::1511451595465-20::R3.Corda, databaseChangeLog=master.changelog.json}
?[m?[37m[INFO] 11:44:48,625 [Test worker] changelog.ChangeSet. - ChangeSet migration/node-services.changelog-init.xml::1511451595465-20::R3.Corda ran successfully in 0ms {changeSet=migration/node-services.changelog-init.xml::1511451595465-20::R3.Corda, databaseChangeLog=master.changelog.json}
?[m?[37m[INFO] 11:44:48,626 [Test worker] jvm.JdbcExecutor. - INSERT INTO PUBLIC.DATABASECHANGELOG (ID, AUTHOR, FILENAME, DATEEXECUTED, ORDEREXECUTED, MD5SUM, DESCRIPTION, COMMENTS, EXECTYPE, CONTEXTS, LABELS, LIQUIBASE, DEPLOYMENT_ID) VALUES ('1511451595465-20', 'R3.Corda', 'migration/node-services.changelog-init.xml', NOW(), 51, '8:cc085b3d33f3d53b75c8866522653f98', 'createTable tableName=node_transaction_mappings', '', 'EXECUTED', NULL, NULL, '3.6.3', '2067488594') {changeSet=migration/node-services.changelog-init.xml::1511451595465-20::R3.Corda, databaseChangeLog=master.changelog.json}
?[m?[37m[INFO] 11:44:48,626 [Test worker] jvm.JdbcExecutor. - CREATE TABLE PUBLIC.node_transactions (tx_id NVARCHAR(64) NOT NULL, transaction_value BLOB) {changeSet=migration/node-services.changelog-init.xml::1511451595465-21::R3.Corda, databaseChangeLog=master.changelog.json}
?[m?[37m[INFO] 11:44:48,626 [Test worker] changelog.ChangeSet. - Table node_transactions created {changeSet=migration/node-services.changelog-init.xml::1511451595465-21::R3.Corda, databaseChangeLog=master.changelog.json}
?[m?[37m[INFO] 11:44:48,626 [Test worker] changelog.ChangeSet. - ChangeSet migration/node-services.changelog-init.xml::1511451595465-21::R3.Corda ran successfully in 0ms {changeSet=migration/node-services.changelog-init.xml::1511451595465-21::R3.Corda, databaseChangeLog=master.changelog.json}
?[m?[37m[INFO] 11:44:48,626 [Test worker] jvm.JdbcExecutor. - INSERT INTO PUBLIC.DATABASECHANGELOG (ID, AUTHOR, FILENAME, DATEEXECUTED, ORDEREXECUTED, MD5SUM, DESCRIPTION, COMMENTS, EXECTYPE, CONTEXTS, LABELS, LIQUIBASE, DEPLOYMENT_ID) VALUES ('1511451595465-21', 'R3.Corda', 'migration/node-services.changelog-init.xml', NOW(), 52, '8:69feb7582f3b77828510a56cb111cfd8', 'createTable tableName=node_transactions', '', 'EXECUTED', NULL, NULL, '3.6.3', '2067488594') {changeSet=migration/node-services.changelog-init.xml::1511451595465-21::R3.Corda, databaseChangeLog=master.changelog.json}
?[m?[37m[INFO] 11:44:48,626 [Test worker] jvm.JdbcExecutor. - ALTER TABLE PUBLIC.node_attachments ADD CONSTRAINT node_attachments_pkey PRIMARY KEY (att_id) {changeSet=migration/node-services.changelog-init.xml::1511451595465-30::R3.Corda, databaseChangeLog=master.changelog.json}
?[m?[37m[INFO] 11:44:48,626 [Test worker] changelog.ChangeSet. - Primary key added to node_attachments (att_id) {changeSet=migration/node-services.changelog-init.xml::1511451595465-30::R3.Corda, databaseChangeLog=master.changelog.json}
?[m?[37m[INFO] 11:44:48,626 [Test worker] changelog.ChangeSet. - ChangeSet migration/node-services.changelog-init.xml::1511451595465-30::R3.Corda ran successfully in 0ms {changeSet=migration/node-services.changelog-init.xml::1511451595465-30::R3.Corda, databaseChangeLog=master.changelog.json}
?[m?[37m[INFO] 11:44:48,626 [Test worker] jvm.JdbcExecutor. - INSERT INTO PUBLIC.DATABASECHANGELOG (ID, AUTHOR, FILENAME, DATEEXECUTED, ORDEREXECUTED, MD5SUM, DESCRIPTION, COMMENTS, EXECTYPE, CONTEXTS, LABELS, LIQUIBASE, DEPLOYMENT_ID) VALUES ('1511451595465-30', 'R3.Corda', 'migration/node-services.changelog-init.xml', NOW(), 53, '8:97c42d4eac368e79f47df345a072b237', 'addPrimaryKey constraintName=node_attachments_pkey, tableName=node_attachments', '', 'EXECUTED', NULL, NULL, '3.6.3', '2067488594') {changeSet=migration/node-services.changelog-init.xml::1511451595465-30::R3.Corda, databaseChangeLog=master.changelog.json}
?[m?[37m[INFO] 11:44:48,627 [Test worker] jvm.JdbcExecutor. - ALTER TABLE PUBLIC.node_checkpoints ADD CONSTRAINT node_checkpoints_pkey PRIMARY KEY (checkpoint_id) {changeSet=migration/node-services.changelog-init.xml::1511451595465-32::R3.Corda, databaseChangeLog=master.changelog.json}
?[m?[37m[INFO] 11:44:48,627 [Test worker] changelog.ChangeSet. - Primary key added to node_checkpoints (checkpoint_id) {changeSet=migration/node-services.changelog-init.xml::1511451595465-32::R3.Corda, databaseChangeLog=master.changelog.json}
?[m?[37m[INFO] 11:44:48,627 [Test worker] changelog.ChangeSet. - ChangeSet migration/node-services.changelog-init.xml::1511451595465-32::R3.Corda ran successfully in 1ms {changeSet=migration/node-services.changelog-init.xml::1511451595465-32::R3.Corda, databaseChangeLog=master.changelog.json}
?[m?[37m[INFO] 11:44:48,627 [Test worker] jvm.JdbcExecutor. - INSERT INTO PUBLIC.DATABASECHANGELOG (ID, AUTHOR, FILENAME, DATEEXECUTED, ORDEREXECUTED, MD5SUM, DESCRIPTION, COMMENTS, EXECTYPE, CONTEXTS, LABELS, LIQUIBASE, DEPLOYMENT_ID) VALUES ('1511451595465-32', 'R3.Corda', 'migration/node-services.changelog-init.xml', NOW(), 54, '8:7224c32660081d3e820e52e2b70b365f', 'addPrimaryKey constraintName=node_checkpoints_pkey, tableName=node_checkpoints', '', 'EXECUTED', NULL, NULL, '3.6.3', '2067488594') {changeSet=migration/node-services.changelog-init.xml::1511451595465-32::R3.Corda, databaseChangeLog=master.changelog.json}
?[m?[37m[INFO] 11:44:48,627 [Test worker] jvm.JdbcExecutor. - ALTER TABLE PUBLIC.node_contract_upgrades ADD CONSTRAINT node_contract_upgrades_pkey PRIMARY KEY (state_ref) {changeSet=migration/node-services.changelog-init.xml::1511451595465-33::R3.Corda, databaseChangeLog=master.changelog.json}
?[m?[37m[INFO] 11:44:48,627 [Test worker] changelog.ChangeSet. - Primary key added to node_contract_upgrades (state_ref) {changeSet=migration/node-services.changelog-init.xml::1511451595465-33::R3.Corda, databaseChangeLog=master.changelog.json}
?[m?[37m[INFO] 11:44:48,627 [Test worker] changelog.ChangeSet. - ChangeSet migration/node-services.changelog-init.xml::1511451595465-33::R3.Corda ran successfully in 0ms {changeSet=migration/node-services.changelog-init.xml::1511451595465-33::R3.Corda, databaseChangeLog=master.changelog.json}
?[m?[37m[INFO] 11:44:48,627 [Test worker] jvm.JdbcExecutor. - INSERT INTO PUBLIC.DATABASECHANGELOG (ID, AUTHOR, FILENAME, DATEEXECUTED, ORDEREXECUTED, MD5SUM, DESCRIPTION, COMMENTS, EXECTYPE, CONTEXTS, LABELS, LIQUIBASE, DEPLOYMENT_ID) VALUES ('1511451595465-33', 'R3.Corda', 'migration/node-services.changelog-init.xml', NOW(), 55, '8:85bcae037a29317065e3b922e0563902', 'addPrimaryKey constraintName=node_contract_upgrades_pkey, tableName=node_contract_upgrades', '', 'EXECUTED', NULL, NULL, '3.6.3', '2067488594') {changeSet=migration/node-services.changelog-init.xml::1511451595465-33::R3.Corda, databaseChangeLog=master.changelog.json}
?[m?[37m[INFO] 11:44:48,627 [Test worker] jvm.JdbcExecutor. - ALTER TABLE PUBLIC.node_identities ADD CONSTRAINT node_identities_pkey PRIMARY KEY (pk_hash) {changeSet=migration/node-services.changelog-init.xml::1511451595465-34::R3.Corda, databaseChangeLog=master.changelog.json}
?[m?[37m[INFO] 11:44:48,627 [Test worker] changelog.ChangeSet. - Primary key added to node_identities (pk_hash) {changeSet=migration/node-services.changelog-init.xml::1511451595465-34::R3.Corda, databaseChangeLog=master.changelog.json}
?[m?[37m[INFO] 11:44:48,627 [Test worker] changelog.ChangeSet. - ChangeSet migration/node-services.changelog-init.xml::1511451595465-34::R3.Corda ran successfully in 0ms {changeSet=migration/node-services.changelog-init.xml::1511451595465-34::R3.Corda, databaseChangeLog=master.changelog.json}
?[m?[37m[INFO] 11:44:48,627 [Test worker] jvm.JdbcExecutor. - INSERT INTO PUBLIC.DATABASECHANGELOG (ID, AUTHOR, FILENAME, DATEEXECUTED, ORDEREXECUTED, MD5SUM, DESCRIPTION, COMMENTS, EXECTYPE, CONTEXTS, LABELS, LIQUIBASE, DEPLOYMENT_ID) VALUES ('1511451595465-34', 'R3.Corda', 'migration/node-services.changelog-init.xml', NOW(), 56, '8:308ffe9985df3029fc05bd41c60010a9', 'addPrimaryKey constraintName=node_identities_pkey, tableName=node_identities', '', 'EXECUTED', NULL, NULL, '3.6.3', '2067488594') {changeSet=migration/node-services.changelog-init.xml::1511451595465-34::R3.Corda, databaseChangeLog=master.changelog.json}
?[m?[37m[INFO] 11:44:48,628 [Test worker] jvm.JdbcExecutor. - ALTER TABLE PUBLIC.node_message_ids ADD CONSTRAINT node_message_ids_pkey PRIMARY KEY (message_id) {changeSet=migration/node-services.changelog-init.xml::1511451595465-38::R3.Corda, databaseChangeLog=master.changelog.json}
?[m?[37m[INFO] 11:44:48,628 [Test worker] changelog.ChangeSet. - Primary key added to node_message_ids (message_id) {changeSet=migration/node-services.changelog-init.xml::1511451595465-38::R3.Corda, databaseChangeLog=master.changelog.json}
?[m?[37m[INFO] 11:44:48,628 [Test worker] changelog.ChangeSet. - ChangeSet migration/node-services.changelog-init.xml::1511451595465-38::R3.Corda ran successfully in 0ms {changeSet=migration/node-services.changelog-init.xml::1511451595465-38::R3.Corda, databaseChangeLog=master.changelog.json}
?[m?[37m[INFO] 11:44:48,628 [Test worker] jvm.JdbcExecutor. - INSERT INTO PUBLIC.DATABASECHANGELOG (ID, AUTHOR, FILENAME, DATEEXECUTED, ORDEREXECUTED, MD5SUM, DESCRIPTION, COMMENTS, EXECTYPE, CONTEXTS, LABELS, LIQUIBASE, DEPLOYMENT_ID) VALUES ('1511451595465-38', 'R3.Corda', 'migration/node-services.changelog-init.xml', NOW(), 57, '8:18b1b83ce2a778af1a8a8c9c56bb9651', 'addPrimaryKey constraintName=node_message_ids_pkey, tableName=node_message_ids', '', 'EXECUTED', NULL, NULL, '3.6.3', '2067488594') {changeSet=migration/node-services.changelog-init.xml::1511451595465-38::R3.Corda, databaseChangeLog=master.changelog.json}
?[m?[37m[INFO] 11:44:48,628 [Test worker] jvm.JdbcExecutor. - ALTER TABLE PUBLIC.node_message_retry ADD CONSTRAINT node_message_retry_pkey PRIMARY KEY (message_id) {changeSet=migration/node-services.changelog-init.xml::1511451595465-39::R3.Corda, databaseChangeLog=master.changelog.json}
?[m?[37m[INFO] 11:44:48,628 [Test worker] changelog.ChangeSet. - Primary key added to node_message_retry (message_id) {changeSet=migration/node-services.changelog-init.xml::1511451595465-39::R3.Corda, databaseChangeLog=master.changelog.json}
?[m?[37m[INFO] 11:44:48,628 [Test worker] changelog.ChangeSet. - ChangeSet migration/node-services.changelog-init.xml::1511451595465-39::R3.Corda ran successfully in 0ms {changeSet=migration/node-services.changelog-init.xml::1511451595465-39::R3.Corda, databaseChangeLog=master.changelog.json}
?[m?[37m[INFO] 11:44:48,628 [Test worker] jvm.JdbcExecutor. - INSERT INTO PUBLIC.DATABASECHANGELOG (ID, AUTHOR, FILENAME, DATEEXECUTED, ORDEREXECUTED, MD5SUM, DESCRIPTION, COMMENTS, EXECTYPE, CONTEXTS, LABELS, LIQUIBASE, DEPLOYMENT_ID) VALUES ('1511451595465-39', 'R3.Corda', 'migration/node-services.changelog-init.xml', NOW(), 58, '8:0359c73c9db723c73ee0171620ff4ac6', 'addPrimaryKey constraintName=node_message_retry_pkey, tableName=node_message_retry', '', 'EXECUTED', NULL, NULL, '3.6.3', '2067488594') {changeSet=migration/node-services.changelog-init.xml::1511451595465-39::R3.Corda, databaseChangeLog=master.changelog.json}
?[m?[37m[INFO] 11:44:48,628 [Test worker] jvm.JdbcExecutor. - ALTER TABLE PUBLIC.node_named_identities ADD CONSTRAINT node_named_identities_pkey PRIMARY KEY (name) {changeSet=migration/node-services.changelog-init.xml::1511451595465-40::R3.Corda, databaseChangeLog=master.changelog.json}
?[m?[37m[INFO] 11:44:48,628 [Test worker] changelog.ChangeSet. - Primary key added to node_named_identities (name) {changeSet=migration/node-services.changelog-init.xml::1511451595465-40::R3.Corda, databaseChangeLog=master.changelog.json}
?[m?[37m[INFO] 11:44:48,628 [Test worker] changelog.ChangeSet. - ChangeSet migration/node-services.changelog-init.xml::1511451595465-40::R3.Corda ran successfully in 0ms {changeSet=migration/node-services.changelog-init.xml::1511451595465-40::R3.Corda, databaseChangeLog=master.changelog.json}
?[m?[37m[INFO] 11:44:48,629 [Test worker] jvm.JdbcExecutor. - INSERT INTO PUBLIC.DATABASECHANGELOG (ID, AUTHOR, FILENAME, DATEEXECUTED, ORDEREXECUTED, MD5SUM, DESCRIPTION, COMMENTS, EXECTYPE, CONTEXTS, LABELS, LIQUIBASE, DEPLOYMENT_ID) VALUES ('1511451595465-40', 'R3.Corda', 'migration/node-services.changelog-init.xml', NOW(), 59, '8:ef3ab101a3e4c5820f575d5adcb85c08', 'addPrimaryKey constraintName=node_named_identities_pkey, tableName=node_named_identities', '', 'EXECUTED', NULL, NULL, '3.6.3', '2067488594') {changeSet=migration/node-services.changelog-init.xml::1511451595465-40::R3.Corda, databaseChangeLog=master.changelog.json}
?[m?[37m[INFO] 11:44:48,629 [Test worker] jvm.JdbcExecutor. - ALTER TABLE PUBLIC.node_our_key_pairs ADD CONSTRAINT node_our_key_pairs_pkey PRIMARY KEY (public_key_hash) {changeSet=migration/node-services.changelog-init.xml::1511451595465-42::R3.Corda, databaseChangeLog=master.changelog.json}
?[m?[37m[INFO] 11:44:48,629 [Test worker] changelog.ChangeSet. - Primary key added to node_our_key_pairs (public_key_hash) {changeSet=migration/node-services.changelog-init.xml::1511451595465-42::R3.Corda, databaseChangeLog=master.changelog.json}
?[m?[37m[INFO] 11:44:48,629 [Test worker] changelog.ChangeSet. - ChangeSet migration/node-services.changelog-init.xml::1511451595465-42::R3.Corda ran successfully in 0ms {changeSet=migration/node-services.changelog-init.xml::1511451595465-42::R3.Corda, databaseChangeLog=master.changelog.json}
?[m?[37m[INFO] 11:44:48,629 [Test worker] jvm.JdbcExecutor. - INSERT INTO PUBLIC.DATABASECHANGELOG (ID, AUTHOR, FILENAME, DATEEXECUTED, ORDEREXECUTED, MD5SUM, DESCRIPTION, COMMENTS, EXECTYPE, CONTEXTS, LABELS, LIQUIBASE, DEPLOYMENT_ID) VALUES ('1511451595465-42', 'R3.Corda', 'migration/node-services.changelog-init.xml', NOW(), 60, '8:d742088fd258d00e0a1fbffcf2e27c61', 'addPrimaryKey constraintName=node_our_key_pairs_pkey, tableName=node_our_key_pairs', '', 'EXECUTED', NULL, NULL, '3.6.3', '2067488594') {changeSet=migration/node-services.changelog-init.xml::1511451595465-42::R3.Corda, databaseChangeLog=master.changelog.json}
?[m?[37m[INFO] 11:44:48,629 [Test worker] jvm.JdbcExecutor. - ALTER TABLE PUBLIC.node_scheduled_states ADD CONSTRAINT node_scheduled_states_pkey PRIMARY KEY (output_index, transaction_id) {changeSet=migration/node-services.changelog-init.xml::1511451595465-44::R3.Corda, databaseChangeLog=master.changelog.json}
?[m?[37m[INFO] 11:44:48,629 [Test worker] changelog.ChangeSet. - Primary key added to node_scheduled_states (output_index, transaction_id) {changeSet=migration/node-services.changelog-init.xml::1511451595465-44::R3.Corda, databaseChangeLog=master.changelog.json}
?[m?[37m[INFO] 11:44:48,629 [Test worker] changelog.ChangeSet. - ChangeSet migration/node-services.changelog-init.xml::1511451595465-44::R3.Corda ran successfully in 0ms {changeSet=migration/node-services.changelog-init.xml::1511451595465-44::R3.Corda, databaseChangeLog=master.changelog.json}
?[m?[37m[INFO] 11:44:48,629 [Test worker] jvm.JdbcExecutor. - INSERT INTO PUBLIC.DATABASECHANGELOG (ID, AUTHOR, FILENAME, DATEEXECUTED, ORDEREXECUTED, MD5SUM, DESCRIPTION, COMMENTS, EXECTYPE, CONTEXTS, LABELS, LIQUIBASE, DEPLOYMENT_ID) VALUES ('1511451595465-44', 'R3.Corda', 'migration/node-services.changelog-init.xml', NOW(), 61, '8:dc8b980de5154038877f6d2e43b97ad1', 'addPrimaryKey constraintName=node_scheduled_states_pkey, tableName=node_scheduled_states', '', 'EXECUTED', NULL, NULL, '3.6.3', '2067488594') {changeSet=migration/node-services.changelog-init.xml::1511451595465-44::R3.Corda, databaseChangeLog=master.changelog.json}
?[m?[37m[INFO] 11:44:48,629 [Test worker] jvm.JdbcExecutor. - ALTER TABLE PUBLIC.node_transaction_mappings ADD CONSTRAINT node_transaction_mappings_pkey PRIMARY KEY (tx_id) {changeSet=migration/node-services.changelog-init.xml::1511451595465-45::R3.Corda, databaseChangeLog=master.changelog.json}
?[m?[37m[INFO] 11:44:48,629 [Test worker] changelog.ChangeSet. - Primary key added to node_transaction_mappings (tx_id) {changeSet=migration/node-services.changelog-init.xml::1511451595465-45::R3.Corda, databaseChangeLog=master.changelog.json}
?[m?[37m[INFO] 11:44:48,629 [Test worker] changelog.ChangeSet. - ChangeSet migration/node-services.changelog-init.xml::1511451595465-45::R3.Corda ran successfully in 0ms {changeSet=migration/node-services.changelog-init.xml::1511451595465-45::R3.Corda, databaseChangeLog=master.changelog.json}
?[m?[37m[INFO] 11:44:48,630 [Test worker] jvm.JdbcExecutor. - INSERT INTO PUBLIC.DATABASECHANGELOG (ID, AUTHOR, FILENAME, DATEEXECUTED, ORDEREXECUTED, MD5SUM, DESCRIPTION, COMMENTS, EXECTYPE, CONTEXTS, LABELS, LIQUIBASE, DEPLOYMENT_ID) VALUES ('1511451595465-45', 'R3.Corda', 'migration/node-services.changelog-init.xml', NOW(), 62, '8:2ae0fa18530e20aa3bcd6109b7d95247', 'addPrimaryKey constraintName=node_transaction_mappings_pkey, tableName=node_transaction_mappings', '', 'EXECUTED', NULL, NULL, '3.6.3', '2067488594') {changeSet=migration/node-services.changelog-init.xml::1511451595465-45::R3.Corda, databaseChangeLog=master.changelog.json}
?[m?[37m[INFO] 11:44:48,630 [Test worker] jvm.JdbcExecutor. - ALTER TABLE PUBLIC.node_transactions ADD CONSTRAINT node_transactions_pkey PRIMARY KEY (tx_id) {changeSet=migration/node-services.changelog-init.xml::1511451595465-46::R3.Corda, databaseChangeLog=master.changelog.json}
?[m?[37m[INFO] 11:44:48,630 [Test worker] changelog.ChangeSet. - Primary key added to node_transactions (tx_id) {changeSet=migration/node-services.changelog-init.xml::1511451595465-46::R3.Corda, databaseChangeLog=master.changelog.json}
?[m?[37m[INFO] 11:44:48,630 [Test worker] changelog.ChangeSet. - ChangeSet migration/node-services.changelog-init.xml::1511451595465-46::R3.Corda ran successfully in 0ms {changeSet=migration/node-services.changelog-init.xml::1511451595465-46::R3.Corda, databaseChangeLog=master.changelog.json}
?[m?[37m[INFO] 11:44:48,630 [Test worker] jvm.JdbcExecutor. - INSERT INTO PUBLIC.DATABASECHANGELOG (ID, AUTHOR, FILENAME, DATEEXECUTED, ORDEREXECUTED, MD5SUM, DESCRIPTION, COMMENTS, EXECTYPE, CONTEXTS, LABELS, LIQUIBASE, DEPLOYMENT_ID) VALUES ('1511451595465-46', 'R3.Corda', 'migration/node-services.changelog-init.xml', NOW(), 63, '8:d5e4dd3dba8e89f77b6eeff0fc5b7a49', 'addPrimaryKey constraintName=node_transactions_pkey, tableName=node_transactions', '', 'EXECUTED', NULL, NULL, '3.6.3', '2067488594') {changeSet=migration/node-services.changelog-init.xml::1511451595465-46::R3.Corda, databaseChangeLog=master.changelog.json}
?[m?[37m[INFO] 11:44:48,630 [Test worker] jvm.JdbcExecutor. - ALTER TABLE PUBLIC.node_link_nodeinfo_party ADD CONSTRAINT FK__link_ni_p__info_p_cert FOREIGN KEY (party_name) REFERENCES PUBLIC.node_info_party_cert (party_name) {changeSet=migration/node-services.changelog-init.xml::1511451595465-61::R3.Corda, databaseChangeLog=master.changelog.json}
?[m?[37m[INFO] 11:44:48,630 [Test worker] changelog.ChangeSet. - Foreign key constraint added to node_link_nodeinfo_party (party_name) {changeSet=migration/node-services.changelog-init.xml::1511451595465-61::R3.Corda, databaseChangeLog=master.changelog.json}
?[m?[37m[INFO] 11:44:48,630 [Test worker] changelog.ChangeSet. - ChangeSet migration/node-services.changelog-init.xml::1511451595465-61::R3.Corda ran successfully in 0ms {changeSet=migration/node-services.changelog-init.xml::1511451595465-61::R3.Corda, databaseChangeLog=master.changelog.json}
?[m?[37m[INFO] 11:44:48,630 [Test worker] jvm.JdbcExecutor. - INSERT INTO PUBLIC.DATABASECHANGELOG (ID, AUTHOR, FILENAME, DATEEXECUTED, ORDEREXECUTED, MD5SUM, DESCRIPTION, COMMENTS, EXECTYPE, CONTEXTS, LABELS, LIQUIBASE, DEPLOYMENT_ID) VALUES ('1511451595465-61', 'R3.Corda', 'migration/node-services.changelog-init.xml', NOW(), 64, '8:1d4e406a8056aa782ccbd978771f1fb9', 'addForeignKeyConstraint baseTableName=node_link_nodeinfo_party, constraintName=FK__link_ni_p__info_p_cert, referencedTableName=node_info_party_cert', '', 'EXECUTED', NULL, NULL, '3.6.3', '2067488594') {changeSet=migration/node-services.changelog-init.xml::1511451595465-61::R3.Corda, databaseChangeLog=master.changelog.json}
?[m?[37m[INFO] 11:44:48,631 [Test worker] jvm.JdbcExecutor. - CREATE INDEX PUBLIC.att_id_idx ON PUBLIC.node_attachments(att_id) {changeSet=migration/node-services.changelog-init.xml::add index att_id::R3.Corda, databaseChangeLog=master.changelog.json}
?[m?[37m[INFO] 11:44:48,631 [Test worker] changelog.ChangeSet. - Index att_id_idx created {changeSet=migration/node-services.changelog-init.xml::add index att_id::R3.Corda, databaseChangeLog=master.changelog.json}
?[m?[37m[INFO] 11:44:48,631 [Test worker] changelog.ChangeSet. - ChangeSet migration/node-services.changelog-init.xml::add index att_id::R3.Corda ran successfully in 1ms {changeSet=migration/node-services.changelog-init.xml::add index att_id::R3.Corda, databaseChangeLog=master.changelog.json}
?[m?[37m[INFO] 11:44:48,631 [Test worker] jvm.JdbcExecutor. - INSERT INTO PUBLIC.DATABASECHANGELOG (ID, AUTHOR, FILENAME, DATEEXECUTED, ORDEREXECUTED, MD5SUM, DESCRIPTION, COMMENTS, EXECTYPE, CONTEXTS, LABELS, LIQUIBASE, DEPLOYMENT_ID) VALUES ('add index att_id', 'R3.Corda', 'migration/node-services.changelog-init.xml', NOW(), 65, '8:ccf9b08f32d685dc60d6e34a3013bffc', 'createIndex indexName=att_id_idx, tableName=node_attachments', '', 'EXECUTED', NULL, NULL, '3.6.3', '2067488594') {changeSet=migration/node-services.changelog-init.xml::add index att_id::R3.Corda, databaseChangeLog=master.changelog.json}
?[m?[37m[INFO] 11:44:48,631 [Test worker] jvm.JdbcExecutor. - CREATE TABLE PUBLIC.node_attchments_contracts (att_id NVARCHAR(255) NOT NULL, contract_class_name NVARCHAR(255)) {changeSet=migration/node-services.changelog-init.xml::add_contract_attachment::R3.Corda, databaseChangeLog=master.changelog.json}
?[m?[37m[INFO] 11:44:48,631 [Test worker] changelog.ChangeSet. - Table node_attchments_contracts created {changeSet=migration/node-services.changelog-init.xml::add_contract_attachment::R3.Corda, databaseChangeLog=master.changelog.json}
?[m?[37m[INFO] 11:44:48,631 [Test worker] jvm.JdbcExecutor. - ALTER TABLE PUBLIC.node_attchments_contracts ADD CONSTRAINT FK__ctr_class__attachments FOREIGN KEY (att_id) REFERENCES PUBLIC.node_attachments (att_id) {changeSet=migration/node-services.changelog-init.xml::add_contract_attachment::R3.Corda, databaseChangeLog=master.changelog.json}
?[m?[37m[INFO] 11:44:48,631 [Test worker] changelog.ChangeSet. - Foreign key constraint added to node_attchments_contracts (att_id) {changeSet=migration/node-services.changelog-init.xml::add_contract_attachment::R3.Corda, databaseChangeLog=master.changelog.json}
?[m?[37m[INFO] 11:44:48,631 [Test worker] jvm.JdbcExecutor. - DELETE FROM PUBLIC.node_attachments {changeSet=migration/node-services.changelog-init.xml::add_contract_attachment::R3.Corda, databaseChangeLog=master.changelog.json}
?[m?[37m[INFO] 11:44:48,631 [Test worker] changelog.ChangeSet. - Data deleted from node_attachments {changeSet=migration/node-services.changelog-init.xml::add_contract_attachment::R3.Corda, databaseChangeLog=master.changelog.json}
?[m?[37m[INFO] 11:44:48,631 [Test worker] changelog.ChangeSet. - ChangeSet migration/node-services.changelog-init.xml::add_contract_attachment::R3.Corda ran successfully in 0ms {changeSet=migration/node-services.changelog-init.xml::add_contract_attachment::R3.Corda, databaseChangeLog=master.changelog.json}
?[m?[37m[INFO] 11:44:48,631 [Test worker] jvm.JdbcExecutor. - INSERT INTO PUBLIC.DATABASECHANGELOG (ID, AUTHOR, FILENAME, DATEEXECUTED, ORDEREXECUTED, MD5SUM, DESCRIPTION, COMMENTS, EXECTYPE, CONTEXTS, LABELS, LIQUIBASE, DEPLOYMENT_ID) VALUES ('add_contract_attachment', 'R3.Corda', 'migration/node-services.changelog-init.xml', NOW(), 66, '8:8898557cf18644883f6f3b0c5e784c0b', 'createTable tableName=node_attchments_contracts; addForeignKeyConstraint baseTableName=node_attchments_contracts, constraintName=FK__ctr_class__attachments, referencedTableName=node_attachments; delete tableName=node_attachments', '', 'EXECUTED', NULL, NULL, '3.6.3', '2067488594') {changeSet=migration/node-services.changelog-init.xml::add_contract_attachment::R3.Corda, databaseChangeLog=master.changelog.json}
?[m?[37m[INFO] 11:44:48,632 [Test worker] jvm.JdbcExecutor. - ALTER TABLE PUBLIC.node_message_ids ADD sender NVARCHAR(64) {changeSet=migration/node-services.changelog-init.xml::add_dedup_columns::R3.Corda, databaseChangeLog=master.changelog.json}
?[m?[37m[INFO] 11:44:48,632 [Test worker] jvm.JdbcExecutor. - ALTER TABLE PUBLIC.node_message_ids ADD sequence_number BIGINT {changeSet=migration/node-services.changelog-init.xml::add_dedup_columns::R3.Corda, databaseChangeLog=master.changelog.json}
?[m?[37m[INFO] 11:44:48,632 [Test worker] changelog.ChangeSet. - Columns sender(NVARCHAR(64)),sequence_number(BIGINT) added to node_message_ids {changeSet=migration/node-services.changelog-init.xml::add_dedup_columns::R3.Corda, databaseChangeLog=master.changelog.json}
?[m?[37m[INFO] 11:44:48,632 [Test worker] changelog.ChangeSet. - ChangeSet migration/node-services.changelog-init.xml::add_dedup_columns::R3.Corda ran successfully in 1ms {changeSet=migration/node-services.changelog-init.xml::add_dedup_columns::R3.Corda, databaseChangeLog=master.changelog.json}
?[m?[37m[INFO] 11:44:48,632 [Test worker] jvm.JdbcExecutor. - INSERT INTO PUBLIC.DATABASECHANGELOG (ID, AUTHOR, FILENAME, DATEEXECUTED, ORDEREXECUTED, MD5SUM, DESCRIPTION, COMMENTS, EXECTYPE, CONTEXTS, LABELS, LIQUIBASE, DEPLOYMENT_ID) VALUES ('add_dedup_columns', 'R3.Corda', 'migration/node-services.changelog-init.xml', NOW(), 67, '8:5924ebdacff695e1f30aa3e0173eccdf', 'addColumn tableName=node_message_ids', '', 'EXECUTED', NULL, NULL, '3.6.3', '2067488594') {changeSet=migration/node-services.changelog-init.xml::add_dedup_columns::R3.Corda, databaseChangeLog=master.changelog.json}
?[m?[37m[INFO] 11:44:48,632 [Test worker] jvm.JdbcExecutor. - ALTER TABLE PUBLIC.node_attchments_contracts RENAME TO node_attachments_contracts {changeSet=migration/node-core.changelog-v4.xml::attchments_rename::R3.Corda, databaseChangeLog=master.changelog.json}
?[m?[37m[INFO] 11:44:48,632 [Test worker] changelog.ChangeSet. - Table node_attchments_contracts renamed to node_attachments_contracts {changeSet=migration/node-core.changelog-v4.xml::attchments_rename::R3.Corda, databaseChangeLog=master.changelog.json}
?[m?[37m[INFO] 11:44:48,632 [Test worker] changelog.ChangeSet. - ChangeSet migration/node-core.changelog-v4.xml::attchments_rename::R3.Corda ran successfully in 0ms {changeSet=migration/node-core.changelog-v4.xml::attchments_rename::R3.Corda, databaseChangeLog=master.changelog.json}
?[m?[37m[INFO] 11:44:48,633 [Test worker] jvm.JdbcExecutor. - INSERT INTO PUBLIC.DATABASECHANGELOG (ID, AUTHOR, FILENAME, DATEEXECUTED, ORDEREXECUTED, MD5SUM, DESCRIPTION, COMMENTS, EXECTYPE, CONTEXTS, LABELS, LIQUIBASE, DEPLOYMENT_ID) VALUES ('attchments_rename', 'R3.Corda', 'migration/node-core.changelog-v4.xml', NOW(), 68, '8:94816d7657264059f2b8da4e97d4b15d', 'renameTable newTableName=node_attachments_contracts, oldTableName=node_attchments_contracts', '', 'EXECUTED', NULL, NULL, '3.6.3', '2067488594') {changeSet=migration/node-core.changelog-v4.xml::attchments_rename::R3.Corda, databaseChangeLog=master.changelog.json}
?[m?[37m[INFO] 11:44:48,633 [Test worker] jvm.JdbcExecutor. - ALTER TABLE PUBLIC.node_identities ALTER COLUMN identity_value SET NOT NULL {changeSet=migration/node-core.changelog-v4.xml::nullability::R3.Corda, databaseChangeLog=master.changelog.json}
?[m?[37m[INFO] 11:44:48,633 [Test worker] changelog.ChangeSet. - NOT NULL constraint has been added to node_identities.identity_value {changeSet=migration/node-core.changelog-v4.xml::nullability::R3.Corda, databaseChangeLog=master.changelog.json}
?[m?[37m[INFO] 11:44:48,633 [Test worker] jvm.JdbcExecutor. - ALTER TABLE PUBLIC.node_attachments ALTER COLUMN content SET NOT NULL {changeSet=migration/node-core.changelog-v4.xml::nullability::R3.Corda, databaseChangeLog=master.changelog.json}
?[m?[37m[INFO] 11:44:48,633 [Test worker] changelog.ChangeSet. - NOT NULL constraint has been added to node_attachments.content {changeSet=migration/node-core.changelog-v4.xml::nullability::R3.Corda, databaseChangeLog=master.changelog.json}
?[m?[37m[INFO] 11:44:48,633 [Test worker] jvm.JdbcExecutor. - ALTER TABLE PUBLIC.node_attachments_contracts ALTER COLUMN contract_class_name SET NOT NULL {changeSet=migration/node-core.changelog-v4.xml::nullability::R3.Corda, databaseChangeLog=master.changelog.json}
?[m?[37m[INFO] 11:44:48,633 [Test worker] changelog.ChangeSet. - NOT NULL constraint has been added to node_attachments_contracts.contract_class_name {changeSet=migration/node-core.changelog-v4.xml::nullability::R3.Corda, databaseChangeLog=master.changelog.json}
?[m?[37m[INFO] 11:44:48,633 [Test worker] jvm.JdbcExecutor. - ALTER TABLE PUBLIC.node_checkpoints ALTER COLUMN checkpoint_value SET NOT NULL {changeSet=migration/node-core.changelog-v4.xml::nullability::R3.Corda, databaseChangeLog=master.changelog.json}
?[m?[37m[INFO] 11:44:48,633 [Test worker] changelog.ChangeSet. - NOT NULL constraint has been added to node_checkpoints.checkpoint_value {changeSet=migration/node-core.changelog-v4.xml::nullability::R3.Corda, databaseChangeLog=master.changelog.json}
?[m?[37m[INFO] 11:44:48,633 [Test worker] jvm.JdbcExecutor. - ALTER TABLE PUBLIC.node_contract_upgrades ALTER COLUMN contract_class_name SET NOT NULL {changeSet=migration/node-core.changelog-v4.xml::nullability::R3.Corda, databaseChangeLog=master.changelog.json}
?[m?[37m[INFO] 11:44:48,633 [Test worker] changelog.ChangeSet. - NOT NULL constraint has been added to node_contract_upgrades.contract_class_name {changeSet=migration/node-core.changelog-v4.xml::nullability::R3.Corda, databaseChangeLog=master.changelog.json}
?[m?[37m[INFO] 11:44:48,633 [Test worker] jvm.JdbcExecutor. - ALTER TABLE PUBLIC.node_message_ids ALTER COLUMN insertion_time SET NOT NULL {changeSet=migration/node-core.changelog-v4.xml::nullability::R3.Corda, databaseChangeLog=master.changelog.json}
?[m?[37m[INFO] 11:44:48,633 [Test worker] changelog.ChangeSet. - NOT NULL constraint has been added to node_message_ids.insertion_time {changeSet=migration/node-core.changelog-v4.xml::nullability::R3.Corda, databaseChangeLog=master.changelog.json}
?[m?[37m[INFO] 11:44:48,633 [Test worker] jvm.JdbcExecutor. - ALTER TABLE PUBLIC.node_message_retry ALTER COLUMN message SET NOT NULL {changeSet=migration/node-core.changelog-v4.xml::nullability::R3.Corda, databaseChangeLog=master.changelog.json}
?[m?[37m[INFO] 11:44:48,633 [Test worker] changelog.ChangeSet. - NOT NULL constraint has been added to node_message_retry.message {changeSet=migration/node-core.changelog-v4.xml::nullability::R3.Corda, databaseChangeLog=master.changelog.json}
?[m?[37m[INFO] 11:44:48,633 [Test worker] jvm.JdbcExecutor. - ALTER TABLE PUBLIC.node_message_retry ALTER COLUMN recipients SET NOT NULL {changeSet=migration/node-core.changelog-v4.xml::nullability::R3.Corda, databaseChangeLog=master.changelog.json}
?[m?[37m[INFO] 11:44:48,633 [Test worker] changelog.ChangeSet. - NOT NULL constraint has been added to node_message_retry.recipients {changeSet=migration/node-core.changelog-v4.xml::nullability::R3.Corda, databaseChangeLog=master.changelog.json}
?[m?[37m[INFO] 11:44:48,633 [Test worker] jvm.JdbcExecutor. - ALTER TABLE PUBLIC.node_named_identities ALTER COLUMN pk_hash SET NOT NULL {changeSet=migration/node-core.changelog-v4.xml::nullability::R3.Corda, databaseChangeLog=master.changelog.json}
?[m?[37m[INFO] 11:44:48,633 [Test worker] changelog.ChangeSet. - NOT NULL constraint has been added to node_named_identities.pk_hash {changeSet=migration/node-core.changelog-v4.xml::nullability::R3.Corda, databaseChangeLog=master.changelog.json}
?[m?[37m[INFO] 11:44:48,633 [Test worker] jvm.JdbcExecutor. - ALTER TABLE PUBLIC.node_our_key_pairs ALTER COLUMN private_key SET NOT NULL {changeSet=migration/node-core.changelog-v4.xml::nullability::R3.Corda, databaseChangeLog=master.changelog.json}
?[m?[37m[INFO] 11:44:48,633 [Test worker] changelog.ChangeSet. - NOT NULL constraint has been added to node_our_key_pairs.private_key {changeSet=migration/node-core.changelog-v4.xml::nullability::R3.Corda, databaseChangeLog=master.changelog.json}
?[m?[37m[INFO] 11:44:48,633 [Test worker] jvm.JdbcExecutor. - ALTER TABLE PUBLIC.node_our_key_pairs ALTER COLUMN public_key SET NOT NULL {changeSet=migration/node-core.changelog-v4.xml::nullability::R3.Corda, databaseChangeLog=master.changelog.json}
?[m?[37m[INFO] 11:44:48,633 [Test worker] changelog.ChangeSet. - NOT NULL constraint has been added to node_our_key_pairs.public_key {changeSet=migration/node-core.changelog-v4.xml::nullability::R3.Corda, databaseChangeLog=master.changelog.json}
?[m?[37m[INFO] 11:44:48,633 [Test worker] jvm.JdbcExecutor. - ALTER TABLE PUBLIC.node_transaction_mappings ALTER COLUMN state_machine_run_id SET NOT NULL {changeSet=migration/node-core.changelog-v4.xml::nullability::R3.Corda, databaseChangeLog=master.changelog.json}
?[m?[37m[INFO] 11:44:48,633 [Test worker] changelog.ChangeSet. - NOT NULL constraint has been added to node_transaction_mappings.state_machine_run_id {changeSet=migration/node-core.changelog-v4.xml::nullability::R3.Corda, databaseChangeLog=master.changelog.json}
?[m?[37m[INFO] 11:44:48,633 [Test worker] jvm.JdbcExecutor. - ALTER TABLE PUBLIC.node_transactions ALTER COLUMN transaction_value SET NOT NULL {changeSet=migration/node-core.changelog-v4.xml::nullability::R3.Corda, databaseChangeLog=master.changelog.json}
?[m?[37m[INFO] 11:44:48,633 [Test worker] changelog.ChangeSet. - NOT NULL constraint has been added to node_transactions.transaction_value {changeSet=migration/node-core.changelog-v4.xml::nullability::R3.Corda, databaseChangeLog=master.changelog.json}
?[m?[37m[INFO] 11:44:48,633 [Test worker] changelog.ChangeSet. - ChangeSet migration/node-core.changelog-v4.xml::nullability::R3.Corda ran successfully in 0ms {changeSet=migration/node-core.changelog-v4.xml::nullability::R3.Corda, databaseChangeLog=master.changelog.json}
?[m?[37m[INFO] 11:44:48,634 [Test worker] jvm.JdbcExecutor. - INSERT INTO PUBLIC.DATABASECHANGELOG (ID, AUTHOR, FILENAME, DATEEXECUTED, ORDEREXECUTED, MD5SUM, DESCRIPTION, COMMENTS, EXECTYPE, CONTEXTS, LABELS, LIQUIBASE, DEPLOYMENT_ID) VALUES ('nullability', 'R3.Corda', 'migration/node-core.changelog-v4.xml', NOW(), 69, '8:62ddcf64aece5dc383fa400ac8ccc392', 'addNotNullConstraint columnName=identity_value, tableName=node_identities; addNotNullConstraint columnName=content, tableName=node_attachments; addNotNullConstraint columnName=contract_class_name, tableName=node_attachments_contracts; addNotNullCo...', '', 'EXECUTED', NULL, NULL, '3.6.3', '2067488594') {changeSet=migration/node-core.changelog-v4.xml::nullability::R3.Corda, databaseChangeLog=master.changelog.json}
?[m?[37m[INFO] 11:44:48,634 [Test worker] jvm.JdbcExecutor. - DROP TABLE PUBLIC.node_message_retry {changeSet=migration/node-core.changelog-v5.xml::remove_unused_node_message_retry::R3.Corda, databaseChangeLog=master.changelog.json}
?[m?[37m[INFO] 11:44:48,634 [Test worker] changelog.ChangeSet. - Table node_message_retry dropped {changeSet=migration/node-core.changelog-v5.xml::remove_unused_node_message_retry::R3.Corda, databaseChangeLog=master.changelog.json}
?[m?[37m[INFO] 11:44:48,634 [Test worker] changelog.ChangeSet. - ChangeSet migration/node-core.changelog-v5.xml::remove_unused_node_message_retry::R3.Corda ran successfully in 0ms {changeSet=migration/node-core.changelog-v5.xml::remove_unused_node_message_retry::R3.Corda, databaseChangeLog=master.changelog.json}
?[m?[37m[INFO] 11:44:48,634 [Test worker] jvm.JdbcExecutor. - INSERT INTO PUBLIC.DATABASECHANGELOG (ID, AUTHOR, FILENAME, DATEEXECUTED, ORDEREXECUTED, MD5SUM, DESCRIPTION, COMMENTS, EXECTYPE, CONTEXTS, LABELS, LIQUIBASE, DEPLOYMENT_ID) VALUES ('remove_unused_node_message_retry', 'R3.Corda', 'migration/node-core.changelog-v5.xml', NOW(), 70, '8:7f43b1a30ed49119520e7d14de6b57bd', 'dropTable tableName=node_message_retry', '', 'EXECUTED', NULL, NULL, '3.6.3', '2067488594') {changeSet=migration/node-core.changelog-v5.xml::remove_unused_node_message_retry::R3.Corda, databaseChangeLog=master.changelog.json}
?[m?[37m[INFO] 11:44:48,634 [Test worker] jvm.JdbcExecutor. - INSERT INTO PUBLIC.DATABASECHANGELOG (ID, AUTHOR, FILENAME, DATEEXECUTED, ORDEREXECUTED, MD5SUM, DESCRIPTION, COMMENTS, EXECTYPE, CONTEXTS, LABELS, LIQUIBASE, DEPLOYMENT_ID) VALUES ('non-clustered_pk-1', 'R3.Corda', 'migration/node-core.changelog-pkey.xml', NOW(), 71, '8:fc341b0d5ff080f0093d8a528299de25', 'dropPrimaryKey constraintName=node_checkpoints_pkey, tableName=node_checkpoints; addPrimaryKey constraintName=node_checkpoints_pkey, tableName=node_checkpoints', '', 'MARK_RAN', NULL, NULL, '3.6.3', '2067488594') {changeSet=migration/node-core.changelog-pkey.xml::non-clustered_pk-1::R3.Corda, databaseChangeLog=master.changelog.json}
?[m?[37m[INFO] 11:44:48,635 [Test worker] jvm.JdbcExecutor. - INSERT INTO PUBLIC.DATABASECHANGELOG (ID, AUTHOR, FILENAME, DATEEXECUTED, ORDEREXECUTED, MD5SUM, DESCRIPTION, COMMENTS, EXECTYPE, CONTEXTS, LABELS, LIQUIBASE, DEPLOYMENT_ID) VALUES ('non-clustered_pk-2', 'R3.Corda', 'migration/node-core.changelog-pkey.xml', NOW(), 72, '8:438db96910ca09a1e8910e74fe31d943', 'dropPrimaryKey constraintName=node_identities_pkey, tableName=node_identities; addPrimaryKey constraintName=node_identities_pkey, tableName=node_identities', '', 'MARK_RAN', NULL, NULL, '3.6.3', '2067488594') {changeSet=migration/node-core.changelog-pkey.xml::non-clustered_pk-2::R3.Corda, databaseChangeLog=master.changelog.json}
?[m?[37m[INFO] 11:44:48,635 [Test worker] jvm.JdbcExecutor. - INSERT INTO PUBLIC.DATABASECHANGELOG (ID, AUTHOR, FILENAME, DATEEXECUTED, ORDEREXECUTED, MD5SUM, DESCRIPTION, COMMENTS, EXECTYPE, CONTEXTS, LABELS, LIQUIBASE, DEPLOYMENT_ID) VALUES ('non-clustered_pk-3', 'R3.Corda', 'migration/node-core.changelog-pkey.xml', NOW(), 73, '8:b02515ba3eb419e880a62ad581d57d9a', 'dropPrimaryKey constraintName=node_message_ids_pkey, tableName=node_message_ids; addPrimaryKey constraintName=node_message_ids_pkey, tableName=node_message_ids', '', 'MARK_RAN', NULL, NULL, '3.6.3', '2067488594') {changeSet=migration/node-core.changelog-pkey.xml::non-clustered_pk-3::R3.Corda, databaseChangeLog=master.changelog.json}
?[m?[37m[INFO] 11:44:48,635 [Test worker] jvm.JdbcExecutor. - INSERT INTO PUBLIC.DATABASECHANGELOG (ID, AUTHOR, FILENAME, DATEEXECUTED, ORDEREXECUTED, MD5SUM, DESCRIPTION, COMMENTS, EXECTYPE, CONTEXTS, LABELS, LIQUIBASE, DEPLOYMENT_ID) VALUES ('non-clustered_pk-4', 'R3.Corda', 'migration/node-core.changelog-pkey.xml', NOW(), 74, '8:9a733c73c5a8ca979384c41d59473644', 'dropPrimaryKey constraintName=node_named_identities_pkey, tableName=node_named_identities; addPrimaryKey constraintName=node_named_identities_pkey, tableName=node_named_identities', '', 'MARK_RAN', NULL, NULL, '3.6.3', '2067488594') {changeSet=migration/node-core.changelog-pkey.xml::non-clustered_pk-4::R3.Corda, databaseChangeLog=master.changelog.json}
?[m?[37m[INFO] 11:44:48,635 [Test worker] jvm.JdbcExecutor. - INSERT INTO PUBLIC.DATABASECHANGELOG (ID, AUTHOR, FILENAME, DATEEXECUTED, ORDEREXECUTED, MD5SUM, DESCRIPTION, COMMENTS, EXECTYPE, CONTEXTS, LABELS, LIQUIBASE, DEPLOYMENT_ID) VALUES ('non-clustered_pk-5', 'R3.Corda', 'migration/node-core.changelog-pkey.xml', NOW(), 75, '8:48cf4a4dad77b6a8f7c3c73c09cc3959', 'dropPrimaryKey constraintName=node_our_key_pairs_pkey, tableName=node_our_key_pairs; addPrimaryKey constraintName=node_our_key_pairs_pkey, tableName=node_our_key_pairs', '', 'MARK_RAN', NULL, NULL, '3.6.3', '2067488594') {changeSet=migration/node-core.changelog-pkey.xml::non-clustered_pk-5::R3.Corda, databaseChangeLog=master.changelog.json}
?[m?[37m[INFO] 11:44:48,636 [Test worker] jvm.JdbcExecutor. - INSERT INTO PUBLIC.DATABASECHANGELOG (ID, AUTHOR, FILENAME, DATEEXECUTED, ORDEREXECUTED, MD5SUM, DESCRIPTION, COMMENTS, EXECTYPE, CONTEXTS, LABELS, LIQUIBASE, DEPLOYMENT_ID) VALUES ('non-clustered_pk-6', 'R3.Corda', 'migration/node-core.changelog-pkey.xml', NOW(), 76, '8:25c5581ce04f688ea83704ffa44bab8e', 'dropPrimaryKey constraintName=node_transaction_mappings_pkey, tableName=node_transaction_mappings; addPrimaryKey constraintName=node_transaction_mappings_pkey, tableName=node_transaction_mappings', '', 'MARK_RAN', NULL, NULL, '3.6.3', '2067488594') {changeSet=migration/node-core.changelog-pkey.xml::non-clustered_pk-6::R3.Corda, databaseChangeLog=master.changelog.json}
?[m?[37m[INFO] 11:44:48,636 [Test worker] jvm.JdbcExecutor. - INSERT INTO PUBLIC.DATABASECHANGELOG (ID, AUTHOR, FILENAME, DATEEXECUTED, ORDEREXECUTED, MD5SUM, DESCRIPTION, COMMENTS, EXECTYPE, CONTEXTS, LABELS, LIQUIBASE, DEPLOYMENT_ID) VALUES ('non-clustered_pk-7', 'R3.Corda', 'migration/node-core.changelog-pkey.xml', NOW(), 77, '8:64773359f27e2f85fe6df6097823ce69', 'dropPrimaryKey constraintName=node_transactions_pkey, tableName=node_transactions; addPrimaryKey constraintName=node_transactions_pkey, tableName=node_transactions', '', 'MARK_RAN', NULL, NULL, '3.6.3', '2067488594') {changeSet=migration/node-core.changelog-pkey.xml::non-clustered_pk-7::R3.Corda, databaseChangeLog=master.changelog.json}
?[m?[37m[INFO] 11:44:48,637 [Test worker] changelog.ChangeSet. - Marking ChangeSet: migration/node-core.changelog-v8.xml::conditional_attchments_rename::R3.Corda ran despite precondition failure due to onFail='MARK_RAN': 
          master.changelog.json : Table PUBLIC.NODE_ATTCHMENTS_CONTRACTS does not exist
 {changeSet=migration/node-core.changelog-v8.xml::conditional_attchments_rename::R3.Corda, databaseChangeLog=master.changelog.json}
?[m?[37m[INFO] 11:44:48,637 [Test worker] jvm.JdbcExecutor. - INSERT INTO PUBLIC.DATABASECHANGELOG (ID, AUTHOR, FILENAME, DATEEXECUTED, ORDEREXECUTED, MD5SUM, DESCRIPTION, COMMENTS, EXECTYPE, CONTEXTS, LABELS, LIQUIBASE, DEPLOYMENT_ID) VALUES ('conditional_attchments_rename', 'R3.Corda', 'migration/node-core.changelog-v8.xml', NOW(), 78, '8:114fc6d1775676ecf274989170741a5b', 'renameTable newTableName=NODE_ATTACHMENTS_CONTRACTS, oldTableName=NODE_ATTCHMENTS_CONTRACTS', '', 'MARK_RAN', NULL, NULL, '3.6.3', '2067488594') {changeSet=migration/node-core.changelog-v8.xml::conditional_attchments_rename::R3.Corda, databaseChangeLog=master.changelog.json}
?[m?[37m[INFO] 11:44:48,638 [Test worker] changelog.ChangeSet. - Marking ChangeSet: migration/node-core.changelog-v8.xml::conditional_attchments_contracts::R3.Corda ran despite precondition failure due to onFail='MARK_RAN': 
          master.changelog.json : Table PUBLIC.NODE_ATTACHMENTS_CONTRACT_CLASS_NAME does not exist
 {changeSet=migration/node-core.changelog-v8.xml::conditional_attchments_contracts::R3.Corda, databaseChangeLog=master.changelog.json}
?[m?[37m[INFO] 11:44:48,638 [Test worker] jvm.JdbcExecutor. - INSERT INTO PUBLIC.DATABASECHANGELOG (ID, AUTHOR, FILENAME, DATEEXECUTED, ORDEREXECUTED, MD5SUM, DESCRIPTION, COMMENTS, EXECTYPE, CONTEXTS, LABELS, LIQUIBASE, DEPLOYMENT_ID) VALUES ('conditional_attchments_contracts', 'R3.Corda', 'migration/node-core.changelog-v8.xml', NOW(), 79, '8:c26d868db33a85bdd25570b094635db5', 'renameTable newTableName=NODE_ATTACHMENTS_CONTRACTS, oldTableName=NODE_ATTACHMENTS_CONTRACT_CLASS_NAME', '', 'MARK_RAN', NULL, NULL, '3.6.3', '2067488594') {changeSet=migration/node-core.changelog-v8.xml::conditional_attchments_contracts::R3.Corda, databaseChangeLog=master.changelog.json}
?[m?[37m[INFO] 11:44:48,638 [Test worker] jvm.JdbcExecutor. - CREATE TABLE PUBLIC.node_attachments_signers (att_id NVARCHAR(255) NOT NULL, signer NVARCHAR(1024)) {changeSet=migration/node-core.changelog-v8.xml::add_signers::R3.Corda, databaseChangeLog=master.changelog.json}
?[m?[37m[INFO] 11:44:48,638 [Test worker] changelog.ChangeSet. - Table node_attachments_signers created {changeSet=migration/node-core.changelog-v8.xml::add_signers::R3.Corda, databaseChangeLog=master.changelog.json}
?[m?[37m[INFO] 11:44:48,638 [Test worker] jvm.JdbcExecutor. - ALTER TABLE PUBLIC.node_attachments_signers ADD CONSTRAINT FK__signers__attachments FOREIGN KEY (att_id) REFERENCES PUBLIC.node_attachments (att_id) {changeSet=migration/node-core.changelog-v8.xml::add_signers::R3.Corda, databaseChangeLog=master.changelog.json}
?[m?[37m[INFO] 11:44:48,638 [Test worker] changelog.ChangeSet. - Foreign key constraint added to node_attachments_signers (att_id) {changeSet=migration/node-core.changelog-v8.xml::add_signers::R3.Corda, databaseChangeLog=master.changelog.json}
?[m?[37m[INFO] 11:44:48,638 [Test worker] changelog.ChangeSet. - ChangeSet migration/node-core.changelog-v8.xml::add_signers::R3.Corda ran successfully in 0ms {changeSet=migration/node-core.changelog-v8.xml::add_signers::R3.Corda, databaseChangeLog=master.changelog.json}
?[m?[37m[INFO] 11:44:48,639 [Test worker] jvm.JdbcExecutor. - INSERT INTO PUBLIC.DATABASECHANGELOG (ID, AUTHOR, FILENAME, DATEEXECUTED, ORDEREXECUTED, MD5SUM, DESCRIPTION, COMMENTS, EXECTYPE, CONTEXTS, LABELS, LIQUIBASE, DEPLOYMENT_ID) VALUES ('add_signers', 'R3.Corda', 'migration/node-core.changelog-v8.xml', NOW(), 80, '8:6a033a579a3a8e11a35846d455833835', 'createTable tableName=node_attachments_signers; addForeignKeyConstraint baseTableName=node_attachments_signers, constraintName=FK__signers__attachments, referencedTableName=node_attachments', '', 'EXECUTED', NULL, NULL, '3.6.3', '2067488594') {changeSet=migration/node-core.changelog-v8.xml::add_signers::R3.Corda, databaseChangeLog=master.changelog.json}
?[m?[37m[INFO] 11:44:48,639 [Test worker] jvm.JdbcExecutor. - ALTER TABLE PUBLIC.node_transactions ADD state_machine_run_id NVARCHAR(36) {changeSet=migration/node-core.changelog-tx-mapping.xml::add_tx_mapping_column::R3.Corda, databaseChangeLog=master.changelog.json}
?[m?[37m[INFO] 11:44:48,639 [Test worker] changelog.ChangeSet. - Columns state_machine_run_id(NVARCHAR(36)) added to node_transactions {changeSet=migration/node-core.changelog-tx-mapping.xml::add_tx_mapping_column::R3.Corda, databaseChangeLog=master.changelog.json}
?[m?[37m[INFO] 11:44:48,639 [Test worker] jvm.JdbcExecutor. - update node_transactions set state_machine_run_id=(select state_machine_run_id from
            node_transaction_mappings where node_transactions.tx_id = node_transaction_mappings.tx_id) {changeSet=migration/node-core.changelog-tx-mapping.xml::add_tx_mapping_column::R3.Corda, databaseChangeLog=master.changelog.json}
?[m?[37m[INFO] 11:44:48,639 [Test worker] changelog.ChangeSet. - Custom SQL executed {changeSet=migration/node-core.changelog-tx-mapping.xml::add_tx_mapping_column::R3.Corda, databaseChangeLog=master.changelog.json}
?[m?[37m[INFO] 11:44:48,639 [Test worker] jvm.JdbcExecutor. - DROP TABLE PUBLIC.node_transaction_mappings {changeSet=migration/node-core.changelog-tx-mapping.xml::add_tx_mapping_column::R3.Corda, databaseChangeLog=master.changelog.json}
?[m?[37m[INFO] 11:44:48,640 [Test worker] changelog.ChangeSet. - Table node_transaction_mappings dropped {changeSet=migration/node-core.changelog-tx-mapping.xml::add_tx_mapping_column::R3.Corda, databaseChangeLog=master.changelog.json}
?[m?[37m[INFO] 11:44:48,640 [Test worker] changelog.ChangeSet. - ChangeSet migration/node-core.changelog-tx-mapping.xml::add_tx_mapping_column::R3.Corda ran successfully in 1ms {changeSet=migration/node-core.changelog-tx-mapping.xml::add_tx_mapping_column::R3.Corda, databaseChangeLog=master.changelog.json}
?[m?[37m[INFO] 11:44:48,640 [Test worker] jvm.JdbcExecutor. - INSERT INTO PUBLIC.DATABASECHANGELOG (ID, AUTHOR, FILENAME, DATEEXECUTED, ORDEREXECUTED, MD5SUM, DESCRIPTION, COMMENTS, EXECTYPE, CONTEXTS, LABELS, LIQUIBASE, DEPLOYMENT_ID) VALUES ('add_tx_mapping_column', 'R3.Corda', 'migration/node-core.changelog-tx-mapping.xml', NOW(), 81, '8:6d9d8484a635e932dd8e8f45db1b3d7e', 'addColumn tableName=node_transactions; sql; dropTable tableName=node_transaction_mappings', '', 'EXECUTED', NULL, NULL, '3.6.3', '2067488594') {changeSet=migration/node-core.changelog-tx-mapping.xml::add_tx_mapping_column::R3.Corda, databaseChangeLog=master.changelog.json}
?[m?[37m[INFO] 11:44:48,640 [Test worker] jvm.JdbcExecutor. - CREATE TABLE PUBLIC.node_network_parameters (hash NVARCHAR(130) NOT NULL, epoch INT NOT NULL, parameters_bytes BLOB NOT NULL, signature_bytes BLOB NOT NULL, cert BLOB NOT NULL, parent_cert_path BLOB NOT NULL) {changeSet=migration/node-services.changelog-init.xml::add_network_parameters_storage::R3.Corda, databaseChangeLog=master.changelog.json}
?[m?[37m[INFO] 11:44:48,640 [Test worker] changelog.ChangeSet. - Table node_network_parameters created {changeSet=migration/node-services.changelog-init.xml::add_network_parameters_storage::R3.Corda, databaseChangeLog=master.changelog.json}
?[m?[37m[INFO] 11:44:48,640 [Test worker] changelog.ChangeSet. - ChangeSet migration/node-services.changelog-init.xml::add_network_parameters_storage::R3.Corda ran successfully in 0ms {changeSet=migration/node-services.changelog-init.xml::add_network_parameters_storage::R3.Corda, databaseChangeLog=master.changelog.json}
?[m?[37m[INFO] 11:44:48,640 [Test worker] jvm.JdbcExecutor. - INSERT INTO PUBLIC.DATABASECHANGELOG (ID, AUTHOR, FILENAME, DATEEXECUTED, ORDEREXECUTED, MD5SUM, DESCRIPTION, COMMENTS, EXECTYPE, CONTEXTS, LABELS, LIQUIBASE, DEPLOYMENT_ID) VALUES ('add_network_parameters_storage', 'R3.Corda', 'migration/node-services.changelog-init.xml', NOW(), 82, '8:b448755ba392674254c59e2b9489140f', 'createTable tableName=node_network_parameters', '', 'EXECUTED', NULL, NULL, '3.6.3', '2067488594') {changeSet=migration/node-services.changelog-init.xml::add_network_parameters_storage::R3.Corda, databaseChangeLog=master.changelog.json}
?[m?[37m[INFO] 11:44:48,640 [Test worker] jvm.JdbcExecutor. - ALTER TABLE PUBLIC.node_network_parameters ADD CONSTRAINT node_network_parameters_pkey PRIMARY KEY (hash) {changeSet=migration/node-services.changelog-init.xml::network_parameters_pk::R3.Corda, databaseChangeLog=master.changelog.json}
?[m?[37m[INFO] 11:44:48,640 [Test worker] changelog.ChangeSet. - Primary key added to node_network_parameters (hash) {changeSet=migration/node-services.changelog-init.xml::network_parameters_pk::R3.Corda, databaseChangeLog=master.changelog.json}
?[m?[37m[INFO] 11:44:48,640 [Test worker] changelog.ChangeSet. - ChangeSet migration/node-services.changelog-init.xml::network_parameters_pk::R3.Corda ran successfully in 0ms {changeSet=migration/node-services.changelog-init.xml::network_parameters_pk::R3.Corda, databaseChangeLog=master.changelog.json}
?[m?[37m[INFO] 11:44:48,641 [Test worker] jvm.JdbcExecutor. - INSERT INTO PUBLIC.DATABASECHANGELOG (ID, AUTHOR, FILENAME, DATEEXECUTED, ORDEREXECUTED, MD5SUM, DESCRIPTION, COMMENTS, EXECTYPE, CONTEXTS, LABELS, LIQUIBASE, DEPLOYMENT_ID) VALUES ('network_parameters_pk', 'R3.Corda', 'migration/node-services.changelog-init.xml', NOW(), 83, '8:fc0358b8cab487b52558cd68d6feaf9e', 'addPrimaryKey constraintName=node_network_parameters_pkey, tableName=node_network_parameters', '', 'EXECUTED', NULL, NULL, '3.6.3', '2067488594') {changeSet=migration/node-services.changelog-init.xml::network_parameters_pk::R3.Corda, databaseChangeLog=master.changelog.json}
?[m?[37m[INFO] 11:44:48,641 [Test worker] jvm.JdbcExecutor. - ALTER TABLE PUBLIC.node_attachments ADD version INT {changeSet=migration/node-services.changelog-init.xml::add_version_column::R3.Corda, databaseChangeLog=master.changelog.json}
?[m?[37m[INFO] 11:44:48,641 [Test worker] changelog.ChangeSet. - Columns version(INT) added to node_attachments {changeSet=migration/node-services.changelog-init.xml::add_version_column::R3.Corda, databaseChangeLog=master.changelog.json}
?[m?[37m[INFO] 11:44:48,641 [Test worker] jvm.JdbcExecutor. - update node_attachments set version = 1 {changeSet=migration/node-services.changelog-init.xml::add_version_column::R3.Corda, databaseChangeLog=master.changelog.json}
?[m?[37m[INFO] 11:44:48,641 [Test worker] changelog.ChangeSet. - Custom SQL executed {changeSet=migration/node-services.changelog-init.xml::add_version_column::R3.Corda, databaseChangeLog=master.changelog.json}
?[m?[37m[INFO] 11:44:48,641 [Test worker] jvm.JdbcExecutor. - ALTER TABLE PUBLIC.node_attachments ALTER COLUMN version SET NOT NULL {changeSet=migration/node-services.changelog-init.xml::add_version_column::R3.Corda, databaseChangeLog=master.changelog.json}
?[m?[37m[INFO] 11:44:48,641 [Test worker] changelog.ChangeSet. - NOT NULL constraint has been added to node_attachments.version {changeSet=migration/node-services.changelog-init.xml::add_version_column::R3.Corda, databaseChangeLog=master.changelog.json}
?[m?[37m[INFO] 11:44:48,641 [Test worker] changelog.ChangeSet. - ChangeSet migration/node-services.changelog-init.xml::add_version_column::R3.Corda ran successfully in 0ms {changeSet=migration/node-services.changelog-init.xml::add_version_column::R3.Corda, databaseChangeLog=master.changelog.json}
?[m?[37m[INFO] 11:44:48,642 [Test worker] jvm.JdbcExecutor. - INSERT INTO PUBLIC.DATABASECHANGELOG (ID, AUTHOR, FILENAME, DATEEXECUTED, ORDEREXECUTED, MD5SUM, DESCRIPTION, COMMENTS, EXECTYPE, CONTEXTS, LABELS, LIQUIBASE, DEPLOYMENT_ID) VALUES ('add_version_column', 'R3.Corda', 'migration/node-services.changelog-init.xml', NOW(), 84, '8:ab6a3101d1da88b0f174ccc06a62feef', 'addColumn tableName=node_attachments; sql; addNotNullConstraint columnName=version, tableName=node_attachments', '', 'EXECUTED', NULL, NULL, '3.6.3', '2067488594') {changeSet=migration/node-services.changelog-init.xml::add_version_column::R3.Corda, databaseChangeLog=master.changelog.json}
?[m?[37m[INFO] 11:44:48,642 [Test worker] persistence.AttachmentVersionNumberMigration. - Start executing... {changeSet=migration/node-services.changelog-init.xml::update-version-of-whitelisted-jars::R3.Corda, databaseChangeLog=master.changelog.json}
?[m?[37m[INFO] 11:44:48,642 [Test worker] persistence.AttachmentVersionNumberMigration. - Attachment version creation from whitelisted JARs using network parameters from build/mock-network/20201007-104445.669/nodes/4/network-parameters, whitelistedContractImplementations: {}. {changeSet=migration/node-services.changelog-init.xml::update-version-of-whitelisted-jars::R3.Corda, databaseChangeLog=master.changelog.json}
?[m?[37m[INFO] 11:44:48,642 [Test worker] persistence.AttachmentVersionNumberMigration. - Attachment version creation from whitelisted JARs skipped, no attachments not found. {changeSet=migration/node-services.changelog-init.xml::update-version-of-whitelisted-jars::R3.Corda, databaseChangeLog=master.changelog.json}
?[m?[37m[INFO] 11:44:48,642 [Test worker] changelog.ChangeSet. - null {changeSet=migration/node-services.changelog-init.xml::update-version-of-whitelisted-jars::R3.Corda, databaseChangeLog=master.changelog.json}
?[m?[37m[INFO] 11:44:48,642 [Test worker] changelog.ChangeSet. - ChangeSet migration/node-services.changelog-init.xml::update-version-of-whitelisted-jars::R3.Corda ran successfully in 0ms {changeSet=migration/node-services.changelog-init.xml::update-version-of-whitelisted-jars::R3.Corda, databaseChangeLog=master.changelog.json}
?[m?[37m[INFO] 11:44:48,642 [Test worker] jvm.JdbcExecutor. - INSERT INTO PUBLIC.DATABASECHANGELOG (ID, AUTHOR, FILENAME, DATEEXECUTED, ORDEREXECUTED, MD5SUM, DESCRIPTION, COMMENTS, EXECTYPE, CONTEXTS, LABELS, LIQUIBASE, DEPLOYMENT_ID) VALUES ('update-version-of-whitelisted-jars', 'R3.Corda', 'migration/node-services.changelog-init.xml', NOW(), 85, '8:1d4174a12a4902070f6bf2ba624b0e97', 'customChange', '', 'EXECUTED', NULL, NULL, '3.6.3', '2067488594') {changeSet=migration/node-services.changelog-init.xml::update-version-of-whitelisted-jars::R3.Corda, databaseChangeLog=master.changelog.json}
?[m?[37m[INFO] 11:44:48,642 [Test worker] jvm.JdbcExecutor. - CREATE TABLE PUBLIC.node_identities_no_cert (pk_hash NVARCHAR(130) NOT NULL, name NVARCHAR(128) NOT NULL) {changeSet=migration/node-services.changelog-init.xml::add-new-persistence-table::R3.Corda, databaseChangeLog=master.changelog.json}
?[m?[37m[INFO] 11:44:48,642 [Test worker] changelog.ChangeSet. - Table node_identities_no_cert created {changeSet=migration/node-services.changelog-init.xml::add-new-persistence-table::R3.Corda, databaseChangeLog=master.changelog.json}
?[m?[37m[INFO] 11:44:48,642 [Test worker] jvm.JdbcExecutor. - ALTER TABLE PUBLIC.node_identities_no_cert ADD CONSTRAINT node_identities_no_cert_pkey PRIMARY KEY (pk_hash) {changeSet=migration/node-services.changelog-init.xml::add-new-persistence-table::R3.Corda, databaseChangeLog=master.changelog.json}
?[m?[37m[INFO] 11:44:48,643 [Test worker] changelog.ChangeSet. - Primary key added to node_identities_no_cert (pk_hash) {changeSet=migration/node-services.changelog-init.xml::add-new-persistence-table::R3.Corda, databaseChangeLog=master.changelog.json}
?[m?[37m[INFO] 11:44:48,643 [Test worker] changelog.ChangeSet. - ChangeSet migration/node-services.changelog-init.xml::add-new-persistence-table::R3.Corda ran successfully in 1ms {changeSet=migration/node-services.changelog-init.xml::add-new-persistence-table::R3.Corda, databaseChangeLog=master.changelog.json}
?[m?[37m[INFO] 11:44:48,643 [Test worker] jvm.JdbcExecutor. - INSERT INTO PUBLIC.DATABASECHANGELOG (ID, AUTHOR, FILENAME, DATEEXECUTED, ORDEREXECUTED, MD5SUM, DESCRIPTION, COMMENTS, EXECTYPE, CONTEXTS, LABELS, LIQUIBASE, DEPLOYMENT_ID) VALUES ('add-new-persistence-table', 'R3.Corda', 'migration/node-services.changelog-init.xml', NOW(), 86, '8:cb3302a80bf346270e0d8f3509c64a9b', 'createTable tableName=node_identities_no_cert; addPrimaryKey constraintName=node_identities_no_cert_pkey, tableName=node_identities_no_cert', '', 'EXECUTED', NULL, NULL, '3.6.3', '2067488594') {changeSet=migration/node-services.changelog-init.xml::add-new-persistence-table::R3.Corda, databaseChangeLog=master.changelog.json}
?[m?[37m[INFO] 11:44:48,643 [Test worker] jvm.JdbcExecutor. - ALTER TABLE PUBLIC.pk_hash_to_ext_id_map DROP COLUMN id {changeSet=migration/node-services.changelog-init.xml::migrate_pk_hash_to_ext_id::R3.Corda, databaseChangeLog=master.changelog.json}
?[m?[37m[INFO] 11:44:48,643 [Test worker] changelog.ChangeSet. - Column pk_hash_to_ext_id_map.id dropped {changeSet=migration/node-services.changelog-init.xml::migrate_pk_hash_to_ext_id::R3.Corda, databaseChangeLog=master.changelog.json}
?[m?[37m[INFO] 11:44:48,643 [Test worker] jvm.JdbcExecutor. - DROP INDEX PUBLIC.pk_hash_to_xid_idx {changeSet=migration/node-services.changelog-init.xml::migrate_pk_hash_to_ext_id::R3.Corda, databaseChangeLog=master.changelog.json}
?[m?[37m[INFO] 11:44:48,643 [Test worker] changelog.ChangeSet. - Index pk_hash_to_xid_idx dropped from table pk_hash_to_ext_id_map {changeSet=migration/node-services.changelog-init.xml::migrate_pk_hash_to_ext_id::R3.Corda, databaseChangeLog=master.changelog.json}
?[m?[37m[INFO] 11:44:48,643 [Test worker] jvm.JdbcExecutor. - ALTER TABLE PUBLIC.pk_hash_to_ext_id_map ADD CONSTRAINT pubkey_hash_to_external_id_pk PRIMARY KEY (public_key_hash) {changeSet=migration/node-services.changelog-init.xml::migrate_pk_hash_to_ext_id::R3.Corda, databaseChangeLog=master.changelog.json}
?[m?[37m[INFO] 11:44:48,643 [Test worker] changelog.ChangeSet. - Primary key added to pk_hash_to_ext_id_map (public_key_hash) {changeSet=migration/node-services.changelog-init.xml::migrate_pk_hash_to_ext_id::R3.Corda, databaseChangeLog=master.changelog.json}
?[m?[37m[INFO] 11:44:48,643 [Test worker] jvm.JdbcExecutor. - CREATE INDEX PUBLIC.ext_id_idx ON PUBLIC.pk_hash_to_ext_id_map(external_id) {changeSet=migration/node-services.changelog-init.xml::migrate_pk_hash_to_ext_id::R3.Corda, databaseChangeLog=master.changelog.json}
?[m?[37m[INFO] 11:44:48,643 [Test worker] changelog.ChangeSet. - Index ext_id_idx created {changeSet=migration/node-services.changelog-init.xml::migrate_pk_hash_to_ext_id::R3.Corda, databaseChangeLog=master.changelog.json}
?[m?[37m[INFO] 11:44:48,643 [Test worker] changelog.ChangeSet. - ChangeSet migration/node-services.changelog-init.xml::migrate_pk_hash_to_ext_id::R3.Corda ran successfully in 0ms {changeSet=migration/node-services.changelog-init.xml::migrate_pk_hash_to_ext_id::R3.Corda, databaseChangeLog=master.changelog.json}
?[m?[37m[INFO] 11:44:48,644 [Test worker] jvm.JdbcExecutor. - INSERT INTO PUBLIC.DATABASECHANGELOG (ID, AUTHOR, FILENAME, DATEEXECUTED, ORDEREXECUTED, MD5SUM, DESCRIPTION, COMMENTS, EXECTYPE, CONTEXTS, LABELS, LIQUIBASE, DEPLOYMENT_ID) VALUES ('migrate_pk_hash_to_ext_id', 'R3.Corda', 'migration/node-services.changelog-init.xml', NOW(), 87, '8:daf9ba8b9522b5ed5e0c474f220a5ef9', 'dropColumn columnName=id, tableName=pk_hash_to_ext_id_map; dropIndex indexName=pk_hash_to_xid_idx, tableName=pk_hash_to_ext_id_map; addPrimaryKey constraintName=pubkey_hash_to_external_id_pk, tableName=pk_hash_to_ext_id_map; createIndex indexName=...', '', 'EXECUTED', NULL, NULL, '3.6.3', '2067488594') {changeSet=migration/node-services.changelog-init.xml::migrate_pk_hash_to_ext_id::R3.Corda, databaseChangeLog=master.changelog.json}
?[m?[37m[INFO] 11:44:48,644 [Test worker] changelog.ChangeSet. - null {changeSet=migration/node-services.changelog-init.xml::migrate_identity_service_to_use_publicKey.toShortString()::R3.Corda, databaseChangeLog=master.changelog.json}
?[m?[37m[INFO] 11:44:48,644 [Test worker] changelog.ChangeSet. - ChangeSet migration/node-services.changelog-init.xml::migrate_identity_service_to_use_publicKey.toShortString()::R3.Corda ran successfully in 0ms {changeSet=migration/node-services.changelog-init.xml::migrate_identity_service_to_use_publicKey.toShortString()::R3.Corda, databaseChangeLog=master.changelog.json}
?[m?[37m[INFO] 11:44:48,644 [Test worker] jvm.JdbcExecutor. - INSERT INTO PUBLIC.DATABASECHANGELOG (ID, AUTHOR, FILENAME, DATEEXECUTED, ORDEREXECUTED, MD5SUM, DESCRIPTION, COMMENTS, EXECTYPE, CONTEXTS, LABELS, LIQUIBASE, DEPLOYMENT_ID) VALUES ('migrate_identity_service_to_use_publicKey.toShortString()', 'R3.Corda', 'migration/node-services.changelog-init.xml', NOW(), 88, '8:51a17ecff2c7f17e1502992fdda4356d', 'customChange', '', 'EXECUTED', NULL, NULL, '3.6.3', '2067488594') {changeSet=migration/node-services.changelog-init.xml::migrate_identity_service_to_use_publicKey.toShortString()::R3.Corda, databaseChangeLog=master.changelog.json}
?[m?[37m[INFO] 11:44:48,644 [Test worker] jvm.JdbcExecutor. - ALTER TABLE PUBLIC.node_transactions ADD status NVARCHAR(1) DEFAULT 'V' NOT NULL {changeSet=migration/node-services.changelog-init.xml::add_status_column::R3.Corda, databaseChangeLog=master.changelog.json}
?[m?[37m[INFO] 11:44:48,645 [Test worker] changelog.ChangeSet. - Columns status(NVARCHAR(1)) added to node_transactions {changeSet=migration/node-services.changelog-init.xml::add_status_column::R3.Corda, databaseChangeLog=master.changelog.json}
?[m?[37m[INFO] 11:44:48,645 [Test worker] changelog.ChangeSet. - ChangeSet migration/node-services.changelog-init.xml::add_status_column::R3.Corda ran successfully in 1ms {changeSet=migration/node-services.changelog-init.xml::add_status_column::R3.Corda, databaseChangeLog=master.changelog.json}
?[m?[37m[INFO] 11:44:48,645 [Test worker] jvm.JdbcExecutor. - INSERT INTO PUBLIC.DATABASECHANGELOG (ID, AUTHOR, FILENAME, DATEEXECUTED, ORDEREXECUTED, MD5SUM, DESCRIPTION, COMMENTS, EXECTYPE, CONTEXTS, LABELS, LIQUIBASE, DEPLOYMENT_ID) VALUES ('add_status_column', 'R3.Corda', 'migration/node-services.changelog-init.xml', NOW(), 89, '8:163dc66ab97910470ce080cd4c4d33ef', 'addColumn tableName=node_transactions', '', 'EXECUTED', NULL, NULL, '3.6.3', '2067488594') {changeSet=migration/node-services.changelog-init.xml::add_status_column::R3.Corda, databaseChangeLog=master.changelog.json}
?[m?[37m[INFO] 11:44:48,645 [Test worker] jvm.JdbcExecutor. - CREATE TABLE PUBLIC.node_hash_to_key (pk_hash NVARCHAR(130) NOT NULL, public_key BLOB NOT NULL) {changeSet=migration/node-services.changelog-init.xml::add-new-pk-hash-to-pk-table::R3.Corda, databaseChangeLog=master.changelog.json}
?[m?[37m[INFO] 11:44:48,645 [Test worker] changelog.ChangeSet. - Table node_hash_to_key created {changeSet=migration/node-services.changelog-init.xml::add-new-pk-hash-to-pk-table::R3.Corda, databaseChangeLog=master.changelog.json}
?[m?[37m[INFO] 11:44:48,645 [Test worker] jvm.JdbcExecutor. - ALTER TABLE PUBLIC.node_hash_to_key ADD CONSTRAINT node_hash_to_key_pk_hash PRIMARY KEY (pk_hash) {changeSet=migration/node-services.changelog-init.xml::add-new-pk-hash-to-pk-table::R3.Corda, databaseChangeLog=master.changelog.json}
?[m?[37m[INFO] 11:44:48,645 [Test worker] changelog.ChangeSet. - Primary key added to node_hash_to_key (pk_hash) {changeSet=migration/node-services.changelog-init.xml::add-new-pk-hash-to-pk-table::R3.Corda, databaseChangeLog=master.changelog.json}
?[m?[37m[INFO] 11:44:48,645 [Test worker] changelog.ChangeSet. - ChangeSet migration/node-services.changelog-init.xml::add-new-pk-hash-to-pk-table::R3.Corda ran successfully in 0ms {changeSet=migration/node-services.changelog-init.xml::add-new-pk-hash-to-pk-table::R3.Corda, databaseChangeLog=master.changelog.json}
?[m?[37m[INFO] 11:44:48,645 [Test worker] jvm.JdbcExecutor. - INSERT INTO PUBLIC.DATABASECHANGELOG (ID, AUTHOR, FILENAME, DATEEXECUTED, ORDEREXECUTED, MD5SUM, DESCRIPTION, COMMENTS, EXECTYPE, CONTEXTS, LABELS, LIQUIBASE, DEPLOYMENT_ID) VALUES ('add-new-pk-hash-to-pk-table', 'R3.Corda', 'migration/node-services.changelog-init.xml', NOW(), 90, '8:90ed8145a19f497b5c95a5c9542917f0', 'createTable tableName=node_hash_to_key; addPrimaryKey constraintName=node_hash_to_key_pk_hash, tableName=node_hash_to_key', '', 'EXECUTED', NULL, NULL, '3.6.3', '2067488594') {changeSet=migration/node-services.changelog-init.xml::add-new-pk-hash-to-pk-table::R3.Corda, databaseChangeLog=master.changelog.json}
?[m?[37m[INFO] 11:44:48,645 [Test worker] jvm.JdbcExecutor. - ALTER TABLE PUBLIC.node_transactions ADD timestamp TIMESTAMP DEFAULT '2000-01-01 12:00:00' NOT NULL {changeSet=migration/node-services.changelog-init.xml::add_timestamp_column_to_node_transactions::R3.Corda, databaseChangeLog=master.changelog.json}
?[m?[37m[INFO] 11:44:48,646 [Test worker] changelog.ChangeSet. - Columns timestamp(TIMESTAMP) added to node_transactions {changeSet=migration/node-services.changelog-init.xml::add_timestamp_column_to_node_transactions::R3.Corda, databaseChangeLog=master.changelog.json}
?[m?[37m[INFO] 11:44:48,646 [Test worker] changelog.ChangeSet. - ChangeSet migration/node-services.changelog-init.xml::add_timestamp_column_to_node_transactions::R3.Corda ran successfully in 1ms {changeSet=migration/node-services.changelog-init.xml::add_timestamp_column_to_node_transactions::R3.Corda, databaseChangeLog=master.changelog.json}
?[m?[37m[INFO] 11:44:48,646 [Test worker] jvm.JdbcExecutor. - INSERT INTO PUBLIC.DATABASECHANGELOG (ID, AUTHOR, FILENAME, DATEEXECUTED, ORDEREXECUTED, MD5SUM, DESCRIPTION, COMMENTS, EXECTYPE, CONTEXTS, LABELS, LIQUIBASE, DEPLOYMENT_ID) VALUES ('add_timestamp_column_to_node_transactions', 'R3.Corda', 'migration/node-services.changelog-init.xml', NOW(), 91, '8:bc308c6c38c83b58a03f11f0943a944f', 'addColumn tableName=node_transactions', '', 'EXECUTED', NULL, NULL, '3.6.3', '2067488594') {changeSet=migration/node-services.changelog-init.xml::add_timestamp_column_to_node_transactions::R3.Corda, databaseChangeLog=master.changelog.json}
?[m?[37m[INFO] 11:44:48,646 [Test worker] migration.VaultStateMigration. - Migrating vault state data to V4 tables {changeSet=migration/vault-schema.changelog-v9.xml::update-vault-states::R3.Corda, databaseChangeLog=master.changelog.json}
?[m?[37m[INFO] 11:44:48,647 [Test worker] persistence.HibernateConfiguration. - Init HibernateConfiguration for schemas: [VaultMigrationSchemaV1(name=net.corda.node.migration.VaultMigrationSchema, version=1), VaultSchemaV1(name=net.corda.node.services.vault.VaultSchema, version=1)] {changeSet=migration/vault-schema.changelog-v9.xml::update-vault-states::R3.Corda, databaseChangeLog=master.changelog.json}
?[m?[37m[INFO] 11:44:48,647 [Test worker] factory.BaseSessionFactoryFactory. - Creating session factory for schemas: [VaultMigrationSchemaV1(name=net.corda.node.migration.VaultMigrationSchema, version=1), VaultSchemaV1(name=net.corda.node.services.vault.VaultSchema, version=1)] {changeSet=migration/vault-schema.changelog-v9.xml::update-vault-states::R3.Corda, databaseChangeLog=master.changelog.json}
?[m?[37m[INFO] 11:44:48,649 [Test worker] internal.ConnectionProviderInitiator. - HHH000130: Instantiating explicit connection provider: net.corda.nodeapi.internal.persistence.HibernateConfiguration$NodeDatabaseConnectionProvider {changeSet=migration/vault-schema.changelog-v9.xml::update-vault-states::R3.Corda, databaseChangeLog=master.changelog.json}
?[m?[37m[INFO] 11:44:48,649 [Test worker] dialect.Dialect. - HHH000400: Using dialect: org.hibernate.dialect.H2Dialect {changeSet=migration/vault-schema.changelog-v9.xml::update-vault-states::R3.Corda, databaseChangeLog=master.changelog.json}
?[m?[37m[INFO] 11:44:48,662 [Test worker] connections.access. - HHH10001501: Connection obtained from JdbcConnectionAccess [org.hibernate.engine.jdbc.env.internal.JdbcEnvironmentInitiator$ConnectionProviderJdbcConnectionAccess@4ed79e62] for (non-JTA) DDL execution was not in auto-commit mode; the Connection 'local transaction' will be committed and the Connection will be set into auto-commit mode. {changeSet=migration/vault-schema.changelog-v9.xml::update-vault-states::R3.Corda, databaseChangeLog=master.changelog.json}
?[m?[37m[INFO] 11:44:48,674 [Test worker] internal.JtaPlatformInitiator. - HHH000490: Using JtaPlatform implementation: [org.hibernate.engine.transaction.jta.platform.internal.NoJtaPlatform] {changeSet=migration/vault-schema.changelog-v9.xml::update-vault-states::R3.Corda, databaseChangeLog=master.changelog.json}
?[m?[37m[INFO] 11:44:48,674 [Test worker] factory.BaseSessionFactoryFactory. - Created session factory for schemas: [VaultMigrationSchemaV1(name=net.corda.node.migration.VaultMigrationSchema, version=1), VaultSchemaV1(name=net.corda.node.services.vault.VaultSchema, version=1)] {changeSet=migration/vault-schema.changelog-v9.xml::update-vault-states::R3.Corda, databaseChangeLog=master.changelog.json}
?[m?[37m[INFO] 11:44:48,679 [Test worker] migration.VaultStateMigration. - Finished performing vault state data migration for 0 states {changeSet=migration/vault-schema.changelog-v9.xml::update-vault-states::R3.Corda, databaseChangeLog=master.changelog.json}
?[m?[37m[INFO] 11:44:48,679 [Test worker] changelog.ChangeSet. - null {changeSet=migration/vault-schema.changelog-v9.xml::update-vault-states::R3.Corda, databaseChangeLog=master.changelog.json}
?[m?[37m[INFO] 11:44:48,679 [Test worker] changelog.ChangeSet. - ChangeSet migration/vault-schema.changelog-v9.xml::update-vault-states::R3.Corda ran successfully in 33ms {changeSet=migration/vault-schema.changelog-v9.xml::update-vault-states::R3.Corda, databaseChangeLog=master.changelog.json}
?[m?[37m[INFO] 11:44:48,679 [Test worker] jvm.JdbcExecutor. - INSERT INTO PUBLIC.DATABASECHANGELOG (ID, AUTHOR, FILENAME, DATEEXECUTED, ORDEREXECUTED, MD5SUM, DESCRIPTION, COMMENTS, EXECTYPE, CONTEXTS, LABELS, LIQUIBASE, DEPLOYMENT_ID) VALUES ('update-vault-states', 'R3.Corda', 'migration/vault-schema.changelog-v9.xml', NOW(), 92, '8:f8f4c73846280164daf6855e1ecf3cc6', 'customChange', '', 'EXECUTED', NULL, NULL, '3.6.3', '2067488594') {changeSet=migration/vault-schema.changelog-v9.xml::update-vault-states::R3.Corda, databaseChangeLog=master.changelog.json}
?[m?[37m[INFO] 11:44:48,680 [Test worker] migration.PersistentIdentityMigrationNewTable. - Migrating persistent identities with certificates table into persistent table with no certificate data. {changeSet=migration/node-services.changelog-init.xml::transfer-to-new-persistence-table::R3.Corda, databaseChangeLog=master.changelog.json}
?[m?[37m[INFO] 11:44:48,680 [Test worker] persistence.HibernateConfiguration. - Init HibernateConfiguration for schemas: [MappedSchema(name=net.corda.node.migration.PersistentIdentitiesMigrationSchema, version=1)] {changeSet=migration/node-services.changelog-init.xml::transfer-to-new-persistence-table::R3.Corda, databaseChangeLog=master.changelog.json}
?[m?[37m[INFO] 11:44:48,680 [Test worker] factory.BaseSessionFactoryFactory. - Creating session factory for schemas: [MappedSchema(name=net.corda.node.migration.PersistentIdentitiesMigrationSchema, version=1)] {changeSet=migration/node-services.changelog-init.xml::transfer-to-new-persistence-table::R3.Corda, databaseChangeLog=master.changelog.json}
?[m?[37m[INFO] 11:44:48,683 [Test worker] internal.ConnectionProviderInitiator. - HHH000130: Instantiating explicit connection provider: net.corda.nodeapi.internal.persistence.HibernateConfiguration$NodeDatabaseConnectionProvider {changeSet=migration/node-services.changelog-init.xml::transfer-to-new-persistence-table::R3.Corda, databaseChangeLog=master.changelog.json}
?[m?[37m[INFO] 11:44:48,683 [Test worker] dialect.Dialect. - HHH000400: Using dialect: org.hibernate.dialect.H2Dialect {changeSet=migration/node-services.changelog-init.xml::transfer-to-new-persistence-table::R3.Corda, databaseChangeLog=master.changelog.json}
?[m?[37m[INFO] 11:44:48,698 [Test worker] connections.access. - HHH10001501: Connection obtained from JdbcConnectionAccess [org.hibernate.engine.jdbc.env.internal.JdbcEnvironmentInitiator$ConnectionProviderJdbcConnectionAccess@24884038] for (non-JTA) DDL execution was not in auto-commit mode; the Connection 'local transaction' will be committed and the Connection will be set into auto-commit mode. {changeSet=migration/node-services.changelog-init.xml::transfer-to-new-persistence-table::R3.Corda, databaseChangeLog=master.changelog.json}
?[m?[37m[INFO] 11:44:48,717 [Test worker] internal.JtaPlatformInitiator. - HHH000490: Using JtaPlatform implementation: [org.hibernate.engine.transaction.jta.platform.internal.NoJtaPlatform] {changeSet=migration/node-services.changelog-init.xml::transfer-to-new-persistence-table::R3.Corda, databaseChangeLog=master.changelog.json}
?[m?[37m[INFO] 11:44:48,717 [Test worker] factory.BaseSessionFactoryFactory. - Created session factory for schemas: [MappedSchema(name=net.corda.node.migration.PersistentIdentitiesMigrationSchema, version=1)] {changeSet=migration/node-services.changelog-init.xml::transfer-to-new-persistence-table::R3.Corda, databaseChangeLog=master.changelog.json}
?[m?[37m[INFO] 11:44:48,717 [Test worker] changelog.ChangeSet. - null {changeSet=migration/node-services.changelog-init.xml::transfer-to-new-persistence-table::R3.Corda, databaseChangeLog=master.changelog.json}
?[m?[37m[INFO] 11:44:48,717 [Test worker] changelog.ChangeSet. - ChangeSet migration/node-services.changelog-init.xml::transfer-to-new-persistence-table::R3.Corda ran successfully in 37ms {changeSet=migration/node-services.changelog-init.xml::transfer-to-new-persistence-table::R3.Corda, databaseChangeLog=master.changelog.json}
?[m?[37m[INFO] 11:44:48,718 [Test worker] jvm.JdbcExecutor. - INSERT INTO PUBLIC.DATABASECHANGELOG (ID, AUTHOR, FILENAME, DATEEXECUTED, ORDEREXECUTED, MD5SUM, DESCRIPTION, COMMENTS, EXECTYPE, CONTEXTS, LABELS, LIQUIBASE, DEPLOYMENT_ID) VALUES ('transfer-to-new-persistence-table', 'R3.Corda', 'migration/node-services.changelog-init.xml', NOW(), 93, '8:dc5c1913b593f4a2b95ddca810da11ba', 'customChange', '', 'EXECUTED', NULL, NULL, '3.6.3', '2067488594') {changeSet=migration/node-services.changelog-init.xml::transfer-to-new-persistence-table::R3.Corda, databaseChangeLog=master.changelog.json}
?[m?[37m[INFO] 11:44:48,718 [Test worker] lockservice.StandardLockService. - Successfully released change log lock
?[m?[37m[INFO] 11:44:48,718 [Test worker] internal.InternalMockNetwork$MockNode. - Connected to H2 database.
?[m?[37m[INFO] 11:44:48,720 [Test worker] persistence.HibernateConfiguration. - Init HibernateConfiguration for schemas: [CommonSchemaV1(name=net.corda.core.schemas.CommonSchema, version=1), VaultSchemaV1(name=net.corda.node.services.vault.VaultSchema, version=1), NodeInfoSchemaV1(name=net.corda.node.internal.schemas.NodeInfoSchema, version=1), NodeCoreV1(name=net.corda.node.services.schema.NodeSchemaService$NodeCore, version=1), AccountsContractsSchemaV1(name=com.r3.corda.lib.accounts.contracts.internal.schemas.AccountsContractsSchema, version=1), AccountsWorkflowsSchemaV1(name=com.r3.corda.lib.accounts.workflows.internal.schemas.AccountsWorkflowsSchema, version=1), FungibleTokenSchemaV1(name=com.r3.corda.lib.tokens.contracts.internal.schemas.FungibleTokenSchema, version=1), NonFungibleTokenSchemaV1(name=com.r3.corda.lib.tokens.contracts.internal.schemas.NonFungibleTokenSchema, version=1), TokenSchemaV1(name=com.r3.corda.lib.tokens.contracts.schemas.TokenSchema, version=1), DistributionRecordSchemaV1(name=com.r3.corda.lib.tokens.workflows.internal.schemas.DistributionRecordSchema, version=1)]
?[m?[37m[INFO] 11:44:48,720 [Test worker] factory.BaseSessionFactoryFactory. - Creating session factory for schemas: [CommonSchemaV1(name=net.corda.core.schemas.CommonSchema, version=1), VaultSchemaV1(name=net.corda.node.services.vault.VaultSchema, version=1), NodeInfoSchemaV1(name=net.corda.node.internal.schemas.NodeInfoSchema, version=1), NodeCoreV1(name=net.corda.node.services.schema.NodeSchemaService$NodeCore, version=1), AccountsContractsSchemaV1(name=com.r3.corda.lib.accounts.contracts.internal.schemas.AccountsContractsSchema, version=1), AccountsWorkflowsSchemaV1(name=com.r3.corda.lib.accounts.workflows.internal.schemas.AccountsWorkflowsSchema, version=1), FungibleTokenSchemaV1(name=com.r3.corda.lib.tokens.contracts.internal.schemas.FungibleTokenSchema, version=1), NonFungibleTokenSchemaV1(name=com.r3.corda.lib.tokens.contracts.internal.schemas.NonFungibleTokenSchema, version=1), TokenSchemaV1(name=com.r3.corda.lib.tokens.contracts.schemas.TokenSchema, version=1), DistributionRecordSchemaV1(name=com.r3.corda.lib.tokens.workflows.internal.schemas.DistributionRecordSchema, version=1)]
?[m?[37m[INFO] 11:44:48,726 [Test worker] internal.ConnectionProviderInitiator. - HHH000130: Instantiating explicit connection provider: net.corda.nodeapi.internal.persistence.HibernateConfiguration$NodeDatabaseConnectionProvider
?[m?[37m[INFO] 11:44:48,727 [Test worker] dialect.Dialect. - HHH000400: Using dialect: org.hibernate.dialect.H2Dialect
?[m?[37m[INFO] 11:44:48,775 [Test worker] connections.access. - HHH10001501: Connection obtained from JdbcConnectionAccess [org.hibernate.engine.jdbc.env.internal.JdbcEnvironmentInitiator$ConnectionProviderJdbcConnectionAccess@35c50951] for (non-JTA) DDL execution was not in auto-commit mode; the Connection 'local transaction' will be committed and the Connection will be set into auto-commit mode.
?[m?[37m[INFO] 11:44:48,806 [Test worker] internal.JtaPlatformInitiator. - HHH000490: Using JtaPlatform implementation: [org.hibernate.engine.transaction.jta.platform.internal.NoJtaPlatform]
?[m?[37m[INFO] 11:44:48,806 [Test worker] factory.BaseSessionFactoryFactory. - Created session factory for schemas: [CommonSchemaV1(name=net.corda.core.schemas.CommonSchema, version=1), VaultSchemaV1(name=net.corda.node.services.vault.VaultSchema, version=1), NodeInfoSchemaV1(name=net.corda.node.internal.schemas.NodeInfoSchema, version=1), NodeCoreV1(name=net.corda.node.services.schema.NodeSchemaService$NodeCore, version=1), AccountsContractsSchemaV1(name=com.r3.corda.lib.accounts.contracts.internal.schemas.AccountsContractsSchema, version=1), AccountsWorkflowsSchemaV1(name=com.r3.corda.lib.accounts.workflows.internal.schemas.AccountsWorkflowsSchema, version=1), FungibleTokenSchemaV1(name=com.r3.corda.lib.tokens.contracts.internal.schemas.FungibleTokenSchema, version=1), NonFungibleTokenSchemaV1(name=com.r3.corda.lib.tokens.contracts.internal.schemas.NonFungibleTokenSchema, version=1), TokenSchemaV1(name=com.r3.corda.lib.tokens.contracts.schemas.TokenSchema, version=1), DistributionRecordSchemaV1(name=com.r3.corda.lib.tokens.workflows.internal.schemas.DistributionRecordSchema, version=1)]
?[m?[37m[INFO] 11:44:48,806 [Test worker] internal.InternalMockNetwork$MockNode. - identity-private-key not found in key store, generating fresh key!
?[m?[37m[INFO] 11:44:48,818 [Test worker] internal.InternalMockNetwork$MockNode. - Node-info has changed so submitting update. Old node-info was null
?[m?[37m[INFO] 11:44:48,818 [Test worker] network.PersistentNetworkMapCache. - Adding node with info: NodeInfo(addresses=[mock.node:1000], legalIdentitiesAndCerts=[O=CHARLIE, L=London, C=GB], platformVersion=7, serial=1602067488818)
?[m?[37m[INFO] 11:44:48,818 [Test worker] network.PersistentNetworkMapCache. - No previous node found for O=CHARLIE, L=London, C=GB
?[m?[37m[INFO] 11:44:48,822 [Test worker] internal.InternalMockNetwork$MockNode. - New node-info: NodeInfo(addresses=[mock.node:1000], legalIdentitiesAndCerts=[O=CHARLIE, L=London, C=GB], platformVersion=7, serial=1602067488818)
?[m?[37m[INFO] 11:44:48,824 [Test worker] network.NetworkMapUpdater. - Auto-accept enabled for network parameter changes which modify only: [epoch, modifiedTime, packageOwnership, whitelistedContractImplementations]
?[m?[37m[INFO] 11:44:48,825 [Test worker] internal.MockNodeMessagingService. - Status change to true
?[m?[37m[INFO] 11:44:48,825 [Test worker] internal.InternalMockNetwork$MockNode. - MessagingService active change to: true
?[m?[37m[INFO] 11:44:48,827 [MockNode-60-2] network.PersistentNetworkMapCache. - Adding node with info: NodeInfo(addresses=[mock.node:1000], legalIdentitiesAndCerts=[O=CHARLIE, L=London, C=GB], platformVersion=7, serial=1602067488818)
?[m?[37m[INFO] 11:44:48,829 [MockNode-60-2] network.PersistentNetworkMapCache. - Previous node was identical to incoming one - doing nothing
?[m?[37m[INFO] 11:44:48,838 [Test worker] ClassloaderUtils. - Contracts loading for '/var/folders/25/rhm4m5t16xjclwm998ppz_b40000gp/T/attachment9196891109832993429.jar' took 2 msec
?[m?[37m[INFO] 11:44:48,844 [Test worker] persistence.NodeAttachmentService. - Stored new attachment: id=D370FD972C7E07CE73F4F9B7886D226807F6B16C4EE287398B9C69384109DC14 uploader=app filename=Accounts SDK - States and Contracts
?[m?[37m[INFO] 11:44:48,847 [Test worker] ClassloaderUtils. - Contracts loading for '/var/folders/25/rhm4m5t16xjclwm998ppz_b40000gp/T/attachment5478735871846721373.jar' took 2 msec
?[m?[37m[INFO] 11:44:48,859 [Test worker] persistence.NodeAttachmentService. - Stored new attachment: id=A836B59D71384FC77EEE038AD03646FE8D1634D6C63B09FF03D29AA107D55B81 uploader=app filename=re-issuance - contracts
?[m?[37m[INFO] 11:44:48,862 [Test worker] ClassloaderUtils. - Contracts loading for '/var/folders/25/rhm4m5t16xjclwm998ppz_b40000gp/T/attachment7986953137206108033.jar' took 2 msec
?[m?[37m[INFO] 11:44:48,874 [Test worker] persistence.NodeAttachmentService. - Stored new attachment: id=34705DC9A2C8599998BBDBA7C3D13609AF04D8B3A772F7134D685ECC926D8320 uploader=app filename=Token SDK Contracts
?[m?[37m[INFO] 11:44:48,875 [Test worker] internal.InternalMockNetwork$MockNode. - Installed com.r3.corda.lib.accounts.workflows.services.KeyManagementBackedAccountService Corda service
?[m?[37m[INFO] 11:44:48,875 [Test worker] internal.InternalMockNetwork$MockNode. - Installed com.r3.corda.lib.tokens.selection.memory.services.VaultMigratorService Corda service
?[m?[37m[INFO] 11:44:48,875 [Test worker] cordapp.CordappConfigFileProvider. - Found config for cordapp tokens-workflows-1.2 in build/mock-network/20201007-104445.669/nodes/4/cordapps/config/tokens-workflows-1.2.conf
?[m?[31m[WARN] 11:44:48,875 [Test worker] inMemoryConfigSelectionLogger. - Did not detect a configuration for InMemory selection - enabling memory usage for token indexing. Please set stateSelection.inMemory.enabled to "false" to disable this
?[m?[31m[WARN] 11:44:48,875 [Test worker] inMemoryConfigSelectionLogger. - No indexing method specified. Indexes will be created at run-time for each invocation of selectTokens
?[m?[37m[INFO] 11:44:48,875 [Test worker] inMemoryConfigSelectionLogger. - Found in memory token selection configuration with values indexing strategy: [], cacheSize: 1024
?[m?[31m[WARN] 11:44:48,875 [Test worker] vault.NodeVaultService. - trackBy is called with an already existing, open DB transaction. As a result, there might be states missing from both the snapshot and observable, included in the returned data feed, because of race conditions.
?[m?[31m[WARN] 11:44:48,877 [Test worker] inMemoryConfigSelectionLogger. - Did not detect a configuration for InMemory selection - enabling memory usage for token indexing. Please set stateSelection.inMemory.enabled to "false" to disable this
?[m?[31m[WARN] 11:44:48,877 [Test worker] inMemoryConfigSelectionLogger. - No indexing method specified. Indexes will be created at run-time for each invocation of selectTokens
?[m?[37m[INFO] 11:44:48,877 [Test worker] inMemoryConfigSelectionLogger. - Found in memory token selection configuration with values indexing strategy: [], cacheSize: 1024
?[m?[37m[INFO] 11:44:48,877 [Test worker] services.VaultWatcherService. - Starting async token loading from vault
?[m?[37m[INFO] 11:44:48,877 [Test worker] internal.InternalMockNetwork$MockNode. - Installed com.r3.corda.lib.tokens.selection.memory.services.VaultWatcherService Corda service
?[m?[37m[INFO] 11:44:48,877 [Test worker] internal.InternalMockNetwork$MockNode. - Installed com.r3.dr.ledgergraph.attachment.AttachmentReaderService Corda service
?[m?[37m[INFO] 11:44:48,877 [Test worker] internal.InternalMockNetwork$MockNode. - Installed com.r3.dr.ledgergraph.networkparameters.NetworkParametersReaderService Corda service
?[m?[37m[INFO] 11:44:48,877 [Test worker] internal.InternalMockNetwork$MockNode. - Installed com.r3.dr.ledgergraph.services.ConfigurationService Corda service
?[m?[37m[INFO] 11:44:48,877 [Test worker] internal.InternalMockNetwork$MockNode. - Installed com.r3.dr.ledgergraph.services.LedgerGraphJMXService Corda service
?[m?[37m[INFO] 11:44:48,877 [Test worker] internal.InternalMockNetwork$MockNode. - Installed com.r3.dr.ledgergraph.services.LedgerGraphService Corda service
?[m?[37m[INFO] 11:44:48,877 [Test worker] internal.InternalMockNetwork$MockNode. - Installed com.r3.dr.ledgergraph.transaction.TransactionReaderService Corda service
?[m?[37m[INFO] 11:44:48,879 [pool-10-thread-1] services.VaultWatcherService. - publishing 0 to async state loading callback
?[m?[37m[INFO] 11:44:48,879 [pool-10-thread-1] services.VaultWatcherService. - received token vault update with 0 consumed states and: 0 produced states
?[m?[37m[INFO] 11:44:48,879 [pool-10-thread-1] services.VaultWatcherService. - finished token loading
?[m?[37m[INFO] 11:44:48,879 [Test worker] statemachine.SingleThreadedStateMachineManager. - Node ready, info: NodeInfo(addresses=[mock.node:1000], legalIdentitiesAndCerts=[O=CHARLIE, L=London, C=GB], platformVersion=7, serial=1602067488818)
?[m?[37m[INFO] 11:44:48,881 [Test worker] network.PersistentNetworkMapCache. - Adding node with info: NodeInfo(addresses=[mock.node:1000], legalIdentitiesAndCerts=[O=Notary Service, L=Zurich, C=CH], platformVersion=7, serial=1602067486230)
?[m?[37m[INFO] 11:44:48,881 [Test worker] network.PersistentNetworkMapCache. - No previous node found for O=Notary Service, L=Zurich, C=CH
?[m?[37m[INFO] 11:44:48,883 [Thread-285] cordapp.CordappConfigFileProvider. - Found config for cordapp ledger-graph-1.2-SNAPSHOT in build/mock-network/20201007-104445.669/nodes/4/cordapps/config/ledger-graph-1.2-SNAPSHOT.conf
?[m?[37m[INFO] 11:44:48,883 [Thread-285] services.LedgerGraphService. - Configured transaction iterator page size: 100.
?[m?[37m[INFO] 11:44:48,883 [Thread-285] services.LedgerGraphService. - Configured transaction iterator pool size: 10.
?[m?[37m[INFO] 11:44:48,883 [Thread-285] services.LedgerGraphService. - Getting database transaction count...
?[m?[37m[INFO] 11:44:48,883 [Test worker] network.PersistentNetworkMapCache. - Adding node with info: NodeInfo(addresses=[mock.node:1000], legalIdentitiesAndCerts=[O=CHARLIE, L=London, C=GB], platformVersion=7, serial=1602067488818)
?[m?[37m[INFO] 11:44:48,884 [Test worker] network.PersistentNetworkMapCache. - No previous node found for O=CHARLIE, L=London, C=GB
?[m?[37m[INFO] 11:44:48,885 [Thread-285] services.LedgerGraphService. - Loading 0 transactions from database...
?[m?[37m[INFO] 11:44:48,886 [Thread-285] services.LedgerGraphService. - Done loading transactions from database after 0s.
?[m?[37m[INFO] 11:44:48,886 [Thread-285] services.LedgerGraphService. - The LedgerGraph service has now successfully been initialized.
?[m?[37m[INFO] 11:44:48,886 [Test worker] network.PersistentNetworkMapCache. - Adding node with info: NodeInfo(addresses=[mock.node:1000], legalIdentitiesAndCerts=[O=ISSUER, L=London, C=GB], platformVersion=7, serial=1602067486825)
?[m?[37m[INFO] 11:44:48,886 [Test worker] network.PersistentNetworkMapCache. - No previous node found for O=ISSUER, L=London, C=GB
?[m?[37m[INFO] 11:44:48,888 [Test worker] network.PersistentNetworkMapCache. - Adding node with info: NodeInfo(addresses=[mock.node:1000], legalIdentitiesAndCerts=[O=CHARLIE, L=London, C=GB], platformVersion=7, serial=1602067488818)
?[m?[37m[INFO] 11:44:48,888 [Test worker] network.PersistentNetworkMapCache. - No previous node found for O=CHARLIE, L=London, C=GB
?[m?[37m[INFO] 11:44:48,890 [Test worker] network.PersistentNetworkMapCache. - Adding node with info: NodeInfo(addresses=[mock.node:1000], legalIdentitiesAndCerts=[O=ALICE, L=London, C=GB], platformVersion=7, serial=1602067487513)
?[m?[37m[INFO] 11:44:48,891 [Test worker] network.PersistentNetworkMapCache. - No previous node found for O=ALICE, L=London, C=GB
?[m?[37m[INFO] 11:44:48,893 [Test worker] network.PersistentNetworkMapCache. - Adding node with info: NodeInfo(addresses=[mock.node:1000], legalIdentitiesAndCerts=[O=CHARLIE, L=London, C=GB], platformVersion=7, serial=1602067488818)
?[m?[37m[INFO] 11:44:48,893 [Test worker] network.PersistentNetworkMapCache. - No previous node found for O=CHARLIE, L=London, C=GB
?[m?[37m[INFO] 11:44:48,895 [Test worker] network.PersistentNetworkMapCache. - Adding node with info: NodeInfo(addresses=[mock.node:1000], legalIdentitiesAndCerts=[O=BOB, L=London, C=GB], platformVersion=7, serial=1602067488163)
?[m?[37m[INFO] 11:44:48,895 [Test worker] network.PersistentNetworkMapCache. - No previous node found for O=BOB, L=London, C=GB
?[m?[37m[INFO] 11:44:48,897 [Test worker] network.PersistentNetworkMapCache. - Adding node with info: NodeInfo(addresses=[mock.node:1000], legalIdentitiesAndCerts=[O=CHARLIE, L=London, C=GB], platformVersion=7, serial=1602067488818)
?[m?[37m[INFO] 11:44:48,898 [Test worker] network.PersistentNetworkMapCache. - No previous node found for O=CHARLIE, L=London, C=GB
?[m?[37m[INFO] 11:44:48,900 [Test worker] network.PersistentNetworkMapCache. - Adding node with info: NodeInfo(addresses=[mock.node:1000], legalIdentitiesAndCerts=[O=CHARLIE, L=London, C=GB], platformVersion=7, serial=1602067488818)
?[m?[37m[INFO] 11:44:48,900 [Test worker] network.PersistentNetworkMapCache. - Previous node was identical to incoming one - doing nothing
?[m?[37m[INFO] 11:44:48,900 [Test worker] network.PersistentNetworkMapCache. - Adding node with info: NodeInfo(addresses=[mock.node:1000], legalIdentitiesAndCerts=[O=CHARLIE, L=London, C=GB], platformVersion=7, serial=1602067488818)
?[m?[37m[INFO] 11:44:48,900 [Test worker] network.PersistentNetworkMapCache. - Previous node was identical to incoming one - doing nothing
?[m?[37m[INFO] 11:44:48,907 [Test worker] persistence.CordaPersistence. - Closing HikariDataSource (HikariPool-56)
?[m?[37m[INFO] 11:44:48,907 [Test worker] hikari.HikariDataSource. - HikariPool-56 - Shutdown initiated...
?[m?[37m[INFO] 11:44:48,909 [Test worker] hikari.HikariDataSource. - HikariPool-56 - Shutdown completed.
?[m?[37m[INFO] 11:44:48,910 [Test worker] persistence.CordaPersistence. - Closing HikariDataSource (HikariPool-57)
?[m?[37m[INFO] 11:44:48,910 [Test worker] hikari.HikariDataSource. - HikariPool-57 - Shutdown initiated...
?[m?[37m[INFO] 11:44:48,911 [Test worker] hikari.HikariDataSource. - HikariPool-57 - Shutdown completed.
?[m?[37m[INFO] 11:44:48,912 [Test worker] persistence.CordaPersistence. - Closing HikariDataSource (HikariPool-58)
?[m?[37m[INFO] 11:44:48,912 [Test worker] hikari.HikariDataSource. - HikariPool-58 - Shutdown initiated...
?[m?[37m[INFO] 11:44:48,913 [Test worker] hikari.HikariDataSource. - HikariPool-58 - Shutdown completed.
?[m]]></system-out>
  <system-err><![CDATA[]]></system-err>
</testsuite>
